[2025-04-26T11:55:33.643+0000] {local_task_job_runner.py:123} INFO - ::group::Pre task execution logs
[2025-04-26T11:55:33.650+0000] {taskinstance.py:2614} INFO - Dependencies all met for dep_context=non-requeueable deps ti=<TaskInstance: fetch_and_store_amazon_books.fetch_book_data manual__2025-04-26T11:55:30.760308+00:00 [queued]>
[2025-04-26T11:55:33.653+0000] {taskinstance.py:2614} INFO - Dependencies all met for dep_context=requeueable deps ti=<TaskInstance: fetch_and_store_amazon_books.fetch_book_data manual__2025-04-26T11:55:30.760308+00:00 [queued]>
[2025-04-26T11:55:33.654+0000] {taskinstance.py:2867} INFO - Starting attempt 1 of 2
[2025-04-26T11:55:33.659+0000] {taskinstance.py:2890} INFO - Executing <Task(PythonOperator): fetch_book_data> on 2025-04-26 11:55:30.760308+00:00
[2025-04-26T11:55:33.681+0000] {warnings.py:112} WARNING - /home/***/.local/lib/python3.12/site-packages/***/task/task_runner/standard_task_runner.py:70: DeprecationWarning: This process (pid=806) is multi-threaded, use of fork() may lead to deadlocks in the child.
  pid = os.fork()

[2025-04-26T11:55:33.683+0000] {standard_task_runner.py:72} INFO - Started process 807 to run task
[2025-04-26T11:55:33.684+0000] {standard_task_runner.py:104} INFO - Running: ['***', 'tasks', 'run', 'fetch_and_store_amazon_books', 'fetch_book_data', 'manual__2025-04-26T11:55:30.760308+00:00', '--job-id', '29', '--raw', '--subdir', 'DAGS_FOLDER/dag.py', '--cfg-path', '/tmp/tmpufyypemr']
[2025-04-26T11:55:33.685+0000] {standard_task_runner.py:105} INFO - Job 29: Subtask fetch_book_data
[2025-04-26T11:55:33.726+0000] {task_command.py:467} INFO - Running <TaskInstance: fetch_and_store_amazon_books.fetch_book_data manual__2025-04-26T11:55:30.760308+00:00 [running]> on host 8126dadb0889
[2025-04-26T11:55:33.767+0000] {taskinstance.py:3134} INFO - Exporting env vars: AIRFLOW_CTX_DAG_OWNER='***' AIRFLOW_CTX_DAG_ID='fetch_and_store_amazon_books' AIRFLOW_CTX_TASK_ID='fetch_book_data' AIRFLOW_CTX_EXECUTION_DATE='2025-04-26T11:55:30.760308+00:00' AIRFLOW_CTX_TRY_NUMBER='1' AIRFLOW_CTX_DAG_RUN_ID='manual__2025-04-26T11:55:30.760308+00:00'
[2025-04-26T11:55:33.768+0000] {logging_mixin.py:190} INFO - Task instance is in running state
[2025-04-26T11:55:33.768+0000] {logging_mixin.py:190} INFO -  Previous state of the Task instance: queued
[2025-04-26T11:55:33.768+0000] {logging_mixin.py:190} INFO - Current task name:fetch_book_data state:running start_date:2025-04-26 11:55:33.650590+00:00
[2025-04-26T11:55:33.768+0000] {logging_mixin.py:190} INFO - Dag name:fetch_and_store_amazon_books and current dag run status:running
[2025-04-26T11:55:33.769+0000] {taskinstance.py:732} INFO - ::endgroup::
[2025-04-26T11:55:34.117+0000] {logging_mixin.py:190} INFO - Failed to retrieve the page
[2025-04-26T11:55:34.186+0000] {python.py:240} INFO - Done. Returned value was: None
[2025-04-26T11:55:34.207+0000] {taskinstance.py:341} INFO - ::group::Post task execution logs
[2025-04-26T11:55:34.209+0000] {taskinstance.py:353} INFO - Marking task as SUCCESS. dag_id=fetch_and_store_amazon_books, task_id=fetch_book_data, run_id=manual__2025-04-26T11:55:30.760308+00:00, execution_date=20250426T115530, start_date=20250426T115533, end_date=20250426T115534
[2025-04-26T11:55:34.244+0000] {logging_mixin.py:190} INFO - Task instance in success state
[2025-04-26T11:55:34.244+0000] {logging_mixin.py:190} INFO -  Previous state of the Task instance: running
[2025-04-26T11:55:34.244+0000] {logging_mixin.py:190} INFO - Dag name:fetch_and_store_amazon_books queued_at:2025-04-26 11:55:30.781944+00:00
[2025-04-26T11:55:34.244+0000] {logging_mixin.py:190} INFO - Task hostname:8126dadb0889 operator:PythonOperator
[2025-04-26T11:55:34.280+0000] {local_task_job_runner.py:266} INFO - Task exited with return code 0
[2025-04-26T11:55:34.308+0000] {taskinstance.py:3901} INFO - 1 downstream tasks scheduled from follow-on schedule check
[2025-04-26T11:55:34.309+0000] {local_task_job_runner.py:245} INFO - ::endgroup::
