[2025-04-26T11:14:56.605+0000] {local_task_job_runner.py:123} INFO - ::group::Pre task execution logs
[2025-04-26T11:14:56.612+0000] {taskinstance.py:2614} INFO - Dependencies all met for dep_context=non-requeueable deps ti=<TaskInstance: fetch_and_store_amazon_books.fetch_book_data scheduled__2025-04-25T00:00:00+00:00 [queued]>
[2025-04-26T11:14:56.615+0000] {taskinstance.py:2614} INFO - Dependencies all met for dep_context=requeueable deps ti=<TaskInstance: fetch_and_store_amazon_books.fetch_book_data scheduled__2025-04-25T00:00:00+00:00 [queued]>
[2025-04-26T11:14:56.616+0000] {taskinstance.py:2867} INFO - Starting attempt 1 of 2
[2025-04-26T11:14:56.622+0000] {taskinstance.py:2890} INFO - Executing <Task(PythonOperator): fetch_book_data> on 2025-04-25 00:00:00+00:00
[2025-04-26T11:14:56.645+0000] {warnings.py:112} WARNING - /home/***/.local/lib/python3.12/site-packages/***/task/task_runner/standard_task_runner.py:70: DeprecationWarning: This process (pid=228) is multi-threaded, use of fork() may lead to deadlocks in the child.
  pid = os.fork()

[2025-04-26T11:14:56.647+0000] {standard_task_runner.py:72} INFO - Started process 230 to run task
[2025-04-26T11:14:56.648+0000] {standard_task_runner.py:104} INFO - Running: ['***', 'tasks', 'run', 'fetch_and_store_amazon_books', 'fetch_book_data', 'scheduled__2025-04-25T00:00:00+00:00', '--job-id', '13', '--raw', '--subdir', 'DAGS_FOLDER/dag.py', '--cfg-path', '/tmp/tmp88ic2905']
[2025-04-26T11:14:56.649+0000] {standard_task_runner.py:105} INFO - Job 13: Subtask fetch_book_data
[2025-04-26T11:14:56.682+0000] {task_command.py:467} INFO - Running <TaskInstance: fetch_and_store_amazon_books.fetch_book_data scheduled__2025-04-25T00:00:00+00:00 [running]> on host 8126dadb0889
[2025-04-26T11:14:56.763+0000] {taskinstance.py:3134} INFO - Exporting env vars: AIRFLOW_CTX_DAG_OWNER='***' AIRFLOW_CTX_DAG_ID='fetch_and_store_amazon_books' AIRFLOW_CTX_TASK_ID='fetch_book_data' AIRFLOW_CTX_EXECUTION_DATE='2025-04-25T00:00:00+00:00' AIRFLOW_CTX_TRY_NUMBER='1' AIRFLOW_CTX_DAG_RUN_ID='scheduled__2025-04-25T00:00:00+00:00'
[2025-04-26T11:14:56.765+0000] {logging_mixin.py:190} INFO - Task instance is in running state
[2025-04-26T11:14:56.765+0000] {logging_mixin.py:190} INFO -  Previous state of the Task instance: queued
[2025-04-26T11:14:56.765+0000] {logging_mixin.py:190} INFO - Current task name:fetch_book_data state:running start_date:2025-04-26 11:14:56.612795+00:00
[2025-04-26T11:14:56.765+0000] {logging_mixin.py:190} INFO - Dag name:fetch_and_store_amazon_books and current dag run status:running
[2025-04-26T11:14:56.765+0000] {taskinstance.py:732} INFO - ::endgroup::
[2025-04-26T11:17:05.852+0000] {logging_mixin.py:190} INFO - Failed to retrieve the page
[2025-04-26T11:17:05.918+0000] {python.py:240} INFO - Done. Returned value was: None
[2025-04-26T11:17:05.933+0000] {taskinstance.py:341} INFO - ::group::Post task execution logs
[2025-04-26T11:17:05.934+0000] {taskinstance.py:353} INFO - Marking task as SUCCESS. dag_id=fetch_and_store_amazon_books, task_id=fetch_book_data, run_id=scheduled__2025-04-25T00:00:00+00:00, execution_date=20250425T000000, start_date=20250426T111456, end_date=20250426T111705
[2025-04-26T11:17:05.951+0000] {logging_mixin.py:190} INFO - Task instance in success state
[2025-04-26T11:17:05.951+0000] {logging_mixin.py:190} INFO -  Previous state of the Task instance: running
[2025-04-26T11:17:05.952+0000] {logging_mixin.py:190} INFO - Dag name:fetch_and_store_amazon_books queued_at:2025-04-26 11:14:51.549755+00:00
[2025-04-26T11:17:05.952+0000] {logging_mixin.py:190} INFO - Task hostname:8126dadb0889 operator:PythonOperator
[2025-04-26T11:17:06.008+0000] {local_task_job_runner.py:266} INFO - Task exited with return code 0
[2025-04-26T11:17:06.050+0000] {taskinstance.py:3901} INFO - 1 downstream tasks scheduled from follow-on schedule check
[2025-04-26T11:17:06.051+0000] {local_task_job_runner.py:245} INFO - ::endgroup::
