[2025-03-14T21:35:10.476+0000] {processor.py:186} INFO - Started process (PID=100) to work on /home/airflow/.local/lib/python3.12/site-packages/airflow/example_dags/example_external_task_marker_dag.py
[2025-03-14T21:35:10.477+0000] {processor.py:914} INFO - Processing file /home/airflow/.local/lib/python3.12/site-packages/airflow/example_dags/example_external_task_marker_dag.py for tasks to queue
[2025-03-14T21:35:10.478+0000] {logging_mixin.py:190} INFO - [2025-03-14T21:35:10.478+0000] {dagbag.py:588} INFO - Filling up the DagBag from /home/airflow/.local/lib/python3.12/site-packages/airflow/example_dags/example_external_task_marker_dag.py
[2025-03-14T21:35:10.485+0000] {processor.py:925} INFO - DAG(s) 'example_external_task_marker_parent', 'example_external_task_marker_child' retrieved from /home/airflow/.local/lib/python3.12/site-packages/airflow/example_dags/example_external_task_marker_dag.py
[2025-03-14T21:35:10.559+0000] {logging_mixin.py:190} INFO - [2025-03-14T21:35:10.558+0000] {override.py:1912} INFO - Created Permission View: can edit on DAG:example_external_task_marker_parent
[2025-03-14T21:35:10.564+0000] {logging_mixin.py:190} INFO - [2025-03-14T21:35:10.563+0000] {override.py:1912} INFO - Created Permission View: can delete on DAG:example_external_task_marker_parent
[2025-03-14T21:35:10.567+0000] {logging_mixin.py:190} INFO - [2025-03-14T21:35:10.567+0000] {override.py:1912} INFO - Created Permission View: can read on DAG:example_external_task_marker_parent
[2025-03-14T21:35:10.570+0000] {logging_mixin.py:190} INFO - [2025-03-14T21:35:10.570+0000] {override.py:1912} INFO - Created Permission View: menu access on DAG Run:example_external_task_marker_parent
[2025-03-14T21:35:10.572+0000] {logging_mixin.py:190} INFO - [2025-03-14T21:35:10.572+0000] {override.py:1912} INFO - Created Permission View: can create on DAG Run:example_external_task_marker_parent
[2025-03-14T21:35:10.575+0000] {logging_mixin.py:190} INFO - [2025-03-14T21:35:10.575+0000] {override.py:1912} INFO - Created Permission View: can delete on DAG Run:example_external_task_marker_parent
[2025-03-14T21:35:10.578+0000] {logging_mixin.py:190} INFO - [2025-03-14T21:35:10.578+0000] {override.py:1912} INFO - Created Permission View: can read on DAG Run:example_external_task_marker_parent
[2025-03-14T21:35:10.587+0000] {logging_mixin.py:190} INFO - [2025-03-14T21:35:10.587+0000] {override.py:1912} INFO - Created Permission View: can edit on DAG:example_external_task_marker_child
[2025-03-14T21:35:10.590+0000] {logging_mixin.py:190} INFO - [2025-03-14T21:35:10.590+0000] {override.py:1912} INFO - Created Permission View: can delete on DAG:example_external_task_marker_child
[2025-03-14T21:35:10.592+0000] {logging_mixin.py:190} INFO - [2025-03-14T21:35:10.592+0000] {override.py:1912} INFO - Created Permission View: can read on DAG:example_external_task_marker_child
[2025-03-14T21:35:10.594+0000] {logging_mixin.py:190} INFO - [2025-03-14T21:35:10.594+0000] {override.py:1912} INFO - Created Permission View: menu access on DAG Run:example_external_task_marker_child
[2025-03-14T21:35:10.596+0000] {logging_mixin.py:190} INFO - [2025-03-14T21:35:10.596+0000] {override.py:1912} INFO - Created Permission View: can create on DAG Run:example_external_task_marker_child
[2025-03-14T21:35:10.598+0000] {logging_mixin.py:190} INFO - [2025-03-14T21:35:10.598+0000] {override.py:1912} INFO - Created Permission View: can delete on DAG Run:example_external_task_marker_child
[2025-03-14T21:35:10.600+0000] {logging_mixin.py:190} INFO - [2025-03-14T21:35:10.600+0000] {override.py:1912} INFO - Created Permission View: can read on DAG Run:example_external_task_marker_child
[2025-03-14T21:35:10.600+0000] {logging_mixin.py:190} INFO - [2025-03-14T21:35:10.600+0000] {dag.py:3239} INFO - Sync 2 DAGs
[2025-03-14T21:35:10.606+0000] {logging_mixin.py:190} INFO - [2025-03-14T21:35:10.606+0000] {dag.py:3262} INFO - Creating ORM DAG for example_external_task_marker_child
[2025-03-14T21:35:10.606+0000] {logging_mixin.py:190} INFO - [2025-03-14T21:35:10.606+0000] {dag.py:3262} INFO - Creating ORM DAG for example_external_task_marker_parent
[2025-03-14T21:35:10.606+0000] {logging_mixin.py:190} INFO - [2025-03-14T21:35:10.606+0000] {dag.py:4180} INFO - Setting next_dagrun for example_external_task_marker_child to None, run_after=None
[2025-03-14T21:35:10.607+0000] {logging_mixin.py:190} INFO - [2025-03-14T21:35:10.607+0000] {dag.py:4180} INFO - Setting next_dagrun for example_external_task_marker_parent to None, run_after=None
[2025-03-14T21:35:10.622+0000] {processor.py:208} INFO - Processing /home/airflow/.local/lib/python3.12/site-packages/airflow/example_dags/example_external_task_marker_dag.py took 0.153 seconds
[2025-03-14T21:35:41.623+0000] {processor.py:186} INFO - Started process (PID=163) to work on /home/airflow/.local/lib/python3.12/site-packages/airflow/example_dags/example_external_task_marker_dag.py
[2025-03-14T21:35:41.627+0000] {processor.py:914} INFO - Processing file /home/airflow/.local/lib/python3.12/site-packages/airflow/example_dags/example_external_task_marker_dag.py for tasks to queue
[2025-03-14T21:35:41.628+0000] {logging_mixin.py:190} INFO - [2025-03-14T21:35:41.628+0000] {dagbag.py:588} INFO - Filling up the DagBag from /home/airflow/.local/lib/python3.12/site-packages/airflow/example_dags/example_external_task_marker_dag.py
[2025-03-14T21:35:41.637+0000] {processor.py:925} INFO - DAG(s) 'example_external_task_marker_child', 'example_external_task_marker_parent' retrieved from /home/airflow/.local/lib/python3.12/site-packages/airflow/example_dags/example_external_task_marker_dag.py
[2025-03-14T21:35:41.654+0000] {logging_mixin.py:190} INFO - [2025-03-14T21:35:41.653+0000] {dag.py:3239} INFO - Sync 2 DAGs
[2025-03-14T21:35:41.663+0000] {logging_mixin.py:190} INFO - [2025-03-14T21:35:41.663+0000] {dag.py:4180} INFO - Setting next_dagrun for example_external_task_marker_child to None, run_after=None
[2025-03-14T21:35:41.665+0000] {logging_mixin.py:190} INFO - [2025-03-14T21:35:41.665+0000] {dag.py:4180} INFO - Setting next_dagrun for example_external_task_marker_parent to None, run_after=None
[2025-03-14T21:35:41.678+0000] {processor.py:208} INFO - Processing /home/airflow/.local/lib/python3.12/site-packages/airflow/example_dags/example_external_task_marker_dag.py took 0.066 seconds
[2025-03-14T21:36:13.475+0000] {processor.py:186} INFO - Started process (PID=226) to work on /home/airflow/.local/lib/python3.12/site-packages/airflow/example_dags/example_external_task_marker_dag.py
[2025-03-14T21:36:13.476+0000] {processor.py:914} INFO - Processing file /home/airflow/.local/lib/python3.12/site-packages/airflow/example_dags/example_external_task_marker_dag.py for tasks to queue
[2025-03-14T21:36:13.478+0000] {logging_mixin.py:190} INFO - [2025-03-14T21:36:13.477+0000] {dagbag.py:588} INFO - Filling up the DagBag from /home/airflow/.local/lib/python3.12/site-packages/airflow/example_dags/example_external_task_marker_dag.py
[2025-03-14T21:36:13.484+0000] {processor.py:925} INFO - DAG(s) 'example_external_task_marker_parent', 'example_external_task_marker_child' retrieved from /home/airflow/.local/lib/python3.12/site-packages/airflow/example_dags/example_external_task_marker_dag.py
[2025-03-14T21:36:13.512+0000] {logging_mixin.py:190} INFO - [2025-03-14T21:36:13.512+0000] {dag.py:3239} INFO - Sync 2 DAGs
[2025-03-14T21:36:13.531+0000] {logging_mixin.py:190} INFO - [2025-03-14T21:36:13.531+0000] {dag.py:4180} INFO - Setting next_dagrun for example_external_task_marker_child to None, run_after=None
[2025-03-14T21:36:13.535+0000] {logging_mixin.py:190} INFO - [2025-03-14T21:36:13.534+0000] {dag.py:4180} INFO - Setting next_dagrun for example_external_task_marker_parent to None, run_after=None
[2025-03-14T21:36:13.546+0000] {processor.py:208} INFO - Processing /home/airflow/.local/lib/python3.12/site-packages/airflow/example_dags/example_external_task_marker_dag.py took 0.077 seconds
[2025-03-14T21:36:46.459+0000] {processor.py:186} INFO - Started process (PID=288) to work on /home/airflow/.local/lib/python3.12/site-packages/airflow/example_dags/example_external_task_marker_dag.py
[2025-03-14T21:36:46.461+0000] {processor.py:914} INFO - Processing file /home/airflow/.local/lib/python3.12/site-packages/airflow/example_dags/example_external_task_marker_dag.py for tasks to queue
[2025-03-14T21:36:46.469+0000] {logging_mixin.py:190} INFO - [2025-03-14T21:36:46.469+0000] {dagbag.py:588} INFO - Filling up the DagBag from /home/airflow/.local/lib/python3.12/site-packages/airflow/example_dags/example_external_task_marker_dag.py
[2025-03-14T21:36:46.483+0000] {processor.py:925} INFO - DAG(s) 'example_external_task_marker_child', 'example_external_task_marker_parent' retrieved from /home/airflow/.local/lib/python3.12/site-packages/airflow/example_dags/example_external_task_marker_dag.py
[2025-03-14T21:36:46.531+0000] {logging_mixin.py:190} INFO - [2025-03-14T21:36:46.530+0000] {dag.py:3239} INFO - Sync 2 DAGs
[2025-03-14T21:36:46.551+0000] {logging_mixin.py:190} INFO - [2025-03-14T21:36:46.551+0000] {dag.py:4180} INFO - Setting next_dagrun for example_external_task_marker_child to None, run_after=None
[2025-03-14T21:36:46.559+0000] {logging_mixin.py:190} INFO - [2025-03-14T21:36:46.559+0000] {dag.py:4180} INFO - Setting next_dagrun for example_external_task_marker_parent to None, run_after=None
[2025-03-14T21:36:46.579+0000] {processor.py:208} INFO - Processing /home/airflow/.local/lib/python3.12/site-packages/airflow/example_dags/example_external_task_marker_dag.py took 0.125 seconds
[2025-03-14T21:37:17.741+0000] {processor.py:186} INFO - Started process (PID=351) to work on /home/airflow/.local/lib/python3.12/site-packages/airflow/example_dags/example_external_task_marker_dag.py
[2025-03-14T21:37:17.741+0000] {processor.py:914} INFO - Processing file /home/airflow/.local/lib/python3.12/site-packages/airflow/example_dags/example_external_task_marker_dag.py for tasks to queue
[2025-03-14T21:37:17.742+0000] {logging_mixin.py:190} INFO - [2025-03-14T21:37:17.742+0000] {dagbag.py:588} INFO - Filling up the DagBag from /home/airflow/.local/lib/python3.12/site-packages/airflow/example_dags/example_external_task_marker_dag.py
[2025-03-14T21:37:17.749+0000] {processor.py:925} INFO - DAG(s) 'example_external_task_marker_parent', 'example_external_task_marker_child' retrieved from /home/airflow/.local/lib/python3.12/site-packages/airflow/example_dags/example_external_task_marker_dag.py
[2025-03-14T21:37:17.766+0000] {logging_mixin.py:190} INFO - [2025-03-14T21:37:17.766+0000] {dag.py:3239} INFO - Sync 2 DAGs
[2025-03-14T21:37:17.776+0000] {logging_mixin.py:190} INFO - [2025-03-14T21:37:17.776+0000] {dag.py:4180} INFO - Setting next_dagrun for example_external_task_marker_child to None, run_after=None
[2025-03-14T21:37:17.778+0000] {logging_mixin.py:190} INFO - [2025-03-14T21:37:17.778+0000] {dag.py:4180} INFO - Setting next_dagrun for example_external_task_marker_parent to None, run_after=None
[2025-03-14T21:37:17.785+0000] {processor.py:208} INFO - Processing /home/airflow/.local/lib/python3.12/site-packages/airflow/example_dags/example_external_task_marker_dag.py took 0.048 seconds
[2025-03-14T21:37:50.476+0000] {processor.py:186} INFO - Started process (PID=414) to work on /home/airflow/.local/lib/python3.12/site-packages/airflow/example_dags/example_external_task_marker_dag.py
[2025-03-14T21:37:50.476+0000] {processor.py:914} INFO - Processing file /home/airflow/.local/lib/python3.12/site-packages/airflow/example_dags/example_external_task_marker_dag.py for tasks to queue
[2025-03-14T21:37:50.477+0000] {logging_mixin.py:190} INFO - [2025-03-14T21:37:50.477+0000] {dagbag.py:588} INFO - Filling up the DagBag from /home/airflow/.local/lib/python3.12/site-packages/airflow/example_dags/example_external_task_marker_dag.py
[2025-03-14T21:37:50.483+0000] {processor.py:925} INFO - DAG(s) 'example_external_task_marker_child', 'example_external_task_marker_parent' retrieved from /home/airflow/.local/lib/python3.12/site-packages/airflow/example_dags/example_external_task_marker_dag.py
[2025-03-14T21:37:50.495+0000] {logging_mixin.py:190} INFO - [2025-03-14T21:37:50.495+0000] {dag.py:3239} INFO - Sync 2 DAGs
[2025-03-14T21:37:50.504+0000] {logging_mixin.py:190} INFO - [2025-03-14T21:37:50.504+0000] {dag.py:4180} INFO - Setting next_dagrun for example_external_task_marker_child to None, run_after=None
[2025-03-14T21:37:50.506+0000] {logging_mixin.py:190} INFO - [2025-03-14T21:37:50.506+0000] {dag.py:4180} INFO - Setting next_dagrun for example_external_task_marker_parent to None, run_after=None
[2025-03-14T21:37:50.512+0000] {processor.py:208} INFO - Processing /home/airflow/.local/lib/python3.12/site-packages/airflow/example_dags/example_external_task_marker_dag.py took 0.042 seconds
[2025-03-14T21:38:21.762+0000] {processor.py:186} INFO - Started process (PID=476) to work on /home/airflow/.local/lib/python3.12/site-packages/airflow/example_dags/example_external_task_marker_dag.py
[2025-03-14T21:38:21.762+0000] {processor.py:914} INFO - Processing file /home/airflow/.local/lib/python3.12/site-packages/airflow/example_dags/example_external_task_marker_dag.py for tasks to queue
[2025-03-14T21:38:21.763+0000] {logging_mixin.py:190} INFO - [2025-03-14T21:38:21.763+0000] {dagbag.py:588} INFO - Filling up the DagBag from /home/airflow/.local/lib/python3.12/site-packages/airflow/example_dags/example_external_task_marker_dag.py
[2025-03-14T21:38:21.767+0000] {processor.py:925} INFO - DAG(s) 'example_external_task_marker_parent', 'example_external_task_marker_child' retrieved from /home/airflow/.local/lib/python3.12/site-packages/airflow/example_dags/example_external_task_marker_dag.py
[2025-03-14T21:38:21.784+0000] {logging_mixin.py:190} INFO - [2025-03-14T21:38:21.784+0000] {dag.py:3239} INFO - Sync 2 DAGs
[2025-03-14T21:38:21.793+0000] {logging_mixin.py:190} INFO - [2025-03-14T21:38:21.793+0000] {dag.py:4180} INFO - Setting next_dagrun for example_external_task_marker_child to None, run_after=None
[2025-03-14T21:38:21.795+0000] {logging_mixin.py:190} INFO - [2025-03-14T21:38:21.795+0000] {dag.py:4180} INFO - Setting next_dagrun for example_external_task_marker_parent to None, run_after=None
[2025-03-14T21:38:21.802+0000] {processor.py:208} INFO - Processing /home/airflow/.local/lib/python3.12/site-packages/airflow/example_dags/example_external_task_marker_dag.py took 0.044 seconds
[2025-03-14T21:38:52.804+0000] {processor.py:186} INFO - Started process (PID=539) to work on /home/airflow/.local/lib/python3.12/site-packages/airflow/example_dags/example_external_task_marker_dag.py
[2025-03-14T21:38:52.804+0000] {processor.py:914} INFO - Processing file /home/airflow/.local/lib/python3.12/site-packages/airflow/example_dags/example_external_task_marker_dag.py for tasks to queue
[2025-03-14T21:38:52.806+0000] {logging_mixin.py:190} INFO - [2025-03-14T21:38:52.805+0000] {dagbag.py:588} INFO - Filling up the DagBag from /home/airflow/.local/lib/python3.12/site-packages/airflow/example_dags/example_external_task_marker_dag.py
[2025-03-14T21:38:52.813+0000] {processor.py:925} INFO - DAG(s) 'example_external_task_marker_child', 'example_external_task_marker_parent' retrieved from /home/airflow/.local/lib/python3.12/site-packages/airflow/example_dags/example_external_task_marker_dag.py
[2025-03-14T21:38:52.828+0000] {logging_mixin.py:190} INFO - [2025-03-14T21:38:52.828+0000] {dag.py:3239} INFO - Sync 2 DAGs
[2025-03-14T21:38:52.838+0000] {logging_mixin.py:190} INFO - [2025-03-14T21:38:52.837+0000] {dag.py:4180} INFO - Setting next_dagrun for example_external_task_marker_child to None, run_after=None
[2025-03-14T21:38:52.839+0000] {logging_mixin.py:190} INFO - [2025-03-14T21:38:52.839+0000] {dag.py:4180} INFO - Setting next_dagrun for example_external_task_marker_parent to None, run_after=None
[2025-03-14T21:38:52.846+0000] {processor.py:208} INFO - Processing /home/airflow/.local/lib/python3.12/site-packages/airflow/example_dags/example_external_task_marker_dag.py took 0.045 seconds
[2025-03-14T21:39:23.640+0000] {processor.py:186} INFO - Started process (PID=602) to work on /home/airflow/.local/lib/python3.12/site-packages/airflow/example_dags/example_external_task_marker_dag.py
[2025-03-14T21:39:23.642+0000] {processor.py:914} INFO - Processing file /home/airflow/.local/lib/python3.12/site-packages/airflow/example_dags/example_external_task_marker_dag.py for tasks to queue
[2025-03-14T21:39:23.643+0000] {logging_mixin.py:190} INFO - [2025-03-14T21:39:23.643+0000] {dagbag.py:588} INFO - Filling up the DagBag from /home/airflow/.local/lib/python3.12/site-packages/airflow/example_dags/example_external_task_marker_dag.py
[2025-03-14T21:39:23.648+0000] {processor.py:925} INFO - DAG(s) 'example_external_task_marker_parent', 'example_external_task_marker_child' retrieved from /home/airflow/.local/lib/python3.12/site-packages/airflow/example_dags/example_external_task_marker_dag.py
[2025-03-14T21:39:23.662+0000] {logging_mixin.py:190} INFO - [2025-03-14T21:39:23.661+0000] {dag.py:3239} INFO - Sync 2 DAGs
[2025-03-14T21:39:23.668+0000] {logging_mixin.py:190} INFO - [2025-03-14T21:39:23.668+0000] {dag.py:4180} INFO - Setting next_dagrun for example_external_task_marker_child to None, run_after=None
[2025-03-14T21:39:23.670+0000] {logging_mixin.py:190} INFO - [2025-03-14T21:39:23.670+0000] {dag.py:4180} INFO - Setting next_dagrun for example_external_task_marker_parent to None, run_after=None
[2025-03-14T21:39:23.678+0000] {processor.py:208} INFO - Processing /home/airflow/.local/lib/python3.12/site-packages/airflow/example_dags/example_external_task_marker_dag.py took 0.046 seconds
[2025-03-14T21:44:23.375+0000] {processor.py:186} INFO - Started process (PID=109) to work on /home/airflow/.local/lib/python3.12/site-packages/airflow/example_dags/example_external_task_marker_dag.py
[2025-03-14T21:44:23.382+0000] {processor.py:914} INFO - Processing file /home/airflow/.local/lib/python3.12/site-packages/airflow/example_dags/example_external_task_marker_dag.py for tasks to queue
[2025-03-14T21:44:23.389+0000] {logging_mixin.py:190} INFO - [2025-03-14T21:44:23.389+0000] {dagbag.py:588} INFO - Filling up the DagBag from /home/airflow/.local/lib/python3.12/site-packages/airflow/example_dags/example_external_task_marker_dag.py
[2025-03-14T21:44:23.415+0000] {processor.py:925} INFO - DAG(s) 'example_external_task_marker_child', 'example_external_task_marker_parent' retrieved from /home/airflow/.local/lib/python3.12/site-packages/airflow/example_dags/example_external_task_marker_dag.py
[2025-03-14T21:44:23.462+0000] {logging_mixin.py:190} INFO - [2025-03-14T21:44:23.462+0000] {dag.py:3239} INFO - Sync 2 DAGs
[2025-03-14T21:44:23.501+0000] {logging_mixin.py:190} INFO - [2025-03-14T21:44:23.501+0000] {dag.py:4180} INFO - Setting next_dagrun for example_external_task_marker_child to None, run_after=None
[2025-03-14T21:44:23.505+0000] {logging_mixin.py:190} INFO - [2025-03-14T21:44:23.505+0000] {dag.py:4180} INFO - Setting next_dagrun for example_external_task_marker_parent to None, run_after=None
[2025-03-14T21:44:23.535+0000] {processor.py:208} INFO - Processing /home/airflow/.local/lib/python3.12/site-packages/airflow/example_dags/example_external_task_marker_dag.py took 0.190 seconds
[2025-03-14T21:44:54.648+0000] {processor.py:186} INFO - Started process (PID=171) to work on /home/airflow/.local/lib/python3.12/site-packages/airflow/example_dags/example_external_task_marker_dag.py
[2025-03-14T21:44:54.649+0000] {processor.py:914} INFO - Processing file /home/airflow/.local/lib/python3.12/site-packages/airflow/example_dags/example_external_task_marker_dag.py for tasks to queue
[2025-03-14T21:44:54.650+0000] {logging_mixin.py:190} INFO - [2025-03-14T21:44:54.650+0000] {dagbag.py:588} INFO - Filling up the DagBag from /home/airflow/.local/lib/python3.12/site-packages/airflow/example_dags/example_external_task_marker_dag.py
[2025-03-14T21:44:54.654+0000] {processor.py:925} INFO - DAG(s) 'example_external_task_marker_child', 'example_external_task_marker_parent' retrieved from /home/airflow/.local/lib/python3.12/site-packages/airflow/example_dags/example_external_task_marker_dag.py
[2025-03-14T21:44:54.671+0000] {logging_mixin.py:190} INFO - [2025-03-14T21:44:54.671+0000] {dag.py:3239} INFO - Sync 2 DAGs
[2025-03-14T21:44:54.680+0000] {logging_mixin.py:190} INFO - [2025-03-14T21:44:54.679+0000] {dag.py:4180} INFO - Setting next_dagrun for example_external_task_marker_child to None, run_after=None
[2025-03-14T21:44:54.683+0000] {logging_mixin.py:190} INFO - [2025-03-14T21:44:54.683+0000] {dag.py:4180} INFO - Setting next_dagrun for example_external_task_marker_parent to None, run_after=None
[2025-03-14T21:44:54.694+0000] {processor.py:208} INFO - Processing /home/airflow/.local/lib/python3.12/site-packages/airflow/example_dags/example_external_task_marker_dag.py took 0.050 seconds
[2025-03-14T21:45:26.028+0000] {processor.py:186} INFO - Started process (PID=234) to work on /home/airflow/.local/lib/python3.12/site-packages/airflow/example_dags/example_external_task_marker_dag.py
[2025-03-14T21:45:26.029+0000] {processor.py:914} INFO - Processing file /home/airflow/.local/lib/python3.12/site-packages/airflow/example_dags/example_external_task_marker_dag.py for tasks to queue
[2025-03-14T21:45:26.031+0000] {logging_mixin.py:190} INFO - [2025-03-14T21:45:26.031+0000] {dagbag.py:588} INFO - Filling up the DagBag from /home/airflow/.local/lib/python3.12/site-packages/airflow/example_dags/example_external_task_marker_dag.py
[2025-03-14T21:45:26.040+0000] {processor.py:925} INFO - DAG(s) 'example_external_task_marker_child', 'example_external_task_marker_parent' retrieved from /home/airflow/.local/lib/python3.12/site-packages/airflow/example_dags/example_external_task_marker_dag.py
[2025-03-14T21:45:26.058+0000] {logging_mixin.py:190} INFO - [2025-03-14T21:45:26.058+0000] {dag.py:3239} INFO - Sync 2 DAGs
[2025-03-14T21:45:26.067+0000] {logging_mixin.py:190} INFO - [2025-03-14T21:45:26.067+0000] {dag.py:4180} INFO - Setting next_dagrun for example_external_task_marker_child to None, run_after=None
[2025-03-14T21:45:26.072+0000] {logging_mixin.py:190} INFO - [2025-03-14T21:45:26.072+0000] {dag.py:4180} INFO - Setting next_dagrun for example_external_task_marker_parent to None, run_after=None
[2025-03-14T21:45:26.087+0000] {processor.py:208} INFO - Processing /home/airflow/.local/lib/python3.12/site-packages/airflow/example_dags/example_external_task_marker_dag.py took 0.064 seconds
[2025-03-14T21:46:00.596+0000] {processor.py:186} INFO - Started process (PID=303) to work on /home/airflow/.local/lib/python3.12/site-packages/airflow/example_dags/example_external_task_marker_dag.py
[2025-03-14T21:46:00.598+0000] {processor.py:914} INFO - Processing file /home/airflow/.local/lib/python3.12/site-packages/airflow/example_dags/example_external_task_marker_dag.py for tasks to queue
[2025-03-14T21:46:00.599+0000] {logging_mixin.py:190} INFO - [2025-03-14T21:46:00.599+0000] {dagbag.py:588} INFO - Filling up the DagBag from /home/airflow/.local/lib/python3.12/site-packages/airflow/example_dags/example_external_task_marker_dag.py
[2025-03-14T21:46:00.611+0000] {processor.py:925} INFO - DAG(s) 'example_external_task_marker_parent', 'example_external_task_marker_child' retrieved from /home/airflow/.local/lib/python3.12/site-packages/airflow/example_dags/example_external_task_marker_dag.py
[2025-03-14T21:46:00.628+0000] {logging_mixin.py:190} INFO - [2025-03-14T21:46:00.628+0000] {dag.py:3239} INFO - Sync 2 DAGs
[2025-03-14T21:46:00.642+0000] {logging_mixin.py:190} INFO - [2025-03-14T21:46:00.642+0000] {dag.py:4180} INFO - Setting next_dagrun for example_external_task_marker_child to None, run_after=None
[2025-03-14T21:46:00.645+0000] {logging_mixin.py:190} INFO - [2025-03-14T21:46:00.645+0000] {dag.py:4180} INFO - Setting next_dagrun for example_external_task_marker_parent to None, run_after=None
[2025-03-14T21:46:00.656+0000] {processor.py:208} INFO - Processing /home/airflow/.local/lib/python3.12/site-packages/airflow/example_dags/example_external_task_marker_dag.py took 0.064 seconds
[2025-03-14T21:46:35.687+0000] {processor.py:186} INFO - Started process (PID=372) to work on /home/airflow/.local/lib/python3.12/site-packages/airflow/example_dags/example_external_task_marker_dag.py
[2025-03-14T21:46:35.688+0000] {processor.py:914} INFO - Processing file /home/airflow/.local/lib/python3.12/site-packages/airflow/example_dags/example_external_task_marker_dag.py for tasks to queue
[2025-03-14T21:46:35.690+0000] {logging_mixin.py:190} INFO - [2025-03-14T21:46:35.690+0000] {dagbag.py:588} INFO - Filling up the DagBag from /home/airflow/.local/lib/python3.12/site-packages/airflow/example_dags/example_external_task_marker_dag.py
[2025-03-14T21:46:35.695+0000] {processor.py:925} INFO - DAG(s) 'example_external_task_marker_child', 'example_external_task_marker_parent' retrieved from /home/airflow/.local/lib/python3.12/site-packages/airflow/example_dags/example_external_task_marker_dag.py
[2025-03-14T21:46:35.709+0000] {logging_mixin.py:190} INFO - [2025-03-14T21:46:35.709+0000] {dag.py:3239} INFO - Sync 2 DAGs
[2025-03-14T21:46:35.723+0000] {logging_mixin.py:190} INFO - [2025-03-14T21:46:35.722+0000] {dag.py:4180} INFO - Setting next_dagrun for example_external_task_marker_child to None, run_after=None
[2025-03-14T21:46:35.725+0000] {logging_mixin.py:190} INFO - [2025-03-14T21:46:35.725+0000] {dag.py:4180} INFO - Setting next_dagrun for example_external_task_marker_parent to None, run_after=None
[2025-03-14T21:46:35.742+0000] {processor.py:208} INFO - Processing /home/airflow/.local/lib/python3.12/site-packages/airflow/example_dags/example_external_task_marker_dag.py took 0.058 seconds
[2025-03-14T21:52:14.245+0000] {processor.py:186} INFO - Started process (PID=101) to work on /home/airflow/.local/lib/python3.12/site-packages/airflow/example_dags/example_external_task_marker_dag.py
[2025-03-14T21:52:14.253+0000] {processor.py:914} INFO - Processing file /home/airflow/.local/lib/python3.12/site-packages/airflow/example_dags/example_external_task_marker_dag.py for tasks to queue
[2025-03-14T21:52:14.260+0000] {logging_mixin.py:190} INFO - [2025-03-14T21:52:14.259+0000] {dagbag.py:588} INFO - Filling up the DagBag from /home/airflow/.local/lib/python3.12/site-packages/airflow/example_dags/example_external_task_marker_dag.py
[2025-03-14T21:52:14.271+0000] {processor.py:925} INFO - DAG(s) 'example_external_task_marker_parent', 'example_external_task_marker_child' retrieved from /home/airflow/.local/lib/python3.12/site-packages/airflow/example_dags/example_external_task_marker_dag.py
[2025-03-14T21:52:14.319+0000] {logging_mixin.py:190} INFO - [2025-03-14T21:52:14.318+0000] {dag.py:3239} INFO - Sync 2 DAGs
[2025-03-14T21:52:14.362+0000] {logging_mixin.py:190} INFO - [2025-03-14T21:52:14.361+0000] {dag.py:4180} INFO - Setting next_dagrun for example_external_task_marker_child to None, run_after=None
[2025-03-14T21:52:14.367+0000] {logging_mixin.py:190} INFO - [2025-03-14T21:52:14.367+0000] {dag.py:4180} INFO - Setting next_dagrun for example_external_task_marker_parent to None, run_after=None
[2025-03-14T21:52:14.380+0000] {processor.py:208} INFO - Processing /home/airflow/.local/lib/python3.12/site-packages/airflow/example_dags/example_external_task_marker_dag.py took 0.160 seconds
[2025-03-14T21:52:45.186+0000] {processor.py:186} INFO - Started process (PID=164) to work on /home/airflow/.local/lib/python3.12/site-packages/airflow/example_dags/example_external_task_marker_dag.py
[2025-03-14T21:52:45.189+0000] {processor.py:914} INFO - Processing file /home/airflow/.local/lib/python3.12/site-packages/airflow/example_dags/example_external_task_marker_dag.py for tasks to queue
[2025-03-14T21:52:45.191+0000] {logging_mixin.py:190} INFO - [2025-03-14T21:52:45.191+0000] {dagbag.py:588} INFO - Filling up the DagBag from /home/airflow/.local/lib/python3.12/site-packages/airflow/example_dags/example_external_task_marker_dag.py
[2025-03-14T21:52:45.196+0000] {processor.py:925} INFO - DAG(s) 'example_external_task_marker_parent', 'example_external_task_marker_child' retrieved from /home/airflow/.local/lib/python3.12/site-packages/airflow/example_dags/example_external_task_marker_dag.py
[2025-03-14T21:52:45.210+0000] {logging_mixin.py:190} INFO - [2025-03-14T21:52:45.210+0000] {dag.py:3239} INFO - Sync 2 DAGs
[2025-03-14T21:52:45.218+0000] {logging_mixin.py:190} INFO - [2025-03-14T21:52:45.217+0000] {dag.py:4180} INFO - Setting next_dagrun for example_external_task_marker_child to None, run_after=None
[2025-03-14T21:52:45.221+0000] {logging_mixin.py:190} INFO - [2025-03-14T21:52:45.221+0000] {dag.py:4180} INFO - Setting next_dagrun for example_external_task_marker_parent to None, run_after=None
[2025-03-14T21:52:45.228+0000] {processor.py:208} INFO - Processing /home/airflow/.local/lib/python3.12/site-packages/airflow/example_dags/example_external_task_marker_dag.py took 0.044 seconds
[2025-03-14T21:53:16.487+0000] {processor.py:186} INFO - Started process (PID=227) to work on /home/airflow/.local/lib/python3.12/site-packages/airflow/example_dags/example_external_task_marker_dag.py
[2025-03-14T21:53:16.488+0000] {processor.py:914} INFO - Processing file /home/airflow/.local/lib/python3.12/site-packages/airflow/example_dags/example_external_task_marker_dag.py for tasks to queue
[2025-03-14T21:53:16.489+0000] {logging_mixin.py:190} INFO - [2025-03-14T21:53:16.489+0000] {dagbag.py:588} INFO - Filling up the DagBag from /home/airflow/.local/lib/python3.12/site-packages/airflow/example_dags/example_external_task_marker_dag.py
[2025-03-14T21:53:16.493+0000] {processor.py:925} INFO - DAG(s) 'example_external_task_marker_parent', 'example_external_task_marker_child' retrieved from /home/airflow/.local/lib/python3.12/site-packages/airflow/example_dags/example_external_task_marker_dag.py
[2025-03-14T21:53:16.502+0000] {logging_mixin.py:190} INFO - [2025-03-14T21:53:16.502+0000] {dag.py:3239} INFO - Sync 2 DAGs
[2025-03-14T21:53:16.508+0000] {logging_mixin.py:190} INFO - [2025-03-14T21:53:16.508+0000] {dag.py:4180} INFO - Setting next_dagrun for example_external_task_marker_child to None, run_after=None
[2025-03-14T21:53:16.509+0000] {logging_mixin.py:190} INFO - [2025-03-14T21:53:16.509+0000] {dag.py:4180} INFO - Setting next_dagrun for example_external_task_marker_parent to None, run_after=None
[2025-03-14T21:53:16.515+0000] {processor.py:208} INFO - Processing /home/airflow/.local/lib/python3.12/site-packages/airflow/example_dags/example_external_task_marker_dag.py took 0.030 seconds
[2025-03-14T21:53:48.258+0000] {processor.py:186} INFO - Started process (PID=290) to work on /home/airflow/.local/lib/python3.12/site-packages/airflow/example_dags/example_external_task_marker_dag.py
[2025-03-14T21:53:48.259+0000] {processor.py:914} INFO - Processing file /home/airflow/.local/lib/python3.12/site-packages/airflow/example_dags/example_external_task_marker_dag.py for tasks to queue
[2025-03-14T21:53:48.261+0000] {logging_mixin.py:190} INFO - [2025-03-14T21:53:48.261+0000] {dagbag.py:588} INFO - Filling up the DagBag from /home/airflow/.local/lib/python3.12/site-packages/airflow/example_dags/example_external_task_marker_dag.py
[2025-03-14T21:53:48.268+0000] {processor.py:925} INFO - DAG(s) 'example_external_task_marker_child', 'example_external_task_marker_parent' retrieved from /home/airflow/.local/lib/python3.12/site-packages/airflow/example_dags/example_external_task_marker_dag.py
[2025-03-14T21:53:48.290+0000] {logging_mixin.py:190} INFO - [2025-03-14T21:53:48.290+0000] {dag.py:3239} INFO - Sync 2 DAGs
[2025-03-14T21:53:48.302+0000] {logging_mixin.py:190} INFO - [2025-03-14T21:53:48.302+0000] {dag.py:4180} INFO - Setting next_dagrun for example_external_task_marker_child to None, run_after=None
[2025-03-14T21:53:48.308+0000] {logging_mixin.py:190} INFO - [2025-03-14T21:53:48.308+0000] {dag.py:4180} INFO - Setting next_dagrun for example_external_task_marker_parent to None, run_after=None
[2025-03-14T21:53:48.318+0000] {processor.py:208} INFO - Processing /home/airflow/.local/lib/python3.12/site-packages/airflow/example_dags/example_external_task_marker_dag.py took 0.063 seconds
[2025-03-14T21:54:20.555+0000] {processor.py:186} INFO - Started process (PID=353) to work on /home/airflow/.local/lib/python3.12/site-packages/airflow/example_dags/example_external_task_marker_dag.py
[2025-03-14T21:54:20.556+0000] {processor.py:914} INFO - Processing file /home/airflow/.local/lib/python3.12/site-packages/airflow/example_dags/example_external_task_marker_dag.py for tasks to queue
[2025-03-14T21:54:20.557+0000] {logging_mixin.py:190} INFO - [2025-03-14T21:54:20.557+0000] {dagbag.py:588} INFO - Filling up the DagBag from /home/airflow/.local/lib/python3.12/site-packages/airflow/example_dags/example_external_task_marker_dag.py
[2025-03-14T21:54:20.564+0000] {processor.py:925} INFO - DAG(s) 'example_external_task_marker_child', 'example_external_task_marker_parent' retrieved from /home/airflow/.local/lib/python3.12/site-packages/airflow/example_dags/example_external_task_marker_dag.py
[2025-03-14T21:54:20.579+0000] {logging_mixin.py:190} INFO - [2025-03-14T21:54:20.579+0000] {dag.py:3239} INFO - Sync 2 DAGs
[2025-03-14T21:54:20.588+0000] {logging_mixin.py:190} INFO - [2025-03-14T21:54:20.588+0000] {dag.py:4180} INFO - Setting next_dagrun for example_external_task_marker_child to None, run_after=None
[2025-03-14T21:54:20.593+0000] {logging_mixin.py:190} INFO - [2025-03-14T21:54:20.592+0000] {dag.py:4180} INFO - Setting next_dagrun for example_external_task_marker_parent to None, run_after=None
[2025-03-14T21:54:20.603+0000] {processor.py:208} INFO - Processing /home/airflow/.local/lib/python3.12/site-packages/airflow/example_dags/example_external_task_marker_dag.py took 0.054 seconds
[2025-03-14T21:54:51.236+0000] {processor.py:186} INFO - Started process (PID=416) to work on /home/airflow/.local/lib/python3.12/site-packages/airflow/example_dags/example_external_task_marker_dag.py
[2025-03-14T21:54:51.237+0000] {processor.py:914} INFO - Processing file /home/airflow/.local/lib/python3.12/site-packages/airflow/example_dags/example_external_task_marker_dag.py for tasks to queue
[2025-03-14T21:54:51.238+0000] {logging_mixin.py:190} INFO - [2025-03-14T21:54:51.238+0000] {dagbag.py:588} INFO - Filling up the DagBag from /home/airflow/.local/lib/python3.12/site-packages/airflow/example_dags/example_external_task_marker_dag.py
[2025-03-14T21:54:51.243+0000] {processor.py:925} INFO - DAG(s) 'example_external_task_marker_child', 'example_external_task_marker_parent' retrieved from /home/airflow/.local/lib/python3.12/site-packages/airflow/example_dags/example_external_task_marker_dag.py
[2025-03-14T21:54:51.260+0000] {logging_mixin.py:190} INFO - [2025-03-14T21:54:51.260+0000] {dag.py:3239} INFO - Sync 2 DAGs
[2025-03-14T21:54:51.268+0000] {logging_mixin.py:190} INFO - [2025-03-14T21:54:51.268+0000] {dag.py:4180} INFO - Setting next_dagrun for example_external_task_marker_child to None, run_after=None
[2025-03-14T21:54:51.278+0000] {logging_mixin.py:190} INFO - [2025-03-14T21:54:51.277+0000] {dag.py:4180} INFO - Setting next_dagrun for example_external_task_marker_parent to None, run_after=None
[2025-03-14T21:54:51.293+0000] {processor.py:208} INFO - Processing /home/airflow/.local/lib/python3.12/site-packages/airflow/example_dags/example_external_task_marker_dag.py took 0.061 seconds
[2025-03-14T21:55:22.357+0000] {processor.py:186} INFO - Started process (PID=479) to work on /home/airflow/.local/lib/python3.12/site-packages/airflow/example_dags/example_external_task_marker_dag.py
[2025-03-14T21:55:22.358+0000] {processor.py:914} INFO - Processing file /home/airflow/.local/lib/python3.12/site-packages/airflow/example_dags/example_external_task_marker_dag.py for tasks to queue
[2025-03-14T21:55:22.361+0000] {logging_mixin.py:190} INFO - [2025-03-14T21:55:22.361+0000] {dagbag.py:588} INFO - Filling up the DagBag from /home/airflow/.local/lib/python3.12/site-packages/airflow/example_dags/example_external_task_marker_dag.py
[2025-03-14T21:55:22.368+0000] {processor.py:925} INFO - DAG(s) 'example_external_task_marker_parent', 'example_external_task_marker_child' retrieved from /home/airflow/.local/lib/python3.12/site-packages/airflow/example_dags/example_external_task_marker_dag.py
[2025-03-14T21:55:22.389+0000] {logging_mixin.py:190} INFO - [2025-03-14T21:55:22.389+0000] {dag.py:3239} INFO - Sync 2 DAGs
[2025-03-14T21:55:22.405+0000] {logging_mixin.py:190} INFO - [2025-03-14T21:55:22.404+0000] {dag.py:4180} INFO - Setting next_dagrun for example_external_task_marker_child to None, run_after=None
[2025-03-14T21:55:22.410+0000] {logging_mixin.py:190} INFO - [2025-03-14T21:55:22.410+0000] {dag.py:4180} INFO - Setting next_dagrun for example_external_task_marker_parent to None, run_after=None
[2025-03-14T21:55:22.432+0000] {processor.py:208} INFO - Processing /home/airflow/.local/lib/python3.12/site-packages/airflow/example_dags/example_external_task_marker_dag.py took 0.083 seconds
[2025-03-14T21:55:53.058+0000] {processor.py:186} INFO - Started process (PID=542) to work on /home/airflow/.local/lib/python3.12/site-packages/airflow/example_dags/example_external_task_marker_dag.py
[2025-03-14T21:55:53.059+0000] {processor.py:914} INFO - Processing file /home/airflow/.local/lib/python3.12/site-packages/airflow/example_dags/example_external_task_marker_dag.py for tasks to queue
[2025-03-14T21:55:53.060+0000] {logging_mixin.py:190} INFO - [2025-03-14T21:55:53.060+0000] {dagbag.py:588} INFO - Filling up the DagBag from /home/airflow/.local/lib/python3.12/site-packages/airflow/example_dags/example_external_task_marker_dag.py
[2025-03-14T21:55:53.064+0000] {processor.py:925} INFO - DAG(s) 'example_external_task_marker_child', 'example_external_task_marker_parent' retrieved from /home/airflow/.local/lib/python3.12/site-packages/airflow/example_dags/example_external_task_marker_dag.py
[2025-03-14T21:55:53.073+0000] {logging_mixin.py:190} INFO - [2025-03-14T21:55:53.073+0000] {dag.py:3239} INFO - Sync 2 DAGs
[2025-03-14T21:55:53.079+0000] {logging_mixin.py:190} INFO - [2025-03-14T21:55:53.079+0000] {dag.py:4180} INFO - Setting next_dagrun for example_external_task_marker_child to None, run_after=None
[2025-03-14T21:55:53.080+0000] {logging_mixin.py:190} INFO - [2025-03-14T21:55:53.080+0000] {dag.py:4180} INFO - Setting next_dagrun for example_external_task_marker_parent to None, run_after=None
[2025-03-14T21:55:53.089+0000] {processor.py:208} INFO - Processing /home/airflow/.local/lib/python3.12/site-packages/airflow/example_dags/example_external_task_marker_dag.py took 0.033 seconds
[2025-03-14T21:56:24.164+0000] {processor.py:186} INFO - Started process (PID=605) to work on /home/airflow/.local/lib/python3.12/site-packages/airflow/example_dags/example_external_task_marker_dag.py
[2025-03-14T21:56:24.165+0000] {processor.py:914} INFO - Processing file /home/airflow/.local/lib/python3.12/site-packages/airflow/example_dags/example_external_task_marker_dag.py for tasks to queue
[2025-03-14T21:56:24.167+0000] {logging_mixin.py:190} INFO - [2025-03-14T21:56:24.167+0000] {dagbag.py:588} INFO - Filling up the DagBag from /home/airflow/.local/lib/python3.12/site-packages/airflow/example_dags/example_external_task_marker_dag.py
[2025-03-14T21:56:24.178+0000] {processor.py:925} INFO - DAG(s) 'example_external_task_marker_parent', 'example_external_task_marker_child' retrieved from /home/airflow/.local/lib/python3.12/site-packages/airflow/example_dags/example_external_task_marker_dag.py
[2025-03-14T21:56:24.189+0000] {logging_mixin.py:190} INFO - [2025-03-14T21:56:24.189+0000] {dag.py:3239} INFO - Sync 2 DAGs
[2025-03-14T21:56:24.196+0000] {logging_mixin.py:190} INFO - [2025-03-14T21:56:24.196+0000] {dag.py:4180} INFO - Setting next_dagrun for example_external_task_marker_child to None, run_after=None
[2025-03-14T21:56:24.198+0000] {logging_mixin.py:190} INFO - [2025-03-14T21:56:24.198+0000] {dag.py:4180} INFO - Setting next_dagrun for example_external_task_marker_parent to None, run_after=None
[2025-03-14T21:56:24.206+0000] {processor.py:208} INFO - Processing /home/airflow/.local/lib/python3.12/site-packages/airflow/example_dags/example_external_task_marker_dag.py took 0.046 seconds
[2025-03-14T21:56:55.799+0000] {processor.py:186} INFO - Started process (PID=669) to work on /home/airflow/.local/lib/python3.12/site-packages/airflow/example_dags/example_external_task_marker_dag.py
[2025-03-14T21:56:55.800+0000] {processor.py:914} INFO - Processing file /home/airflow/.local/lib/python3.12/site-packages/airflow/example_dags/example_external_task_marker_dag.py for tasks to queue
[2025-03-14T21:56:55.801+0000] {logging_mixin.py:190} INFO - [2025-03-14T21:56:55.801+0000] {dagbag.py:588} INFO - Filling up the DagBag from /home/airflow/.local/lib/python3.12/site-packages/airflow/example_dags/example_external_task_marker_dag.py
[2025-03-14T21:56:55.805+0000] {processor.py:925} INFO - DAG(s) 'example_external_task_marker_parent', 'example_external_task_marker_child' retrieved from /home/airflow/.local/lib/python3.12/site-packages/airflow/example_dags/example_external_task_marker_dag.py
[2025-03-14T21:56:55.816+0000] {logging_mixin.py:190} INFO - [2025-03-14T21:56:55.816+0000] {dag.py:3239} INFO - Sync 2 DAGs
[2025-03-14T21:56:55.828+0000] {logging_mixin.py:190} INFO - [2025-03-14T21:56:55.827+0000] {dag.py:4180} INFO - Setting next_dagrun for example_external_task_marker_child to None, run_after=None
[2025-03-14T21:56:55.830+0000] {logging_mixin.py:190} INFO - [2025-03-14T21:56:55.830+0000] {dag.py:4180} INFO - Setting next_dagrun for example_external_task_marker_parent to None, run_after=None
[2025-03-14T21:56:55.839+0000] {processor.py:208} INFO - Processing /home/airflow/.local/lib/python3.12/site-packages/airflow/example_dags/example_external_task_marker_dag.py took 0.042 seconds
[2025-03-14T21:57:27.219+0000] {processor.py:186} INFO - Started process (PID=732) to work on /home/airflow/.local/lib/python3.12/site-packages/airflow/example_dags/example_external_task_marker_dag.py
[2025-03-14T21:57:27.220+0000] {processor.py:914} INFO - Processing file /home/airflow/.local/lib/python3.12/site-packages/airflow/example_dags/example_external_task_marker_dag.py for tasks to queue
[2025-03-14T21:57:27.221+0000] {logging_mixin.py:190} INFO - [2025-03-14T21:57:27.221+0000] {dagbag.py:588} INFO - Filling up the DagBag from /home/airflow/.local/lib/python3.12/site-packages/airflow/example_dags/example_external_task_marker_dag.py
[2025-03-14T21:57:27.225+0000] {processor.py:925} INFO - DAG(s) 'example_external_task_marker_parent', 'example_external_task_marker_child' retrieved from /home/airflow/.local/lib/python3.12/site-packages/airflow/example_dags/example_external_task_marker_dag.py
[2025-03-14T21:57:27.239+0000] {logging_mixin.py:190} INFO - [2025-03-14T21:57:27.239+0000] {dag.py:3239} INFO - Sync 2 DAGs
[2025-03-14T21:57:27.246+0000] {logging_mixin.py:190} INFO - [2025-03-14T21:57:27.246+0000] {dag.py:4180} INFO - Setting next_dagrun for example_external_task_marker_child to None, run_after=None
[2025-03-14T21:57:27.250+0000] {logging_mixin.py:190} INFO - [2025-03-14T21:57:27.250+0000] {dag.py:4180} INFO - Setting next_dagrun for example_external_task_marker_parent to None, run_after=None
[2025-03-14T21:57:27.257+0000] {processor.py:208} INFO - Processing /home/airflow/.local/lib/python3.12/site-packages/airflow/example_dags/example_external_task_marker_dag.py took 0.042 seconds
[2025-03-14T21:57:58.144+0000] {processor.py:186} INFO - Started process (PID=801) to work on /home/airflow/.local/lib/python3.12/site-packages/airflow/example_dags/example_external_task_marker_dag.py
[2025-03-14T21:57:58.145+0000] {processor.py:914} INFO - Processing file /home/airflow/.local/lib/python3.12/site-packages/airflow/example_dags/example_external_task_marker_dag.py for tasks to queue
[2025-03-14T21:57:58.146+0000] {logging_mixin.py:190} INFO - [2025-03-14T21:57:58.146+0000] {dagbag.py:588} INFO - Filling up the DagBag from /home/airflow/.local/lib/python3.12/site-packages/airflow/example_dags/example_external_task_marker_dag.py
[2025-03-14T21:57:58.151+0000] {processor.py:925} INFO - DAG(s) 'example_external_task_marker_parent', 'example_external_task_marker_child' retrieved from /home/airflow/.local/lib/python3.12/site-packages/airflow/example_dags/example_external_task_marker_dag.py
[2025-03-14T21:57:58.163+0000] {logging_mixin.py:190} INFO - [2025-03-14T21:57:58.163+0000] {dag.py:3239} INFO - Sync 2 DAGs
[2025-03-14T21:57:58.170+0000] {logging_mixin.py:190} INFO - [2025-03-14T21:57:58.170+0000] {dag.py:4180} INFO - Setting next_dagrun for example_external_task_marker_child to None, run_after=None
[2025-03-14T21:57:58.171+0000] {logging_mixin.py:190} INFO - [2025-03-14T21:57:58.171+0000] {dag.py:4180} INFO - Setting next_dagrun for example_external_task_marker_parent to None, run_after=None
[2025-03-14T21:57:58.179+0000] {processor.py:208} INFO - Processing /home/airflow/.local/lib/python3.12/site-packages/airflow/example_dags/example_external_task_marker_dag.py took 0.039 seconds
[2025-03-14T21:58:29.379+0000] {processor.py:186} INFO - Started process (PID=864) to work on /home/airflow/.local/lib/python3.12/site-packages/airflow/example_dags/example_external_task_marker_dag.py
[2025-03-14T21:58:29.380+0000] {processor.py:914} INFO - Processing file /home/airflow/.local/lib/python3.12/site-packages/airflow/example_dags/example_external_task_marker_dag.py for tasks to queue
[2025-03-14T21:58:29.380+0000] {logging_mixin.py:190} INFO - [2025-03-14T21:58:29.380+0000] {dagbag.py:588} INFO - Filling up the DagBag from /home/airflow/.local/lib/python3.12/site-packages/airflow/example_dags/example_external_task_marker_dag.py
[2025-03-14T21:58:29.385+0000] {processor.py:925} INFO - DAG(s) 'example_external_task_marker_child', 'example_external_task_marker_parent' retrieved from /home/airflow/.local/lib/python3.12/site-packages/airflow/example_dags/example_external_task_marker_dag.py
[2025-03-14T21:58:29.395+0000] {logging_mixin.py:190} INFO - [2025-03-14T21:58:29.395+0000] {dag.py:3239} INFO - Sync 2 DAGs
[2025-03-14T21:58:29.402+0000] {logging_mixin.py:190} INFO - [2025-03-14T21:58:29.402+0000] {dag.py:4180} INFO - Setting next_dagrun for example_external_task_marker_child to None, run_after=None
[2025-03-14T21:58:29.404+0000] {logging_mixin.py:190} INFO - [2025-03-14T21:58:29.404+0000] {dag.py:4180} INFO - Setting next_dagrun for example_external_task_marker_parent to None, run_after=None
[2025-03-14T21:58:29.415+0000] {processor.py:208} INFO - Processing /home/airflow/.local/lib/python3.12/site-packages/airflow/example_dags/example_external_task_marker_dag.py took 0.039 seconds
[2025-03-14T21:59:00.407+0000] {processor.py:186} INFO - Started process (PID=927) to work on /home/airflow/.local/lib/python3.12/site-packages/airflow/example_dags/example_external_task_marker_dag.py
[2025-03-14T21:59:00.409+0000] {processor.py:914} INFO - Processing file /home/airflow/.local/lib/python3.12/site-packages/airflow/example_dags/example_external_task_marker_dag.py for tasks to queue
[2025-03-14T21:59:00.411+0000] {logging_mixin.py:190} INFO - [2025-03-14T21:59:00.410+0000] {dagbag.py:588} INFO - Filling up the DagBag from /home/airflow/.local/lib/python3.12/site-packages/airflow/example_dags/example_external_task_marker_dag.py
[2025-03-14T21:59:00.415+0000] {processor.py:925} INFO - DAG(s) 'example_external_task_marker_child', 'example_external_task_marker_parent' retrieved from /home/airflow/.local/lib/python3.12/site-packages/airflow/example_dags/example_external_task_marker_dag.py
[2025-03-14T21:59:00.436+0000] {logging_mixin.py:190} INFO - [2025-03-14T21:59:00.436+0000] {dag.py:3239} INFO - Sync 2 DAGs
[2025-03-14T21:59:00.445+0000] {logging_mixin.py:190} INFO - [2025-03-14T21:59:00.445+0000] {dag.py:4180} INFO - Setting next_dagrun for example_external_task_marker_child to None, run_after=None
[2025-03-14T21:59:00.449+0000] {logging_mixin.py:190} INFO - [2025-03-14T21:59:00.449+0000] {dag.py:4180} INFO - Setting next_dagrun for example_external_task_marker_parent to None, run_after=None
[2025-03-14T21:59:00.458+0000] {processor.py:208} INFO - Processing /home/airflow/.local/lib/python3.12/site-packages/airflow/example_dags/example_external_task_marker_dag.py took 0.055 seconds
[2025-03-14T21:59:31.783+0000] {processor.py:186} INFO - Started process (PID=990) to work on /home/airflow/.local/lib/python3.12/site-packages/airflow/example_dags/example_external_task_marker_dag.py
[2025-03-14T21:59:31.784+0000] {processor.py:914} INFO - Processing file /home/airflow/.local/lib/python3.12/site-packages/airflow/example_dags/example_external_task_marker_dag.py for tasks to queue
[2025-03-14T21:59:31.785+0000] {logging_mixin.py:190} INFO - [2025-03-14T21:59:31.785+0000] {dagbag.py:588} INFO - Filling up the DagBag from /home/airflow/.local/lib/python3.12/site-packages/airflow/example_dags/example_external_task_marker_dag.py
[2025-03-14T21:59:31.791+0000] {processor.py:925} INFO - DAG(s) 'example_external_task_marker_child', 'example_external_task_marker_parent' retrieved from /home/airflow/.local/lib/python3.12/site-packages/airflow/example_dags/example_external_task_marker_dag.py
[2025-03-14T21:59:31.803+0000] {logging_mixin.py:190} INFO - [2025-03-14T21:59:31.803+0000] {dag.py:3239} INFO - Sync 2 DAGs
[2025-03-14T21:59:31.810+0000] {logging_mixin.py:190} INFO - [2025-03-14T21:59:31.810+0000] {dag.py:4180} INFO - Setting next_dagrun for example_external_task_marker_child to None, run_after=None
[2025-03-14T21:59:31.812+0000] {logging_mixin.py:190} INFO - [2025-03-14T21:59:31.812+0000] {dag.py:4180} INFO - Setting next_dagrun for example_external_task_marker_parent to None, run_after=None
[2025-03-14T21:59:31.819+0000] {processor.py:208} INFO - Processing /home/airflow/.local/lib/python3.12/site-packages/airflow/example_dags/example_external_task_marker_dag.py took 0.039 seconds
[2025-03-14T22:00:03.024+0000] {processor.py:186} INFO - Started process (PID=1053) to work on /home/airflow/.local/lib/python3.12/site-packages/airflow/example_dags/example_external_task_marker_dag.py
[2025-03-14T22:00:03.026+0000] {processor.py:914} INFO - Processing file /home/airflow/.local/lib/python3.12/site-packages/airflow/example_dags/example_external_task_marker_dag.py for tasks to queue
[2025-03-14T22:00:03.029+0000] {logging_mixin.py:190} INFO - [2025-03-14T22:00:03.029+0000] {dagbag.py:588} INFO - Filling up the DagBag from /home/airflow/.local/lib/python3.12/site-packages/airflow/example_dags/example_external_task_marker_dag.py
[2025-03-14T22:00:03.040+0000] {processor.py:925} INFO - DAG(s) 'example_external_task_marker_child', 'example_external_task_marker_parent' retrieved from /home/airflow/.local/lib/python3.12/site-packages/airflow/example_dags/example_external_task_marker_dag.py
[2025-03-14T22:00:03.072+0000] {logging_mixin.py:190} INFO - [2025-03-14T22:00:03.072+0000] {dag.py:3239} INFO - Sync 2 DAGs
[2025-03-14T22:00:03.087+0000] {logging_mixin.py:190} INFO - [2025-03-14T22:00:03.087+0000] {dag.py:4180} INFO - Setting next_dagrun for example_external_task_marker_child to None, run_after=None
[2025-03-14T22:00:03.090+0000] {logging_mixin.py:190} INFO - [2025-03-14T22:00:03.090+0000] {dag.py:4180} INFO - Setting next_dagrun for example_external_task_marker_parent to None, run_after=None
[2025-03-14T22:00:03.108+0000] {processor.py:208} INFO - Processing /home/airflow/.local/lib/python3.12/site-packages/airflow/example_dags/example_external_task_marker_dag.py took 0.091 seconds
[2025-03-14T22:00:34.100+0000] {processor.py:186} INFO - Started process (PID=1116) to work on /home/airflow/.local/lib/python3.12/site-packages/airflow/example_dags/example_external_task_marker_dag.py
[2025-03-14T22:00:34.101+0000] {processor.py:914} INFO - Processing file /home/airflow/.local/lib/python3.12/site-packages/airflow/example_dags/example_external_task_marker_dag.py for tasks to queue
[2025-03-14T22:00:34.102+0000] {logging_mixin.py:190} INFO - [2025-03-14T22:00:34.102+0000] {dagbag.py:588} INFO - Filling up the DagBag from /home/airflow/.local/lib/python3.12/site-packages/airflow/example_dags/example_external_task_marker_dag.py
[2025-03-14T22:00:34.106+0000] {processor.py:925} INFO - DAG(s) 'example_external_task_marker_parent', 'example_external_task_marker_child' retrieved from /home/airflow/.local/lib/python3.12/site-packages/airflow/example_dags/example_external_task_marker_dag.py
[2025-03-14T22:00:34.118+0000] {logging_mixin.py:190} INFO - [2025-03-14T22:00:34.117+0000] {dag.py:3239} INFO - Sync 2 DAGs
[2025-03-14T22:00:34.127+0000] {logging_mixin.py:190} INFO - [2025-03-14T22:00:34.126+0000] {dag.py:4180} INFO - Setting next_dagrun for example_external_task_marker_child to None, run_after=None
[2025-03-14T22:00:34.130+0000] {logging_mixin.py:190} INFO - [2025-03-14T22:00:34.130+0000] {dag.py:4180} INFO - Setting next_dagrun for example_external_task_marker_parent to None, run_after=None
[2025-03-14T22:00:34.137+0000] {processor.py:208} INFO - Processing /home/airflow/.local/lib/python3.12/site-packages/airflow/example_dags/example_external_task_marker_dag.py took 0.039 seconds
[2025-03-14T22:01:05.075+0000] {processor.py:186} INFO - Started process (PID=1179) to work on /home/airflow/.local/lib/python3.12/site-packages/airflow/example_dags/example_external_task_marker_dag.py
[2025-03-14T22:01:05.076+0000] {processor.py:914} INFO - Processing file /home/airflow/.local/lib/python3.12/site-packages/airflow/example_dags/example_external_task_marker_dag.py for tasks to queue
[2025-03-14T22:01:05.078+0000] {logging_mixin.py:190} INFO - [2025-03-14T22:01:05.078+0000] {dagbag.py:588} INFO - Filling up the DagBag from /home/airflow/.local/lib/python3.12/site-packages/airflow/example_dags/example_external_task_marker_dag.py
[2025-03-14T22:01:05.083+0000] {processor.py:925} INFO - DAG(s) 'example_external_task_marker_child', 'example_external_task_marker_parent' retrieved from /home/airflow/.local/lib/python3.12/site-packages/airflow/example_dags/example_external_task_marker_dag.py
[2025-03-14T22:01:05.093+0000] {logging_mixin.py:190} INFO - [2025-03-14T22:01:05.093+0000] {dag.py:3239} INFO - Sync 2 DAGs
[2025-03-14T22:01:05.099+0000] {logging_mixin.py:190} INFO - [2025-03-14T22:01:05.099+0000] {dag.py:4180} INFO - Setting next_dagrun for example_external_task_marker_child to None, run_after=None
[2025-03-14T22:01:05.100+0000] {logging_mixin.py:190} INFO - [2025-03-14T22:01:05.100+0000] {dag.py:4180} INFO - Setting next_dagrun for example_external_task_marker_parent to None, run_after=None
[2025-03-14T22:01:05.107+0000] {processor.py:208} INFO - Processing /home/airflow/.local/lib/python3.12/site-packages/airflow/example_dags/example_external_task_marker_dag.py took 0.035 seconds
[2025-03-14T22:01:36.033+0000] {processor.py:186} INFO - Started process (PID=1242) to work on /home/airflow/.local/lib/python3.12/site-packages/airflow/example_dags/example_external_task_marker_dag.py
[2025-03-14T22:01:36.033+0000] {processor.py:914} INFO - Processing file /home/airflow/.local/lib/python3.12/site-packages/airflow/example_dags/example_external_task_marker_dag.py for tasks to queue
[2025-03-14T22:01:36.034+0000] {logging_mixin.py:190} INFO - [2025-03-14T22:01:36.034+0000] {dagbag.py:588} INFO - Filling up the DagBag from /home/airflow/.local/lib/python3.12/site-packages/airflow/example_dags/example_external_task_marker_dag.py
[2025-03-14T22:01:36.038+0000] {processor.py:925} INFO - DAG(s) 'example_external_task_marker_child', 'example_external_task_marker_parent' retrieved from /home/airflow/.local/lib/python3.12/site-packages/airflow/example_dags/example_external_task_marker_dag.py
[2025-03-14T22:01:36.047+0000] {logging_mixin.py:190} INFO - [2025-03-14T22:01:36.047+0000] {dag.py:3239} INFO - Sync 2 DAGs
[2025-03-14T22:01:36.052+0000] {logging_mixin.py:190} INFO - [2025-03-14T22:01:36.052+0000] {dag.py:4180} INFO - Setting next_dagrun for example_external_task_marker_child to None, run_after=None
[2025-03-14T22:01:36.054+0000] {logging_mixin.py:190} INFO - [2025-03-14T22:01:36.054+0000] {dag.py:4180} INFO - Setting next_dagrun for example_external_task_marker_parent to None, run_after=None
[2025-03-14T22:01:36.059+0000] {processor.py:208} INFO - Processing /home/airflow/.local/lib/python3.12/site-packages/airflow/example_dags/example_external_task_marker_dag.py took 0.029 seconds
[2025-03-14T22:02:06.779+0000] {processor.py:186} INFO - Started process (PID=1308) to work on /home/airflow/.local/lib/python3.12/site-packages/airflow/example_dags/example_external_task_marker_dag.py
[2025-03-14T22:02:06.780+0000] {processor.py:914} INFO - Processing file /home/airflow/.local/lib/python3.12/site-packages/airflow/example_dags/example_external_task_marker_dag.py for tasks to queue
[2025-03-14T22:02:06.781+0000] {logging_mixin.py:190} INFO - [2025-03-14T22:02:06.781+0000] {dagbag.py:588} INFO - Filling up the DagBag from /home/airflow/.local/lib/python3.12/site-packages/airflow/example_dags/example_external_task_marker_dag.py
[2025-03-14T22:02:06.785+0000] {processor.py:925} INFO - DAG(s) 'example_external_task_marker_child', 'example_external_task_marker_parent' retrieved from /home/airflow/.local/lib/python3.12/site-packages/airflow/example_dags/example_external_task_marker_dag.py
[2025-03-14T22:02:06.794+0000] {logging_mixin.py:190} INFO - [2025-03-14T22:02:06.794+0000] {dag.py:3239} INFO - Sync 2 DAGs
[2025-03-14T22:02:06.800+0000] {logging_mixin.py:190} INFO - [2025-03-14T22:02:06.800+0000] {dag.py:4180} INFO - Setting next_dagrun for example_external_task_marker_child to None, run_after=None
[2025-03-14T22:02:06.801+0000] {logging_mixin.py:190} INFO - [2025-03-14T22:02:06.801+0000] {dag.py:4180} INFO - Setting next_dagrun for example_external_task_marker_parent to None, run_after=None
[2025-03-14T22:02:06.808+0000] {processor.py:208} INFO - Processing /home/airflow/.local/lib/python3.12/site-packages/airflow/example_dags/example_external_task_marker_dag.py took 0.031 seconds
[2025-03-14T22:02:37.503+0000] {processor.py:186} INFO - Started process (PID=1371) to work on /home/airflow/.local/lib/python3.12/site-packages/airflow/example_dags/example_external_task_marker_dag.py
[2025-03-14T22:02:37.504+0000] {processor.py:914} INFO - Processing file /home/airflow/.local/lib/python3.12/site-packages/airflow/example_dags/example_external_task_marker_dag.py for tasks to queue
[2025-03-14T22:02:37.504+0000] {logging_mixin.py:190} INFO - [2025-03-14T22:02:37.504+0000] {dagbag.py:588} INFO - Filling up the DagBag from /home/airflow/.local/lib/python3.12/site-packages/airflow/example_dags/example_external_task_marker_dag.py
[2025-03-14T22:02:37.508+0000] {processor.py:925} INFO - DAG(s) 'example_external_task_marker_parent', 'example_external_task_marker_child' retrieved from /home/airflow/.local/lib/python3.12/site-packages/airflow/example_dags/example_external_task_marker_dag.py
[2025-03-14T22:02:37.518+0000] {logging_mixin.py:190} INFO - [2025-03-14T22:02:37.518+0000] {dag.py:3239} INFO - Sync 2 DAGs
[2025-03-14T22:02:37.523+0000] {logging_mixin.py:190} INFO - [2025-03-14T22:02:37.523+0000] {dag.py:4180} INFO - Setting next_dagrun for example_external_task_marker_child to None, run_after=None
[2025-03-14T22:02:37.525+0000] {logging_mixin.py:190} INFO - [2025-03-14T22:02:37.525+0000] {dag.py:4180} INFO - Setting next_dagrun for example_external_task_marker_parent to None, run_after=None
[2025-03-14T22:02:37.530+0000] {processor.py:208} INFO - Processing /home/airflow/.local/lib/python3.12/site-packages/airflow/example_dags/example_external_task_marker_dag.py took 0.030 seconds
[2025-03-14T22:03:08.219+0000] {processor.py:186} INFO - Started process (PID=1433) to work on /home/airflow/.local/lib/python3.12/site-packages/airflow/example_dags/example_external_task_marker_dag.py
[2025-03-14T22:03:08.220+0000] {processor.py:914} INFO - Processing file /home/airflow/.local/lib/python3.12/site-packages/airflow/example_dags/example_external_task_marker_dag.py for tasks to queue
[2025-03-14T22:03:08.222+0000] {logging_mixin.py:190} INFO - [2025-03-14T22:03:08.222+0000] {dagbag.py:588} INFO - Filling up the DagBag from /home/airflow/.local/lib/python3.12/site-packages/airflow/example_dags/example_external_task_marker_dag.py
[2025-03-14T22:03:08.228+0000] {processor.py:925} INFO - DAG(s) 'example_external_task_marker_child', 'example_external_task_marker_parent' retrieved from /home/airflow/.local/lib/python3.12/site-packages/airflow/example_dags/example_external_task_marker_dag.py
[2025-03-14T22:03:08.240+0000] {logging_mixin.py:190} INFO - [2025-03-14T22:03:08.240+0000] {dag.py:3239} INFO - Sync 2 DAGs
[2025-03-14T22:03:08.247+0000] {logging_mixin.py:190} INFO - [2025-03-14T22:03:08.247+0000] {dag.py:4180} INFO - Setting next_dagrun for example_external_task_marker_child to None, run_after=None
[2025-03-14T22:03:08.250+0000] {logging_mixin.py:190} INFO - [2025-03-14T22:03:08.250+0000] {dag.py:4180} INFO - Setting next_dagrun for example_external_task_marker_parent to None, run_after=None
[2025-03-14T22:03:08.258+0000] {processor.py:208} INFO - Processing /home/airflow/.local/lib/python3.12/site-packages/airflow/example_dags/example_external_task_marker_dag.py took 0.043 seconds
[2025-03-14T22:03:39.290+0000] {processor.py:186} INFO - Started process (PID=1496) to work on /home/airflow/.local/lib/python3.12/site-packages/airflow/example_dags/example_external_task_marker_dag.py
[2025-03-14T22:03:39.294+0000] {processor.py:914} INFO - Processing file /home/airflow/.local/lib/python3.12/site-packages/airflow/example_dags/example_external_task_marker_dag.py for tasks to queue
[2025-03-14T22:03:39.296+0000] {logging_mixin.py:190} INFO - [2025-03-14T22:03:39.295+0000] {dagbag.py:588} INFO - Filling up the DagBag from /home/airflow/.local/lib/python3.12/site-packages/airflow/example_dags/example_external_task_marker_dag.py
[2025-03-14T22:03:39.304+0000] {processor.py:925} INFO - DAG(s) 'example_external_task_marker_parent', 'example_external_task_marker_child' retrieved from /home/airflow/.local/lib/python3.12/site-packages/airflow/example_dags/example_external_task_marker_dag.py
[2025-03-14T22:03:39.319+0000] {logging_mixin.py:190} INFO - [2025-03-14T22:03:39.319+0000] {dag.py:3239} INFO - Sync 2 DAGs
[2025-03-14T22:03:39.330+0000] {logging_mixin.py:190} INFO - [2025-03-14T22:03:39.330+0000] {dag.py:4180} INFO - Setting next_dagrun for example_external_task_marker_child to None, run_after=None
[2025-03-14T22:03:39.333+0000] {logging_mixin.py:190} INFO - [2025-03-14T22:03:39.333+0000] {dag.py:4180} INFO - Setting next_dagrun for example_external_task_marker_parent to None, run_after=None
[2025-03-14T22:03:39.344+0000] {processor.py:208} INFO - Processing /home/airflow/.local/lib/python3.12/site-packages/airflow/example_dags/example_external_task_marker_dag.py took 0.065 seconds
