[2025-03-14T21:35:10.838+0000] {processor.py:186} INFO - Started process (PID=105) to work on /home/airflow/.local/lib/python3.12/site-packages/airflow/example_dags/example_sla_dag.py
[2025-03-14T21:35:10.838+0000] {processor.py:914} INFO - Processing file /home/airflow/.local/lib/python3.12/site-packages/airflow/example_dags/example_sla_dag.py for tasks to queue
[2025-03-14T21:35:10.840+0000] {logging_mixin.py:190} INFO - [2025-03-14T21:35:10.840+0000] {dagbag.py:588} INFO - Filling up the DagBag from /home/airflow/.local/lib/python3.12/site-packages/airflow/example_dags/example_sla_dag.py
[2025-03-14T21:35:10.847+0000] {processor.py:925} INFO - DAG(s) 'example_sla_dag' retrieved from /home/airflow/.local/lib/python3.12/site-packages/airflow/example_dags/example_sla_dag.py
[2025-03-14T21:35:10.920+0000] {logging_mixin.py:190} INFO - [2025-03-14T21:35:10.920+0000] {override.py:1912} INFO - Created Permission View: can edit on DAG:example_sla_dag
[2025-03-14T21:35:10.925+0000] {logging_mixin.py:190} INFO - [2025-03-14T21:35:10.925+0000] {override.py:1912} INFO - Created Permission View: can delete on DAG:example_sla_dag
[2025-03-14T21:35:10.931+0000] {logging_mixin.py:190} INFO - [2025-03-14T21:35:10.931+0000] {override.py:1912} INFO - Created Permission View: can read on DAG:example_sla_dag
[2025-03-14T21:35:10.935+0000] {logging_mixin.py:190} INFO - [2025-03-14T21:35:10.935+0000] {override.py:1912} INFO - Created Permission View: menu access on DAG Run:example_sla_dag
[2025-03-14T21:35:10.937+0000] {logging_mixin.py:190} INFO - [2025-03-14T21:35:10.937+0000] {override.py:1912} INFO - Created Permission View: can create on DAG Run:example_sla_dag
[2025-03-14T21:35:10.940+0000] {logging_mixin.py:190} INFO - [2025-03-14T21:35:10.940+0000] {override.py:1912} INFO - Created Permission View: can delete on DAG Run:example_sla_dag
[2025-03-14T21:35:10.943+0000] {logging_mixin.py:190} INFO - [2025-03-14T21:35:10.943+0000] {override.py:1912} INFO - Created Permission View: can read on DAG Run:example_sla_dag
[2025-03-14T21:35:10.943+0000] {logging_mixin.py:190} INFO - [2025-03-14T21:35:10.943+0000] {dag.py:3239} INFO - Sync 1 DAGs
[2025-03-14T21:35:10.950+0000] {logging_mixin.py:190} INFO - [2025-03-14T21:35:10.950+0000] {dag.py:3262} INFO - Creating ORM DAG for example_sla_dag
[2025-03-14T21:35:10.958+0000] {logging_mixin.py:190} INFO - [2025-03-14T21:35:10.958+0000] {dag.py:4180} INFO - Setting next_dagrun for example_sla_dag to 2025-03-14 21:32:00+00:00, run_after=2025-03-14 21:34:00+00:00
[2025-03-14T21:35:10.965+0000] {processor.py:208} INFO - Processing /home/airflow/.local/lib/python3.12/site-packages/airflow/example_dags/example_sla_dag.py took 0.131 seconds
[2025-03-14T21:35:41.815+0000] {processor.py:186} INFO - Started process (PID=168) to work on /home/airflow/.local/lib/python3.12/site-packages/airflow/example_dags/example_sla_dag.py
[2025-03-14T21:35:41.816+0000] {processor.py:914} INFO - Processing file /home/airflow/.local/lib/python3.12/site-packages/airflow/example_dags/example_sla_dag.py for tasks to queue
[2025-03-14T21:35:41.817+0000] {logging_mixin.py:190} INFO - [2025-03-14T21:35:41.817+0000] {dagbag.py:588} INFO - Filling up the DagBag from /home/airflow/.local/lib/python3.12/site-packages/airflow/example_dags/example_sla_dag.py
[2025-03-14T21:35:41.824+0000] {processor.py:925} INFO - DAG(s) 'example_sla_dag' retrieved from /home/airflow/.local/lib/python3.12/site-packages/airflow/example_dags/example_sla_dag.py
[2025-03-14T21:35:41.838+0000] {logging_mixin.py:190} INFO - [2025-03-14T21:35:41.837+0000] {dag.py:3239} INFO - Sync 1 DAGs
[2025-03-14T21:35:41.855+0000] {logging_mixin.py:190} INFO - [2025-03-14T21:35:41.854+0000] {dag.py:4180} INFO - Setting next_dagrun for example_sla_dag to 2025-03-14 21:32:00+00:00, run_after=2025-03-14 21:34:00+00:00
[2025-03-14T21:35:41.862+0000] {processor.py:208} INFO - Processing /home/airflow/.local/lib/python3.12/site-packages/airflow/example_dags/example_sla_dag.py took 0.050 seconds
[2025-03-14T21:36:13.746+0000] {processor.py:186} INFO - Started process (PID=231) to work on /home/airflow/.local/lib/python3.12/site-packages/airflow/example_dags/example_sla_dag.py
[2025-03-14T21:36:13.749+0000] {processor.py:914} INFO - Processing file /home/airflow/.local/lib/python3.12/site-packages/airflow/example_dags/example_sla_dag.py for tasks to queue
[2025-03-14T21:36:13.753+0000] {logging_mixin.py:190} INFO - [2025-03-14T21:36:13.752+0000] {dagbag.py:588} INFO - Filling up the DagBag from /home/airflow/.local/lib/python3.12/site-packages/airflow/example_dags/example_sla_dag.py
[2025-03-14T21:36:13.761+0000] {processor.py:925} INFO - DAG(s) 'example_sla_dag' retrieved from /home/airflow/.local/lib/python3.12/site-packages/airflow/example_dags/example_sla_dag.py
[2025-03-14T21:36:13.790+0000] {logging_mixin.py:190} INFO - [2025-03-14T21:36:13.789+0000] {dag.py:3239} INFO - Sync 1 DAGs
[2025-03-14T21:36:13.817+0000] {logging_mixin.py:190} INFO - [2025-03-14T21:36:13.817+0000] {dag.py:4180} INFO - Setting next_dagrun for example_sla_dag to 2025-03-14 21:34:00+00:00, run_after=2025-03-14 21:36:00+00:00
[2025-03-14T21:36:13.829+0000] {processor.py:208} INFO - Processing /home/airflow/.local/lib/python3.12/site-packages/airflow/example_dags/example_sla_dag.py took 0.103 seconds
[2025-03-14T21:36:46.831+0000] {processor.py:186} INFO - Started process (PID=293) to work on /home/airflow/.local/lib/python3.12/site-packages/airflow/example_dags/example_sla_dag.py
[2025-03-14T21:36:46.833+0000] {processor.py:914} INFO - Processing file /home/airflow/.local/lib/python3.12/site-packages/airflow/example_dags/example_sla_dag.py for tasks to queue
[2025-03-14T21:36:46.839+0000] {logging_mixin.py:190} INFO - [2025-03-14T21:36:46.839+0000] {dagbag.py:588} INFO - Filling up the DagBag from /home/airflow/.local/lib/python3.12/site-packages/airflow/example_dags/example_sla_dag.py
[2025-03-14T21:36:46.867+0000] {processor.py:925} INFO - DAG(s) 'example_sla_dag' retrieved from /home/airflow/.local/lib/python3.12/site-packages/airflow/example_dags/example_sla_dag.py
[2025-03-14T21:36:46.900+0000] {logging_mixin.py:190} INFO - [2025-03-14T21:36:46.899+0000] {dag.py:3239} INFO - Sync 1 DAGs
[2025-03-14T21:36:46.928+0000] {logging_mixin.py:190} INFO - [2025-03-14T21:36:46.928+0000] {dag.py:4180} INFO - Setting next_dagrun for example_sla_dag to 2025-03-14 21:34:00+00:00, run_after=2025-03-14 21:36:00+00:00
[2025-03-14T21:36:46.961+0000] {processor.py:208} INFO - Processing /home/airflow/.local/lib/python3.12/site-packages/airflow/example_dags/example_sla_dag.py took 0.139 seconds
[2025-03-14T21:37:17.895+0000] {processor.py:186} INFO - Started process (PID=356) to work on /home/airflow/.local/lib/python3.12/site-packages/airflow/example_dags/example_sla_dag.py
[2025-03-14T21:37:17.896+0000] {processor.py:914} INFO - Processing file /home/airflow/.local/lib/python3.12/site-packages/airflow/example_dags/example_sla_dag.py for tasks to queue
[2025-03-14T21:37:17.897+0000] {logging_mixin.py:190} INFO - [2025-03-14T21:37:17.897+0000] {dagbag.py:588} INFO - Filling up the DagBag from /home/airflow/.local/lib/python3.12/site-packages/airflow/example_dags/example_sla_dag.py
[2025-03-14T21:37:17.903+0000] {processor.py:925} INFO - DAG(s) 'example_sla_dag' retrieved from /home/airflow/.local/lib/python3.12/site-packages/airflow/example_dags/example_sla_dag.py
[2025-03-14T21:37:17.931+0000] {logging_mixin.py:190} INFO - [2025-03-14T21:37:17.930+0000] {dag.py:3239} INFO - Sync 1 DAGs
[2025-03-14T21:37:17.944+0000] {logging_mixin.py:190} INFO - [2025-03-14T21:37:17.944+0000] {dag.py:4180} INFO - Setting next_dagrun for example_sla_dag to 2025-03-14 21:34:00+00:00, run_after=2025-03-14 21:36:00+00:00
[2025-03-14T21:37:17.953+0000] {processor.py:208} INFO - Processing /home/airflow/.local/lib/python3.12/site-packages/airflow/example_dags/example_sla_dag.py took 0.060 seconds
[2025-03-14T21:37:50.633+0000] {processor.py:186} INFO - Started process (PID=419) to work on /home/airflow/.local/lib/python3.12/site-packages/airflow/example_dags/example_sla_dag.py
[2025-03-14T21:37:50.634+0000] {processor.py:914} INFO - Processing file /home/airflow/.local/lib/python3.12/site-packages/airflow/example_dags/example_sla_dag.py for tasks to queue
[2025-03-14T21:37:50.636+0000] {logging_mixin.py:190} INFO - [2025-03-14T21:37:50.635+0000] {dagbag.py:588} INFO - Filling up the DagBag from /home/airflow/.local/lib/python3.12/site-packages/airflow/example_dags/example_sla_dag.py
[2025-03-14T21:37:50.643+0000] {processor.py:925} INFO - DAG(s) 'example_sla_dag' retrieved from /home/airflow/.local/lib/python3.12/site-packages/airflow/example_dags/example_sla_dag.py
[2025-03-14T21:37:50.653+0000] {logging_mixin.py:190} INFO - [2025-03-14T21:37:50.653+0000] {dag.py:3239} INFO - Sync 1 DAGs
[2025-03-14T21:37:50.665+0000] {logging_mixin.py:190} INFO - [2025-03-14T21:37:50.665+0000] {dag.py:4180} INFO - Setting next_dagrun for example_sla_dag to 2025-03-14 21:34:00+00:00, run_after=2025-03-14 21:36:00+00:00
[2025-03-14T21:37:50.673+0000] {processor.py:208} INFO - Processing /home/airflow/.local/lib/python3.12/site-packages/airflow/example_dags/example_sla_dag.py took 0.044 seconds
[2025-03-14T21:38:21.914+0000] {processor.py:186} INFO - Started process (PID=481) to work on /home/airflow/.local/lib/python3.12/site-packages/airflow/example_dags/example_sla_dag.py
[2025-03-14T21:38:21.915+0000] {processor.py:914} INFO - Processing file /home/airflow/.local/lib/python3.12/site-packages/airflow/example_dags/example_sla_dag.py for tasks to queue
[2025-03-14T21:38:21.916+0000] {logging_mixin.py:190} INFO - [2025-03-14T21:38:21.916+0000] {dagbag.py:588} INFO - Filling up the DagBag from /home/airflow/.local/lib/python3.12/site-packages/airflow/example_dags/example_sla_dag.py
[2025-03-14T21:38:21.928+0000] {processor.py:925} INFO - DAG(s) 'example_sla_dag' retrieved from /home/airflow/.local/lib/python3.12/site-packages/airflow/example_dags/example_sla_dag.py
[2025-03-14T21:38:21.941+0000] {logging_mixin.py:190} INFO - [2025-03-14T21:38:21.941+0000] {dag.py:3239} INFO - Sync 1 DAGs
[2025-03-14T21:38:21.954+0000] {logging_mixin.py:190} INFO - [2025-03-14T21:38:21.954+0000] {dag.py:4180} INFO - Setting next_dagrun for example_sla_dag to 2025-03-14 21:36:00+00:00, run_after=2025-03-14 21:38:00+00:00
[2025-03-14T21:38:21.965+0000] {processor.py:208} INFO - Processing /home/airflow/.local/lib/python3.12/site-packages/airflow/example_dags/example_sla_dag.py took 0.054 seconds
[2025-03-14T21:38:52.959+0000] {processor.py:186} INFO - Started process (PID=544) to work on /home/airflow/.local/lib/python3.12/site-packages/airflow/example_dags/example_sla_dag.py
[2025-03-14T21:38:52.959+0000] {processor.py:914} INFO - Processing file /home/airflow/.local/lib/python3.12/site-packages/airflow/example_dags/example_sla_dag.py for tasks to queue
[2025-03-14T21:38:52.960+0000] {logging_mixin.py:190} INFO - [2025-03-14T21:38:52.960+0000] {dagbag.py:588} INFO - Filling up the DagBag from /home/airflow/.local/lib/python3.12/site-packages/airflow/example_dags/example_sla_dag.py
[2025-03-14T21:38:52.967+0000] {processor.py:925} INFO - DAG(s) 'example_sla_dag' retrieved from /home/airflow/.local/lib/python3.12/site-packages/airflow/example_dags/example_sla_dag.py
[2025-03-14T21:38:52.978+0000] {logging_mixin.py:190} INFO - [2025-03-14T21:38:52.977+0000] {dag.py:3239} INFO - Sync 1 DAGs
[2025-03-14T21:38:52.990+0000] {logging_mixin.py:190} INFO - [2025-03-14T21:38:52.990+0000] {dag.py:4180} INFO - Setting next_dagrun for example_sla_dag to 2025-03-14 21:36:00+00:00, run_after=2025-03-14 21:38:00+00:00
[2025-03-14T21:38:53.004+0000] {processor.py:208} INFO - Processing /home/airflow/.local/lib/python3.12/site-packages/airflow/example_dags/example_sla_dag.py took 0.048 seconds
[2025-03-14T21:39:23.780+0000] {processor.py:186} INFO - Started process (PID=607) to work on /home/airflow/.local/lib/python3.12/site-packages/airflow/example_dags/example_sla_dag.py
[2025-03-14T21:39:23.781+0000] {processor.py:914} INFO - Processing file /home/airflow/.local/lib/python3.12/site-packages/airflow/example_dags/example_sla_dag.py for tasks to queue
[2025-03-14T21:39:23.782+0000] {logging_mixin.py:190} INFO - [2025-03-14T21:39:23.782+0000] {dagbag.py:588} INFO - Filling up the DagBag from /home/airflow/.local/lib/python3.12/site-packages/airflow/example_dags/example_sla_dag.py
[2025-03-14T21:39:23.791+0000] {processor.py:925} INFO - DAG(s) 'example_sla_dag' retrieved from /home/airflow/.local/lib/python3.12/site-packages/airflow/example_dags/example_sla_dag.py
[2025-03-14T21:39:23.805+0000] {logging_mixin.py:190} INFO - [2025-03-14T21:39:23.805+0000] {dag.py:3239} INFO - Sync 1 DAGs
[2025-03-14T21:39:23.827+0000] {logging_mixin.py:190} INFO - [2025-03-14T21:39:23.827+0000] {dag.py:4180} INFO - Setting next_dagrun for example_sla_dag to 2025-03-14 21:36:00+00:00, run_after=2025-03-14 21:38:00+00:00
[2025-03-14T21:39:23.836+0000] {processor.py:208} INFO - Processing /home/airflow/.local/lib/python3.12/site-packages/airflow/example_dags/example_sla_dag.py took 0.059 seconds
[2025-03-14T21:44:23.895+0000] {processor.py:186} INFO - Started process (PID=114) to work on /home/airflow/.local/lib/python3.12/site-packages/airflow/example_dags/example_sla_dag.py
[2025-03-14T21:44:23.903+0000] {processor.py:914} INFO - Processing file /home/airflow/.local/lib/python3.12/site-packages/airflow/example_dags/example_sla_dag.py for tasks to queue
[2025-03-14T21:44:23.905+0000] {logging_mixin.py:190} INFO - [2025-03-14T21:44:23.904+0000] {dagbag.py:588} INFO - Filling up the DagBag from /home/airflow/.local/lib/python3.12/site-packages/airflow/example_dags/example_sla_dag.py
[2025-03-14T21:44:23.911+0000] {processor.py:925} INFO - DAG(s) 'example_sla_dag' retrieved from /home/airflow/.local/lib/python3.12/site-packages/airflow/example_dags/example_sla_dag.py
[2025-03-14T21:44:23.936+0000] {logging_mixin.py:190} INFO - [2025-03-14T21:44:23.936+0000] {dag.py:3239} INFO - Sync 1 DAGs
[2025-03-14T21:44:23.958+0000] {logging_mixin.py:190} INFO - [2025-03-14T21:44:23.958+0000] {dag.py:4180} INFO - Setting next_dagrun for example_sla_dag to 2025-03-14 21:42:00+00:00, run_after=2025-03-14 21:44:00+00:00
[2025-03-14T21:44:23.977+0000] {processor.py:208} INFO - Processing /home/airflow/.local/lib/python3.12/site-packages/airflow/example_dags/example_sla_dag.py took 0.092 seconds
[2025-03-14T21:44:54.873+0000] {processor.py:186} INFO - Started process (PID=176) to work on /home/airflow/.local/lib/python3.12/site-packages/airflow/example_dags/example_sla_dag.py
[2025-03-14T21:44:54.873+0000] {processor.py:914} INFO - Processing file /home/airflow/.local/lib/python3.12/site-packages/airflow/example_dags/example_sla_dag.py for tasks to queue
[2025-03-14T21:44:54.875+0000] {logging_mixin.py:190} INFO - [2025-03-14T21:44:54.875+0000] {dagbag.py:588} INFO - Filling up the DagBag from /home/airflow/.local/lib/python3.12/site-packages/airflow/example_dags/example_sla_dag.py
[2025-03-14T21:44:54.882+0000] {processor.py:925} INFO - DAG(s) 'example_sla_dag' retrieved from /home/airflow/.local/lib/python3.12/site-packages/airflow/example_dags/example_sla_dag.py
[2025-03-14T21:44:54.895+0000] {logging_mixin.py:190} INFO - [2025-03-14T21:44:54.895+0000] {dag.py:3239} INFO - Sync 1 DAGs
[2025-03-14T21:44:54.909+0000] {logging_mixin.py:190} INFO - [2025-03-14T21:44:54.909+0000] {dag.py:4180} INFO - Setting next_dagrun for example_sla_dag to 2025-03-14 21:42:00+00:00, run_after=2025-03-14 21:44:00+00:00
[2025-03-14T21:44:54.919+0000] {processor.py:208} INFO - Processing /home/airflow/.local/lib/python3.12/site-packages/airflow/example_dags/example_sla_dag.py took 0.049 seconds
[2025-03-14T21:45:26.233+0000] {processor.py:186} INFO - Started process (PID=239) to work on /home/airflow/.local/lib/python3.12/site-packages/airflow/example_dags/example_sla_dag.py
[2025-03-14T21:45:26.236+0000] {processor.py:914} INFO - Processing file /home/airflow/.local/lib/python3.12/site-packages/airflow/example_dags/example_sla_dag.py for tasks to queue
[2025-03-14T21:45:26.242+0000] {logging_mixin.py:190} INFO - [2025-03-14T21:45:26.241+0000] {dagbag.py:588} INFO - Filling up the DagBag from /home/airflow/.local/lib/python3.12/site-packages/airflow/example_dags/example_sla_dag.py
[2025-03-14T21:45:26.278+0000] {processor.py:925} INFO - DAG(s) 'example_sla_dag' retrieved from /home/airflow/.local/lib/python3.12/site-packages/airflow/example_dags/example_sla_dag.py
[2025-03-14T21:45:26.302+0000] {logging_mixin.py:190} INFO - [2025-03-14T21:45:26.301+0000] {dag.py:3239} INFO - Sync 1 DAGs
[2025-03-14T21:45:26.320+0000] {logging_mixin.py:190} INFO - [2025-03-14T21:45:26.320+0000] {dag.py:4180} INFO - Setting next_dagrun for example_sla_dag to 2025-03-14 21:42:00+00:00, run_after=2025-03-14 21:44:00+00:00
[2025-03-14T21:45:26.337+0000] {processor.py:208} INFO - Processing /home/airflow/.local/lib/python3.12/site-packages/airflow/example_dags/example_sla_dag.py took 0.110 seconds
[2025-03-14T21:46:00.866+0000] {processor.py:186} INFO - Started process (PID=308) to work on /home/airflow/.local/lib/python3.12/site-packages/airflow/example_dags/example_sla_dag.py
[2025-03-14T21:46:00.870+0000] {processor.py:914} INFO - Processing file /home/airflow/.local/lib/python3.12/site-packages/airflow/example_dags/example_sla_dag.py for tasks to queue
[2025-03-14T21:46:00.873+0000] {logging_mixin.py:190} INFO - [2025-03-14T21:46:00.873+0000] {dagbag.py:588} INFO - Filling up the DagBag from /home/airflow/.local/lib/python3.12/site-packages/airflow/example_dags/example_sla_dag.py
[2025-03-14T21:46:00.882+0000] {processor.py:925} INFO - DAG(s) 'example_sla_dag' retrieved from /home/airflow/.local/lib/python3.12/site-packages/airflow/example_dags/example_sla_dag.py
[2025-03-14T21:46:00.905+0000] {logging_mixin.py:190} INFO - [2025-03-14T21:46:00.905+0000] {dag.py:3239} INFO - Sync 1 DAGs
[2025-03-14T21:46:00.929+0000] {logging_mixin.py:190} INFO - [2025-03-14T21:46:00.929+0000] {dag.py:4180} INFO - Setting next_dagrun for example_sla_dag to 2025-03-14 21:44:00+00:00, run_after=2025-03-14 21:46:00+00:00
[2025-03-14T21:46:00.953+0000] {processor.py:208} INFO - Processing /home/airflow/.local/lib/python3.12/site-packages/airflow/example_dags/example_sla_dag.py took 0.092 seconds
[2025-03-14T21:46:35.903+0000] {processor.py:186} INFO - Started process (PID=377) to work on /home/airflow/.local/lib/python3.12/site-packages/airflow/example_dags/example_sla_dag.py
[2025-03-14T21:46:35.904+0000] {processor.py:914} INFO - Processing file /home/airflow/.local/lib/python3.12/site-packages/airflow/example_dags/example_sla_dag.py for tasks to queue
[2025-03-14T21:46:35.906+0000] {logging_mixin.py:190} INFO - [2025-03-14T21:46:35.906+0000] {dagbag.py:588} INFO - Filling up the DagBag from /home/airflow/.local/lib/python3.12/site-packages/airflow/example_dags/example_sla_dag.py
[2025-03-14T21:46:35.912+0000] {processor.py:925} INFO - DAG(s) 'example_sla_dag' retrieved from /home/airflow/.local/lib/python3.12/site-packages/airflow/example_dags/example_sla_dag.py
[2025-03-14T21:46:35.935+0000] {logging_mixin.py:190} INFO - [2025-03-14T21:46:35.934+0000] {dag.py:3239} INFO - Sync 1 DAGs
[2025-03-14T21:46:35.970+0000] {logging_mixin.py:190} INFO - [2025-03-14T21:46:35.969+0000] {dag.py:4180} INFO - Setting next_dagrun for example_sla_dag to 2025-03-14 21:44:00+00:00, run_after=2025-03-14 21:46:00+00:00
[2025-03-14T21:46:35.983+0000] {processor.py:208} INFO - Processing /home/airflow/.local/lib/python3.12/site-packages/airflow/example_dags/example_sla_dag.py took 0.084 seconds
[2025-03-14T21:52:14.569+0000] {processor.py:186} INFO - Started process (PID=106) to work on /home/airflow/.local/lib/python3.12/site-packages/airflow/example_dags/example_sla_dag.py
[2025-03-14T21:52:14.572+0000] {processor.py:914} INFO - Processing file /home/airflow/.local/lib/python3.12/site-packages/airflow/example_dags/example_sla_dag.py for tasks to queue
[2025-03-14T21:52:14.578+0000] {logging_mixin.py:190} INFO - [2025-03-14T21:52:14.578+0000] {dagbag.py:588} INFO - Filling up the DagBag from /home/airflow/.local/lib/python3.12/site-packages/airflow/example_dags/example_sla_dag.py
[2025-03-14T21:52:14.587+0000] {processor.py:925} INFO - DAG(s) 'example_sla_dag' retrieved from /home/airflow/.local/lib/python3.12/site-packages/airflow/example_dags/example_sla_dag.py
[2025-03-14T21:52:14.607+0000] {logging_mixin.py:190} INFO - [2025-03-14T21:52:14.607+0000] {dag.py:3239} INFO - Sync 1 DAGs
[2025-03-14T21:52:14.630+0000] {logging_mixin.py:190} INFO - [2025-03-14T21:52:14.630+0000] {dag.py:4180} INFO - Setting next_dagrun for example_sla_dag to 2025-03-14 21:50:00+00:00, run_after=2025-03-14 21:52:00+00:00
[2025-03-14T21:52:14.641+0000] {processor.py:208} INFO - Processing /home/airflow/.local/lib/python3.12/site-packages/airflow/example_dags/example_sla_dag.py took 0.078 seconds
[2025-03-14T21:52:45.352+0000] {processor.py:186} INFO - Started process (PID=169) to work on /home/airflow/.local/lib/python3.12/site-packages/airflow/example_dags/example_sla_dag.py
[2025-03-14T21:52:45.352+0000] {processor.py:914} INFO - Processing file /home/airflow/.local/lib/python3.12/site-packages/airflow/example_dags/example_sla_dag.py for tasks to queue
[2025-03-14T21:52:45.354+0000] {logging_mixin.py:190} INFO - [2025-03-14T21:52:45.354+0000] {dagbag.py:588} INFO - Filling up the DagBag from /home/airflow/.local/lib/python3.12/site-packages/airflow/example_dags/example_sla_dag.py
[2025-03-14T21:52:45.362+0000] {processor.py:925} INFO - DAG(s) 'example_sla_dag' retrieved from /home/airflow/.local/lib/python3.12/site-packages/airflow/example_dags/example_sla_dag.py
[2025-03-14T21:52:45.374+0000] {logging_mixin.py:190} INFO - [2025-03-14T21:52:45.374+0000] {dag.py:3239} INFO - Sync 1 DAGs
[2025-03-14T21:52:45.392+0000] {logging_mixin.py:190} INFO - [2025-03-14T21:52:45.392+0000] {dag.py:4180} INFO - Setting next_dagrun for example_sla_dag to 2025-03-14 21:50:00+00:00, run_after=2025-03-14 21:52:00+00:00
[2025-03-14T21:52:45.403+0000] {processor.py:208} INFO - Processing /home/airflow/.local/lib/python3.12/site-packages/airflow/example_dags/example_sla_dag.py took 0.054 seconds
[2025-03-14T21:53:16.626+0000] {processor.py:186} INFO - Started process (PID=232) to work on /home/airflow/.local/lib/python3.12/site-packages/airflow/example_dags/example_sla_dag.py
[2025-03-14T21:53:16.627+0000] {processor.py:914} INFO - Processing file /home/airflow/.local/lib/python3.12/site-packages/airflow/example_dags/example_sla_dag.py for tasks to queue
[2025-03-14T21:53:16.628+0000] {logging_mixin.py:190} INFO - [2025-03-14T21:53:16.628+0000] {dagbag.py:588} INFO - Filling up the DagBag from /home/airflow/.local/lib/python3.12/site-packages/airflow/example_dags/example_sla_dag.py
[2025-03-14T21:53:16.633+0000] {processor.py:925} INFO - DAG(s) 'example_sla_dag' retrieved from /home/airflow/.local/lib/python3.12/site-packages/airflow/example_dags/example_sla_dag.py
[2025-03-14T21:53:16.642+0000] {logging_mixin.py:190} INFO - [2025-03-14T21:53:16.642+0000] {dag.py:3239} INFO - Sync 1 DAGs
[2025-03-14T21:53:16.652+0000] {logging_mixin.py:190} INFO - [2025-03-14T21:53:16.652+0000] {dag.py:4180} INFO - Setting next_dagrun for example_sla_dag to 2025-03-14 21:50:00+00:00, run_after=2025-03-14 21:52:00+00:00
[2025-03-14T21:53:16.662+0000] {processor.py:208} INFO - Processing /home/airflow/.local/lib/python3.12/site-packages/airflow/example_dags/example_sla_dag.py took 0.038 seconds
[2025-03-14T21:53:48.436+0000] {processor.py:186} INFO - Started process (PID=295) to work on /home/airflow/.local/lib/python3.12/site-packages/airflow/example_dags/example_sla_dag.py
[2025-03-14T21:53:48.437+0000] {processor.py:914} INFO - Processing file /home/airflow/.local/lib/python3.12/site-packages/airflow/example_dags/example_sla_dag.py for tasks to queue
[2025-03-14T21:53:48.439+0000] {logging_mixin.py:190} INFO - [2025-03-14T21:53:48.439+0000] {dagbag.py:588} INFO - Filling up the DagBag from /home/airflow/.local/lib/python3.12/site-packages/airflow/example_dags/example_sla_dag.py
[2025-03-14T21:53:48.446+0000] {processor.py:925} INFO - DAG(s) 'example_sla_dag' retrieved from /home/airflow/.local/lib/python3.12/site-packages/airflow/example_dags/example_sla_dag.py
[2025-03-14T21:53:48.459+0000] {logging_mixin.py:190} INFO - [2025-03-14T21:53:48.459+0000] {dag.py:3239} INFO - Sync 1 DAGs
[2025-03-14T21:53:48.471+0000] {logging_mixin.py:190} INFO - [2025-03-14T21:53:48.471+0000] {dag.py:4180} INFO - Setting next_dagrun for example_sla_dag to 2025-03-14 21:50:00+00:00, run_after=2025-03-14 21:52:00+00:00
[2025-03-14T21:53:48.482+0000] {processor.py:208} INFO - Processing /home/airflow/.local/lib/python3.12/site-packages/airflow/example_dags/example_sla_dag.py took 0.050 seconds
[2025-03-14T21:54:20.723+0000] {processor.py:186} INFO - Started process (PID=358) to work on /home/airflow/.local/lib/python3.12/site-packages/airflow/example_dags/example_sla_dag.py
[2025-03-14T21:54:20.724+0000] {processor.py:914} INFO - Processing file /home/airflow/.local/lib/python3.12/site-packages/airflow/example_dags/example_sla_dag.py for tasks to queue
[2025-03-14T21:54:20.725+0000] {logging_mixin.py:190} INFO - [2025-03-14T21:54:20.725+0000] {dagbag.py:588} INFO - Filling up the DagBag from /home/airflow/.local/lib/python3.12/site-packages/airflow/example_dags/example_sla_dag.py
[2025-03-14T21:54:20.731+0000] {processor.py:925} INFO - DAG(s) 'example_sla_dag' retrieved from /home/airflow/.local/lib/python3.12/site-packages/airflow/example_dags/example_sla_dag.py
[2025-03-14T21:54:20.743+0000] {logging_mixin.py:190} INFO - [2025-03-14T21:54:20.743+0000] {dag.py:3239} INFO - Sync 1 DAGs
[2025-03-14T21:54:20.758+0000] {logging_mixin.py:190} INFO - [2025-03-14T21:54:20.758+0000] {dag.py:4180} INFO - Setting next_dagrun for example_sla_dag to 2025-03-14 21:52:00+00:00, run_after=2025-03-14 21:54:00+00:00
[2025-03-14T21:54:20.768+0000] {processor.py:208} INFO - Processing /home/airflow/.local/lib/python3.12/site-packages/airflow/example_dags/example_sla_dag.py took 0.049 seconds
[2025-03-14T21:54:51.371+0000] {processor.py:186} INFO - Started process (PID=421) to work on /home/airflow/.local/lib/python3.12/site-packages/airflow/example_dags/example_sla_dag.py
[2025-03-14T21:54:51.372+0000] {processor.py:914} INFO - Processing file /home/airflow/.local/lib/python3.12/site-packages/airflow/example_dags/example_sla_dag.py for tasks to queue
[2025-03-14T21:54:51.373+0000] {logging_mixin.py:190} INFO - [2025-03-14T21:54:51.373+0000] {dagbag.py:588} INFO - Filling up the DagBag from /home/airflow/.local/lib/python3.12/site-packages/airflow/example_dags/example_sla_dag.py
[2025-03-14T21:54:51.383+0000] {processor.py:925} INFO - DAG(s) 'example_sla_dag' retrieved from /home/airflow/.local/lib/python3.12/site-packages/airflow/example_dags/example_sla_dag.py
[2025-03-14T21:54:51.395+0000] {logging_mixin.py:190} INFO - [2025-03-14T21:54:51.395+0000] {dag.py:3239} INFO - Sync 1 DAGs
[2025-03-14T21:54:51.408+0000] {logging_mixin.py:190} INFO - [2025-03-14T21:54:51.408+0000] {dag.py:4180} INFO - Setting next_dagrun for example_sla_dag to 2025-03-14 21:52:00+00:00, run_after=2025-03-14 21:54:00+00:00
[2025-03-14T21:54:51.415+0000] {processor.py:208} INFO - Processing /home/airflow/.local/lib/python3.12/site-packages/airflow/example_dags/example_sla_dag.py took 0.052 seconds
[2025-03-14T21:55:22.590+0000] {processor.py:186} INFO - Started process (PID=484) to work on /home/airflow/.local/lib/python3.12/site-packages/airflow/example_dags/example_sla_dag.py
[2025-03-14T21:55:22.591+0000] {processor.py:914} INFO - Processing file /home/airflow/.local/lib/python3.12/site-packages/airflow/example_dags/example_sla_dag.py for tasks to queue
[2025-03-14T21:55:22.593+0000] {logging_mixin.py:190} INFO - [2025-03-14T21:55:22.592+0000] {dagbag.py:588} INFO - Filling up the DagBag from /home/airflow/.local/lib/python3.12/site-packages/airflow/example_dags/example_sla_dag.py
[2025-03-14T21:55:22.599+0000] {processor.py:925} INFO - DAG(s) 'example_sla_dag' retrieved from /home/airflow/.local/lib/python3.12/site-packages/airflow/example_dags/example_sla_dag.py
[2025-03-14T21:55:22.613+0000] {logging_mixin.py:190} INFO - [2025-03-14T21:55:22.613+0000] {dag.py:3239} INFO - Sync 1 DAGs
[2025-03-14T21:55:22.629+0000] {logging_mixin.py:190} INFO - [2025-03-14T21:55:22.628+0000] {dag.py:4180} INFO - Setting next_dagrun for example_sla_dag to 2025-03-14 21:52:00+00:00, run_after=2025-03-14 21:54:00+00:00
[2025-03-14T21:55:22.640+0000] {processor.py:208} INFO - Processing /home/airflow/.local/lib/python3.12/site-packages/airflow/example_dags/example_sla_dag.py took 0.053 seconds
[2025-03-14T21:55:53.210+0000] {processor.py:186} INFO - Started process (PID=547) to work on /home/airflow/.local/lib/python3.12/site-packages/airflow/example_dags/example_sla_dag.py
[2025-03-14T21:55:53.211+0000] {processor.py:914} INFO - Processing file /home/airflow/.local/lib/python3.12/site-packages/airflow/example_dags/example_sla_dag.py for tasks to queue
[2025-03-14T21:55:53.213+0000] {logging_mixin.py:190} INFO - [2025-03-14T21:55:53.213+0000] {dagbag.py:588} INFO - Filling up the DagBag from /home/airflow/.local/lib/python3.12/site-packages/airflow/example_dags/example_sla_dag.py
[2025-03-14T21:55:53.220+0000] {processor.py:925} INFO - DAG(s) 'example_sla_dag' retrieved from /home/airflow/.local/lib/python3.12/site-packages/airflow/example_dags/example_sla_dag.py
[2025-03-14T21:55:53.232+0000] {logging_mixin.py:190} INFO - [2025-03-14T21:55:53.232+0000] {dag.py:3239} INFO - Sync 1 DAGs
[2025-03-14T21:55:53.246+0000] {logging_mixin.py:190} INFO - [2025-03-14T21:55:53.246+0000] {dag.py:4180} INFO - Setting next_dagrun for example_sla_dag to 2025-03-14 21:52:00+00:00, run_after=2025-03-14 21:54:00+00:00
[2025-03-14T21:55:53.257+0000] {processor.py:208} INFO - Processing /home/airflow/.local/lib/python3.12/site-packages/airflow/example_dags/example_sla_dag.py took 0.050 seconds
[2025-03-14T21:56:24.368+0000] {processor.py:186} INFO - Started process (PID=610) to work on /home/airflow/.local/lib/python3.12/site-packages/airflow/example_dags/example_sla_dag.py
[2025-03-14T21:56:24.369+0000] {processor.py:914} INFO - Processing file /home/airflow/.local/lib/python3.12/site-packages/airflow/example_dags/example_sla_dag.py for tasks to queue
[2025-03-14T21:56:24.370+0000] {logging_mixin.py:190} INFO - [2025-03-14T21:56:24.370+0000] {dagbag.py:588} INFO - Filling up the DagBag from /home/airflow/.local/lib/python3.12/site-packages/airflow/example_dags/example_sla_dag.py
[2025-03-14T21:56:24.375+0000] {processor.py:925} INFO - DAG(s) 'example_sla_dag' retrieved from /home/airflow/.local/lib/python3.12/site-packages/airflow/example_dags/example_sla_dag.py
[2025-03-14T21:56:24.384+0000] {logging_mixin.py:190} INFO - [2025-03-14T21:56:24.384+0000] {dag.py:3239} INFO - Sync 1 DAGs
[2025-03-14T21:56:24.398+0000] {logging_mixin.py:190} INFO - [2025-03-14T21:56:24.398+0000] {dag.py:4180} INFO - Setting next_dagrun for example_sla_dag to 2025-03-14 21:54:00+00:00, run_after=2025-03-14 21:56:00+00:00
[2025-03-14T21:56:24.410+0000] {processor.py:208} INFO - Processing /home/airflow/.local/lib/python3.12/site-packages/airflow/example_dags/example_sla_dag.py took 0.045 seconds
[2025-03-14T21:56:55.957+0000] {processor.py:186} INFO - Started process (PID=674) to work on /home/airflow/.local/lib/python3.12/site-packages/airflow/example_dags/example_sla_dag.py
[2025-03-14T21:56:55.958+0000] {processor.py:914} INFO - Processing file /home/airflow/.local/lib/python3.12/site-packages/airflow/example_dags/example_sla_dag.py for tasks to queue
[2025-03-14T21:56:55.960+0000] {logging_mixin.py:190} INFO - [2025-03-14T21:56:55.960+0000] {dagbag.py:588} INFO - Filling up the DagBag from /home/airflow/.local/lib/python3.12/site-packages/airflow/example_dags/example_sla_dag.py
[2025-03-14T21:56:55.965+0000] {processor.py:925} INFO - DAG(s) 'example_sla_dag' retrieved from /home/airflow/.local/lib/python3.12/site-packages/airflow/example_dags/example_sla_dag.py
[2025-03-14T21:56:55.973+0000] {logging_mixin.py:190} INFO - [2025-03-14T21:56:55.973+0000] {dag.py:3239} INFO - Sync 1 DAGs
[2025-03-14T21:56:55.983+0000] {logging_mixin.py:190} INFO - [2025-03-14T21:56:55.983+0000] {dag.py:4180} INFO - Setting next_dagrun for example_sla_dag to 2025-03-14 21:54:00+00:00, run_after=2025-03-14 21:56:00+00:00
[2025-03-14T21:56:55.994+0000] {processor.py:208} INFO - Processing /home/airflow/.local/lib/python3.12/site-packages/airflow/example_dags/example_sla_dag.py took 0.040 seconds
[2025-03-14T21:57:27.333+0000] {processor.py:186} INFO - Started process (PID=737) to work on /home/airflow/.local/lib/python3.12/site-packages/airflow/example_dags/example_sla_dag.py
[2025-03-14T21:57:27.334+0000] {processor.py:914} INFO - Processing file /home/airflow/.local/lib/python3.12/site-packages/airflow/example_dags/example_sla_dag.py for tasks to queue
[2025-03-14T21:57:27.335+0000] {logging_mixin.py:190} INFO - [2025-03-14T21:57:27.335+0000] {dagbag.py:588} INFO - Filling up the DagBag from /home/airflow/.local/lib/python3.12/site-packages/airflow/example_dags/example_sla_dag.py
[2025-03-14T21:57:27.341+0000] {processor.py:925} INFO - DAG(s) 'example_sla_dag' retrieved from /home/airflow/.local/lib/python3.12/site-packages/airflow/example_dags/example_sla_dag.py
[2025-03-14T21:57:27.364+0000] {logging_mixin.py:190} INFO - [2025-03-14T21:57:27.364+0000] {dag.py:3239} INFO - Sync 1 DAGs
[2025-03-14T21:57:27.378+0000] {logging_mixin.py:190} INFO - [2025-03-14T21:57:27.378+0000] {dag.py:4180} INFO - Setting next_dagrun for example_sla_dag to 2025-03-14 21:54:00+00:00, run_after=2025-03-14 21:56:00+00:00
[2025-03-14T21:57:27.386+0000] {processor.py:208} INFO - Processing /home/airflow/.local/lib/python3.12/site-packages/airflow/example_dags/example_sla_dag.py took 0.056 seconds
[2025-03-14T21:57:58.387+0000] {processor.py:186} INFO - Started process (PID=806) to work on /home/airflow/.local/lib/python3.12/site-packages/airflow/example_dags/example_sla_dag.py
[2025-03-14T21:57:58.389+0000] {processor.py:914} INFO - Processing file /home/airflow/.local/lib/python3.12/site-packages/airflow/example_dags/example_sla_dag.py for tasks to queue
[2025-03-14T21:57:58.390+0000] {logging_mixin.py:190} INFO - [2025-03-14T21:57:58.390+0000] {dagbag.py:588} INFO - Filling up the DagBag from /home/airflow/.local/lib/python3.12/site-packages/airflow/example_dags/example_sla_dag.py
[2025-03-14T21:57:58.395+0000] {processor.py:925} INFO - DAG(s) 'example_sla_dag' retrieved from /home/airflow/.local/lib/python3.12/site-packages/airflow/example_dags/example_sla_dag.py
[2025-03-14T21:57:58.409+0000] {logging_mixin.py:190} INFO - [2025-03-14T21:57:58.409+0000] {dag.py:3239} INFO - Sync 1 DAGs
[2025-03-14T21:57:58.430+0000] {logging_mixin.py:190} INFO - [2025-03-14T21:57:58.430+0000] {dag.py:4180} INFO - Setting next_dagrun for example_sla_dag to 2025-03-14 21:54:00+00:00, run_after=2025-03-14 21:56:00+00:00
[2025-03-14T21:57:58.441+0000] {processor.py:208} INFO - Processing /home/airflow/.local/lib/python3.12/site-packages/airflow/example_dags/example_sla_dag.py took 0.070 seconds
[2025-03-14T21:58:29.541+0000] {processor.py:186} INFO - Started process (PID=869) to work on /home/airflow/.local/lib/python3.12/site-packages/airflow/example_dags/example_sla_dag.py
[2025-03-14T21:58:29.543+0000] {processor.py:914} INFO - Processing file /home/airflow/.local/lib/python3.12/site-packages/airflow/example_dags/example_sla_dag.py for tasks to queue
[2025-03-14T21:58:29.544+0000] {logging_mixin.py:190} INFO - [2025-03-14T21:58:29.544+0000] {dagbag.py:588} INFO - Filling up the DagBag from /home/airflow/.local/lib/python3.12/site-packages/airflow/example_dags/example_sla_dag.py
[2025-03-14T21:58:29.549+0000] {processor.py:925} INFO - DAG(s) 'example_sla_dag' retrieved from /home/airflow/.local/lib/python3.12/site-packages/airflow/example_dags/example_sla_dag.py
[2025-03-14T21:58:29.563+0000] {logging_mixin.py:190} INFO - [2025-03-14T21:58:29.563+0000] {dag.py:3239} INFO - Sync 1 DAGs
[2025-03-14T21:58:29.578+0000] {logging_mixin.py:190} INFO - [2025-03-14T21:58:29.578+0000] {dag.py:4180} INFO - Setting next_dagrun for example_sla_dag to 2025-03-14 21:56:00+00:00, run_after=2025-03-14 21:58:00+00:00
[2025-03-14T21:58:29.589+0000] {processor.py:208} INFO - Processing /home/airflow/.local/lib/python3.12/site-packages/airflow/example_dags/example_sla_dag.py took 0.051 seconds
[2025-03-14T21:59:00.565+0000] {processor.py:186} INFO - Started process (PID=932) to work on /home/airflow/.local/lib/python3.12/site-packages/airflow/example_dags/example_sla_dag.py
[2025-03-14T21:59:00.566+0000] {processor.py:914} INFO - Processing file /home/airflow/.local/lib/python3.12/site-packages/airflow/example_dags/example_sla_dag.py for tasks to queue
[2025-03-14T21:59:00.567+0000] {logging_mixin.py:190} INFO - [2025-03-14T21:59:00.567+0000] {dagbag.py:588} INFO - Filling up the DagBag from /home/airflow/.local/lib/python3.12/site-packages/airflow/example_dags/example_sla_dag.py
[2025-03-14T21:59:00.573+0000] {processor.py:925} INFO - DAG(s) 'example_sla_dag' retrieved from /home/airflow/.local/lib/python3.12/site-packages/airflow/example_dags/example_sla_dag.py
[2025-03-14T21:59:00.586+0000] {logging_mixin.py:190} INFO - [2025-03-14T21:59:00.586+0000] {dag.py:3239} INFO - Sync 1 DAGs
[2025-03-14T21:59:00.599+0000] {logging_mixin.py:190} INFO - [2025-03-14T21:59:00.599+0000] {dag.py:4180} INFO - Setting next_dagrun for example_sla_dag to 2025-03-14 21:56:00+00:00, run_after=2025-03-14 21:58:00+00:00
[2025-03-14T21:59:00.608+0000] {processor.py:208} INFO - Processing /home/airflow/.local/lib/python3.12/site-packages/airflow/example_dags/example_sla_dag.py took 0.046 seconds
[2025-03-14T21:59:31.993+0000] {processor.py:186} INFO - Started process (PID=995) to work on /home/airflow/.local/lib/python3.12/site-packages/airflow/example_dags/example_sla_dag.py
[2025-03-14T21:59:31.994+0000] {processor.py:914} INFO - Processing file /home/airflow/.local/lib/python3.12/site-packages/airflow/example_dags/example_sla_dag.py for tasks to queue
[2025-03-14T21:59:31.995+0000] {logging_mixin.py:190} INFO - [2025-03-14T21:59:31.995+0000] {dagbag.py:588} INFO - Filling up the DagBag from /home/airflow/.local/lib/python3.12/site-packages/airflow/example_dags/example_sla_dag.py
[2025-03-14T21:59:32.002+0000] {processor.py:925} INFO - DAG(s) 'example_sla_dag' retrieved from /home/airflow/.local/lib/python3.12/site-packages/airflow/example_dags/example_sla_dag.py
[2025-03-14T21:59:32.015+0000] {logging_mixin.py:190} INFO - [2025-03-14T21:59:32.015+0000] {dag.py:3239} INFO - Sync 1 DAGs
[2025-03-14T21:59:32.035+0000] {logging_mixin.py:190} INFO - [2025-03-14T21:59:32.034+0000] {dag.py:4180} INFO - Setting next_dagrun for example_sla_dag to 2025-03-14 21:56:00+00:00, run_after=2025-03-14 21:58:00+00:00
[2025-03-14T21:59:32.050+0000] {processor.py:208} INFO - Processing /home/airflow/.local/lib/python3.12/site-packages/airflow/example_dags/example_sla_dag.py took 0.060 seconds
[2025-03-14T22:00:03.253+0000] {processor.py:186} INFO - Started process (PID=1058) to work on /home/airflow/.local/lib/python3.12/site-packages/airflow/example_dags/example_sla_dag.py
[2025-03-14T22:00:03.256+0000] {processor.py:914} INFO - Processing file /home/airflow/.local/lib/python3.12/site-packages/airflow/example_dags/example_sla_dag.py for tasks to queue
[2025-03-14T22:00:03.257+0000] {logging_mixin.py:190} INFO - [2025-03-14T22:00:03.257+0000] {dagbag.py:588} INFO - Filling up the DagBag from /home/airflow/.local/lib/python3.12/site-packages/airflow/example_dags/example_sla_dag.py
[2025-03-14T22:00:03.264+0000] {processor.py:925} INFO - DAG(s) 'example_sla_dag' retrieved from /home/airflow/.local/lib/python3.12/site-packages/airflow/example_dags/example_sla_dag.py
[2025-03-14T22:00:03.277+0000] {logging_mixin.py:190} INFO - [2025-03-14T22:00:03.277+0000] {dag.py:3239} INFO - Sync 1 DAGs
[2025-03-14T22:00:03.311+0000] {logging_mixin.py:190} INFO - [2025-03-14T22:00:03.310+0000] {dag.py:4180} INFO - Setting next_dagrun for example_sla_dag to 2025-03-14 21:58:00+00:00, run_after=2025-03-14 22:00:00+00:00
[2025-03-14T22:00:03.327+0000] {processor.py:208} INFO - Processing /home/airflow/.local/lib/python3.12/site-packages/airflow/example_dags/example_sla_dag.py took 0.077 seconds
[2025-03-14T22:00:34.223+0000] {processor.py:186} INFO - Started process (PID=1121) to work on /home/airflow/.local/lib/python3.12/site-packages/airflow/example_dags/example_sla_dag.py
[2025-03-14T22:00:34.224+0000] {processor.py:914} INFO - Processing file /home/airflow/.local/lib/python3.12/site-packages/airflow/example_dags/example_sla_dag.py for tasks to queue
[2025-03-14T22:00:34.226+0000] {logging_mixin.py:190} INFO - [2025-03-14T22:00:34.226+0000] {dagbag.py:588} INFO - Filling up the DagBag from /home/airflow/.local/lib/python3.12/site-packages/airflow/example_dags/example_sla_dag.py
[2025-03-14T22:00:34.234+0000] {processor.py:925} INFO - DAG(s) 'example_sla_dag' retrieved from /home/airflow/.local/lib/python3.12/site-packages/airflow/example_dags/example_sla_dag.py
[2025-03-14T22:00:34.246+0000] {logging_mixin.py:190} INFO - [2025-03-14T22:00:34.246+0000] {dag.py:3239} INFO - Sync 1 DAGs
[2025-03-14T22:00:34.258+0000] {logging_mixin.py:190} INFO - [2025-03-14T22:00:34.258+0000] {dag.py:4180} INFO - Setting next_dagrun for example_sla_dag to 2025-03-14 21:58:00+00:00, run_after=2025-03-14 22:00:00+00:00
[2025-03-14T22:00:34.266+0000] {processor.py:208} INFO - Processing /home/airflow/.local/lib/python3.12/site-packages/airflow/example_dags/example_sla_dag.py took 0.046 seconds
[2025-03-14T22:01:05.208+0000] {processor.py:186} INFO - Started process (PID=1184) to work on /home/airflow/.local/lib/python3.12/site-packages/airflow/example_dags/example_sla_dag.py
[2025-03-14T22:01:05.210+0000] {processor.py:914} INFO - Processing file /home/airflow/.local/lib/python3.12/site-packages/airflow/example_dags/example_sla_dag.py for tasks to queue
[2025-03-14T22:01:05.213+0000] {logging_mixin.py:190} INFO - [2025-03-14T22:01:05.213+0000] {dagbag.py:588} INFO - Filling up the DagBag from /home/airflow/.local/lib/python3.12/site-packages/airflow/example_dags/example_sla_dag.py
[2025-03-14T22:01:05.219+0000] {processor.py:925} INFO - DAG(s) 'example_sla_dag' retrieved from /home/airflow/.local/lib/python3.12/site-packages/airflow/example_dags/example_sla_dag.py
[2025-03-14T22:01:05.232+0000] {logging_mixin.py:190} INFO - [2025-03-14T22:01:05.232+0000] {dag.py:3239} INFO - Sync 1 DAGs
[2025-03-14T22:01:05.243+0000] {logging_mixin.py:190} INFO - [2025-03-14T22:01:05.243+0000] {dag.py:4180} INFO - Setting next_dagrun for example_sla_dag to 2025-03-14 21:58:00+00:00, run_after=2025-03-14 22:00:00+00:00
[2025-03-14T22:01:05.255+0000] {processor.py:208} INFO - Processing /home/airflow/.local/lib/python3.12/site-packages/airflow/example_dags/example_sla_dag.py took 0.050 seconds
[2025-03-14T22:01:36.177+0000] {processor.py:186} INFO - Started process (PID=1247) to work on /home/airflow/.local/lib/python3.12/site-packages/airflow/example_dags/example_sla_dag.py
[2025-03-14T22:01:36.178+0000] {processor.py:914} INFO - Processing file /home/airflow/.local/lib/python3.12/site-packages/airflow/example_dags/example_sla_dag.py for tasks to queue
[2025-03-14T22:01:36.179+0000] {logging_mixin.py:190} INFO - [2025-03-14T22:01:36.179+0000] {dagbag.py:588} INFO - Filling up the DagBag from /home/airflow/.local/lib/python3.12/site-packages/airflow/example_dags/example_sla_dag.py
[2025-03-14T22:01:36.186+0000] {processor.py:925} INFO - DAG(s) 'example_sla_dag' retrieved from /home/airflow/.local/lib/python3.12/site-packages/airflow/example_dags/example_sla_dag.py
[2025-03-14T22:01:36.198+0000] {logging_mixin.py:190} INFO - [2025-03-14T22:01:36.197+0000] {dag.py:3239} INFO - Sync 1 DAGs
[2025-03-14T22:01:36.209+0000] {logging_mixin.py:190} INFO - [2025-03-14T22:01:36.209+0000] {dag.py:4180} INFO - Setting next_dagrun for example_sla_dag to 2025-03-14 21:58:00+00:00, run_after=2025-03-14 22:00:00+00:00
[2025-03-14T22:01:36.219+0000] {processor.py:208} INFO - Processing /home/airflow/.local/lib/python3.12/site-packages/airflow/example_dags/example_sla_dag.py took 0.044 seconds
[2025-03-14T22:02:06.919+0000] {processor.py:186} INFO - Started process (PID=1313) to work on /home/airflow/.local/lib/python3.12/site-packages/airflow/example_dags/example_sla_dag.py
[2025-03-14T22:02:06.920+0000] {processor.py:914} INFO - Processing file /home/airflow/.local/lib/python3.12/site-packages/airflow/example_dags/example_sla_dag.py for tasks to queue
[2025-03-14T22:02:06.921+0000] {logging_mixin.py:190} INFO - [2025-03-14T22:02:06.921+0000] {dagbag.py:588} INFO - Filling up the DagBag from /home/airflow/.local/lib/python3.12/site-packages/airflow/example_dags/example_sla_dag.py
[2025-03-14T22:02:06.928+0000] {processor.py:925} INFO - DAG(s) 'example_sla_dag' retrieved from /home/airflow/.local/lib/python3.12/site-packages/airflow/example_dags/example_sla_dag.py
[2025-03-14T22:02:06.937+0000] {logging_mixin.py:190} INFO - [2025-03-14T22:02:06.937+0000] {dag.py:3239} INFO - Sync 1 DAGs
[2025-03-14T22:02:06.947+0000] {logging_mixin.py:190} INFO - [2025-03-14T22:02:06.947+0000] {dag.py:4180} INFO - Setting next_dagrun for example_sla_dag to 2025-03-14 22:00:00+00:00, run_after=2025-03-14 22:02:00+00:00
[2025-03-14T22:02:06.956+0000] {processor.py:208} INFO - Processing /home/airflow/.local/lib/python3.12/site-packages/airflow/example_dags/example_sla_dag.py took 0.040 seconds
[2025-03-14T22:02:37.636+0000] {processor.py:186} INFO - Started process (PID=1376) to work on /home/airflow/.local/lib/python3.12/site-packages/airflow/example_dags/example_sla_dag.py
[2025-03-14T22:02:37.638+0000] {processor.py:914} INFO - Processing file /home/airflow/.local/lib/python3.12/site-packages/airflow/example_dags/example_sla_dag.py for tasks to queue
[2025-03-14T22:02:37.639+0000] {logging_mixin.py:190} INFO - [2025-03-14T22:02:37.639+0000] {dagbag.py:588} INFO - Filling up the DagBag from /home/airflow/.local/lib/python3.12/site-packages/airflow/example_dags/example_sla_dag.py
[2025-03-14T22:02:37.645+0000] {processor.py:925} INFO - DAG(s) 'example_sla_dag' retrieved from /home/airflow/.local/lib/python3.12/site-packages/airflow/example_dags/example_sla_dag.py
[2025-03-14T22:02:37.654+0000] {logging_mixin.py:190} INFO - [2025-03-14T22:02:37.654+0000] {dag.py:3239} INFO - Sync 1 DAGs
[2025-03-14T22:02:37.666+0000] {logging_mixin.py:190} INFO - [2025-03-14T22:02:37.666+0000] {dag.py:4180} INFO - Setting next_dagrun for example_sla_dag to 2025-03-14 22:00:00+00:00, run_after=2025-03-14 22:02:00+00:00
[2025-03-14T22:02:37.678+0000] {processor.py:208} INFO - Processing /home/airflow/.local/lib/python3.12/site-packages/airflow/example_dags/example_sla_dag.py took 0.045 seconds
[2025-03-14T22:03:08.437+0000] {processor.py:186} INFO - Started process (PID=1438) to work on /home/airflow/.local/lib/python3.12/site-packages/airflow/example_dags/example_sla_dag.py
[2025-03-14T22:03:08.438+0000] {processor.py:914} INFO - Processing file /home/airflow/.local/lib/python3.12/site-packages/airflow/example_dags/example_sla_dag.py for tasks to queue
[2025-03-14T22:03:08.439+0000] {logging_mixin.py:190} INFO - [2025-03-14T22:03:08.439+0000] {dagbag.py:588} INFO - Filling up the DagBag from /home/airflow/.local/lib/python3.12/site-packages/airflow/example_dags/example_sla_dag.py
[2025-03-14T22:03:08.445+0000] {processor.py:925} INFO - DAG(s) 'example_sla_dag' retrieved from /home/airflow/.local/lib/python3.12/site-packages/airflow/example_dags/example_sla_dag.py
[2025-03-14T22:03:08.456+0000] {logging_mixin.py:190} INFO - [2025-03-14T22:03:08.456+0000] {dag.py:3239} INFO - Sync 1 DAGs
[2025-03-14T22:03:08.468+0000] {logging_mixin.py:190} INFO - [2025-03-14T22:03:08.468+0000] {dag.py:4180} INFO - Setting next_dagrun for example_sla_dag to 2025-03-14 22:00:00+00:00, run_after=2025-03-14 22:02:00+00:00
[2025-03-14T22:03:08.476+0000] {processor.py:208} INFO - Processing /home/airflow/.local/lib/python3.12/site-packages/airflow/example_dags/example_sla_dag.py took 0.043 seconds
[2025-03-14T22:03:39.612+0000] {processor.py:186} INFO - Started process (PID=1503) to work on /home/airflow/.local/lib/python3.12/site-packages/airflow/example_dags/example_sla_dag.py
[2025-03-14T22:03:39.613+0000] {processor.py:914} INFO - Processing file /home/airflow/.local/lib/python3.12/site-packages/airflow/example_dags/example_sla_dag.py for tasks to queue
[2025-03-14T22:03:39.614+0000] {logging_mixin.py:190} INFO - [2025-03-14T22:03:39.614+0000] {dagbag.py:588} INFO - Filling up the DagBag from /home/airflow/.local/lib/python3.12/site-packages/airflow/example_dags/example_sla_dag.py
[2025-03-14T22:03:39.620+0000] {processor.py:925} INFO - DAG(s) 'example_sla_dag' retrieved from /home/airflow/.local/lib/python3.12/site-packages/airflow/example_dags/example_sla_dag.py
[2025-03-14T22:03:39.631+0000] {logging_mixin.py:190} INFO - [2025-03-14T22:03:39.631+0000] {dag.py:3239} INFO - Sync 1 DAGs
[2025-03-14T22:03:39.643+0000] {logging_mixin.py:190} INFO - [2025-03-14T22:03:39.642+0000] {dag.py:4180} INFO - Setting next_dagrun for example_sla_dag to 2025-03-14 22:00:00+00:00, run_after=2025-03-14 22:02:00+00:00
[2025-03-14T22:03:39.651+0000] {processor.py:208} INFO - Processing /home/airflow/.local/lib/python3.12/site-packages/airflow/example_dags/example_sla_dag.py took 0.043 seconds
