[2025-03-14T21:35:08.091+0000] {processor.py:186} INFO - Started process (PID=92) to work on /home/airflow/.local/lib/python3.12/site-packages/airflow/example_dags/example_xcom.py
[2025-03-14T21:35:08.092+0000] {processor.py:914} INFO - Processing file /home/airflow/.local/lib/python3.12/site-packages/airflow/example_dags/example_xcom.py for tasks to queue
[2025-03-14T21:35:08.095+0000] {logging_mixin.py:190} INFO - [2025-03-14T21:35:08.095+0000] {dagbag.py:588} INFO - Filling up the DagBag from /home/airflow/.local/lib/python3.12/site-packages/airflow/example_dags/example_xcom.py
[2025-03-14T21:35:08.107+0000] {processor.py:925} INFO - DAG(s) 'example_xcom' retrieved from /home/airflow/.local/lib/python3.12/site-packages/airflow/example_dags/example_xcom.py
[2025-03-14T21:35:08.207+0000] {logging_mixin.py:190} INFO - [2025-03-14T21:35:08.207+0000] {override.py:1912} INFO - Created Permission View: can edit on DAG:example_xcom
[2025-03-14T21:35:08.212+0000] {logging_mixin.py:190} INFO - [2025-03-14T21:35:08.212+0000] {override.py:1912} INFO - Created Permission View: can delete on DAG:example_xcom
[2025-03-14T21:35:08.215+0000] {logging_mixin.py:190} INFO - [2025-03-14T21:35:08.215+0000] {override.py:1912} INFO - Created Permission View: can read on DAG:example_xcom
[2025-03-14T21:35:08.217+0000] {logging_mixin.py:190} INFO - [2025-03-14T21:35:08.217+0000] {override.py:1912} INFO - Created Permission View: menu access on DAG Run:example_xcom
[2025-03-14T21:35:08.219+0000] {logging_mixin.py:190} INFO - [2025-03-14T21:35:08.219+0000] {override.py:1912} INFO - Created Permission View: can create on DAG Run:example_xcom
[2025-03-14T21:35:08.222+0000] {logging_mixin.py:190} INFO - [2025-03-14T21:35:08.222+0000] {override.py:1912} INFO - Created Permission View: can delete on DAG Run:example_xcom
[2025-03-14T21:35:08.225+0000] {logging_mixin.py:190} INFO - [2025-03-14T21:35:08.225+0000] {override.py:1912} INFO - Created Permission View: can read on DAG Run:example_xcom
[2025-03-14T21:35:08.225+0000] {logging_mixin.py:190} INFO - [2025-03-14T21:35:08.225+0000] {dag.py:3239} INFO - Sync 1 DAGs
[2025-03-14T21:35:08.232+0000] {logging_mixin.py:190} INFO - [2025-03-14T21:35:08.232+0000] {dag.py:3262} INFO - Creating ORM DAG for example_xcom
[2025-03-14T21:35:08.239+0000] {logging_mixin.py:190} INFO - [2025-03-14T21:35:08.238+0000] {dag.py:4180} INFO - Setting next_dagrun for example_xcom to 2021-01-01 00:00:00+00:00, run_after=2021-01-01 00:00:00+00:00
[2025-03-14T21:35:08.264+0000] {processor.py:208} INFO - Processing /home/airflow/.local/lib/python3.12/site-packages/airflow/example_dags/example_xcom.py took 0.185 seconds
[2025-03-14T21:35:40.077+0000] {processor.py:186} INFO - Started process (PID=155) to work on /home/airflow/.local/lib/python3.12/site-packages/airflow/example_dags/example_xcom.py
[2025-03-14T21:35:40.081+0000] {processor.py:914} INFO - Processing file /home/airflow/.local/lib/python3.12/site-packages/airflow/example_dags/example_xcom.py for tasks to queue
[2025-03-14T21:35:40.083+0000] {logging_mixin.py:190} INFO - [2025-03-14T21:35:40.083+0000] {dagbag.py:588} INFO - Filling up the DagBag from /home/airflow/.local/lib/python3.12/site-packages/airflow/example_dags/example_xcom.py
[2025-03-14T21:35:40.100+0000] {processor.py:925} INFO - DAG(s) 'example_xcom' retrieved from /home/airflow/.local/lib/python3.12/site-packages/airflow/example_dags/example_xcom.py
[2025-03-14T21:35:40.119+0000] {logging_mixin.py:190} INFO - [2025-03-14T21:35:40.119+0000] {dag.py:3239} INFO - Sync 1 DAGs
[2025-03-14T21:35:40.141+0000] {logging_mixin.py:190} INFO - [2025-03-14T21:35:40.141+0000] {dag.py:4180} INFO - Setting next_dagrun for example_xcom to 2021-01-01 00:00:00+00:00, run_after=2021-01-01 00:00:00+00:00
[2025-03-14T21:35:40.151+0000] {processor.py:208} INFO - Processing /home/airflow/.local/lib/python3.12/site-packages/airflow/example_dags/example_xcom.py took 0.079 seconds
[2025-03-14T21:36:10.780+0000] {processor.py:186} INFO - Started process (PID=218) to work on /home/airflow/.local/lib/python3.12/site-packages/airflow/example_dags/example_xcom.py
[2025-03-14T21:36:10.781+0000] {processor.py:914} INFO - Processing file /home/airflow/.local/lib/python3.12/site-packages/airflow/example_dags/example_xcom.py for tasks to queue
[2025-03-14T21:36:10.786+0000] {logging_mixin.py:190} INFO - [2025-03-14T21:36:10.786+0000] {dagbag.py:588} INFO - Filling up the DagBag from /home/airflow/.local/lib/python3.12/site-packages/airflow/example_dags/example_xcom.py
[2025-03-14T21:36:10.798+0000] {processor.py:925} INFO - DAG(s) 'example_xcom' retrieved from /home/airflow/.local/lib/python3.12/site-packages/airflow/example_dags/example_xcom.py
[2025-03-14T21:36:10.810+0000] {logging_mixin.py:190} INFO - [2025-03-14T21:36:10.810+0000] {dag.py:3239} INFO - Sync 1 DAGs
[2025-03-14T21:36:10.825+0000] {logging_mixin.py:190} INFO - [2025-03-14T21:36:10.825+0000] {dag.py:4180} INFO - Setting next_dagrun for example_xcom to 2021-01-01 00:00:00+00:00, run_after=2021-01-01 00:00:00+00:00
[2025-03-14T21:36:10.839+0000] {processor.py:208} INFO - Processing /home/airflow/.local/lib/python3.12/site-packages/airflow/example_dags/example_xcom.py took 0.067 seconds
[2025-03-14T21:36:42.957+0000] {processor.py:186} INFO - Started process (PID=280) to work on /home/airflow/.local/lib/python3.12/site-packages/airflow/example_dags/example_xcom.py
[2025-03-14T21:36:42.960+0000] {processor.py:914} INFO - Processing file /home/airflow/.local/lib/python3.12/site-packages/airflow/example_dags/example_xcom.py for tasks to queue
[2025-03-14T21:36:42.965+0000] {logging_mixin.py:190} INFO - [2025-03-14T21:36:42.964+0000] {dagbag.py:588} INFO - Filling up the DagBag from /home/airflow/.local/lib/python3.12/site-packages/airflow/example_dags/example_xcom.py
[2025-03-14T21:36:42.972+0000] {processor.py:925} INFO - DAG(s) 'example_xcom' retrieved from /home/airflow/.local/lib/python3.12/site-packages/airflow/example_dags/example_xcom.py
[2025-03-14T21:36:42.989+0000] {logging_mixin.py:190} INFO - [2025-03-14T21:36:42.989+0000] {dag.py:3239} INFO - Sync 1 DAGs
[2025-03-14T21:36:43.003+0000] {logging_mixin.py:190} INFO - [2025-03-14T21:36:43.003+0000] {dag.py:4180} INFO - Setting next_dagrun for example_xcom to 2021-01-01 00:00:00+00:00, run_after=2021-01-01 00:00:00+00:00
[2025-03-14T21:36:43.013+0000] {processor.py:208} INFO - Processing /home/airflow/.local/lib/python3.12/site-packages/airflow/example_dags/example_xcom.py took 0.065 seconds
[2025-03-14T21:37:13.767+0000] {processor.py:186} INFO - Started process (PID=343) to work on /home/airflow/.local/lib/python3.12/site-packages/airflow/example_dags/example_xcom.py
[2025-03-14T21:37:13.768+0000] {processor.py:914} INFO - Processing file /home/airflow/.local/lib/python3.12/site-packages/airflow/example_dags/example_xcom.py for tasks to queue
[2025-03-14T21:37:13.770+0000] {logging_mixin.py:190} INFO - [2025-03-14T21:37:13.770+0000] {dagbag.py:588} INFO - Filling up the DagBag from /home/airflow/.local/lib/python3.12/site-packages/airflow/example_dags/example_xcom.py
[2025-03-14T21:37:13.775+0000] {processor.py:925} INFO - DAG(s) 'example_xcom' retrieved from /home/airflow/.local/lib/python3.12/site-packages/airflow/example_dags/example_xcom.py
[2025-03-14T21:37:13.787+0000] {logging_mixin.py:190} INFO - [2025-03-14T21:37:13.787+0000] {dag.py:3239} INFO - Sync 1 DAGs
[2025-03-14T21:37:13.800+0000] {logging_mixin.py:190} INFO - [2025-03-14T21:37:13.800+0000] {dag.py:4180} INFO - Setting next_dagrun for example_xcom to 2021-01-01 00:00:00+00:00, run_after=2021-01-01 00:00:00+00:00
[2025-03-14T21:37:13.825+0000] {processor.py:208} INFO - Processing /home/airflow/.local/lib/python3.12/site-packages/airflow/example_dags/example_xcom.py took 0.061 seconds
[2025-03-14T21:37:45.357+0000] {processor.py:186} INFO - Started process (PID=406) to work on /home/airflow/.local/lib/python3.12/site-packages/airflow/example_dags/example_xcom.py
[2025-03-14T21:37:45.358+0000] {processor.py:914} INFO - Processing file /home/airflow/.local/lib/python3.12/site-packages/airflow/example_dags/example_xcom.py for tasks to queue
[2025-03-14T21:37:45.360+0000] {logging_mixin.py:190} INFO - [2025-03-14T21:37:45.360+0000] {dagbag.py:588} INFO - Filling up the DagBag from /home/airflow/.local/lib/python3.12/site-packages/airflow/example_dags/example_xcom.py
[2025-03-14T21:37:45.365+0000] {processor.py:925} INFO - DAG(s) 'example_xcom' retrieved from /home/airflow/.local/lib/python3.12/site-packages/airflow/example_dags/example_xcom.py
[2025-03-14T21:37:45.374+0000] {logging_mixin.py:190} INFO - [2025-03-14T21:37:45.374+0000] {dag.py:3239} INFO - Sync 1 DAGs
[2025-03-14T21:37:45.386+0000] {logging_mixin.py:190} INFO - [2025-03-14T21:37:45.385+0000] {dag.py:4180} INFO - Setting next_dagrun for example_xcom to 2021-01-01 00:00:00+00:00, run_after=2021-01-01 00:00:00+00:00
[2025-03-14T21:37:45.398+0000] {processor.py:208} INFO - Processing /home/airflow/.local/lib/python3.12/site-packages/airflow/example_dags/example_xcom.py took 0.043 seconds
[2025-03-14T21:38:16.968+0000] {processor.py:186} INFO - Started process (PID=468) to work on /home/airflow/.local/lib/python3.12/site-packages/airflow/example_dags/example_xcom.py
[2025-03-14T21:38:16.973+0000] {processor.py:914} INFO - Processing file /home/airflow/.local/lib/python3.12/site-packages/airflow/example_dags/example_xcom.py for tasks to queue
[2025-03-14T21:38:16.982+0000] {logging_mixin.py:190} INFO - [2025-03-14T21:38:16.981+0000] {dagbag.py:588} INFO - Filling up the DagBag from /home/airflow/.local/lib/python3.12/site-packages/airflow/example_dags/example_xcom.py
[2025-03-14T21:38:16.999+0000] {processor.py:925} INFO - DAG(s) 'example_xcom' retrieved from /home/airflow/.local/lib/python3.12/site-packages/airflow/example_dags/example_xcom.py
[2025-03-14T21:38:17.046+0000] {logging_mixin.py:190} INFO - [2025-03-14T21:38:17.046+0000] {dag.py:3239} INFO - Sync 1 DAGs
[2025-03-14T21:38:17.097+0000] {logging_mixin.py:190} INFO - [2025-03-14T21:38:17.097+0000] {dag.py:4180} INFO - Setting next_dagrun for example_xcom to 2021-01-01 00:00:00+00:00, run_after=2021-01-01 00:00:00+00:00
[2025-03-14T21:38:17.112+0000] {processor.py:208} INFO - Processing /home/airflow/.local/lib/python3.12/site-packages/airflow/example_dags/example_xcom.py took 0.148 seconds
[2025-03-14T21:38:47.858+0000] {processor.py:186} INFO - Started process (PID=531) to work on /home/airflow/.local/lib/python3.12/site-packages/airflow/example_dags/example_xcom.py
[2025-03-14T21:38:47.860+0000] {processor.py:914} INFO - Processing file /home/airflow/.local/lib/python3.12/site-packages/airflow/example_dags/example_xcom.py for tasks to queue
[2025-03-14T21:38:47.862+0000] {logging_mixin.py:190} INFO - [2025-03-14T21:38:47.861+0000] {dagbag.py:588} INFO - Filling up the DagBag from /home/airflow/.local/lib/python3.12/site-packages/airflow/example_dags/example_xcom.py
[2025-03-14T21:38:47.868+0000] {processor.py:925} INFO - DAG(s) 'example_xcom' retrieved from /home/airflow/.local/lib/python3.12/site-packages/airflow/example_dags/example_xcom.py
[2025-03-14T21:38:47.880+0000] {logging_mixin.py:190} INFO - [2025-03-14T21:38:47.880+0000] {dag.py:3239} INFO - Sync 1 DAGs
[2025-03-14T21:38:47.890+0000] {logging_mixin.py:190} INFO - [2025-03-14T21:38:47.890+0000] {dag.py:4180} INFO - Setting next_dagrun for example_xcom to 2021-01-01 00:00:00+00:00, run_after=2021-01-01 00:00:00+00:00
[2025-03-14T21:38:47.898+0000] {processor.py:208} INFO - Processing /home/airflow/.local/lib/python3.12/site-packages/airflow/example_dags/example_xcom.py took 0.045 seconds
[2025-03-14T21:39:19.525+0000] {processor.py:186} INFO - Started process (PID=594) to work on /home/airflow/.local/lib/python3.12/site-packages/airflow/example_dags/example_xcom.py
[2025-03-14T21:39:19.527+0000] {processor.py:914} INFO - Processing file /home/airflow/.local/lib/python3.12/site-packages/airflow/example_dags/example_xcom.py for tasks to queue
[2025-03-14T21:39:19.528+0000] {logging_mixin.py:190} INFO - [2025-03-14T21:39:19.528+0000] {dagbag.py:588} INFO - Filling up the DagBag from /home/airflow/.local/lib/python3.12/site-packages/airflow/example_dags/example_xcom.py
[2025-03-14T21:39:19.533+0000] {processor.py:925} INFO - DAG(s) 'example_xcom' retrieved from /home/airflow/.local/lib/python3.12/site-packages/airflow/example_dags/example_xcom.py
[2025-03-14T21:39:19.543+0000] {logging_mixin.py:190} INFO - [2025-03-14T21:39:19.543+0000] {dag.py:3239} INFO - Sync 1 DAGs
[2025-03-14T21:39:19.553+0000] {logging_mixin.py:190} INFO - [2025-03-14T21:39:19.553+0000] {dag.py:4180} INFO - Setting next_dagrun for example_xcom to 2021-01-01 00:00:00+00:00, run_after=2021-01-01 00:00:00+00:00
[2025-03-14T21:39:19.559+0000] {processor.py:208} INFO - Processing /home/airflow/.local/lib/python3.12/site-packages/airflow/example_dags/example_xcom.py took 0.038 seconds
[2025-03-14T21:44:14.518+0000] {processor.py:186} INFO - Started process (PID=101) to work on /home/airflow/.local/lib/python3.12/site-packages/airflow/example_dags/example_xcom.py
[2025-03-14T21:44:14.524+0000] {processor.py:914} INFO - Processing file /home/airflow/.local/lib/python3.12/site-packages/airflow/example_dags/example_xcom.py for tasks to queue
[2025-03-14T21:44:14.536+0000] {logging_mixin.py:190} INFO - [2025-03-14T21:44:14.534+0000] {dagbag.py:588} INFO - Filling up the DagBag from /home/airflow/.local/lib/python3.12/site-packages/airflow/example_dags/example_xcom.py
[2025-03-14T21:44:14.558+0000] {processor.py:925} INFO - DAG(s) 'example_xcom' retrieved from /home/airflow/.local/lib/python3.12/site-packages/airflow/example_dags/example_xcom.py
[2025-03-14T21:44:14.628+0000] {logging_mixin.py:190} INFO - [2025-03-14T21:44:14.628+0000] {dag.py:3239} INFO - Sync 1 DAGs
[2025-03-14T21:44:14.675+0000] {logging_mixin.py:190} INFO - [2025-03-14T21:44:14.673+0000] {dag.py:4180} INFO - Setting next_dagrun for example_xcom to 2021-01-01 00:00:00+00:00, run_after=2021-01-01 00:00:00+00:00
[2025-03-14T21:44:14.727+0000] {processor.py:208} INFO - Processing /home/airflow/.local/lib/python3.12/site-packages/airflow/example_dags/example_xcom.py took 0.231 seconds
[2025-03-14T21:44:48.975+0000] {processor.py:186} INFO - Started process (PID=163) to work on /home/airflow/.local/lib/python3.12/site-packages/airflow/example_dags/example_xcom.py
[2025-03-14T21:44:48.984+0000] {processor.py:914} INFO - Processing file /home/airflow/.local/lib/python3.12/site-packages/airflow/example_dags/example_xcom.py for tasks to queue
[2025-03-14T21:44:48.989+0000] {logging_mixin.py:190} INFO - [2025-03-14T21:44:48.989+0000] {dagbag.py:588} INFO - Filling up the DagBag from /home/airflow/.local/lib/python3.12/site-packages/airflow/example_dags/example_xcom.py
[2025-03-14T21:44:49.006+0000] {processor.py:925} INFO - DAG(s) 'example_xcom' retrieved from /home/airflow/.local/lib/python3.12/site-packages/airflow/example_dags/example_xcom.py
[2025-03-14T21:44:49.054+0000] {logging_mixin.py:190} INFO - [2025-03-14T21:44:49.054+0000] {dag.py:3239} INFO - Sync 1 DAGs
[2025-03-14T21:44:49.084+0000] {logging_mixin.py:190} INFO - [2025-03-14T21:44:49.084+0000] {dag.py:4180} INFO - Setting next_dagrun for example_xcom to 2021-01-01 00:00:00+00:00, run_after=2021-01-01 00:00:00+00:00
[2025-03-14T21:44:49.125+0000] {processor.py:208} INFO - Processing /home/airflow/.local/lib/python3.12/site-packages/airflow/example_dags/example_xcom.py took 0.162 seconds
[2025-03-14T21:45:21.587+0000] {processor.py:186} INFO - Started process (PID=226) to work on /home/airflow/.local/lib/python3.12/site-packages/airflow/example_dags/example_xcom.py
[2025-03-14T21:45:21.591+0000] {processor.py:914} INFO - Processing file /home/airflow/.local/lib/python3.12/site-packages/airflow/example_dags/example_xcom.py for tasks to queue
[2025-03-14T21:45:21.592+0000] {logging_mixin.py:190} INFO - [2025-03-14T21:45:21.592+0000] {dagbag.py:588} INFO - Filling up the DagBag from /home/airflow/.local/lib/python3.12/site-packages/airflow/example_dags/example_xcom.py
[2025-03-14T21:45:21.597+0000] {processor.py:925} INFO - DAG(s) 'example_xcom' retrieved from /home/airflow/.local/lib/python3.12/site-packages/airflow/example_dags/example_xcom.py
[2025-03-14T21:45:21.606+0000] {logging_mixin.py:190} INFO - [2025-03-14T21:45:21.606+0000] {dag.py:3239} INFO - Sync 1 DAGs
[2025-03-14T21:45:21.615+0000] {logging_mixin.py:190} INFO - [2025-03-14T21:45:21.615+0000] {dag.py:4180} INFO - Setting next_dagrun for example_xcom to 2021-01-01 00:00:00+00:00, run_after=2021-01-01 00:00:00+00:00
[2025-03-14T21:45:21.622+0000] {processor.py:208} INFO - Processing /home/airflow/.local/lib/python3.12/site-packages/airflow/example_dags/example_xcom.py took 0.037 seconds
[2025-03-14T21:45:55.798+0000] {processor.py:186} INFO - Started process (PID=289) to work on /home/airflow/.local/lib/python3.12/site-packages/airflow/example_dags/example_xcom.py
[2025-03-14T21:45:55.800+0000] {processor.py:914} INFO - Processing file /home/airflow/.local/lib/python3.12/site-packages/airflow/example_dags/example_xcom.py for tasks to queue
[2025-03-14T21:45:55.801+0000] {logging_mixin.py:190} INFO - [2025-03-14T21:45:55.801+0000] {dagbag.py:588} INFO - Filling up the DagBag from /home/airflow/.local/lib/python3.12/site-packages/airflow/example_dags/example_xcom.py
[2025-03-14T21:45:55.808+0000] {processor.py:925} INFO - DAG(s) 'example_xcom' retrieved from /home/airflow/.local/lib/python3.12/site-packages/airflow/example_dags/example_xcom.py
[2025-03-14T21:45:55.822+0000] {logging_mixin.py:190} INFO - [2025-03-14T21:45:55.822+0000] {dag.py:3239} INFO - Sync 1 DAGs
[2025-03-14T21:45:55.837+0000] {logging_mixin.py:190} INFO - [2025-03-14T21:45:55.837+0000] {dag.py:4180} INFO - Setting next_dagrun for example_xcom to 2021-01-01 00:00:00+00:00, run_after=2021-01-01 00:00:00+00:00
[2025-03-14T21:45:55.852+0000] {processor.py:208} INFO - Processing /home/airflow/.local/lib/python3.12/site-packages/airflow/example_dags/example_xcom.py took 0.059 seconds
[2025-03-14T21:46:29.876+0000] {processor.py:186} INFO - Started process (PID=358) to work on /home/airflow/.local/lib/python3.12/site-packages/airflow/example_dags/example_xcom.py
[2025-03-14T21:46:29.878+0000] {processor.py:914} INFO - Processing file /home/airflow/.local/lib/python3.12/site-packages/airflow/example_dags/example_xcom.py for tasks to queue
[2025-03-14T21:46:29.882+0000] {logging_mixin.py:190} INFO - [2025-03-14T21:46:29.882+0000] {dagbag.py:588} INFO - Filling up the DagBag from /home/airflow/.local/lib/python3.12/site-packages/airflow/example_dags/example_xcom.py
[2025-03-14T21:46:29.913+0000] {processor.py:925} INFO - DAG(s) 'example_xcom' retrieved from /home/airflow/.local/lib/python3.12/site-packages/airflow/example_dags/example_xcom.py
[2025-03-14T21:46:29.975+0000] {logging_mixin.py:190} INFO - [2025-03-14T21:46:29.974+0000] {dag.py:3239} INFO - Sync 1 DAGs
[2025-03-14T21:46:30.079+0000] {logging_mixin.py:190} INFO - [2025-03-14T21:46:30.078+0000] {dag.py:4180} INFO - Setting next_dagrun for example_xcom to 2021-01-01 00:00:00+00:00, run_after=2021-01-01 00:00:00+00:00
[2025-03-14T21:46:30.115+0000] {processor.py:208} INFO - Processing /home/airflow/.local/lib/python3.12/site-packages/airflow/example_dags/example_xcom.py took 0.252 seconds
[2025-03-14T21:52:07.933+0000] {processor.py:186} INFO - Started process (PID=93) to work on /home/airflow/.local/lib/python3.12/site-packages/airflow/example_dags/example_xcom.py
[2025-03-14T21:52:07.939+0000] {processor.py:914} INFO - Processing file /home/airflow/.local/lib/python3.12/site-packages/airflow/example_dags/example_xcom.py for tasks to queue
[2025-03-14T21:52:07.948+0000] {logging_mixin.py:190} INFO - [2025-03-14T21:52:07.947+0000] {dagbag.py:588} INFO - Filling up the DagBag from /home/airflow/.local/lib/python3.12/site-packages/airflow/example_dags/example_xcom.py
[2025-03-14T21:52:07.971+0000] {processor.py:925} INFO - DAG(s) 'example_xcom' retrieved from /home/airflow/.local/lib/python3.12/site-packages/airflow/example_dags/example_xcom.py
[2025-03-14T21:52:08.036+0000] {logging_mixin.py:190} INFO - [2025-03-14T21:52:08.036+0000] {dag.py:3239} INFO - Sync 1 DAGs
[2025-03-14T21:52:08.056+0000] {logging_mixin.py:190} INFO - [2025-03-14T21:52:08.056+0000] {dag.py:4180} INFO - Setting next_dagrun for example_xcom to 2021-01-01 00:00:00+00:00, run_after=2021-01-01 00:00:00+00:00
[2025-03-14T21:52:08.075+0000] {processor.py:208} INFO - Processing /home/airflow/.local/lib/python3.12/site-packages/airflow/example_dags/example_xcom.py took 0.156 seconds
[2025-03-14T21:52:38.176+0000] {processor.py:186} INFO - Started process (PID=156) to work on /home/airflow/.local/lib/python3.12/site-packages/airflow/example_dags/example_xcom.py
[2025-03-14T21:52:38.177+0000] {processor.py:914} INFO - Processing file /home/airflow/.local/lib/python3.12/site-packages/airflow/example_dags/example_xcom.py for tasks to queue
[2025-03-14T21:52:38.179+0000] {logging_mixin.py:190} INFO - [2025-03-14T21:52:38.178+0000] {dagbag.py:588} INFO - Filling up the DagBag from /home/airflow/.local/lib/python3.12/site-packages/airflow/example_dags/example_xcom.py
[2025-03-14T21:52:38.184+0000] {processor.py:925} INFO - DAG(s) 'example_xcom' retrieved from /home/airflow/.local/lib/python3.12/site-packages/airflow/example_dags/example_xcom.py
[2025-03-14T21:52:38.197+0000] {logging_mixin.py:190} INFO - [2025-03-14T21:52:38.197+0000] {dag.py:3239} INFO - Sync 1 DAGs
[2025-03-14T21:52:38.214+0000] {logging_mixin.py:190} INFO - [2025-03-14T21:52:38.213+0000] {dag.py:4180} INFO - Setting next_dagrun for example_xcom to 2021-01-01 00:00:00+00:00, run_after=2021-01-01 00:00:00+00:00
[2025-03-14T21:52:38.224+0000] {processor.py:208} INFO - Processing /home/airflow/.local/lib/python3.12/site-packages/airflow/example_dags/example_xcom.py took 0.051 seconds
[2025-03-14T21:53:09.583+0000] {processor.py:186} INFO - Started process (PID=219) to work on /home/airflow/.local/lib/python3.12/site-packages/airflow/example_dags/example_xcom.py
[2025-03-14T21:53:09.585+0000] {processor.py:914} INFO - Processing file /home/airflow/.local/lib/python3.12/site-packages/airflow/example_dags/example_xcom.py for tasks to queue
[2025-03-14T21:53:09.586+0000] {logging_mixin.py:190} INFO - [2025-03-14T21:53:09.586+0000] {dagbag.py:588} INFO - Filling up the DagBag from /home/airflow/.local/lib/python3.12/site-packages/airflow/example_dags/example_xcom.py
[2025-03-14T21:53:09.593+0000] {processor.py:925} INFO - DAG(s) 'example_xcom' retrieved from /home/airflow/.local/lib/python3.12/site-packages/airflow/example_dags/example_xcom.py
[2025-03-14T21:53:09.610+0000] {logging_mixin.py:190} INFO - [2025-03-14T21:53:09.609+0000] {dag.py:3239} INFO - Sync 1 DAGs
[2025-03-14T21:53:09.628+0000] {logging_mixin.py:190} INFO - [2025-03-14T21:53:09.628+0000] {dag.py:4180} INFO - Setting next_dagrun for example_xcom to 2021-01-01 00:00:00+00:00, run_after=2021-01-01 00:00:00+00:00
[2025-03-14T21:53:09.638+0000] {processor.py:208} INFO - Processing /home/airflow/.local/lib/python3.12/site-packages/airflow/example_dags/example_xcom.py took 0.060 seconds
[2025-03-14T21:53:41.209+0000] {processor.py:186} INFO - Started process (PID=282) to work on /home/airflow/.local/lib/python3.12/site-packages/airflow/example_dags/example_xcom.py
[2025-03-14T21:53:41.210+0000] {processor.py:914} INFO - Processing file /home/airflow/.local/lib/python3.12/site-packages/airflow/example_dags/example_xcom.py for tasks to queue
[2025-03-14T21:53:41.211+0000] {logging_mixin.py:190} INFO - [2025-03-14T21:53:41.211+0000] {dagbag.py:588} INFO - Filling up the DagBag from /home/airflow/.local/lib/python3.12/site-packages/airflow/example_dags/example_xcom.py
[2025-03-14T21:53:41.217+0000] {processor.py:925} INFO - DAG(s) 'example_xcom' retrieved from /home/airflow/.local/lib/python3.12/site-packages/airflow/example_dags/example_xcom.py
[2025-03-14T21:53:41.232+0000] {logging_mixin.py:190} INFO - [2025-03-14T21:53:41.232+0000] {dag.py:3239} INFO - Sync 1 DAGs
[2025-03-14T21:53:41.243+0000] {logging_mixin.py:190} INFO - [2025-03-14T21:53:41.243+0000] {dag.py:4180} INFO - Setting next_dagrun for example_xcom to 2021-01-01 00:00:00+00:00, run_after=2021-01-01 00:00:00+00:00
[2025-03-14T21:53:41.255+0000] {processor.py:208} INFO - Processing /home/airflow/.local/lib/python3.12/site-packages/airflow/example_dags/example_xcom.py took 0.049 seconds
[2025-03-14T21:54:12.890+0000] {processor.py:186} INFO - Started process (PID=345) to work on /home/airflow/.local/lib/python3.12/site-packages/airflow/example_dags/example_xcom.py
[2025-03-14T21:54:12.891+0000] {processor.py:914} INFO - Processing file /home/airflow/.local/lib/python3.12/site-packages/airflow/example_dags/example_xcom.py for tasks to queue
[2025-03-14T21:54:12.893+0000] {logging_mixin.py:190} INFO - [2025-03-14T21:54:12.893+0000] {dagbag.py:588} INFO - Filling up the DagBag from /home/airflow/.local/lib/python3.12/site-packages/airflow/example_dags/example_xcom.py
[2025-03-14T21:54:12.900+0000] {processor.py:925} INFO - DAG(s) 'example_xcom' retrieved from /home/airflow/.local/lib/python3.12/site-packages/airflow/example_dags/example_xcom.py
[2025-03-14T21:54:12.912+0000] {logging_mixin.py:190} INFO - [2025-03-14T21:54:12.912+0000] {dag.py:3239} INFO - Sync 1 DAGs
[2025-03-14T21:54:12.933+0000] {logging_mixin.py:190} INFO - [2025-03-14T21:54:12.932+0000] {dag.py:4180} INFO - Setting next_dagrun for example_xcom to 2021-01-01 00:00:00+00:00, run_after=2021-01-01 00:00:00+00:00
[2025-03-14T21:54:12.978+0000] {processor.py:208} INFO - Processing /home/airflow/.local/lib/python3.12/site-packages/airflow/example_dags/example_xcom.py took 0.093 seconds
[2025-03-14T21:54:44.063+0000] {processor.py:186} INFO - Started process (PID=408) to work on /home/airflow/.local/lib/python3.12/site-packages/airflow/example_dags/example_xcom.py
[2025-03-14T21:54:44.064+0000] {processor.py:914} INFO - Processing file /home/airflow/.local/lib/python3.12/site-packages/airflow/example_dags/example_xcom.py for tasks to queue
[2025-03-14T21:54:44.065+0000] {logging_mixin.py:190} INFO - [2025-03-14T21:54:44.065+0000] {dagbag.py:588} INFO - Filling up the DagBag from /home/airflow/.local/lib/python3.12/site-packages/airflow/example_dags/example_xcom.py
[2025-03-14T21:54:44.070+0000] {processor.py:925} INFO - DAG(s) 'example_xcom' retrieved from /home/airflow/.local/lib/python3.12/site-packages/airflow/example_dags/example_xcom.py
[2025-03-14T21:54:44.079+0000] {logging_mixin.py:190} INFO - [2025-03-14T21:54:44.079+0000] {dag.py:3239} INFO - Sync 1 DAGs
[2025-03-14T21:54:44.094+0000] {logging_mixin.py:190} INFO - [2025-03-14T21:54:44.094+0000] {dag.py:4180} INFO - Setting next_dagrun for example_xcom to 2021-01-01 00:00:00+00:00, run_after=2021-01-01 00:00:00+00:00
[2025-03-14T21:54:44.108+0000] {processor.py:208} INFO - Processing /home/airflow/.local/lib/python3.12/site-packages/airflow/example_dags/example_xcom.py took 0.047 seconds
[2025-03-14T21:55:15.007+0000] {processor.py:186} INFO - Started process (PID=471) to work on /home/airflow/.local/lib/python3.12/site-packages/airflow/example_dags/example_xcom.py
[2025-03-14T21:55:15.008+0000] {processor.py:914} INFO - Processing file /home/airflow/.local/lib/python3.12/site-packages/airflow/example_dags/example_xcom.py for tasks to queue
[2025-03-14T21:55:15.009+0000] {logging_mixin.py:190} INFO - [2025-03-14T21:55:15.009+0000] {dagbag.py:588} INFO - Filling up the DagBag from /home/airflow/.local/lib/python3.12/site-packages/airflow/example_dags/example_xcom.py
[2025-03-14T21:55:15.014+0000] {processor.py:925} INFO - DAG(s) 'example_xcom' retrieved from /home/airflow/.local/lib/python3.12/site-packages/airflow/example_dags/example_xcom.py
[2025-03-14T21:55:15.023+0000] {logging_mixin.py:190} INFO - [2025-03-14T21:55:15.023+0000] {dag.py:3239} INFO - Sync 1 DAGs
[2025-03-14T21:55:15.033+0000] {logging_mixin.py:190} INFO - [2025-03-14T21:55:15.033+0000] {dag.py:4180} INFO - Setting next_dagrun for example_xcom to 2021-01-01 00:00:00+00:00, run_after=2021-01-01 00:00:00+00:00
[2025-03-14T21:55:15.041+0000] {processor.py:208} INFO - Processing /home/airflow/.local/lib/python3.12/site-packages/airflow/example_dags/example_xcom.py took 0.038 seconds
[2025-03-14T21:55:46.146+0000] {processor.py:186} INFO - Started process (PID=534) to work on /home/airflow/.local/lib/python3.12/site-packages/airflow/example_dags/example_xcom.py
[2025-03-14T21:55:46.147+0000] {processor.py:914} INFO - Processing file /home/airflow/.local/lib/python3.12/site-packages/airflow/example_dags/example_xcom.py for tasks to queue
[2025-03-14T21:55:46.148+0000] {logging_mixin.py:190} INFO - [2025-03-14T21:55:46.148+0000] {dagbag.py:588} INFO - Filling up the DagBag from /home/airflow/.local/lib/python3.12/site-packages/airflow/example_dags/example_xcom.py
[2025-03-14T21:55:46.152+0000] {processor.py:925} INFO - DAG(s) 'example_xcom' retrieved from /home/airflow/.local/lib/python3.12/site-packages/airflow/example_dags/example_xcom.py
[2025-03-14T21:55:46.163+0000] {logging_mixin.py:190} INFO - [2025-03-14T21:55:46.163+0000] {dag.py:3239} INFO - Sync 1 DAGs
[2025-03-14T21:55:46.177+0000] {logging_mixin.py:190} INFO - [2025-03-14T21:55:46.177+0000] {dag.py:4180} INFO - Setting next_dagrun for example_xcom to 2021-01-01 00:00:00+00:00, run_after=2021-01-01 00:00:00+00:00
[2025-03-14T21:55:46.188+0000] {processor.py:208} INFO - Processing /home/airflow/.local/lib/python3.12/site-packages/airflow/example_dags/example_xcom.py took 0.046 seconds
[2025-03-14T21:56:17.238+0000] {processor.py:186} INFO - Started process (PID=597) to work on /home/airflow/.local/lib/python3.12/site-packages/airflow/example_dags/example_xcom.py
[2025-03-14T21:56:17.239+0000] {processor.py:914} INFO - Processing file /home/airflow/.local/lib/python3.12/site-packages/airflow/example_dags/example_xcom.py for tasks to queue
[2025-03-14T21:56:17.240+0000] {logging_mixin.py:190} INFO - [2025-03-14T21:56:17.240+0000] {dagbag.py:588} INFO - Filling up the DagBag from /home/airflow/.local/lib/python3.12/site-packages/airflow/example_dags/example_xcom.py
[2025-03-14T21:56:17.246+0000] {processor.py:925} INFO - DAG(s) 'example_xcom' retrieved from /home/airflow/.local/lib/python3.12/site-packages/airflow/example_dags/example_xcom.py
[2025-03-14T21:56:17.259+0000] {logging_mixin.py:190} INFO - [2025-03-14T21:56:17.259+0000] {dag.py:3239} INFO - Sync 1 DAGs
[2025-03-14T21:56:17.274+0000] {logging_mixin.py:190} INFO - [2025-03-14T21:56:17.274+0000] {dag.py:4180} INFO - Setting next_dagrun for example_xcom to 2021-01-01 00:00:00+00:00, run_after=2021-01-01 00:00:00+00:00
[2025-03-14T21:56:17.289+0000] {processor.py:208} INFO - Processing /home/airflow/.local/lib/python3.12/site-packages/airflow/example_dags/example_xcom.py took 0.054 seconds
[2025-03-14T21:56:47.906+0000] {processor.py:186} INFO - Started process (PID=661) to work on /home/airflow/.local/lib/python3.12/site-packages/airflow/example_dags/example_xcom.py
[2025-03-14T21:56:47.908+0000] {processor.py:914} INFO - Processing file /home/airflow/.local/lib/python3.12/site-packages/airflow/example_dags/example_xcom.py for tasks to queue
[2025-03-14T21:56:47.910+0000] {logging_mixin.py:190} INFO - [2025-03-14T21:56:47.909+0000] {dagbag.py:588} INFO - Filling up the DagBag from /home/airflow/.local/lib/python3.12/site-packages/airflow/example_dags/example_xcom.py
[2025-03-14T21:56:47.915+0000] {processor.py:925} INFO - DAG(s) 'example_xcom' retrieved from /home/airflow/.local/lib/python3.12/site-packages/airflow/example_dags/example_xcom.py
[2025-03-14T21:56:47.928+0000] {logging_mixin.py:190} INFO - [2025-03-14T21:56:47.928+0000] {dag.py:3239} INFO - Sync 1 DAGs
[2025-03-14T21:56:47.939+0000] {logging_mixin.py:190} INFO - [2025-03-14T21:56:47.939+0000] {dag.py:4180} INFO - Setting next_dagrun for example_xcom to 2021-01-01 00:00:00+00:00, run_after=2021-01-01 00:00:00+00:00
[2025-03-14T21:56:47.950+0000] {processor.py:208} INFO - Processing /home/airflow/.local/lib/python3.12/site-packages/airflow/example_dags/example_xcom.py took 0.047 seconds
[2025-03-14T21:57:19.358+0000] {processor.py:186} INFO - Started process (PID=724) to work on /home/airflow/.local/lib/python3.12/site-packages/airflow/example_dags/example_xcom.py
[2025-03-14T21:57:19.359+0000] {processor.py:914} INFO - Processing file /home/airflow/.local/lib/python3.12/site-packages/airflow/example_dags/example_xcom.py for tasks to queue
[2025-03-14T21:57:19.360+0000] {logging_mixin.py:190} INFO - [2025-03-14T21:57:19.360+0000] {dagbag.py:588} INFO - Filling up the DagBag from /home/airflow/.local/lib/python3.12/site-packages/airflow/example_dags/example_xcom.py
[2025-03-14T21:57:19.366+0000] {processor.py:925} INFO - DAG(s) 'example_xcom' retrieved from /home/airflow/.local/lib/python3.12/site-packages/airflow/example_dags/example_xcom.py
[2025-03-14T21:57:19.375+0000] {logging_mixin.py:190} INFO - [2025-03-14T21:57:19.375+0000] {dag.py:3239} INFO - Sync 1 DAGs
[2025-03-14T21:57:19.385+0000] {logging_mixin.py:190} INFO - [2025-03-14T21:57:19.385+0000] {dag.py:4180} INFO - Setting next_dagrun for example_xcom to 2021-01-01 00:00:00+00:00, run_after=2021-01-01 00:00:00+00:00
[2025-03-14T21:57:19.392+0000] {processor.py:208} INFO - Processing /home/airflow/.local/lib/python3.12/site-packages/airflow/example_dags/example_xcom.py took 0.038 seconds
[2025-03-14T21:57:50.971+0000] {processor.py:186} INFO - Started process (PID=787) to work on /home/airflow/.local/lib/python3.12/site-packages/airflow/example_dags/example_xcom.py
[2025-03-14T21:57:50.972+0000] {processor.py:914} INFO - Processing file /home/airflow/.local/lib/python3.12/site-packages/airflow/example_dags/example_xcom.py for tasks to queue
[2025-03-14T21:57:50.974+0000] {logging_mixin.py:190} INFO - [2025-03-14T21:57:50.974+0000] {dagbag.py:588} INFO - Filling up the DagBag from /home/airflow/.local/lib/python3.12/site-packages/airflow/example_dags/example_xcom.py
[2025-03-14T21:57:50.979+0000] {processor.py:925} INFO - DAG(s) 'example_xcom' retrieved from /home/airflow/.local/lib/python3.12/site-packages/airflow/example_dags/example_xcom.py
[2025-03-14T21:57:50.988+0000] {logging_mixin.py:190} INFO - [2025-03-14T21:57:50.988+0000] {dag.py:3239} INFO - Sync 1 DAGs
[2025-03-14T21:57:50.998+0000] {logging_mixin.py:190} INFO - [2025-03-14T21:57:50.998+0000] {dag.py:4180} INFO - Setting next_dagrun for example_xcom to 2021-01-01 00:00:00+00:00, run_after=2021-01-01 00:00:00+00:00
[2025-03-14T21:57:51.007+0000] {processor.py:208} INFO - Processing /home/airflow/.local/lib/python3.12/site-packages/airflow/example_dags/example_xcom.py took 0.039 seconds
[2025-03-14T21:58:22.417+0000] {processor.py:186} INFO - Started process (PID=850) to work on /home/airflow/.local/lib/python3.12/site-packages/airflow/example_dags/example_xcom.py
[2025-03-14T21:58:22.420+0000] {processor.py:914} INFO - Processing file /home/airflow/.local/lib/python3.12/site-packages/airflow/example_dags/example_xcom.py for tasks to queue
[2025-03-14T21:58:22.423+0000] {logging_mixin.py:190} INFO - [2025-03-14T21:58:22.423+0000] {dagbag.py:588} INFO - Filling up the DagBag from /home/airflow/.local/lib/python3.12/site-packages/airflow/example_dags/example_xcom.py
[2025-03-14T21:58:22.429+0000] {processor.py:925} INFO - DAG(s) 'example_xcom' retrieved from /home/airflow/.local/lib/python3.12/site-packages/airflow/example_dags/example_xcom.py
[2025-03-14T21:58:22.445+0000] {logging_mixin.py:190} INFO - [2025-03-14T21:58:22.445+0000] {dag.py:3239} INFO - Sync 1 DAGs
[2025-03-14T21:58:22.456+0000] {logging_mixin.py:190} INFO - [2025-03-14T21:58:22.455+0000] {dag.py:4180} INFO - Setting next_dagrun for example_xcom to 2021-01-01 00:00:00+00:00, run_after=2021-01-01 00:00:00+00:00
[2025-03-14T21:58:22.465+0000] {processor.py:208} INFO - Processing /home/airflow/.local/lib/python3.12/site-packages/airflow/example_dags/example_xcom.py took 0.051 seconds
[2025-03-14T21:58:53.173+0000] {processor.py:186} INFO - Started process (PID=913) to work on /home/airflow/.local/lib/python3.12/site-packages/airflow/example_dags/example_xcom.py
[2025-03-14T21:58:53.177+0000] {processor.py:914} INFO - Processing file /home/airflow/.local/lib/python3.12/site-packages/airflow/example_dags/example_xcom.py for tasks to queue
[2025-03-14T21:58:53.178+0000] {logging_mixin.py:190} INFO - [2025-03-14T21:58:53.178+0000] {dagbag.py:588} INFO - Filling up the DagBag from /home/airflow/.local/lib/python3.12/site-packages/airflow/example_dags/example_xcom.py
[2025-03-14T21:58:53.185+0000] {processor.py:925} INFO - DAG(s) 'example_xcom' retrieved from /home/airflow/.local/lib/python3.12/site-packages/airflow/example_dags/example_xcom.py
[2025-03-14T21:58:53.199+0000] {logging_mixin.py:190} INFO - [2025-03-14T21:58:53.199+0000] {dag.py:3239} INFO - Sync 1 DAGs
[2025-03-14T21:58:53.211+0000] {logging_mixin.py:190} INFO - [2025-03-14T21:58:53.210+0000] {dag.py:4180} INFO - Setting next_dagrun for example_xcom to 2021-01-01 00:00:00+00:00, run_after=2021-01-01 00:00:00+00:00
[2025-03-14T21:58:53.220+0000] {processor.py:208} INFO - Processing /home/airflow/.local/lib/python3.12/site-packages/airflow/example_dags/example_xcom.py took 0.050 seconds
[2025-03-14T21:59:24.475+0000] {processor.py:186} INFO - Started process (PID=976) to work on /home/airflow/.local/lib/python3.12/site-packages/airflow/example_dags/example_xcom.py
[2025-03-14T21:59:24.478+0000] {processor.py:914} INFO - Processing file /home/airflow/.local/lib/python3.12/site-packages/airflow/example_dags/example_xcom.py for tasks to queue
[2025-03-14T21:59:24.479+0000] {logging_mixin.py:190} INFO - [2025-03-14T21:59:24.479+0000] {dagbag.py:588} INFO - Filling up the DagBag from /home/airflow/.local/lib/python3.12/site-packages/airflow/example_dags/example_xcom.py
[2025-03-14T21:59:24.483+0000] {processor.py:925} INFO - DAG(s) 'example_xcom' retrieved from /home/airflow/.local/lib/python3.12/site-packages/airflow/example_dags/example_xcom.py
[2025-03-14T21:59:24.496+0000] {logging_mixin.py:190} INFO - [2025-03-14T21:59:24.496+0000] {dag.py:3239} INFO - Sync 1 DAGs
[2025-03-14T21:59:24.506+0000] {logging_mixin.py:190} INFO - [2025-03-14T21:59:24.505+0000] {dag.py:4180} INFO - Setting next_dagrun for example_xcom to 2021-01-01 00:00:00+00:00, run_after=2021-01-01 00:00:00+00:00
[2025-03-14T21:59:24.531+0000] {processor.py:208} INFO - Processing /home/airflow/.local/lib/python3.12/site-packages/airflow/example_dags/example_xcom.py took 0.059 seconds
[2025-03-14T21:59:55.801+0000] {processor.py:186} INFO - Started process (PID=1039) to work on /home/airflow/.local/lib/python3.12/site-packages/airflow/example_dags/example_xcom.py
[2025-03-14T21:59:55.802+0000] {processor.py:914} INFO - Processing file /home/airflow/.local/lib/python3.12/site-packages/airflow/example_dags/example_xcom.py for tasks to queue
[2025-03-14T21:59:55.804+0000] {logging_mixin.py:190} INFO - [2025-03-14T21:59:55.804+0000] {dagbag.py:588} INFO - Filling up the DagBag from /home/airflow/.local/lib/python3.12/site-packages/airflow/example_dags/example_xcom.py
[2025-03-14T21:59:55.810+0000] {processor.py:925} INFO - DAG(s) 'example_xcom' retrieved from /home/airflow/.local/lib/python3.12/site-packages/airflow/example_dags/example_xcom.py
[2025-03-14T21:59:55.820+0000] {logging_mixin.py:190} INFO - [2025-03-14T21:59:55.820+0000] {dag.py:3239} INFO - Sync 1 DAGs
[2025-03-14T21:59:55.829+0000] {logging_mixin.py:190} INFO - [2025-03-14T21:59:55.829+0000] {dag.py:4180} INFO - Setting next_dagrun for example_xcom to 2021-01-01 00:00:00+00:00, run_after=2021-01-01 00:00:00+00:00
[2025-03-14T21:59:55.837+0000] {processor.py:208} INFO - Processing /home/airflow/.local/lib/python3.12/site-packages/airflow/example_dags/example_xcom.py took 0.040 seconds
[2025-03-14T22:00:27.201+0000] {processor.py:186} INFO - Started process (PID=1102) to work on /home/airflow/.local/lib/python3.12/site-packages/airflow/example_dags/example_xcom.py
[2025-03-14T22:00:27.202+0000] {processor.py:914} INFO - Processing file /home/airflow/.local/lib/python3.12/site-packages/airflow/example_dags/example_xcom.py for tasks to queue
[2025-03-14T22:00:27.203+0000] {logging_mixin.py:190} INFO - [2025-03-14T22:00:27.203+0000] {dagbag.py:588} INFO - Filling up the DagBag from /home/airflow/.local/lib/python3.12/site-packages/airflow/example_dags/example_xcom.py
[2025-03-14T22:00:27.209+0000] {processor.py:925} INFO - DAG(s) 'example_xcom' retrieved from /home/airflow/.local/lib/python3.12/site-packages/airflow/example_dags/example_xcom.py
[2025-03-14T22:00:27.221+0000] {logging_mixin.py:190} INFO - [2025-03-14T22:00:27.221+0000] {dag.py:3239} INFO - Sync 1 DAGs
[2025-03-14T22:00:27.231+0000] {logging_mixin.py:190} INFO - [2025-03-14T22:00:27.231+0000] {dag.py:4180} INFO - Setting next_dagrun for example_xcom to 2021-01-01 00:00:00+00:00, run_after=2021-01-01 00:00:00+00:00
[2025-03-14T22:00:27.244+0000] {processor.py:208} INFO - Processing /home/airflow/.local/lib/python3.12/site-packages/airflow/example_dags/example_xcom.py took 0.046 seconds
[2025-03-14T22:00:58.148+0000] {processor.py:186} INFO - Started process (PID=1165) to work on /home/airflow/.local/lib/python3.12/site-packages/airflow/example_dags/example_xcom.py
[2025-03-14T22:00:58.150+0000] {processor.py:914} INFO - Processing file /home/airflow/.local/lib/python3.12/site-packages/airflow/example_dags/example_xcom.py for tasks to queue
[2025-03-14T22:00:58.151+0000] {logging_mixin.py:190} INFO - [2025-03-14T22:00:58.151+0000] {dagbag.py:588} INFO - Filling up the DagBag from /home/airflow/.local/lib/python3.12/site-packages/airflow/example_dags/example_xcom.py
[2025-03-14T22:00:58.158+0000] {processor.py:925} INFO - DAG(s) 'example_xcom' retrieved from /home/airflow/.local/lib/python3.12/site-packages/airflow/example_dags/example_xcom.py
[2025-03-14T22:00:58.170+0000] {logging_mixin.py:190} INFO - [2025-03-14T22:00:58.170+0000] {dag.py:3239} INFO - Sync 1 DAGs
[2025-03-14T22:00:58.181+0000] {logging_mixin.py:190} INFO - [2025-03-14T22:00:58.181+0000] {dag.py:4180} INFO - Setting next_dagrun for example_xcom to 2021-01-01 00:00:00+00:00, run_after=2021-01-01 00:00:00+00:00
[2025-03-14T22:00:58.196+0000] {processor.py:208} INFO - Processing /home/airflow/.local/lib/python3.12/site-packages/airflow/example_dags/example_xcom.py took 0.053 seconds
[2025-03-14T22:01:29.117+0000] {processor.py:186} INFO - Started process (PID=1234) to work on /home/airflow/.local/lib/python3.12/site-packages/airflow/example_dags/example_xcom.py
[2025-03-14T22:01:29.119+0000] {processor.py:914} INFO - Processing file /home/airflow/.local/lib/python3.12/site-packages/airflow/example_dags/example_xcom.py for tasks to queue
[2025-03-14T22:01:29.121+0000] {logging_mixin.py:190} INFO - [2025-03-14T22:01:29.120+0000] {dagbag.py:588} INFO - Filling up the DagBag from /home/airflow/.local/lib/python3.12/site-packages/airflow/example_dags/example_xcom.py
[2025-03-14T22:01:29.128+0000] {processor.py:925} INFO - DAG(s) 'example_xcom' retrieved from /home/airflow/.local/lib/python3.12/site-packages/airflow/example_dags/example_xcom.py
[2025-03-14T22:01:29.139+0000] {logging_mixin.py:190} INFO - [2025-03-14T22:01:29.139+0000] {dag.py:3239} INFO - Sync 1 DAGs
[2025-03-14T22:01:29.150+0000] {logging_mixin.py:190} INFO - [2025-03-14T22:01:29.150+0000] {dag.py:4180} INFO - Setting next_dagrun for example_xcom to 2021-01-01 00:00:00+00:00, run_after=2021-01-01 00:00:00+00:00
[2025-03-14T22:01:29.159+0000] {processor.py:208} INFO - Processing /home/airflow/.local/lib/python3.12/site-packages/airflow/example_dags/example_xcom.py took 0.046 seconds
[2025-03-14T22:01:59.767+0000] {processor.py:186} INFO - Started process (PID=1297) to work on /home/airflow/.local/lib/python3.12/site-packages/airflow/example_dags/example_xcom.py
[2025-03-14T22:01:59.767+0000] {processor.py:914} INFO - Processing file /home/airflow/.local/lib/python3.12/site-packages/airflow/example_dags/example_xcom.py for tasks to queue
[2025-03-14T22:01:59.768+0000] {logging_mixin.py:190} INFO - [2025-03-14T22:01:59.768+0000] {dagbag.py:588} INFO - Filling up the DagBag from /home/airflow/.local/lib/python3.12/site-packages/airflow/example_dags/example_xcom.py
[2025-03-14T22:01:59.775+0000] {processor.py:925} INFO - DAG(s) 'example_xcom' retrieved from /home/airflow/.local/lib/python3.12/site-packages/airflow/example_dags/example_xcom.py
[2025-03-14T22:01:59.787+0000] {logging_mixin.py:190} INFO - [2025-03-14T22:01:59.787+0000] {dag.py:3239} INFO - Sync 1 DAGs
[2025-03-14T22:01:59.797+0000] {logging_mixin.py:190} INFO - [2025-03-14T22:01:59.796+0000] {dag.py:4180} INFO - Setting next_dagrun for example_xcom to 2021-01-01 00:00:00+00:00, run_after=2021-01-01 00:00:00+00:00
[2025-03-14T22:01:59.805+0000] {processor.py:208} INFO - Processing /home/airflow/.local/lib/python3.12/site-packages/airflow/example_dags/example_xcom.py took 0.041 seconds
[2025-03-14T22:02:31.447+0000] {processor.py:186} INFO - Started process (PID=1360) to work on /home/airflow/.local/lib/python3.12/site-packages/airflow/example_dags/example_xcom.py
[2025-03-14T22:02:31.450+0000] {processor.py:914} INFO - Processing file /home/airflow/.local/lib/python3.12/site-packages/airflow/example_dags/example_xcom.py for tasks to queue
[2025-03-14T22:02:31.452+0000] {logging_mixin.py:190} INFO - [2025-03-14T22:02:31.452+0000] {dagbag.py:588} INFO - Filling up the DagBag from /home/airflow/.local/lib/python3.12/site-packages/airflow/example_dags/example_xcom.py
[2025-03-14T22:02:31.457+0000] {processor.py:925} INFO - DAG(s) 'example_xcom' retrieved from /home/airflow/.local/lib/python3.12/site-packages/airflow/example_dags/example_xcom.py
[2025-03-14T22:02:31.468+0000] {logging_mixin.py:190} INFO - [2025-03-14T22:02:31.468+0000] {dag.py:3239} INFO - Sync 1 DAGs
[2025-03-14T22:02:31.478+0000] {logging_mixin.py:190} INFO - [2025-03-14T22:02:31.478+0000] {dag.py:4180} INFO - Setting next_dagrun for example_xcom to 2021-01-01 00:00:00+00:00, run_after=2021-01-01 00:00:00+00:00
[2025-03-14T22:02:31.487+0000] {processor.py:208} INFO - Processing /home/airflow/.local/lib/python3.12/site-packages/airflow/example_dags/example_xcom.py took 0.043 seconds
[2025-03-14T22:03:03.088+0000] {processor.py:186} INFO - Started process (PID=1422) to work on /home/airflow/.local/lib/python3.12/site-packages/airflow/example_dags/example_xcom.py
[2025-03-14T22:03:03.089+0000] {processor.py:914} INFO - Processing file /home/airflow/.local/lib/python3.12/site-packages/airflow/example_dags/example_xcom.py for tasks to queue
[2025-03-14T22:03:03.090+0000] {logging_mixin.py:190} INFO - [2025-03-14T22:03:03.090+0000] {dagbag.py:588} INFO - Filling up the DagBag from /home/airflow/.local/lib/python3.12/site-packages/airflow/example_dags/example_xcom.py
[2025-03-14T22:03:03.096+0000] {processor.py:925} INFO - DAG(s) 'example_xcom' retrieved from /home/airflow/.local/lib/python3.12/site-packages/airflow/example_dags/example_xcom.py
[2025-03-14T22:03:03.137+0000] {logging_mixin.py:190} INFO - [2025-03-14T22:03:03.136+0000] {dag.py:3239} INFO - Sync 1 DAGs
[2025-03-14T22:03:03.157+0000] {logging_mixin.py:190} INFO - [2025-03-14T22:03:03.157+0000] {dag.py:4180} INFO - Setting next_dagrun for example_xcom to 2021-01-01 00:00:00+00:00, run_after=2021-01-01 00:00:00+00:00
[2025-03-14T22:03:03.186+0000] {processor.py:208} INFO - Processing /home/airflow/.local/lib/python3.12/site-packages/airflow/example_dags/example_xcom.py took 0.101 seconds
[2025-03-14T22:03:34.176+0000] {processor.py:186} INFO - Started process (PID=1485) to work on /home/airflow/.local/lib/python3.12/site-packages/airflow/example_dags/example_xcom.py
[2025-03-14T22:03:34.177+0000] {processor.py:914} INFO - Processing file /home/airflow/.local/lib/python3.12/site-packages/airflow/example_dags/example_xcom.py for tasks to queue
[2025-03-14T22:03:34.179+0000] {logging_mixin.py:190} INFO - [2025-03-14T22:03:34.179+0000] {dagbag.py:588} INFO - Filling up the DagBag from /home/airflow/.local/lib/python3.12/site-packages/airflow/example_dags/example_xcom.py
[2025-03-14T22:03:34.184+0000] {processor.py:925} INFO - DAG(s) 'example_xcom' retrieved from /home/airflow/.local/lib/python3.12/site-packages/airflow/example_dags/example_xcom.py
[2025-03-14T22:03:34.196+0000] {logging_mixin.py:190} INFO - [2025-03-14T22:03:34.196+0000] {dag.py:3239} INFO - Sync 1 DAGs
[2025-03-14T22:03:34.206+0000] {logging_mixin.py:190} INFO - [2025-03-14T22:03:34.206+0000] {dag.py:4180} INFO - Setting next_dagrun for example_xcom to 2021-01-01 00:00:00+00:00, run_after=2021-01-01 00:00:00+00:00
[2025-03-14T22:03:34.217+0000] {processor.py:208} INFO - Processing /home/airflow/.local/lib/python3.12/site-packages/airflow/example_dags/example_xcom.py took 0.044 seconds
[2025-03-14T22:04:06.119+0000] {processor.py:186} INFO - Started process (PID=1548) to work on /home/airflow/.local/lib/python3.12/site-packages/airflow/example_dags/example_xcom.py
[2025-03-14T22:04:06.126+0000] {processor.py:914} INFO - Processing file /home/airflow/.local/lib/python3.12/site-packages/airflow/example_dags/example_xcom.py for tasks to queue
[2025-03-14T22:04:06.127+0000] {logging_mixin.py:190} INFO - [2025-03-14T22:04:06.126+0000] {dagbag.py:588} INFO - Filling up the DagBag from /home/airflow/.local/lib/python3.12/site-packages/airflow/example_dags/example_xcom.py
[2025-03-14T22:04:06.131+0000] {processor.py:925} INFO - DAG(s) 'example_xcom' retrieved from /home/airflow/.local/lib/python3.12/site-packages/airflow/example_dags/example_xcom.py
[2025-03-14T22:04:06.145+0000] {logging_mixin.py:190} INFO - [2025-03-14T22:04:06.145+0000] {dag.py:3239} INFO - Sync 1 DAGs
[2025-03-14T22:04:06.165+0000] {logging_mixin.py:190} INFO - [2025-03-14T22:04:06.164+0000] {dag.py:4180} INFO - Setting next_dagrun for example_xcom to 2021-01-01 00:00:00+00:00, run_after=2021-01-01 00:00:00+00:00
[2025-03-14T22:04:06.180+0000] {processor.py:208} INFO - Processing /home/airflow/.local/lib/python3.12/site-packages/airflow/example_dags/example_xcom.py took 0.063 seconds
