[2025-03-14T21:35:06.937+0000] {processor.py:186} INFO - Started process (PID=87) to work on /home/airflow/.local/lib/python3.12/site-packages/airflow/example_dags/example_branch_python_dop_operator_3.py
[2025-03-14T21:35:06.938+0000] {processor.py:914} INFO - Processing file /home/airflow/.local/lib/python3.12/site-packages/airflow/example_dags/example_branch_python_dop_operator_3.py for tasks to queue
[2025-03-14T21:35:06.939+0000] {logging_mixin.py:190} INFO - [2025-03-14T21:35:06.939+0000] {dagbag.py:588} INFO - Filling up the DagBag from /home/airflow/.local/lib/python3.12/site-packages/airflow/example_dags/example_branch_python_dop_operator_3.py
[2025-03-14T21:35:06.946+0000] {processor.py:925} INFO - DAG(s) 'example_branch_dop_operator_v3' retrieved from /home/airflow/.local/lib/python3.12/site-packages/airflow/example_dags/example_branch_python_dop_operator_3.py
[2025-03-14T21:35:07.089+0000] {logging_mixin.py:190} INFO - [2025-03-14T21:35:07.088+0000] {override.py:1912} INFO - Created Permission View: can edit on DAG:example_branch_dop_operator_v3
[2025-03-14T21:35:07.099+0000] {logging_mixin.py:190} INFO - [2025-03-14T21:35:07.098+0000] {override.py:1912} INFO - Created Permission View: can delete on DAG:example_branch_dop_operator_v3
[2025-03-14T21:35:07.104+0000] {logging_mixin.py:190} INFO - [2025-03-14T21:35:07.103+0000] {override.py:1912} INFO - Created Permission View: can read on DAG:example_branch_dop_operator_v3
[2025-03-14T21:35:07.111+0000] {logging_mixin.py:190} INFO - [2025-03-14T21:35:07.110+0000] {override.py:1912} INFO - Created Permission View: menu access on DAG Run:example_branch_dop_operator_v3
[2025-03-14T21:35:07.115+0000] {logging_mixin.py:190} INFO - [2025-03-14T21:35:07.115+0000] {override.py:1912} INFO - Created Permission View: can create on DAG Run:example_branch_dop_operator_v3
[2025-03-14T21:35:07.118+0000] {logging_mixin.py:190} INFO - [2025-03-14T21:35:07.118+0000] {override.py:1912} INFO - Created Permission View: can delete on DAG Run:example_branch_dop_operator_v3
[2025-03-14T21:35:07.122+0000] {logging_mixin.py:190} INFO - [2025-03-14T21:35:07.121+0000] {override.py:1912} INFO - Created Permission View: can read on DAG Run:example_branch_dop_operator_v3
[2025-03-14T21:35:07.122+0000] {logging_mixin.py:190} INFO - [2025-03-14T21:35:07.122+0000] {dag.py:3239} INFO - Sync 1 DAGs
[2025-03-14T21:35:07.135+0000] {logging_mixin.py:190} INFO - [2025-03-14T21:35:07.134+0000] {dag.py:3262} INFO - Creating ORM DAG for example_branch_dop_operator_v3
[2025-03-14T21:35:07.145+0000] {logging_mixin.py:190} INFO - [2025-03-14T21:35:07.145+0000] {dag.py:4180} INFO - Setting next_dagrun for example_branch_dop_operator_v3 to 2025-03-14 21:34:00+00:00, run_after=2025-03-14 21:35:00+00:00
[2025-03-14T21:35:07.168+0000] {processor.py:208} INFO - Processing /home/airflow/.local/lib/python3.12/site-packages/airflow/example_dags/example_branch_python_dop_operator_3.py took 0.236 seconds
[2025-03-14T21:35:39.755+0000] {processor.py:186} INFO - Started process (PID=150) to work on /home/airflow/.local/lib/python3.12/site-packages/airflow/example_dags/example_branch_python_dop_operator_3.py
[2025-03-14T21:35:39.761+0000] {processor.py:914} INFO - Processing file /home/airflow/.local/lib/python3.12/site-packages/airflow/example_dags/example_branch_python_dop_operator_3.py for tasks to queue
[2025-03-14T21:35:39.763+0000] {logging_mixin.py:190} INFO - [2025-03-14T21:35:39.763+0000] {dagbag.py:588} INFO - Filling up the DagBag from /home/airflow/.local/lib/python3.12/site-packages/airflow/example_dags/example_branch_python_dop_operator_3.py
[2025-03-14T21:35:39.782+0000] {processor.py:925} INFO - DAG(s) 'example_branch_dop_operator_v3' retrieved from /home/airflow/.local/lib/python3.12/site-packages/airflow/example_dags/example_branch_python_dop_operator_3.py
[2025-03-14T21:35:39.806+0000] {logging_mixin.py:190} INFO - [2025-03-14T21:35:39.806+0000] {dag.py:3239} INFO - Sync 1 DAGs
[2025-03-14T21:35:39.825+0000] {logging_mixin.py:190} INFO - [2025-03-14T21:35:39.825+0000] {dag.py:4180} INFO - Setting next_dagrun for example_branch_dop_operator_v3 to 2025-03-14 21:34:00+00:00, run_after=2025-03-14 21:35:00+00:00
[2025-03-14T21:35:39.835+0000] {processor.py:208} INFO - Processing /home/airflow/.local/lib/python3.12/site-packages/airflow/example_dags/example_branch_python_dop_operator_3.py took 0.092 seconds
[2025-03-14T21:36:10.551+0000] {processor.py:186} INFO - Started process (PID=213) to work on /home/airflow/.local/lib/python3.12/site-packages/airflow/example_dags/example_branch_python_dop_operator_3.py
[2025-03-14T21:36:10.552+0000] {processor.py:914} INFO - Processing file /home/airflow/.local/lib/python3.12/site-packages/airflow/example_dags/example_branch_python_dop_operator_3.py for tasks to queue
[2025-03-14T21:36:10.553+0000] {logging_mixin.py:190} INFO - [2025-03-14T21:36:10.553+0000] {dagbag.py:588} INFO - Filling up the DagBag from /home/airflow/.local/lib/python3.12/site-packages/airflow/example_dags/example_branch_python_dop_operator_3.py
[2025-03-14T21:36:10.559+0000] {processor.py:925} INFO - DAG(s) 'example_branch_dop_operator_v3' retrieved from /home/airflow/.local/lib/python3.12/site-packages/airflow/example_dags/example_branch_python_dop_operator_3.py
[2025-03-14T21:36:10.583+0000] {logging_mixin.py:190} INFO - [2025-03-14T21:36:10.583+0000] {dag.py:3239} INFO - Sync 1 DAGs
[2025-03-14T21:36:10.597+0000] {logging_mixin.py:190} INFO - [2025-03-14T21:36:10.597+0000] {dag.py:4180} INFO - Setting next_dagrun for example_branch_dop_operator_v3 to 2025-03-14 21:35:00+00:00, run_after=2025-03-14 21:36:00+00:00
[2025-03-14T21:36:10.607+0000] {processor.py:208} INFO - Processing /home/airflow/.local/lib/python3.12/site-packages/airflow/example_dags/example_branch_python_dop_operator_3.py took 0.059 seconds
[2025-03-14T21:36:42.573+0000] {processor.py:186} INFO - Started process (PID=275) to work on /home/airflow/.local/lib/python3.12/site-packages/airflow/example_dags/example_branch_python_dop_operator_3.py
[2025-03-14T21:36:42.575+0000] {processor.py:914} INFO - Processing file /home/airflow/.local/lib/python3.12/site-packages/airflow/example_dags/example_branch_python_dop_operator_3.py for tasks to queue
[2025-03-14T21:36:42.576+0000] {logging_mixin.py:190} INFO - [2025-03-14T21:36:42.576+0000] {dagbag.py:588} INFO - Filling up the DagBag from /home/airflow/.local/lib/python3.12/site-packages/airflow/example_dags/example_branch_python_dop_operator_3.py
[2025-03-14T21:36:42.583+0000] {processor.py:925} INFO - DAG(s) 'example_branch_dop_operator_v3' retrieved from /home/airflow/.local/lib/python3.12/site-packages/airflow/example_dags/example_branch_python_dop_operator_3.py
[2025-03-14T21:36:42.595+0000] {logging_mixin.py:190} INFO - [2025-03-14T21:36:42.595+0000] {dag.py:3239} INFO - Sync 1 DAGs
[2025-03-14T21:36:42.607+0000] {logging_mixin.py:190} INFO - [2025-03-14T21:36:42.607+0000] {dag.py:4180} INFO - Setting next_dagrun for example_branch_dop_operator_v3 to 2025-03-14 21:35:00+00:00, run_after=2025-03-14 21:36:00+00:00
[2025-03-14T21:36:42.616+0000] {processor.py:208} INFO - Processing /home/airflow/.local/lib/python3.12/site-packages/airflow/example_dags/example_branch_python_dop_operator_3.py took 0.050 seconds
[2025-03-14T21:37:13.597+0000] {processor.py:186} INFO - Started process (PID=338) to work on /home/airflow/.local/lib/python3.12/site-packages/airflow/example_dags/example_branch_python_dop_operator_3.py
[2025-03-14T21:37:13.598+0000] {processor.py:914} INFO - Processing file /home/airflow/.local/lib/python3.12/site-packages/airflow/example_dags/example_branch_python_dop_operator_3.py for tasks to queue
[2025-03-14T21:37:13.599+0000] {logging_mixin.py:190} INFO - [2025-03-14T21:37:13.599+0000] {dagbag.py:588} INFO - Filling up the DagBag from /home/airflow/.local/lib/python3.12/site-packages/airflow/example_dags/example_branch_python_dop_operator_3.py
[2025-03-14T21:37:13.607+0000] {processor.py:925} INFO - DAG(s) 'example_branch_dop_operator_v3' retrieved from /home/airflow/.local/lib/python3.12/site-packages/airflow/example_dags/example_branch_python_dop_operator_3.py
[2025-03-14T21:37:13.622+0000] {logging_mixin.py:190} INFO - [2025-03-14T21:37:13.622+0000] {dag.py:3239} INFO - Sync 1 DAGs
[2025-03-14T21:37:13.636+0000] {logging_mixin.py:190} INFO - [2025-03-14T21:37:13.635+0000] {dag.py:4180} INFO - Setting next_dagrun for example_branch_dop_operator_v3 to 2025-03-14 21:36:00+00:00, run_after=2025-03-14 21:37:00+00:00
[2025-03-14T21:37:13.644+0000] {processor.py:208} INFO - Processing /home/airflow/.local/lib/python3.12/site-packages/airflow/example_dags/example_branch_python_dop_operator_3.py took 0.051 seconds
[2025-03-14T21:37:45.162+0000] {processor.py:186} INFO - Started process (PID=401) to work on /home/airflow/.local/lib/python3.12/site-packages/airflow/example_dags/example_branch_python_dop_operator_3.py
[2025-03-14T21:37:45.163+0000] {processor.py:914} INFO - Processing file /home/airflow/.local/lib/python3.12/site-packages/airflow/example_dags/example_branch_python_dop_operator_3.py for tasks to queue
[2025-03-14T21:37:45.165+0000] {logging_mixin.py:190} INFO - [2025-03-14T21:37:45.164+0000] {dagbag.py:588} INFO - Filling up the DagBag from /home/airflow/.local/lib/python3.12/site-packages/airflow/example_dags/example_branch_python_dop_operator_3.py
[2025-03-14T21:37:45.170+0000] {processor.py:925} INFO - DAG(s) 'example_branch_dop_operator_v3' retrieved from /home/airflow/.local/lib/python3.12/site-packages/airflow/example_dags/example_branch_python_dop_operator_3.py
[2025-03-14T21:37:45.181+0000] {logging_mixin.py:190} INFO - [2025-03-14T21:37:45.180+0000] {dag.py:3239} INFO - Sync 1 DAGs
[2025-03-14T21:37:45.202+0000] {logging_mixin.py:190} INFO - [2025-03-14T21:37:45.202+0000] {dag.py:4180} INFO - Setting next_dagrun for example_branch_dop_operator_v3 to 2025-03-14 21:36:00+00:00, run_after=2025-03-14 21:37:00+00:00
[2025-03-14T21:37:45.210+0000] {processor.py:208} INFO - Processing /home/airflow/.local/lib/python3.12/site-packages/airflow/example_dags/example_branch_python_dop_operator_3.py took 0.051 seconds
[2025-03-14T21:38:16.511+0000] {processor.py:186} INFO - Started process (PID=463) to work on /home/airflow/.local/lib/python3.12/site-packages/airflow/example_dags/example_branch_python_dop_operator_3.py
[2025-03-14T21:38:16.512+0000] {processor.py:914} INFO - Processing file /home/airflow/.local/lib/python3.12/site-packages/airflow/example_dags/example_branch_python_dop_operator_3.py for tasks to queue
[2025-03-14T21:38:16.514+0000] {logging_mixin.py:190} INFO - [2025-03-14T21:38:16.513+0000] {dagbag.py:588} INFO - Filling up the DagBag from /home/airflow/.local/lib/python3.12/site-packages/airflow/example_dags/example_branch_python_dop_operator_3.py
[2025-03-14T21:38:16.527+0000] {processor.py:925} INFO - DAG(s) 'example_branch_dop_operator_v3' retrieved from /home/airflow/.local/lib/python3.12/site-packages/airflow/example_dags/example_branch_python_dop_operator_3.py
[2025-03-14T21:38:16.551+0000] {logging_mixin.py:190} INFO - [2025-03-14T21:38:16.551+0000] {dag.py:3239} INFO - Sync 1 DAGs
[2025-03-14T21:38:16.568+0000] {logging_mixin.py:190} INFO - [2025-03-14T21:38:16.568+0000] {dag.py:4180} INFO - Setting next_dagrun for example_branch_dop_operator_v3 to 2025-03-14 21:37:00+00:00, run_after=2025-03-14 21:38:00+00:00
[2025-03-14T21:38:16.596+0000] {processor.py:208} INFO - Processing /home/airflow/.local/lib/python3.12/site-packages/airflow/example_dags/example_branch_python_dop_operator_3.py took 0.090 seconds
[2025-03-14T21:38:47.672+0000] {processor.py:186} INFO - Started process (PID=526) to work on /home/airflow/.local/lib/python3.12/site-packages/airflow/example_dags/example_branch_python_dop_operator_3.py
[2025-03-14T21:38:47.673+0000] {processor.py:914} INFO - Processing file /home/airflow/.local/lib/python3.12/site-packages/airflow/example_dags/example_branch_python_dop_operator_3.py for tasks to queue
[2025-03-14T21:38:47.674+0000] {logging_mixin.py:190} INFO - [2025-03-14T21:38:47.673+0000] {dagbag.py:588} INFO - Filling up the DagBag from /home/airflow/.local/lib/python3.12/site-packages/airflow/example_dags/example_branch_python_dop_operator_3.py
[2025-03-14T21:38:47.679+0000] {processor.py:925} INFO - DAG(s) 'example_branch_dop_operator_v3' retrieved from /home/airflow/.local/lib/python3.12/site-packages/airflow/example_dags/example_branch_python_dop_operator_3.py
[2025-03-14T21:38:47.689+0000] {logging_mixin.py:190} INFO - [2025-03-14T21:38:47.689+0000] {dag.py:3239} INFO - Sync 1 DAGs
[2025-03-14T21:38:47.700+0000] {logging_mixin.py:190} INFO - [2025-03-14T21:38:47.700+0000] {dag.py:4180} INFO - Setting next_dagrun for example_branch_dop_operator_v3 to 2025-03-14 21:37:00+00:00, run_after=2025-03-14 21:38:00+00:00
[2025-03-14T21:38:47.710+0000] {processor.py:208} INFO - Processing /home/airflow/.local/lib/python3.12/site-packages/airflow/example_dags/example_branch_python_dop_operator_3.py took 0.041 seconds
[2025-03-14T21:39:19.254+0000] {processor.py:186} INFO - Started process (PID=589) to work on /home/airflow/.local/lib/python3.12/site-packages/airflow/example_dags/example_branch_python_dop_operator_3.py
[2025-03-14T21:39:19.255+0000] {processor.py:914} INFO - Processing file /home/airflow/.local/lib/python3.12/site-packages/airflow/example_dags/example_branch_python_dop_operator_3.py for tasks to queue
[2025-03-14T21:39:19.257+0000] {logging_mixin.py:190} INFO - [2025-03-14T21:39:19.257+0000] {dagbag.py:588} INFO - Filling up the DagBag from /home/airflow/.local/lib/python3.12/site-packages/airflow/example_dags/example_branch_python_dop_operator_3.py
[2025-03-14T21:39:19.266+0000] {processor.py:925} INFO - DAG(s) 'example_branch_dop_operator_v3' retrieved from /home/airflow/.local/lib/python3.12/site-packages/airflow/example_dags/example_branch_python_dop_operator_3.py
[2025-03-14T21:39:19.286+0000] {logging_mixin.py:190} INFO - [2025-03-14T21:39:19.285+0000] {dag.py:3239} INFO - Sync 1 DAGs
[2025-03-14T21:39:19.311+0000] {logging_mixin.py:190} INFO - [2025-03-14T21:39:19.311+0000] {dag.py:4180} INFO - Setting next_dagrun for example_branch_dop_operator_v3 to 2025-03-14 21:38:00+00:00, run_after=2025-03-14 21:39:00+00:00
[2025-03-14T21:39:19.326+0000] {processor.py:208} INFO - Processing /home/airflow/.local/lib/python3.12/site-packages/airflow/example_dags/example_branch_python_dop_operator_3.py took 0.075 seconds
[2025-03-14T21:44:13.677+0000] {processor.py:186} INFO - Started process (PID=96) to work on /home/airflow/.local/lib/python3.12/site-packages/airflow/example_dags/example_branch_python_dop_operator_3.py
[2025-03-14T21:44:13.684+0000] {processor.py:914} INFO - Processing file /home/airflow/.local/lib/python3.12/site-packages/airflow/example_dags/example_branch_python_dop_operator_3.py for tasks to queue
[2025-03-14T21:44:13.689+0000] {logging_mixin.py:190} INFO - [2025-03-14T21:44:13.689+0000] {dagbag.py:588} INFO - Filling up the DagBag from /home/airflow/.local/lib/python3.12/site-packages/airflow/example_dags/example_branch_python_dop_operator_3.py
[2025-03-14T21:44:13.704+0000] {processor.py:925} INFO - DAG(s) 'example_branch_dop_operator_v3' retrieved from /home/airflow/.local/lib/python3.12/site-packages/airflow/example_dags/example_branch_python_dop_operator_3.py
[2025-03-14T21:44:13.752+0000] {logging_mixin.py:190} INFO - [2025-03-14T21:44:13.752+0000] {dag.py:3239} INFO - Sync 1 DAGs
[2025-03-14T21:44:13.772+0000] {logging_mixin.py:190} INFO - [2025-03-14T21:44:13.772+0000] {dag.py:4180} INFO - Setting next_dagrun for example_branch_dop_operator_v3 to 2025-03-14 21:43:00+00:00, run_after=2025-03-14 21:44:00+00:00
[2025-03-14T21:44:13.802+0000] {processor.py:208} INFO - Processing /home/airflow/.local/lib/python3.12/site-packages/airflow/example_dags/example_branch_python_dop_operator_3.py took 0.148 seconds
[2025-03-14T21:44:48.604+0000] {processor.py:186} INFO - Started process (PID=158) to work on /home/airflow/.local/lib/python3.12/site-packages/airflow/example_dags/example_branch_python_dop_operator_3.py
[2025-03-14T21:44:48.607+0000] {processor.py:914} INFO - Processing file /home/airflow/.local/lib/python3.12/site-packages/airflow/example_dags/example_branch_python_dop_operator_3.py for tasks to queue
[2025-03-14T21:44:48.609+0000] {logging_mixin.py:190} INFO - [2025-03-14T21:44:48.608+0000] {dagbag.py:588} INFO - Filling up the DagBag from /home/airflow/.local/lib/python3.12/site-packages/airflow/example_dags/example_branch_python_dop_operator_3.py
[2025-03-14T21:44:48.620+0000] {processor.py:925} INFO - DAG(s) 'example_branch_dop_operator_v3' retrieved from /home/airflow/.local/lib/python3.12/site-packages/airflow/example_dags/example_branch_python_dop_operator_3.py
[2025-03-14T21:44:48.634+0000] {logging_mixin.py:190} INFO - [2025-03-14T21:44:48.634+0000] {dag.py:3239} INFO - Sync 1 DAGs
[2025-03-14T21:44:48.664+0000] {logging_mixin.py:190} INFO - [2025-03-14T21:44:48.664+0000] {dag.py:4180} INFO - Setting next_dagrun for example_branch_dop_operator_v3 to 2025-03-14 21:43:00+00:00, run_after=2025-03-14 21:44:00+00:00
[2025-03-14T21:44:48.675+0000] {processor.py:208} INFO - Processing /home/airflow/.local/lib/python3.12/site-packages/airflow/example_dags/example_branch_python_dop_operator_3.py took 0.076 seconds
[2025-03-14T21:45:21.386+0000] {processor.py:186} INFO - Started process (PID=221) to work on /home/airflow/.local/lib/python3.12/site-packages/airflow/example_dags/example_branch_python_dop_operator_3.py
[2025-03-14T21:45:21.387+0000] {processor.py:914} INFO - Processing file /home/airflow/.local/lib/python3.12/site-packages/airflow/example_dags/example_branch_python_dop_operator_3.py for tasks to queue
[2025-03-14T21:45:21.389+0000] {logging_mixin.py:190} INFO - [2025-03-14T21:45:21.389+0000] {dagbag.py:588} INFO - Filling up the DagBag from /home/airflow/.local/lib/python3.12/site-packages/airflow/example_dags/example_branch_python_dop_operator_3.py
[2025-03-14T21:45:21.397+0000] {processor.py:925} INFO - DAG(s) 'example_branch_dop_operator_v3' retrieved from /home/airflow/.local/lib/python3.12/site-packages/airflow/example_dags/example_branch_python_dop_operator_3.py
[2025-03-14T21:45:21.409+0000] {logging_mixin.py:190} INFO - [2025-03-14T21:45:21.409+0000] {dag.py:3239} INFO - Sync 1 DAGs
[2025-03-14T21:45:21.428+0000] {logging_mixin.py:190} INFO - [2025-03-14T21:45:21.428+0000] {dag.py:4180} INFO - Setting next_dagrun for example_branch_dop_operator_v3 to 2025-03-14 21:44:00+00:00, run_after=2025-03-14 21:45:00+00:00
[2025-03-14T21:45:21.444+0000] {processor.py:208} INFO - Processing /home/airflow/.local/lib/python3.12/site-packages/airflow/example_dags/example_branch_python_dop_operator_3.py took 0.061 seconds
[2025-03-14T21:45:55.494+0000] {processor.py:186} INFO - Started process (PID=284) to work on /home/airflow/.local/lib/python3.12/site-packages/airflow/example_dags/example_branch_python_dop_operator_3.py
[2025-03-14T21:45:55.499+0000] {processor.py:914} INFO - Processing file /home/airflow/.local/lib/python3.12/site-packages/airflow/example_dags/example_branch_python_dop_operator_3.py for tasks to queue
[2025-03-14T21:45:55.500+0000] {logging_mixin.py:190} INFO - [2025-03-14T21:45:55.500+0000] {dagbag.py:588} INFO - Filling up the DagBag from /home/airflow/.local/lib/python3.12/site-packages/airflow/example_dags/example_branch_python_dop_operator_3.py
[2025-03-14T21:45:55.511+0000] {processor.py:925} INFO - DAG(s) 'example_branch_dop_operator_v3' retrieved from /home/airflow/.local/lib/python3.12/site-packages/airflow/example_dags/example_branch_python_dop_operator_3.py
[2025-03-14T21:45:55.538+0000] {logging_mixin.py:190} INFO - [2025-03-14T21:45:55.538+0000] {dag.py:3239} INFO - Sync 1 DAGs
[2025-03-14T21:45:55.589+0000] {logging_mixin.py:190} INFO - [2025-03-14T21:45:55.589+0000] {dag.py:4180} INFO - Setting next_dagrun for example_branch_dop_operator_v3 to 2025-03-14 21:44:00+00:00, run_after=2025-03-14 21:45:00+00:00
[2025-03-14T21:45:55.599+0000] {processor.py:208} INFO - Processing /home/airflow/.local/lib/python3.12/site-packages/airflow/example_dags/example_branch_python_dop_operator_3.py took 0.110 seconds
[2025-03-14T21:46:29.125+0000] {processor.py:186} INFO - Started process (PID=353) to work on /home/airflow/.local/lib/python3.12/site-packages/airflow/example_dags/example_branch_python_dop_operator_3.py
[2025-03-14T21:46:29.128+0000] {processor.py:914} INFO - Processing file /home/airflow/.local/lib/python3.12/site-packages/airflow/example_dags/example_branch_python_dop_operator_3.py for tasks to queue
[2025-03-14T21:46:29.131+0000] {logging_mixin.py:190} INFO - [2025-03-14T21:46:29.131+0000] {dagbag.py:588} INFO - Filling up the DagBag from /home/airflow/.local/lib/python3.12/site-packages/airflow/example_dags/example_branch_python_dop_operator_3.py
[2025-03-14T21:46:29.155+0000] {processor.py:925} INFO - DAG(s) 'example_branch_dop_operator_v3' retrieved from /home/airflow/.local/lib/python3.12/site-packages/airflow/example_dags/example_branch_python_dop_operator_3.py
[2025-03-14T21:46:29.173+0000] {logging_mixin.py:190} INFO - [2025-03-14T21:46:29.173+0000] {dag.py:3239} INFO - Sync 1 DAGs
[2025-03-14T21:46:29.190+0000] {logging_mixin.py:190} INFO - [2025-03-14T21:46:29.190+0000] {dag.py:4180} INFO - Setting next_dagrun for example_branch_dop_operator_v3 to 2025-03-14 21:45:00+00:00, run_after=2025-03-14 21:46:00+00:00
[2025-03-14T21:46:29.215+0000] {processor.py:208} INFO - Processing /home/airflow/.local/lib/python3.12/site-packages/airflow/example_dags/example_branch_python_dop_operator_3.py took 0.093 seconds
[2025-03-14T21:52:06.954+0000] {processor.py:186} INFO - Started process (PID=88) to work on /home/airflow/.local/lib/python3.12/site-packages/airflow/example_dags/example_branch_python_dop_operator_3.py
[2025-03-14T21:52:06.961+0000] {processor.py:914} INFO - Processing file /home/airflow/.local/lib/python3.12/site-packages/airflow/example_dags/example_branch_python_dop_operator_3.py for tasks to queue
[2025-03-14T21:52:06.964+0000] {logging_mixin.py:190} INFO - [2025-03-14T21:52:06.963+0000] {dagbag.py:588} INFO - Filling up the DagBag from /home/airflow/.local/lib/python3.12/site-packages/airflow/example_dags/example_branch_python_dop_operator_3.py
[2025-03-14T21:52:06.977+0000] {processor.py:925} INFO - DAG(s) 'example_branch_dop_operator_v3' retrieved from /home/airflow/.local/lib/python3.12/site-packages/airflow/example_dags/example_branch_python_dop_operator_3.py
[2025-03-14T21:52:07.028+0000] {logging_mixin.py:190} INFO - [2025-03-14T21:52:07.028+0000] {dag.py:3239} INFO - Sync 1 DAGs
[2025-03-14T21:52:07.064+0000] {logging_mixin.py:190} INFO - [2025-03-14T21:52:07.064+0000] {dag.py:4180} INFO - Setting next_dagrun for example_branch_dop_operator_v3 to 2025-03-14 21:51:00+00:00, run_after=2025-03-14 21:52:00+00:00
[2025-03-14T21:52:07.083+0000] {processor.py:208} INFO - Processing /home/airflow/.local/lib/python3.12/site-packages/airflow/example_dags/example_branch_python_dop_operator_3.py took 0.133 seconds
[2025-03-14T21:52:37.959+0000] {processor.py:186} INFO - Started process (PID=151) to work on /home/airflow/.local/lib/python3.12/site-packages/airflow/example_dags/example_branch_python_dop_operator_3.py
[2025-03-14T21:52:37.962+0000] {processor.py:914} INFO - Processing file /home/airflow/.local/lib/python3.12/site-packages/airflow/example_dags/example_branch_python_dop_operator_3.py for tasks to queue
[2025-03-14T21:52:37.966+0000] {logging_mixin.py:190} INFO - [2025-03-14T21:52:37.965+0000] {dagbag.py:588} INFO - Filling up the DagBag from /home/airflow/.local/lib/python3.12/site-packages/airflow/example_dags/example_branch_python_dop_operator_3.py
[2025-03-14T21:52:37.978+0000] {processor.py:925} INFO - DAG(s) 'example_branch_dop_operator_v3' retrieved from /home/airflow/.local/lib/python3.12/site-packages/airflow/example_dags/example_branch_python_dop_operator_3.py
[2025-03-14T21:52:37.996+0000] {logging_mixin.py:190} INFO - [2025-03-14T21:52:37.996+0000] {dag.py:3239} INFO - Sync 1 DAGs
[2025-03-14T21:52:38.013+0000] {logging_mixin.py:190} INFO - [2025-03-14T21:52:38.012+0000] {dag.py:4180} INFO - Setting next_dagrun for example_branch_dop_operator_v3 to 2025-03-14 21:51:00+00:00, run_after=2025-03-14 21:52:00+00:00
[2025-03-14T21:52:38.029+0000] {processor.py:208} INFO - Processing /home/airflow/.local/lib/python3.12/site-packages/airflow/example_dags/example_branch_python_dop_operator_3.py took 0.075 seconds
[2025-03-14T21:53:09.375+0000] {processor.py:186} INFO - Started process (PID=214) to work on /home/airflow/.local/lib/python3.12/site-packages/airflow/example_dags/example_branch_python_dop_operator_3.py
[2025-03-14T21:53:09.376+0000] {processor.py:914} INFO - Processing file /home/airflow/.local/lib/python3.12/site-packages/airflow/example_dags/example_branch_python_dop_operator_3.py for tasks to queue
[2025-03-14T21:53:09.377+0000] {logging_mixin.py:190} INFO - [2025-03-14T21:53:09.377+0000] {dagbag.py:588} INFO - Filling up the DagBag from /home/airflow/.local/lib/python3.12/site-packages/airflow/example_dags/example_branch_python_dop_operator_3.py
[2025-03-14T21:53:09.383+0000] {processor.py:925} INFO - DAG(s) 'example_branch_dop_operator_v3' retrieved from /home/airflow/.local/lib/python3.12/site-packages/airflow/example_dags/example_branch_python_dop_operator_3.py
[2025-03-14T21:53:09.403+0000] {logging_mixin.py:190} INFO - [2025-03-14T21:53:09.402+0000] {dag.py:3239} INFO - Sync 1 DAGs
[2025-03-14T21:53:09.419+0000] {logging_mixin.py:190} INFO - [2025-03-14T21:53:09.419+0000] {dag.py:4180} INFO - Setting next_dagrun for example_branch_dop_operator_v3 to 2025-03-14 21:52:00+00:00, run_after=2025-03-14 21:53:00+00:00
[2025-03-14T21:53:09.431+0000] {processor.py:208} INFO - Processing /home/airflow/.local/lib/python3.12/site-packages/airflow/example_dags/example_branch_python_dop_operator_3.py took 0.060 seconds
[2025-03-14T21:53:41.005+0000] {processor.py:186} INFO - Started process (PID=277) to work on /home/airflow/.local/lib/python3.12/site-packages/airflow/example_dags/example_branch_python_dop_operator_3.py
[2025-03-14T21:53:41.006+0000] {processor.py:914} INFO - Processing file /home/airflow/.local/lib/python3.12/site-packages/airflow/example_dags/example_branch_python_dop_operator_3.py for tasks to queue
[2025-03-14T21:53:41.007+0000] {logging_mixin.py:190} INFO - [2025-03-14T21:53:41.007+0000] {dagbag.py:588} INFO - Filling up the DagBag from /home/airflow/.local/lib/python3.12/site-packages/airflow/example_dags/example_branch_python_dop_operator_3.py
[2025-03-14T21:53:41.013+0000] {processor.py:925} INFO - DAG(s) 'example_branch_dop_operator_v3' retrieved from /home/airflow/.local/lib/python3.12/site-packages/airflow/example_dags/example_branch_python_dop_operator_3.py
[2025-03-14T21:53:41.033+0000] {logging_mixin.py:190} INFO - [2025-03-14T21:53:41.033+0000] {dag.py:3239} INFO - Sync 1 DAGs
[2025-03-14T21:53:41.048+0000] {logging_mixin.py:190} INFO - [2025-03-14T21:53:41.048+0000] {dag.py:4180} INFO - Setting next_dagrun for example_branch_dop_operator_v3 to 2025-03-14 21:52:00+00:00, run_after=2025-03-14 21:53:00+00:00
[2025-03-14T21:53:41.057+0000] {processor.py:208} INFO - Processing /home/airflow/.local/lib/python3.12/site-packages/airflow/example_dags/example_branch_python_dop_operator_3.py took 0.055 seconds
[2025-03-14T21:54:12.680+0000] {processor.py:186} INFO - Started process (PID=340) to work on /home/airflow/.local/lib/python3.12/site-packages/airflow/example_dags/example_branch_python_dop_operator_3.py
[2025-03-14T21:54:12.681+0000] {processor.py:914} INFO - Processing file /home/airflow/.local/lib/python3.12/site-packages/airflow/example_dags/example_branch_python_dop_operator_3.py for tasks to queue
[2025-03-14T21:54:12.683+0000] {logging_mixin.py:190} INFO - [2025-03-14T21:54:12.682+0000] {dagbag.py:588} INFO - Filling up the DagBag from /home/airflow/.local/lib/python3.12/site-packages/airflow/example_dags/example_branch_python_dop_operator_3.py
[2025-03-14T21:54:12.689+0000] {processor.py:925} INFO - DAG(s) 'example_branch_dop_operator_v3' retrieved from /home/airflow/.local/lib/python3.12/site-packages/airflow/example_dags/example_branch_python_dop_operator_3.py
[2025-03-14T21:54:12.699+0000] {logging_mixin.py:190} INFO - [2025-03-14T21:54:12.699+0000] {dag.py:3239} INFO - Sync 1 DAGs
[2025-03-14T21:54:12.712+0000] {logging_mixin.py:190} INFO - [2025-03-14T21:54:12.712+0000] {dag.py:4180} INFO - Setting next_dagrun for example_branch_dop_operator_v3 to 2025-03-14 21:53:00+00:00, run_after=2025-03-14 21:54:00+00:00
[2025-03-14T21:54:12.733+0000] {processor.py:208} INFO - Processing /home/airflow/.local/lib/python3.12/site-packages/airflow/example_dags/example_branch_python_dop_operator_3.py took 0.056 seconds
[2025-03-14T21:54:43.896+0000] {processor.py:186} INFO - Started process (PID=403) to work on /home/airflow/.local/lib/python3.12/site-packages/airflow/example_dags/example_branch_python_dop_operator_3.py
[2025-03-14T21:54:43.898+0000] {processor.py:914} INFO - Processing file /home/airflow/.local/lib/python3.12/site-packages/airflow/example_dags/example_branch_python_dop_operator_3.py for tasks to queue
[2025-03-14T21:54:43.898+0000] {logging_mixin.py:190} INFO - [2025-03-14T21:54:43.898+0000] {dagbag.py:588} INFO - Filling up the DagBag from /home/airflow/.local/lib/python3.12/site-packages/airflow/example_dags/example_branch_python_dop_operator_3.py
[2025-03-14T21:54:43.904+0000] {processor.py:925} INFO - DAG(s) 'example_branch_dop_operator_v3' retrieved from /home/airflow/.local/lib/python3.12/site-packages/airflow/example_dags/example_branch_python_dop_operator_3.py
[2025-03-14T21:54:43.915+0000] {logging_mixin.py:190} INFO - [2025-03-14T21:54:43.915+0000] {dag.py:3239} INFO - Sync 1 DAGs
[2025-03-14T21:54:43.934+0000] {logging_mixin.py:190} INFO - [2025-03-14T21:54:43.933+0000] {dag.py:4180} INFO - Setting next_dagrun for example_branch_dop_operator_v3 to 2025-03-14 21:53:00+00:00, run_after=2025-03-14 21:54:00+00:00
[2025-03-14T21:54:43.945+0000] {processor.py:208} INFO - Processing /home/airflow/.local/lib/python3.12/site-packages/airflow/example_dags/example_branch_python_dop_operator_3.py took 0.052 seconds
[2025-03-14T21:55:14.839+0000] {processor.py:186} INFO - Started process (PID=466) to work on /home/airflow/.local/lib/python3.12/site-packages/airflow/example_dags/example_branch_python_dop_operator_3.py
[2025-03-14T21:55:14.840+0000] {processor.py:914} INFO - Processing file /home/airflow/.local/lib/python3.12/site-packages/airflow/example_dags/example_branch_python_dop_operator_3.py for tasks to queue
[2025-03-14T21:55:14.842+0000] {logging_mixin.py:190} INFO - [2025-03-14T21:55:14.841+0000] {dagbag.py:588} INFO - Filling up the DagBag from /home/airflow/.local/lib/python3.12/site-packages/airflow/example_dags/example_branch_python_dop_operator_3.py
[2025-03-14T21:55:14.853+0000] {processor.py:925} INFO - DAG(s) 'example_branch_dop_operator_v3' retrieved from /home/airflow/.local/lib/python3.12/site-packages/airflow/example_dags/example_branch_python_dop_operator_3.py
[2025-03-14T21:55:14.864+0000] {logging_mixin.py:190} INFO - [2025-03-14T21:55:14.864+0000] {dag.py:3239} INFO - Sync 1 DAGs
[2025-03-14T21:55:14.877+0000] {logging_mixin.py:190} INFO - [2025-03-14T21:55:14.877+0000] {dag.py:4180} INFO - Setting next_dagrun for example_branch_dop_operator_v3 to 2025-03-14 21:54:00+00:00, run_after=2025-03-14 21:55:00+00:00
[2025-03-14T21:55:14.895+0000] {processor.py:208} INFO - Processing /home/airflow/.local/lib/python3.12/site-packages/airflow/example_dags/example_branch_python_dop_operator_3.py took 0.061 seconds
[2025-03-14T21:55:46.006+0000] {processor.py:186} INFO - Started process (PID=529) to work on /home/airflow/.local/lib/python3.12/site-packages/airflow/example_dags/example_branch_python_dop_operator_3.py
[2025-03-14T21:55:46.007+0000] {processor.py:914} INFO - Processing file /home/airflow/.local/lib/python3.12/site-packages/airflow/example_dags/example_branch_python_dop_operator_3.py for tasks to queue
[2025-03-14T21:55:46.008+0000] {logging_mixin.py:190} INFO - [2025-03-14T21:55:46.008+0000] {dagbag.py:588} INFO - Filling up the DagBag from /home/airflow/.local/lib/python3.12/site-packages/airflow/example_dags/example_branch_python_dop_operator_3.py
[2025-03-14T21:55:46.015+0000] {processor.py:925} INFO - DAG(s) 'example_branch_dop_operator_v3' retrieved from /home/airflow/.local/lib/python3.12/site-packages/airflow/example_dags/example_branch_python_dop_operator_3.py
[2025-03-14T21:55:46.026+0000] {logging_mixin.py:190} INFO - [2025-03-14T21:55:46.026+0000] {dag.py:3239} INFO - Sync 1 DAGs
[2025-03-14T21:55:46.039+0000] {logging_mixin.py:190} INFO - [2025-03-14T21:55:46.039+0000] {dag.py:4180} INFO - Setting next_dagrun for example_branch_dop_operator_v3 to 2025-03-14 21:54:00+00:00, run_after=2025-03-14 21:55:00+00:00
[2025-03-14T21:55:46.048+0000] {processor.py:208} INFO - Processing /home/airflow/.local/lib/python3.12/site-packages/airflow/example_dags/example_branch_python_dop_operator_3.py took 0.045 seconds
[2025-03-14T21:56:17.055+0000] {processor.py:186} INFO - Started process (PID=592) to work on /home/airflow/.local/lib/python3.12/site-packages/airflow/example_dags/example_branch_python_dop_operator_3.py
[2025-03-14T21:56:17.056+0000] {processor.py:914} INFO - Processing file /home/airflow/.local/lib/python3.12/site-packages/airflow/example_dags/example_branch_python_dop_operator_3.py for tasks to queue
[2025-03-14T21:56:17.057+0000] {logging_mixin.py:190} INFO - [2025-03-14T21:56:17.057+0000] {dagbag.py:588} INFO - Filling up the DagBag from /home/airflow/.local/lib/python3.12/site-packages/airflow/example_dags/example_branch_python_dop_operator_3.py
[2025-03-14T21:56:17.063+0000] {processor.py:925} INFO - DAG(s) 'example_branch_dop_operator_v3' retrieved from /home/airflow/.local/lib/python3.12/site-packages/airflow/example_dags/example_branch_python_dop_operator_3.py
[2025-03-14T21:56:17.073+0000] {logging_mixin.py:190} INFO - [2025-03-14T21:56:17.073+0000] {dag.py:3239} INFO - Sync 1 DAGs
[2025-03-14T21:56:17.090+0000] {logging_mixin.py:190} INFO - [2025-03-14T21:56:17.090+0000] {dag.py:4180} INFO - Setting next_dagrun for example_branch_dop_operator_v3 to 2025-03-14 21:55:00+00:00, run_after=2025-03-14 21:56:00+00:00
[2025-03-14T21:56:17.104+0000] {processor.py:208} INFO - Processing /home/airflow/.local/lib/python3.12/site-packages/airflow/example_dags/example_branch_python_dop_operator_3.py took 0.051 seconds
[2025-03-14T21:56:47.747+0000] {processor.py:186} INFO - Started process (PID=656) to work on /home/airflow/.local/lib/python3.12/site-packages/airflow/example_dags/example_branch_python_dop_operator_3.py
[2025-03-14T21:56:47.748+0000] {processor.py:914} INFO - Processing file /home/airflow/.local/lib/python3.12/site-packages/airflow/example_dags/example_branch_python_dop_operator_3.py for tasks to queue
[2025-03-14T21:56:47.749+0000] {logging_mixin.py:190} INFO - [2025-03-14T21:56:47.749+0000] {dagbag.py:588} INFO - Filling up the DagBag from /home/airflow/.local/lib/python3.12/site-packages/airflow/example_dags/example_branch_python_dop_operator_3.py
[2025-03-14T21:56:47.754+0000] {processor.py:925} INFO - DAG(s) 'example_branch_dop_operator_v3' retrieved from /home/airflow/.local/lib/python3.12/site-packages/airflow/example_dags/example_branch_python_dop_operator_3.py
[2025-03-14T21:56:47.766+0000] {logging_mixin.py:190} INFO - [2025-03-14T21:56:47.766+0000] {dag.py:3239} INFO - Sync 1 DAGs
[2025-03-14T21:56:47.778+0000] {logging_mixin.py:190} INFO - [2025-03-14T21:56:47.778+0000] {dag.py:4180} INFO - Setting next_dagrun for example_branch_dop_operator_v3 to 2025-03-14 21:55:00+00:00, run_after=2025-03-14 21:56:00+00:00
[2025-03-14T21:56:47.787+0000] {processor.py:208} INFO - Processing /home/airflow/.local/lib/python3.12/site-packages/airflow/example_dags/example_branch_python_dop_operator_3.py took 0.043 seconds
[2025-03-14T21:57:19.186+0000] {processor.py:186} INFO - Started process (PID=719) to work on /home/airflow/.local/lib/python3.12/site-packages/airflow/example_dags/example_branch_python_dop_operator_3.py
[2025-03-14T21:57:19.187+0000] {processor.py:914} INFO - Processing file /home/airflow/.local/lib/python3.12/site-packages/airflow/example_dags/example_branch_python_dop_operator_3.py for tasks to queue
[2025-03-14T21:57:19.188+0000] {logging_mixin.py:190} INFO - [2025-03-14T21:57:19.188+0000] {dagbag.py:588} INFO - Filling up the DagBag from /home/airflow/.local/lib/python3.12/site-packages/airflow/example_dags/example_branch_python_dop_operator_3.py
[2025-03-14T21:57:19.193+0000] {processor.py:925} INFO - DAG(s) 'example_branch_dop_operator_v3' retrieved from /home/airflow/.local/lib/python3.12/site-packages/airflow/example_dags/example_branch_python_dop_operator_3.py
[2025-03-14T21:57:19.201+0000] {logging_mixin.py:190} INFO - [2025-03-14T21:57:19.201+0000] {dag.py:3239} INFO - Sync 1 DAGs
[2025-03-14T21:57:19.211+0000] {logging_mixin.py:190} INFO - [2025-03-14T21:57:19.211+0000] {dag.py:4180} INFO - Setting next_dagrun for example_branch_dop_operator_v3 to 2025-03-14 21:56:00+00:00, run_after=2025-03-14 21:57:00+00:00
[2025-03-14T21:57:19.218+0000] {processor.py:208} INFO - Processing /home/airflow/.local/lib/python3.12/site-packages/airflow/example_dags/example_branch_python_dop_operator_3.py took 0.034 seconds
[2025-03-14T21:57:50.820+0000] {processor.py:186} INFO - Started process (PID=782) to work on /home/airflow/.local/lib/python3.12/site-packages/airflow/example_dags/example_branch_python_dop_operator_3.py
[2025-03-14T21:57:50.820+0000] {processor.py:914} INFO - Processing file /home/airflow/.local/lib/python3.12/site-packages/airflow/example_dags/example_branch_python_dop_operator_3.py for tasks to queue
[2025-03-14T21:57:50.821+0000] {logging_mixin.py:190} INFO - [2025-03-14T21:57:50.821+0000] {dagbag.py:588} INFO - Filling up the DagBag from /home/airflow/.local/lib/python3.12/site-packages/airflow/example_dags/example_branch_python_dop_operator_3.py
[2025-03-14T21:57:50.827+0000] {processor.py:925} INFO - DAG(s) 'example_branch_dop_operator_v3' retrieved from /home/airflow/.local/lib/python3.12/site-packages/airflow/example_dags/example_branch_python_dop_operator_3.py
[2025-03-14T21:57:50.835+0000] {logging_mixin.py:190} INFO - [2025-03-14T21:57:50.835+0000] {dag.py:3239} INFO - Sync 1 DAGs
[2025-03-14T21:57:50.846+0000] {logging_mixin.py:190} INFO - [2025-03-14T21:57:50.846+0000] {dag.py:4180} INFO - Setting next_dagrun for example_branch_dop_operator_v3 to 2025-03-14 21:56:00+00:00, run_after=2025-03-14 21:57:00+00:00
[2025-03-14T21:57:50.858+0000] {processor.py:208} INFO - Processing /home/airflow/.local/lib/python3.12/site-packages/airflow/example_dags/example_branch_python_dop_operator_3.py took 0.041 seconds
[2025-03-14T21:58:22.252+0000] {processor.py:186} INFO - Started process (PID=845) to work on /home/airflow/.local/lib/python3.12/site-packages/airflow/example_dags/example_branch_python_dop_operator_3.py
[2025-03-14T21:58:22.253+0000] {processor.py:914} INFO - Processing file /home/airflow/.local/lib/python3.12/site-packages/airflow/example_dags/example_branch_python_dop_operator_3.py for tasks to queue
[2025-03-14T21:58:22.255+0000] {logging_mixin.py:190} INFO - [2025-03-14T21:58:22.255+0000] {dagbag.py:588} INFO - Filling up the DagBag from /home/airflow/.local/lib/python3.12/site-packages/airflow/example_dags/example_branch_python_dop_operator_3.py
[2025-03-14T21:58:22.260+0000] {processor.py:925} INFO - DAG(s) 'example_branch_dop_operator_v3' retrieved from /home/airflow/.local/lib/python3.12/site-packages/airflow/example_dags/example_branch_python_dop_operator_3.py
[2025-03-14T21:58:22.272+0000] {logging_mixin.py:190} INFO - [2025-03-14T21:58:22.272+0000] {dag.py:3239} INFO - Sync 1 DAGs
[2025-03-14T21:58:22.288+0000] {logging_mixin.py:190} INFO - [2025-03-14T21:58:22.288+0000] {dag.py:4180} INFO - Setting next_dagrun for example_branch_dop_operator_v3 to 2025-03-14 21:57:00+00:00, run_after=2025-03-14 21:58:00+00:00
[2025-03-14T21:58:22.303+0000] {processor.py:208} INFO - Processing /home/airflow/.local/lib/python3.12/site-packages/airflow/example_dags/example_branch_python_dop_operator_3.py took 0.055 seconds
[2025-03-14T21:58:53.001+0000] {processor.py:186} INFO - Started process (PID=908) to work on /home/airflow/.local/lib/python3.12/site-packages/airflow/example_dags/example_branch_python_dop_operator_3.py
[2025-03-14T21:58:53.004+0000] {processor.py:914} INFO - Processing file /home/airflow/.local/lib/python3.12/site-packages/airflow/example_dags/example_branch_python_dop_operator_3.py for tasks to queue
[2025-03-14T21:58:53.005+0000] {logging_mixin.py:190} INFO - [2025-03-14T21:58:53.005+0000] {dagbag.py:588} INFO - Filling up the DagBag from /home/airflow/.local/lib/python3.12/site-packages/airflow/example_dags/example_branch_python_dop_operator_3.py
[2025-03-14T21:58:53.009+0000] {processor.py:925} INFO - DAG(s) 'example_branch_dop_operator_v3' retrieved from /home/airflow/.local/lib/python3.12/site-packages/airflow/example_dags/example_branch_python_dop_operator_3.py
[2025-03-14T21:58:53.020+0000] {logging_mixin.py:190} INFO - [2025-03-14T21:58:53.020+0000] {dag.py:3239} INFO - Sync 1 DAGs
[2025-03-14T21:58:53.031+0000] {logging_mixin.py:190} INFO - [2025-03-14T21:58:53.031+0000] {dag.py:4180} INFO - Setting next_dagrun for example_branch_dop_operator_v3 to 2025-03-14 21:57:00+00:00, run_after=2025-03-14 21:58:00+00:00
[2025-03-14T21:58:53.037+0000] {processor.py:208} INFO - Processing /home/airflow/.local/lib/python3.12/site-packages/airflow/example_dags/example_branch_python_dop_operator_3.py took 0.039 seconds
[2025-03-14T21:59:24.337+0000] {processor.py:186} INFO - Started process (PID=971) to work on /home/airflow/.local/lib/python3.12/site-packages/airflow/example_dags/example_branch_python_dop_operator_3.py
[2025-03-14T21:59:24.342+0000] {processor.py:914} INFO - Processing file /home/airflow/.local/lib/python3.12/site-packages/airflow/example_dags/example_branch_python_dop_operator_3.py for tasks to queue
[2025-03-14T21:59:24.343+0000] {logging_mixin.py:190} INFO - [2025-03-14T21:59:24.343+0000] {dagbag.py:588} INFO - Filling up the DagBag from /home/airflow/.local/lib/python3.12/site-packages/airflow/example_dags/example_branch_python_dop_operator_3.py
[2025-03-14T21:59:24.351+0000] {processor.py:925} INFO - DAG(s) 'example_branch_dop_operator_v3' retrieved from /home/airflow/.local/lib/python3.12/site-packages/airflow/example_dags/example_branch_python_dop_operator_3.py
[2025-03-14T21:59:24.364+0000] {logging_mixin.py:190} INFO - [2025-03-14T21:59:24.364+0000] {dag.py:3239} INFO - Sync 1 DAGs
[2025-03-14T21:59:24.378+0000] {logging_mixin.py:190} INFO - [2025-03-14T21:59:24.378+0000] {dag.py:4180} INFO - Setting next_dagrun for example_branch_dop_operator_v3 to 2025-03-14 21:58:00+00:00, run_after=2025-03-14 21:59:00+00:00
[2025-03-14T21:59:24.388+0000] {processor.py:208} INFO - Processing /home/airflow/.local/lib/python3.12/site-packages/airflow/example_dags/example_branch_python_dop_operator_3.py took 0.056 seconds
[2025-03-14T21:59:55.631+0000] {processor.py:186} INFO - Started process (PID=1034) to work on /home/airflow/.local/lib/python3.12/site-packages/airflow/example_dags/example_branch_python_dop_operator_3.py
[2025-03-14T21:59:55.632+0000] {processor.py:914} INFO - Processing file /home/airflow/.local/lib/python3.12/site-packages/airflow/example_dags/example_branch_python_dop_operator_3.py for tasks to queue
[2025-03-14T21:59:55.633+0000] {logging_mixin.py:190} INFO - [2025-03-14T21:59:55.633+0000] {dagbag.py:588} INFO - Filling up the DagBag from /home/airflow/.local/lib/python3.12/site-packages/airflow/example_dags/example_branch_python_dop_operator_3.py
[2025-03-14T21:59:55.639+0000] {processor.py:925} INFO - DAG(s) 'example_branch_dop_operator_v3' retrieved from /home/airflow/.local/lib/python3.12/site-packages/airflow/example_dags/example_branch_python_dop_operator_3.py
[2025-03-14T21:59:55.648+0000] {logging_mixin.py:190} INFO - [2025-03-14T21:59:55.648+0000] {dag.py:3239} INFO - Sync 1 DAGs
[2025-03-14T21:59:55.660+0000] {logging_mixin.py:190} INFO - [2025-03-14T21:59:55.660+0000] {dag.py:4180} INFO - Setting next_dagrun for example_branch_dop_operator_v3 to 2025-03-14 21:58:00+00:00, run_after=2025-03-14 21:59:00+00:00
[2025-03-14T21:59:55.671+0000] {processor.py:208} INFO - Processing /home/airflow/.local/lib/python3.12/site-packages/airflow/example_dags/example_branch_python_dop_operator_3.py took 0.043 seconds
[2025-03-14T22:00:27.035+0000] {processor.py:186} INFO - Started process (PID=1097) to work on /home/airflow/.local/lib/python3.12/site-packages/airflow/example_dags/example_branch_python_dop_operator_3.py
[2025-03-14T22:00:27.036+0000] {processor.py:914} INFO - Processing file /home/airflow/.local/lib/python3.12/site-packages/airflow/example_dags/example_branch_python_dop_operator_3.py for tasks to queue
[2025-03-14T22:00:27.037+0000] {logging_mixin.py:190} INFO - [2025-03-14T22:00:27.037+0000] {dagbag.py:588} INFO - Filling up the DagBag from /home/airflow/.local/lib/python3.12/site-packages/airflow/example_dags/example_branch_python_dop_operator_3.py
[2025-03-14T22:00:27.042+0000] {processor.py:925} INFO - DAG(s) 'example_branch_dop_operator_v3' retrieved from /home/airflow/.local/lib/python3.12/site-packages/airflow/example_dags/example_branch_python_dop_operator_3.py
[2025-03-14T22:00:27.055+0000] {logging_mixin.py:190} INFO - [2025-03-14T22:00:27.055+0000] {dag.py:3239} INFO - Sync 1 DAGs
[2025-03-14T22:00:27.075+0000] {logging_mixin.py:190} INFO - [2025-03-14T22:00:27.075+0000] {dag.py:4180} INFO - Setting next_dagrun for example_branch_dop_operator_v3 to 2025-03-14 21:59:00+00:00, run_after=2025-03-14 22:00:00+00:00
[2025-03-14T22:00:27.087+0000] {processor.py:208} INFO - Processing /home/airflow/.local/lib/python3.12/site-packages/airflow/example_dags/example_branch_python_dop_operator_3.py took 0.055 seconds
[2025-03-14T22:00:58.003+0000] {processor.py:186} INFO - Started process (PID=1160) to work on /home/airflow/.local/lib/python3.12/site-packages/airflow/example_dags/example_branch_python_dop_operator_3.py
[2025-03-14T22:00:58.004+0000] {processor.py:914} INFO - Processing file /home/airflow/.local/lib/python3.12/site-packages/airflow/example_dags/example_branch_python_dop_operator_3.py for tasks to queue
[2025-03-14T22:00:58.006+0000] {logging_mixin.py:190} INFO - [2025-03-14T22:00:58.006+0000] {dagbag.py:588} INFO - Filling up the DagBag from /home/airflow/.local/lib/python3.12/site-packages/airflow/example_dags/example_branch_python_dop_operator_3.py
[2025-03-14T22:00:58.011+0000] {processor.py:925} INFO - DAG(s) 'example_branch_dop_operator_v3' retrieved from /home/airflow/.local/lib/python3.12/site-packages/airflow/example_dags/example_branch_python_dop_operator_3.py
[2025-03-14T22:00:58.029+0000] {logging_mixin.py:190} INFO - [2025-03-14T22:00:58.029+0000] {dag.py:3239} INFO - Sync 1 DAGs
[2025-03-14T22:00:58.042+0000] {logging_mixin.py:190} INFO - [2025-03-14T22:00:58.042+0000] {dag.py:4180} INFO - Setting next_dagrun for example_branch_dop_operator_v3 to 2025-03-14 21:59:00+00:00, run_after=2025-03-14 22:00:00+00:00
[2025-03-14T22:00:58.052+0000] {processor.py:208} INFO - Processing /home/airflow/.local/lib/python3.12/site-packages/airflow/example_dags/example_branch_python_dop_operator_3.py took 0.052 seconds
[2025-03-14T22:01:28.990+0000] {processor.py:186} INFO - Started process (PID=1229) to work on /home/airflow/.local/lib/python3.12/site-packages/airflow/example_dags/example_branch_python_dop_operator_3.py
[2025-03-14T22:01:28.990+0000] {processor.py:914} INFO - Processing file /home/airflow/.local/lib/python3.12/site-packages/airflow/example_dags/example_branch_python_dop_operator_3.py for tasks to queue
[2025-03-14T22:01:28.992+0000] {logging_mixin.py:190} INFO - [2025-03-14T22:01:28.991+0000] {dagbag.py:588} INFO - Filling up the DagBag from /home/airflow/.local/lib/python3.12/site-packages/airflow/example_dags/example_branch_python_dop_operator_3.py
[2025-03-14T22:01:28.997+0000] {processor.py:925} INFO - DAG(s) 'example_branch_dop_operator_v3' retrieved from /home/airflow/.local/lib/python3.12/site-packages/airflow/example_dags/example_branch_python_dop_operator_3.py
[2025-03-14T22:01:29.005+0000] {logging_mixin.py:190} INFO - [2025-03-14T22:01:29.005+0000] {dag.py:3239} INFO - Sync 1 DAGs
[2025-03-14T22:01:29.017+0000] {logging_mixin.py:190} INFO - [2025-03-14T22:01:29.017+0000] {dag.py:4180} INFO - Setting next_dagrun for example_branch_dop_operator_v3 to 2025-03-14 22:00:00+00:00, run_after=2025-03-14 22:01:00+00:00
[2025-03-14T22:01:29.027+0000] {processor.py:208} INFO - Processing /home/airflow/.local/lib/python3.12/site-packages/airflow/example_dags/example_branch_python_dop_operator_3.py took 0.040 seconds
[2025-03-14T22:01:59.621+0000] {processor.py:186} INFO - Started process (PID=1292) to work on /home/airflow/.local/lib/python3.12/site-packages/airflow/example_dags/example_branch_python_dop_operator_3.py
[2025-03-14T22:01:59.621+0000] {processor.py:914} INFO - Processing file /home/airflow/.local/lib/python3.12/site-packages/airflow/example_dags/example_branch_python_dop_operator_3.py for tasks to queue
[2025-03-14T22:01:59.622+0000] {logging_mixin.py:190} INFO - [2025-03-14T22:01:59.622+0000] {dagbag.py:588} INFO - Filling up the DagBag from /home/airflow/.local/lib/python3.12/site-packages/airflow/example_dags/example_branch_python_dop_operator_3.py
[2025-03-14T22:01:59.629+0000] {processor.py:925} INFO - DAG(s) 'example_branch_dop_operator_v3' retrieved from /home/airflow/.local/lib/python3.12/site-packages/airflow/example_dags/example_branch_python_dop_operator_3.py
[2025-03-14T22:01:59.639+0000] {logging_mixin.py:190} INFO - [2025-03-14T22:01:59.639+0000] {dag.py:3239} INFO - Sync 1 DAGs
[2025-03-14T22:01:59.650+0000] {logging_mixin.py:190} INFO - [2025-03-14T22:01:59.650+0000] {dag.py:4180} INFO - Setting next_dagrun for example_branch_dop_operator_v3 to 2025-03-14 22:00:00+00:00, run_after=2025-03-14 22:01:00+00:00
[2025-03-14T22:01:59.659+0000] {processor.py:208} INFO - Processing /home/airflow/.local/lib/python3.12/site-packages/airflow/example_dags/example_branch_python_dop_operator_3.py took 0.041 seconds
[2025-03-14T22:02:31.238+0000] {processor.py:186} INFO - Started process (PID=1355) to work on /home/airflow/.local/lib/python3.12/site-packages/airflow/example_dags/example_branch_python_dop_operator_3.py
[2025-03-14T22:02:31.239+0000] {processor.py:914} INFO - Processing file /home/airflow/.local/lib/python3.12/site-packages/airflow/example_dags/example_branch_python_dop_operator_3.py for tasks to queue
[2025-03-14T22:02:31.240+0000] {logging_mixin.py:190} INFO - [2025-03-14T22:02:31.240+0000] {dagbag.py:588} INFO - Filling up the DagBag from /home/airflow/.local/lib/python3.12/site-packages/airflow/example_dags/example_branch_python_dop_operator_3.py
[2025-03-14T22:02:31.246+0000] {processor.py:925} INFO - DAG(s) 'example_branch_dop_operator_v3' retrieved from /home/airflow/.local/lib/python3.12/site-packages/airflow/example_dags/example_branch_python_dop_operator_3.py
[2025-03-14T22:02:31.254+0000] {logging_mixin.py:190} INFO - [2025-03-14T22:02:31.254+0000] {dag.py:3239} INFO - Sync 1 DAGs
[2025-03-14T22:02:31.266+0000] {logging_mixin.py:190} INFO - [2025-03-14T22:02:31.266+0000] {dag.py:4180} INFO - Setting next_dagrun for example_branch_dop_operator_v3 to 2025-03-14 22:01:00+00:00, run_after=2025-03-14 22:02:00+00:00
[2025-03-14T22:02:31.277+0000] {processor.py:208} INFO - Processing /home/airflow/.local/lib/python3.12/site-packages/airflow/example_dags/example_branch_python_dop_operator_3.py took 0.043 seconds
[2025-03-14T22:03:02.833+0000] {processor.py:186} INFO - Started process (PID=1417) to work on /home/airflow/.local/lib/python3.12/site-packages/airflow/example_dags/example_branch_python_dop_operator_3.py
[2025-03-14T22:03:02.834+0000] {processor.py:914} INFO - Processing file /home/airflow/.local/lib/python3.12/site-packages/airflow/example_dags/example_branch_python_dop_operator_3.py for tasks to queue
[2025-03-14T22:03:02.836+0000] {logging_mixin.py:190} INFO - [2025-03-14T22:03:02.835+0000] {dagbag.py:588} INFO - Filling up the DagBag from /home/airflow/.local/lib/python3.12/site-packages/airflow/example_dags/example_branch_python_dop_operator_3.py
[2025-03-14T22:03:02.843+0000] {processor.py:925} INFO - DAG(s) 'example_branch_dop_operator_v3' retrieved from /home/airflow/.local/lib/python3.12/site-packages/airflow/example_dags/example_branch_python_dop_operator_3.py
[2025-03-14T22:03:02.882+0000] {logging_mixin.py:190} INFO - [2025-03-14T22:03:02.881+0000] {dag.py:3239} INFO - Sync 1 DAGs
[2025-03-14T22:03:02.906+0000] {logging_mixin.py:190} INFO - [2025-03-14T22:03:02.906+0000] {dag.py:4180} INFO - Setting next_dagrun for example_branch_dop_operator_v3 to 2025-03-14 22:02:00+00:00, run_after=2025-03-14 22:03:00+00:00
[2025-03-14T22:03:02.921+0000] {processor.py:208} INFO - Processing /home/airflow/.local/lib/python3.12/site-packages/airflow/example_dags/example_branch_python_dop_operator_3.py took 0.092 seconds
[2025-03-14T22:03:34.023+0000] {processor.py:186} INFO - Started process (PID=1480) to work on /home/airflow/.local/lib/python3.12/site-packages/airflow/example_dags/example_branch_python_dop_operator_3.py
[2025-03-14T22:03:34.027+0000] {processor.py:914} INFO - Processing file /home/airflow/.local/lib/python3.12/site-packages/airflow/example_dags/example_branch_python_dop_operator_3.py for tasks to queue
[2025-03-14T22:03:34.028+0000] {logging_mixin.py:190} INFO - [2025-03-14T22:03:34.028+0000] {dagbag.py:588} INFO - Filling up the DagBag from /home/airflow/.local/lib/python3.12/site-packages/airflow/example_dags/example_branch_python_dop_operator_3.py
[2025-03-14T22:03:34.039+0000] {processor.py:925} INFO - DAG(s) 'example_branch_dop_operator_v3' retrieved from /home/airflow/.local/lib/python3.12/site-packages/airflow/example_dags/example_branch_python_dop_operator_3.py
[2025-03-14T22:03:34.049+0000] {logging_mixin.py:190} INFO - [2025-03-14T22:03:34.048+0000] {dag.py:3239} INFO - Sync 1 DAGs
[2025-03-14T22:03:34.066+0000] {logging_mixin.py:190} INFO - [2025-03-14T22:03:34.066+0000] {dag.py:4180} INFO - Setting next_dagrun for example_branch_dop_operator_v3 to 2025-03-14 22:02:00+00:00, run_after=2025-03-14 22:03:00+00:00
[2025-03-14T22:03:34.077+0000] {processor.py:208} INFO - Processing /home/airflow/.local/lib/python3.12/site-packages/airflow/example_dags/example_branch_python_dop_operator_3.py took 0.057 seconds
[2025-03-14T22:04:05.892+0000] {processor.py:186} INFO - Started process (PID=1543) to work on /home/airflow/.local/lib/python3.12/site-packages/airflow/example_dags/example_branch_python_dop_operator_3.py
[2025-03-14T22:04:05.895+0000] {processor.py:914} INFO - Processing file /home/airflow/.local/lib/python3.12/site-packages/airflow/example_dags/example_branch_python_dop_operator_3.py for tasks to queue
[2025-03-14T22:04:05.896+0000] {logging_mixin.py:190} INFO - [2025-03-14T22:04:05.896+0000] {dagbag.py:588} INFO - Filling up the DagBag from /home/airflow/.local/lib/python3.12/site-packages/airflow/example_dags/example_branch_python_dop_operator_3.py
[2025-03-14T22:04:05.902+0000] {processor.py:925} INFO - DAG(s) 'example_branch_dop_operator_v3' retrieved from /home/airflow/.local/lib/python3.12/site-packages/airflow/example_dags/example_branch_python_dop_operator_3.py
[2025-03-14T22:04:05.912+0000] {logging_mixin.py:190} INFO - [2025-03-14T22:04:05.912+0000] {dag.py:3239} INFO - Sync 1 DAGs
[2025-03-14T22:04:05.924+0000] {logging_mixin.py:190} INFO - [2025-03-14T22:04:05.924+0000] {dag.py:4180} INFO - Setting next_dagrun for example_branch_dop_operator_v3 to 2025-03-14 22:03:00+00:00, run_after=2025-03-14 22:04:00+00:00
[2025-03-14T22:04:05.938+0000] {processor.py:208} INFO - Processing /home/airflow/.local/lib/python3.12/site-packages/airflow/example_dags/example_branch_python_dop_operator_3.py took 0.049 seconds
