[2025-03-14T21:34:56.684+0000] {processor.py:186} INFO - Started process (PID=63) to work on /home/airflow/.local/lib/python3.12/site-packages/airflow/example_dags/example_branch_operator_decorator.py
[2025-03-14T21:34:56.686+0000] {processor.py:914} INFO - Processing file /home/airflow/.local/lib/python3.12/site-packages/airflow/example_dags/example_branch_operator_decorator.py for tasks to queue
[2025-03-14T21:34:56.690+0000] {logging_mixin.py:190} INFO - [2025-03-14T21:34:56.689+0000] {dagbag.py:588} INFO - Filling up the DagBag from /home/airflow/.local/lib/python3.12/site-packages/airflow/example_dags/example_branch_operator_decorator.py
[2025-03-14T21:34:56.735+0000] {processor.py:925} INFO - DAG(s) 'example_branch_python_operator_decorator' retrieved from /home/airflow/.local/lib/python3.12/site-packages/airflow/example_dags/example_branch_operator_decorator.py
[2025-03-14T21:34:57.080+0000] {logging_mixin.py:190} INFO - [2025-03-14T21:34:57.079+0000] {override.py:1912} INFO - Created Permission View: can edit on DAG:example_branch_python_operator_decorator
[2025-03-14T21:34:57.099+0000] {logging_mixin.py:190} INFO - [2025-03-14T21:34:57.099+0000] {override.py:1912} INFO - Created Permission View: can delete on DAG:example_branch_python_operator_decorator
[2025-03-14T21:34:57.111+0000] {logging_mixin.py:190} INFO - [2025-03-14T21:34:57.111+0000] {override.py:1912} INFO - Created Permission View: can read on DAG:example_branch_python_operator_decorator
[2025-03-14T21:34:57.116+0000] {logging_mixin.py:190} INFO - [2025-03-14T21:34:57.116+0000] {override.py:1912} INFO - Created Permission View: menu access on DAG Run:example_branch_python_operator_decorator
[2025-03-14T21:34:57.120+0000] {logging_mixin.py:190} INFO - [2025-03-14T21:34:57.119+0000] {override.py:1912} INFO - Created Permission View: can create on DAG Run:example_branch_python_operator_decorator
[2025-03-14T21:34:57.123+0000] {logging_mixin.py:190} INFO - [2025-03-14T21:34:57.123+0000] {override.py:1912} INFO - Created Permission View: can delete on DAG Run:example_branch_python_operator_decorator
[2025-03-14T21:34:57.128+0000] {logging_mixin.py:190} INFO - [2025-03-14T21:34:57.128+0000] {override.py:1912} INFO - Created Permission View: can read on DAG Run:example_branch_python_operator_decorator
[2025-03-14T21:34:57.129+0000] {logging_mixin.py:190} INFO - [2025-03-14T21:34:57.129+0000] {dag.py:3239} INFO - Sync 1 DAGs
[2025-03-14T21:34:57.161+0000] {logging_mixin.py:190} INFO - [2025-03-14T21:34:57.161+0000] {dag.py:3262} INFO - Creating ORM DAG for example_branch_python_operator_decorator
[2025-03-14T21:34:57.176+0000] {logging_mixin.py:190} INFO - [2025-03-14T21:34:57.175+0000] {dag.py:4180} INFO - Setting next_dagrun for example_branch_python_operator_decorator to 2025-03-13 00:00:00+00:00, run_after=2025-03-14 00:00:00+00:00
[2025-03-14T21:34:57.205+0000] {processor.py:208} INFO - Processing /home/airflow/.local/lib/python3.12/site-packages/airflow/example_dags/example_branch_operator_decorator.py took 0.529 seconds
[2025-03-14T21:35:27.319+0000] {processor.py:186} INFO - Started process (PID=126) to work on /home/airflow/.local/lib/python3.12/site-packages/airflow/example_dags/example_branch_operator_decorator.py
[2025-03-14T21:35:27.322+0000] {processor.py:914} INFO - Processing file /home/airflow/.local/lib/python3.12/site-packages/airflow/example_dags/example_branch_operator_decorator.py for tasks to queue
[2025-03-14T21:35:27.323+0000] {logging_mixin.py:190} INFO - [2025-03-14T21:35:27.323+0000] {dagbag.py:588} INFO - Filling up the DagBag from /home/airflow/.local/lib/python3.12/site-packages/airflow/example_dags/example_branch_operator_decorator.py
[2025-03-14T21:35:27.336+0000] {processor.py:925} INFO - DAG(s) 'example_branch_python_operator_decorator' retrieved from /home/airflow/.local/lib/python3.12/site-packages/airflow/example_dags/example_branch_operator_decorator.py
[2025-03-14T21:35:27.356+0000] {logging_mixin.py:190} INFO - [2025-03-14T21:35:27.356+0000] {dag.py:3239} INFO - Sync 1 DAGs
[2025-03-14T21:35:27.369+0000] {logging_mixin.py:190} INFO - [2025-03-14T21:35:27.369+0000] {dag.py:4180} INFO - Setting next_dagrun for example_branch_python_operator_decorator to 2025-03-13 00:00:00+00:00, run_after=2025-03-14 00:00:00+00:00
[2025-03-14T21:35:27.380+0000] {processor.py:208} INFO - Processing /home/airflow/.local/lib/python3.12/site-packages/airflow/example_dags/example_branch_operator_decorator.py took 0.065 seconds
[2025-03-14T21:35:57.608+0000] {processor.py:186} INFO - Started process (PID=189) to work on /home/airflow/.local/lib/python3.12/site-packages/airflow/example_dags/example_branch_operator_decorator.py
[2025-03-14T21:35:57.609+0000] {processor.py:914} INFO - Processing file /home/airflow/.local/lib/python3.12/site-packages/airflow/example_dags/example_branch_operator_decorator.py for tasks to queue
[2025-03-14T21:35:57.610+0000] {logging_mixin.py:190} INFO - [2025-03-14T21:35:57.610+0000] {dagbag.py:588} INFO - Filling up the DagBag from /home/airflow/.local/lib/python3.12/site-packages/airflow/example_dags/example_branch_operator_decorator.py
[2025-03-14T21:35:57.619+0000] {processor.py:925} INFO - DAG(s) 'example_branch_python_operator_decorator' retrieved from /home/airflow/.local/lib/python3.12/site-packages/airflow/example_dags/example_branch_operator_decorator.py
[2025-03-14T21:35:57.636+0000] {logging_mixin.py:190} INFO - [2025-03-14T21:35:57.636+0000] {dag.py:3239} INFO - Sync 1 DAGs
[2025-03-14T21:35:57.650+0000] {logging_mixin.py:190} INFO - [2025-03-14T21:35:57.650+0000] {dag.py:4180} INFO - Setting next_dagrun for example_branch_python_operator_decorator to 2025-03-13 00:00:00+00:00, run_after=2025-03-14 00:00:00+00:00
[2025-03-14T21:35:57.660+0000] {processor.py:208} INFO - Processing /home/airflow/.local/lib/python3.12/site-packages/airflow/example_dags/example_branch_operator_decorator.py took 0.056 seconds
[2025-03-14T21:36:28.020+0000] {processor.py:186} INFO - Started process (PID=251) to work on /home/airflow/.local/lib/python3.12/site-packages/airflow/example_dags/example_branch_operator_decorator.py
[2025-03-14T21:36:28.023+0000] {processor.py:914} INFO - Processing file /home/airflow/.local/lib/python3.12/site-packages/airflow/example_dags/example_branch_operator_decorator.py for tasks to queue
[2025-03-14T21:36:28.026+0000] {logging_mixin.py:190} INFO - [2025-03-14T21:36:28.026+0000] {dagbag.py:588} INFO - Filling up the DagBag from /home/airflow/.local/lib/python3.12/site-packages/airflow/example_dags/example_branch_operator_decorator.py
[2025-03-14T21:36:28.044+0000] {processor.py:925} INFO - DAG(s) 'example_branch_python_operator_decorator' retrieved from /home/airflow/.local/lib/python3.12/site-packages/airflow/example_dags/example_branch_operator_decorator.py
[2025-03-14T21:36:28.061+0000] {logging_mixin.py:190} INFO - [2025-03-14T21:36:28.061+0000] {dag.py:3239} INFO - Sync 1 DAGs
[2025-03-14T21:36:28.076+0000] {logging_mixin.py:190} INFO - [2025-03-14T21:36:28.076+0000] {dag.py:4180} INFO - Setting next_dagrun for example_branch_python_operator_decorator to 2025-03-13 00:00:00+00:00, run_after=2025-03-14 00:00:00+00:00
[2025-03-14T21:36:28.086+0000] {processor.py:208} INFO - Processing /home/airflow/.local/lib/python3.12/site-packages/airflow/example_dags/example_branch_operator_decorator.py took 0.077 seconds
[2025-03-14T21:36:58.404+0000] {processor.py:186} INFO - Started process (PID=314) to work on /home/airflow/.local/lib/python3.12/site-packages/airflow/example_dags/example_branch_operator_decorator.py
[2025-03-14T21:36:58.405+0000] {processor.py:914} INFO - Processing file /home/airflow/.local/lib/python3.12/site-packages/airflow/example_dags/example_branch_operator_decorator.py for tasks to queue
[2025-03-14T21:36:58.407+0000] {logging_mixin.py:190} INFO - [2025-03-14T21:36:58.407+0000] {dagbag.py:588} INFO - Filling up the DagBag from /home/airflow/.local/lib/python3.12/site-packages/airflow/example_dags/example_branch_operator_decorator.py
[2025-03-14T21:36:58.422+0000] {processor.py:925} INFO - DAG(s) 'example_branch_python_operator_decorator' retrieved from /home/airflow/.local/lib/python3.12/site-packages/airflow/example_dags/example_branch_operator_decorator.py
[2025-03-14T21:36:58.445+0000] {logging_mixin.py:190} INFO - [2025-03-14T21:36:58.445+0000] {dag.py:3239} INFO - Sync 1 DAGs
[2025-03-14T21:36:58.464+0000] {logging_mixin.py:190} INFO - [2025-03-14T21:36:58.464+0000] {dag.py:4180} INFO - Setting next_dagrun for example_branch_python_operator_decorator to 2025-03-13 00:00:00+00:00, run_after=2025-03-14 00:00:00+00:00
[2025-03-14T21:36:58.483+0000] {processor.py:208} INFO - Processing /home/airflow/.local/lib/python3.12/site-packages/airflow/example_dags/example_branch_operator_decorator.py took 0.093 seconds
[2025-03-14T21:37:28.510+0000] {processor.py:186} INFO - Started process (PID=376) to work on /home/airflow/.local/lib/python3.12/site-packages/airflow/example_dags/example_branch_operator_decorator.py
[2025-03-14T21:37:28.511+0000] {processor.py:914} INFO - Processing file /home/airflow/.local/lib/python3.12/site-packages/airflow/example_dags/example_branch_operator_decorator.py for tasks to queue
[2025-03-14T21:37:28.512+0000] {logging_mixin.py:190} INFO - [2025-03-14T21:37:28.512+0000] {dagbag.py:588} INFO - Filling up the DagBag from /home/airflow/.local/lib/python3.12/site-packages/airflow/example_dags/example_branch_operator_decorator.py
[2025-03-14T21:37:28.526+0000] {processor.py:925} INFO - DAG(s) 'example_branch_python_operator_decorator' retrieved from /home/airflow/.local/lib/python3.12/site-packages/airflow/example_dags/example_branch_operator_decorator.py
[2025-03-14T21:37:28.547+0000] {logging_mixin.py:190} INFO - [2025-03-14T21:37:28.547+0000] {dag.py:3239} INFO - Sync 1 DAGs
[2025-03-14T21:37:28.560+0000] {logging_mixin.py:190} INFO - [2025-03-14T21:37:28.559+0000] {dag.py:4180} INFO - Setting next_dagrun for example_branch_python_operator_decorator to 2025-03-13 00:00:00+00:00, run_after=2025-03-14 00:00:00+00:00
[2025-03-14T21:37:28.568+0000] {processor.py:208} INFO - Processing /home/airflow/.local/lib/python3.12/site-packages/airflow/example_dags/example_branch_operator_decorator.py took 0.061 seconds
[2025-03-14T21:37:58.971+0000] {processor.py:186} INFO - Started process (PID=439) to work on /home/airflow/.local/lib/python3.12/site-packages/airflow/example_dags/example_branch_operator_decorator.py
[2025-03-14T21:37:58.972+0000] {processor.py:914} INFO - Processing file /home/airflow/.local/lib/python3.12/site-packages/airflow/example_dags/example_branch_operator_decorator.py for tasks to queue
[2025-03-14T21:37:58.973+0000] {logging_mixin.py:190} INFO - [2025-03-14T21:37:58.973+0000] {dagbag.py:588} INFO - Filling up the DagBag from /home/airflow/.local/lib/python3.12/site-packages/airflow/example_dags/example_branch_operator_decorator.py
[2025-03-14T21:37:58.986+0000] {processor.py:925} INFO - DAG(s) 'example_branch_python_operator_decorator' retrieved from /home/airflow/.local/lib/python3.12/site-packages/airflow/example_dags/example_branch_operator_decorator.py
[2025-03-14T21:37:59.002+0000] {logging_mixin.py:190} INFO - [2025-03-14T21:37:59.002+0000] {dag.py:3239} INFO - Sync 1 DAGs
[2025-03-14T21:37:59.028+0000] {logging_mixin.py:190} INFO - [2025-03-14T21:37:59.028+0000] {dag.py:4180} INFO - Setting next_dagrun for example_branch_python_operator_decorator to 2025-03-13 00:00:00+00:00, run_after=2025-03-14 00:00:00+00:00
[2025-03-14T21:37:59.038+0000] {processor.py:208} INFO - Processing /home/airflow/.local/lib/python3.12/site-packages/airflow/example_dags/example_branch_operator_decorator.py took 0.070 seconds
[2025-03-14T21:38:29.379+0000] {processor.py:186} INFO - Started process (PID=502) to work on /home/airflow/.local/lib/python3.12/site-packages/airflow/example_dags/example_branch_operator_decorator.py
[2025-03-14T21:38:29.380+0000] {processor.py:914} INFO - Processing file /home/airflow/.local/lib/python3.12/site-packages/airflow/example_dags/example_branch_operator_decorator.py for tasks to queue
[2025-03-14T21:38:29.382+0000] {logging_mixin.py:190} INFO - [2025-03-14T21:38:29.382+0000] {dagbag.py:588} INFO - Filling up the DagBag from /home/airflow/.local/lib/python3.12/site-packages/airflow/example_dags/example_branch_operator_decorator.py
[2025-03-14T21:38:29.408+0000] {processor.py:925} INFO - DAG(s) 'example_branch_python_operator_decorator' retrieved from /home/airflow/.local/lib/python3.12/site-packages/airflow/example_dags/example_branch_operator_decorator.py
[2025-03-14T21:38:29.440+0000] {logging_mixin.py:190} INFO - [2025-03-14T21:38:29.440+0000] {dag.py:3239} INFO - Sync 1 DAGs
[2025-03-14T21:38:29.458+0000] {logging_mixin.py:190} INFO - [2025-03-14T21:38:29.457+0000] {dag.py:4180} INFO - Setting next_dagrun for example_branch_python_operator_decorator to 2025-03-13 00:00:00+00:00, run_after=2025-03-14 00:00:00+00:00
[2025-03-14T21:38:29.465+0000] {processor.py:208} INFO - Processing /home/airflow/.local/lib/python3.12/site-packages/airflow/example_dags/example_branch_operator_decorator.py took 0.090 seconds
[2025-03-14T21:38:59.682+0000] {processor.py:186} INFO - Started process (PID=565) to work on /home/airflow/.local/lib/python3.12/site-packages/airflow/example_dags/example_branch_operator_decorator.py
[2025-03-14T21:38:59.683+0000] {processor.py:914} INFO - Processing file /home/airflow/.local/lib/python3.12/site-packages/airflow/example_dags/example_branch_operator_decorator.py for tasks to queue
[2025-03-14T21:38:59.684+0000] {logging_mixin.py:190} INFO - [2025-03-14T21:38:59.684+0000] {dagbag.py:588} INFO - Filling up the DagBag from /home/airflow/.local/lib/python3.12/site-packages/airflow/example_dags/example_branch_operator_decorator.py
[2025-03-14T21:38:59.695+0000] {processor.py:925} INFO - DAG(s) 'example_branch_python_operator_decorator' retrieved from /home/airflow/.local/lib/python3.12/site-packages/airflow/example_dags/example_branch_operator_decorator.py
[2025-03-14T21:38:59.721+0000] {logging_mixin.py:190} INFO - [2025-03-14T21:38:59.721+0000] {dag.py:3239} INFO - Sync 1 DAGs
[2025-03-14T21:38:59.738+0000] {logging_mixin.py:190} INFO - [2025-03-14T21:38:59.738+0000] {dag.py:4180} INFO - Setting next_dagrun for example_branch_python_operator_decorator to 2025-03-13 00:00:00+00:00, run_after=2025-03-14 00:00:00+00:00
[2025-03-14T21:38:59.746+0000] {processor.py:208} INFO - Processing /home/airflow/.local/lib/python3.12/site-packages/airflow/example_dags/example_branch_operator_decorator.py took 0.068 seconds
[2025-03-14T21:39:30.209+0000] {processor.py:186} INFO - Started process (PID=628) to work on /home/airflow/.local/lib/python3.12/site-packages/airflow/example_dags/example_branch_operator_decorator.py
[2025-03-14T21:39:30.211+0000] {processor.py:914} INFO - Processing file /home/airflow/.local/lib/python3.12/site-packages/airflow/example_dags/example_branch_operator_decorator.py for tasks to queue
[2025-03-14T21:39:30.213+0000] {logging_mixin.py:190} INFO - [2025-03-14T21:39:30.213+0000] {dagbag.py:588} INFO - Filling up the DagBag from /home/airflow/.local/lib/python3.12/site-packages/airflow/example_dags/example_branch_operator_decorator.py
[2025-03-14T21:39:30.243+0000] {processor.py:925} INFO - DAG(s) 'example_branch_python_operator_decorator' retrieved from /home/airflow/.local/lib/python3.12/site-packages/airflow/example_dags/example_branch_operator_decorator.py
[2025-03-14T21:39:30.299+0000] {logging_mixin.py:190} INFO - [2025-03-14T21:39:30.299+0000] {dag.py:3239} INFO - Sync 1 DAGs
[2025-03-14T21:39:30.333+0000] {logging_mixin.py:190} INFO - [2025-03-14T21:39:30.333+0000] {dag.py:4180} INFO - Setting next_dagrun for example_branch_python_operator_decorator to 2025-03-13 00:00:00+00:00, run_after=2025-03-14 00:00:00+00:00
[2025-03-14T21:39:30.348+0000] {processor.py:208} INFO - Processing /home/airflow/.local/lib/python3.12/site-packages/airflow/example_dags/example_branch_operator_decorator.py took 0.148 seconds
[2025-03-14T21:43:55.497+0000] {processor.py:186} INFO - Started process (PID=72) to work on /home/airflow/.local/lib/python3.12/site-packages/airflow/example_dags/example_branch_operator_decorator.py
[2025-03-14T21:43:55.504+0000] {processor.py:914} INFO - Processing file /home/airflow/.local/lib/python3.12/site-packages/airflow/example_dags/example_branch_operator_decorator.py for tasks to queue
[2025-03-14T21:43:55.519+0000] {logging_mixin.py:190} INFO - [2025-03-14T21:43:55.518+0000] {dagbag.py:588} INFO - Filling up the DagBag from /home/airflow/.local/lib/python3.12/site-packages/airflow/example_dags/example_branch_operator_decorator.py
[2025-03-14T21:43:55.607+0000] {processor.py:925} INFO - DAG(s) 'example_branch_python_operator_decorator' retrieved from /home/airflow/.local/lib/python3.12/site-packages/airflow/example_dags/example_branch_operator_decorator.py
[2025-03-14T21:43:56.194+0000] {logging_mixin.py:190} INFO - [2025-03-14T21:43:56.194+0000] {dag.py:3239} INFO - Sync 1 DAGs
[2025-03-14T21:43:56.303+0000] {logging_mixin.py:190} INFO - [2025-03-14T21:43:56.303+0000] {dag.py:4180} INFO - Setting next_dagrun for example_branch_python_operator_decorator to 2025-03-13 00:00:00+00:00, run_after=2025-03-14 00:00:00+00:00
[2025-03-14T21:43:56.368+0000] {processor.py:208} INFO - Processing /home/airflow/.local/lib/python3.12/site-packages/airflow/example_dags/example_branch_operator_decorator.py took 0.888 seconds
[2025-03-14T21:44:28.019+0000] {processor.py:186} INFO - Started process (PID=134) to work on /home/airflow/.local/lib/python3.12/site-packages/airflow/example_dags/example_branch_operator_decorator.py
[2025-03-14T21:44:28.023+0000] {processor.py:914} INFO - Processing file /home/airflow/.local/lib/python3.12/site-packages/airflow/example_dags/example_branch_operator_decorator.py for tasks to queue
[2025-03-14T21:44:28.029+0000] {logging_mixin.py:190} INFO - [2025-03-14T21:44:28.029+0000] {dagbag.py:588} INFO - Filling up the DagBag from /home/airflow/.local/lib/python3.12/site-packages/airflow/example_dags/example_branch_operator_decorator.py
[2025-03-14T21:44:28.083+0000] {processor.py:925} INFO - DAG(s) 'example_branch_python_operator_decorator' retrieved from /home/airflow/.local/lib/python3.12/site-packages/airflow/example_dags/example_branch_operator_decorator.py
[2025-03-14T21:44:28.169+0000] {logging_mixin.py:190} INFO - [2025-03-14T21:44:28.168+0000] {dag.py:3239} INFO - Sync 1 DAGs
[2025-03-14T21:44:28.258+0000] {logging_mixin.py:190} INFO - [2025-03-14T21:44:28.256+0000] {dag.py:4180} INFO - Setting next_dagrun for example_branch_python_operator_decorator to 2025-03-13 00:00:00+00:00, run_after=2025-03-14 00:00:00+00:00
[2025-03-14T21:44:28.291+0000] {processor.py:208} INFO - Processing /home/airflow/.local/lib/python3.12/site-packages/airflow/example_dags/example_branch_operator_decorator.py took 0.281 seconds
[2025-03-14T21:44:58.902+0000] {processor.py:186} INFO - Started process (PID=196) to work on /home/airflow/.local/lib/python3.12/site-packages/airflow/example_dags/example_branch_operator_decorator.py
[2025-03-14T21:44:58.902+0000] {processor.py:914} INFO - Processing file /home/airflow/.local/lib/python3.12/site-packages/airflow/example_dags/example_branch_operator_decorator.py for tasks to queue
[2025-03-14T21:44:58.909+0000] {logging_mixin.py:190} INFO - [2025-03-14T21:44:58.907+0000] {dagbag.py:588} INFO - Filling up the DagBag from /home/airflow/.local/lib/python3.12/site-packages/airflow/example_dags/example_branch_operator_decorator.py
[2025-03-14T21:44:58.934+0000] {processor.py:925} INFO - DAG(s) 'example_branch_python_operator_decorator' retrieved from /home/airflow/.local/lib/python3.12/site-packages/airflow/example_dags/example_branch_operator_decorator.py
[2025-03-14T21:44:58.982+0000] {logging_mixin.py:190} INFO - [2025-03-14T21:44:58.982+0000] {dag.py:3239} INFO - Sync 1 DAGs
[2025-03-14T21:44:59.000+0000] {logging_mixin.py:190} INFO - [2025-03-14T21:44:59.000+0000] {dag.py:4180} INFO - Setting next_dagrun for example_branch_python_operator_decorator to 2025-03-13 00:00:00+00:00, run_after=2025-03-14 00:00:00+00:00
[2025-03-14T21:44:59.026+0000] {processor.py:208} INFO - Processing /home/airflow/.local/lib/python3.12/site-packages/airflow/example_dags/example_branch_operator_decorator.py took 0.128 seconds
[2025-03-14T21:45:29.223+0000] {processor.py:186} INFO - Started process (PID=258) to work on /home/airflow/.local/lib/python3.12/site-packages/airflow/example_dags/example_branch_operator_decorator.py
[2025-03-14T21:45:29.227+0000] {processor.py:914} INFO - Processing file /home/airflow/.local/lib/python3.12/site-packages/airflow/example_dags/example_branch_operator_decorator.py for tasks to queue
[2025-03-14T21:45:29.240+0000] {logging_mixin.py:190} INFO - [2025-03-14T21:45:29.236+0000] {dagbag.py:588} INFO - Filling up the DagBag from /home/airflow/.local/lib/python3.12/site-packages/airflow/example_dags/example_branch_operator_decorator.py
[2025-03-14T21:45:29.325+0000] {processor.py:925} INFO - DAG(s) 'example_branch_python_operator_decorator' retrieved from /home/airflow/.local/lib/python3.12/site-packages/airflow/example_dags/example_branch_operator_decorator.py
[2025-03-14T21:45:29.440+0000] {logging_mixin.py:190} INFO - [2025-03-14T21:45:29.439+0000] {dag.py:3239} INFO - Sync 1 DAGs
[2025-03-14T21:45:29.470+0000] {logging_mixin.py:190} INFO - [2025-03-14T21:45:29.470+0000] {dag.py:4180} INFO - Setting next_dagrun for example_branch_python_operator_decorator to 2025-03-13 00:00:00+00:00, run_after=2025-03-14 00:00:00+00:00
[2025-03-14T21:45:29.480+0000] {processor.py:208} INFO - Processing /home/airflow/.local/lib/python3.12/site-packages/airflow/example_dags/example_branch_operator_decorator.py took 0.285 seconds
[2025-03-14T21:46:01.478+0000] {processor.py:186} INFO - Started process (PID=322) to work on /home/airflow/.local/lib/python3.12/site-packages/airflow/example_dags/example_branch_operator_decorator.py
[2025-03-14T21:46:01.481+0000] {processor.py:914} INFO - Processing file /home/airflow/.local/lib/python3.12/site-packages/airflow/example_dags/example_branch_operator_decorator.py for tasks to queue
[2025-03-14T21:46:01.483+0000] {logging_mixin.py:190} INFO - [2025-03-14T21:46:01.483+0000] {dagbag.py:588} INFO - Filling up the DagBag from /home/airflow/.local/lib/python3.12/site-packages/airflow/example_dags/example_branch_operator_decorator.py
[2025-03-14T21:46:01.494+0000] {processor.py:925} INFO - DAG(s) 'example_branch_python_operator_decorator' retrieved from /home/airflow/.local/lib/python3.12/site-packages/airflow/example_dags/example_branch_operator_decorator.py
[2025-03-14T21:46:01.507+0000] {logging_mixin.py:190} INFO - [2025-03-14T21:46:01.507+0000] {dag.py:3239} INFO - Sync 1 DAGs
[2025-03-14T21:46:01.523+0000] {logging_mixin.py:190} INFO - [2025-03-14T21:46:01.523+0000] {dag.py:4180} INFO - Setting next_dagrun for example_branch_python_operator_decorator to 2025-03-13 00:00:00+00:00, run_after=2025-03-14 00:00:00+00:00
[2025-03-14T21:46:01.530+0000] {processor.py:208} INFO - Processing /home/airflow/.local/lib/python3.12/site-packages/airflow/example_dags/example_branch_operator_decorator.py took 0.060 seconds
[2025-03-14T21:46:35.392+0000] {processor.py:186} INFO - Started process (PID=369) to work on /home/airflow/.local/lib/python3.12/site-packages/airflow/example_dags/example_branch_operator_decorator.py
[2025-03-14T21:46:35.394+0000] {processor.py:914} INFO - Processing file /home/airflow/.local/lib/python3.12/site-packages/airflow/example_dags/example_branch_operator_decorator.py for tasks to queue
[2025-03-14T21:46:35.397+0000] {logging_mixin.py:190} INFO - [2025-03-14T21:46:35.397+0000] {dagbag.py:588} INFO - Filling up the DagBag from /home/airflow/.local/lib/python3.12/site-packages/airflow/example_dags/example_branch_operator_decorator.py
[2025-03-14T21:46:35.452+0000] {processor.py:925} INFO - DAG(s) 'example_branch_python_operator_decorator' retrieved from /home/airflow/.local/lib/python3.12/site-packages/airflow/example_dags/example_branch_operator_decorator.py
[2025-03-14T21:46:35.492+0000] {logging_mixin.py:190} INFO - [2025-03-14T21:46:35.492+0000] {dag.py:3239} INFO - Sync 1 DAGs
[2025-03-14T21:46:35.506+0000] {logging_mixin.py:190} INFO - [2025-03-14T21:46:35.506+0000] {dag.py:4180} INFO - Setting next_dagrun for example_branch_python_operator_decorator to 2025-03-13 00:00:00+00:00, run_after=2025-03-14 00:00:00+00:00
[2025-03-14T21:46:35.515+0000] {processor.py:208} INFO - Processing /home/airflow/.local/lib/python3.12/site-packages/airflow/example_dags/example_branch_operator_decorator.py took 0.126 seconds
[2025-03-14T21:51:58.001+0000] {processor.py:186} INFO - Started process (PID=64) to work on /home/airflow/.local/lib/python3.12/site-packages/airflow/example_dags/example_branch_operator_decorator.py
[2025-03-14T21:51:58.005+0000] {processor.py:914} INFO - Processing file /home/airflow/.local/lib/python3.12/site-packages/airflow/example_dags/example_branch_operator_decorator.py for tasks to queue
[2025-03-14T21:51:58.006+0000] {logging_mixin.py:190} INFO - [2025-03-14T21:51:58.006+0000] {dagbag.py:588} INFO - Filling up the DagBag from /home/airflow/.local/lib/python3.12/site-packages/airflow/example_dags/example_branch_operator_decorator.py
[2025-03-14T21:51:58.055+0000] {processor.py:925} INFO - DAG(s) 'example_branch_python_operator_decorator' retrieved from /home/airflow/.local/lib/python3.12/site-packages/airflow/example_dags/example_branch_operator_decorator.py
[2025-03-14T21:51:58.798+0000] {logging_mixin.py:190} INFO - [2025-03-14T21:51:58.794+0000] {dag.py:3239} INFO - Sync 1 DAGs
[2025-03-14T21:51:58.858+0000] {logging_mixin.py:190} INFO - [2025-03-14T21:51:58.857+0000] {dag.py:4180} INFO - Setting next_dagrun for example_branch_python_operator_decorator to 2025-03-13 00:00:00+00:00, run_after=2025-03-14 00:00:00+00:00
[2025-03-14T21:51:58.881+0000] {processor.py:208} INFO - Processing /home/airflow/.local/lib/python3.12/site-packages/airflow/example_dags/example_branch_operator_decorator.py took 0.883 seconds
[2025-03-14T21:52:29.228+0000] {processor.py:186} INFO - Started process (PID=127) to work on /home/airflow/.local/lib/python3.12/site-packages/airflow/example_dags/example_branch_operator_decorator.py
[2025-03-14T21:52:29.230+0000] {processor.py:914} INFO - Processing file /home/airflow/.local/lib/python3.12/site-packages/airflow/example_dags/example_branch_operator_decorator.py for tasks to queue
[2025-03-14T21:52:29.231+0000] {logging_mixin.py:190} INFO - [2025-03-14T21:52:29.231+0000] {dagbag.py:588} INFO - Filling up the DagBag from /home/airflow/.local/lib/python3.12/site-packages/airflow/example_dags/example_branch_operator_decorator.py
[2025-03-14T21:52:29.267+0000] {processor.py:925} INFO - DAG(s) 'example_branch_python_operator_decorator' retrieved from /home/airflow/.local/lib/python3.12/site-packages/airflow/example_dags/example_branch_operator_decorator.py
[2025-03-14T21:52:29.297+0000] {logging_mixin.py:190} INFO - [2025-03-14T21:52:29.297+0000] {dag.py:3239} INFO - Sync 1 DAGs
[2025-03-14T21:52:29.324+0000] {logging_mixin.py:190} INFO - [2025-03-14T21:52:29.324+0000] {dag.py:4180} INFO - Setting next_dagrun for example_branch_python_operator_decorator to 2025-03-13 00:00:00+00:00, run_after=2025-03-14 00:00:00+00:00
[2025-03-14T21:52:29.338+0000] {processor.py:208} INFO - Processing /home/airflow/.local/lib/python3.12/site-packages/airflow/example_dags/example_branch_operator_decorator.py took 0.114 seconds
[2025-03-14T21:52:59.455+0000] {processor.py:186} INFO - Started process (PID=189) to work on /home/airflow/.local/lib/python3.12/site-packages/airflow/example_dags/example_branch_operator_decorator.py
[2025-03-14T21:52:59.457+0000] {processor.py:914} INFO - Processing file /home/airflow/.local/lib/python3.12/site-packages/airflow/example_dags/example_branch_operator_decorator.py for tasks to queue
[2025-03-14T21:52:59.461+0000] {logging_mixin.py:190} INFO - [2025-03-14T21:52:59.460+0000] {dagbag.py:588} INFO - Filling up the DagBag from /home/airflow/.local/lib/python3.12/site-packages/airflow/example_dags/example_branch_operator_decorator.py
[2025-03-14T21:52:59.481+0000] {processor.py:925} INFO - DAG(s) 'example_branch_python_operator_decorator' retrieved from /home/airflow/.local/lib/python3.12/site-packages/airflow/example_dags/example_branch_operator_decorator.py
[2025-03-14T21:52:59.513+0000] {logging_mixin.py:190} INFO - [2025-03-14T21:52:59.512+0000] {dag.py:3239} INFO - Sync 1 DAGs
[2025-03-14T21:52:59.531+0000] {logging_mixin.py:190} INFO - [2025-03-14T21:52:59.531+0000] {dag.py:4180} INFO - Setting next_dagrun for example_branch_python_operator_decorator to 2025-03-13 00:00:00+00:00, run_after=2025-03-14 00:00:00+00:00
[2025-03-14T21:52:59.541+0000] {processor.py:208} INFO - Processing /home/airflow/.local/lib/python3.12/site-packages/airflow/example_dags/example_branch_operator_decorator.py took 0.092 seconds
[2025-03-14T21:53:29.731+0000] {processor.py:186} INFO - Started process (PID=252) to work on /home/airflow/.local/lib/python3.12/site-packages/airflow/example_dags/example_branch_operator_decorator.py
[2025-03-14T21:53:29.734+0000] {processor.py:914} INFO - Processing file /home/airflow/.local/lib/python3.12/site-packages/airflow/example_dags/example_branch_operator_decorator.py for tasks to queue
[2025-03-14T21:53:29.738+0000] {logging_mixin.py:190} INFO - [2025-03-14T21:53:29.737+0000] {dagbag.py:588} INFO - Filling up the DagBag from /home/airflow/.local/lib/python3.12/site-packages/airflow/example_dags/example_branch_operator_decorator.py
[2025-03-14T21:53:29.758+0000] {processor.py:925} INFO - DAG(s) 'example_branch_python_operator_decorator' retrieved from /home/airflow/.local/lib/python3.12/site-packages/airflow/example_dags/example_branch_operator_decorator.py
[2025-03-14T21:53:29.777+0000] {logging_mixin.py:190} INFO - [2025-03-14T21:53:29.776+0000] {dag.py:3239} INFO - Sync 1 DAGs
[2025-03-14T21:53:29.790+0000] {logging_mixin.py:190} INFO - [2025-03-14T21:53:29.790+0000] {dag.py:4180} INFO - Setting next_dagrun for example_branch_python_operator_decorator to 2025-03-13 00:00:00+00:00, run_after=2025-03-14 00:00:00+00:00
[2025-03-14T21:53:29.808+0000] {processor.py:208} INFO - Processing /home/airflow/.local/lib/python3.12/site-packages/airflow/example_dags/example_branch_operator_decorator.py took 0.086 seconds
[2025-03-14T21:54:00.012+0000] {processor.py:186} INFO - Started process (PID=315) to work on /home/airflow/.local/lib/python3.12/site-packages/airflow/example_dags/example_branch_operator_decorator.py
[2025-03-14T21:54:00.014+0000] {processor.py:914} INFO - Processing file /home/airflow/.local/lib/python3.12/site-packages/airflow/example_dags/example_branch_operator_decorator.py for tasks to queue
[2025-03-14T21:54:00.017+0000] {logging_mixin.py:190} INFO - [2025-03-14T21:54:00.017+0000] {dagbag.py:588} INFO - Filling up the DagBag from /home/airflow/.local/lib/python3.12/site-packages/airflow/example_dags/example_branch_operator_decorator.py
[2025-03-14T21:54:00.060+0000] {processor.py:925} INFO - DAG(s) 'example_branch_python_operator_decorator' retrieved from /home/airflow/.local/lib/python3.12/site-packages/airflow/example_dags/example_branch_operator_decorator.py
[2025-03-14T21:54:00.085+0000] {logging_mixin.py:190} INFO - [2025-03-14T21:54:00.085+0000] {dag.py:3239} INFO - Sync 1 DAGs
[2025-03-14T21:54:00.099+0000] {logging_mixin.py:190} INFO - [2025-03-14T21:54:00.099+0000] {dag.py:4180} INFO - Setting next_dagrun for example_branch_python_operator_decorator to 2025-03-13 00:00:00+00:00, run_after=2025-03-14 00:00:00+00:00
[2025-03-14T21:54:00.121+0000] {processor.py:208} INFO - Processing /home/airflow/.local/lib/python3.12/site-packages/airflow/example_dags/example_branch_operator_decorator.py took 0.118 seconds
[2025-03-14T21:54:30.675+0000] {processor.py:186} INFO - Started process (PID=378) to work on /home/airflow/.local/lib/python3.12/site-packages/airflow/example_dags/example_branch_operator_decorator.py
[2025-03-14T21:54:30.681+0000] {processor.py:914} INFO - Processing file /home/airflow/.local/lib/python3.12/site-packages/airflow/example_dags/example_branch_operator_decorator.py for tasks to queue
[2025-03-14T21:54:30.698+0000] {logging_mixin.py:190} INFO - [2025-03-14T21:54:30.697+0000] {dagbag.py:588} INFO - Filling up the DagBag from /home/airflow/.local/lib/python3.12/site-packages/airflow/example_dags/example_branch_operator_decorator.py
[2025-03-14T21:54:30.752+0000] {processor.py:925} INFO - DAG(s) 'example_branch_python_operator_decorator' retrieved from /home/airflow/.local/lib/python3.12/site-packages/airflow/example_dags/example_branch_operator_decorator.py
[2025-03-14T21:54:30.791+0000] {logging_mixin.py:190} INFO - [2025-03-14T21:54:30.791+0000] {dag.py:3239} INFO - Sync 1 DAGs
[2025-03-14T21:54:30.870+0000] {logging_mixin.py:190} INFO - [2025-03-14T21:54:30.870+0000] {dag.py:4180} INFO - Setting next_dagrun for example_branch_python_operator_decorator to 2025-03-13 00:00:00+00:00, run_after=2025-03-14 00:00:00+00:00
[2025-03-14T21:54:30.903+0000] {processor.py:208} INFO - Processing /home/airflow/.local/lib/python3.12/site-packages/airflow/example_dags/example_branch_operator_decorator.py took 0.238 seconds
[2025-03-14T21:55:00.965+0000] {processor.py:186} INFO - Started process (PID=441) to work on /home/airflow/.local/lib/python3.12/site-packages/airflow/example_dags/example_branch_operator_decorator.py
[2025-03-14T21:55:00.966+0000] {processor.py:914} INFO - Processing file /home/airflow/.local/lib/python3.12/site-packages/airflow/example_dags/example_branch_operator_decorator.py for tasks to queue
[2025-03-14T21:55:00.968+0000] {logging_mixin.py:190} INFO - [2025-03-14T21:55:00.967+0000] {dagbag.py:588} INFO - Filling up the DagBag from /home/airflow/.local/lib/python3.12/site-packages/airflow/example_dags/example_branch_operator_decorator.py
[2025-03-14T21:55:00.988+0000] {processor.py:925} INFO - DAG(s) 'example_branch_python_operator_decorator' retrieved from /home/airflow/.local/lib/python3.12/site-packages/airflow/example_dags/example_branch_operator_decorator.py
[2025-03-14T21:55:01.010+0000] {logging_mixin.py:190} INFO - [2025-03-14T21:55:01.010+0000] {dag.py:3239} INFO - Sync 1 DAGs
[2025-03-14T21:55:01.027+0000] {logging_mixin.py:190} INFO - [2025-03-14T21:55:01.026+0000] {dag.py:4180} INFO - Setting next_dagrun for example_branch_python_operator_decorator to 2025-03-13 00:00:00+00:00, run_after=2025-03-14 00:00:00+00:00
[2025-03-14T21:55:01.047+0000] {processor.py:208} INFO - Processing /home/airflow/.local/lib/python3.12/site-packages/airflow/example_dags/example_branch_operator_decorator.py took 0.088 seconds
[2025-03-14T21:55:31.876+0000] {processor.py:186} INFO - Started process (PID=504) to work on /home/airflow/.local/lib/python3.12/site-packages/airflow/example_dags/example_branch_operator_decorator.py
[2025-03-14T21:55:31.878+0000] {processor.py:914} INFO - Processing file /home/airflow/.local/lib/python3.12/site-packages/airflow/example_dags/example_branch_operator_decorator.py for tasks to queue
[2025-03-14T21:55:31.883+0000] {logging_mixin.py:190} INFO - [2025-03-14T21:55:31.882+0000] {dagbag.py:588} INFO - Filling up the DagBag from /home/airflow/.local/lib/python3.12/site-packages/airflow/example_dags/example_branch_operator_decorator.py
[2025-03-14T21:55:31.926+0000] {processor.py:925} INFO - DAG(s) 'example_branch_python_operator_decorator' retrieved from /home/airflow/.local/lib/python3.12/site-packages/airflow/example_dags/example_branch_operator_decorator.py
[2025-03-14T21:55:31.953+0000] {logging_mixin.py:190} INFO - [2025-03-14T21:55:31.952+0000] {dag.py:3239} INFO - Sync 1 DAGs
[2025-03-14T21:55:31.978+0000] {logging_mixin.py:190} INFO - [2025-03-14T21:55:31.978+0000] {dag.py:4180} INFO - Setting next_dagrun for example_branch_python_operator_decorator to 2025-03-13 00:00:00+00:00, run_after=2025-03-14 00:00:00+00:00
[2025-03-14T21:55:31.999+0000] {processor.py:208} INFO - Processing /home/airflow/.local/lib/python3.12/site-packages/airflow/example_dags/example_branch_operator_decorator.py took 0.144 seconds
[2025-03-14T21:56:02.341+0000] {processor.py:186} INFO - Started process (PID=567) to work on /home/airflow/.local/lib/python3.12/site-packages/airflow/example_dags/example_branch_operator_decorator.py
[2025-03-14T21:56:02.344+0000] {processor.py:914} INFO - Processing file /home/airflow/.local/lib/python3.12/site-packages/airflow/example_dags/example_branch_operator_decorator.py for tasks to queue
[2025-03-14T21:56:02.348+0000] {logging_mixin.py:190} INFO - [2025-03-14T21:56:02.348+0000] {dagbag.py:588} INFO - Filling up the DagBag from /home/airflow/.local/lib/python3.12/site-packages/airflow/example_dags/example_branch_operator_decorator.py
[2025-03-14T21:56:02.383+0000] {processor.py:925} INFO - DAG(s) 'example_branch_python_operator_decorator' retrieved from /home/airflow/.local/lib/python3.12/site-packages/airflow/example_dags/example_branch_operator_decorator.py
[2025-03-14T21:56:02.397+0000] {logging_mixin.py:190} INFO - [2025-03-14T21:56:02.397+0000] {dag.py:3239} INFO - Sync 1 DAGs
[2025-03-14T21:56:02.410+0000] {logging_mixin.py:190} INFO - [2025-03-14T21:56:02.409+0000] {dag.py:4180} INFO - Setting next_dagrun for example_branch_python_operator_decorator to 2025-03-13 00:00:00+00:00, run_after=2025-03-14 00:00:00+00:00
[2025-03-14T21:56:02.423+0000] {processor.py:208} INFO - Processing /home/airflow/.local/lib/python3.12/site-packages/airflow/example_dags/example_branch_operator_decorator.py took 0.092 seconds
[2025-03-14T21:56:32.988+0000] {processor.py:186} INFO - Started process (PID=631) to work on /home/airflow/.local/lib/python3.12/site-packages/airflow/example_dags/example_branch_operator_decorator.py
[2025-03-14T21:56:32.989+0000] {processor.py:914} INFO - Processing file /home/airflow/.local/lib/python3.12/site-packages/airflow/example_dags/example_branch_operator_decorator.py for tasks to queue
[2025-03-14T21:56:32.991+0000] {logging_mixin.py:190} INFO - [2025-03-14T21:56:32.990+0000] {dagbag.py:588} INFO - Filling up the DagBag from /home/airflow/.local/lib/python3.12/site-packages/airflow/example_dags/example_branch_operator_decorator.py
[2025-03-14T21:56:33.018+0000] {processor.py:925} INFO - DAG(s) 'example_branch_python_operator_decorator' retrieved from /home/airflow/.local/lib/python3.12/site-packages/airflow/example_dags/example_branch_operator_decorator.py
[2025-03-14T21:56:33.033+0000] {logging_mixin.py:190} INFO - [2025-03-14T21:56:33.033+0000] {dag.py:3239} INFO - Sync 1 DAGs
[2025-03-14T21:56:33.045+0000] {logging_mixin.py:190} INFO - [2025-03-14T21:56:33.045+0000] {dag.py:4180} INFO - Setting next_dagrun for example_branch_python_operator_decorator to 2025-03-13 00:00:00+00:00, run_after=2025-03-14 00:00:00+00:00
[2025-03-14T21:56:33.057+0000] {processor.py:208} INFO - Processing /home/airflow/.local/lib/python3.12/site-packages/airflow/example_dags/example_branch_operator_decorator.py took 0.076 seconds
[2025-03-14T21:57:03.552+0000] {processor.py:186} INFO - Started process (PID=694) to work on /home/airflow/.local/lib/python3.12/site-packages/airflow/example_dags/example_branch_operator_decorator.py
[2025-03-14T21:57:03.554+0000] {processor.py:914} INFO - Processing file /home/airflow/.local/lib/python3.12/site-packages/airflow/example_dags/example_branch_operator_decorator.py for tasks to queue
[2025-03-14T21:57:03.555+0000] {logging_mixin.py:190} INFO - [2025-03-14T21:57:03.555+0000] {dagbag.py:588} INFO - Filling up the DagBag from /home/airflow/.local/lib/python3.12/site-packages/airflow/example_dags/example_branch_operator_decorator.py
[2025-03-14T21:57:03.571+0000] {processor.py:925} INFO - DAG(s) 'example_branch_python_operator_decorator' retrieved from /home/airflow/.local/lib/python3.12/site-packages/airflow/example_dags/example_branch_operator_decorator.py
[2025-03-14T21:57:03.589+0000] {logging_mixin.py:190} INFO - [2025-03-14T21:57:03.588+0000] {dag.py:3239} INFO - Sync 1 DAGs
[2025-03-14T21:57:03.603+0000] {logging_mixin.py:190} INFO - [2025-03-14T21:57:03.603+0000] {dag.py:4180} INFO - Setting next_dagrun for example_branch_python_operator_decorator to 2025-03-13 00:00:00+00:00, run_after=2025-03-14 00:00:00+00:00
[2025-03-14T21:57:03.611+0000] {processor.py:208} INFO - Processing /home/airflow/.local/lib/python3.12/site-packages/airflow/example_dags/example_branch_operator_decorator.py took 0.066 seconds
[2025-03-14T21:57:34.116+0000] {processor.py:186} INFO - Started process (PID=757) to work on /home/airflow/.local/lib/python3.12/site-packages/airflow/example_dags/example_branch_operator_decorator.py
[2025-03-14T21:57:34.117+0000] {processor.py:914} INFO - Processing file /home/airflow/.local/lib/python3.12/site-packages/airflow/example_dags/example_branch_operator_decorator.py for tasks to queue
[2025-03-14T21:57:34.119+0000] {logging_mixin.py:190} INFO - [2025-03-14T21:57:34.119+0000] {dagbag.py:588} INFO - Filling up the DagBag from /home/airflow/.local/lib/python3.12/site-packages/airflow/example_dags/example_branch_operator_decorator.py
[2025-03-14T21:57:34.140+0000] {processor.py:925} INFO - DAG(s) 'example_branch_python_operator_decorator' retrieved from /home/airflow/.local/lib/python3.12/site-packages/airflow/example_dags/example_branch_operator_decorator.py
[2025-03-14T21:57:34.176+0000] {logging_mixin.py:190} INFO - [2025-03-14T21:57:34.175+0000] {dag.py:3239} INFO - Sync 1 DAGs
[2025-03-14T21:57:34.193+0000] {logging_mixin.py:190} INFO - [2025-03-14T21:57:34.193+0000] {dag.py:4180} INFO - Setting next_dagrun for example_branch_python_operator_decorator to 2025-03-13 00:00:00+00:00, run_after=2025-03-14 00:00:00+00:00
[2025-03-14T21:57:34.205+0000] {processor.py:208} INFO - Processing /home/airflow/.local/lib/python3.12/site-packages/airflow/example_dags/example_branch_operator_decorator.py took 0.096 seconds
[2025-03-14T21:58:04.469+0000] {processor.py:186} INFO - Started process (PID=820) to work on /home/airflow/.local/lib/python3.12/site-packages/airflow/example_dags/example_branch_operator_decorator.py
[2025-03-14T21:58:04.470+0000] {processor.py:914} INFO - Processing file /home/airflow/.local/lib/python3.12/site-packages/airflow/example_dags/example_branch_operator_decorator.py for tasks to queue
[2025-03-14T21:58:04.472+0000] {logging_mixin.py:190} INFO - [2025-03-14T21:58:04.472+0000] {dagbag.py:588} INFO - Filling up the DagBag from /home/airflow/.local/lib/python3.12/site-packages/airflow/example_dags/example_branch_operator_decorator.py
[2025-03-14T21:58:04.489+0000] {processor.py:925} INFO - DAG(s) 'example_branch_python_operator_decorator' retrieved from /home/airflow/.local/lib/python3.12/site-packages/airflow/example_dags/example_branch_operator_decorator.py
[2025-03-14T21:58:04.506+0000] {logging_mixin.py:190} INFO - [2025-03-14T21:58:04.506+0000] {dag.py:3239} INFO - Sync 1 DAGs
[2025-03-14T21:58:04.518+0000] {logging_mixin.py:190} INFO - [2025-03-14T21:58:04.518+0000] {dag.py:4180} INFO - Setting next_dagrun for example_branch_python_operator_decorator to 2025-03-13 00:00:00+00:00, run_after=2025-03-14 00:00:00+00:00
[2025-03-14T21:58:04.531+0000] {processor.py:208} INFO - Processing /home/airflow/.local/lib/python3.12/site-packages/airflow/example_dags/example_branch_operator_decorator.py took 0.067 seconds
[2025-03-14T21:58:35.206+0000] {processor.py:186} INFO - Started process (PID=883) to work on /home/airflow/.local/lib/python3.12/site-packages/airflow/example_dags/example_branch_operator_decorator.py
[2025-03-14T21:58:35.210+0000] {processor.py:914} INFO - Processing file /home/airflow/.local/lib/python3.12/site-packages/airflow/example_dags/example_branch_operator_decorator.py for tasks to queue
[2025-03-14T21:58:35.218+0000] {logging_mixin.py:190} INFO - [2025-03-14T21:58:35.218+0000] {dagbag.py:588} INFO - Filling up the DagBag from /home/airflow/.local/lib/python3.12/site-packages/airflow/example_dags/example_branch_operator_decorator.py
[2025-03-14T21:58:35.241+0000] {processor.py:925} INFO - DAG(s) 'example_branch_python_operator_decorator' retrieved from /home/airflow/.local/lib/python3.12/site-packages/airflow/example_dags/example_branch_operator_decorator.py
[2025-03-14T21:58:35.262+0000] {logging_mixin.py:190} INFO - [2025-03-14T21:58:35.262+0000] {dag.py:3239} INFO - Sync 1 DAGs
[2025-03-14T21:58:35.279+0000] {logging_mixin.py:190} INFO - [2025-03-14T21:58:35.278+0000] {dag.py:4180} INFO - Setting next_dagrun for example_branch_python_operator_decorator to 2025-03-13 00:00:00+00:00, run_after=2025-03-14 00:00:00+00:00
[2025-03-14T21:58:35.294+0000] {processor.py:208} INFO - Processing /home/airflow/.local/lib/python3.12/site-packages/airflow/example_dags/example_branch_operator_decorator.py took 0.100 seconds
[2025-03-14T21:59:05.477+0000] {processor.py:186} INFO - Started process (PID=946) to work on /home/airflow/.local/lib/python3.12/site-packages/airflow/example_dags/example_branch_operator_decorator.py
[2025-03-14T21:59:05.479+0000] {processor.py:914} INFO - Processing file /home/airflow/.local/lib/python3.12/site-packages/airflow/example_dags/example_branch_operator_decorator.py for tasks to queue
[2025-03-14T21:59:05.480+0000] {logging_mixin.py:190} INFO - [2025-03-14T21:59:05.480+0000] {dagbag.py:588} INFO - Filling up the DagBag from /home/airflow/.local/lib/python3.12/site-packages/airflow/example_dags/example_branch_operator_decorator.py
[2025-03-14T21:59:05.497+0000] {processor.py:925} INFO - DAG(s) 'example_branch_python_operator_decorator' retrieved from /home/airflow/.local/lib/python3.12/site-packages/airflow/example_dags/example_branch_operator_decorator.py
[2025-03-14T21:59:05.514+0000] {logging_mixin.py:190} INFO - [2025-03-14T21:59:05.514+0000] {dag.py:3239} INFO - Sync 1 DAGs
[2025-03-14T21:59:05.529+0000] {logging_mixin.py:190} INFO - [2025-03-14T21:59:05.529+0000] {dag.py:4180} INFO - Setting next_dagrun for example_branch_python_operator_decorator to 2025-03-13 00:00:00+00:00, run_after=2025-03-14 00:00:00+00:00
[2025-03-14T21:59:05.539+0000] {processor.py:208} INFO - Processing /home/airflow/.local/lib/python3.12/site-packages/airflow/example_dags/example_branch_operator_decorator.py took 0.068 seconds
[2025-03-14T21:59:35.831+0000] {processor.py:186} INFO - Started process (PID=1009) to work on /home/airflow/.local/lib/python3.12/site-packages/airflow/example_dags/example_branch_operator_decorator.py
[2025-03-14T21:59:35.833+0000] {processor.py:914} INFO - Processing file /home/airflow/.local/lib/python3.12/site-packages/airflow/example_dags/example_branch_operator_decorator.py for tasks to queue
[2025-03-14T21:59:35.834+0000] {logging_mixin.py:190} INFO - [2025-03-14T21:59:35.834+0000] {dagbag.py:588} INFO - Filling up the DagBag from /home/airflow/.local/lib/python3.12/site-packages/airflow/example_dags/example_branch_operator_decorator.py
[2025-03-14T21:59:35.864+0000] {processor.py:925} INFO - DAG(s) 'example_branch_python_operator_decorator' retrieved from /home/airflow/.local/lib/python3.12/site-packages/airflow/example_dags/example_branch_operator_decorator.py
[2025-03-14T21:59:35.882+0000] {logging_mixin.py:190} INFO - [2025-03-14T21:59:35.882+0000] {dag.py:3239} INFO - Sync 1 DAGs
[2025-03-14T21:59:35.899+0000] {logging_mixin.py:190} INFO - [2025-03-14T21:59:35.899+0000] {dag.py:4180} INFO - Setting next_dagrun for example_branch_python_operator_decorator to 2025-03-13 00:00:00+00:00, run_after=2025-03-14 00:00:00+00:00
[2025-03-14T21:59:35.909+0000] {processor.py:208} INFO - Processing /home/airflow/.local/lib/python3.12/site-packages/airflow/example_dags/example_branch_operator_decorator.py took 0.085 seconds
[2025-03-14T22:00:06.201+0000] {processor.py:186} INFO - Started process (PID=1072) to work on /home/airflow/.local/lib/python3.12/site-packages/airflow/example_dags/example_branch_operator_decorator.py
[2025-03-14T22:00:06.205+0000] {processor.py:914} INFO - Processing file /home/airflow/.local/lib/python3.12/site-packages/airflow/example_dags/example_branch_operator_decorator.py for tasks to queue
[2025-03-14T22:00:06.211+0000] {logging_mixin.py:190} INFO - [2025-03-14T22:00:06.211+0000] {dagbag.py:588} INFO - Filling up the DagBag from /home/airflow/.local/lib/python3.12/site-packages/airflow/example_dags/example_branch_operator_decorator.py
[2025-03-14T22:00:06.240+0000] {processor.py:925} INFO - DAG(s) 'example_branch_python_operator_decorator' retrieved from /home/airflow/.local/lib/python3.12/site-packages/airflow/example_dags/example_branch_operator_decorator.py
[2025-03-14T22:00:06.265+0000] {logging_mixin.py:190} INFO - [2025-03-14T22:00:06.264+0000] {dag.py:3239} INFO - Sync 1 DAGs
[2025-03-14T22:00:06.281+0000] {logging_mixin.py:190} INFO - [2025-03-14T22:00:06.280+0000] {dag.py:4180} INFO - Setting next_dagrun for example_branch_python_operator_decorator to 2025-03-13 00:00:00+00:00, run_after=2025-03-14 00:00:00+00:00
[2025-03-14T22:00:06.288+0000] {processor.py:208} INFO - Processing /home/airflow/.local/lib/python3.12/site-packages/airflow/example_dags/example_branch_operator_decorator.py took 0.096 seconds
[2025-03-14T22:00:36.925+0000] {processor.py:186} INFO - Started process (PID=1135) to work on /home/airflow/.local/lib/python3.12/site-packages/airflow/example_dags/example_branch_operator_decorator.py
[2025-03-14T22:00:36.926+0000] {processor.py:914} INFO - Processing file /home/airflow/.local/lib/python3.12/site-packages/airflow/example_dags/example_branch_operator_decorator.py for tasks to queue
[2025-03-14T22:00:36.930+0000] {logging_mixin.py:190} INFO - [2025-03-14T22:00:36.929+0000] {dagbag.py:588} INFO - Filling up the DagBag from /home/airflow/.local/lib/python3.12/site-packages/airflow/example_dags/example_branch_operator_decorator.py
[2025-03-14T22:00:36.960+0000] {processor.py:925} INFO - DAG(s) 'example_branch_python_operator_decorator' retrieved from /home/airflow/.local/lib/python3.12/site-packages/airflow/example_dags/example_branch_operator_decorator.py
[2025-03-14T22:00:36.981+0000] {logging_mixin.py:190} INFO - [2025-03-14T22:00:36.981+0000] {dag.py:3239} INFO - Sync 1 DAGs
[2025-03-14T22:00:37.001+0000] {logging_mixin.py:190} INFO - [2025-03-14T22:00:37.001+0000] {dag.py:4180} INFO - Setting next_dagrun for example_branch_python_operator_decorator to 2025-03-13 00:00:00+00:00, run_after=2025-03-14 00:00:00+00:00
[2025-03-14T22:00:37.012+0000] {processor.py:208} INFO - Processing /home/airflow/.local/lib/python3.12/site-packages/airflow/example_dags/example_branch_operator_decorator.py took 0.099 seconds
[2025-03-14T22:01:07.993+0000] {processor.py:186} INFO - Started process (PID=1198) to work on /home/airflow/.local/lib/python3.12/site-packages/airflow/example_dags/example_branch_operator_decorator.py
[2025-03-14T22:01:07.997+0000] {processor.py:914} INFO - Processing file /home/airflow/.local/lib/python3.12/site-packages/airflow/example_dags/example_branch_operator_decorator.py for tasks to queue
[2025-03-14T22:01:08.000+0000] {logging_mixin.py:190} INFO - [2025-03-14T22:01:08.000+0000] {dagbag.py:588} INFO - Filling up the DagBag from /home/airflow/.local/lib/python3.12/site-packages/airflow/example_dags/example_branch_operator_decorator.py
[2025-03-14T22:01:08.041+0000] {processor.py:925} INFO - DAG(s) 'example_branch_python_operator_decorator' retrieved from /home/airflow/.local/lib/python3.12/site-packages/airflow/example_dags/example_branch_operator_decorator.py
[2025-03-14T22:01:08.061+0000] {logging_mixin.py:190} INFO - [2025-03-14T22:01:08.060+0000] {dag.py:3239} INFO - Sync 1 DAGs
[2025-03-14T22:01:08.074+0000] {logging_mixin.py:190} INFO - [2025-03-14T22:01:08.074+0000] {dag.py:4180} INFO - Setting next_dagrun for example_branch_python_operator_decorator to 2025-03-13 00:00:00+00:00, run_after=2025-03-14 00:00:00+00:00
[2025-03-14T22:01:08.094+0000] {processor.py:208} INFO - Processing /home/airflow/.local/lib/python3.12/site-packages/airflow/example_dags/example_branch_operator_decorator.py took 0.110 seconds
[2025-03-14T22:01:38.701+0000] {processor.py:186} INFO - Started process (PID=1262) to work on /home/airflow/.local/lib/python3.12/site-packages/airflow/example_dags/example_branch_operator_decorator.py
[2025-03-14T22:01:38.703+0000] {processor.py:914} INFO - Processing file /home/airflow/.local/lib/python3.12/site-packages/airflow/example_dags/example_branch_operator_decorator.py for tasks to queue
[2025-03-14T22:01:38.707+0000] {logging_mixin.py:190} INFO - [2025-03-14T22:01:38.707+0000] {dagbag.py:588} INFO - Filling up the DagBag from /home/airflow/.local/lib/python3.12/site-packages/airflow/example_dags/example_branch_operator_decorator.py
[2025-03-14T22:01:38.732+0000] {processor.py:925} INFO - DAG(s) 'example_branch_python_operator_decorator' retrieved from /home/airflow/.local/lib/python3.12/site-packages/airflow/example_dags/example_branch_operator_decorator.py
[2025-03-14T22:01:38.769+0000] {logging_mixin.py:190} INFO - [2025-03-14T22:01:38.769+0000] {dag.py:3239} INFO - Sync 1 DAGs
[2025-03-14T22:01:38.802+0000] {logging_mixin.py:190} INFO - [2025-03-14T22:01:38.802+0000] {dag.py:4180} INFO - Setting next_dagrun for example_branch_python_operator_decorator to 2025-03-13 00:00:00+00:00, run_after=2025-03-14 00:00:00+00:00
[2025-03-14T22:01:38.818+0000] {processor.py:208} INFO - Processing /home/airflow/.local/lib/python3.12/site-packages/airflow/example_dags/example_branch_operator_decorator.py took 0.129 seconds
[2025-03-14T22:02:09.304+0000] {processor.py:186} INFO - Started process (PID=1325) to work on /home/airflow/.local/lib/python3.12/site-packages/airflow/example_dags/example_branch_operator_decorator.py
[2025-03-14T22:02:09.307+0000] {processor.py:914} INFO - Processing file /home/airflow/.local/lib/python3.12/site-packages/airflow/example_dags/example_branch_operator_decorator.py for tasks to queue
[2025-03-14T22:02:09.308+0000] {logging_mixin.py:190} INFO - [2025-03-14T22:02:09.308+0000] {dagbag.py:588} INFO - Filling up the DagBag from /home/airflow/.local/lib/python3.12/site-packages/airflow/example_dags/example_branch_operator_decorator.py
[2025-03-14T22:02:09.327+0000] {processor.py:925} INFO - DAG(s) 'example_branch_python_operator_decorator' retrieved from /home/airflow/.local/lib/python3.12/site-packages/airflow/example_dags/example_branch_operator_decorator.py
[2025-03-14T22:02:09.348+0000] {logging_mixin.py:190} INFO - [2025-03-14T22:02:09.348+0000] {dag.py:3239} INFO - Sync 1 DAGs
[2025-03-14T22:02:09.363+0000] {logging_mixin.py:190} INFO - [2025-03-14T22:02:09.363+0000] {dag.py:4180} INFO - Setting next_dagrun for example_branch_python_operator_decorator to 2025-03-13 00:00:00+00:00, run_after=2025-03-14 00:00:00+00:00
[2025-03-14T22:02:09.378+0000] {processor.py:208} INFO - Processing /home/airflow/.local/lib/python3.12/site-packages/airflow/example_dags/example_branch_operator_decorator.py took 0.079 seconds
[2025-03-14T22:02:39.693+0000] {processor.py:186} INFO - Started process (PID=1388) to work on /home/airflow/.local/lib/python3.12/site-packages/airflow/example_dags/example_branch_operator_decorator.py
[2025-03-14T22:02:39.695+0000] {processor.py:914} INFO - Processing file /home/airflow/.local/lib/python3.12/site-packages/airflow/example_dags/example_branch_operator_decorator.py for tasks to queue
[2025-03-14T22:02:39.698+0000] {logging_mixin.py:190} INFO - [2025-03-14T22:02:39.698+0000] {dagbag.py:588} INFO - Filling up the DagBag from /home/airflow/.local/lib/python3.12/site-packages/airflow/example_dags/example_branch_operator_decorator.py
[2025-03-14T22:02:39.722+0000] {processor.py:925} INFO - DAG(s) 'example_branch_python_operator_decorator' retrieved from /home/airflow/.local/lib/python3.12/site-packages/airflow/example_dags/example_branch_operator_decorator.py
[2025-03-14T22:02:39.748+0000] {logging_mixin.py:190} INFO - [2025-03-14T22:02:39.747+0000] {dag.py:3239} INFO - Sync 1 DAGs
[2025-03-14T22:02:39.768+0000] {logging_mixin.py:190} INFO - [2025-03-14T22:02:39.768+0000] {dag.py:4180} INFO - Setting next_dagrun for example_branch_python_operator_decorator to 2025-03-13 00:00:00+00:00, run_after=2025-03-14 00:00:00+00:00
[2025-03-14T22:02:39.778+0000] {processor.py:208} INFO - Processing /home/airflow/.local/lib/python3.12/site-packages/airflow/example_dags/example_branch_operator_decorator.py took 0.092 seconds
[2025-03-14T22:03:10.144+0000] {processor.py:186} INFO - Started process (PID=1450) to work on /home/airflow/.local/lib/python3.12/site-packages/airflow/example_dags/example_branch_operator_decorator.py
[2025-03-14T22:03:10.147+0000] {processor.py:914} INFO - Processing file /home/airflow/.local/lib/python3.12/site-packages/airflow/example_dags/example_branch_operator_decorator.py for tasks to queue
[2025-03-14T22:03:10.155+0000] {logging_mixin.py:190} INFO - [2025-03-14T22:03:10.154+0000] {dagbag.py:588} INFO - Filling up the DagBag from /home/airflow/.local/lib/python3.12/site-packages/airflow/example_dags/example_branch_operator_decorator.py
[2025-03-14T22:03:10.180+0000] {processor.py:925} INFO - DAG(s) 'example_branch_python_operator_decorator' retrieved from /home/airflow/.local/lib/python3.12/site-packages/airflow/example_dags/example_branch_operator_decorator.py
[2025-03-14T22:03:10.219+0000] {logging_mixin.py:190} INFO - [2025-03-14T22:03:10.219+0000] {dag.py:3239} INFO - Sync 1 DAGs
[2025-03-14T22:03:10.246+0000] {logging_mixin.py:190} INFO - [2025-03-14T22:03:10.246+0000] {dag.py:4180} INFO - Setting next_dagrun for example_branch_python_operator_decorator to 2025-03-13 00:00:00+00:00, run_after=2025-03-14 00:00:00+00:00
[2025-03-14T22:03:10.259+0000] {processor.py:208} INFO - Processing /home/airflow/.local/lib/python3.12/site-packages/airflow/example_dags/example_branch_operator_decorator.py took 0.128 seconds
[2025-03-14T22:03:40.372+0000] {processor.py:186} INFO - Started process (PID=1513) to work on /home/airflow/.local/lib/python3.12/site-packages/airflow/example_dags/example_branch_operator_decorator.py
[2025-03-14T22:03:40.373+0000] {processor.py:914} INFO - Processing file /home/airflow/.local/lib/python3.12/site-packages/airflow/example_dags/example_branch_operator_decorator.py for tasks to queue
[2025-03-14T22:03:40.375+0000] {logging_mixin.py:190} INFO - [2025-03-14T22:03:40.375+0000] {dagbag.py:588} INFO - Filling up the DagBag from /home/airflow/.local/lib/python3.12/site-packages/airflow/example_dags/example_branch_operator_decorator.py
[2025-03-14T22:03:40.393+0000] {processor.py:925} INFO - DAG(s) 'example_branch_python_operator_decorator' retrieved from /home/airflow/.local/lib/python3.12/site-packages/airflow/example_dags/example_branch_operator_decorator.py
[2025-03-14T22:03:40.413+0000] {logging_mixin.py:190} INFO - [2025-03-14T22:03:40.413+0000] {dag.py:3239} INFO - Sync 1 DAGs
[2025-03-14T22:03:40.436+0000] {logging_mixin.py:190} INFO - [2025-03-14T22:03:40.436+0000] {dag.py:4180} INFO - Setting next_dagrun for example_branch_python_operator_decorator to 2025-03-13 00:00:00+00:00, run_after=2025-03-14 00:00:00+00:00
[2025-03-14T22:03:40.448+0000] {processor.py:208} INFO - Processing /home/airflow/.local/lib/python3.12/site-packages/airflow/example_dags/example_branch_operator_decorator.py took 0.080 seconds
