[2025-03-14T21:34:58.371+0000] {processor.py:186} INFO - Started process (PID=69) to work on /home/airflow/.local/lib/python3.12/site-packages/airflow/example_dags/example_branch_operator.py
[2025-03-14T21:34:58.374+0000] {processor.py:914} INFO - Processing file /home/airflow/.local/lib/python3.12/site-packages/airflow/example_dags/example_branch_operator.py for tasks to queue
[2025-03-14T21:34:58.379+0000] {logging_mixin.py:190} INFO - [2025-03-14T21:34:58.379+0000] {dagbag.py:588} INFO - Filling up the DagBag from /home/airflow/.local/lib/python3.12/site-packages/airflow/example_dags/example_branch_operator.py
[2025-03-14T21:34:58.398+0000] {processor.py:925} INFO - DAG(s) 'example_branch_operator' retrieved from /home/airflow/.local/lib/python3.12/site-packages/airflow/example_dags/example_branch_operator.py
[2025-03-14T21:34:58.591+0000] {logging_mixin.py:190} INFO - [2025-03-14T21:34:58.589+0000] {override.py:1912} INFO - Created Permission View: can edit on DAG:example_branch_operator
[2025-03-14T21:34:58.600+0000] {logging_mixin.py:190} INFO - [2025-03-14T21:34:58.599+0000] {override.py:1912} INFO - Created Permission View: can delete on DAG:example_branch_operator
[2025-03-14T21:34:58.604+0000] {logging_mixin.py:190} INFO - [2025-03-14T21:34:58.603+0000] {override.py:1912} INFO - Created Permission View: can read on DAG:example_branch_operator
[2025-03-14T21:34:58.607+0000] {logging_mixin.py:190} INFO - [2025-03-14T21:34:58.607+0000] {override.py:1912} INFO - Created Permission View: menu access on DAG Run:example_branch_operator
[2025-03-14T21:34:58.611+0000] {logging_mixin.py:190} INFO - [2025-03-14T21:34:58.610+0000] {override.py:1912} INFO - Created Permission View: can create on DAG Run:example_branch_operator
[2025-03-14T21:34:58.616+0000] {logging_mixin.py:190} INFO - [2025-03-14T21:34:58.616+0000] {override.py:1912} INFO - Created Permission View: can delete on DAG Run:example_branch_operator
[2025-03-14T21:34:58.622+0000] {logging_mixin.py:190} INFO - [2025-03-14T21:34:58.622+0000] {override.py:1912} INFO - Created Permission View: can read on DAG Run:example_branch_operator
[2025-03-14T21:34:58.623+0000] {logging_mixin.py:190} INFO - [2025-03-14T21:34:58.623+0000] {dag.py:3239} INFO - Sync 1 DAGs
[2025-03-14T21:34:58.653+0000] {logging_mixin.py:190} INFO - [2025-03-14T21:34:58.652+0000] {dag.py:3262} INFO - Creating ORM DAG for example_branch_operator
[2025-03-14T21:34:58.678+0000] {logging_mixin.py:190} INFO - [2025-03-14T21:34:58.678+0000] {dag.py:4180} INFO - Setting next_dagrun for example_branch_operator to 2025-03-13 00:00:00+00:00, run_after=2025-03-14 00:00:00+00:00
[2025-03-14T21:34:58.731+0000] {processor.py:208} INFO - Processing /home/airflow/.local/lib/python3.12/site-packages/airflow/example_dags/example_branch_operator.py took 0.370 seconds
[2025-03-14T21:35:29.732+0000] {processor.py:186} INFO - Started process (PID=132) to work on /home/airflow/.local/lib/python3.12/site-packages/airflow/example_dags/example_branch_operator.py
[2025-03-14T21:35:29.735+0000] {processor.py:914} INFO - Processing file /home/airflow/.local/lib/python3.12/site-packages/airflow/example_dags/example_branch_operator.py for tasks to queue
[2025-03-14T21:35:29.738+0000] {logging_mixin.py:190} INFO - [2025-03-14T21:35:29.737+0000] {dagbag.py:588} INFO - Filling up the DagBag from /home/airflow/.local/lib/python3.12/site-packages/airflow/example_dags/example_branch_operator.py
[2025-03-14T21:35:29.763+0000] {processor.py:925} INFO - DAG(s) 'example_branch_operator' retrieved from /home/airflow/.local/lib/python3.12/site-packages/airflow/example_dags/example_branch_operator.py
[2025-03-14T21:35:29.794+0000] {logging_mixin.py:190} INFO - [2025-03-14T21:35:29.793+0000] {dag.py:3239} INFO - Sync 1 DAGs
[2025-03-14T21:35:29.810+0000] {logging_mixin.py:190} INFO - [2025-03-14T21:35:29.810+0000] {dag.py:4180} INFO - Setting next_dagrun for example_branch_operator to 2025-03-13 00:00:00+00:00, run_after=2025-03-14 00:00:00+00:00
[2025-03-14T21:35:29.822+0000] {processor.py:208} INFO - Processing /home/airflow/.local/lib/python3.12/site-packages/airflow/example_dags/example_branch_operator.py took 0.101 seconds
[2025-03-14T21:35:59.961+0000] {processor.py:186} INFO - Started process (PID=195) to work on /home/airflow/.local/lib/python3.12/site-packages/airflow/example_dags/example_branch_operator.py
[2025-03-14T21:35:59.962+0000] {processor.py:914} INFO - Processing file /home/airflow/.local/lib/python3.12/site-packages/airflow/example_dags/example_branch_operator.py for tasks to queue
[2025-03-14T21:35:59.964+0000] {logging_mixin.py:190} INFO - [2025-03-14T21:35:59.964+0000] {dagbag.py:588} INFO - Filling up the DagBag from /home/airflow/.local/lib/python3.12/site-packages/airflow/example_dags/example_branch_operator.py
[2025-03-14T21:35:59.984+0000] {processor.py:925} INFO - DAG(s) 'example_branch_operator' retrieved from /home/airflow/.local/lib/python3.12/site-packages/airflow/example_dags/example_branch_operator.py
[2025-03-14T21:36:00.011+0000] {logging_mixin.py:190} INFO - [2025-03-14T21:36:00.011+0000] {dag.py:3239} INFO - Sync 1 DAGs
[2025-03-14T21:36:00.029+0000] {logging_mixin.py:190} INFO - [2025-03-14T21:36:00.029+0000] {dag.py:4180} INFO - Setting next_dagrun for example_branch_operator to 2025-03-13 00:00:00+00:00, run_after=2025-03-14 00:00:00+00:00
[2025-03-14T21:36:00.040+0000] {processor.py:208} INFO - Processing /home/airflow/.local/lib/python3.12/site-packages/airflow/example_dags/example_branch_operator.py took 0.085 seconds
[2025-03-14T21:36:30.484+0000] {processor.py:186} INFO - Started process (PID=257) to work on /home/airflow/.local/lib/python3.12/site-packages/airflow/example_dags/example_branch_operator.py
[2025-03-14T21:36:30.518+0000] {processor.py:914} INFO - Processing file /home/airflow/.local/lib/python3.12/site-packages/airflow/example_dags/example_branch_operator.py for tasks to queue
[2025-03-14T21:36:30.522+0000] {logging_mixin.py:190} INFO - [2025-03-14T21:36:30.521+0000] {dagbag.py:588} INFO - Filling up the DagBag from /home/airflow/.local/lib/python3.12/site-packages/airflow/example_dags/example_branch_operator.py
[2025-03-14T21:36:30.553+0000] {processor.py:925} INFO - DAG(s) 'example_branch_operator' retrieved from /home/airflow/.local/lib/python3.12/site-packages/airflow/example_dags/example_branch_operator.py
[2025-03-14T21:36:30.603+0000] {logging_mixin.py:190} INFO - [2025-03-14T21:36:30.603+0000] {dag.py:3239} INFO - Sync 1 DAGs
[2025-03-14T21:36:30.634+0000] {logging_mixin.py:190} INFO - [2025-03-14T21:36:30.634+0000] {dag.py:4180} INFO - Setting next_dagrun for example_branch_operator to 2025-03-13 00:00:00+00:00, run_after=2025-03-14 00:00:00+00:00
[2025-03-14T21:36:30.650+0000] {processor.py:208} INFO - Processing /home/airflow/.local/lib/python3.12/site-packages/airflow/example_dags/example_branch_operator.py took 0.178 seconds
[2025-03-14T21:37:00.821+0000] {processor.py:186} INFO - Started process (PID=320) to work on /home/airflow/.local/lib/python3.12/site-packages/airflow/example_dags/example_branch_operator.py
[2025-03-14T21:37:00.823+0000] {processor.py:914} INFO - Processing file /home/airflow/.local/lib/python3.12/site-packages/airflow/example_dags/example_branch_operator.py for tasks to queue
[2025-03-14T21:37:00.825+0000] {logging_mixin.py:190} INFO - [2025-03-14T21:37:00.825+0000] {dagbag.py:588} INFO - Filling up the DagBag from /home/airflow/.local/lib/python3.12/site-packages/airflow/example_dags/example_branch_operator.py
[2025-03-14T21:37:00.842+0000] {processor.py:925} INFO - DAG(s) 'example_branch_operator' retrieved from /home/airflow/.local/lib/python3.12/site-packages/airflow/example_dags/example_branch_operator.py
[2025-03-14T21:37:00.859+0000] {logging_mixin.py:190} INFO - [2025-03-14T21:37:00.858+0000] {dag.py:3239} INFO - Sync 1 DAGs
[2025-03-14T21:37:00.899+0000] {logging_mixin.py:190} INFO - [2025-03-14T21:37:00.899+0000] {dag.py:4180} INFO - Setting next_dagrun for example_branch_operator to 2025-03-13 00:00:00+00:00, run_after=2025-03-14 00:00:00+00:00
[2025-03-14T21:37:00.915+0000] {processor.py:208} INFO - Processing /home/airflow/.local/lib/python3.12/site-packages/airflow/example_dags/example_branch_operator.py took 0.103 seconds
[2025-03-14T21:37:31.181+0000] {processor.py:186} INFO - Started process (PID=383) to work on /home/airflow/.local/lib/python3.12/site-packages/airflow/example_dags/example_branch_operator.py
[2025-03-14T21:37:31.185+0000] {processor.py:914} INFO - Processing file /home/airflow/.local/lib/python3.12/site-packages/airflow/example_dags/example_branch_operator.py for tasks to queue
[2025-03-14T21:37:31.189+0000] {logging_mixin.py:190} INFO - [2025-03-14T21:37:31.189+0000] {dagbag.py:588} INFO - Filling up the DagBag from /home/airflow/.local/lib/python3.12/site-packages/airflow/example_dags/example_branch_operator.py
[2025-03-14T21:37:31.276+0000] {processor.py:925} INFO - DAG(s) 'example_branch_operator' retrieved from /home/airflow/.local/lib/python3.12/site-packages/airflow/example_dags/example_branch_operator.py
[2025-03-14T21:37:31.325+0000] {logging_mixin.py:190} INFO - [2025-03-14T21:37:31.324+0000] {dag.py:3239} INFO - Sync 1 DAGs
[2025-03-14T21:37:31.348+0000] {logging_mixin.py:190} INFO - [2025-03-14T21:37:31.347+0000] {dag.py:4180} INFO - Setting next_dagrun for example_branch_operator to 2025-03-13 00:00:00+00:00, run_after=2025-03-14 00:00:00+00:00
[2025-03-14T21:37:31.375+0000] {processor.py:208} INFO - Processing /home/airflow/.local/lib/python3.12/site-packages/airflow/example_dags/example_branch_operator.py took 0.216 seconds
[2025-03-14T21:38:01.457+0000] {processor.py:186} INFO - Started process (PID=445) to work on /home/airflow/.local/lib/python3.12/site-packages/airflow/example_dags/example_branch_operator.py
[2025-03-14T21:38:01.459+0000] {processor.py:914} INFO - Processing file /home/airflow/.local/lib/python3.12/site-packages/airflow/example_dags/example_branch_operator.py for tasks to queue
[2025-03-14T21:38:01.461+0000] {logging_mixin.py:190} INFO - [2025-03-14T21:38:01.460+0000] {dagbag.py:588} INFO - Filling up the DagBag from /home/airflow/.local/lib/python3.12/site-packages/airflow/example_dags/example_branch_operator.py
[2025-03-14T21:38:01.474+0000] {processor.py:925} INFO - DAG(s) 'example_branch_operator' retrieved from /home/airflow/.local/lib/python3.12/site-packages/airflow/example_dags/example_branch_operator.py
[2025-03-14T21:38:01.492+0000] {logging_mixin.py:190} INFO - [2025-03-14T21:38:01.492+0000] {dag.py:3239} INFO - Sync 1 DAGs
[2025-03-14T21:38:01.512+0000] {logging_mixin.py:190} INFO - [2025-03-14T21:38:01.512+0000] {dag.py:4180} INFO - Setting next_dagrun for example_branch_operator to 2025-03-13 00:00:00+00:00, run_after=2025-03-14 00:00:00+00:00
[2025-03-14T21:38:01.526+0000] {processor.py:208} INFO - Processing /home/airflow/.local/lib/python3.12/site-packages/airflow/example_dags/example_branch_operator.py took 0.077 seconds
[2025-03-14T21:38:32.001+0000] {processor.py:186} INFO - Started process (PID=508) to work on /home/airflow/.local/lib/python3.12/site-packages/airflow/example_dags/example_branch_operator.py
[2025-03-14T21:38:32.015+0000] {processor.py:914} INFO - Processing file /home/airflow/.local/lib/python3.12/site-packages/airflow/example_dags/example_branch_operator.py for tasks to queue
[2025-03-14T21:38:32.024+0000] {logging_mixin.py:190} INFO - [2025-03-14T21:38:32.023+0000] {dagbag.py:588} INFO - Filling up the DagBag from /home/airflow/.local/lib/python3.12/site-packages/airflow/example_dags/example_branch_operator.py
[2025-03-14T21:38:32.074+0000] {processor.py:925} INFO - DAG(s) 'example_branch_operator' retrieved from /home/airflow/.local/lib/python3.12/site-packages/airflow/example_dags/example_branch_operator.py
[2025-03-14T21:38:32.147+0000] {logging_mixin.py:190} INFO - [2025-03-14T21:38:32.146+0000] {dag.py:3239} INFO - Sync 1 DAGs
[2025-03-14T21:38:32.198+0000] {logging_mixin.py:190} INFO - [2025-03-14T21:38:32.198+0000] {dag.py:4180} INFO - Setting next_dagrun for example_branch_operator to 2025-03-13 00:00:00+00:00, run_after=2025-03-14 00:00:00+00:00
[2025-03-14T21:38:32.251+0000] {processor.py:208} INFO - Processing /home/airflow/.local/lib/python3.12/site-packages/airflow/example_dags/example_branch_operator.py took 0.273 seconds
[2025-03-14T21:39:03.095+0000] {processor.py:186} INFO - Started process (PID=571) to work on /home/airflow/.local/lib/python3.12/site-packages/airflow/example_dags/example_branch_operator.py
[2025-03-14T21:39:03.097+0000] {processor.py:914} INFO - Processing file /home/airflow/.local/lib/python3.12/site-packages/airflow/example_dags/example_branch_operator.py for tasks to queue
[2025-03-14T21:39:03.101+0000] {logging_mixin.py:190} INFO - [2025-03-14T21:39:03.100+0000] {dagbag.py:588} INFO - Filling up the DagBag from /home/airflow/.local/lib/python3.12/site-packages/airflow/example_dags/example_branch_operator.py
[2025-03-14T21:39:03.127+0000] {processor.py:925} INFO - DAG(s) 'example_branch_operator' retrieved from /home/airflow/.local/lib/python3.12/site-packages/airflow/example_dags/example_branch_operator.py
[2025-03-14T21:39:03.164+0000] {logging_mixin.py:190} INFO - [2025-03-14T21:39:03.164+0000] {dag.py:3239} INFO - Sync 1 DAGs
[2025-03-14T21:39:03.191+0000] {logging_mixin.py:190} INFO - [2025-03-14T21:39:03.191+0000] {dag.py:4180} INFO - Setting next_dagrun for example_branch_operator to 2025-03-13 00:00:00+00:00, run_after=2025-03-14 00:00:00+00:00
[2025-03-14T21:39:03.201+0000] {processor.py:208} INFO - Processing /home/airflow/.local/lib/python3.12/site-packages/airflow/example_dags/example_branch_operator.py took 0.124 seconds
[2025-03-14T21:39:33.695+0000] {processor.py:186} INFO - Started process (PID=634) to work on /home/airflow/.local/lib/python3.12/site-packages/airflow/example_dags/example_branch_operator.py
[2025-03-14T21:39:33.697+0000] {processor.py:914} INFO - Processing file /home/airflow/.local/lib/python3.12/site-packages/airflow/example_dags/example_branch_operator.py for tasks to queue
[2025-03-14T21:39:33.700+0000] {logging_mixin.py:190} INFO - [2025-03-14T21:39:33.700+0000] {dagbag.py:588} INFO - Filling up the DagBag from /home/airflow/.local/lib/python3.12/site-packages/airflow/example_dags/example_branch_operator.py
[2025-03-14T21:39:33.730+0000] {processor.py:925} INFO - DAG(s) 'example_branch_operator' retrieved from /home/airflow/.local/lib/python3.12/site-packages/airflow/example_dags/example_branch_operator.py
[2025-03-14T21:39:33.761+0000] {logging_mixin.py:190} INFO - [2025-03-14T21:39:33.761+0000] {dag.py:3239} INFO - Sync 1 DAGs
[2025-03-14T21:39:33.787+0000] {logging_mixin.py:190} INFO - [2025-03-14T21:39:33.787+0000] {dag.py:4180} INFO - Setting next_dagrun for example_branch_operator to 2025-03-13 00:00:00+00:00, run_after=2025-03-14 00:00:00+00:00
[2025-03-14T21:39:33.796+0000] {processor.py:208} INFO - Processing /home/airflow/.local/lib/python3.12/site-packages/airflow/example_dags/example_branch_operator.py took 0.119 seconds
[2025-03-14T21:43:57.382+0000] {processor.py:186} INFO - Started process (PID=78) to work on /home/airflow/.local/lib/python3.12/site-packages/airflow/example_dags/example_branch_operator.py
[2025-03-14T21:43:57.384+0000] {processor.py:914} INFO - Processing file /home/airflow/.local/lib/python3.12/site-packages/airflow/example_dags/example_branch_operator.py for tasks to queue
[2025-03-14T21:43:57.386+0000] {logging_mixin.py:190} INFO - [2025-03-14T21:43:57.386+0000] {dagbag.py:588} INFO - Filling up the DagBag from /home/airflow/.local/lib/python3.12/site-packages/airflow/example_dags/example_branch_operator.py
[2025-03-14T21:43:57.413+0000] {processor.py:925} INFO - DAG(s) 'example_branch_operator' retrieved from /home/airflow/.local/lib/python3.12/site-packages/airflow/example_dags/example_branch_operator.py
[2025-03-14T21:43:57.731+0000] {logging_mixin.py:190} INFO - [2025-03-14T21:43:57.731+0000] {dag.py:3239} INFO - Sync 1 DAGs
[2025-03-14T21:43:57.816+0000] {logging_mixin.py:190} INFO - [2025-03-14T21:43:57.815+0000] {dag.py:4180} INFO - Setting next_dagrun for example_branch_operator to 2025-03-13 00:00:00+00:00, run_after=2025-03-14 00:00:00+00:00
[2025-03-14T21:43:57.874+0000] {processor.py:208} INFO - Processing /home/airflow/.local/lib/python3.12/site-packages/airflow/example_dags/example_branch_operator.py took 0.498 seconds
[2025-03-14T21:44:28.688+0000] {processor.py:186} INFO - Started process (PID=140) to work on /home/airflow/.local/lib/python3.12/site-packages/airflow/example_dags/example_branch_operator.py
[2025-03-14T21:44:28.689+0000] {processor.py:914} INFO - Processing file /home/airflow/.local/lib/python3.12/site-packages/airflow/example_dags/example_branch_operator.py for tasks to queue
[2025-03-14T21:44:28.690+0000] {logging_mixin.py:190} INFO - [2025-03-14T21:44:28.690+0000] {dagbag.py:588} INFO - Filling up the DagBag from /home/airflow/.local/lib/python3.12/site-packages/airflow/example_dags/example_branch_operator.py
[2025-03-14T21:44:28.710+0000] {processor.py:925} INFO - DAG(s) 'example_branch_operator' retrieved from /home/airflow/.local/lib/python3.12/site-packages/airflow/example_dags/example_branch_operator.py
[2025-03-14T21:44:28.769+0000] {logging_mixin.py:190} INFO - [2025-03-14T21:44:28.768+0000] {dag.py:3239} INFO - Sync 1 DAGs
[2025-03-14T21:44:28.801+0000] {logging_mixin.py:190} INFO - [2025-03-14T21:44:28.800+0000] {dag.py:4180} INFO - Setting next_dagrun for example_branch_operator to 2025-03-13 00:00:00+00:00, run_after=2025-03-14 00:00:00+00:00
[2025-03-14T21:44:28.821+0000] {processor.py:208} INFO - Processing /home/airflow/.local/lib/python3.12/site-packages/airflow/example_dags/example_branch_operator.py took 0.137 seconds
[2025-03-14T21:45:00.411+0000] {processor.py:186} INFO - Started process (PID=203) to work on /home/airflow/.local/lib/python3.12/site-packages/airflow/example_dags/example_branch_operator.py
[2025-03-14T21:45:00.413+0000] {processor.py:914} INFO - Processing file /home/airflow/.local/lib/python3.12/site-packages/airflow/example_dags/example_branch_operator.py for tasks to queue
[2025-03-14T21:45:00.415+0000] {logging_mixin.py:190} INFO - [2025-03-14T21:45:00.415+0000] {dagbag.py:588} INFO - Filling up the DagBag from /home/airflow/.local/lib/python3.12/site-packages/airflow/example_dags/example_branch_operator.py
[2025-03-14T21:45:00.468+0000] {processor.py:925} INFO - DAG(s) 'example_branch_operator' retrieved from /home/airflow/.local/lib/python3.12/site-packages/airflow/example_dags/example_branch_operator.py
[2025-03-14T21:45:00.606+0000] {logging_mixin.py:190} INFO - [2025-03-14T21:45:00.605+0000] {dag.py:3239} INFO - Sync 1 DAGs
[2025-03-14T21:45:00.707+0000] {logging_mixin.py:190} INFO - [2025-03-14T21:45:00.707+0000] {dag.py:4180} INFO - Setting next_dagrun for example_branch_operator to 2025-03-13 00:00:00+00:00, run_after=2025-03-14 00:00:00+00:00
[2025-03-14T21:45:00.849+0000] {processor.py:208} INFO - Processing /home/airflow/.local/lib/python3.12/site-packages/airflow/example_dags/example_branch_operator.py took 0.444 seconds
[2025-03-14T21:45:31.242+0000] {processor.py:186} INFO - Started process (PID=265) to work on /home/airflow/.local/lib/python3.12/site-packages/airflow/example_dags/example_branch_operator.py
[2025-03-14T21:45:31.250+0000] {processor.py:914} INFO - Processing file /home/airflow/.local/lib/python3.12/site-packages/airflow/example_dags/example_branch_operator.py for tasks to queue
[2025-03-14T21:45:31.255+0000] {logging_mixin.py:190} INFO - [2025-03-14T21:45:31.254+0000] {dagbag.py:588} INFO - Filling up the DagBag from /home/airflow/.local/lib/python3.12/site-packages/airflow/example_dags/example_branch_operator.py
[2025-03-14T21:45:31.302+0000] {processor.py:925} INFO - DAG(s) 'example_branch_operator' retrieved from /home/airflow/.local/lib/python3.12/site-packages/airflow/example_dags/example_branch_operator.py
[2025-03-14T21:45:31.358+0000] {logging_mixin.py:190} INFO - [2025-03-14T21:45:31.358+0000] {dag.py:3239} INFO - Sync 1 DAGs
[2025-03-14T21:45:31.384+0000] {logging_mixin.py:190} INFO - [2025-03-14T21:45:31.383+0000] {dag.py:4180} INFO - Setting next_dagrun for example_branch_operator to 2025-03-13 00:00:00+00:00, run_after=2025-03-14 00:00:00+00:00
[2025-03-14T21:45:31.396+0000] {processor.py:208} INFO - Processing /home/airflow/.local/lib/python3.12/site-packages/airflow/example_dags/example_branch_operator.py took 0.171 seconds
[2025-03-14T21:46:01.888+0000] {processor.py:186} INFO - Started process (PID=328) to work on /home/airflow/.local/lib/python3.12/site-packages/airflow/example_dags/example_branch_operator.py
[2025-03-14T21:46:01.888+0000] {processor.py:914} INFO - Processing file /home/airflow/.local/lib/python3.12/site-packages/airflow/example_dags/example_branch_operator.py for tasks to queue
[2025-03-14T21:46:01.889+0000] {logging_mixin.py:190} INFO - [2025-03-14T21:46:01.889+0000] {dagbag.py:588} INFO - Filling up the DagBag from /home/airflow/.local/lib/python3.12/site-packages/airflow/example_dags/example_branch_operator.py
[2025-03-14T21:46:01.901+0000] {processor.py:925} INFO - DAG(s) 'example_branch_operator' retrieved from /home/airflow/.local/lib/python3.12/site-packages/airflow/example_dags/example_branch_operator.py
[2025-03-14T21:46:01.918+0000] {logging_mixin.py:190} INFO - [2025-03-14T21:46:01.917+0000] {dag.py:3239} INFO - Sync 1 DAGs
[2025-03-14T21:46:01.929+0000] {logging_mixin.py:190} INFO - [2025-03-14T21:46:01.929+0000] {dag.py:4180} INFO - Setting next_dagrun for example_branch_operator to 2025-03-13 00:00:00+00:00, run_after=2025-03-14 00:00:00+00:00
[2025-03-14T21:46:01.940+0000] {processor.py:208} INFO - Processing /home/airflow/.local/lib/python3.12/site-packages/airflow/example_dags/example_branch_operator.py took 0.055 seconds
[2025-03-14T21:46:36.855+0000] {processor.py:186} INFO - Started process (PID=391) to work on /home/airflow/.local/lib/python3.12/site-packages/airflow/example_dags/example_branch_operator.py
[2025-03-14T21:46:36.857+0000] {processor.py:914} INFO - Processing file /home/airflow/.local/lib/python3.12/site-packages/airflow/example_dags/example_branch_operator.py for tasks to queue
[2025-03-14T21:46:36.859+0000] {logging_mixin.py:190} INFO - [2025-03-14T21:46:36.859+0000] {dagbag.py:588} INFO - Filling up the DagBag from /home/airflow/.local/lib/python3.12/site-packages/airflow/example_dags/example_branch_operator.py
[2025-03-14T21:46:36.877+0000] {processor.py:925} INFO - DAG(s) 'example_branch_operator' retrieved from /home/airflow/.local/lib/python3.12/site-packages/airflow/example_dags/example_branch_operator.py
[2025-03-14T21:46:36.925+0000] {logging_mixin.py:190} INFO - [2025-03-14T21:46:36.925+0000] {dag.py:3239} INFO - Sync 1 DAGs
[2025-03-14T21:46:36.982+0000] {logging_mixin.py:190} INFO - [2025-03-14T21:46:36.981+0000] {dag.py:4180} INFO - Setting next_dagrun for example_branch_operator to 2025-03-13 00:00:00+00:00, run_after=2025-03-14 00:00:00+00:00
[2025-03-14T21:46:37.015+0000] {processor.py:208} INFO - Processing /home/airflow/.local/lib/python3.12/site-packages/airflow/example_dags/example_branch_operator.py took 0.165 seconds
[2025-03-14T21:51:59.595+0000] {processor.py:186} INFO - Started process (PID=70) to work on /home/airflow/.local/lib/python3.12/site-packages/airflow/example_dags/example_branch_operator.py
[2025-03-14T21:51:59.599+0000] {processor.py:914} INFO - Processing file /home/airflow/.local/lib/python3.12/site-packages/airflow/example_dags/example_branch_operator.py for tasks to queue
[2025-03-14T21:51:59.602+0000] {logging_mixin.py:190} INFO - [2025-03-14T21:51:59.602+0000] {dagbag.py:588} INFO - Filling up the DagBag from /home/airflow/.local/lib/python3.12/site-packages/airflow/example_dags/example_branch_operator.py
[2025-03-14T21:51:59.619+0000] {processor.py:925} INFO - DAG(s) 'example_branch_operator' retrieved from /home/airflow/.local/lib/python3.12/site-packages/airflow/example_dags/example_branch_operator.py
[2025-03-14T21:51:59.843+0000] {logging_mixin.py:190} INFO - [2025-03-14T21:51:59.843+0000] {dag.py:3239} INFO - Sync 1 DAGs
[2025-03-14T21:51:59.858+0000] {logging_mixin.py:190} INFO - [2025-03-14T21:51:59.858+0000] {dag.py:4180} INFO - Setting next_dagrun for example_branch_operator to 2025-03-13 00:00:00+00:00, run_after=2025-03-14 00:00:00+00:00
[2025-03-14T21:51:59.893+0000] {processor.py:208} INFO - Processing /home/airflow/.local/lib/python3.12/site-packages/airflow/example_dags/example_branch_operator.py took 0.307 seconds
[2025-03-14T21:52:30.634+0000] {processor.py:186} INFO - Started process (PID=133) to work on /home/airflow/.local/lib/python3.12/site-packages/airflow/example_dags/example_branch_operator.py
[2025-03-14T21:52:30.636+0000] {processor.py:914} INFO - Processing file /home/airflow/.local/lib/python3.12/site-packages/airflow/example_dags/example_branch_operator.py for tasks to queue
[2025-03-14T21:52:30.639+0000] {logging_mixin.py:190} INFO - [2025-03-14T21:52:30.639+0000] {dagbag.py:588} INFO - Filling up the DagBag from /home/airflow/.local/lib/python3.12/site-packages/airflow/example_dags/example_branch_operator.py
[2025-03-14T21:52:30.665+0000] {processor.py:925} INFO - DAG(s) 'example_branch_operator' retrieved from /home/airflow/.local/lib/python3.12/site-packages/airflow/example_dags/example_branch_operator.py
[2025-03-14T21:52:30.683+0000] {logging_mixin.py:190} INFO - [2025-03-14T21:52:30.683+0000] {dag.py:3239} INFO - Sync 1 DAGs
[2025-03-14T21:52:30.699+0000] {logging_mixin.py:190} INFO - [2025-03-14T21:52:30.699+0000] {dag.py:4180} INFO - Setting next_dagrun for example_branch_operator to 2025-03-13 00:00:00+00:00, run_after=2025-03-14 00:00:00+00:00
[2025-03-14T21:52:30.709+0000] {processor.py:208} INFO - Processing /home/airflow/.local/lib/python3.12/site-packages/airflow/example_dags/example_branch_operator.py took 0.080 seconds
[2025-03-14T21:53:00.764+0000] {processor.py:186} INFO - Started process (PID=196) to work on /home/airflow/.local/lib/python3.12/site-packages/airflow/example_dags/example_branch_operator.py
[2025-03-14T21:53:00.765+0000] {processor.py:914} INFO - Processing file /home/airflow/.local/lib/python3.12/site-packages/airflow/example_dags/example_branch_operator.py for tasks to queue
[2025-03-14T21:53:00.767+0000] {logging_mixin.py:190} INFO - [2025-03-14T21:53:00.767+0000] {dagbag.py:588} INFO - Filling up the DagBag from /home/airflow/.local/lib/python3.12/site-packages/airflow/example_dags/example_branch_operator.py
[2025-03-14T21:53:00.782+0000] {processor.py:925} INFO - DAG(s) 'example_branch_operator' retrieved from /home/airflow/.local/lib/python3.12/site-packages/airflow/example_dags/example_branch_operator.py
[2025-03-14T21:53:00.803+0000] {logging_mixin.py:190} INFO - [2025-03-14T21:53:00.803+0000] {dag.py:3239} INFO - Sync 1 DAGs
[2025-03-14T21:53:00.822+0000] {logging_mixin.py:190} INFO - [2025-03-14T21:53:00.822+0000] {dag.py:4180} INFO - Setting next_dagrun for example_branch_operator to 2025-03-13 00:00:00+00:00, run_after=2025-03-14 00:00:00+00:00
[2025-03-14T21:53:00.833+0000] {processor.py:208} INFO - Processing /home/airflow/.local/lib/python3.12/site-packages/airflow/example_dags/example_branch_operator.py took 0.074 seconds
[2025-03-14T21:53:31.263+0000] {processor.py:186} INFO - Started process (PID=259) to work on /home/airflow/.local/lib/python3.12/site-packages/airflow/example_dags/example_branch_operator.py
[2025-03-14T21:53:31.268+0000] {processor.py:914} INFO - Processing file /home/airflow/.local/lib/python3.12/site-packages/airflow/example_dags/example_branch_operator.py for tasks to queue
[2025-03-14T21:53:31.272+0000] {logging_mixin.py:190} INFO - [2025-03-14T21:53:31.271+0000] {dagbag.py:588} INFO - Filling up the DagBag from /home/airflow/.local/lib/python3.12/site-packages/airflow/example_dags/example_branch_operator.py
[2025-03-14T21:53:31.316+0000] {processor.py:925} INFO - DAG(s) 'example_branch_operator' retrieved from /home/airflow/.local/lib/python3.12/site-packages/airflow/example_dags/example_branch_operator.py
[2025-03-14T21:53:31.364+0000] {logging_mixin.py:190} INFO - [2025-03-14T21:53:31.364+0000] {dag.py:3239} INFO - Sync 1 DAGs
[2025-03-14T21:53:31.382+0000] {logging_mixin.py:190} INFO - [2025-03-14T21:53:31.382+0000] {dag.py:4180} INFO - Setting next_dagrun for example_branch_operator to 2025-03-13 00:00:00+00:00, run_after=2025-03-14 00:00:00+00:00
[2025-03-14T21:53:31.402+0000] {processor.py:208} INFO - Processing /home/airflow/.local/lib/python3.12/site-packages/airflow/example_dags/example_branch_operator.py took 0.148 seconds
[2025-03-14T21:54:01.444+0000] {processor.py:186} INFO - Started process (PID=322) to work on /home/airflow/.local/lib/python3.12/site-packages/airflow/example_dags/example_branch_operator.py
[2025-03-14T21:54:01.445+0000] {processor.py:914} INFO - Processing file /home/airflow/.local/lib/python3.12/site-packages/airflow/example_dags/example_branch_operator.py for tasks to queue
[2025-03-14T21:54:01.447+0000] {logging_mixin.py:190} INFO - [2025-03-14T21:54:01.447+0000] {dagbag.py:588} INFO - Filling up the DagBag from /home/airflow/.local/lib/python3.12/site-packages/airflow/example_dags/example_branch_operator.py
[2025-03-14T21:54:01.458+0000] {processor.py:925} INFO - DAG(s) 'example_branch_operator' retrieved from /home/airflow/.local/lib/python3.12/site-packages/airflow/example_dags/example_branch_operator.py
[2025-03-14T21:54:01.474+0000] {logging_mixin.py:190} INFO - [2025-03-14T21:54:01.474+0000] {dag.py:3239} INFO - Sync 1 DAGs
[2025-03-14T21:54:01.487+0000] {logging_mixin.py:190} INFO - [2025-03-14T21:54:01.487+0000] {dag.py:4180} INFO - Setting next_dagrun for example_branch_operator to 2025-03-13 00:00:00+00:00, run_after=2025-03-14 00:00:00+00:00
[2025-03-14T21:54:01.495+0000] {processor.py:208} INFO - Processing /home/airflow/.local/lib/python3.12/site-packages/airflow/example_dags/example_branch_operator.py took 0.054 seconds
[2025-03-14T21:54:31.911+0000] {processor.py:186} INFO - Started process (PID=385) to work on /home/airflow/.local/lib/python3.12/site-packages/airflow/example_dags/example_branch_operator.py
[2025-03-14T21:54:31.914+0000] {processor.py:914} INFO - Processing file /home/airflow/.local/lib/python3.12/site-packages/airflow/example_dags/example_branch_operator.py for tasks to queue
[2025-03-14T21:54:31.917+0000] {logging_mixin.py:190} INFO - [2025-03-14T21:54:31.916+0000] {dagbag.py:588} INFO - Filling up the DagBag from /home/airflow/.local/lib/python3.12/site-packages/airflow/example_dags/example_branch_operator.py
[2025-03-14T21:54:31.934+0000] {processor.py:925} INFO - DAG(s) 'example_branch_operator' retrieved from /home/airflow/.local/lib/python3.12/site-packages/airflow/example_dags/example_branch_operator.py
[2025-03-14T21:54:31.986+0000] {logging_mixin.py:190} INFO - [2025-03-14T21:54:31.986+0000] {dag.py:3239} INFO - Sync 1 DAGs
[2025-03-14T21:54:32.026+0000] {logging_mixin.py:190} INFO - [2025-03-14T21:54:32.026+0000] {dag.py:4180} INFO - Setting next_dagrun for example_branch_operator to 2025-03-13 00:00:00+00:00, run_after=2025-03-14 00:00:00+00:00
[2025-03-14T21:54:32.037+0000] {processor.py:208} INFO - Processing /home/airflow/.local/lib/python3.12/site-packages/airflow/example_dags/example_branch_operator.py took 0.130 seconds
[2025-03-14T21:55:02.326+0000] {processor.py:186} INFO - Started process (PID=448) to work on /home/airflow/.local/lib/python3.12/site-packages/airflow/example_dags/example_branch_operator.py
[2025-03-14T21:55:02.327+0000] {processor.py:914} INFO - Processing file /home/airflow/.local/lib/python3.12/site-packages/airflow/example_dags/example_branch_operator.py for tasks to queue
[2025-03-14T21:55:02.328+0000] {logging_mixin.py:190} INFO - [2025-03-14T21:55:02.328+0000] {dagbag.py:588} INFO - Filling up the DagBag from /home/airflow/.local/lib/python3.12/site-packages/airflow/example_dags/example_branch_operator.py
[2025-03-14T21:55:02.345+0000] {processor.py:925} INFO - DAG(s) 'example_branch_operator' retrieved from /home/airflow/.local/lib/python3.12/site-packages/airflow/example_dags/example_branch_operator.py
[2025-03-14T21:55:02.366+0000] {logging_mixin.py:190} INFO - [2025-03-14T21:55:02.366+0000] {dag.py:3239} INFO - Sync 1 DAGs
[2025-03-14T21:55:02.395+0000] {logging_mixin.py:190} INFO - [2025-03-14T21:55:02.395+0000] {dag.py:4180} INFO - Setting next_dagrun for example_branch_operator to 2025-03-13 00:00:00+00:00, run_after=2025-03-14 00:00:00+00:00
[2025-03-14T21:55:02.409+0000] {processor.py:208} INFO - Processing /home/airflow/.local/lib/python3.12/site-packages/airflow/example_dags/example_branch_operator.py took 0.086 seconds
[2025-03-14T21:55:33.369+0000] {processor.py:186} INFO - Started process (PID=511) to work on /home/airflow/.local/lib/python3.12/site-packages/airflow/example_dags/example_branch_operator.py
[2025-03-14T21:55:33.369+0000] {processor.py:914} INFO - Processing file /home/airflow/.local/lib/python3.12/site-packages/airflow/example_dags/example_branch_operator.py for tasks to queue
[2025-03-14T21:55:33.371+0000] {logging_mixin.py:190} INFO - [2025-03-14T21:55:33.370+0000] {dagbag.py:588} INFO - Filling up the DagBag from /home/airflow/.local/lib/python3.12/site-packages/airflow/example_dags/example_branch_operator.py
[2025-03-14T21:55:33.385+0000] {processor.py:925} INFO - DAG(s) 'example_branch_operator' retrieved from /home/airflow/.local/lib/python3.12/site-packages/airflow/example_dags/example_branch_operator.py
[2025-03-14T21:55:33.400+0000] {logging_mixin.py:190} INFO - [2025-03-14T21:55:33.400+0000] {dag.py:3239} INFO - Sync 1 DAGs
[2025-03-14T21:55:33.416+0000] {logging_mixin.py:190} INFO - [2025-03-14T21:55:33.416+0000] {dag.py:4180} INFO - Setting next_dagrun for example_branch_operator to 2025-03-13 00:00:00+00:00, run_after=2025-03-14 00:00:00+00:00
[2025-03-14T21:55:33.428+0000] {processor.py:208} INFO - Processing /home/airflow/.local/lib/python3.12/site-packages/airflow/example_dags/example_branch_operator.py took 0.062 seconds
[2025-03-14T21:56:03.678+0000] {processor.py:186} INFO - Started process (PID=574) to work on /home/airflow/.local/lib/python3.12/site-packages/airflow/example_dags/example_branch_operator.py
[2025-03-14T21:56:03.679+0000] {processor.py:914} INFO - Processing file /home/airflow/.local/lib/python3.12/site-packages/airflow/example_dags/example_branch_operator.py for tasks to queue
[2025-03-14T21:56:03.679+0000] {logging_mixin.py:190} INFO - [2025-03-14T21:56:03.679+0000] {dagbag.py:588} INFO - Filling up the DagBag from /home/airflow/.local/lib/python3.12/site-packages/airflow/example_dags/example_branch_operator.py
[2025-03-14T21:56:03.687+0000] {processor.py:925} INFO - DAG(s) 'example_branch_operator' retrieved from /home/airflow/.local/lib/python3.12/site-packages/airflow/example_dags/example_branch_operator.py
[2025-03-14T21:56:03.698+0000] {logging_mixin.py:190} INFO - [2025-03-14T21:56:03.698+0000] {dag.py:3239} INFO - Sync 1 DAGs
[2025-03-14T21:56:03.708+0000] {logging_mixin.py:190} INFO - [2025-03-14T21:56:03.708+0000] {dag.py:4180} INFO - Setting next_dagrun for example_branch_operator to 2025-03-13 00:00:00+00:00, run_after=2025-03-14 00:00:00+00:00
[2025-03-14T21:56:03.715+0000] {processor.py:208} INFO - Processing /home/airflow/.local/lib/python3.12/site-packages/airflow/example_dags/example_branch_operator.py took 0.040 seconds
[2025-03-14T21:56:34.316+0000] {processor.py:186} INFO - Started process (PID=638) to work on /home/airflow/.local/lib/python3.12/site-packages/airflow/example_dags/example_branch_operator.py
[2025-03-14T21:56:34.317+0000] {processor.py:914} INFO - Processing file /home/airflow/.local/lib/python3.12/site-packages/airflow/example_dags/example_branch_operator.py for tasks to queue
[2025-03-14T21:56:34.318+0000] {logging_mixin.py:190} INFO - [2025-03-14T21:56:34.317+0000] {dagbag.py:588} INFO - Filling up the DagBag from /home/airflow/.local/lib/python3.12/site-packages/airflow/example_dags/example_branch_operator.py
[2025-03-14T21:56:34.326+0000] {processor.py:925} INFO - DAG(s) 'example_branch_operator' retrieved from /home/airflow/.local/lib/python3.12/site-packages/airflow/example_dags/example_branch_operator.py
[2025-03-14T21:56:34.338+0000] {logging_mixin.py:190} INFO - [2025-03-14T21:56:34.338+0000] {dag.py:3239} INFO - Sync 1 DAGs
[2025-03-14T21:56:34.349+0000] {logging_mixin.py:190} INFO - [2025-03-14T21:56:34.349+0000] {dag.py:4180} INFO - Setting next_dagrun for example_branch_operator to 2025-03-13 00:00:00+00:00, run_after=2025-03-14 00:00:00+00:00
[2025-03-14T21:56:34.355+0000] {processor.py:208} INFO - Processing /home/airflow/.local/lib/python3.12/site-packages/airflow/example_dags/example_branch_operator.py took 0.042 seconds
[2025-03-14T21:57:04.867+0000] {processor.py:186} INFO - Started process (PID=701) to work on /home/airflow/.local/lib/python3.12/site-packages/airflow/example_dags/example_branch_operator.py
[2025-03-14T21:57:04.868+0000] {processor.py:914} INFO - Processing file /home/airflow/.local/lib/python3.12/site-packages/airflow/example_dags/example_branch_operator.py for tasks to queue
[2025-03-14T21:57:04.869+0000] {logging_mixin.py:190} INFO - [2025-03-14T21:57:04.869+0000] {dagbag.py:588} INFO - Filling up the DagBag from /home/airflow/.local/lib/python3.12/site-packages/airflow/example_dags/example_branch_operator.py
[2025-03-14T21:57:04.880+0000] {processor.py:925} INFO - DAG(s) 'example_branch_operator' retrieved from /home/airflow/.local/lib/python3.12/site-packages/airflow/example_dags/example_branch_operator.py
[2025-03-14T21:57:04.894+0000] {logging_mixin.py:190} INFO - [2025-03-14T21:57:04.894+0000] {dag.py:3239} INFO - Sync 1 DAGs
[2025-03-14T21:57:04.905+0000] {logging_mixin.py:190} INFO - [2025-03-14T21:57:04.905+0000] {dag.py:4180} INFO - Setting next_dagrun for example_branch_operator to 2025-03-13 00:00:00+00:00, run_after=2025-03-14 00:00:00+00:00
[2025-03-14T21:57:04.912+0000] {processor.py:208} INFO - Processing /home/airflow/.local/lib/python3.12/site-packages/airflow/example_dags/example_branch_operator.py took 0.048 seconds
[2025-03-14T21:57:35.474+0000] {processor.py:186} INFO - Started process (PID=764) to work on /home/airflow/.local/lib/python3.12/site-packages/airflow/example_dags/example_branch_operator.py
[2025-03-14T21:57:35.475+0000] {processor.py:914} INFO - Processing file /home/airflow/.local/lib/python3.12/site-packages/airflow/example_dags/example_branch_operator.py for tasks to queue
[2025-03-14T21:57:35.476+0000] {logging_mixin.py:190} INFO - [2025-03-14T21:57:35.476+0000] {dagbag.py:588} INFO - Filling up the DagBag from /home/airflow/.local/lib/python3.12/site-packages/airflow/example_dags/example_branch_operator.py
[2025-03-14T21:57:35.486+0000] {processor.py:925} INFO - DAG(s) 'example_branch_operator' retrieved from /home/airflow/.local/lib/python3.12/site-packages/airflow/example_dags/example_branch_operator.py
[2025-03-14T21:57:35.506+0000] {logging_mixin.py:190} INFO - [2025-03-14T21:57:35.505+0000] {dag.py:3239} INFO - Sync 1 DAGs
[2025-03-14T21:57:35.518+0000] {logging_mixin.py:190} INFO - [2025-03-14T21:57:35.518+0000] {dag.py:4180} INFO - Setting next_dagrun for example_branch_operator to 2025-03-13 00:00:00+00:00, run_after=2025-03-14 00:00:00+00:00
[2025-03-14T21:57:35.527+0000] {processor.py:208} INFO - Processing /home/airflow/.local/lib/python3.12/site-packages/airflow/example_dags/example_branch_operator.py took 0.057 seconds
[2025-03-14T21:58:05.746+0000] {processor.py:186} INFO - Started process (PID=827) to work on /home/airflow/.local/lib/python3.12/site-packages/airflow/example_dags/example_branch_operator.py
[2025-03-14T21:58:05.747+0000] {processor.py:914} INFO - Processing file /home/airflow/.local/lib/python3.12/site-packages/airflow/example_dags/example_branch_operator.py for tasks to queue
[2025-03-14T21:58:05.748+0000] {logging_mixin.py:190} INFO - [2025-03-14T21:58:05.748+0000] {dagbag.py:588} INFO - Filling up the DagBag from /home/airflow/.local/lib/python3.12/site-packages/airflow/example_dags/example_branch_operator.py
[2025-03-14T21:58:05.758+0000] {processor.py:925} INFO - DAG(s) 'example_branch_operator' retrieved from /home/airflow/.local/lib/python3.12/site-packages/airflow/example_dags/example_branch_operator.py
[2025-03-14T21:58:05.778+0000] {logging_mixin.py:190} INFO - [2025-03-14T21:58:05.778+0000] {dag.py:3239} INFO - Sync 1 DAGs
[2025-03-14T21:58:05.794+0000] {logging_mixin.py:190} INFO - [2025-03-14T21:58:05.793+0000] {dag.py:4180} INFO - Setting next_dagrun for example_branch_operator to 2025-03-13 00:00:00+00:00, run_after=2025-03-14 00:00:00+00:00
[2025-03-14T21:58:05.810+0000] {processor.py:208} INFO - Processing /home/airflow/.local/lib/python3.12/site-packages/airflow/example_dags/example_branch_operator.py took 0.067 seconds
[2025-03-14T21:58:36.532+0000] {processor.py:186} INFO - Started process (PID=890) to work on /home/airflow/.local/lib/python3.12/site-packages/airflow/example_dags/example_branch_operator.py
[2025-03-14T21:58:36.533+0000] {processor.py:914} INFO - Processing file /home/airflow/.local/lib/python3.12/site-packages/airflow/example_dags/example_branch_operator.py for tasks to queue
[2025-03-14T21:58:36.534+0000] {logging_mixin.py:190} INFO - [2025-03-14T21:58:36.534+0000] {dagbag.py:588} INFO - Filling up the DagBag from /home/airflow/.local/lib/python3.12/site-packages/airflow/example_dags/example_branch_operator.py
[2025-03-14T21:58:36.544+0000] {processor.py:925} INFO - DAG(s) 'example_branch_operator' retrieved from /home/airflow/.local/lib/python3.12/site-packages/airflow/example_dags/example_branch_operator.py
[2025-03-14T21:58:36.560+0000] {logging_mixin.py:190} INFO - [2025-03-14T21:58:36.560+0000] {dag.py:3239} INFO - Sync 1 DAGs
[2025-03-14T21:58:36.571+0000] {logging_mixin.py:190} INFO - [2025-03-14T21:58:36.571+0000] {dag.py:4180} INFO - Setting next_dagrun for example_branch_operator to 2025-03-13 00:00:00+00:00, run_after=2025-03-14 00:00:00+00:00
[2025-03-14T21:58:36.581+0000] {processor.py:208} INFO - Processing /home/airflow/.local/lib/python3.12/site-packages/airflow/example_dags/example_branch_operator.py took 0.051 seconds
[2025-03-14T21:59:06.834+0000] {processor.py:186} INFO - Started process (PID=953) to work on /home/airflow/.local/lib/python3.12/site-packages/airflow/example_dags/example_branch_operator.py
[2025-03-14T21:59:06.835+0000] {processor.py:914} INFO - Processing file /home/airflow/.local/lib/python3.12/site-packages/airflow/example_dags/example_branch_operator.py for tasks to queue
[2025-03-14T21:59:06.836+0000] {logging_mixin.py:190} INFO - [2025-03-14T21:59:06.836+0000] {dagbag.py:588} INFO - Filling up the DagBag from /home/airflow/.local/lib/python3.12/site-packages/airflow/example_dags/example_branch_operator.py
[2025-03-14T21:59:06.845+0000] {processor.py:925} INFO - DAG(s) 'example_branch_operator' retrieved from /home/airflow/.local/lib/python3.12/site-packages/airflow/example_dags/example_branch_operator.py
[2025-03-14T21:59:06.858+0000] {logging_mixin.py:190} INFO - [2025-03-14T21:59:06.858+0000] {dag.py:3239} INFO - Sync 1 DAGs
[2025-03-14T21:59:06.869+0000] {logging_mixin.py:190} INFO - [2025-03-14T21:59:06.869+0000] {dag.py:4180} INFO - Setting next_dagrun for example_branch_operator to 2025-03-13 00:00:00+00:00, run_after=2025-03-14 00:00:00+00:00
[2025-03-14T21:59:06.877+0000] {processor.py:208} INFO - Processing /home/airflow/.local/lib/python3.12/site-packages/airflow/example_dags/example_branch_operator.py took 0.047 seconds
[2025-03-14T21:59:37.146+0000] {processor.py:186} INFO - Started process (PID=1016) to work on /home/airflow/.local/lib/python3.12/site-packages/airflow/example_dags/example_branch_operator.py
[2025-03-14T21:59:37.147+0000] {processor.py:914} INFO - Processing file /home/airflow/.local/lib/python3.12/site-packages/airflow/example_dags/example_branch_operator.py for tasks to queue
[2025-03-14T21:59:37.148+0000] {logging_mixin.py:190} INFO - [2025-03-14T21:59:37.148+0000] {dagbag.py:588} INFO - Filling up the DagBag from /home/airflow/.local/lib/python3.12/site-packages/airflow/example_dags/example_branch_operator.py
[2025-03-14T21:59:37.159+0000] {processor.py:925} INFO - DAG(s) 'example_branch_operator' retrieved from /home/airflow/.local/lib/python3.12/site-packages/airflow/example_dags/example_branch_operator.py
[2025-03-14T21:59:37.181+0000] {logging_mixin.py:190} INFO - [2025-03-14T21:59:37.181+0000] {dag.py:3239} INFO - Sync 1 DAGs
[2025-03-14T21:59:37.198+0000] {logging_mixin.py:190} INFO - [2025-03-14T21:59:37.198+0000] {dag.py:4180} INFO - Setting next_dagrun for example_branch_operator to 2025-03-13 00:00:00+00:00, run_after=2025-03-14 00:00:00+00:00
[2025-03-14T21:59:37.209+0000] {processor.py:208} INFO - Processing /home/airflow/.local/lib/python3.12/site-packages/airflow/example_dags/example_branch_operator.py took 0.065 seconds
[2025-03-14T22:00:07.506+0000] {processor.py:186} INFO - Started process (PID=1079) to work on /home/airflow/.local/lib/python3.12/site-packages/airflow/example_dags/example_branch_operator.py
[2025-03-14T22:00:07.510+0000] {processor.py:914} INFO - Processing file /home/airflow/.local/lib/python3.12/site-packages/airflow/example_dags/example_branch_operator.py for tasks to queue
[2025-03-14T22:00:07.512+0000] {logging_mixin.py:190} INFO - [2025-03-14T22:00:07.512+0000] {dagbag.py:588} INFO - Filling up the DagBag from /home/airflow/.local/lib/python3.12/site-packages/airflow/example_dags/example_branch_operator.py
[2025-03-14T22:00:07.520+0000] {processor.py:925} INFO - DAG(s) 'example_branch_operator' retrieved from /home/airflow/.local/lib/python3.12/site-packages/airflow/example_dags/example_branch_operator.py
[2025-03-14T22:00:07.533+0000] {logging_mixin.py:190} INFO - [2025-03-14T22:00:07.533+0000] {dag.py:3239} INFO - Sync 1 DAGs
[2025-03-14T22:00:07.555+0000] {logging_mixin.py:190} INFO - [2025-03-14T22:00:07.555+0000] {dag.py:4180} INFO - Setting next_dagrun for example_branch_operator to 2025-03-13 00:00:00+00:00, run_after=2025-03-14 00:00:00+00:00
[2025-03-14T22:00:07.563+0000] {processor.py:208} INFO - Processing /home/airflow/.local/lib/python3.12/site-packages/airflow/example_dags/example_branch_operator.py took 0.060 seconds
[2025-03-14T22:00:38.247+0000] {processor.py:186} INFO - Started process (PID=1142) to work on /home/airflow/.local/lib/python3.12/site-packages/airflow/example_dags/example_branch_operator.py
[2025-03-14T22:00:38.249+0000] {processor.py:914} INFO - Processing file /home/airflow/.local/lib/python3.12/site-packages/airflow/example_dags/example_branch_operator.py for tasks to queue
[2025-03-14T22:00:38.250+0000] {logging_mixin.py:190} INFO - [2025-03-14T22:00:38.250+0000] {dagbag.py:588} INFO - Filling up the DagBag from /home/airflow/.local/lib/python3.12/site-packages/airflow/example_dags/example_branch_operator.py
[2025-03-14T22:00:38.259+0000] {processor.py:925} INFO - DAG(s) 'example_branch_operator' retrieved from /home/airflow/.local/lib/python3.12/site-packages/airflow/example_dags/example_branch_operator.py
[2025-03-14T22:00:38.272+0000] {logging_mixin.py:190} INFO - [2025-03-14T22:00:38.271+0000] {dag.py:3239} INFO - Sync 1 DAGs
[2025-03-14T22:00:38.281+0000] {logging_mixin.py:190} INFO - [2025-03-14T22:00:38.281+0000] {dag.py:4180} INFO - Setting next_dagrun for example_branch_operator to 2025-03-13 00:00:00+00:00, run_after=2025-03-14 00:00:00+00:00
[2025-03-14T22:00:38.288+0000] {processor.py:208} INFO - Processing /home/airflow/.local/lib/python3.12/site-packages/airflow/example_dags/example_branch_operator.py took 0.044 seconds
[2025-03-14T22:01:08.431+0000] {processor.py:186} INFO - Started process (PID=1205) to work on /home/airflow/.local/lib/python3.12/site-packages/airflow/example_dags/example_branch_operator.py
[2025-03-14T22:01:08.432+0000] {processor.py:914} INFO - Processing file /home/airflow/.local/lib/python3.12/site-packages/airflow/example_dags/example_branch_operator.py for tasks to queue
[2025-03-14T22:01:08.434+0000] {logging_mixin.py:190} INFO - [2025-03-14T22:01:08.434+0000] {dagbag.py:588} INFO - Filling up the DagBag from /home/airflow/.local/lib/python3.12/site-packages/airflow/example_dags/example_branch_operator.py
[2025-03-14T22:01:08.447+0000] {processor.py:925} INFO - DAG(s) 'example_branch_operator' retrieved from /home/airflow/.local/lib/python3.12/site-packages/airflow/example_dags/example_branch_operator.py
[2025-03-14T22:01:08.474+0000] {logging_mixin.py:190} INFO - [2025-03-14T22:01:08.473+0000] {dag.py:3239} INFO - Sync 1 DAGs
[2025-03-14T22:01:08.485+0000] {logging_mixin.py:190} INFO - [2025-03-14T22:01:08.485+0000] {dag.py:4180} INFO - Setting next_dagrun for example_branch_operator to 2025-03-13 00:00:00+00:00, run_after=2025-03-14 00:00:00+00:00
[2025-03-14T22:01:08.494+0000] {processor.py:208} INFO - Processing /home/airflow/.local/lib/python3.12/site-packages/airflow/example_dags/example_branch_operator.py took 0.066 seconds
[2025-03-14T22:01:39.032+0000] {processor.py:186} INFO - Started process (PID=1268) to work on /home/airflow/.local/lib/python3.12/site-packages/airflow/example_dags/example_branch_operator.py
[2025-03-14T22:01:39.034+0000] {processor.py:914} INFO - Processing file /home/airflow/.local/lib/python3.12/site-packages/airflow/example_dags/example_branch_operator.py for tasks to queue
[2025-03-14T22:01:39.036+0000] {logging_mixin.py:190} INFO - [2025-03-14T22:01:39.036+0000] {dagbag.py:588} INFO - Filling up the DagBag from /home/airflow/.local/lib/python3.12/site-packages/airflow/example_dags/example_branch_operator.py
[2025-03-14T22:01:39.050+0000] {processor.py:925} INFO - DAG(s) 'example_branch_operator' retrieved from /home/airflow/.local/lib/python3.12/site-packages/airflow/example_dags/example_branch_operator.py
[2025-03-14T22:01:39.073+0000] {logging_mixin.py:190} INFO - [2025-03-14T22:01:39.073+0000] {dag.py:3239} INFO - Sync 1 DAGs
[2025-03-14T22:01:39.087+0000] {logging_mixin.py:190} INFO - [2025-03-14T22:01:39.087+0000] {dag.py:4180} INFO - Setting next_dagrun for example_branch_operator to 2025-03-13 00:00:00+00:00, run_after=2025-03-14 00:00:00+00:00
[2025-03-14T22:01:39.095+0000] {processor.py:208} INFO - Processing /home/airflow/.local/lib/python3.12/site-packages/airflow/example_dags/example_branch_operator.py took 0.066 seconds
[2025-03-14T22:02:09.614+0000] {processor.py:186} INFO - Started process (PID=1331) to work on /home/airflow/.local/lib/python3.12/site-packages/airflow/example_dags/example_branch_operator.py
[2025-03-14T22:02:09.615+0000] {processor.py:914} INFO - Processing file /home/airflow/.local/lib/python3.12/site-packages/airflow/example_dags/example_branch_operator.py for tasks to queue
[2025-03-14T22:02:09.617+0000] {logging_mixin.py:190} INFO - [2025-03-14T22:02:09.617+0000] {dagbag.py:588} INFO - Filling up the DagBag from /home/airflow/.local/lib/python3.12/site-packages/airflow/example_dags/example_branch_operator.py
[2025-03-14T22:02:09.627+0000] {processor.py:925} INFO - DAG(s) 'example_branch_operator' retrieved from /home/airflow/.local/lib/python3.12/site-packages/airflow/example_dags/example_branch_operator.py
[2025-03-14T22:02:09.640+0000] {logging_mixin.py:190} INFO - [2025-03-14T22:02:09.640+0000] {dag.py:3239} INFO - Sync 1 DAGs
[2025-03-14T22:02:09.651+0000] {logging_mixin.py:190} INFO - [2025-03-14T22:02:09.651+0000] {dag.py:4180} INFO - Setting next_dagrun for example_branch_operator to 2025-03-13 00:00:00+00:00, run_after=2025-03-14 00:00:00+00:00
[2025-03-14T22:02:09.662+0000] {processor.py:208} INFO - Processing /home/airflow/.local/lib/python3.12/site-packages/airflow/example_dags/example_branch_operator.py took 0.050 seconds
[2025-03-14T22:02:39.980+0000] {processor.py:186} INFO - Started process (PID=1394) to work on /home/airflow/.local/lib/python3.12/site-packages/airflow/example_dags/example_branch_operator.py
[2025-03-14T22:02:39.981+0000] {processor.py:914} INFO - Processing file /home/airflow/.local/lib/python3.12/site-packages/airflow/example_dags/example_branch_operator.py for tasks to queue
[2025-03-14T22:02:39.983+0000] {logging_mixin.py:190} INFO - [2025-03-14T22:02:39.983+0000] {dagbag.py:588} INFO - Filling up the DagBag from /home/airflow/.local/lib/python3.12/site-packages/airflow/example_dags/example_branch_operator.py
[2025-03-14T22:02:39.998+0000] {processor.py:925} INFO - DAG(s) 'example_branch_operator' retrieved from /home/airflow/.local/lib/python3.12/site-packages/airflow/example_dags/example_branch_operator.py
[2025-03-14T22:02:40.014+0000] {logging_mixin.py:190} INFO - [2025-03-14T22:02:40.013+0000] {dag.py:3239} INFO - Sync 1 DAGs
[2025-03-14T22:02:40.029+0000] {logging_mixin.py:190} INFO - [2025-03-14T22:02:40.029+0000] {dag.py:4180} INFO - Setting next_dagrun for example_branch_operator to 2025-03-13 00:00:00+00:00, run_after=2025-03-14 00:00:00+00:00
[2025-03-14T22:02:40.045+0000] {processor.py:208} INFO - Processing /home/airflow/.local/lib/python3.12/site-packages/airflow/example_dags/example_branch_operator.py took 0.070 seconds
[2025-03-14T22:03:10.406+0000] {processor.py:186} INFO - Started process (PID=1456) to work on /home/airflow/.local/lib/python3.12/site-packages/airflow/example_dags/example_branch_operator.py
[2025-03-14T22:03:10.407+0000] {processor.py:914} INFO - Processing file /home/airflow/.local/lib/python3.12/site-packages/airflow/example_dags/example_branch_operator.py for tasks to queue
[2025-03-14T22:03:10.408+0000] {logging_mixin.py:190} INFO - [2025-03-14T22:03:10.408+0000] {dagbag.py:588} INFO - Filling up the DagBag from /home/airflow/.local/lib/python3.12/site-packages/airflow/example_dags/example_branch_operator.py
[2025-03-14T22:03:10.416+0000] {processor.py:925} INFO - DAG(s) 'example_branch_operator' retrieved from /home/airflow/.local/lib/python3.12/site-packages/airflow/example_dags/example_branch_operator.py
[2025-03-14T22:03:10.434+0000] {logging_mixin.py:190} INFO - [2025-03-14T22:03:10.434+0000] {dag.py:3239} INFO - Sync 1 DAGs
[2025-03-14T22:03:10.444+0000] {logging_mixin.py:190} INFO - [2025-03-14T22:03:10.444+0000] {dag.py:4180} INFO - Setting next_dagrun for example_branch_operator to 2025-03-13 00:00:00+00:00, run_after=2025-03-14 00:00:00+00:00
[2025-03-14T22:03:10.452+0000] {processor.py:208} INFO - Processing /home/airflow/.local/lib/python3.12/site-packages/airflow/example_dags/example_branch_operator.py took 0.049 seconds
[2025-03-14T22:03:40.660+0000] {processor.py:186} INFO - Started process (PID=1519) to work on /home/airflow/.local/lib/python3.12/site-packages/airflow/example_dags/example_branch_operator.py
[2025-03-14T22:03:40.662+0000] {processor.py:914} INFO - Processing file /home/airflow/.local/lib/python3.12/site-packages/airflow/example_dags/example_branch_operator.py for tasks to queue
[2025-03-14T22:03:40.663+0000] {logging_mixin.py:190} INFO - [2025-03-14T22:03:40.663+0000] {dagbag.py:588} INFO - Filling up the DagBag from /home/airflow/.local/lib/python3.12/site-packages/airflow/example_dags/example_branch_operator.py
[2025-03-14T22:03:40.674+0000] {processor.py:925} INFO - DAG(s) 'example_branch_operator' retrieved from /home/airflow/.local/lib/python3.12/site-packages/airflow/example_dags/example_branch_operator.py
[2025-03-14T22:03:40.687+0000] {logging_mixin.py:190} INFO - [2025-03-14T22:03:40.687+0000] {dag.py:3239} INFO - Sync 1 DAGs
[2025-03-14T22:03:40.701+0000] {logging_mixin.py:190} INFO - [2025-03-14T22:03:40.701+0000] {dag.py:4180} INFO - Setting next_dagrun for example_branch_operator to 2025-03-13 00:00:00+00:00, run_after=2025-03-14 00:00:00+00:00
[2025-03-14T22:03:40.711+0000] {processor.py:208} INFO - Processing /home/airflow/.local/lib/python3.12/site-packages/airflow/example_dags/example_branch_operator.py took 0.054 seconds
