[2025-03-14T21:35:07.608+0000] {processor.py:186} INFO - Started process (PID=90) to work on /home/airflow/.local/lib/python3.12/site-packages/airflow/example_dags/example_workday_timetable.py
[2025-03-14T21:35:07.609+0000] {processor.py:914} INFO - Processing file /home/airflow/.local/lib/python3.12/site-packages/airflow/example_dags/example_workday_timetable.py for tasks to queue
[2025-03-14T21:35:07.612+0000] {logging_mixin.py:190} INFO - [2025-03-14T21:35:07.611+0000] {dagbag.py:588} INFO - Filling up the DagBag from /home/airflow/.local/lib/python3.12/site-packages/airflow/example_dags/example_workday_timetable.py
[2025-03-14T21:35:07.628+0000] {processor.py:925} INFO - DAG(s) 'example_workday_timetable' retrieved from /home/airflow/.local/lib/python3.12/site-packages/airflow/example_dags/example_workday_timetable.py
[2025-03-14T21:35:07.865+0000] {logging_mixin.py:190} INFO - [2025-03-14T21:35:07.861+0000] {override.py:1912} INFO - Created Permission View: can edit on DAG:example_workday_timetable
[2025-03-14T21:35:07.872+0000] {logging_mixin.py:190} INFO - [2025-03-14T21:35:07.872+0000] {override.py:1912} INFO - Created Permission View: can delete on DAG:example_workday_timetable
[2025-03-14T21:35:07.876+0000] {logging_mixin.py:190} INFO - [2025-03-14T21:35:07.876+0000] {override.py:1912} INFO - Created Permission View: can read on DAG:example_workday_timetable
[2025-03-14T21:35:07.882+0000] {logging_mixin.py:190} INFO - [2025-03-14T21:35:07.882+0000] {override.py:1912} INFO - Created Permission View: menu access on DAG Run:example_workday_timetable
[2025-03-14T21:35:07.886+0000] {logging_mixin.py:190} INFO - [2025-03-14T21:35:07.886+0000] {override.py:1912} INFO - Created Permission View: can create on DAG Run:example_workday_timetable
[2025-03-14T21:35:07.890+0000] {logging_mixin.py:190} INFO - [2025-03-14T21:35:07.890+0000] {override.py:1912} INFO - Created Permission View: can delete on DAG Run:example_workday_timetable
[2025-03-14T21:35:07.895+0000] {logging_mixin.py:190} INFO - [2025-03-14T21:35:07.894+0000] {override.py:1912} INFO - Created Permission View: can read on DAG Run:example_workday_timetable
[2025-03-14T21:35:07.896+0000] {logging_mixin.py:190} INFO - [2025-03-14T21:35:07.895+0000] {dag.py:3239} INFO - Sync 1 DAGs
[2025-03-14T21:35:07.915+0000] {logging_mixin.py:190} INFO - [2025-03-14T21:35:07.915+0000] {dag.py:3262} INFO - Creating ORM DAG for example_workday_timetable
[2025-03-14T21:35:08.007+0000] {logging_mixin.py:190} INFO - [2025-03-14T21:35:08.007+0000] {dag.py:4180} INFO - Setting next_dagrun for example_workday_timetable to 2021-01-04 00:00:00+00:00, run_after=2021-01-05 00:00:00+00:00
[2025-03-14T21:35:08.027+0000] {processor.py:208} INFO - Processing /home/airflow/.local/lib/python3.12/site-packages/airflow/example_dags/example_workday_timetable.py took 0.432 seconds
[2025-03-14T21:35:39.879+0000] {processor.py:186} INFO - Started process (PID=153) to work on /home/airflow/.local/lib/python3.12/site-packages/airflow/example_dags/example_workday_timetable.py
[2025-03-14T21:35:39.880+0000] {processor.py:914} INFO - Processing file /home/airflow/.local/lib/python3.12/site-packages/airflow/example_dags/example_workday_timetable.py for tasks to queue
[2025-03-14T21:35:39.882+0000] {logging_mixin.py:190} INFO - [2025-03-14T21:35:39.882+0000] {dagbag.py:588} INFO - Filling up the DagBag from /home/airflow/.local/lib/python3.12/site-packages/airflow/example_dags/example_workday_timetable.py
[2025-03-14T21:35:39.886+0000] {processor.py:925} INFO - DAG(s) 'example_workday_timetable' retrieved from /home/airflow/.local/lib/python3.12/site-packages/airflow/example_dags/example_workday_timetable.py
[2025-03-14T21:35:39.908+0000] {logging_mixin.py:190} INFO - [2025-03-14T21:35:39.907+0000] {dag.py:3239} INFO - Sync 1 DAGs
[2025-03-14T21:35:40.000+0000] {logging_mixin.py:190} INFO - [2025-03-14T21:35:39.998+0000] {dag.py:4180} INFO - Setting next_dagrun for example_workday_timetable to 2021-01-04 00:00:00+00:00, run_after=2021-01-05 00:00:00+00:00
[2025-03-14T21:35:40.032+0000] {processor.py:208} INFO - Processing /home/airflow/.local/lib/python3.12/site-packages/airflow/example_dags/example_workday_timetable.py took 0.156 seconds
[2025-03-14T21:36:10.641+0000] {processor.py:186} INFO - Started process (PID=216) to work on /home/airflow/.local/lib/python3.12/site-packages/airflow/example_dags/example_workday_timetable.py
[2025-03-14T21:36:10.642+0000] {processor.py:914} INFO - Processing file /home/airflow/.local/lib/python3.12/site-packages/airflow/example_dags/example_workday_timetable.py for tasks to queue
[2025-03-14T21:36:10.644+0000] {logging_mixin.py:190} INFO - [2025-03-14T21:36:10.644+0000] {dagbag.py:588} INFO - Filling up the DagBag from /home/airflow/.local/lib/python3.12/site-packages/airflow/example_dags/example_workday_timetable.py
[2025-03-14T21:36:10.651+0000] {processor.py:925} INFO - DAG(s) 'example_workday_timetable' retrieved from /home/airflow/.local/lib/python3.12/site-packages/airflow/example_dags/example_workday_timetable.py
[2025-03-14T21:36:10.689+0000] {logging_mixin.py:190} INFO - [2025-03-14T21:36:10.688+0000] {dag.py:3239} INFO - Sync 1 DAGs
[2025-03-14T21:36:10.747+0000] {logging_mixin.py:190} INFO - [2025-03-14T21:36:10.747+0000] {dag.py:4180} INFO - Setting next_dagrun for example_workday_timetable to 2021-01-04 00:00:00+00:00, run_after=2021-01-05 00:00:00+00:00
[2025-03-14T21:36:10.759+0000] {processor.py:208} INFO - Processing /home/airflow/.local/lib/python3.12/site-packages/airflow/example_dags/example_workday_timetable.py took 0.120 seconds
[2025-03-14T21:36:42.791+0000] {processor.py:186} INFO - Started process (PID=278) to work on /home/airflow/.local/lib/python3.12/site-packages/airflow/example_dags/example_workday_timetable.py
[2025-03-14T21:36:42.793+0000] {processor.py:914} INFO - Processing file /home/airflow/.local/lib/python3.12/site-packages/airflow/example_dags/example_workday_timetable.py for tasks to queue
[2025-03-14T21:36:42.797+0000] {logging_mixin.py:190} INFO - [2025-03-14T21:36:42.797+0000] {dagbag.py:588} INFO - Filling up the DagBag from /home/airflow/.local/lib/python3.12/site-packages/airflow/example_dags/example_workday_timetable.py
[2025-03-14T21:36:42.813+0000] {processor.py:925} INFO - DAG(s) 'example_workday_timetable' retrieved from /home/airflow/.local/lib/python3.12/site-packages/airflow/example_dags/example_workday_timetable.py
[2025-03-14T21:36:42.844+0000] {logging_mixin.py:190} INFO - [2025-03-14T21:36:42.843+0000] {dag.py:3239} INFO - Sync 1 DAGs
[2025-03-14T21:36:42.981+0000] {logging_mixin.py:190} INFO - [2025-03-14T21:36:42.981+0000] {dag.py:4180} INFO - Setting next_dagrun for example_workday_timetable to 2021-01-04 00:00:00+00:00, run_after=2021-01-05 00:00:00+00:00
[2025-03-14T21:36:42.994+0000] {processor.py:208} INFO - Processing /home/airflow/.local/lib/python3.12/site-packages/airflow/example_dags/example_workday_timetable.py took 0.222 seconds
[2025-03-14T21:37:13.710+0000] {processor.py:186} INFO - Started process (PID=341) to work on /home/airflow/.local/lib/python3.12/site-packages/airflow/example_dags/example_workday_timetable.py
[2025-03-14T21:37:13.711+0000] {processor.py:914} INFO - Processing file /home/airflow/.local/lib/python3.12/site-packages/airflow/example_dags/example_workday_timetable.py for tasks to queue
[2025-03-14T21:37:13.712+0000] {logging_mixin.py:190} INFO - [2025-03-14T21:37:13.712+0000] {dagbag.py:588} INFO - Filling up the DagBag from /home/airflow/.local/lib/python3.12/site-packages/airflow/example_dags/example_workday_timetable.py
[2025-03-14T21:37:13.718+0000] {processor.py:925} INFO - DAG(s) 'example_workday_timetable' retrieved from /home/airflow/.local/lib/python3.12/site-packages/airflow/example_dags/example_workday_timetable.py
[2025-03-14T21:37:13.730+0000] {logging_mixin.py:190} INFO - [2025-03-14T21:37:13.730+0000] {dag.py:3239} INFO - Sync 1 DAGs
[2025-03-14T21:37:13.782+0000] {logging_mixin.py:190} INFO - [2025-03-14T21:37:13.782+0000] {dag.py:4180} INFO - Setting next_dagrun for example_workday_timetable to 2021-01-04 00:00:00+00:00, run_after=2021-01-05 00:00:00+00:00
[2025-03-14T21:37:13.791+0000] {processor.py:208} INFO - Processing /home/airflow/.local/lib/python3.12/site-packages/airflow/example_dags/example_workday_timetable.py took 0.085 seconds
[2025-03-14T21:37:45.283+0000] {processor.py:186} INFO - Started process (PID=404) to work on /home/airflow/.local/lib/python3.12/site-packages/airflow/example_dags/example_workday_timetable.py
[2025-03-14T21:37:45.284+0000] {processor.py:914} INFO - Processing file /home/airflow/.local/lib/python3.12/site-packages/airflow/example_dags/example_workday_timetable.py for tasks to queue
[2025-03-14T21:37:45.286+0000] {logging_mixin.py:190} INFO - [2025-03-14T21:37:45.286+0000] {dagbag.py:588} INFO - Filling up the DagBag from /home/airflow/.local/lib/python3.12/site-packages/airflow/example_dags/example_workday_timetable.py
[2025-03-14T21:37:45.289+0000] {processor.py:925} INFO - DAG(s) 'example_workday_timetable' retrieved from /home/airflow/.local/lib/python3.12/site-packages/airflow/example_dags/example_workday_timetable.py
[2025-03-14T21:37:45.298+0000] {logging_mixin.py:190} INFO - [2025-03-14T21:37:45.298+0000] {dag.py:3239} INFO - Sync 1 DAGs
[2025-03-14T21:37:45.344+0000] {logging_mixin.py:190} INFO - [2025-03-14T21:37:45.344+0000] {dag.py:4180} INFO - Setting next_dagrun for example_workday_timetable to 2021-01-04 00:00:00+00:00, run_after=2021-01-05 00:00:00+00:00
[2025-03-14T21:37:45.353+0000] {processor.py:208} INFO - Processing /home/airflow/.local/lib/python3.12/site-packages/airflow/example_dags/example_workday_timetable.py took 0.073 seconds
[2025-03-14T21:38:16.734+0000] {processor.py:186} INFO - Started process (PID=466) to work on /home/airflow/.local/lib/python3.12/site-packages/airflow/example_dags/example_workday_timetable.py
[2025-03-14T21:38:16.741+0000] {processor.py:914} INFO - Processing file /home/airflow/.local/lib/python3.12/site-packages/airflow/example_dags/example_workday_timetable.py for tasks to queue
[2025-03-14T21:38:16.750+0000] {logging_mixin.py:190} INFO - [2025-03-14T21:38:16.750+0000] {dagbag.py:588} INFO - Filling up the DagBag from /home/airflow/.local/lib/python3.12/site-packages/airflow/example_dags/example_workday_timetable.py
[2025-03-14T21:38:16.762+0000] {processor.py:925} INFO - DAG(s) 'example_workday_timetable' retrieved from /home/airflow/.local/lib/python3.12/site-packages/airflow/example_dags/example_workday_timetable.py
[2025-03-14T21:38:16.811+0000] {logging_mixin.py:190} INFO - [2025-03-14T21:38:16.811+0000] {dag.py:3239} INFO - Sync 1 DAGs
[2025-03-14T21:38:16.905+0000] {logging_mixin.py:190} INFO - [2025-03-14T21:38:16.905+0000] {dag.py:4180} INFO - Setting next_dagrun for example_workday_timetable to 2021-01-04 00:00:00+00:00, run_after=2021-01-05 00:00:00+00:00
[2025-03-14T21:38:16.933+0000] {processor.py:208} INFO - Processing /home/airflow/.local/lib/python3.12/site-packages/airflow/example_dags/example_workday_timetable.py took 0.218 seconds
[2025-03-14T21:38:47.759+0000] {processor.py:186} INFO - Started process (PID=529) to work on /home/airflow/.local/lib/python3.12/site-packages/airflow/example_dags/example_workday_timetable.py
[2025-03-14T21:38:47.760+0000] {processor.py:914} INFO - Processing file /home/airflow/.local/lib/python3.12/site-packages/airflow/example_dags/example_workday_timetable.py for tasks to queue
[2025-03-14T21:38:47.762+0000] {logging_mixin.py:190} INFO - [2025-03-14T21:38:47.762+0000] {dagbag.py:588} INFO - Filling up the DagBag from /home/airflow/.local/lib/python3.12/site-packages/airflow/example_dags/example_workday_timetable.py
[2025-03-14T21:38:47.765+0000] {processor.py:925} INFO - DAG(s) 'example_workday_timetable' retrieved from /home/airflow/.local/lib/python3.12/site-packages/airflow/example_dags/example_workday_timetable.py
[2025-03-14T21:38:47.774+0000] {logging_mixin.py:190} INFO - [2025-03-14T21:38:47.774+0000] {dag.py:3239} INFO - Sync 1 DAGs
[2025-03-14T21:38:47.832+0000] {logging_mixin.py:190} INFO - [2025-03-14T21:38:47.832+0000] {dag.py:4180} INFO - Setting next_dagrun for example_workday_timetable to 2021-01-04 00:00:00+00:00, run_after=2021-01-05 00:00:00+00:00
[2025-03-14T21:38:47.841+0000] {processor.py:208} INFO - Processing /home/airflow/.local/lib/python3.12/site-packages/airflow/example_dags/example_workday_timetable.py took 0.085 seconds
[2025-03-14T21:39:19.389+0000] {processor.py:186} INFO - Started process (PID=592) to work on /home/airflow/.local/lib/python3.12/site-packages/airflow/example_dags/example_workday_timetable.py
[2025-03-14T21:39:19.393+0000] {processor.py:914} INFO - Processing file /home/airflow/.local/lib/python3.12/site-packages/airflow/example_dags/example_workday_timetable.py for tasks to queue
[2025-03-14T21:39:19.395+0000] {logging_mixin.py:190} INFO - [2025-03-14T21:39:19.395+0000] {dagbag.py:588} INFO - Filling up the DagBag from /home/airflow/.local/lib/python3.12/site-packages/airflow/example_dags/example_workday_timetable.py
[2025-03-14T21:39:19.399+0000] {processor.py:925} INFO - DAG(s) 'example_workday_timetable' retrieved from /home/airflow/.local/lib/python3.12/site-packages/airflow/example_dags/example_workday_timetable.py
[2025-03-14T21:39:19.410+0000] {logging_mixin.py:190} INFO - [2025-03-14T21:39:19.410+0000] {dag.py:3239} INFO - Sync 1 DAGs
[2025-03-14T21:39:19.483+0000] {logging_mixin.py:190} INFO - [2025-03-14T21:39:19.483+0000] {dag.py:4180} INFO - Setting next_dagrun for example_workday_timetable to 2021-01-04 00:00:00+00:00, run_after=2021-01-05 00:00:00+00:00
[2025-03-14T21:39:19.499+0000] {processor.py:208} INFO - Processing /home/airflow/.local/lib/python3.12/site-packages/airflow/example_dags/example_workday_timetable.py took 0.115 seconds
[2025-03-14T21:44:14.006+0000] {processor.py:186} INFO - Started process (PID=99) to work on /home/airflow/.local/lib/python3.12/site-packages/airflow/example_dags/example_workday_timetable.py
[2025-03-14T21:44:14.011+0000] {processor.py:914} INFO - Processing file /home/airflow/.local/lib/python3.12/site-packages/airflow/example_dags/example_workday_timetable.py for tasks to queue
[2025-03-14T21:44:14.014+0000] {logging_mixin.py:190} INFO - [2025-03-14T21:44:14.013+0000] {dagbag.py:588} INFO - Filling up the DagBag from /home/airflow/.local/lib/python3.12/site-packages/airflow/example_dags/example_workday_timetable.py
[2025-03-14T21:44:14.036+0000] {processor.py:925} INFO - DAG(s) 'example_workday_timetable' retrieved from /home/airflow/.local/lib/python3.12/site-packages/airflow/example_dags/example_workday_timetable.py
[2025-03-14T21:44:14.098+0000] {logging_mixin.py:190} INFO - [2025-03-14T21:44:14.097+0000] {dag.py:3239} INFO - Sync 1 DAGs
[2025-03-14T21:44:14.679+0000] {logging_mixin.py:190} INFO - [2025-03-14T21:44:14.672+0000] {dag.py:4180} INFO - Setting next_dagrun for example_workday_timetable to 2021-01-04 00:00:00+00:00, run_after=2021-01-05 00:00:00+00:00
[2025-03-14T21:44:14.732+0000] {processor.py:208} INFO - Processing /home/airflow/.local/lib/python3.12/site-packages/airflow/example_dags/example_workday_timetable.py took 0.733 seconds
[2025-03-14T21:44:48.788+0000] {processor.py:186} INFO - Started process (PID=161) to work on /home/airflow/.local/lib/python3.12/site-packages/airflow/example_dags/example_workday_timetable.py
[2025-03-14T21:44:48.791+0000] {processor.py:914} INFO - Processing file /home/airflow/.local/lib/python3.12/site-packages/airflow/example_dags/example_workday_timetable.py for tasks to queue
[2025-03-14T21:44:48.795+0000] {logging_mixin.py:190} INFO - [2025-03-14T21:44:48.795+0000] {dagbag.py:588} INFO - Filling up the DagBag from /home/airflow/.local/lib/python3.12/site-packages/airflow/example_dags/example_workday_timetable.py
[2025-03-14T21:44:48.800+0000] {processor.py:925} INFO - DAG(s) 'example_workday_timetable' retrieved from /home/airflow/.local/lib/python3.12/site-packages/airflow/example_dags/example_workday_timetable.py
[2025-03-14T21:44:48.820+0000] {logging_mixin.py:190} INFO - [2025-03-14T21:44:48.819+0000] {dag.py:3239} INFO - Sync 1 DAGs
[2025-03-14T21:44:49.076+0000] {logging_mixin.py:190} INFO - [2025-03-14T21:44:49.076+0000] {dag.py:4180} INFO - Setting next_dagrun for example_workday_timetable to 2021-01-04 00:00:00+00:00, run_after=2021-01-05 00:00:00+00:00
[2025-03-14T21:44:49.119+0000] {processor.py:208} INFO - Processing /home/airflow/.local/lib/python3.12/site-packages/airflow/example_dags/example_workday_timetable.py took 0.345 seconds
[2025-03-14T21:45:21.520+0000] {processor.py:186} INFO - Started process (PID=224) to work on /home/airflow/.local/lib/python3.12/site-packages/airflow/example_dags/example_workday_timetable.py
[2025-03-14T21:45:21.523+0000] {processor.py:914} INFO - Processing file /home/airflow/.local/lib/python3.12/site-packages/airflow/example_dags/example_workday_timetable.py for tasks to queue
[2025-03-14T21:45:21.525+0000] {logging_mixin.py:190} INFO - [2025-03-14T21:45:21.525+0000] {dagbag.py:588} INFO - Filling up the DagBag from /home/airflow/.local/lib/python3.12/site-packages/airflow/example_dags/example_workday_timetable.py
[2025-03-14T21:45:21.529+0000] {processor.py:925} INFO - DAG(s) 'example_workday_timetable' retrieved from /home/airflow/.local/lib/python3.12/site-packages/airflow/example_dags/example_workday_timetable.py
[2025-03-14T21:45:21.546+0000] {logging_mixin.py:190} INFO - [2025-03-14T21:45:21.546+0000] {dag.py:3239} INFO - Sync 1 DAGs
[2025-03-14T21:45:21.679+0000] {logging_mixin.py:190} INFO - [2025-03-14T21:45:21.679+0000] {dag.py:4180} INFO - Setting next_dagrun for example_workday_timetable to 2021-01-04 00:00:00+00:00, run_after=2021-01-05 00:00:00+00:00
[2025-03-14T21:45:21.687+0000] {processor.py:208} INFO - Processing /home/airflow/.local/lib/python3.12/site-packages/airflow/example_dags/example_workday_timetable.py took 0.172 seconds
[2025-03-14T21:45:55.656+0000] {processor.py:186} INFO - Started process (PID=287) to work on /home/airflow/.local/lib/python3.12/site-packages/airflow/example_dags/example_workday_timetable.py
[2025-03-14T21:45:55.656+0000] {processor.py:914} INFO - Processing file /home/airflow/.local/lib/python3.12/site-packages/airflow/example_dags/example_workday_timetable.py for tasks to queue
[2025-03-14T21:45:55.658+0000] {logging_mixin.py:190} INFO - [2025-03-14T21:45:55.657+0000] {dagbag.py:588} INFO - Filling up the DagBag from /home/airflow/.local/lib/python3.12/site-packages/airflow/example_dags/example_workday_timetable.py
[2025-03-14T21:45:55.661+0000] {processor.py:925} INFO - DAG(s) 'example_workday_timetable' retrieved from /home/airflow/.local/lib/python3.12/site-packages/airflow/example_dags/example_workday_timetable.py
[2025-03-14T21:45:55.671+0000] {logging_mixin.py:190} INFO - [2025-03-14T21:45:55.671+0000] {dag.py:3239} INFO - Sync 1 DAGs
[2025-03-14T21:45:55.809+0000] {logging_mixin.py:190} INFO - [2025-03-14T21:45:55.808+0000] {dag.py:4180} INFO - Setting next_dagrun for example_workday_timetable to 2021-01-04 00:00:00+00:00, run_after=2021-01-05 00:00:00+00:00
[2025-03-14T21:45:55.823+0000] {processor.py:208} INFO - Processing /home/airflow/.local/lib/python3.12/site-packages/airflow/example_dags/example_workday_timetable.py took 0.171 seconds
[2025-03-14T21:46:29.442+0000] {processor.py:186} INFO - Started process (PID=356) to work on /home/airflow/.local/lib/python3.12/site-packages/airflow/example_dags/example_workday_timetable.py
[2025-03-14T21:46:29.464+0000] {processor.py:914} INFO - Processing file /home/airflow/.local/lib/python3.12/site-packages/airflow/example_dags/example_workday_timetable.py for tasks to queue
[2025-03-14T21:46:29.481+0000] {logging_mixin.py:190} INFO - [2025-03-14T21:46:29.481+0000] {dagbag.py:588} INFO - Filling up the DagBag from /home/airflow/.local/lib/python3.12/site-packages/airflow/example_dags/example_workday_timetable.py
[2025-03-14T21:46:29.493+0000] {processor.py:925} INFO - DAG(s) 'example_workday_timetable' retrieved from /home/airflow/.local/lib/python3.12/site-packages/airflow/example_dags/example_workday_timetable.py
[2025-03-14T21:46:29.590+0000] {logging_mixin.py:190} INFO - [2025-03-14T21:46:29.589+0000] {dag.py:3239} INFO - Sync 1 DAGs
[2025-03-14T21:46:30.180+0000] {logging_mixin.py:190} INFO - [2025-03-14T21:46:30.177+0000] {dag.py:4180} INFO - Setting next_dagrun for example_workday_timetable to 2021-01-04 00:00:00+00:00, run_after=2021-01-05 00:00:00+00:00
[2025-03-14T21:46:30.234+0000] {processor.py:208} INFO - Processing /home/airflow/.local/lib/python3.12/site-packages/airflow/example_dags/example_workday_timetable.py took 0.799 seconds
[2025-03-14T21:52:07.370+0000] {processor.py:186} INFO - Started process (PID=91) to work on /home/airflow/.local/lib/python3.12/site-packages/airflow/example_dags/example_workday_timetable.py
[2025-03-14T21:52:07.382+0000] {processor.py:914} INFO - Processing file /home/airflow/.local/lib/python3.12/site-packages/airflow/example_dags/example_workday_timetable.py for tasks to queue
[2025-03-14T21:52:07.421+0000] {logging_mixin.py:190} INFO - [2025-03-14T21:52:07.417+0000] {dagbag.py:588} INFO - Filling up the DagBag from /home/airflow/.local/lib/python3.12/site-packages/airflow/example_dags/example_workday_timetable.py
[2025-03-14T21:52:07.463+0000] {processor.py:925} INFO - DAG(s) 'example_workday_timetable' retrieved from /home/airflow/.local/lib/python3.12/site-packages/airflow/example_dags/example_workday_timetable.py
[2025-03-14T21:52:07.558+0000] {logging_mixin.py:190} INFO - [2025-03-14T21:52:07.558+0000] {dag.py:3239} INFO - Sync 1 DAGs
[2025-03-14T21:52:07.791+0000] {logging_mixin.py:190} INFO - [2025-03-14T21:52:07.791+0000] {dag.py:4180} INFO - Setting next_dagrun for example_workday_timetable to 2021-01-04 00:00:00+00:00, run_after=2021-01-05 00:00:00+00:00
[2025-03-14T21:52:07.823+0000] {processor.py:208} INFO - Processing /home/airflow/.local/lib/python3.12/site-packages/airflow/example_dags/example_workday_timetable.py took 0.488 seconds
[2025-03-14T21:52:38.053+0000] {processor.py:186} INFO - Started process (PID=154) to work on /home/airflow/.local/lib/python3.12/site-packages/airflow/example_dags/example_workday_timetable.py
[2025-03-14T21:52:38.054+0000] {processor.py:914} INFO - Processing file /home/airflow/.local/lib/python3.12/site-packages/airflow/example_dags/example_workday_timetable.py for tasks to queue
[2025-03-14T21:52:38.054+0000] {logging_mixin.py:190} INFO - [2025-03-14T21:52:38.054+0000] {dagbag.py:588} INFO - Filling up the DagBag from /home/airflow/.local/lib/python3.12/site-packages/airflow/example_dags/example_workday_timetable.py
[2025-03-14T21:52:38.059+0000] {processor.py:925} INFO - DAG(s) 'example_workday_timetable' retrieved from /home/airflow/.local/lib/python3.12/site-packages/airflow/example_dags/example_workday_timetable.py
[2025-03-14T21:52:38.068+0000] {logging_mixin.py:190} INFO - [2025-03-14T21:52:38.068+0000] {dag.py:3239} INFO - Sync 1 DAGs
[2025-03-14T21:52:38.136+0000] {logging_mixin.py:190} INFO - [2025-03-14T21:52:38.136+0000] {dag.py:4180} INFO - Setting next_dagrun for example_workday_timetable to 2021-01-04 00:00:00+00:00, run_after=2021-01-05 00:00:00+00:00
[2025-03-14T21:52:38.147+0000] {processor.py:208} INFO - Processing /home/airflow/.local/lib/python3.12/site-packages/airflow/example_dags/example_workday_timetable.py took 0.098 seconds
[2025-03-14T21:53:09.474+0000] {processor.py:186} INFO - Started process (PID=217) to work on /home/airflow/.local/lib/python3.12/site-packages/airflow/example_dags/example_workday_timetable.py
[2025-03-14T21:53:09.475+0000] {processor.py:914} INFO - Processing file /home/airflow/.local/lib/python3.12/site-packages/airflow/example_dags/example_workday_timetable.py for tasks to queue
[2025-03-14T21:53:09.476+0000] {logging_mixin.py:190} INFO - [2025-03-14T21:53:09.476+0000] {dagbag.py:588} INFO - Filling up the DagBag from /home/airflow/.local/lib/python3.12/site-packages/airflow/example_dags/example_workday_timetable.py
[2025-03-14T21:53:09.480+0000] {processor.py:925} INFO - DAG(s) 'example_workday_timetable' retrieved from /home/airflow/.local/lib/python3.12/site-packages/airflow/example_dags/example_workday_timetable.py
[2025-03-14T21:53:09.492+0000] {logging_mixin.py:190} INFO - [2025-03-14T21:53:09.492+0000] {dag.py:3239} INFO - Sync 1 DAGs
[2025-03-14T21:53:09.542+0000] {logging_mixin.py:190} INFO - [2025-03-14T21:53:09.542+0000] {dag.py:4180} INFO - Setting next_dagrun for example_workday_timetable to 2021-01-04 00:00:00+00:00, run_after=2021-01-05 00:00:00+00:00
[2025-03-14T21:53:09.559+0000] {processor.py:208} INFO - Processing /home/airflow/.local/lib/python3.12/site-packages/airflow/example_dags/example_workday_timetable.py took 0.088 seconds
[2025-03-14T21:53:41.128+0000] {processor.py:186} INFO - Started process (PID=280) to work on /home/airflow/.local/lib/python3.12/site-packages/airflow/example_dags/example_workday_timetable.py
[2025-03-14T21:53:41.130+0000] {processor.py:914} INFO - Processing file /home/airflow/.local/lib/python3.12/site-packages/airflow/example_dags/example_workday_timetable.py for tasks to queue
[2025-03-14T21:53:41.135+0000] {logging_mixin.py:190} INFO - [2025-03-14T21:53:41.134+0000] {dagbag.py:588} INFO - Filling up the DagBag from /home/airflow/.local/lib/python3.12/site-packages/airflow/example_dags/example_workday_timetable.py
[2025-03-14T21:53:41.140+0000] {processor.py:925} INFO - DAG(s) 'example_workday_timetable' retrieved from /home/airflow/.local/lib/python3.12/site-packages/airflow/example_dags/example_workday_timetable.py
[2025-03-14T21:53:41.155+0000] {logging_mixin.py:190} INFO - [2025-03-14T21:53:41.155+0000] {dag.py:3239} INFO - Sync 1 DAGs
[2025-03-14T21:53:41.212+0000] {logging_mixin.py:190} INFO - [2025-03-14T21:53:41.212+0000] {dag.py:4180} INFO - Setting next_dagrun for example_workday_timetable to 2021-01-04 00:00:00+00:00, run_after=2021-01-05 00:00:00+00:00
[2025-03-14T21:53:41.223+0000] {processor.py:208} INFO - Processing /home/airflow/.local/lib/python3.12/site-packages/airflow/example_dags/example_workday_timetable.py took 0.102 seconds
[2025-03-14T21:54:12.765+0000] {processor.py:186} INFO - Started process (PID=343) to work on /home/airflow/.local/lib/python3.12/site-packages/airflow/example_dags/example_workday_timetable.py
[2025-03-14T21:54:12.766+0000] {processor.py:914} INFO - Processing file /home/airflow/.local/lib/python3.12/site-packages/airflow/example_dags/example_workday_timetable.py for tasks to queue
[2025-03-14T21:54:12.769+0000] {logging_mixin.py:190} INFO - [2025-03-14T21:54:12.769+0000] {dagbag.py:588} INFO - Filling up the DagBag from /home/airflow/.local/lib/python3.12/site-packages/airflow/example_dags/example_workday_timetable.py
[2025-03-14T21:54:12.781+0000] {processor.py:925} INFO - DAG(s) 'example_workday_timetable' retrieved from /home/airflow/.local/lib/python3.12/site-packages/airflow/example_dags/example_workday_timetable.py
[2025-03-14T21:54:12.797+0000] {logging_mixin.py:190} INFO - [2025-03-14T21:54:12.796+0000] {dag.py:3239} INFO - Sync 1 DAGs
[2025-03-14T21:54:12.860+0000] {logging_mixin.py:190} INFO - [2025-03-14T21:54:12.860+0000] {dag.py:4180} INFO - Setting next_dagrun for example_workday_timetable to 2021-01-04 00:00:00+00:00, run_after=2021-01-05 00:00:00+00:00
[2025-03-14T21:54:12.868+0000] {processor.py:208} INFO - Processing /home/airflow/.local/lib/python3.12/site-packages/airflow/example_dags/example_workday_timetable.py took 0.106 seconds
[2025-03-14T21:54:44.011+0000] {processor.py:186} INFO - Started process (PID=406) to work on /home/airflow/.local/lib/python3.12/site-packages/airflow/example_dags/example_workday_timetable.py
[2025-03-14T21:54:44.012+0000] {processor.py:914} INFO - Processing file /home/airflow/.local/lib/python3.12/site-packages/airflow/example_dags/example_workday_timetable.py for tasks to queue
[2025-03-14T21:54:44.016+0000] {logging_mixin.py:190} INFO - [2025-03-14T21:54:44.015+0000] {dagbag.py:588} INFO - Filling up the DagBag from /home/airflow/.local/lib/python3.12/site-packages/airflow/example_dags/example_workday_timetable.py
[2025-03-14T21:54:44.019+0000] {processor.py:925} INFO - DAG(s) 'example_workday_timetable' retrieved from /home/airflow/.local/lib/python3.12/site-packages/airflow/example_dags/example_workday_timetable.py
[2025-03-14T21:54:44.033+0000] {logging_mixin.py:190} INFO - [2025-03-14T21:54:44.033+0000] {dag.py:3239} INFO - Sync 1 DAGs
[2025-03-14T21:54:44.089+0000] {logging_mixin.py:190} INFO - [2025-03-14T21:54:44.089+0000] {dag.py:4180} INFO - Setting next_dagrun for example_workday_timetable to 2021-01-04 00:00:00+00:00, run_after=2021-01-05 00:00:00+00:00
[2025-03-14T21:54:44.103+0000] {processor.py:208} INFO - Processing /home/airflow/.local/lib/python3.12/site-packages/airflow/example_dags/example_workday_timetable.py took 0.096 seconds
[2025-03-14T21:55:14.924+0000] {processor.py:186} INFO - Started process (PID=469) to work on /home/airflow/.local/lib/python3.12/site-packages/airflow/example_dags/example_workday_timetable.py
[2025-03-14T21:55:14.927+0000] {processor.py:914} INFO - Processing file /home/airflow/.local/lib/python3.12/site-packages/airflow/example_dags/example_workday_timetable.py for tasks to queue
[2025-03-14T21:55:14.932+0000] {logging_mixin.py:190} INFO - [2025-03-14T21:55:14.932+0000] {dagbag.py:588} INFO - Filling up the DagBag from /home/airflow/.local/lib/python3.12/site-packages/airflow/example_dags/example_workday_timetable.py
[2025-03-14T21:55:14.936+0000] {processor.py:925} INFO - DAG(s) 'example_workday_timetable' retrieved from /home/airflow/.local/lib/python3.12/site-packages/airflow/example_dags/example_workday_timetable.py
[2025-03-14T21:55:14.946+0000] {logging_mixin.py:190} INFO - [2025-03-14T21:55:14.946+0000] {dag.py:3239} INFO - Sync 1 DAGs
[2025-03-14T21:55:14.980+0000] {logging_mixin.py:190} INFO - [2025-03-14T21:55:14.979+0000] {dag.py:4180} INFO - Setting next_dagrun for example_workday_timetable to 2021-01-04 00:00:00+00:00, run_after=2021-01-05 00:00:00+00:00
[2025-03-14T21:55:14.989+0000] {processor.py:208} INFO - Processing /home/airflow/.local/lib/python3.12/site-packages/airflow/example_dags/example_workday_timetable.py took 0.073 seconds
[2025-03-14T21:55:46.061+0000] {processor.py:186} INFO - Started process (PID=532) to work on /home/airflow/.local/lib/python3.12/site-packages/airflow/example_dags/example_workday_timetable.py
[2025-03-14T21:55:46.062+0000] {processor.py:914} INFO - Processing file /home/airflow/.local/lib/python3.12/site-packages/airflow/example_dags/example_workday_timetable.py for tasks to queue
[2025-03-14T21:55:46.064+0000] {logging_mixin.py:190} INFO - [2025-03-14T21:55:46.064+0000] {dagbag.py:588} INFO - Filling up the DagBag from /home/airflow/.local/lib/python3.12/site-packages/airflow/example_dags/example_workday_timetable.py
[2025-03-14T21:55:46.067+0000] {processor.py:925} INFO - DAG(s) 'example_workday_timetable' retrieved from /home/airflow/.local/lib/python3.12/site-packages/airflow/example_dags/example_workday_timetable.py
[2025-03-14T21:55:46.077+0000] {logging_mixin.py:190} INFO - [2025-03-14T21:55:46.077+0000] {dag.py:3239} INFO - Sync 1 DAGs
[2025-03-14T21:55:46.119+0000] {logging_mixin.py:190} INFO - [2025-03-14T21:55:46.119+0000] {dag.py:4180} INFO - Setting next_dagrun for example_workday_timetable to 2021-01-04 00:00:00+00:00, run_after=2021-01-05 00:00:00+00:00
[2025-03-14T21:55:46.131+0000] {processor.py:208} INFO - Processing /home/airflow/.local/lib/python3.12/site-packages/airflow/example_dags/example_workday_timetable.py took 0.073 seconds
[2025-03-14T21:56:17.129+0000] {processor.py:186} INFO - Started process (PID=595) to work on /home/airflow/.local/lib/python3.12/site-packages/airflow/example_dags/example_workday_timetable.py
[2025-03-14T21:56:17.130+0000] {processor.py:914} INFO - Processing file /home/airflow/.local/lib/python3.12/site-packages/airflow/example_dags/example_workday_timetable.py for tasks to queue
[2025-03-14T21:56:17.131+0000] {logging_mixin.py:190} INFO - [2025-03-14T21:56:17.131+0000] {dagbag.py:588} INFO - Filling up the DagBag from /home/airflow/.local/lib/python3.12/site-packages/airflow/example_dags/example_workday_timetable.py
[2025-03-14T21:56:17.135+0000] {processor.py:925} INFO - DAG(s) 'example_workday_timetable' retrieved from /home/airflow/.local/lib/python3.12/site-packages/airflow/example_dags/example_workday_timetable.py
[2025-03-14T21:56:17.152+0000] {logging_mixin.py:190} INFO - [2025-03-14T21:56:17.152+0000] {dag.py:3239} INFO - Sync 1 DAGs
[2025-03-14T21:56:17.203+0000] {logging_mixin.py:190} INFO - [2025-03-14T21:56:17.203+0000] {dag.py:4180} INFO - Setting next_dagrun for example_workday_timetable to 2021-01-04 00:00:00+00:00, run_after=2021-01-05 00:00:00+00:00
[2025-03-14T21:56:17.217+0000] {processor.py:208} INFO - Processing /home/airflow/.local/lib/python3.12/site-packages/airflow/example_dags/example_workday_timetable.py took 0.090 seconds
[2025-03-14T21:56:47.838+0000] {processor.py:186} INFO - Started process (PID=659) to work on /home/airflow/.local/lib/python3.12/site-packages/airflow/example_dags/example_workday_timetable.py
[2025-03-14T21:56:47.840+0000] {processor.py:914} INFO - Processing file /home/airflow/.local/lib/python3.12/site-packages/airflow/example_dags/example_workday_timetable.py for tasks to queue
[2025-03-14T21:56:47.842+0000] {logging_mixin.py:190} INFO - [2025-03-14T21:56:47.842+0000] {dagbag.py:588} INFO - Filling up the DagBag from /home/airflow/.local/lib/python3.12/site-packages/airflow/example_dags/example_workday_timetable.py
[2025-03-14T21:56:47.848+0000] {processor.py:925} INFO - DAG(s) 'example_workday_timetable' retrieved from /home/airflow/.local/lib/python3.12/site-packages/airflow/example_dags/example_workday_timetable.py
[2025-03-14T21:56:47.857+0000] {logging_mixin.py:190} INFO - [2025-03-14T21:56:47.857+0000] {dag.py:3239} INFO - Sync 1 DAGs
[2025-03-14T21:56:47.890+0000] {logging_mixin.py:190} INFO - [2025-03-14T21:56:47.889+0000] {dag.py:4180} INFO - Setting next_dagrun for example_workday_timetable to 2021-01-04 00:00:00+00:00, run_after=2021-01-05 00:00:00+00:00
[2025-03-14T21:56:47.899+0000] {processor.py:208} INFO - Processing /home/airflow/.local/lib/python3.12/site-packages/airflow/example_dags/example_workday_timetable.py took 0.064 seconds
[2025-03-14T21:57:19.278+0000] {processor.py:186} INFO - Started process (PID=722) to work on /home/airflow/.local/lib/python3.12/site-packages/airflow/example_dags/example_workday_timetable.py
[2025-03-14T21:57:19.279+0000] {processor.py:914} INFO - Processing file /home/airflow/.local/lib/python3.12/site-packages/airflow/example_dags/example_workday_timetable.py for tasks to queue
[2025-03-14T21:57:19.280+0000] {logging_mixin.py:190} INFO - [2025-03-14T21:57:19.280+0000] {dagbag.py:588} INFO - Filling up the DagBag from /home/airflow/.local/lib/python3.12/site-packages/airflow/example_dags/example_workday_timetable.py
[2025-03-14T21:57:19.284+0000] {processor.py:925} INFO - DAG(s) 'example_workday_timetable' retrieved from /home/airflow/.local/lib/python3.12/site-packages/airflow/example_dags/example_workday_timetable.py
[2025-03-14T21:57:19.300+0000] {logging_mixin.py:190} INFO - [2025-03-14T21:57:19.300+0000] {dag.py:3239} INFO - Sync 1 DAGs
[2025-03-14T21:57:19.333+0000] {logging_mixin.py:190} INFO - [2025-03-14T21:57:19.333+0000] {dag.py:4180} INFO - Setting next_dagrun for example_workday_timetable to 2021-01-04 00:00:00+00:00, run_after=2021-01-05 00:00:00+00:00
[2025-03-14T21:57:19.345+0000] {processor.py:208} INFO - Processing /home/airflow/.local/lib/python3.12/site-packages/airflow/example_dags/example_workday_timetable.py took 0.071 seconds
[2025-03-14T21:57:50.913+0000] {processor.py:186} INFO - Started process (PID=785) to work on /home/airflow/.local/lib/python3.12/site-packages/airflow/example_dags/example_workday_timetable.py
[2025-03-14T21:57:50.914+0000] {processor.py:914} INFO - Processing file /home/airflow/.local/lib/python3.12/site-packages/airflow/example_dags/example_workday_timetable.py for tasks to queue
[2025-03-14T21:57:50.915+0000] {logging_mixin.py:190} INFO - [2025-03-14T21:57:50.915+0000] {dagbag.py:588} INFO - Filling up the DagBag from /home/airflow/.local/lib/python3.12/site-packages/airflow/example_dags/example_workday_timetable.py
[2025-03-14T21:57:50.919+0000] {processor.py:925} INFO - DAG(s) 'example_workday_timetable' retrieved from /home/airflow/.local/lib/python3.12/site-packages/airflow/example_dags/example_workday_timetable.py
[2025-03-14T21:57:50.934+0000] {logging_mixin.py:190} INFO - [2025-03-14T21:57:50.934+0000] {dag.py:3239} INFO - Sync 1 DAGs
[2025-03-14T21:57:50.963+0000] {logging_mixin.py:190} INFO - [2025-03-14T21:57:50.963+0000] {dag.py:4180} INFO - Setting next_dagrun for example_workday_timetable to 2021-01-04 00:00:00+00:00, run_after=2021-01-05 00:00:00+00:00
[2025-03-14T21:57:50.972+0000] {processor.py:208} INFO - Processing /home/airflow/.local/lib/python3.12/site-packages/airflow/example_dags/example_workday_timetable.py took 0.062 seconds
[2025-03-14T21:58:22.359+0000] {processor.py:186} INFO - Started process (PID=848) to work on /home/airflow/.local/lib/python3.12/site-packages/airflow/example_dags/example_workday_timetable.py
[2025-03-14T21:58:22.361+0000] {processor.py:914} INFO - Processing file /home/airflow/.local/lib/python3.12/site-packages/airflow/example_dags/example_workday_timetable.py for tasks to queue
[2025-03-14T21:58:22.365+0000] {logging_mixin.py:190} INFO - [2025-03-14T21:58:22.365+0000] {dagbag.py:588} INFO - Filling up the DagBag from /home/airflow/.local/lib/python3.12/site-packages/airflow/example_dags/example_workday_timetable.py
[2025-03-14T21:58:22.368+0000] {processor.py:925} INFO - DAG(s) 'example_workday_timetable' retrieved from /home/airflow/.local/lib/python3.12/site-packages/airflow/example_dags/example_workday_timetable.py
[2025-03-14T21:58:22.378+0000] {logging_mixin.py:190} INFO - [2025-03-14T21:58:22.377+0000] {dag.py:3239} INFO - Sync 1 DAGs
[2025-03-14T21:58:22.420+0000] {logging_mixin.py:190} INFO - [2025-03-14T21:58:22.420+0000] {dag.py:4180} INFO - Setting next_dagrun for example_workday_timetable to 2021-01-04 00:00:00+00:00, run_after=2021-01-05 00:00:00+00:00
[2025-03-14T21:58:22.436+0000] {processor.py:208} INFO - Processing /home/airflow/.local/lib/python3.12/site-packages/airflow/example_dags/example_workday_timetable.py took 0.080 seconds
[2025-03-14T21:58:53.110+0000] {processor.py:186} INFO - Started process (PID=911) to work on /home/airflow/.local/lib/python3.12/site-packages/airflow/example_dags/example_workday_timetable.py
[2025-03-14T21:58:53.111+0000] {processor.py:914} INFO - Processing file /home/airflow/.local/lib/python3.12/site-packages/airflow/example_dags/example_workday_timetable.py for tasks to queue
[2025-03-14T21:58:53.112+0000] {logging_mixin.py:190} INFO - [2025-03-14T21:58:53.112+0000] {dagbag.py:588} INFO - Filling up the DagBag from /home/airflow/.local/lib/python3.12/site-packages/airflow/example_dags/example_workday_timetable.py
[2025-03-14T21:58:53.115+0000] {processor.py:925} INFO - DAG(s) 'example_workday_timetable' retrieved from /home/airflow/.local/lib/python3.12/site-packages/airflow/example_dags/example_workday_timetable.py
[2025-03-14T21:58:53.125+0000] {logging_mixin.py:190} INFO - [2025-03-14T21:58:53.125+0000] {dag.py:3239} INFO - Sync 1 DAGs
[2025-03-14T21:58:53.152+0000] {logging_mixin.py:190} INFO - [2025-03-14T21:58:53.152+0000] {dag.py:4180} INFO - Setting next_dagrun for example_workday_timetable to 2021-01-04 00:00:00+00:00, run_after=2021-01-05 00:00:00+00:00
[2025-03-14T21:58:53.159+0000] {processor.py:208} INFO - Processing /home/airflow/.local/lib/python3.12/site-packages/airflow/example_dags/example_workday_timetable.py took 0.053 seconds
[2025-03-14T21:59:24.404+0000] {processor.py:186} INFO - Started process (PID=974) to work on /home/airflow/.local/lib/python3.12/site-packages/airflow/example_dags/example_workday_timetable.py
[2025-03-14T21:59:24.406+0000] {processor.py:914} INFO - Processing file /home/airflow/.local/lib/python3.12/site-packages/airflow/example_dags/example_workday_timetable.py for tasks to queue
[2025-03-14T21:59:24.408+0000] {logging_mixin.py:190} INFO - [2025-03-14T21:59:24.407+0000] {dagbag.py:588} INFO - Filling up the DagBag from /home/airflow/.local/lib/python3.12/site-packages/airflow/example_dags/example_workday_timetable.py
[2025-03-14T21:59:24.411+0000] {processor.py:925} INFO - DAG(s) 'example_workday_timetable' retrieved from /home/airflow/.local/lib/python3.12/site-packages/airflow/example_dags/example_workday_timetable.py
[2025-03-14T21:59:24.420+0000] {logging_mixin.py:190} INFO - [2025-03-14T21:59:24.420+0000] {dag.py:3239} INFO - Sync 1 DAGs
[2025-03-14T21:59:24.451+0000] {logging_mixin.py:190} INFO - [2025-03-14T21:59:24.451+0000] {dag.py:4180} INFO - Setting next_dagrun for example_workday_timetable to 2021-01-04 00:00:00+00:00, run_after=2021-01-05 00:00:00+00:00
[2025-03-14T21:59:24.462+0000] {processor.py:208} INFO - Processing /home/airflow/.local/lib/python3.12/site-packages/airflow/example_dags/example_workday_timetable.py took 0.062 seconds
[2025-03-14T21:59:55.740+0000] {processor.py:186} INFO - Started process (PID=1037) to work on /home/airflow/.local/lib/python3.12/site-packages/airflow/example_dags/example_workday_timetable.py
[2025-03-14T21:59:55.742+0000] {processor.py:914} INFO - Processing file /home/airflow/.local/lib/python3.12/site-packages/airflow/example_dags/example_workday_timetable.py for tasks to queue
[2025-03-14T21:59:55.743+0000] {logging_mixin.py:190} INFO - [2025-03-14T21:59:55.742+0000] {dagbag.py:588} INFO - Filling up the DagBag from /home/airflow/.local/lib/python3.12/site-packages/airflow/example_dags/example_workday_timetable.py
[2025-03-14T21:59:55.746+0000] {processor.py:925} INFO - DAG(s) 'example_workday_timetable' retrieved from /home/airflow/.local/lib/python3.12/site-packages/airflow/example_dags/example_workday_timetable.py
[2025-03-14T21:59:55.763+0000] {logging_mixin.py:190} INFO - [2025-03-14T21:59:55.759+0000] {dag.py:3239} INFO - Sync 1 DAGs
[2025-03-14T21:59:55.802+0000] {logging_mixin.py:190} INFO - [2025-03-14T21:59:55.802+0000] {dag.py:4180} INFO - Setting next_dagrun for example_workday_timetable to 2021-01-04 00:00:00+00:00, run_after=2021-01-05 00:00:00+00:00
[2025-03-14T21:59:55.816+0000] {processor.py:208} INFO - Processing /home/airflow/.local/lib/python3.12/site-packages/airflow/example_dags/example_workday_timetable.py took 0.082 seconds
[2025-03-14T22:00:27.145+0000] {processor.py:186} INFO - Started process (PID=1100) to work on /home/airflow/.local/lib/python3.12/site-packages/airflow/example_dags/example_workday_timetable.py
[2025-03-14T22:00:27.146+0000] {processor.py:914} INFO - Processing file /home/airflow/.local/lib/python3.12/site-packages/airflow/example_dags/example_workday_timetable.py for tasks to queue
[2025-03-14T22:00:27.147+0000] {logging_mixin.py:190} INFO - [2025-03-14T22:00:27.147+0000] {dagbag.py:588} INFO - Filling up the DagBag from /home/airflow/.local/lib/python3.12/site-packages/airflow/example_dags/example_workday_timetable.py
[2025-03-14T22:00:27.150+0000] {processor.py:925} INFO - DAG(s) 'example_workday_timetable' retrieved from /home/airflow/.local/lib/python3.12/site-packages/airflow/example_dags/example_workday_timetable.py
[2025-03-14T22:00:27.164+0000] {logging_mixin.py:190} INFO - [2025-03-14T22:00:27.164+0000] {dag.py:3239} INFO - Sync 1 DAGs
[2025-03-14T22:00:27.205+0000] {logging_mixin.py:190} INFO - [2025-03-14T22:00:27.205+0000] {dag.py:4180} INFO - Setting next_dagrun for example_workday_timetable to 2021-01-04 00:00:00+00:00, run_after=2021-01-05 00:00:00+00:00
[2025-03-14T22:00:27.216+0000] {processor.py:208} INFO - Processing /home/airflow/.local/lib/python3.12/site-packages/airflow/example_dags/example_workday_timetable.py took 0.074 seconds
[2025-03-14T22:00:58.065+0000] {processor.py:186} INFO - Started process (PID=1163) to work on /home/airflow/.local/lib/python3.12/site-packages/airflow/example_dags/example_workday_timetable.py
[2025-03-14T22:00:58.067+0000] {processor.py:914} INFO - Processing file /home/airflow/.local/lib/python3.12/site-packages/airflow/example_dags/example_workday_timetable.py for tasks to queue
[2025-03-14T22:00:58.068+0000] {logging_mixin.py:190} INFO - [2025-03-14T22:00:58.068+0000] {dagbag.py:588} INFO - Filling up the DagBag from /home/airflow/.local/lib/python3.12/site-packages/airflow/example_dags/example_workday_timetable.py
[2025-03-14T22:00:58.071+0000] {processor.py:925} INFO - DAG(s) 'example_workday_timetable' retrieved from /home/airflow/.local/lib/python3.12/site-packages/airflow/example_dags/example_workday_timetable.py
[2025-03-14T22:00:58.082+0000] {logging_mixin.py:190} INFO - [2025-03-14T22:00:58.082+0000] {dag.py:3239} INFO - Sync 1 DAGs
[2025-03-14T22:00:58.113+0000] {logging_mixin.py:190} INFO - [2025-03-14T22:00:58.113+0000] {dag.py:4180} INFO - Setting next_dagrun for example_workday_timetable to 2021-01-04 00:00:00+00:00, run_after=2021-01-05 00:00:00+00:00
[2025-03-14T22:00:58.124+0000] {processor.py:208} INFO - Processing /home/airflow/.local/lib/python3.12/site-packages/airflow/example_dags/example_workday_timetable.py took 0.061 seconds
[2025-03-14T22:01:29.050+0000] {processor.py:186} INFO - Started process (PID=1232) to work on /home/airflow/.local/lib/python3.12/site-packages/airflow/example_dags/example_workday_timetable.py
[2025-03-14T22:01:29.051+0000] {processor.py:914} INFO - Processing file /home/airflow/.local/lib/python3.12/site-packages/airflow/example_dags/example_workday_timetable.py for tasks to queue
[2025-03-14T22:01:29.052+0000] {logging_mixin.py:190} INFO - [2025-03-14T22:01:29.052+0000] {dagbag.py:588} INFO - Filling up the DagBag from /home/airflow/.local/lib/python3.12/site-packages/airflow/example_dags/example_workday_timetable.py
[2025-03-14T22:01:29.055+0000] {processor.py:925} INFO - DAG(s) 'example_workday_timetable' retrieved from /home/airflow/.local/lib/python3.12/site-packages/airflow/example_dags/example_workday_timetable.py
[2025-03-14T22:01:29.066+0000] {logging_mixin.py:190} INFO - [2025-03-14T22:01:29.066+0000] {dag.py:3239} INFO - Sync 1 DAGs
[2025-03-14T22:01:29.094+0000] {logging_mixin.py:190} INFO - [2025-03-14T22:01:29.094+0000] {dag.py:4180} INFO - Setting next_dagrun for example_workday_timetable to 2021-01-04 00:00:00+00:00, run_after=2021-01-05 00:00:00+00:00
[2025-03-14T22:01:29.102+0000] {processor.py:208} INFO - Processing /home/airflow/.local/lib/python3.12/site-packages/airflow/example_dags/example_workday_timetable.py took 0.054 seconds
[2025-03-14T22:01:59.713+0000] {processor.py:186} INFO - Started process (PID=1295) to work on /home/airflow/.local/lib/python3.12/site-packages/airflow/example_dags/example_workday_timetable.py
[2025-03-14T22:01:59.714+0000] {processor.py:914} INFO - Processing file /home/airflow/.local/lib/python3.12/site-packages/airflow/example_dags/example_workday_timetable.py for tasks to queue
[2025-03-14T22:01:59.716+0000] {logging_mixin.py:190} INFO - [2025-03-14T22:01:59.716+0000] {dagbag.py:588} INFO - Filling up the DagBag from /home/airflow/.local/lib/python3.12/site-packages/airflow/example_dags/example_workday_timetable.py
[2025-03-14T22:01:59.722+0000] {processor.py:925} INFO - DAG(s) 'example_workday_timetable' retrieved from /home/airflow/.local/lib/python3.12/site-packages/airflow/example_dags/example_workday_timetable.py
[2025-03-14T22:01:59.737+0000] {logging_mixin.py:190} INFO - [2025-03-14T22:01:59.737+0000] {dag.py:3239} INFO - Sync 1 DAGs
[2025-03-14T22:01:59.769+0000] {logging_mixin.py:190} INFO - [2025-03-14T22:01:59.769+0000] {dag.py:4180} INFO - Setting next_dagrun for example_workday_timetable to 2021-01-04 00:00:00+00:00, run_after=2021-01-05 00:00:00+00:00
[2025-03-14T22:01:59.779+0000] {processor.py:208} INFO - Processing /home/airflow/.local/lib/python3.12/site-packages/airflow/example_dags/example_workday_timetable.py took 0.071 seconds
[2025-03-14T22:02:31.377+0000] {processor.py:186} INFO - Started process (PID=1358) to work on /home/airflow/.local/lib/python3.12/site-packages/airflow/example_dags/example_workday_timetable.py
[2025-03-14T22:02:31.379+0000] {processor.py:914} INFO - Processing file /home/airflow/.local/lib/python3.12/site-packages/airflow/example_dags/example_workday_timetable.py for tasks to queue
[2025-03-14T22:02:31.380+0000] {logging_mixin.py:190} INFO - [2025-03-14T22:02:31.380+0000] {dagbag.py:588} INFO - Filling up the DagBag from /home/airflow/.local/lib/python3.12/site-packages/airflow/example_dags/example_workday_timetable.py
[2025-03-14T22:02:31.383+0000] {processor.py:925} INFO - DAG(s) 'example_workday_timetable' retrieved from /home/airflow/.local/lib/python3.12/site-packages/airflow/example_dags/example_workday_timetable.py
[2025-03-14T22:02:31.394+0000] {logging_mixin.py:190} INFO - [2025-03-14T22:02:31.394+0000] {dag.py:3239} INFO - Sync 1 DAGs
[2025-03-14T22:02:31.447+0000] {logging_mixin.py:190} INFO - [2025-03-14T22:02:31.447+0000] {dag.py:4180} INFO - Setting next_dagrun for example_workday_timetable to 2021-01-04 00:00:00+00:00, run_after=2021-01-05 00:00:00+00:00
[2025-03-14T22:02:31.459+0000] {processor.py:208} INFO - Processing /home/airflow/.local/lib/python3.12/site-packages/airflow/example_dags/example_workday_timetable.py took 0.085 seconds
[2025-03-14T22:03:03.001+0000] {processor.py:186} INFO - Started process (PID=1420) to work on /home/airflow/.local/lib/python3.12/site-packages/airflow/example_dags/example_workday_timetable.py
[2025-03-14T22:03:03.002+0000] {processor.py:914} INFO - Processing file /home/airflow/.local/lib/python3.12/site-packages/airflow/example_dags/example_workday_timetable.py for tasks to queue
[2025-03-14T22:03:03.004+0000] {logging_mixin.py:190} INFO - [2025-03-14T22:03:03.003+0000] {dagbag.py:588} INFO - Filling up the DagBag from /home/airflow/.local/lib/python3.12/site-packages/airflow/example_dags/example_workday_timetable.py
[2025-03-14T22:03:03.010+0000] {processor.py:925} INFO - DAG(s) 'example_workday_timetable' retrieved from /home/airflow/.local/lib/python3.12/site-packages/airflow/example_dags/example_workday_timetable.py
[2025-03-14T22:03:03.073+0000] {logging_mixin.py:190} INFO - [2025-03-14T22:03:03.073+0000] {dag.py:3239} INFO - Sync 1 DAGs
[2025-03-14T22:03:03.230+0000] {logging_mixin.py:190} INFO - [2025-03-14T22:03:03.230+0000] {dag.py:4180} INFO - Setting next_dagrun for example_workday_timetable to 2021-01-04 00:00:00+00:00, run_after=2021-01-05 00:00:00+00:00
[2025-03-14T22:03:03.262+0000] {processor.py:208} INFO - Processing /home/airflow/.local/lib/python3.12/site-packages/airflow/example_dags/example_workday_timetable.py took 0.264 seconds
[2025-03-14T22:03:34.093+0000] {processor.py:186} INFO - Started process (PID=1483) to work on /home/airflow/.local/lib/python3.12/site-packages/airflow/example_dags/example_workday_timetable.py
[2025-03-14T22:03:34.094+0000] {processor.py:914} INFO - Processing file /home/airflow/.local/lib/python3.12/site-packages/airflow/example_dags/example_workday_timetable.py for tasks to queue
[2025-03-14T22:03:34.095+0000] {logging_mixin.py:190} INFO - [2025-03-14T22:03:34.095+0000] {dagbag.py:588} INFO - Filling up the DagBag from /home/airflow/.local/lib/python3.12/site-packages/airflow/example_dags/example_workday_timetable.py
[2025-03-14T22:03:34.099+0000] {processor.py:925} INFO - DAG(s) 'example_workday_timetable' retrieved from /home/airflow/.local/lib/python3.12/site-packages/airflow/example_dags/example_workday_timetable.py
[2025-03-14T22:03:34.110+0000] {logging_mixin.py:190} INFO - [2025-03-14T22:03:34.110+0000] {dag.py:3239} INFO - Sync 1 DAGs
[2025-03-14T22:03:34.154+0000] {logging_mixin.py:190} INFO - [2025-03-14T22:03:34.154+0000] {dag.py:4180} INFO - Setting next_dagrun for example_workday_timetable to 2021-01-04 00:00:00+00:00, run_after=2021-01-05 00:00:00+00:00
[2025-03-14T22:03:34.163+0000] {processor.py:208} INFO - Processing /home/airflow/.local/lib/python3.12/site-packages/airflow/example_dags/example_workday_timetable.py took 0.073 seconds
[2025-03-14T22:04:06.020+0000] {processor.py:186} INFO - Started process (PID=1546) to work on /home/airflow/.local/lib/python3.12/site-packages/airflow/example_dags/example_workday_timetable.py
[2025-03-14T22:04:06.023+0000] {processor.py:914} INFO - Processing file /home/airflow/.local/lib/python3.12/site-packages/airflow/example_dags/example_workday_timetable.py for tasks to queue
[2025-03-14T22:04:06.024+0000] {logging_mixin.py:190} INFO - [2025-03-14T22:04:06.024+0000] {dagbag.py:588} INFO - Filling up the DagBag from /home/airflow/.local/lib/python3.12/site-packages/airflow/example_dags/example_workday_timetable.py
[2025-03-14T22:04:06.027+0000] {processor.py:925} INFO - DAG(s) 'example_workday_timetable' retrieved from /home/airflow/.local/lib/python3.12/site-packages/airflow/example_dags/example_workday_timetable.py
[2025-03-14T22:04:06.039+0000] {logging_mixin.py:190} INFO - [2025-03-14T22:04:06.038+0000] {dag.py:3239} INFO - Sync 1 DAGs
[2025-03-14T22:04:06.090+0000] {logging_mixin.py:190} INFO - [2025-03-14T22:04:06.090+0000] {dag.py:4180} INFO - Setting next_dagrun for example_workday_timetable to 2021-01-04 00:00:00+00:00, run_after=2021-01-05 00:00:00+00:00
[2025-03-14T22:04:06.100+0000] {processor.py:208} INFO - Processing /home/airflow/.local/lib/python3.12/site-packages/airflow/example_dags/example_workday_timetable.py took 0.083 seconds
