[2025-03-14T21:34:57.993+0000] {processor.py:186} INFO - Started process (PID=67) to work on /home/airflow/.local/lib/python3.12/site-packages/airflow/example_dags/example_latest_only.py
[2025-03-14T21:34:57.995+0000] {processor.py:914} INFO - Processing file /home/airflow/.local/lib/python3.12/site-packages/airflow/example_dags/example_latest_only.py for tasks to queue
[2025-03-14T21:34:58.004+0000] {logging_mixin.py:190} INFO - [2025-03-14T21:34:58.002+0000] {dagbag.py:588} INFO - Filling up the DagBag from /home/airflow/.local/lib/python3.12/site-packages/airflow/example_dags/example_latest_only.py
[2025-03-14T21:34:58.016+0000] {processor.py:925} INFO - DAG(s) 'latest_only' retrieved from /home/airflow/.local/lib/python3.12/site-packages/airflow/example_dags/example_latest_only.py
[2025-03-14T21:34:58.221+0000] {logging_mixin.py:190} INFO - [2025-03-14T21:34:58.220+0000] {override.py:1912} INFO - Created Permission View: can edit on DAG:latest_only
[2025-03-14T21:34:58.228+0000] {logging_mixin.py:190} INFO - [2025-03-14T21:34:58.228+0000] {override.py:1912} INFO - Created Permission View: can delete on DAG:latest_only
[2025-03-14T21:34:58.232+0000] {logging_mixin.py:190} INFO - [2025-03-14T21:34:58.232+0000] {override.py:1912} INFO - Created Permission View: can read on DAG:latest_only
[2025-03-14T21:34:58.236+0000] {logging_mixin.py:190} INFO - [2025-03-14T21:34:58.236+0000] {override.py:1912} INFO - Created Permission View: menu access on DAG Run:latest_only
[2025-03-14T21:34:58.244+0000] {logging_mixin.py:190} INFO - [2025-03-14T21:34:58.243+0000] {override.py:1912} INFO - Created Permission View: can create on DAG Run:latest_only
[2025-03-14T21:34:58.257+0000] {logging_mixin.py:190} INFO - [2025-03-14T21:34:58.256+0000] {override.py:1912} INFO - Created Permission View: can delete on DAG Run:latest_only
[2025-03-14T21:34:58.263+0000] {logging_mixin.py:190} INFO - [2025-03-14T21:34:58.263+0000] {override.py:1912} INFO - Created Permission View: can read on DAG Run:latest_only
[2025-03-14T21:34:58.263+0000] {logging_mixin.py:190} INFO - [2025-03-14T21:34:58.263+0000] {dag.py:3239} INFO - Sync 1 DAGs
[2025-03-14T21:34:58.291+0000] {logging_mixin.py:190} INFO - [2025-03-14T21:34:58.291+0000] {dag.py:3262} INFO - Creating ORM DAG for latest_only
[2025-03-14T21:34:58.306+0000] {logging_mixin.py:190} INFO - [2025-03-14T21:34:58.306+0000] {dag.py:4180} INFO - Setting next_dagrun for latest_only to 2025-03-14 16:00:00+00:00, run_after=2025-03-14 20:00:00+00:00
[2025-03-14T21:34:58.324+0000] {processor.py:208} INFO - Processing /home/airflow/.local/lib/python3.12/site-packages/airflow/example_dags/example_latest_only.py took 0.343 seconds
[2025-03-14T21:35:28.578+0000] {processor.py:186} INFO - Started process (PID=130) to work on /home/airflow/.local/lib/python3.12/site-packages/airflow/example_dags/example_latest_only.py
[2025-03-14T21:35:28.579+0000] {processor.py:914} INFO - Processing file /home/airflow/.local/lib/python3.12/site-packages/airflow/example_dags/example_latest_only.py for tasks to queue
[2025-03-14T21:35:28.580+0000] {logging_mixin.py:190} INFO - [2025-03-14T21:35:28.579+0000] {dagbag.py:588} INFO - Filling up the DagBag from /home/airflow/.local/lib/python3.12/site-packages/airflow/example_dags/example_latest_only.py
[2025-03-14T21:35:28.583+0000] {processor.py:925} INFO - DAG(s) 'latest_only' retrieved from /home/airflow/.local/lib/python3.12/site-packages/airflow/example_dags/example_latest_only.py
[2025-03-14T21:35:28.594+0000] {logging_mixin.py:190} INFO - [2025-03-14T21:35:28.594+0000] {dag.py:3239} INFO - Sync 1 DAGs
[2025-03-14T21:35:28.614+0000] {logging_mixin.py:190} INFO - [2025-03-14T21:35:28.614+0000] {dag.py:4180} INFO - Setting next_dagrun for latest_only to 2025-03-14 16:00:00+00:00, run_after=2025-03-14 20:00:00+00:00
[2025-03-14T21:35:28.623+0000] {processor.py:208} INFO - Processing /home/airflow/.local/lib/python3.12/site-packages/airflow/example_dags/example_latest_only.py took 0.047 seconds
[2025-03-14T21:35:58.888+0000] {processor.py:186} INFO - Started process (PID=193) to work on /home/airflow/.local/lib/python3.12/site-packages/airflow/example_dags/example_latest_only.py
[2025-03-14T21:35:58.889+0000] {processor.py:914} INFO - Processing file /home/airflow/.local/lib/python3.12/site-packages/airflow/example_dags/example_latest_only.py for tasks to queue
[2025-03-14T21:35:58.890+0000] {logging_mixin.py:190} INFO - [2025-03-14T21:35:58.890+0000] {dagbag.py:588} INFO - Filling up the DagBag from /home/airflow/.local/lib/python3.12/site-packages/airflow/example_dags/example_latest_only.py
[2025-03-14T21:35:58.894+0000] {processor.py:925} INFO - DAG(s) 'latest_only' retrieved from /home/airflow/.local/lib/python3.12/site-packages/airflow/example_dags/example_latest_only.py
[2025-03-14T21:35:58.903+0000] {logging_mixin.py:190} INFO - [2025-03-14T21:35:58.902+0000] {dag.py:3239} INFO - Sync 1 DAGs
[2025-03-14T21:35:58.912+0000] {logging_mixin.py:190} INFO - [2025-03-14T21:35:58.912+0000] {dag.py:4180} INFO - Setting next_dagrun for latest_only to 2025-03-14 16:00:00+00:00, run_after=2025-03-14 20:00:00+00:00
[2025-03-14T21:35:58.919+0000] {processor.py:208} INFO - Processing /home/airflow/.local/lib/python3.12/site-packages/airflow/example_dags/example_latest_only.py took 0.033 seconds
[2025-03-14T21:36:29.340+0000] {processor.py:186} INFO - Started process (PID=255) to work on /home/airflow/.local/lib/python3.12/site-packages/airflow/example_dags/example_latest_only.py
[2025-03-14T21:36:29.340+0000] {processor.py:914} INFO - Processing file /home/airflow/.local/lib/python3.12/site-packages/airflow/example_dags/example_latest_only.py for tasks to queue
[2025-03-14T21:36:29.341+0000] {logging_mixin.py:190} INFO - [2025-03-14T21:36:29.341+0000] {dagbag.py:588} INFO - Filling up the DagBag from /home/airflow/.local/lib/python3.12/site-packages/airflow/example_dags/example_latest_only.py
[2025-03-14T21:36:29.345+0000] {processor.py:925} INFO - DAG(s) 'latest_only' retrieved from /home/airflow/.local/lib/python3.12/site-packages/airflow/example_dags/example_latest_only.py
[2025-03-14T21:36:29.355+0000] {logging_mixin.py:190} INFO - [2025-03-14T21:36:29.355+0000] {dag.py:3239} INFO - Sync 1 DAGs
[2025-03-14T21:36:29.366+0000] {logging_mixin.py:190} INFO - [2025-03-14T21:36:29.366+0000] {dag.py:4180} INFO - Setting next_dagrun for latest_only to 2025-03-14 16:00:00+00:00, run_after=2025-03-14 20:00:00+00:00
[2025-03-14T21:36:29.373+0000] {processor.py:208} INFO - Processing /home/airflow/.local/lib/python3.12/site-packages/airflow/example_dags/example_latest_only.py took 0.037 seconds
[2025-03-14T21:36:59.718+0000] {processor.py:186} INFO - Started process (PID=318) to work on /home/airflow/.local/lib/python3.12/site-packages/airflow/example_dags/example_latest_only.py
[2025-03-14T21:36:59.718+0000] {processor.py:914} INFO - Processing file /home/airflow/.local/lib/python3.12/site-packages/airflow/example_dags/example_latest_only.py for tasks to queue
[2025-03-14T21:36:59.719+0000] {logging_mixin.py:190} INFO - [2025-03-14T21:36:59.719+0000] {dagbag.py:588} INFO - Filling up the DagBag from /home/airflow/.local/lib/python3.12/site-packages/airflow/example_dags/example_latest_only.py
[2025-03-14T21:36:59.725+0000] {processor.py:925} INFO - DAG(s) 'latest_only' retrieved from /home/airflow/.local/lib/python3.12/site-packages/airflow/example_dags/example_latest_only.py
[2025-03-14T21:36:59.741+0000] {logging_mixin.py:190} INFO - [2025-03-14T21:36:59.741+0000] {dag.py:3239} INFO - Sync 1 DAGs
[2025-03-14T21:36:59.753+0000] {logging_mixin.py:190} INFO - [2025-03-14T21:36:59.753+0000] {dag.py:4180} INFO - Setting next_dagrun for latest_only to 2025-03-14 16:00:00+00:00, run_after=2025-03-14 20:00:00+00:00
[2025-03-14T21:36:59.760+0000] {processor.py:208} INFO - Processing /home/airflow/.local/lib/python3.12/site-packages/airflow/example_dags/example_latest_only.py took 0.045 seconds
[2025-03-14T21:37:30.034+0000] {processor.py:186} INFO - Started process (PID=381) to work on /home/airflow/.local/lib/python3.12/site-packages/airflow/example_dags/example_latest_only.py
[2025-03-14T21:37:30.035+0000] {processor.py:914} INFO - Processing file /home/airflow/.local/lib/python3.12/site-packages/airflow/example_dags/example_latest_only.py for tasks to queue
[2025-03-14T21:37:30.036+0000] {logging_mixin.py:190} INFO - [2025-03-14T21:37:30.036+0000] {dagbag.py:588} INFO - Filling up the DagBag from /home/airflow/.local/lib/python3.12/site-packages/airflow/example_dags/example_latest_only.py
[2025-03-14T21:37:30.040+0000] {processor.py:925} INFO - DAG(s) 'latest_only' retrieved from /home/airflow/.local/lib/python3.12/site-packages/airflow/example_dags/example_latest_only.py
[2025-03-14T21:37:30.054+0000] {logging_mixin.py:190} INFO - [2025-03-14T21:37:30.054+0000] {dag.py:3239} INFO - Sync 1 DAGs
[2025-03-14T21:37:30.070+0000] {logging_mixin.py:190} INFO - [2025-03-14T21:37:30.070+0000] {dag.py:4180} INFO - Setting next_dagrun for latest_only to 2025-03-14 16:00:00+00:00, run_after=2025-03-14 20:00:00+00:00
[2025-03-14T21:37:30.080+0000] {processor.py:208} INFO - Processing /home/airflow/.local/lib/python3.12/site-packages/airflow/example_dags/example_latest_only.py took 0.051 seconds
[2025-03-14T21:38:00.312+0000] {processor.py:186} INFO - Started process (PID=443) to work on /home/airflow/.local/lib/python3.12/site-packages/airflow/example_dags/example_latest_only.py
[2025-03-14T21:38:00.312+0000] {processor.py:914} INFO - Processing file /home/airflow/.local/lib/python3.12/site-packages/airflow/example_dags/example_latest_only.py for tasks to queue
[2025-03-14T21:38:00.313+0000] {logging_mixin.py:190} INFO - [2025-03-14T21:38:00.313+0000] {dagbag.py:588} INFO - Filling up the DagBag from /home/airflow/.local/lib/python3.12/site-packages/airflow/example_dags/example_latest_only.py
[2025-03-14T21:38:00.317+0000] {processor.py:925} INFO - DAG(s) 'latest_only' retrieved from /home/airflow/.local/lib/python3.12/site-packages/airflow/example_dags/example_latest_only.py
[2025-03-14T21:38:00.325+0000] {logging_mixin.py:190} INFO - [2025-03-14T21:38:00.325+0000] {dag.py:3239} INFO - Sync 1 DAGs
[2025-03-14T21:38:00.338+0000] {logging_mixin.py:190} INFO - [2025-03-14T21:38:00.338+0000] {dag.py:4180} INFO - Setting next_dagrun for latest_only to 2025-03-14 16:00:00+00:00, run_after=2025-03-14 20:00:00+00:00
[2025-03-14T21:38:00.344+0000] {processor.py:208} INFO - Processing /home/airflow/.local/lib/python3.12/site-packages/airflow/example_dags/example_latest_only.py took 0.035 seconds
[2025-03-14T21:38:30.768+0000] {processor.py:186} INFO - Started process (PID=506) to work on /home/airflow/.local/lib/python3.12/site-packages/airflow/example_dags/example_latest_only.py
[2025-03-14T21:38:30.770+0000] {processor.py:914} INFO - Processing file /home/airflow/.local/lib/python3.12/site-packages/airflow/example_dags/example_latest_only.py for tasks to queue
[2025-03-14T21:38:30.773+0000] {logging_mixin.py:190} INFO - [2025-03-14T21:38:30.773+0000] {dagbag.py:588} INFO - Filling up the DagBag from /home/airflow/.local/lib/python3.12/site-packages/airflow/example_dags/example_latest_only.py
[2025-03-14T21:38:30.785+0000] {processor.py:925} INFO - DAG(s) 'latest_only' retrieved from /home/airflow/.local/lib/python3.12/site-packages/airflow/example_dags/example_latest_only.py
[2025-03-14T21:38:30.803+0000] {logging_mixin.py:190} INFO - [2025-03-14T21:38:30.803+0000] {dag.py:3239} INFO - Sync 1 DAGs
[2025-03-14T21:38:30.826+0000] {logging_mixin.py:190} INFO - [2025-03-14T21:38:30.826+0000] {dag.py:4180} INFO - Setting next_dagrun for latest_only to 2025-03-14 16:00:00+00:00, run_after=2025-03-14 20:00:00+00:00
[2025-03-14T21:38:30.840+0000] {processor.py:208} INFO - Processing /home/airflow/.local/lib/python3.12/site-packages/airflow/example_dags/example_latest_only.py took 0.075 seconds
[2025-03-14T21:39:00.953+0000] {processor.py:186} INFO - Started process (PID=569) to work on /home/airflow/.local/lib/python3.12/site-packages/airflow/example_dags/example_latest_only.py
[2025-03-14T21:39:00.954+0000] {processor.py:914} INFO - Processing file /home/airflow/.local/lib/python3.12/site-packages/airflow/example_dags/example_latest_only.py for tasks to queue
[2025-03-14T21:39:00.955+0000] {logging_mixin.py:190} INFO - [2025-03-14T21:39:00.955+0000] {dagbag.py:588} INFO - Filling up the DagBag from /home/airflow/.local/lib/python3.12/site-packages/airflow/example_dags/example_latest_only.py
[2025-03-14T21:39:00.960+0000] {processor.py:925} INFO - DAG(s) 'latest_only' retrieved from /home/airflow/.local/lib/python3.12/site-packages/airflow/example_dags/example_latest_only.py
[2025-03-14T21:39:00.969+0000] {logging_mixin.py:190} INFO - [2025-03-14T21:39:00.969+0000] {dag.py:3239} INFO - Sync 1 DAGs
[2025-03-14T21:39:00.981+0000] {logging_mixin.py:190} INFO - [2025-03-14T21:39:00.981+0000] {dag.py:4180} INFO - Setting next_dagrun for latest_only to 2025-03-14 16:00:00+00:00, run_after=2025-03-14 20:00:00+00:00
[2025-03-14T21:39:00.988+0000] {processor.py:208} INFO - Processing /home/airflow/.local/lib/python3.12/site-packages/airflow/example_dags/example_latest_only.py took 0.038 seconds
[2025-03-14T21:39:31.555+0000] {processor.py:186} INFO - Started process (PID=632) to work on /home/airflow/.local/lib/python3.12/site-packages/airflow/example_dags/example_latest_only.py
[2025-03-14T21:39:31.555+0000] {processor.py:914} INFO - Processing file /home/airflow/.local/lib/python3.12/site-packages/airflow/example_dags/example_latest_only.py for tasks to queue
[2025-03-14T21:39:31.556+0000] {logging_mixin.py:190} INFO - [2025-03-14T21:39:31.556+0000] {dagbag.py:588} INFO - Filling up the DagBag from /home/airflow/.local/lib/python3.12/site-packages/airflow/example_dags/example_latest_only.py
[2025-03-14T21:39:31.560+0000] {processor.py:925} INFO - DAG(s) 'latest_only' retrieved from /home/airflow/.local/lib/python3.12/site-packages/airflow/example_dags/example_latest_only.py
[2025-03-14T21:39:31.569+0000] {logging_mixin.py:190} INFO - [2025-03-14T21:39:31.569+0000] {dag.py:3239} INFO - Sync 1 DAGs
[2025-03-14T21:39:31.580+0000] {logging_mixin.py:190} INFO - [2025-03-14T21:39:31.580+0000] {dag.py:4180} INFO - Setting next_dagrun for latest_only to 2025-03-14 16:00:00+00:00, run_after=2025-03-14 20:00:00+00:00
[2025-03-14T21:39:31.587+0000] {processor.py:208} INFO - Processing /home/airflow/.local/lib/python3.12/site-packages/airflow/example_dags/example_latest_only.py took 0.035 seconds
[2025-03-14T21:43:57.113+0000] {processor.py:186} INFO - Started process (PID=76) to work on /home/airflow/.local/lib/python3.12/site-packages/airflow/example_dags/example_latest_only.py
[2025-03-14T21:43:57.127+0000] {processor.py:914} INFO - Processing file /home/airflow/.local/lib/python3.12/site-packages/airflow/example_dags/example_latest_only.py for tasks to queue
[2025-03-14T21:43:57.151+0000] {logging_mixin.py:190} INFO - [2025-03-14T21:43:57.148+0000] {dagbag.py:588} INFO - Filling up the DagBag from /home/airflow/.local/lib/python3.12/site-packages/airflow/example_dags/example_latest_only.py
[2025-03-14T21:43:57.166+0000] {processor.py:925} INFO - DAG(s) 'latest_only' retrieved from /home/airflow/.local/lib/python3.12/site-packages/airflow/example_dags/example_latest_only.py
[2025-03-14T21:43:57.255+0000] {logging_mixin.py:190} INFO - [2025-03-14T21:43:57.255+0000] {dag.py:3239} INFO - Sync 1 DAGs
[2025-03-14T21:43:57.301+0000] {logging_mixin.py:190} INFO - [2025-03-14T21:43:57.301+0000] {dag.py:4180} INFO - Setting next_dagrun for latest_only to 2025-03-14 16:00:00+00:00, run_after=2025-03-14 20:00:00+00:00
[2025-03-14T21:43:57.326+0000] {processor.py:208} INFO - Processing /home/airflow/.local/lib/python3.12/site-packages/airflow/example_dags/example_latest_only.py took 0.222 seconds
[2025-03-14T21:44:28.571+0000] {processor.py:186} INFO - Started process (PID=138) to work on /home/airflow/.local/lib/python3.12/site-packages/airflow/example_dags/example_latest_only.py
[2025-03-14T21:44:28.572+0000] {processor.py:914} INFO - Processing file /home/airflow/.local/lib/python3.12/site-packages/airflow/example_dags/example_latest_only.py for tasks to queue
[2025-03-14T21:44:28.574+0000] {logging_mixin.py:190} INFO - [2025-03-14T21:44:28.574+0000] {dagbag.py:588} INFO - Filling up the DagBag from /home/airflow/.local/lib/python3.12/site-packages/airflow/example_dags/example_latest_only.py
[2025-03-14T21:44:28.591+0000] {processor.py:925} INFO - DAG(s) 'latest_only' retrieved from /home/airflow/.local/lib/python3.12/site-packages/airflow/example_dags/example_latest_only.py
[2025-03-14T21:44:28.611+0000] {logging_mixin.py:190} INFO - [2025-03-14T21:44:28.611+0000] {dag.py:3239} INFO - Sync 1 DAGs
[2025-03-14T21:44:28.625+0000] {logging_mixin.py:190} INFO - [2025-03-14T21:44:28.625+0000] {dag.py:4180} INFO - Setting next_dagrun for latest_only to 2025-03-14 16:00:00+00:00, run_after=2025-03-14 20:00:00+00:00
[2025-03-14T21:44:28.646+0000] {processor.py:208} INFO - Processing /home/airflow/.local/lib/python3.12/site-packages/airflow/example_dags/example_latest_only.py took 0.079 seconds
[2025-03-14T21:44:59.936+0000] {processor.py:186} INFO - Started process (PID=201) to work on /home/airflow/.local/lib/python3.12/site-packages/airflow/example_dags/example_latest_only.py
[2025-03-14T21:44:59.939+0000] {processor.py:914} INFO - Processing file /home/airflow/.local/lib/python3.12/site-packages/airflow/example_dags/example_latest_only.py for tasks to queue
[2025-03-14T21:44:59.948+0000] {logging_mixin.py:190} INFO - [2025-03-14T21:44:59.947+0000] {dagbag.py:588} INFO - Filling up the DagBag from /home/airflow/.local/lib/python3.12/site-packages/airflow/example_dags/example_latest_only.py
[2025-03-14T21:44:59.961+0000] {processor.py:925} INFO - DAG(s) 'latest_only' retrieved from /home/airflow/.local/lib/python3.12/site-packages/airflow/example_dags/example_latest_only.py
[2025-03-14T21:44:59.994+0000] {logging_mixin.py:190} INFO - [2025-03-14T21:44:59.994+0000] {dag.py:3239} INFO - Sync 1 DAGs
[2025-03-14T21:45:00.031+0000] {logging_mixin.py:190} INFO - [2025-03-14T21:45:00.030+0000] {dag.py:4180} INFO - Setting next_dagrun for latest_only to 2025-03-14 16:00:00+00:00, run_after=2025-03-14 20:00:00+00:00
[2025-03-14T21:45:00.046+0000] {processor.py:208} INFO - Processing /home/airflow/.local/lib/python3.12/site-packages/airflow/example_dags/example_latest_only.py took 0.126 seconds
[2025-03-14T21:45:30.131+0000] {processor.py:186} INFO - Started process (PID=263) to work on /home/airflow/.local/lib/python3.12/site-packages/airflow/example_dags/example_latest_only.py
[2025-03-14T21:45:30.132+0000] {processor.py:914} INFO - Processing file /home/airflow/.local/lib/python3.12/site-packages/airflow/example_dags/example_latest_only.py for tasks to queue
[2025-03-14T21:45:30.135+0000] {logging_mixin.py:190} INFO - [2025-03-14T21:45:30.135+0000] {dagbag.py:588} INFO - Filling up the DagBag from /home/airflow/.local/lib/python3.12/site-packages/airflow/example_dags/example_latest_only.py
[2025-03-14T21:45:30.152+0000] {processor.py:925} INFO - DAG(s) 'latest_only' retrieved from /home/airflow/.local/lib/python3.12/site-packages/airflow/example_dags/example_latest_only.py
[2025-03-14T21:45:30.184+0000] {logging_mixin.py:190} INFO - [2025-03-14T21:45:30.184+0000] {dag.py:3239} INFO - Sync 1 DAGs
[2025-03-14T21:45:30.231+0000] {logging_mixin.py:190} INFO - [2025-03-14T21:45:30.230+0000] {dag.py:4180} INFO - Setting next_dagrun for latest_only to 2025-03-14 16:00:00+00:00, run_after=2025-03-14 20:00:00+00:00
[2025-03-14T21:45:30.263+0000] {processor.py:208} INFO - Processing /home/airflow/.local/lib/python3.12/site-packages/airflow/example_dags/example_latest_only.py took 0.140 seconds
[2025-03-14T21:46:01.832+0000] {processor.py:186} INFO - Started process (PID=326) to work on /home/airflow/.local/lib/python3.12/site-packages/airflow/example_dags/example_latest_only.py
[2025-03-14T21:46:01.832+0000] {processor.py:914} INFO - Processing file /home/airflow/.local/lib/python3.12/site-packages/airflow/example_dags/example_latest_only.py for tasks to queue
[2025-03-14T21:46:01.834+0000] {logging_mixin.py:190} INFO - [2025-03-14T21:46:01.833+0000] {dagbag.py:588} INFO - Filling up the DagBag from /home/airflow/.local/lib/python3.12/site-packages/airflow/example_dags/example_latest_only.py
[2025-03-14T21:46:01.838+0000] {processor.py:925} INFO - DAG(s) 'latest_only' retrieved from /home/airflow/.local/lib/python3.12/site-packages/airflow/example_dags/example_latest_only.py
[2025-03-14T21:46:01.851+0000] {logging_mixin.py:190} INFO - [2025-03-14T21:46:01.851+0000] {dag.py:3239} INFO - Sync 1 DAGs
[2025-03-14T21:46:01.863+0000] {logging_mixin.py:190} INFO - [2025-03-14T21:46:01.863+0000] {dag.py:4180} INFO - Setting next_dagrun for latest_only to 2025-03-14 16:00:00+00:00, run_after=2025-03-14 20:00:00+00:00
[2025-03-14T21:46:01.870+0000] {processor.py:208} INFO - Processing /home/airflow/.local/lib/python3.12/site-packages/airflow/example_dags/example_latest_only.py took 0.042 seconds
[2025-03-14T21:46:36.514+0000] {processor.py:186} INFO - Started process (PID=389) to work on /home/airflow/.local/lib/python3.12/site-packages/airflow/example_dags/example_latest_only.py
[2025-03-14T21:46:36.517+0000] {processor.py:914} INFO - Processing file /home/airflow/.local/lib/python3.12/site-packages/airflow/example_dags/example_latest_only.py for tasks to queue
[2025-03-14T21:46:36.526+0000] {logging_mixin.py:190} INFO - [2025-03-14T21:46:36.526+0000] {dagbag.py:588} INFO - Filling up the DagBag from /home/airflow/.local/lib/python3.12/site-packages/airflow/example_dags/example_latest_only.py
[2025-03-14T21:46:36.546+0000] {processor.py:925} INFO - DAG(s) 'latest_only' retrieved from /home/airflow/.local/lib/python3.12/site-packages/airflow/example_dags/example_latest_only.py
[2025-03-14T21:46:36.562+0000] {logging_mixin.py:190} INFO - [2025-03-14T21:46:36.562+0000] {dag.py:3239} INFO - Sync 1 DAGs
[2025-03-14T21:46:36.609+0000] {logging_mixin.py:190} INFO - [2025-03-14T21:46:36.609+0000] {dag.py:4180} INFO - Setting next_dagrun for latest_only to 2025-03-14 16:00:00+00:00, run_after=2025-03-14 20:00:00+00:00
[2025-03-14T21:46:36.648+0000] {processor.py:208} INFO - Processing /home/airflow/.local/lib/python3.12/site-packages/airflow/example_dags/example_latest_only.py took 0.141 seconds
[2025-03-14T21:51:59.293+0000] {processor.py:186} INFO - Started process (PID=68) to work on /home/airflow/.local/lib/python3.12/site-packages/airflow/example_dags/example_latest_only.py
[2025-03-14T21:51:59.301+0000] {processor.py:914} INFO - Processing file /home/airflow/.local/lib/python3.12/site-packages/airflow/example_dags/example_latest_only.py for tasks to queue
[2025-03-14T21:51:59.326+0000] {logging_mixin.py:190} INFO - [2025-03-14T21:51:59.325+0000] {dagbag.py:588} INFO - Filling up the DagBag from /home/airflow/.local/lib/python3.12/site-packages/airflow/example_dags/example_latest_only.py
[2025-03-14T21:51:59.358+0000] {processor.py:925} INFO - DAG(s) 'latest_only' retrieved from /home/airflow/.local/lib/python3.12/site-packages/airflow/example_dags/example_latest_only.py
[2025-03-14T21:51:59.503+0000] {logging_mixin.py:190} INFO - [2025-03-14T21:51:59.503+0000] {dag.py:3239} INFO - Sync 1 DAGs
[2025-03-14T21:51:59.543+0000] {logging_mixin.py:190} INFO - [2025-03-14T21:51:59.543+0000] {dag.py:4180} INFO - Setting next_dagrun for latest_only to 2025-03-14 16:00:00+00:00, run_after=2025-03-14 20:00:00+00:00
[2025-03-14T21:51:59.556+0000] {processor.py:208} INFO - Processing /home/airflow/.local/lib/python3.12/site-packages/airflow/example_dags/example_latest_only.py took 0.291 seconds
[2025-03-14T21:52:29.579+0000] {processor.py:186} INFO - Started process (PID=131) to work on /home/airflow/.local/lib/python3.12/site-packages/airflow/example_dags/example_latest_only.py
[2025-03-14T21:52:29.581+0000] {processor.py:914} INFO - Processing file /home/airflow/.local/lib/python3.12/site-packages/airflow/example_dags/example_latest_only.py for tasks to queue
[2025-03-14T21:52:29.582+0000] {logging_mixin.py:190} INFO - [2025-03-14T21:52:29.581+0000] {dagbag.py:588} INFO - Filling up the DagBag from /home/airflow/.local/lib/python3.12/site-packages/airflow/example_dags/example_latest_only.py
[2025-03-14T21:52:29.585+0000] {processor.py:925} INFO - DAG(s) 'latest_only' retrieved from /home/airflow/.local/lib/python3.12/site-packages/airflow/example_dags/example_latest_only.py
[2025-03-14T21:52:29.593+0000] {logging_mixin.py:190} INFO - [2025-03-14T21:52:29.593+0000] {dag.py:3239} INFO - Sync 1 DAGs
[2025-03-14T21:52:29.603+0000] {logging_mixin.py:190} INFO - [2025-03-14T21:52:29.603+0000] {dag.py:4180} INFO - Setting next_dagrun for latest_only to 2025-03-14 16:00:00+00:00, run_after=2025-03-14 20:00:00+00:00
[2025-03-14T21:52:29.610+0000] {processor.py:208} INFO - Processing /home/airflow/.local/lib/python3.12/site-packages/airflow/example_dags/example_latest_only.py took 0.034 seconds
[2025-03-14T21:52:59.662+0000] {processor.py:186} INFO - Started process (PID=194) to work on /home/airflow/.local/lib/python3.12/site-packages/airflow/example_dags/example_latest_only.py
[2025-03-14T21:52:59.664+0000] {processor.py:914} INFO - Processing file /home/airflow/.local/lib/python3.12/site-packages/airflow/example_dags/example_latest_only.py for tasks to queue
[2025-03-14T21:52:59.668+0000] {logging_mixin.py:190} INFO - [2025-03-14T21:52:59.668+0000] {dagbag.py:588} INFO - Filling up the DagBag from /home/airflow/.local/lib/python3.12/site-packages/airflow/example_dags/example_latest_only.py
[2025-03-14T21:52:59.676+0000] {processor.py:925} INFO - DAG(s) 'latest_only' retrieved from /home/airflow/.local/lib/python3.12/site-packages/airflow/example_dags/example_latest_only.py
[2025-03-14T21:52:59.689+0000] {logging_mixin.py:190} INFO - [2025-03-14T21:52:59.689+0000] {dag.py:3239} INFO - Sync 1 DAGs
[2025-03-14T21:52:59.706+0000] {logging_mixin.py:190} INFO - [2025-03-14T21:52:59.706+0000] {dag.py:4180} INFO - Setting next_dagrun for latest_only to 2025-03-14 16:00:00+00:00, run_after=2025-03-14 20:00:00+00:00
[2025-03-14T21:52:59.716+0000] {processor.py:208} INFO - Processing /home/airflow/.local/lib/python3.12/site-packages/airflow/example_dags/example_latest_only.py took 0.060 seconds
[2025-03-14T21:53:30.081+0000] {processor.py:186} INFO - Started process (PID=257) to work on /home/airflow/.local/lib/python3.12/site-packages/airflow/example_dags/example_latest_only.py
[2025-03-14T21:53:30.083+0000] {processor.py:914} INFO - Processing file /home/airflow/.local/lib/python3.12/site-packages/airflow/example_dags/example_latest_only.py for tasks to queue
[2025-03-14T21:53:30.086+0000] {logging_mixin.py:190} INFO - [2025-03-14T21:53:30.086+0000] {dagbag.py:588} INFO - Filling up the DagBag from /home/airflow/.local/lib/python3.12/site-packages/airflow/example_dags/example_latest_only.py
[2025-03-14T21:53:30.096+0000] {processor.py:925} INFO - DAG(s) 'latest_only' retrieved from /home/airflow/.local/lib/python3.12/site-packages/airflow/example_dags/example_latest_only.py
[2025-03-14T21:53:30.135+0000] {logging_mixin.py:190} INFO - [2025-03-14T21:53:30.135+0000] {dag.py:3239} INFO - Sync 1 DAGs
[2025-03-14T21:53:30.166+0000] {logging_mixin.py:190} INFO - [2025-03-14T21:53:30.166+0000] {dag.py:4180} INFO - Setting next_dagrun for latest_only to 2025-03-14 16:00:00+00:00, run_after=2025-03-14 20:00:00+00:00
[2025-03-14T21:53:30.183+0000] {processor.py:208} INFO - Processing /home/airflow/.local/lib/python3.12/site-packages/airflow/example_dags/example_latest_only.py took 0.144 seconds
[2025-03-14T21:54:00.230+0000] {processor.py:186} INFO - Started process (PID=319) to work on /home/airflow/.local/lib/python3.12/site-packages/airflow/example_dags/example_latest_only.py
[2025-03-14T21:54:00.230+0000] {processor.py:914} INFO - Processing file /home/airflow/.local/lib/python3.12/site-packages/airflow/example_dags/example_latest_only.py for tasks to queue
[2025-03-14T21:54:00.232+0000] {logging_mixin.py:190} INFO - [2025-03-14T21:54:00.231+0000] {dagbag.py:588} INFO - Filling up the DagBag from /home/airflow/.local/lib/python3.12/site-packages/airflow/example_dags/example_latest_only.py
[2025-03-14T21:54:00.235+0000] {processor.py:925} INFO - DAG(s) 'latest_only' retrieved from /home/airflow/.local/lib/python3.12/site-packages/airflow/example_dags/example_latest_only.py
[2025-03-14T21:54:00.244+0000] {logging_mixin.py:190} INFO - [2025-03-14T21:54:00.244+0000] {dag.py:3239} INFO - Sync 1 DAGs
[2025-03-14T21:54:00.254+0000] {logging_mixin.py:190} INFO - [2025-03-14T21:54:00.254+0000] {dag.py:4180} INFO - Setting next_dagrun for latest_only to 2025-03-14 16:00:00+00:00, run_after=2025-03-14 20:00:00+00:00
[2025-03-14T21:54:00.261+0000] {processor.py:208} INFO - Processing /home/airflow/.local/lib/python3.12/site-packages/airflow/example_dags/example_latest_only.py took 0.034 seconds
[2025-03-14T21:54:31.196+0000] {processor.py:186} INFO - Started process (PID=382) to work on /home/airflow/.local/lib/python3.12/site-packages/airflow/example_dags/example_latest_only.py
[2025-03-14T21:54:31.207+0000] {processor.py:914} INFO - Processing file /home/airflow/.local/lib/python3.12/site-packages/airflow/example_dags/example_latest_only.py for tasks to queue
[2025-03-14T21:54:31.239+0000] {logging_mixin.py:190} INFO - [2025-03-14T21:54:31.237+0000] {dagbag.py:588} INFO - Filling up the DagBag from /home/airflow/.local/lib/python3.12/site-packages/airflow/example_dags/example_latest_only.py
[2025-03-14T21:54:31.316+0000] {processor.py:925} INFO - DAG(s) 'latest_only' retrieved from /home/airflow/.local/lib/python3.12/site-packages/airflow/example_dags/example_latest_only.py
[2025-03-14T21:54:31.379+0000] {logging_mixin.py:190} INFO - [2025-03-14T21:54:31.378+0000] {dag.py:3239} INFO - Sync 1 DAGs
[2025-03-14T21:54:31.429+0000] {logging_mixin.py:190} INFO - [2025-03-14T21:54:31.429+0000] {dag.py:4180} INFO - Setting next_dagrun for latest_only to 2025-03-14 16:00:00+00:00, run_after=2025-03-14 20:00:00+00:00
[2025-03-14T21:54:31.454+0000] {processor.py:208} INFO - Processing /home/airflow/.local/lib/python3.12/site-packages/airflow/example_dags/example_latest_only.py took 0.411 seconds
[2025-03-14T21:55:02.192+0000] {processor.py:186} INFO - Started process (PID=446) to work on /home/airflow/.local/lib/python3.12/site-packages/airflow/example_dags/example_latest_only.py
[2025-03-14T21:55:02.193+0000] {processor.py:914} INFO - Processing file /home/airflow/.local/lib/python3.12/site-packages/airflow/example_dags/example_latest_only.py for tasks to queue
[2025-03-14T21:55:02.194+0000] {logging_mixin.py:190} INFO - [2025-03-14T21:55:02.194+0000] {dagbag.py:588} INFO - Filling up the DagBag from /home/airflow/.local/lib/python3.12/site-packages/airflow/example_dags/example_latest_only.py
[2025-03-14T21:55:02.199+0000] {processor.py:925} INFO - DAG(s) 'latest_only' retrieved from /home/airflow/.local/lib/python3.12/site-packages/airflow/example_dags/example_latest_only.py
[2025-03-14T21:55:02.211+0000] {logging_mixin.py:190} INFO - [2025-03-14T21:55:02.211+0000] {dag.py:3239} INFO - Sync 1 DAGs
[2025-03-14T21:55:02.225+0000] {logging_mixin.py:190} INFO - [2025-03-14T21:55:02.225+0000] {dag.py:4180} INFO - Setting next_dagrun for latest_only to 2025-03-14 16:00:00+00:00, run_after=2025-03-14 20:00:00+00:00
[2025-03-14T21:55:02.235+0000] {processor.py:208} INFO - Processing /home/airflow/.local/lib/python3.12/site-packages/airflow/example_dags/example_latest_only.py took 0.048 seconds
[2025-03-14T21:55:33.226+0000] {processor.py:186} INFO - Started process (PID=509) to work on /home/airflow/.local/lib/python3.12/site-packages/airflow/example_dags/example_latest_only.py
[2025-03-14T21:55:33.227+0000] {processor.py:914} INFO - Processing file /home/airflow/.local/lib/python3.12/site-packages/airflow/example_dags/example_latest_only.py for tasks to queue
[2025-03-14T21:55:33.229+0000] {logging_mixin.py:190} INFO - [2025-03-14T21:55:33.228+0000] {dagbag.py:588} INFO - Filling up the DagBag from /home/airflow/.local/lib/python3.12/site-packages/airflow/example_dags/example_latest_only.py
[2025-03-14T21:55:33.233+0000] {processor.py:925} INFO - DAG(s) 'latest_only' retrieved from /home/airflow/.local/lib/python3.12/site-packages/airflow/example_dags/example_latest_only.py
[2025-03-14T21:55:33.253+0000] {logging_mixin.py:190} INFO - [2025-03-14T21:55:33.253+0000] {dag.py:3239} INFO - Sync 1 DAGs
[2025-03-14T21:55:33.281+0000] {logging_mixin.py:190} INFO - [2025-03-14T21:55:33.281+0000] {dag.py:4180} INFO - Setting next_dagrun for latest_only to 2025-03-14 16:00:00+00:00, run_after=2025-03-14 20:00:00+00:00
[2025-03-14T21:55:33.294+0000] {processor.py:208} INFO - Processing /home/airflow/.local/lib/python3.12/site-packages/airflow/example_dags/example_latest_only.py took 0.072 seconds
[2025-03-14T21:56:03.561+0000] {processor.py:186} INFO - Started process (PID=572) to work on /home/airflow/.local/lib/python3.12/site-packages/airflow/example_dags/example_latest_only.py
[2025-03-14T21:56:03.562+0000] {processor.py:914} INFO - Processing file /home/airflow/.local/lib/python3.12/site-packages/airflow/example_dags/example_latest_only.py for tasks to queue
[2025-03-14T21:56:03.564+0000] {logging_mixin.py:190} INFO - [2025-03-14T21:56:03.563+0000] {dagbag.py:588} INFO - Filling up the DagBag from /home/airflow/.local/lib/python3.12/site-packages/airflow/example_dags/example_latest_only.py
[2025-03-14T21:56:03.568+0000] {processor.py:925} INFO - DAG(s) 'latest_only' retrieved from /home/airflow/.local/lib/python3.12/site-packages/airflow/example_dags/example_latest_only.py
[2025-03-14T21:56:03.582+0000] {logging_mixin.py:190} INFO - [2025-03-14T21:56:03.582+0000] {dag.py:3239} INFO - Sync 1 DAGs
[2025-03-14T21:56:03.596+0000] {logging_mixin.py:190} INFO - [2025-03-14T21:56:03.596+0000] {dag.py:4180} INFO - Setting next_dagrun for latest_only to 2025-03-14 16:00:00+00:00, run_after=2025-03-14 20:00:00+00:00
[2025-03-14T21:56:03.612+0000] {processor.py:208} INFO - Processing /home/airflow/.local/lib/python3.12/site-packages/airflow/example_dags/example_latest_only.py took 0.057 seconds
[2025-03-14T21:56:34.185+0000] {processor.py:186} INFO - Started process (PID=636) to work on /home/airflow/.local/lib/python3.12/site-packages/airflow/example_dags/example_latest_only.py
[2025-03-14T21:56:34.185+0000] {processor.py:914} INFO - Processing file /home/airflow/.local/lib/python3.12/site-packages/airflow/example_dags/example_latest_only.py for tasks to queue
[2025-03-14T21:56:34.186+0000] {logging_mixin.py:190} INFO - [2025-03-14T21:56:34.186+0000] {dagbag.py:588} INFO - Filling up the DagBag from /home/airflow/.local/lib/python3.12/site-packages/airflow/example_dags/example_latest_only.py
[2025-03-14T21:56:34.190+0000] {processor.py:925} INFO - DAG(s) 'latest_only' retrieved from /home/airflow/.local/lib/python3.12/site-packages/airflow/example_dags/example_latest_only.py
[2025-03-14T21:56:34.206+0000] {logging_mixin.py:190} INFO - [2025-03-14T21:56:34.206+0000] {dag.py:3239} INFO - Sync 1 DAGs
[2025-03-14T21:56:34.226+0000] {logging_mixin.py:190} INFO - [2025-03-14T21:56:34.226+0000] {dag.py:4180} INFO - Setting next_dagrun for latest_only to 2025-03-14 16:00:00+00:00, run_after=2025-03-14 20:00:00+00:00
[2025-03-14T21:56:34.236+0000] {processor.py:208} INFO - Processing /home/airflow/.local/lib/python3.12/site-packages/airflow/example_dags/example_latest_only.py took 0.054 seconds
[2025-03-14T21:57:04.740+0000] {processor.py:186} INFO - Started process (PID=699) to work on /home/airflow/.local/lib/python3.12/site-packages/airflow/example_dags/example_latest_only.py
[2025-03-14T21:57:04.741+0000] {processor.py:914} INFO - Processing file /home/airflow/.local/lib/python3.12/site-packages/airflow/example_dags/example_latest_only.py for tasks to queue
[2025-03-14T21:57:04.742+0000] {logging_mixin.py:190} INFO - [2025-03-14T21:57:04.742+0000] {dagbag.py:588} INFO - Filling up the DagBag from /home/airflow/.local/lib/python3.12/site-packages/airflow/example_dags/example_latest_only.py
[2025-03-14T21:57:04.746+0000] {processor.py:925} INFO - DAG(s) 'latest_only' retrieved from /home/airflow/.local/lib/python3.12/site-packages/airflow/example_dags/example_latest_only.py
[2025-03-14T21:57:04.759+0000] {logging_mixin.py:190} INFO - [2025-03-14T21:57:04.758+0000] {dag.py:3239} INFO - Sync 1 DAGs
[2025-03-14T21:57:04.786+0000] {logging_mixin.py:190} INFO - [2025-03-14T21:57:04.786+0000] {dag.py:4180} INFO - Setting next_dagrun for latest_only to 2025-03-14 16:00:00+00:00, run_after=2025-03-14 20:00:00+00:00
[2025-03-14T21:57:04.806+0000] {processor.py:208} INFO - Processing /home/airflow/.local/lib/python3.12/site-packages/airflow/example_dags/example_latest_only.py took 0.069 seconds
[2025-03-14T21:57:35.354+0000] {processor.py:186} INFO - Started process (PID=762) to work on /home/airflow/.local/lib/python3.12/site-packages/airflow/example_dags/example_latest_only.py
[2025-03-14T21:57:35.355+0000] {processor.py:914} INFO - Processing file /home/airflow/.local/lib/python3.12/site-packages/airflow/example_dags/example_latest_only.py for tasks to queue
[2025-03-14T21:57:35.357+0000] {logging_mixin.py:190} INFO - [2025-03-14T21:57:35.356+0000] {dagbag.py:588} INFO - Filling up the DagBag from /home/airflow/.local/lib/python3.12/site-packages/airflow/example_dags/example_latest_only.py
[2025-03-14T21:57:35.361+0000] {processor.py:925} INFO - DAG(s) 'latest_only' retrieved from /home/airflow/.local/lib/python3.12/site-packages/airflow/example_dags/example_latest_only.py
[2025-03-14T21:57:35.373+0000] {logging_mixin.py:190} INFO - [2025-03-14T21:57:35.373+0000] {dag.py:3239} INFO - Sync 1 DAGs
[2025-03-14T21:57:35.392+0000] {logging_mixin.py:190} INFO - [2025-03-14T21:57:35.392+0000] {dag.py:4180} INFO - Setting next_dagrun for latest_only to 2025-03-14 16:00:00+00:00, run_after=2025-03-14 20:00:00+00:00
[2025-03-14T21:57:35.404+0000] {processor.py:208} INFO - Processing /home/airflow/.local/lib/python3.12/site-packages/airflow/example_dags/example_latest_only.py took 0.056 seconds
[2025-03-14T21:58:05.658+0000] {processor.py:186} INFO - Started process (PID=825) to work on /home/airflow/.local/lib/python3.12/site-packages/airflow/example_dags/example_latest_only.py
[2025-03-14T21:58:05.659+0000] {processor.py:914} INFO - Processing file /home/airflow/.local/lib/python3.12/site-packages/airflow/example_dags/example_latest_only.py for tasks to queue
[2025-03-14T21:58:05.660+0000] {logging_mixin.py:190} INFO - [2025-03-14T21:58:05.660+0000] {dagbag.py:588} INFO - Filling up the DagBag from /home/airflow/.local/lib/python3.12/site-packages/airflow/example_dags/example_latest_only.py
[2025-03-14T21:58:05.665+0000] {processor.py:925} INFO - DAG(s) 'latest_only' retrieved from /home/airflow/.local/lib/python3.12/site-packages/airflow/example_dags/example_latest_only.py
[2025-03-14T21:58:05.679+0000] {logging_mixin.py:190} INFO - [2025-03-14T21:58:05.679+0000] {dag.py:3239} INFO - Sync 1 DAGs
[2025-03-14T21:58:05.699+0000] {logging_mixin.py:190} INFO - [2025-03-14T21:58:05.698+0000] {dag.py:4180} INFO - Setting next_dagrun for latest_only to 2025-03-14 16:00:00+00:00, run_after=2025-03-14 20:00:00+00:00
[2025-03-14T21:58:05.709+0000] {processor.py:208} INFO - Processing /home/airflow/.local/lib/python3.12/site-packages/airflow/example_dags/example_latest_only.py took 0.055 seconds
[2025-03-14T21:58:36.416+0000] {processor.py:186} INFO - Started process (PID=888) to work on /home/airflow/.local/lib/python3.12/site-packages/airflow/example_dags/example_latest_only.py
[2025-03-14T21:58:36.417+0000] {processor.py:914} INFO - Processing file /home/airflow/.local/lib/python3.12/site-packages/airflow/example_dags/example_latest_only.py for tasks to queue
[2025-03-14T21:58:36.419+0000] {logging_mixin.py:190} INFO - [2025-03-14T21:58:36.419+0000] {dagbag.py:588} INFO - Filling up the DagBag from /home/airflow/.local/lib/python3.12/site-packages/airflow/example_dags/example_latest_only.py
[2025-03-14T21:58:36.423+0000] {processor.py:925} INFO - DAG(s) 'latest_only' retrieved from /home/airflow/.local/lib/python3.12/site-packages/airflow/example_dags/example_latest_only.py
[2025-03-14T21:58:36.441+0000] {logging_mixin.py:190} INFO - [2025-03-14T21:58:36.441+0000] {dag.py:3239} INFO - Sync 1 DAGs
[2025-03-14T21:58:36.459+0000] {logging_mixin.py:190} INFO - [2025-03-14T21:58:36.458+0000] {dag.py:4180} INFO - Setting next_dagrun for latest_only to 2025-03-14 16:00:00+00:00, run_after=2025-03-14 20:00:00+00:00
[2025-03-14T21:58:36.469+0000] {processor.py:208} INFO - Processing /home/airflow/.local/lib/python3.12/site-packages/airflow/example_dags/example_latest_only.py took 0.056 seconds
[2025-03-14T21:59:06.670+0000] {processor.py:186} INFO - Started process (PID=951) to work on /home/airflow/.local/lib/python3.12/site-packages/airflow/example_dags/example_latest_only.py
[2025-03-14T21:59:06.671+0000] {processor.py:914} INFO - Processing file /home/airflow/.local/lib/python3.12/site-packages/airflow/example_dags/example_latest_only.py for tasks to queue
[2025-03-14T21:59:06.673+0000] {logging_mixin.py:190} INFO - [2025-03-14T21:59:06.672+0000] {dagbag.py:588} INFO - Filling up the DagBag from /home/airflow/.local/lib/python3.12/site-packages/airflow/example_dags/example_latest_only.py
[2025-03-14T21:59:06.678+0000] {processor.py:925} INFO - DAG(s) 'latest_only' retrieved from /home/airflow/.local/lib/python3.12/site-packages/airflow/example_dags/example_latest_only.py
[2025-03-14T21:59:06.698+0000] {logging_mixin.py:190} INFO - [2025-03-14T21:59:06.697+0000] {dag.py:3239} INFO - Sync 1 DAGs
[2025-03-14T21:59:06.718+0000] {logging_mixin.py:190} INFO - [2025-03-14T21:59:06.718+0000] {dag.py:4180} INFO - Setting next_dagrun for latest_only to 2025-03-14 16:00:00+00:00, run_after=2025-03-14 20:00:00+00:00
[2025-03-14T21:59:06.731+0000] {processor.py:208} INFO - Processing /home/airflow/.local/lib/python3.12/site-packages/airflow/example_dags/example_latest_only.py took 0.064 seconds
[2025-03-14T21:59:37.035+0000] {processor.py:186} INFO - Started process (PID=1014) to work on /home/airflow/.local/lib/python3.12/site-packages/airflow/example_dags/example_latest_only.py
[2025-03-14T21:59:37.036+0000] {processor.py:914} INFO - Processing file /home/airflow/.local/lib/python3.12/site-packages/airflow/example_dags/example_latest_only.py for tasks to queue
[2025-03-14T21:59:37.037+0000] {logging_mixin.py:190} INFO - [2025-03-14T21:59:37.037+0000] {dagbag.py:588} INFO - Filling up the DagBag from /home/airflow/.local/lib/python3.12/site-packages/airflow/example_dags/example_latest_only.py
[2025-03-14T21:59:37.041+0000] {processor.py:925} INFO - DAG(s) 'latest_only' retrieved from /home/airflow/.local/lib/python3.12/site-packages/airflow/example_dags/example_latest_only.py
[2025-03-14T21:59:37.051+0000] {logging_mixin.py:190} INFO - [2025-03-14T21:59:37.051+0000] {dag.py:3239} INFO - Sync 1 DAGs
[2025-03-14T21:59:37.067+0000] {logging_mixin.py:190} INFO - [2025-03-14T21:59:37.067+0000] {dag.py:4180} INFO - Setting next_dagrun for latest_only to 2025-03-14 16:00:00+00:00, run_after=2025-03-14 20:00:00+00:00
[2025-03-14T21:59:37.084+0000] {processor.py:208} INFO - Processing /home/airflow/.local/lib/python3.12/site-packages/airflow/example_dags/example_latest_only.py took 0.052 seconds
[2025-03-14T22:00:07.399+0000] {processor.py:186} INFO - Started process (PID=1077) to work on /home/airflow/.local/lib/python3.12/site-packages/airflow/example_dags/example_latest_only.py
[2025-03-14T22:00:07.403+0000] {processor.py:914} INFO - Processing file /home/airflow/.local/lib/python3.12/site-packages/airflow/example_dags/example_latest_only.py for tasks to queue
[2025-03-14T22:00:07.405+0000] {logging_mixin.py:190} INFO - [2025-03-14T22:00:07.404+0000] {dagbag.py:588} INFO - Filling up the DagBag from /home/airflow/.local/lib/python3.12/site-packages/airflow/example_dags/example_latest_only.py
[2025-03-14T22:00:07.411+0000] {processor.py:925} INFO - DAG(s) 'latest_only' retrieved from /home/airflow/.local/lib/python3.12/site-packages/airflow/example_dags/example_latest_only.py
[2025-03-14T22:00:07.425+0000] {logging_mixin.py:190} INFO - [2025-03-14T22:00:07.425+0000] {dag.py:3239} INFO - Sync 1 DAGs
[2025-03-14T22:00:07.437+0000] {logging_mixin.py:190} INFO - [2025-03-14T22:00:07.437+0000] {dag.py:4180} INFO - Setting next_dagrun for latest_only to 2025-03-14 16:00:00+00:00, run_after=2025-03-14 20:00:00+00:00
[2025-03-14T22:00:07.445+0000] {processor.py:208} INFO - Processing /home/airflow/.local/lib/python3.12/site-packages/airflow/example_dags/example_latest_only.py took 0.050 seconds
[2025-03-14T22:00:38.122+0000] {processor.py:186} INFO - Started process (PID=1140) to work on /home/airflow/.local/lib/python3.12/site-packages/airflow/example_dags/example_latest_only.py
[2025-03-14T22:00:38.127+0000] {processor.py:914} INFO - Processing file /home/airflow/.local/lib/python3.12/site-packages/airflow/example_dags/example_latest_only.py for tasks to queue
[2025-03-14T22:00:38.128+0000] {logging_mixin.py:190} INFO - [2025-03-14T22:00:38.128+0000] {dagbag.py:588} INFO - Filling up the DagBag from /home/airflow/.local/lib/python3.12/site-packages/airflow/example_dags/example_latest_only.py
[2025-03-14T22:00:38.131+0000] {processor.py:925} INFO - DAG(s) 'latest_only' retrieved from /home/airflow/.local/lib/python3.12/site-packages/airflow/example_dags/example_latest_only.py
[2025-03-14T22:00:38.143+0000] {logging_mixin.py:190} INFO - [2025-03-14T22:00:38.143+0000] {dag.py:3239} INFO - Sync 1 DAGs
[2025-03-14T22:00:38.155+0000] {logging_mixin.py:190} INFO - [2025-03-14T22:00:38.155+0000] {dag.py:4180} INFO - Setting next_dagrun for latest_only to 2025-03-14 16:00:00+00:00, run_after=2025-03-14 20:00:00+00:00
[2025-03-14T22:00:38.166+0000] {processor.py:208} INFO - Processing /home/airflow/.local/lib/python3.12/site-packages/airflow/example_dags/example_latest_only.py took 0.047 seconds
[2025-03-14T22:01:08.203+0000] {processor.py:186} INFO - Started process (PID=1202) to work on /home/airflow/.local/lib/python3.12/site-packages/airflow/example_dags/example_latest_only.py
[2025-03-14T22:01:08.204+0000] {processor.py:914} INFO - Processing file /home/airflow/.local/lib/python3.12/site-packages/airflow/example_dags/example_latest_only.py for tasks to queue
[2025-03-14T22:01:08.205+0000] {logging_mixin.py:190} INFO - [2025-03-14T22:01:08.205+0000] {dagbag.py:588} INFO - Filling up the DagBag from /home/airflow/.local/lib/python3.12/site-packages/airflow/example_dags/example_latest_only.py
[2025-03-14T22:01:08.209+0000] {processor.py:925} INFO - DAG(s) 'latest_only' retrieved from /home/airflow/.local/lib/python3.12/site-packages/airflow/example_dags/example_latest_only.py
[2025-03-14T22:01:08.217+0000] {logging_mixin.py:190} INFO - [2025-03-14T22:01:08.217+0000] {dag.py:3239} INFO - Sync 1 DAGs
[2025-03-14T22:01:08.227+0000] {logging_mixin.py:190} INFO - [2025-03-14T22:01:08.227+0000] {dag.py:4180} INFO - Setting next_dagrun for latest_only to 2025-03-14 16:00:00+00:00, run_after=2025-03-14 20:00:00+00:00
[2025-03-14T22:01:08.234+0000] {processor.py:208} INFO - Processing /home/airflow/.local/lib/python3.12/site-packages/airflow/example_dags/example_latest_only.py took 0.034 seconds
[2025-03-14T22:01:38.980+0000] {processor.py:186} INFO - Started process (PID=1266) to work on /home/airflow/.local/lib/python3.12/site-packages/airflow/example_dags/example_latest_only.py
[2025-03-14T22:01:38.980+0000] {processor.py:914} INFO - Processing file /home/airflow/.local/lib/python3.12/site-packages/airflow/example_dags/example_latest_only.py for tasks to queue
[2025-03-14T22:01:38.982+0000] {logging_mixin.py:190} INFO - [2025-03-14T22:01:38.982+0000] {dagbag.py:588} INFO - Filling up the DagBag from /home/airflow/.local/lib/python3.12/site-packages/airflow/example_dags/example_latest_only.py
[2025-03-14T22:01:38.986+0000] {processor.py:925} INFO - DAG(s) 'latest_only' retrieved from /home/airflow/.local/lib/python3.12/site-packages/airflow/example_dags/example_latest_only.py
[2025-03-14T22:01:38.997+0000] {logging_mixin.py:190} INFO - [2025-03-14T22:01:38.997+0000] {dag.py:3239} INFO - Sync 1 DAGs
[2025-03-14T22:01:39.008+0000] {logging_mixin.py:190} INFO - [2025-03-14T22:01:39.008+0000] {dag.py:4180} INFO - Setting next_dagrun for latest_only to 2025-03-14 16:00:00+00:00, run_after=2025-03-14 20:00:00+00:00
[2025-03-14T22:01:39.016+0000] {processor.py:208} INFO - Processing /home/airflow/.local/lib/python3.12/site-packages/airflow/example_dags/example_latest_only.py took 0.039 seconds
[2025-03-14T22:02:09.549+0000] {processor.py:186} INFO - Started process (PID=1329) to work on /home/airflow/.local/lib/python3.12/site-packages/airflow/example_dags/example_latest_only.py
[2025-03-14T22:02:09.550+0000] {processor.py:914} INFO - Processing file /home/airflow/.local/lib/python3.12/site-packages/airflow/example_dags/example_latest_only.py for tasks to queue
[2025-03-14T22:02:09.551+0000] {logging_mixin.py:190} INFO - [2025-03-14T22:02:09.551+0000] {dagbag.py:588} INFO - Filling up the DagBag from /home/airflow/.local/lib/python3.12/site-packages/airflow/example_dags/example_latest_only.py
[2025-03-14T22:02:09.556+0000] {processor.py:925} INFO - DAG(s) 'latest_only' retrieved from /home/airflow/.local/lib/python3.12/site-packages/airflow/example_dags/example_latest_only.py
[2025-03-14T22:02:09.567+0000] {logging_mixin.py:190} INFO - [2025-03-14T22:02:09.567+0000] {dag.py:3239} INFO - Sync 1 DAGs
[2025-03-14T22:02:09.589+0000] {logging_mixin.py:190} INFO - [2025-03-14T22:02:09.588+0000] {dag.py:4180} INFO - Setting next_dagrun for latest_only to 2025-03-14 16:00:00+00:00, run_after=2025-03-14 20:00:00+00:00
[2025-03-14T22:02:09.597+0000] {processor.py:208} INFO - Processing /home/airflow/.local/lib/python3.12/site-packages/airflow/example_dags/example_latest_only.py took 0.054 seconds
[2025-03-14T22:02:39.919+0000] {processor.py:186} INFO - Started process (PID=1392) to work on /home/airflow/.local/lib/python3.12/site-packages/airflow/example_dags/example_latest_only.py
[2025-03-14T22:02:39.920+0000] {processor.py:914} INFO - Processing file /home/airflow/.local/lib/python3.12/site-packages/airflow/example_dags/example_latest_only.py for tasks to queue
[2025-03-14T22:02:39.922+0000] {logging_mixin.py:190} INFO - [2025-03-14T22:02:39.922+0000] {dagbag.py:588} INFO - Filling up the DagBag from /home/airflow/.local/lib/python3.12/site-packages/airflow/example_dags/example_latest_only.py
[2025-03-14T22:02:39.925+0000] {processor.py:925} INFO - DAG(s) 'latest_only' retrieved from /home/airflow/.local/lib/python3.12/site-packages/airflow/example_dags/example_latest_only.py
[2025-03-14T22:02:39.936+0000] {logging_mixin.py:190} INFO - [2025-03-14T22:02:39.936+0000] {dag.py:3239} INFO - Sync 1 DAGs
[2025-03-14T22:02:39.953+0000] {logging_mixin.py:190} INFO - [2025-03-14T22:02:39.953+0000] {dag.py:4180} INFO - Setting next_dagrun for latest_only to 2025-03-14 16:00:00+00:00, run_after=2025-03-14 20:00:00+00:00
[2025-03-14T22:02:39.962+0000] {processor.py:208} INFO - Processing /home/airflow/.local/lib/python3.12/site-packages/airflow/example_dags/example_latest_only.py took 0.046 seconds
[2025-03-14T22:03:10.354+0000] {processor.py:186} INFO - Started process (PID=1454) to work on /home/airflow/.local/lib/python3.12/site-packages/airflow/example_dags/example_latest_only.py
[2025-03-14T22:03:10.355+0000] {processor.py:914} INFO - Processing file /home/airflow/.local/lib/python3.12/site-packages/airflow/example_dags/example_latest_only.py for tasks to queue
[2025-03-14T22:03:10.356+0000] {logging_mixin.py:190} INFO - [2025-03-14T22:03:10.356+0000] {dagbag.py:588} INFO - Filling up the DagBag from /home/airflow/.local/lib/python3.12/site-packages/airflow/example_dags/example_latest_only.py
[2025-03-14T22:03:10.362+0000] {processor.py:925} INFO - DAG(s) 'latest_only' retrieved from /home/airflow/.local/lib/python3.12/site-packages/airflow/example_dags/example_latest_only.py
[2025-03-14T22:03:10.372+0000] {logging_mixin.py:190} INFO - [2025-03-14T22:03:10.372+0000] {dag.py:3239} INFO - Sync 1 DAGs
[2025-03-14T22:03:10.385+0000] {logging_mixin.py:190} INFO - [2025-03-14T22:03:10.385+0000] {dag.py:4180} INFO - Setting next_dagrun for latest_only to 2025-03-14 16:00:00+00:00, run_after=2025-03-14 20:00:00+00:00
[2025-03-14T22:03:10.394+0000] {processor.py:208} INFO - Processing /home/airflow/.local/lib/python3.12/site-packages/airflow/example_dags/example_latest_only.py took 0.044 seconds
[2025-03-14T22:03:40.596+0000] {processor.py:186} INFO - Started process (PID=1517) to work on /home/airflow/.local/lib/python3.12/site-packages/airflow/example_dags/example_latest_only.py
[2025-03-14T22:03:40.597+0000] {processor.py:914} INFO - Processing file /home/airflow/.local/lib/python3.12/site-packages/airflow/example_dags/example_latest_only.py for tasks to queue
[2025-03-14T22:03:40.599+0000] {logging_mixin.py:190} INFO - [2025-03-14T22:03:40.599+0000] {dagbag.py:588} INFO - Filling up the DagBag from /home/airflow/.local/lib/python3.12/site-packages/airflow/example_dags/example_latest_only.py
[2025-03-14T22:03:40.605+0000] {processor.py:925} INFO - DAG(s) 'latest_only' retrieved from /home/airflow/.local/lib/python3.12/site-packages/airflow/example_dags/example_latest_only.py
[2025-03-14T22:03:40.617+0000] {logging_mixin.py:190} INFO - [2025-03-14T22:03:40.617+0000] {dag.py:3239} INFO - Sync 1 DAGs
[2025-03-14T22:03:40.627+0000] {logging_mixin.py:190} INFO - [2025-03-14T22:03:40.627+0000] {dag.py:4180} INFO - Setting next_dagrun for latest_only to 2025-03-14 16:00:00+00:00, run_after=2025-03-14 20:00:00+00:00
[2025-03-14T22:03:40.645+0000] {processor.py:208} INFO - Processing /home/airflow/.local/lib/python3.12/site-packages/airflow/example_dags/example_latest_only.py took 0.052 seconds
