[2025-03-14T21:35:08.303+0000] {processor.py:186} INFO - Started process (PID=94) to work on /home/airflow/.local/lib/python3.12/site-packages/airflow/example_dags/example_python_operator.py
[2025-03-14T21:35:08.305+0000] {processor.py:914} INFO - Processing file /home/airflow/.local/lib/python3.12/site-packages/airflow/example_dags/example_python_operator.py for tasks to queue
[2025-03-14T21:35:08.309+0000] {logging_mixin.py:190} INFO - [2025-03-14T21:35:08.309+0000] {dagbag.py:588} INFO - Filling up the DagBag from /home/airflow/.local/lib/python3.12/site-packages/airflow/example_dags/example_python_operator.py
[2025-03-14T21:35:08.322+0000] {processor.py:925} INFO - DAG(s) 'example_python_operator' retrieved from /home/airflow/.local/lib/python3.12/site-packages/airflow/example_dags/example_python_operator.py
[2025-03-14T21:35:08.415+0000] {logging_mixin.py:190} INFO - [2025-03-14T21:35:08.415+0000] {override.py:1912} INFO - Created Permission View: can edit on DAG:example_python_operator
[2025-03-14T21:35:08.426+0000] {logging_mixin.py:190} INFO - [2025-03-14T21:35:08.426+0000] {override.py:1912} INFO - Created Permission View: can delete on DAG:example_python_operator
[2025-03-14T21:35:08.431+0000] {logging_mixin.py:190} INFO - [2025-03-14T21:35:08.431+0000] {override.py:1912} INFO - Created Permission View: can read on DAG:example_python_operator
[2025-03-14T21:35:08.436+0000] {logging_mixin.py:190} INFO - [2025-03-14T21:35:08.436+0000] {override.py:1912} INFO - Created Permission View: menu access on DAG Run:example_python_operator
[2025-03-14T21:35:08.440+0000] {logging_mixin.py:190} INFO - [2025-03-14T21:35:08.439+0000] {override.py:1912} INFO - Created Permission View: can create on DAG Run:example_python_operator
[2025-03-14T21:35:08.443+0000] {logging_mixin.py:190} INFO - [2025-03-14T21:35:08.442+0000] {override.py:1912} INFO - Created Permission View: can delete on DAG Run:example_python_operator
[2025-03-14T21:35:08.445+0000] {logging_mixin.py:190} INFO - [2025-03-14T21:35:08.445+0000] {override.py:1912} INFO - Created Permission View: can read on DAG Run:example_python_operator
[2025-03-14T21:35:08.446+0000] {logging_mixin.py:190} INFO - [2025-03-14T21:35:08.446+0000] {dag.py:3239} INFO - Sync 1 DAGs
[2025-03-14T21:35:08.473+0000] {logging_mixin.py:190} INFO - [2025-03-14T21:35:08.472+0000] {dag.py:3262} INFO - Creating ORM DAG for example_python_operator
[2025-03-14T21:35:08.473+0000] {logging_mixin.py:190} INFO - [2025-03-14T21:35:08.473+0000] {dag.py:4180} INFO - Setting next_dagrun for example_python_operator to None, run_after=None
[2025-03-14T21:35:08.485+0000] {processor.py:208} INFO - Processing /home/airflow/.local/lib/python3.12/site-packages/airflow/example_dags/example_python_operator.py took 0.192 seconds
[2025-03-14T21:35:40.189+0000] {processor.py:186} INFO - Started process (PID=157) to work on /home/airflow/.local/lib/python3.12/site-packages/airflow/example_dags/example_python_operator.py
[2025-03-14T21:35:40.190+0000] {processor.py:914} INFO - Processing file /home/airflow/.local/lib/python3.12/site-packages/airflow/example_dags/example_python_operator.py for tasks to queue
[2025-03-14T21:35:40.191+0000] {logging_mixin.py:190} INFO - [2025-03-14T21:35:40.191+0000] {dagbag.py:588} INFO - Filling up the DagBag from /home/airflow/.local/lib/python3.12/site-packages/airflow/example_dags/example_python_operator.py
[2025-03-14T21:35:40.210+0000] {processor.py:925} INFO - DAG(s) 'example_python_operator' retrieved from /home/airflow/.local/lib/python3.12/site-packages/airflow/example_dags/example_python_operator.py
[2025-03-14T21:35:40.248+0000] {logging_mixin.py:190} INFO - [2025-03-14T21:35:40.247+0000] {dag.py:3239} INFO - Sync 1 DAGs
[2025-03-14T21:35:40.271+0000] {logging_mixin.py:190} INFO - [2025-03-14T21:35:40.270+0000] {dag.py:4180} INFO - Setting next_dagrun for example_python_operator to None, run_after=None
[2025-03-14T21:35:40.293+0000] {processor.py:208} INFO - Processing /home/airflow/.local/lib/python3.12/site-packages/airflow/example_dags/example_python_operator.py took 0.110 seconds
[2025-03-14T21:36:10.860+0000] {processor.py:186} INFO - Started process (PID=220) to work on /home/airflow/.local/lib/python3.12/site-packages/airflow/example_dags/example_python_operator.py
[2025-03-14T21:36:10.861+0000] {processor.py:914} INFO - Processing file /home/airflow/.local/lib/python3.12/site-packages/airflow/example_dags/example_python_operator.py for tasks to queue
[2025-03-14T21:36:10.863+0000] {logging_mixin.py:190} INFO - [2025-03-14T21:36:10.863+0000] {dagbag.py:588} INFO - Filling up the DagBag from /home/airflow/.local/lib/python3.12/site-packages/airflow/example_dags/example_python_operator.py
[2025-03-14T21:36:10.871+0000] {processor.py:925} INFO - DAG(s) 'example_python_operator' retrieved from /home/airflow/.local/lib/python3.12/site-packages/airflow/example_dags/example_python_operator.py
[2025-03-14T21:36:10.893+0000] {logging_mixin.py:190} INFO - [2025-03-14T21:36:10.893+0000] {dag.py:3239} INFO - Sync 1 DAGs
[2025-03-14T21:36:10.903+0000] {logging_mixin.py:190} INFO - [2025-03-14T21:36:10.903+0000] {dag.py:4180} INFO - Setting next_dagrun for example_python_operator to None, run_after=None
[2025-03-14T21:36:10.917+0000] {processor.py:208} INFO - Processing /home/airflow/.local/lib/python3.12/site-packages/airflow/example_dags/example_python_operator.py took 0.062 seconds
[2025-03-14T21:36:43.046+0000] {processor.py:186} INFO - Started process (PID=282) to work on /home/airflow/.local/lib/python3.12/site-packages/airflow/example_dags/example_python_operator.py
[2025-03-14T21:36:43.047+0000] {processor.py:914} INFO - Processing file /home/airflow/.local/lib/python3.12/site-packages/airflow/example_dags/example_python_operator.py for tasks to queue
[2025-03-14T21:36:43.050+0000] {logging_mixin.py:190} INFO - [2025-03-14T21:36:43.050+0000] {dagbag.py:588} INFO - Filling up the DagBag from /home/airflow/.local/lib/python3.12/site-packages/airflow/example_dags/example_python_operator.py
[2025-03-14T21:36:43.073+0000] {processor.py:925} INFO - DAG(s) 'example_python_operator' retrieved from /home/airflow/.local/lib/python3.12/site-packages/airflow/example_dags/example_python_operator.py
[2025-03-14T21:36:43.104+0000] {logging_mixin.py:190} INFO - [2025-03-14T21:36:43.104+0000] {dag.py:3239} INFO - Sync 1 DAGs
[2025-03-14T21:36:43.121+0000] {logging_mixin.py:190} INFO - [2025-03-14T21:36:43.121+0000] {dag.py:4180} INFO - Setting next_dagrun for example_python_operator to None, run_after=None
[2025-03-14T21:36:43.135+0000] {processor.py:208} INFO - Processing /home/airflow/.local/lib/python3.12/site-packages/airflow/example_dags/example_python_operator.py took 0.096 seconds
[2025-03-14T21:37:13.842+0000] {processor.py:186} INFO - Started process (PID=345) to work on /home/airflow/.local/lib/python3.12/site-packages/airflow/example_dags/example_python_operator.py
[2025-03-14T21:37:13.843+0000] {processor.py:914} INFO - Processing file /home/airflow/.local/lib/python3.12/site-packages/airflow/example_dags/example_python_operator.py for tasks to queue
[2025-03-14T21:37:13.844+0000] {logging_mixin.py:190} INFO - [2025-03-14T21:37:13.844+0000] {dagbag.py:588} INFO - Filling up the DagBag from /home/airflow/.local/lib/python3.12/site-packages/airflow/example_dags/example_python_operator.py
[2025-03-14T21:37:13.851+0000] {processor.py:925} INFO - DAG(s) 'example_python_operator' retrieved from /home/airflow/.local/lib/python3.12/site-packages/airflow/example_dags/example_python_operator.py
[2025-03-14T21:37:13.864+0000] {logging_mixin.py:190} INFO - [2025-03-14T21:37:13.863+0000] {dag.py:3239} INFO - Sync 1 DAGs
[2025-03-14T21:37:13.871+0000] {logging_mixin.py:190} INFO - [2025-03-14T21:37:13.871+0000] {dag.py:4180} INFO - Setting next_dagrun for example_python_operator to None, run_after=None
[2025-03-14T21:37:13.880+0000] {processor.py:208} INFO - Processing /home/airflow/.local/lib/python3.12/site-packages/airflow/example_dags/example_python_operator.py took 0.042 seconds
[2025-03-14T21:37:45.412+0000] {processor.py:186} INFO - Started process (PID=408) to work on /home/airflow/.local/lib/python3.12/site-packages/airflow/example_dags/example_python_operator.py
[2025-03-14T21:37:45.412+0000] {processor.py:914} INFO - Processing file /home/airflow/.local/lib/python3.12/site-packages/airflow/example_dags/example_python_operator.py for tasks to queue
[2025-03-14T21:37:45.413+0000] {logging_mixin.py:190} INFO - [2025-03-14T21:37:45.413+0000] {dagbag.py:588} INFO - Filling up the DagBag from /home/airflow/.local/lib/python3.12/site-packages/airflow/example_dags/example_python_operator.py
[2025-03-14T21:37:45.420+0000] {processor.py:925} INFO - DAG(s) 'example_python_operator' retrieved from /home/airflow/.local/lib/python3.12/site-packages/airflow/example_dags/example_python_operator.py
[2025-03-14T21:37:45.431+0000] {logging_mixin.py:190} INFO - [2025-03-14T21:37:45.431+0000] {dag.py:3239} INFO - Sync 1 DAGs
[2025-03-14T21:37:45.438+0000] {logging_mixin.py:190} INFO - [2025-03-14T21:37:45.438+0000] {dag.py:4180} INFO - Setting next_dagrun for example_python_operator to None, run_after=None
[2025-03-14T21:37:45.446+0000] {processor.py:208} INFO - Processing /home/airflow/.local/lib/python3.12/site-packages/airflow/example_dags/example_python_operator.py took 0.038 seconds
[2025-03-14T21:38:17.134+0000] {processor.py:186} INFO - Started process (PID=470) to work on /home/airflow/.local/lib/python3.12/site-packages/airflow/example_dags/example_python_operator.py
[2025-03-14T21:38:17.136+0000] {processor.py:914} INFO - Processing file /home/airflow/.local/lib/python3.12/site-packages/airflow/example_dags/example_python_operator.py for tasks to queue
[2025-03-14T21:38:17.138+0000] {logging_mixin.py:190} INFO - [2025-03-14T21:38:17.137+0000] {dagbag.py:588} INFO - Filling up the DagBag from /home/airflow/.local/lib/python3.12/site-packages/airflow/example_dags/example_python_operator.py
[2025-03-14T21:38:17.153+0000] {processor.py:925} INFO - DAG(s) 'example_python_operator' retrieved from /home/airflow/.local/lib/python3.12/site-packages/airflow/example_dags/example_python_operator.py
[2025-03-14T21:38:17.188+0000] {logging_mixin.py:190} INFO - [2025-03-14T21:38:17.187+0000] {dag.py:3239} INFO - Sync 1 DAGs
[2025-03-14T21:38:17.214+0000] {logging_mixin.py:190} INFO - [2025-03-14T21:38:17.213+0000] {dag.py:4180} INFO - Setting next_dagrun for example_python_operator to None, run_after=None
[2025-03-14T21:38:17.280+0000] {processor.py:208} INFO - Processing /home/airflow/.local/lib/python3.12/site-packages/airflow/example_dags/example_python_operator.py took 0.151 seconds
[2025-03-14T21:38:47.908+0000] {processor.py:186} INFO - Started process (PID=533) to work on /home/airflow/.local/lib/python3.12/site-packages/airflow/example_dags/example_python_operator.py
[2025-03-14T21:38:47.909+0000] {processor.py:914} INFO - Processing file /home/airflow/.local/lib/python3.12/site-packages/airflow/example_dags/example_python_operator.py for tasks to queue
[2025-03-14T21:38:47.910+0000] {logging_mixin.py:190} INFO - [2025-03-14T21:38:47.910+0000] {dagbag.py:588} INFO - Filling up the DagBag from /home/airflow/.local/lib/python3.12/site-packages/airflow/example_dags/example_python_operator.py
[2025-03-14T21:38:47.917+0000] {processor.py:925} INFO - DAG(s) 'example_python_operator' retrieved from /home/airflow/.local/lib/python3.12/site-packages/airflow/example_dags/example_python_operator.py
[2025-03-14T21:38:47.925+0000] {logging_mixin.py:190} INFO - [2025-03-14T21:38:47.925+0000] {dag.py:3239} INFO - Sync 1 DAGs
[2025-03-14T21:38:47.931+0000] {logging_mixin.py:190} INFO - [2025-03-14T21:38:47.931+0000] {dag.py:4180} INFO - Setting next_dagrun for example_python_operator to None, run_after=None
[2025-03-14T21:38:47.937+0000] {processor.py:208} INFO - Processing /home/airflow/.local/lib/python3.12/site-packages/airflow/example_dags/example_python_operator.py took 0.032 seconds
[2025-03-14T21:39:19.596+0000] {processor.py:186} INFO - Started process (PID=596) to work on /home/airflow/.local/lib/python3.12/site-packages/airflow/example_dags/example_python_operator.py
[2025-03-14T21:39:19.598+0000] {processor.py:914} INFO - Processing file /home/airflow/.local/lib/python3.12/site-packages/airflow/example_dags/example_python_operator.py for tasks to queue
[2025-03-14T21:39:19.600+0000] {logging_mixin.py:190} INFO - [2025-03-14T21:39:19.599+0000] {dagbag.py:588} INFO - Filling up the DagBag from /home/airflow/.local/lib/python3.12/site-packages/airflow/example_dags/example_python_operator.py
[2025-03-14T21:39:19.619+0000] {processor.py:925} INFO - DAG(s) 'example_python_operator' retrieved from /home/airflow/.local/lib/python3.12/site-packages/airflow/example_dags/example_python_operator.py
[2025-03-14T21:39:19.635+0000] {logging_mixin.py:190} INFO - [2025-03-14T21:39:19.635+0000] {dag.py:3239} INFO - Sync 1 DAGs
[2025-03-14T21:39:19.643+0000] {logging_mixin.py:190} INFO - [2025-03-14T21:39:19.643+0000] {dag.py:4180} INFO - Setting next_dagrun for example_python_operator to None, run_after=None
[2025-03-14T21:39:19.655+0000] {processor.py:208} INFO - Processing /home/airflow/.local/lib/python3.12/site-packages/airflow/example_dags/example_python_operator.py took 0.064 seconds
[2025-03-14T21:44:15.581+0000] {processor.py:186} INFO - Started process (PID=103) to work on /home/airflow/.local/lib/python3.12/site-packages/airflow/example_dags/example_python_operator.py
[2025-03-14T21:44:15.594+0000] {processor.py:914} INFO - Processing file /home/airflow/.local/lib/python3.12/site-packages/airflow/example_dags/example_python_operator.py for tasks to queue
[2025-03-14T21:44:15.612+0000] {logging_mixin.py:190} INFO - [2025-03-14T21:44:15.610+0000] {dagbag.py:588} INFO - Filling up the DagBag from /home/airflow/.local/lib/python3.12/site-packages/airflow/example_dags/example_python_operator.py
[2025-03-14T21:44:15.668+0000] {processor.py:925} INFO - DAG(s) 'example_python_operator' retrieved from /home/airflow/.local/lib/python3.12/site-packages/airflow/example_dags/example_python_operator.py
[2025-03-14T21:44:15.898+0000] {logging_mixin.py:190} INFO - [2025-03-14T21:44:15.893+0000] {dag.py:3239} INFO - Sync 1 DAGs
[2025-03-14T21:44:15.923+0000] {logging_mixin.py:190} INFO - [2025-03-14T21:44:15.923+0000] {dag.py:4180} INFO - Setting next_dagrun for example_python_operator to None, run_after=None
[2025-03-14T21:44:15.996+0000] {processor.py:208} INFO - Processing /home/airflow/.local/lib/python3.12/site-packages/airflow/example_dags/example_python_operator.py took 0.441 seconds
[2025-03-14T21:44:49.299+0000] {processor.py:186} INFO - Started process (PID=165) to work on /home/airflow/.local/lib/python3.12/site-packages/airflow/example_dags/example_python_operator.py
[2025-03-14T21:44:49.304+0000] {processor.py:914} INFO - Processing file /home/airflow/.local/lib/python3.12/site-packages/airflow/example_dags/example_python_operator.py for tasks to queue
[2025-03-14T21:44:49.306+0000] {logging_mixin.py:190} INFO - [2025-03-14T21:44:49.306+0000] {dagbag.py:588} INFO - Filling up the DagBag from /home/airflow/.local/lib/python3.12/site-packages/airflow/example_dags/example_python_operator.py
[2025-03-14T21:44:49.321+0000] {processor.py:925} INFO - DAG(s) 'example_python_operator' retrieved from /home/airflow/.local/lib/python3.12/site-packages/airflow/example_dags/example_python_operator.py
[2025-03-14T21:44:49.380+0000] {logging_mixin.py:190} INFO - [2025-03-14T21:44:49.380+0000] {dag.py:3239} INFO - Sync 1 DAGs
[2025-03-14T21:44:49.390+0000] {logging_mixin.py:190} INFO - [2025-03-14T21:44:49.390+0000] {dag.py:4180} INFO - Setting next_dagrun for example_python_operator to None, run_after=None
[2025-03-14T21:44:49.416+0000] {processor.py:208} INFO - Processing /home/airflow/.local/lib/python3.12/site-packages/airflow/example_dags/example_python_operator.py took 0.132 seconds
[2025-03-14T21:45:21.700+0000] {processor.py:186} INFO - Started process (PID=228) to work on /home/airflow/.local/lib/python3.12/site-packages/airflow/example_dags/example_python_operator.py
[2025-03-14T21:45:21.703+0000] {processor.py:914} INFO - Processing file /home/airflow/.local/lib/python3.12/site-packages/airflow/example_dags/example_python_operator.py for tasks to queue
[2025-03-14T21:45:21.705+0000] {logging_mixin.py:190} INFO - [2025-03-14T21:45:21.705+0000] {dagbag.py:588} INFO - Filling up the DagBag from /home/airflow/.local/lib/python3.12/site-packages/airflow/example_dags/example_python_operator.py
[2025-03-14T21:45:21.716+0000] {processor.py:925} INFO - DAG(s) 'example_python_operator' retrieved from /home/airflow/.local/lib/python3.12/site-packages/airflow/example_dags/example_python_operator.py
[2025-03-14T21:45:21.742+0000] {logging_mixin.py:190} INFO - [2025-03-14T21:45:21.741+0000] {dag.py:3239} INFO - Sync 1 DAGs
[2025-03-14T21:45:21.748+0000] {logging_mixin.py:190} INFO - [2025-03-14T21:45:21.747+0000] {dag.py:4180} INFO - Setting next_dagrun for example_python_operator to None, run_after=None
[2025-03-14T21:45:21.759+0000] {processor.py:208} INFO - Processing /home/airflow/.local/lib/python3.12/site-packages/airflow/example_dags/example_python_operator.py took 0.064 seconds
[2025-03-14T21:45:55.869+0000] {processor.py:186} INFO - Started process (PID=291) to work on /home/airflow/.local/lib/python3.12/site-packages/airflow/example_dags/example_python_operator.py
[2025-03-14T21:45:55.872+0000] {processor.py:914} INFO - Processing file /home/airflow/.local/lib/python3.12/site-packages/airflow/example_dags/example_python_operator.py for tasks to queue
[2025-03-14T21:45:55.873+0000] {logging_mixin.py:190} INFO - [2025-03-14T21:45:55.873+0000] {dagbag.py:588} INFO - Filling up the DagBag from /home/airflow/.local/lib/python3.12/site-packages/airflow/example_dags/example_python_operator.py
[2025-03-14T21:45:55.880+0000] {processor.py:925} INFO - DAG(s) 'example_python_operator' retrieved from /home/airflow/.local/lib/python3.12/site-packages/airflow/example_dags/example_python_operator.py
[2025-03-14T21:45:55.901+0000] {logging_mixin.py:190} INFO - [2025-03-14T21:45:55.900+0000] {dag.py:3239} INFO - Sync 1 DAGs
[2025-03-14T21:45:55.909+0000] {logging_mixin.py:190} INFO - [2025-03-14T21:45:55.909+0000] {dag.py:4180} INFO - Setting next_dagrun for example_python_operator to None, run_after=None
[2025-03-14T21:45:55.926+0000] {processor.py:208} INFO - Processing /home/airflow/.local/lib/python3.12/site-packages/airflow/example_dags/example_python_operator.py took 0.059 seconds
[2025-03-14T21:46:30.319+0000] {processor.py:186} INFO - Started process (PID=360) to work on /home/airflow/.local/lib/python3.12/site-packages/airflow/example_dags/example_python_operator.py
[2025-03-14T21:46:30.381+0000] {processor.py:914} INFO - Processing file /home/airflow/.local/lib/python3.12/site-packages/airflow/example_dags/example_python_operator.py for tasks to queue
[2025-03-14T21:46:30.417+0000] {logging_mixin.py:190} INFO - [2025-03-14T21:46:30.416+0000] {dagbag.py:588} INFO - Filling up the DagBag from /home/airflow/.local/lib/python3.12/site-packages/airflow/example_dags/example_python_operator.py
[2025-03-14T21:46:30.435+0000] {processor.py:925} INFO - DAG(s) 'example_python_operator' retrieved from /home/airflow/.local/lib/python3.12/site-packages/airflow/example_dags/example_python_operator.py
[2025-03-14T21:46:30.471+0000] {logging_mixin.py:190} INFO - [2025-03-14T21:46:30.471+0000] {dag.py:3239} INFO - Sync 1 DAGs
[2025-03-14T21:46:30.481+0000] {logging_mixin.py:190} INFO - [2025-03-14T21:46:30.481+0000] {dag.py:4180} INFO - Setting next_dagrun for example_python_operator to None, run_after=None
[2025-03-14T21:46:30.495+0000] {processor.py:208} INFO - Processing /home/airflow/.local/lib/python3.12/site-packages/airflow/example_dags/example_python_operator.py took 0.186 seconds
[2025-03-14T21:52:08.138+0000] {processor.py:186} INFO - Started process (PID=95) to work on /home/airflow/.local/lib/python3.12/site-packages/airflow/example_dags/example_python_operator.py
[2025-03-14T21:52:08.140+0000] {processor.py:914} INFO - Processing file /home/airflow/.local/lib/python3.12/site-packages/airflow/example_dags/example_python_operator.py for tasks to queue
[2025-03-14T21:52:08.147+0000] {logging_mixin.py:190} INFO - [2025-03-14T21:52:08.147+0000] {dagbag.py:588} INFO - Filling up the DagBag from /home/airflow/.local/lib/python3.12/site-packages/airflow/example_dags/example_python_operator.py
[2025-03-14T21:52:08.197+0000] {processor.py:925} INFO - DAG(s) 'example_python_operator' retrieved from /home/airflow/.local/lib/python3.12/site-packages/airflow/example_dags/example_python_operator.py
[2025-03-14T21:52:08.703+0000] {logging_mixin.py:190} INFO - [2025-03-14T21:52:08.702+0000] {dag.py:3239} INFO - Sync 1 DAGs
[2025-03-14T21:52:08.742+0000] {logging_mixin.py:190} INFO - [2025-03-14T21:52:08.742+0000] {dag.py:4180} INFO - Setting next_dagrun for example_python_operator to None, run_after=None
[2025-03-14T21:52:08.787+0000] {processor.py:208} INFO - Processing /home/airflow/.local/lib/python3.12/site-packages/airflow/example_dags/example_python_operator.py took 0.659 seconds
[2025-03-14T21:52:39.254+0000] {processor.py:186} INFO - Started process (PID=158) to work on /home/airflow/.local/lib/python3.12/site-packages/airflow/example_dags/example_python_operator.py
[2025-03-14T21:52:39.258+0000] {processor.py:914} INFO - Processing file /home/airflow/.local/lib/python3.12/site-packages/airflow/example_dags/example_python_operator.py for tasks to queue
[2025-03-14T21:52:39.261+0000] {logging_mixin.py:190} INFO - [2025-03-14T21:52:39.260+0000] {dagbag.py:588} INFO - Filling up the DagBag from /home/airflow/.local/lib/python3.12/site-packages/airflow/example_dags/example_python_operator.py
[2025-03-14T21:52:39.278+0000] {processor.py:925} INFO - DAG(s) 'example_python_operator' retrieved from /home/airflow/.local/lib/python3.12/site-packages/airflow/example_dags/example_python_operator.py
[2025-03-14T21:52:39.310+0000] {logging_mixin.py:190} INFO - [2025-03-14T21:52:39.310+0000] {dag.py:3239} INFO - Sync 1 DAGs
[2025-03-14T21:52:39.324+0000] {logging_mixin.py:190} INFO - [2025-03-14T21:52:39.324+0000] {dag.py:4180} INFO - Setting next_dagrun for example_python_operator to None, run_after=None
[2025-03-14T21:52:39.337+0000] {processor.py:208} INFO - Processing /home/airflow/.local/lib/python3.12/site-packages/airflow/example_dags/example_python_operator.py took 0.089 seconds
[2025-03-14T21:53:09.657+0000] {processor.py:186} INFO - Started process (PID=221) to work on /home/airflow/.local/lib/python3.12/site-packages/airflow/example_dags/example_python_operator.py
[2025-03-14T21:53:09.659+0000] {processor.py:914} INFO - Processing file /home/airflow/.local/lib/python3.12/site-packages/airflow/example_dags/example_python_operator.py for tasks to queue
[2025-03-14T21:53:09.662+0000] {logging_mixin.py:190} INFO - [2025-03-14T21:53:09.661+0000] {dagbag.py:588} INFO - Filling up the DagBag from /home/airflow/.local/lib/python3.12/site-packages/airflow/example_dags/example_python_operator.py
[2025-03-14T21:53:09.672+0000] {processor.py:925} INFO - DAG(s) 'example_python_operator' retrieved from /home/airflow/.local/lib/python3.12/site-packages/airflow/example_dags/example_python_operator.py
[2025-03-14T21:53:09.697+0000] {logging_mixin.py:190} INFO - [2025-03-14T21:53:09.697+0000] {dag.py:3239} INFO - Sync 1 DAGs
[2025-03-14T21:53:09.707+0000] {logging_mixin.py:190} INFO - [2025-03-14T21:53:09.707+0000] {dag.py:4180} INFO - Setting next_dagrun for example_python_operator to None, run_after=None
[2025-03-14T21:53:09.718+0000] {processor.py:208} INFO - Processing /home/airflow/.local/lib/python3.12/site-packages/airflow/example_dags/example_python_operator.py took 0.068 seconds
[2025-03-14T21:53:41.269+0000] {processor.py:186} INFO - Started process (PID=284) to work on /home/airflow/.local/lib/python3.12/site-packages/airflow/example_dags/example_python_operator.py
[2025-03-14T21:53:41.271+0000] {processor.py:914} INFO - Processing file /home/airflow/.local/lib/python3.12/site-packages/airflow/example_dags/example_python_operator.py for tasks to queue
[2025-03-14T21:53:41.273+0000] {logging_mixin.py:190} INFO - [2025-03-14T21:53:41.272+0000] {dagbag.py:588} INFO - Filling up the DagBag from /home/airflow/.local/lib/python3.12/site-packages/airflow/example_dags/example_python_operator.py
[2025-03-14T21:53:41.288+0000] {processor.py:925} INFO - DAG(s) 'example_python_operator' retrieved from /home/airflow/.local/lib/python3.12/site-packages/airflow/example_dags/example_python_operator.py
[2025-03-14T21:53:41.303+0000] {logging_mixin.py:190} INFO - [2025-03-14T21:53:41.303+0000] {dag.py:3239} INFO - Sync 1 DAGs
[2025-03-14T21:53:41.312+0000] {logging_mixin.py:190} INFO - [2025-03-14T21:53:41.312+0000] {dag.py:4180} INFO - Setting next_dagrun for example_python_operator to None, run_after=None
[2025-03-14T21:53:41.327+0000] {processor.py:208} INFO - Processing /home/airflow/.local/lib/python3.12/site-packages/airflow/example_dags/example_python_operator.py took 0.060 seconds
[2025-03-14T21:54:13.065+0000] {processor.py:186} INFO - Started process (PID=347) to work on /home/airflow/.local/lib/python3.12/site-packages/airflow/example_dags/example_python_operator.py
[2025-03-14T21:54:13.069+0000] {processor.py:914} INFO - Processing file /home/airflow/.local/lib/python3.12/site-packages/airflow/example_dags/example_python_operator.py for tasks to queue
[2025-03-14T21:54:13.073+0000] {logging_mixin.py:190} INFO - [2025-03-14T21:54:13.073+0000] {dagbag.py:588} INFO - Filling up the DagBag from /home/airflow/.local/lib/python3.12/site-packages/airflow/example_dags/example_python_operator.py
[2025-03-14T21:54:13.112+0000] {processor.py:925} INFO - DAG(s) 'example_python_operator' retrieved from /home/airflow/.local/lib/python3.12/site-packages/airflow/example_dags/example_python_operator.py
[2025-03-14T21:54:13.161+0000] {logging_mixin.py:190} INFO - [2025-03-14T21:54:13.160+0000] {dag.py:3239} INFO - Sync 1 DAGs
[2025-03-14T21:54:13.192+0000] {logging_mixin.py:190} INFO - [2025-03-14T21:54:13.192+0000] {dag.py:4180} INFO - Setting next_dagrun for example_python_operator to None, run_after=None
[2025-03-14T21:54:13.210+0000] {processor.py:208} INFO - Processing /home/airflow/.local/lib/python3.12/site-packages/airflow/example_dags/example_python_operator.py took 0.151 seconds
[2025-03-14T21:54:44.170+0000] {processor.py:186} INFO - Started process (PID=410) to work on /home/airflow/.local/lib/python3.12/site-packages/airflow/example_dags/example_python_operator.py
[2025-03-14T21:54:44.172+0000] {processor.py:914} INFO - Processing file /home/airflow/.local/lib/python3.12/site-packages/airflow/example_dags/example_python_operator.py for tasks to queue
[2025-03-14T21:54:44.173+0000] {logging_mixin.py:190} INFO - [2025-03-14T21:54:44.173+0000] {dagbag.py:588} INFO - Filling up the DagBag from /home/airflow/.local/lib/python3.12/site-packages/airflow/example_dags/example_python_operator.py
[2025-03-14T21:54:44.180+0000] {processor.py:925} INFO - DAG(s) 'example_python_operator' retrieved from /home/airflow/.local/lib/python3.12/site-packages/airflow/example_dags/example_python_operator.py
[2025-03-14T21:54:44.193+0000] {logging_mixin.py:190} INFO - [2025-03-14T21:54:44.193+0000] {dag.py:3239} INFO - Sync 1 DAGs
[2025-03-14T21:54:44.200+0000] {logging_mixin.py:190} INFO - [2025-03-14T21:54:44.200+0000] {dag.py:4180} INFO - Setting next_dagrun for example_python_operator to None, run_after=None
[2025-03-14T21:54:44.212+0000] {processor.py:208} INFO - Processing /home/airflow/.local/lib/python3.12/site-packages/airflow/example_dags/example_python_operator.py took 0.049 seconds
[2025-03-14T21:55:15.056+0000] {processor.py:186} INFO - Started process (PID=473) to work on /home/airflow/.local/lib/python3.12/site-packages/airflow/example_dags/example_python_operator.py
[2025-03-14T21:55:15.057+0000] {processor.py:914} INFO - Processing file /home/airflow/.local/lib/python3.12/site-packages/airflow/example_dags/example_python_operator.py for tasks to queue
[2025-03-14T21:55:15.058+0000] {logging_mixin.py:190} INFO - [2025-03-14T21:55:15.058+0000] {dagbag.py:588} INFO - Filling up the DagBag from /home/airflow/.local/lib/python3.12/site-packages/airflow/example_dags/example_python_operator.py
[2025-03-14T21:55:15.063+0000] {processor.py:925} INFO - DAG(s) 'example_python_operator' retrieved from /home/airflow/.local/lib/python3.12/site-packages/airflow/example_dags/example_python_operator.py
[2025-03-14T21:55:15.072+0000] {logging_mixin.py:190} INFO - [2025-03-14T21:55:15.072+0000] {dag.py:3239} INFO - Sync 1 DAGs
[2025-03-14T21:55:15.079+0000] {logging_mixin.py:190} INFO - [2025-03-14T21:55:15.079+0000] {dag.py:4180} INFO - Setting next_dagrun for example_python_operator to None, run_after=None
[2025-03-14T21:55:15.088+0000] {processor.py:208} INFO - Processing /home/airflow/.local/lib/python3.12/site-packages/airflow/example_dags/example_python_operator.py took 0.035 seconds
[2025-03-14T21:55:46.203+0000] {processor.py:186} INFO - Started process (PID=536) to work on /home/airflow/.local/lib/python3.12/site-packages/airflow/example_dags/example_python_operator.py
[2025-03-14T21:55:46.205+0000] {processor.py:914} INFO - Processing file /home/airflow/.local/lib/python3.12/site-packages/airflow/example_dags/example_python_operator.py for tasks to queue
[2025-03-14T21:55:46.206+0000] {logging_mixin.py:190} INFO - [2025-03-14T21:55:46.206+0000] {dagbag.py:588} INFO - Filling up the DagBag from /home/airflow/.local/lib/python3.12/site-packages/airflow/example_dags/example_python_operator.py
[2025-03-14T21:55:46.213+0000] {processor.py:925} INFO - DAG(s) 'example_python_operator' retrieved from /home/airflow/.local/lib/python3.12/site-packages/airflow/example_dags/example_python_operator.py
[2025-03-14T21:55:46.223+0000] {logging_mixin.py:190} INFO - [2025-03-14T21:55:46.223+0000] {dag.py:3239} INFO - Sync 1 DAGs
[2025-03-14T21:55:46.230+0000] {logging_mixin.py:190} INFO - [2025-03-14T21:55:46.230+0000] {dag.py:4180} INFO - Setting next_dagrun for example_python_operator to None, run_after=None
[2025-03-14T21:55:46.239+0000] {processor.py:208} INFO - Processing /home/airflow/.local/lib/python3.12/site-packages/airflow/example_dags/example_python_operator.py took 0.039 seconds
[2025-03-14T21:56:17.302+0000] {processor.py:186} INFO - Started process (PID=599) to work on /home/airflow/.local/lib/python3.12/site-packages/airflow/example_dags/example_python_operator.py
[2025-03-14T21:56:17.303+0000] {processor.py:914} INFO - Processing file /home/airflow/.local/lib/python3.12/site-packages/airflow/example_dags/example_python_operator.py for tasks to queue
[2025-03-14T21:56:17.304+0000] {logging_mixin.py:190} INFO - [2025-03-14T21:56:17.304+0000] {dagbag.py:588} INFO - Filling up the DagBag from /home/airflow/.local/lib/python3.12/site-packages/airflow/example_dags/example_python_operator.py
[2025-03-14T21:56:17.310+0000] {processor.py:925} INFO - DAG(s) 'example_python_operator' retrieved from /home/airflow/.local/lib/python3.12/site-packages/airflow/example_dags/example_python_operator.py
[2025-03-14T21:56:17.321+0000] {logging_mixin.py:190} INFO - [2025-03-14T21:56:17.320+0000] {dag.py:3239} INFO - Sync 1 DAGs
[2025-03-14T21:56:17.326+0000] {logging_mixin.py:190} INFO - [2025-03-14T21:56:17.326+0000] {dag.py:4180} INFO - Setting next_dagrun for example_python_operator to None, run_after=None
[2025-03-14T21:56:17.333+0000] {processor.py:208} INFO - Processing /home/airflow/.local/lib/python3.12/site-packages/airflow/example_dags/example_python_operator.py took 0.034 seconds
[2025-03-14T21:56:47.968+0000] {processor.py:186} INFO - Started process (PID=663) to work on /home/airflow/.local/lib/python3.12/site-packages/airflow/example_dags/example_python_operator.py
[2025-03-14T21:56:47.969+0000] {processor.py:914} INFO - Processing file /home/airflow/.local/lib/python3.12/site-packages/airflow/example_dags/example_python_operator.py for tasks to queue
[2025-03-14T21:56:47.971+0000] {logging_mixin.py:190} INFO - [2025-03-14T21:56:47.970+0000] {dagbag.py:588} INFO - Filling up the DagBag from /home/airflow/.local/lib/python3.12/site-packages/airflow/example_dags/example_python_operator.py
[2025-03-14T21:56:47.977+0000] {processor.py:925} INFO - DAG(s) 'example_python_operator' retrieved from /home/airflow/.local/lib/python3.12/site-packages/airflow/example_dags/example_python_operator.py
[2025-03-14T21:56:47.988+0000] {logging_mixin.py:190} INFO - [2025-03-14T21:56:47.988+0000] {dag.py:3239} INFO - Sync 1 DAGs
[2025-03-14T21:56:47.994+0000] {logging_mixin.py:190} INFO - [2025-03-14T21:56:47.994+0000] {dag.py:4180} INFO - Setting next_dagrun for example_python_operator to None, run_after=None
[2025-03-14T21:56:48.001+0000] {processor.py:208} INFO - Processing /home/airflow/.local/lib/python3.12/site-packages/airflow/example_dags/example_python_operator.py took 0.038 seconds
[2025-03-14T21:57:19.412+0000] {processor.py:186} INFO - Started process (PID=726) to work on /home/airflow/.local/lib/python3.12/site-packages/airflow/example_dags/example_python_operator.py
[2025-03-14T21:57:19.414+0000] {processor.py:914} INFO - Processing file /home/airflow/.local/lib/python3.12/site-packages/airflow/example_dags/example_python_operator.py for tasks to queue
[2025-03-14T21:57:19.416+0000] {logging_mixin.py:190} INFO - [2025-03-14T21:57:19.416+0000] {dagbag.py:588} INFO - Filling up the DagBag from /home/airflow/.local/lib/python3.12/site-packages/airflow/example_dags/example_python_operator.py
[2025-03-14T21:57:19.423+0000] {processor.py:925} INFO - DAG(s) 'example_python_operator' retrieved from /home/airflow/.local/lib/python3.12/site-packages/airflow/example_dags/example_python_operator.py
[2025-03-14T21:57:19.436+0000] {logging_mixin.py:190} INFO - [2025-03-14T21:57:19.436+0000] {dag.py:3239} INFO - Sync 1 DAGs
[2025-03-14T21:57:19.443+0000] {logging_mixin.py:190} INFO - [2025-03-14T21:57:19.442+0000] {dag.py:4180} INFO - Setting next_dagrun for example_python_operator to None, run_after=None
[2025-03-14T21:57:19.453+0000] {processor.py:208} INFO - Processing /home/airflow/.local/lib/python3.12/site-packages/airflow/example_dags/example_python_operator.py took 0.044 seconds
[2025-03-14T21:57:51.029+0000] {processor.py:186} INFO - Started process (PID=789) to work on /home/airflow/.local/lib/python3.12/site-packages/airflow/example_dags/example_python_operator.py
[2025-03-14T21:57:51.030+0000] {processor.py:914} INFO - Processing file /home/airflow/.local/lib/python3.12/site-packages/airflow/example_dags/example_python_operator.py for tasks to queue
[2025-03-14T21:57:51.032+0000] {logging_mixin.py:190} INFO - [2025-03-14T21:57:51.032+0000] {dagbag.py:588} INFO - Filling up the DagBag from /home/airflow/.local/lib/python3.12/site-packages/airflow/example_dags/example_python_operator.py
[2025-03-14T21:57:51.040+0000] {processor.py:925} INFO - DAG(s) 'example_python_operator' retrieved from /home/airflow/.local/lib/python3.12/site-packages/airflow/example_dags/example_python_operator.py
[2025-03-14T21:57:51.051+0000] {logging_mixin.py:190} INFO - [2025-03-14T21:57:51.051+0000] {dag.py:3239} INFO - Sync 1 DAGs
[2025-03-14T21:57:51.059+0000] {logging_mixin.py:190} INFO - [2025-03-14T21:57:51.059+0000] {dag.py:4180} INFO - Setting next_dagrun for example_python_operator to None, run_after=None
[2025-03-14T21:57:51.068+0000] {processor.py:208} INFO - Processing /home/airflow/.local/lib/python3.12/site-packages/airflow/example_dags/example_python_operator.py took 0.044 seconds
[2025-03-14T21:58:22.477+0000] {processor.py:186} INFO - Started process (PID=852) to work on /home/airflow/.local/lib/python3.12/site-packages/airflow/example_dags/example_python_operator.py
[2025-03-14T21:58:22.482+0000] {processor.py:914} INFO - Processing file /home/airflow/.local/lib/python3.12/site-packages/airflow/example_dags/example_python_operator.py for tasks to queue
[2025-03-14T21:58:22.483+0000] {logging_mixin.py:190} INFO - [2025-03-14T21:58:22.483+0000] {dagbag.py:588} INFO - Filling up the DagBag from /home/airflow/.local/lib/python3.12/site-packages/airflow/example_dags/example_python_operator.py
[2025-03-14T21:58:22.491+0000] {processor.py:925} INFO - DAG(s) 'example_python_operator' retrieved from /home/airflow/.local/lib/python3.12/site-packages/airflow/example_dags/example_python_operator.py
[2025-03-14T21:58:22.504+0000] {logging_mixin.py:190} INFO - [2025-03-14T21:58:22.504+0000] {dag.py:3239} INFO - Sync 1 DAGs
[2025-03-14T21:58:22.511+0000] {logging_mixin.py:190} INFO - [2025-03-14T21:58:22.511+0000] {dag.py:4180} INFO - Setting next_dagrun for example_python_operator to None, run_after=None
[2025-03-14T21:58:22.521+0000] {processor.py:208} INFO - Processing /home/airflow/.local/lib/python3.12/site-packages/airflow/example_dags/example_python_operator.py took 0.046 seconds
[2025-03-14T21:58:53.234+0000] {processor.py:186} INFO - Started process (PID=915) to work on /home/airflow/.local/lib/python3.12/site-packages/airflow/example_dags/example_python_operator.py
[2025-03-14T21:58:53.240+0000] {processor.py:914} INFO - Processing file /home/airflow/.local/lib/python3.12/site-packages/airflow/example_dags/example_python_operator.py for tasks to queue
[2025-03-14T21:58:53.242+0000] {logging_mixin.py:190} INFO - [2025-03-14T21:58:53.242+0000] {dagbag.py:588} INFO - Filling up the DagBag from /home/airflow/.local/lib/python3.12/site-packages/airflow/example_dags/example_python_operator.py
[2025-03-14T21:58:53.250+0000] {processor.py:925} INFO - DAG(s) 'example_python_operator' retrieved from /home/airflow/.local/lib/python3.12/site-packages/airflow/example_dags/example_python_operator.py
[2025-03-14T21:58:53.268+0000] {logging_mixin.py:190} INFO - [2025-03-14T21:58:53.268+0000] {dag.py:3239} INFO - Sync 1 DAGs
[2025-03-14T21:58:53.278+0000] {logging_mixin.py:190} INFO - [2025-03-14T21:58:53.278+0000] {dag.py:4180} INFO - Setting next_dagrun for example_python_operator to None, run_after=None
[2025-03-14T21:58:53.291+0000] {processor.py:208} INFO - Processing /home/airflow/.local/lib/python3.12/site-packages/airflow/example_dags/example_python_operator.py took 0.061 seconds
[2025-03-14T21:59:24.559+0000] {processor.py:186} INFO - Started process (PID=978) to work on /home/airflow/.local/lib/python3.12/site-packages/airflow/example_dags/example_python_operator.py
[2025-03-14T21:59:24.564+0000] {processor.py:914} INFO - Processing file /home/airflow/.local/lib/python3.12/site-packages/airflow/example_dags/example_python_operator.py for tasks to queue
[2025-03-14T21:59:24.565+0000] {logging_mixin.py:190} INFO - [2025-03-14T21:59:24.565+0000] {dagbag.py:588} INFO - Filling up the DagBag from /home/airflow/.local/lib/python3.12/site-packages/airflow/example_dags/example_python_operator.py
[2025-03-14T21:59:24.573+0000] {processor.py:925} INFO - DAG(s) 'example_python_operator' retrieved from /home/airflow/.local/lib/python3.12/site-packages/airflow/example_dags/example_python_operator.py
[2025-03-14T21:59:24.588+0000] {logging_mixin.py:190} INFO - [2025-03-14T21:59:24.588+0000] {dag.py:3239} INFO - Sync 1 DAGs
[2025-03-14T21:59:24.597+0000] {logging_mixin.py:190} INFO - [2025-03-14T21:59:24.597+0000] {dag.py:4180} INFO - Setting next_dagrun for example_python_operator to None, run_after=None
[2025-03-14T21:59:24.610+0000] {processor.py:208} INFO - Processing /home/airflow/.local/lib/python3.12/site-packages/airflow/example_dags/example_python_operator.py took 0.057 seconds
[2025-03-14T21:59:55.876+0000] {processor.py:186} INFO - Started process (PID=1041) to work on /home/airflow/.local/lib/python3.12/site-packages/airflow/example_dags/example_python_operator.py
[2025-03-14T21:59:55.877+0000] {processor.py:914} INFO - Processing file /home/airflow/.local/lib/python3.12/site-packages/airflow/example_dags/example_python_operator.py for tasks to queue
[2025-03-14T21:59:55.880+0000] {logging_mixin.py:190} INFO - [2025-03-14T21:59:55.880+0000] {dagbag.py:588} INFO - Filling up the DagBag from /home/airflow/.local/lib/python3.12/site-packages/airflow/example_dags/example_python_operator.py
[2025-03-14T21:59:55.888+0000] {processor.py:925} INFO - DAG(s) 'example_python_operator' retrieved from /home/airflow/.local/lib/python3.12/site-packages/airflow/example_dags/example_python_operator.py
[2025-03-14T21:59:55.899+0000] {logging_mixin.py:190} INFO - [2025-03-14T21:59:55.899+0000] {dag.py:3239} INFO - Sync 1 DAGs
[2025-03-14T21:59:55.905+0000] {logging_mixin.py:190} INFO - [2025-03-14T21:59:55.905+0000] {dag.py:4180} INFO - Setting next_dagrun for example_python_operator to None, run_after=None
[2025-03-14T21:59:55.917+0000] {processor.py:208} INFO - Processing /home/airflow/.local/lib/python3.12/site-packages/airflow/example_dags/example_python_operator.py took 0.045 seconds
[2025-03-14T22:00:27.256+0000] {processor.py:186} INFO - Started process (PID=1104) to work on /home/airflow/.local/lib/python3.12/site-packages/airflow/example_dags/example_python_operator.py
[2025-03-14T22:00:27.258+0000] {processor.py:914} INFO - Processing file /home/airflow/.local/lib/python3.12/site-packages/airflow/example_dags/example_python_operator.py for tasks to queue
[2025-03-14T22:00:27.260+0000] {logging_mixin.py:190} INFO - [2025-03-14T22:00:27.260+0000] {dagbag.py:588} INFO - Filling up the DagBag from /home/airflow/.local/lib/python3.12/site-packages/airflow/example_dags/example_python_operator.py
[2025-03-14T22:00:27.266+0000] {processor.py:925} INFO - DAG(s) 'example_python_operator' retrieved from /home/airflow/.local/lib/python3.12/site-packages/airflow/example_dags/example_python_operator.py
[2025-03-14T22:00:27.277+0000] {logging_mixin.py:190} INFO - [2025-03-14T22:00:27.277+0000] {dag.py:3239} INFO - Sync 1 DAGs
[2025-03-14T22:00:27.284+0000] {logging_mixin.py:190} INFO - [2025-03-14T22:00:27.284+0000] {dag.py:4180} INFO - Setting next_dagrun for example_python_operator to None, run_after=None
[2025-03-14T22:00:27.295+0000] {processor.py:208} INFO - Processing /home/airflow/.local/lib/python3.12/site-packages/airflow/example_dags/example_python_operator.py took 0.041 seconds
[2025-03-14T22:00:58.214+0000] {processor.py:186} INFO - Started process (PID=1167) to work on /home/airflow/.local/lib/python3.12/site-packages/airflow/example_dags/example_python_operator.py
[2025-03-14T22:00:58.216+0000] {processor.py:914} INFO - Processing file /home/airflow/.local/lib/python3.12/site-packages/airflow/example_dags/example_python_operator.py for tasks to queue
[2025-03-14T22:00:58.217+0000] {logging_mixin.py:190} INFO - [2025-03-14T22:00:58.217+0000] {dagbag.py:588} INFO - Filling up the DagBag from /home/airflow/.local/lib/python3.12/site-packages/airflow/example_dags/example_python_operator.py
[2025-03-14T22:00:58.225+0000] {processor.py:925} INFO - DAG(s) 'example_python_operator' retrieved from /home/airflow/.local/lib/python3.12/site-packages/airflow/example_dags/example_python_operator.py
[2025-03-14T22:00:58.241+0000] {logging_mixin.py:190} INFO - [2025-03-14T22:00:58.240+0000] {dag.py:3239} INFO - Sync 1 DAGs
[2025-03-14T22:00:58.255+0000] {logging_mixin.py:190} INFO - [2025-03-14T22:00:58.255+0000] {dag.py:4180} INFO - Setting next_dagrun for example_python_operator to None, run_after=None
[2025-03-14T22:00:58.266+0000] {processor.py:208} INFO - Processing /home/airflow/.local/lib/python3.12/site-packages/airflow/example_dags/example_python_operator.py took 0.055 seconds
[2025-03-14T22:01:29.172+0000] {processor.py:186} INFO - Started process (PID=1236) to work on /home/airflow/.local/lib/python3.12/site-packages/airflow/example_dags/example_python_operator.py
[2025-03-14T22:01:29.174+0000] {processor.py:914} INFO - Processing file /home/airflow/.local/lib/python3.12/site-packages/airflow/example_dags/example_python_operator.py for tasks to queue
[2025-03-14T22:01:29.175+0000] {logging_mixin.py:190} INFO - [2025-03-14T22:01:29.175+0000] {dagbag.py:588} INFO - Filling up the DagBag from /home/airflow/.local/lib/python3.12/site-packages/airflow/example_dags/example_python_operator.py
[2025-03-14T22:01:29.180+0000] {processor.py:925} INFO - DAG(s) 'example_python_operator' retrieved from /home/airflow/.local/lib/python3.12/site-packages/airflow/example_dags/example_python_operator.py
[2025-03-14T22:01:29.191+0000] {logging_mixin.py:190} INFO - [2025-03-14T22:01:29.191+0000] {dag.py:3239} INFO - Sync 1 DAGs
[2025-03-14T22:01:29.197+0000] {logging_mixin.py:190} INFO - [2025-03-14T22:01:29.197+0000] {dag.py:4180} INFO - Setting next_dagrun for example_python_operator to None, run_after=None
[2025-03-14T22:01:29.212+0000] {processor.py:208} INFO - Processing /home/airflow/.local/lib/python3.12/site-packages/airflow/example_dags/example_python_operator.py took 0.042 seconds
[2025-03-14T22:01:59.819+0000] {processor.py:186} INFO - Started process (PID=1299) to work on /home/airflow/.local/lib/python3.12/site-packages/airflow/example_dags/example_python_operator.py
[2025-03-14T22:01:59.821+0000] {processor.py:914} INFO - Processing file /home/airflow/.local/lib/python3.12/site-packages/airflow/example_dags/example_python_operator.py for tasks to queue
[2025-03-14T22:01:59.822+0000] {logging_mixin.py:190} INFO - [2025-03-14T22:01:59.822+0000] {dagbag.py:588} INFO - Filling up the DagBag from /home/airflow/.local/lib/python3.12/site-packages/airflow/example_dags/example_python_operator.py
[2025-03-14T22:01:59.830+0000] {processor.py:925} INFO - DAG(s) 'example_python_operator' retrieved from /home/airflow/.local/lib/python3.12/site-packages/airflow/example_dags/example_python_operator.py
[2025-03-14T22:01:59.841+0000] {logging_mixin.py:190} INFO - [2025-03-14T22:01:59.841+0000] {dag.py:3239} INFO - Sync 1 DAGs
[2025-03-14T22:01:59.850+0000] {logging_mixin.py:190} INFO - [2025-03-14T22:01:59.850+0000] {dag.py:4180} INFO - Setting next_dagrun for example_python_operator to None, run_after=None
[2025-03-14T22:01:59.860+0000] {processor.py:208} INFO - Processing /home/airflow/.local/lib/python3.12/site-packages/airflow/example_dags/example_python_operator.py took 0.045 seconds
[2025-03-14T22:02:31.508+0000] {processor.py:186} INFO - Started process (PID=1362) to work on /home/airflow/.local/lib/python3.12/site-packages/airflow/example_dags/example_python_operator.py
[2025-03-14T22:02:31.509+0000] {processor.py:914} INFO - Processing file /home/airflow/.local/lib/python3.12/site-packages/airflow/example_dags/example_python_operator.py for tasks to queue
[2025-03-14T22:02:31.510+0000] {logging_mixin.py:190} INFO - [2025-03-14T22:02:31.510+0000] {dagbag.py:588} INFO - Filling up the DagBag from /home/airflow/.local/lib/python3.12/site-packages/airflow/example_dags/example_python_operator.py
[2025-03-14T22:02:31.516+0000] {processor.py:925} INFO - DAG(s) 'example_python_operator' retrieved from /home/airflow/.local/lib/python3.12/site-packages/airflow/example_dags/example_python_operator.py
[2025-03-14T22:02:31.526+0000] {logging_mixin.py:190} INFO - [2025-03-14T22:02:31.526+0000] {dag.py:3239} INFO - Sync 1 DAGs
[2025-03-14T22:02:31.533+0000] {logging_mixin.py:190} INFO - [2025-03-14T22:02:31.533+0000] {dag.py:4180} INFO - Setting next_dagrun for example_python_operator to None, run_after=None
[2025-03-14T22:02:31.541+0000] {processor.py:208} INFO - Processing /home/airflow/.local/lib/python3.12/site-packages/airflow/example_dags/example_python_operator.py took 0.037 seconds
[2025-03-14T22:03:03.294+0000] {processor.py:186} INFO - Started process (PID=1424) to work on /home/airflow/.local/lib/python3.12/site-packages/airflow/example_dags/example_python_operator.py
[2025-03-14T22:03:03.296+0000] {processor.py:914} INFO - Processing file /home/airflow/.local/lib/python3.12/site-packages/airflow/example_dags/example_python_operator.py for tasks to queue
[2025-03-14T22:03:03.298+0000] {logging_mixin.py:190} INFO - [2025-03-14T22:03:03.297+0000] {dagbag.py:588} INFO - Filling up the DagBag from /home/airflow/.local/lib/python3.12/site-packages/airflow/example_dags/example_python_operator.py
[2025-03-14T22:03:03.318+0000] {processor.py:925} INFO - DAG(s) 'example_python_operator' retrieved from /home/airflow/.local/lib/python3.12/site-packages/airflow/example_dags/example_python_operator.py
[2025-03-14T22:03:03.360+0000] {logging_mixin.py:190} INFO - [2025-03-14T22:03:03.358+0000] {dag.py:3239} INFO - Sync 1 DAGs
[2025-03-14T22:03:03.377+0000] {logging_mixin.py:190} INFO - [2025-03-14T22:03:03.377+0000] {dag.py:4180} INFO - Setting next_dagrun for example_python_operator to None, run_after=None
[2025-03-14T22:03:03.401+0000] {processor.py:208} INFO - Processing /home/airflow/.local/lib/python3.12/site-packages/airflow/example_dags/example_python_operator.py took 0.117 seconds
[2025-03-14T22:03:34.239+0000] {processor.py:186} INFO - Started process (PID=1487) to work on /home/airflow/.local/lib/python3.12/site-packages/airflow/example_dags/example_python_operator.py
[2025-03-14T22:03:34.241+0000] {processor.py:914} INFO - Processing file /home/airflow/.local/lib/python3.12/site-packages/airflow/example_dags/example_python_operator.py for tasks to queue
[2025-03-14T22:03:34.243+0000] {logging_mixin.py:190} INFO - [2025-03-14T22:03:34.243+0000] {dagbag.py:588} INFO - Filling up the DagBag from /home/airflow/.local/lib/python3.12/site-packages/airflow/example_dags/example_python_operator.py
[2025-03-14T22:03:34.250+0000] {processor.py:925} INFO - DAG(s) 'example_python_operator' retrieved from /home/airflow/.local/lib/python3.12/site-packages/airflow/example_dags/example_python_operator.py
[2025-03-14T22:03:34.260+0000] {logging_mixin.py:190} INFO - [2025-03-14T22:03:34.260+0000] {dag.py:3239} INFO - Sync 1 DAGs
[2025-03-14T22:03:34.266+0000] {logging_mixin.py:190} INFO - [2025-03-14T22:03:34.266+0000] {dag.py:4180} INFO - Setting next_dagrun for example_python_operator to None, run_after=None
[2025-03-14T22:03:34.277+0000] {processor.py:208} INFO - Processing /home/airflow/.local/lib/python3.12/site-packages/airflow/example_dags/example_python_operator.py took 0.041 seconds
[2025-03-14T22:04:06.249+0000] {processor.py:186} INFO - Started process (PID=1550) to work on /home/airflow/.local/lib/python3.12/site-packages/airflow/example_dags/example_python_operator.py
[2025-03-14T22:04:06.253+0000] {processor.py:914} INFO - Processing file /home/airflow/.local/lib/python3.12/site-packages/airflow/example_dags/example_python_operator.py for tasks to queue
[2025-03-14T22:04:06.254+0000] {logging_mixin.py:190} INFO - [2025-03-14T22:04:06.254+0000] {dagbag.py:588} INFO - Filling up the DagBag from /home/airflow/.local/lib/python3.12/site-packages/airflow/example_dags/example_python_operator.py
[2025-03-14T22:04:06.264+0000] {processor.py:925} INFO - DAG(s) 'example_python_operator' retrieved from /home/airflow/.local/lib/python3.12/site-packages/airflow/example_dags/example_python_operator.py
[2025-03-14T22:04:06.306+0000] {logging_mixin.py:190} INFO - [2025-03-14T22:04:06.305+0000] {dag.py:3239} INFO - Sync 1 DAGs
[2025-03-14T22:04:06.323+0000] {logging_mixin.py:190} INFO - [2025-03-14T22:04:06.322+0000] {dag.py:4180} INFO - Setting next_dagrun for example_python_operator to None, run_after=None
[2025-03-14T22:04:06.338+0000] {processor.py:208} INFO - Processing /home/airflow/.local/lib/python3.12/site-packages/airflow/example_dags/example_python_operator.py took 0.094 seconds
