[2025-03-14T21:35:07.236+0000] {processor.py:186} INFO - Started process (PID=89) to work on /home/airflow/.local/lib/python3.12/site-packages/airflow/example_dags/example_latest_only_with_trigger.py
[2025-03-14T21:35:07.237+0000] {processor.py:914} INFO - Processing file /home/airflow/.local/lib/python3.12/site-packages/airflow/example_dags/example_latest_only_with_trigger.py for tasks to queue
[2025-03-14T21:35:07.240+0000] {logging_mixin.py:190} INFO - [2025-03-14T21:35:07.240+0000] {dagbag.py:588} INFO - Filling up the DagBag from /home/airflow/.local/lib/python3.12/site-packages/airflow/example_dags/example_latest_only_with_trigger.py
[2025-03-14T21:35:07.254+0000] {processor.py:925} INFO - DAG(s) 'latest_only_with_trigger' retrieved from /home/airflow/.local/lib/python3.12/site-packages/airflow/example_dags/example_latest_only_with_trigger.py
[2025-03-14T21:35:07.452+0000] {logging_mixin.py:190} INFO - [2025-03-14T21:35:07.450+0000] {override.py:1912} INFO - Created Permission View: can edit on DAG:latest_only_with_trigger
[2025-03-14T21:35:07.464+0000] {logging_mixin.py:190} INFO - [2025-03-14T21:35:07.464+0000] {override.py:1912} INFO - Created Permission View: can delete on DAG:latest_only_with_trigger
[2025-03-14T21:35:07.470+0000] {logging_mixin.py:190} INFO - [2025-03-14T21:35:07.470+0000] {override.py:1912} INFO - Created Permission View: can read on DAG:latest_only_with_trigger
[2025-03-14T21:35:07.476+0000] {logging_mixin.py:190} INFO - [2025-03-14T21:35:07.476+0000] {override.py:1912} INFO - Created Permission View: menu access on DAG Run:latest_only_with_trigger
[2025-03-14T21:35:07.481+0000] {logging_mixin.py:190} INFO - [2025-03-14T21:35:07.480+0000] {override.py:1912} INFO - Created Permission View: can create on DAG Run:latest_only_with_trigger
[2025-03-14T21:35:07.486+0000] {logging_mixin.py:190} INFO - [2025-03-14T21:35:07.486+0000] {override.py:1912} INFO - Created Permission View: can delete on DAG Run:latest_only_with_trigger
[2025-03-14T21:35:07.491+0000] {logging_mixin.py:190} INFO - [2025-03-14T21:35:07.490+0000] {override.py:1912} INFO - Created Permission View: can read on DAG Run:latest_only_with_trigger
[2025-03-14T21:35:07.492+0000] {logging_mixin.py:190} INFO - [2025-03-14T21:35:07.491+0000] {dag.py:3239} INFO - Sync 1 DAGs
[2025-03-14T21:35:07.511+0000] {logging_mixin.py:190} INFO - [2025-03-14T21:35:07.511+0000] {dag.py:3262} INFO - Creating ORM DAG for latest_only_with_trigger
[2025-03-14T21:35:07.529+0000] {logging_mixin.py:190} INFO - [2025-03-14T21:35:07.529+0000] {dag.py:4180} INFO - Setting next_dagrun for latest_only_with_trigger to 2025-03-14 16:00:00+00:00, run_after=2025-03-14 20:00:00+00:00
[2025-03-14T21:35:07.550+0000] {processor.py:208} INFO - Processing /home/airflow/.local/lib/python3.12/site-packages/airflow/example_dags/example_latest_only_with_trigger.py took 0.326 seconds
[2025-03-14T21:35:39.858+0000] {processor.py:186} INFO - Started process (PID=152) to work on /home/airflow/.local/lib/python3.12/site-packages/airflow/example_dags/example_latest_only_with_trigger.py
[2025-03-14T21:35:39.862+0000] {processor.py:914} INFO - Processing file /home/airflow/.local/lib/python3.12/site-packages/airflow/example_dags/example_latest_only_with_trigger.py for tasks to queue
[2025-03-14T21:35:39.865+0000] {logging_mixin.py:190} INFO - [2025-03-14T21:35:39.864+0000] {dagbag.py:588} INFO - Filling up the DagBag from /home/airflow/.local/lib/python3.12/site-packages/airflow/example_dags/example_latest_only_with_trigger.py
[2025-03-14T21:35:39.869+0000] {processor.py:925} INFO - DAG(s) 'latest_only_with_trigger' retrieved from /home/airflow/.local/lib/python3.12/site-packages/airflow/example_dags/example_latest_only_with_trigger.py
[2025-03-14T21:35:39.883+0000] {logging_mixin.py:190} INFO - [2025-03-14T21:35:39.883+0000] {dag.py:3239} INFO - Sync 1 DAGs
[2025-03-14T21:35:39.905+0000] {logging_mixin.py:190} INFO - [2025-03-14T21:35:39.905+0000] {dag.py:4180} INFO - Setting next_dagrun for latest_only_with_trigger to 2025-03-14 16:00:00+00:00, run_after=2025-03-14 20:00:00+00:00
[2025-03-14T21:35:39.914+0000] {processor.py:208} INFO - Processing /home/airflow/.local/lib/python3.12/site-packages/airflow/example_dags/example_latest_only_with_trigger.py took 0.061 seconds
[2025-03-14T21:36:10.625+0000] {processor.py:186} INFO - Started process (PID=215) to work on /home/airflow/.local/lib/python3.12/site-packages/airflow/example_dags/example_latest_only_with_trigger.py
[2025-03-14T21:36:10.626+0000] {processor.py:914} INFO - Processing file /home/airflow/.local/lib/python3.12/site-packages/airflow/example_dags/example_latest_only_with_trigger.py for tasks to queue
[2025-03-14T21:36:10.627+0000] {logging_mixin.py:190} INFO - [2025-03-14T21:36:10.626+0000] {dagbag.py:588} INFO - Filling up the DagBag from /home/airflow/.local/lib/python3.12/site-packages/airflow/example_dags/example_latest_only_with_trigger.py
[2025-03-14T21:36:10.631+0000] {processor.py:925} INFO - DAG(s) 'latest_only_with_trigger' retrieved from /home/airflow/.local/lib/python3.12/site-packages/airflow/example_dags/example_latest_only_with_trigger.py
[2025-03-14T21:36:10.641+0000] {logging_mixin.py:190} INFO - [2025-03-14T21:36:10.640+0000] {dag.py:3239} INFO - Sync 1 DAGs
[2025-03-14T21:36:10.672+0000] {logging_mixin.py:190} INFO - [2025-03-14T21:36:10.671+0000] {dag.py:4180} INFO - Setting next_dagrun for latest_only_with_trigger to 2025-03-14 16:00:00+00:00, run_after=2025-03-14 20:00:00+00:00
[2025-03-14T21:36:10.691+0000] {processor.py:208} INFO - Processing /home/airflow/.local/lib/python3.12/site-packages/airflow/example_dags/example_latest_only_with_trigger.py took 0.069 seconds
[2025-03-14T21:36:42.644+0000] {processor.py:186} INFO - Started process (PID=277) to work on /home/airflow/.local/lib/python3.12/site-packages/airflow/example_dags/example_latest_only_with_trigger.py
[2025-03-14T21:36:42.645+0000] {processor.py:914} INFO - Processing file /home/airflow/.local/lib/python3.12/site-packages/airflow/example_dags/example_latest_only_with_trigger.py for tasks to queue
[2025-03-14T21:36:42.646+0000] {logging_mixin.py:190} INFO - [2025-03-14T21:36:42.646+0000] {dagbag.py:588} INFO - Filling up the DagBag from /home/airflow/.local/lib/python3.12/site-packages/airflow/example_dags/example_latest_only_with_trigger.py
[2025-03-14T21:36:42.657+0000] {processor.py:925} INFO - DAG(s) 'latest_only_with_trigger' retrieved from /home/airflow/.local/lib/python3.12/site-packages/airflow/example_dags/example_latest_only_with_trigger.py
[2025-03-14T21:36:42.697+0000] {logging_mixin.py:190} INFO - [2025-03-14T21:36:42.697+0000] {dag.py:3239} INFO - Sync 1 DAGs
[2025-03-14T21:36:42.736+0000] {logging_mixin.py:190} INFO - [2025-03-14T21:36:42.736+0000] {dag.py:4180} INFO - Setting next_dagrun for latest_only_with_trigger to 2025-03-14 16:00:00+00:00, run_after=2025-03-14 20:00:00+00:00
[2025-03-14T21:36:42.748+0000] {processor.py:208} INFO - Processing /home/airflow/.local/lib/python3.12/site-packages/airflow/example_dags/example_latest_only_with_trigger.py took 0.109 seconds
[2025-03-14T21:37:13.660+0000] {processor.py:186} INFO - Started process (PID=340) to work on /home/airflow/.local/lib/python3.12/site-packages/airflow/example_dags/example_latest_only_with_trigger.py
[2025-03-14T21:37:13.661+0000] {processor.py:914} INFO - Processing file /home/airflow/.local/lib/python3.12/site-packages/airflow/example_dags/example_latest_only_with_trigger.py for tasks to queue
[2025-03-14T21:37:13.662+0000] {logging_mixin.py:190} INFO - [2025-03-14T21:37:13.662+0000] {dagbag.py:588} INFO - Filling up the DagBag from /home/airflow/.local/lib/python3.12/site-packages/airflow/example_dags/example_latest_only_with_trigger.py
[2025-03-14T21:37:13.667+0000] {processor.py:925} INFO - DAG(s) 'latest_only_with_trigger' retrieved from /home/airflow/.local/lib/python3.12/site-packages/airflow/example_dags/example_latest_only_with_trigger.py
[2025-03-14T21:37:13.678+0000] {logging_mixin.py:190} INFO - [2025-03-14T21:37:13.678+0000] {dag.py:3239} INFO - Sync 1 DAGs
[2025-03-14T21:37:13.688+0000] {logging_mixin.py:190} INFO - [2025-03-14T21:37:13.688+0000] {dag.py:4180} INFO - Setting next_dagrun for latest_only_with_trigger to 2025-03-14 16:00:00+00:00, run_after=2025-03-14 20:00:00+00:00
[2025-03-14T21:37:13.696+0000] {processor.py:208} INFO - Processing /home/airflow/.local/lib/python3.12/site-packages/airflow/example_dags/example_latest_only_with_trigger.py took 0.039 seconds
[2025-03-14T21:37:45.236+0000] {processor.py:186} INFO - Started process (PID=403) to work on /home/airflow/.local/lib/python3.12/site-packages/airflow/example_dags/example_latest_only_with_trigger.py
[2025-03-14T21:37:45.237+0000] {processor.py:914} INFO - Processing file /home/airflow/.local/lib/python3.12/site-packages/airflow/example_dags/example_latest_only_with_trigger.py for tasks to queue
[2025-03-14T21:37:45.240+0000] {logging_mixin.py:190} INFO - [2025-03-14T21:37:45.240+0000] {dagbag.py:588} INFO - Filling up the DagBag from /home/airflow/.local/lib/python3.12/site-packages/airflow/example_dags/example_latest_only_with_trigger.py
[2025-03-14T21:37:45.247+0000] {processor.py:925} INFO - DAG(s) 'latest_only_with_trigger' retrieved from /home/airflow/.local/lib/python3.12/site-packages/airflow/example_dags/example_latest_only_with_trigger.py
[2025-03-14T21:37:45.268+0000] {logging_mixin.py:190} INFO - [2025-03-14T21:37:45.268+0000] {dag.py:3239} INFO - Sync 1 DAGs
[2025-03-14T21:37:45.281+0000] {logging_mixin.py:190} INFO - [2025-03-14T21:37:45.281+0000] {dag.py:4180} INFO - Setting next_dagrun for latest_only_with_trigger to 2025-03-14 16:00:00+00:00, run_after=2025-03-14 20:00:00+00:00
[2025-03-14T21:37:45.290+0000] {processor.py:208} INFO - Processing /home/airflow/.local/lib/python3.12/site-packages/airflow/example_dags/example_latest_only_with_trigger.py took 0.059 seconds
[2025-03-14T21:38:16.660+0000] {processor.py:186} INFO - Started process (PID=465) to work on /home/airflow/.local/lib/python3.12/site-packages/airflow/example_dags/example_latest_only_with_trigger.py
[2025-03-14T21:38:16.663+0000] {processor.py:914} INFO - Processing file /home/airflow/.local/lib/python3.12/site-packages/airflow/example_dags/example_latest_only_with_trigger.py for tasks to queue
[2025-03-14T21:38:16.667+0000] {logging_mixin.py:190} INFO - [2025-03-14T21:38:16.667+0000] {dagbag.py:588} INFO - Filling up the DagBag from /home/airflow/.local/lib/python3.12/site-packages/airflow/example_dags/example_latest_only_with_trigger.py
[2025-03-14T21:38:16.681+0000] {processor.py:925} INFO - DAG(s) 'latest_only_with_trigger' retrieved from /home/airflow/.local/lib/python3.12/site-packages/airflow/example_dags/example_latest_only_with_trigger.py
[2025-03-14T21:38:16.760+0000] {logging_mixin.py:190} INFO - [2025-03-14T21:38:16.760+0000] {dag.py:3239} INFO - Sync 1 DAGs
[2025-03-14T21:38:16.799+0000] {logging_mixin.py:190} INFO - [2025-03-14T21:38:16.799+0000] {dag.py:4180} INFO - Setting next_dagrun for latest_only_with_trigger to 2025-03-14 16:00:00+00:00, run_after=2025-03-14 20:00:00+00:00
[2025-03-14T21:38:16.826+0000] {processor.py:208} INFO - Processing /home/airflow/.local/lib/python3.12/site-packages/airflow/example_dags/example_latest_only_with_trigger.py took 0.179 seconds
[2025-03-14T21:38:47.723+0000] {processor.py:186} INFO - Started process (PID=528) to work on /home/airflow/.local/lib/python3.12/site-packages/airflow/example_dags/example_latest_only_with_trigger.py
[2025-03-14T21:38:47.724+0000] {processor.py:914} INFO - Processing file /home/airflow/.local/lib/python3.12/site-packages/airflow/example_dags/example_latest_only_with_trigger.py for tasks to queue
[2025-03-14T21:38:47.726+0000] {logging_mixin.py:190} INFO - [2025-03-14T21:38:47.725+0000] {dagbag.py:588} INFO - Filling up the DagBag from /home/airflow/.local/lib/python3.12/site-packages/airflow/example_dags/example_latest_only_with_trigger.py
[2025-03-14T21:38:47.730+0000] {processor.py:925} INFO - DAG(s) 'latest_only_with_trigger' retrieved from /home/airflow/.local/lib/python3.12/site-packages/airflow/example_dags/example_latest_only_with_trigger.py
[2025-03-14T21:38:47.746+0000] {logging_mixin.py:190} INFO - [2025-03-14T21:38:47.746+0000] {dag.py:3239} INFO - Sync 1 DAGs
[2025-03-14T21:38:47.758+0000] {logging_mixin.py:190} INFO - [2025-03-14T21:38:47.758+0000] {dag.py:4180} INFO - Setting next_dagrun for latest_only_with_trigger to 2025-03-14 16:00:00+00:00, run_after=2025-03-14 20:00:00+00:00
[2025-03-14T21:38:47.769+0000] {processor.py:208} INFO - Processing /home/airflow/.local/lib/python3.12/site-packages/airflow/example_dags/example_latest_only_with_trigger.py took 0.049 seconds
[2025-03-14T21:39:19.343+0000] {processor.py:186} INFO - Started process (PID=591) to work on /home/airflow/.local/lib/python3.12/site-packages/airflow/example_dags/example_latest_only_with_trigger.py
[2025-03-14T21:39:19.345+0000] {processor.py:914} INFO - Processing file /home/airflow/.local/lib/python3.12/site-packages/airflow/example_dags/example_latest_only_with_trigger.py for tasks to queue
[2025-03-14T21:39:19.346+0000] {logging_mixin.py:190} INFO - [2025-03-14T21:39:19.346+0000] {dagbag.py:588} INFO - Filling up the DagBag from /home/airflow/.local/lib/python3.12/site-packages/airflow/example_dags/example_latest_only_with_trigger.py
[2025-03-14T21:39:19.351+0000] {processor.py:925} INFO - DAG(s) 'latest_only_with_trigger' retrieved from /home/airflow/.local/lib/python3.12/site-packages/airflow/example_dags/example_latest_only_with_trigger.py
[2025-03-14T21:39:19.387+0000] {logging_mixin.py:190} INFO - [2025-03-14T21:39:19.387+0000] {dag.py:3239} INFO - Sync 1 DAGs
[2025-03-14T21:39:19.402+0000] {logging_mixin.py:190} INFO - [2025-03-14T21:39:19.401+0000] {dag.py:4180} INFO - Setting next_dagrun for latest_only_with_trigger to 2025-03-14 16:00:00+00:00, run_after=2025-03-14 20:00:00+00:00
[2025-03-14T21:39:19.411+0000] {processor.py:208} INFO - Processing /home/airflow/.local/lib/python3.12/site-packages/airflow/example_dags/example_latest_only_with_trigger.py took 0.071 seconds
[2025-03-14T21:44:13.858+0000] {processor.py:186} INFO - Started process (PID=98) to work on /home/airflow/.local/lib/python3.12/site-packages/airflow/example_dags/example_latest_only_with_trigger.py
[2025-03-14T21:44:13.864+0000] {processor.py:914} INFO - Processing file /home/airflow/.local/lib/python3.12/site-packages/airflow/example_dags/example_latest_only_with_trigger.py for tasks to queue
[2025-03-14T21:44:13.867+0000] {logging_mixin.py:190} INFO - [2025-03-14T21:44:13.867+0000] {dagbag.py:588} INFO - Filling up the DagBag from /home/airflow/.local/lib/python3.12/site-packages/airflow/example_dags/example_latest_only_with_trigger.py
[2025-03-14T21:44:13.892+0000] {processor.py:925} INFO - DAG(s) 'latest_only_with_trigger' retrieved from /home/airflow/.local/lib/python3.12/site-packages/airflow/example_dags/example_latest_only_with_trigger.py
[2025-03-14T21:44:13.941+0000] {logging_mixin.py:190} INFO - [2025-03-14T21:44:13.941+0000] {dag.py:3239} INFO - Sync 1 DAGs
[2025-03-14T21:44:13.984+0000] {logging_mixin.py:190} INFO - [2025-03-14T21:44:13.984+0000] {dag.py:4180} INFO - Setting next_dagrun for latest_only_with_trigger to 2025-03-14 16:00:00+00:00, run_after=2025-03-14 20:00:00+00:00
[2025-03-14T21:44:14.025+0000] {processor.py:208} INFO - Processing /home/airflow/.local/lib/python3.12/site-packages/airflow/example_dags/example_latest_only_with_trigger.py took 0.175 seconds
[2025-03-14T21:44:48.718+0000] {processor.py:186} INFO - Started process (PID=160) to work on /home/airflow/.local/lib/python3.12/site-packages/airflow/example_dags/example_latest_only_with_trigger.py
[2025-03-14T21:44:48.721+0000] {processor.py:914} INFO - Processing file /home/airflow/.local/lib/python3.12/site-packages/airflow/example_dags/example_latest_only_with_trigger.py for tasks to queue
[2025-03-14T21:44:48.722+0000] {logging_mixin.py:190} INFO - [2025-03-14T21:44:48.722+0000] {dagbag.py:588} INFO - Filling up the DagBag from /home/airflow/.local/lib/python3.12/site-packages/airflow/example_dags/example_latest_only_with_trigger.py
[2025-03-14T21:44:48.727+0000] {processor.py:925} INFO - DAG(s) 'latest_only_with_trigger' retrieved from /home/airflow/.local/lib/python3.12/site-packages/airflow/example_dags/example_latest_only_with_trigger.py
[2025-03-14T21:44:48.763+0000] {logging_mixin.py:190} INFO - [2025-03-14T21:44:48.763+0000] {dag.py:3239} INFO - Sync 1 DAGs
[2025-03-14T21:44:48.783+0000] {logging_mixin.py:190} INFO - [2025-03-14T21:44:48.783+0000] {dag.py:4180} INFO - Setting next_dagrun for latest_only_with_trigger to 2025-03-14 16:00:00+00:00, run_after=2025-03-14 20:00:00+00:00
[2025-03-14T21:44:48.791+0000] {processor.py:208} INFO - Processing /home/airflow/.local/lib/python3.12/site-packages/airflow/example_dags/example_latest_only_with_trigger.py took 0.077 seconds
[2025-03-14T21:45:21.468+0000] {processor.py:186} INFO - Started process (PID=223) to work on /home/airflow/.local/lib/python3.12/site-packages/airflow/example_dags/example_latest_only_with_trigger.py
[2025-03-14T21:45:21.469+0000] {processor.py:914} INFO - Processing file /home/airflow/.local/lib/python3.12/site-packages/airflow/example_dags/example_latest_only_with_trigger.py for tasks to queue
[2025-03-14T21:45:21.470+0000] {logging_mixin.py:190} INFO - [2025-03-14T21:45:21.470+0000] {dagbag.py:588} INFO - Filling up the DagBag from /home/airflow/.local/lib/python3.12/site-packages/airflow/example_dags/example_latest_only_with_trigger.py
[2025-03-14T21:45:21.475+0000] {processor.py:925} INFO - DAG(s) 'latest_only_with_trigger' retrieved from /home/airflow/.local/lib/python3.12/site-packages/airflow/example_dags/example_latest_only_with_trigger.py
[2025-03-14T21:45:21.484+0000] {logging_mixin.py:190} INFO - [2025-03-14T21:45:21.484+0000] {dag.py:3239} INFO - Sync 1 DAGs
[2025-03-14T21:45:21.494+0000] {logging_mixin.py:190} INFO - [2025-03-14T21:45:21.494+0000] {dag.py:4180} INFO - Setting next_dagrun for latest_only_with_trigger to 2025-03-14 16:00:00+00:00, run_after=2025-03-14 20:00:00+00:00
[2025-03-14T21:45:21.501+0000] {processor.py:208} INFO - Processing /home/airflow/.local/lib/python3.12/site-packages/airflow/example_dags/example_latest_only_with_trigger.py took 0.040 seconds
[2025-03-14T21:45:55.642+0000] {processor.py:186} INFO - Started process (PID=286) to work on /home/airflow/.local/lib/python3.12/site-packages/airflow/example_dags/example_latest_only_with_trigger.py
[2025-03-14T21:45:55.643+0000] {processor.py:914} INFO - Processing file /home/airflow/.local/lib/python3.12/site-packages/airflow/example_dags/example_latest_only_with_trigger.py for tasks to queue
[2025-03-14T21:45:55.644+0000] {logging_mixin.py:190} INFO - [2025-03-14T21:45:55.644+0000] {dagbag.py:588} INFO - Filling up the DagBag from /home/airflow/.local/lib/python3.12/site-packages/airflow/example_dags/example_latest_only_with_trigger.py
[2025-03-14T21:45:55.649+0000] {processor.py:925} INFO - DAG(s) 'latest_only_with_trigger' retrieved from /home/airflow/.local/lib/python3.12/site-packages/airflow/example_dags/example_latest_only_with_trigger.py
[2025-03-14T21:45:55.663+0000] {logging_mixin.py:190} INFO - [2025-03-14T21:45:55.663+0000] {dag.py:3239} INFO - Sync 1 DAGs
[2025-03-14T21:45:55.679+0000] {logging_mixin.py:190} INFO - [2025-03-14T21:45:55.679+0000] {dag.py:4180} INFO - Setting next_dagrun for latest_only_with_trigger to 2025-03-14 16:00:00+00:00, run_after=2025-03-14 20:00:00+00:00
[2025-03-14T21:45:55.699+0000] {processor.py:208} INFO - Processing /home/airflow/.local/lib/python3.12/site-packages/airflow/example_dags/example_latest_only_with_trigger.py took 0.061 seconds
[2025-03-14T21:46:29.240+0000] {processor.py:186} INFO - Started process (PID=355) to work on /home/airflow/.local/lib/python3.12/site-packages/airflow/example_dags/example_latest_only_with_trigger.py
[2025-03-14T21:46:29.240+0000] {processor.py:914} INFO - Processing file /home/airflow/.local/lib/python3.12/site-packages/airflow/example_dags/example_latest_only_with_trigger.py for tasks to queue
[2025-03-14T21:46:29.241+0000] {logging_mixin.py:190} INFO - [2025-03-14T21:46:29.241+0000] {dagbag.py:588} INFO - Filling up the DagBag from /home/airflow/.local/lib/python3.12/site-packages/airflow/example_dags/example_latest_only_with_trigger.py
[2025-03-14T21:46:29.249+0000] {processor.py:925} INFO - DAG(s) 'latest_only_with_trigger' retrieved from /home/airflow/.local/lib/python3.12/site-packages/airflow/example_dags/example_latest_only_with_trigger.py
[2025-03-14T21:46:29.266+0000] {logging_mixin.py:190} INFO - [2025-03-14T21:46:29.266+0000] {dag.py:3239} INFO - Sync 1 DAGs
[2025-03-14T21:46:29.290+0000] {logging_mixin.py:190} INFO - [2025-03-14T21:46:29.290+0000] {dag.py:4180} INFO - Setting next_dagrun for latest_only_with_trigger to 2025-03-14 16:00:00+00:00, run_after=2025-03-14 20:00:00+00:00
[2025-03-14T21:46:29.377+0000] {processor.py:208} INFO - Processing /home/airflow/.local/lib/python3.12/site-packages/airflow/example_dags/example_latest_only_with_trigger.py took 0.143 seconds
[2025-03-14T21:52:07.111+0000] {processor.py:186} INFO - Started process (PID=90) to work on /home/airflow/.local/lib/python3.12/site-packages/airflow/example_dags/example_latest_only_with_trigger.py
[2025-03-14T21:52:07.193+0000] {processor.py:914} INFO - Processing file /home/airflow/.local/lib/python3.12/site-packages/airflow/example_dags/example_latest_only_with_trigger.py for tasks to queue
[2025-03-14T21:52:07.199+0000] {logging_mixin.py:190} INFO - [2025-03-14T21:52:07.199+0000] {dagbag.py:588} INFO - Filling up the DagBag from /home/airflow/.local/lib/python3.12/site-packages/airflow/example_dags/example_latest_only_with_trigger.py
[2025-03-14T21:52:07.240+0000] {processor.py:925} INFO - DAG(s) 'latest_only_with_trigger' retrieved from /home/airflow/.local/lib/python3.12/site-packages/airflow/example_dags/example_latest_only_with_trigger.py
[2025-03-14T21:52:07.331+0000] {logging_mixin.py:190} INFO - [2025-03-14T21:52:07.329+0000] {dag.py:3239} INFO - Sync 1 DAGs
[2025-03-14T21:52:07.491+0000] {logging_mixin.py:190} INFO - [2025-03-14T21:52:07.491+0000] {dag.py:4180} INFO - Setting next_dagrun for latest_only_with_trigger to 2025-03-14 16:00:00+00:00, run_after=2025-03-14 20:00:00+00:00
[2025-03-14T21:52:07.543+0000] {processor.py:208} INFO - Processing /home/airflow/.local/lib/python3.12/site-packages/airflow/example_dags/example_latest_only_with_trigger.py took 0.437 seconds
[2025-03-14T21:52:38.044+0000] {processor.py:186} INFO - Started process (PID=153) to work on /home/airflow/.local/lib/python3.12/site-packages/airflow/example_dags/example_latest_only_with_trigger.py
[2025-03-14T21:52:38.045+0000] {processor.py:914} INFO - Processing file /home/airflow/.local/lib/python3.12/site-packages/airflow/example_dags/example_latest_only_with_trigger.py for tasks to queue
[2025-03-14T21:52:38.046+0000] {logging_mixin.py:190} INFO - [2025-03-14T21:52:38.046+0000] {dagbag.py:588} INFO - Filling up the DagBag from /home/airflow/.local/lib/python3.12/site-packages/airflow/example_dags/example_latest_only_with_trigger.py
[2025-03-14T21:52:38.050+0000] {processor.py:925} INFO - DAG(s) 'latest_only_with_trigger' retrieved from /home/airflow/.local/lib/python3.12/site-packages/airflow/example_dags/example_latest_only_with_trigger.py
[2025-03-14T21:52:38.063+0000] {logging_mixin.py:190} INFO - [2025-03-14T21:52:38.063+0000] {dag.py:3239} INFO - Sync 1 DAGs
[2025-03-14T21:52:38.074+0000] {logging_mixin.py:190} INFO - [2025-03-14T21:52:38.074+0000] {dag.py:4180} INFO - Setting next_dagrun for latest_only_with_trigger to 2025-03-14 16:00:00+00:00, run_after=2025-03-14 20:00:00+00:00
[2025-03-14T21:52:38.082+0000] {processor.py:208} INFO - Processing /home/airflow/.local/lib/python3.12/site-packages/airflow/example_dags/example_latest_only_with_trigger.py took 0.040 seconds
[2025-03-14T21:53:09.457+0000] {processor.py:186} INFO - Started process (PID=216) to work on /home/airflow/.local/lib/python3.12/site-packages/airflow/example_dags/example_latest_only_with_trigger.py
[2025-03-14T21:53:09.458+0000] {processor.py:914} INFO - Processing file /home/airflow/.local/lib/python3.12/site-packages/airflow/example_dags/example_latest_only_with_trigger.py for tasks to queue
[2025-03-14T21:53:09.459+0000] {logging_mixin.py:190} INFO - [2025-03-14T21:53:09.458+0000] {dagbag.py:588} INFO - Filling up the DagBag from /home/airflow/.local/lib/python3.12/site-packages/airflow/example_dags/example_latest_only_with_trigger.py
[2025-03-14T21:53:09.463+0000] {processor.py:925} INFO - DAG(s) 'latest_only_with_trigger' retrieved from /home/airflow/.local/lib/python3.12/site-packages/airflow/example_dags/example_latest_only_with_trigger.py
[2025-03-14T21:53:09.472+0000] {logging_mixin.py:190} INFO - [2025-03-14T21:53:09.472+0000] {dag.py:3239} INFO - Sync 1 DAGs
[2025-03-14T21:53:09.484+0000] {logging_mixin.py:190} INFO - [2025-03-14T21:53:09.484+0000] {dag.py:4180} INFO - Setting next_dagrun for latest_only_with_trigger to 2025-03-14 16:00:00+00:00, run_after=2025-03-14 20:00:00+00:00
[2025-03-14T21:53:09.494+0000] {processor.py:208} INFO - Processing /home/airflow/.local/lib/python3.12/site-packages/airflow/example_dags/example_latest_only_with_trigger.py took 0.044 seconds
[2025-03-14T21:53:41.065+0000] {processor.py:186} INFO - Started process (PID=279) to work on /home/airflow/.local/lib/python3.12/site-packages/airflow/example_dags/example_latest_only_with_trigger.py
[2025-03-14T21:53:41.066+0000] {processor.py:914} INFO - Processing file /home/airflow/.local/lib/python3.12/site-packages/airflow/example_dags/example_latest_only_with_trigger.py for tasks to queue
[2025-03-14T21:53:41.067+0000] {logging_mixin.py:190} INFO - [2025-03-14T21:53:41.067+0000] {dagbag.py:588} INFO - Filling up the DagBag from /home/airflow/.local/lib/python3.12/site-packages/airflow/example_dags/example_latest_only_with_trigger.py
[2025-03-14T21:53:41.071+0000] {processor.py:925} INFO - DAG(s) 'latest_only_with_trigger' retrieved from /home/airflow/.local/lib/python3.12/site-packages/airflow/example_dags/example_latest_only_with_trigger.py
[2025-03-14T21:53:41.080+0000] {logging_mixin.py:190} INFO - [2025-03-14T21:53:41.080+0000] {dag.py:3239} INFO - Sync 1 DAGs
[2025-03-14T21:53:41.101+0000] {logging_mixin.py:190} INFO - [2025-03-14T21:53:41.101+0000] {dag.py:4180} INFO - Setting next_dagrun for latest_only_with_trigger to 2025-03-14 16:00:00+00:00, run_after=2025-03-14 20:00:00+00:00
[2025-03-14T21:53:41.110+0000] {processor.py:208} INFO - Processing /home/airflow/.local/lib/python3.12/site-packages/airflow/example_dags/example_latest_only_with_trigger.py took 0.047 seconds
[2025-03-14T21:54:12.754+0000] {processor.py:186} INFO - Started process (PID=342) to work on /home/airflow/.local/lib/python3.12/site-packages/airflow/example_dags/example_latest_only_with_trigger.py
[2025-03-14T21:54:12.755+0000] {processor.py:914} INFO - Processing file /home/airflow/.local/lib/python3.12/site-packages/airflow/example_dags/example_latest_only_with_trigger.py for tasks to queue
[2025-03-14T21:54:12.756+0000] {logging_mixin.py:190} INFO - [2025-03-14T21:54:12.756+0000] {dagbag.py:588} INFO - Filling up the DagBag from /home/airflow/.local/lib/python3.12/site-packages/airflow/example_dags/example_latest_only_with_trigger.py
[2025-03-14T21:54:12.762+0000] {processor.py:925} INFO - DAG(s) 'latest_only_with_trigger' retrieved from /home/airflow/.local/lib/python3.12/site-packages/airflow/example_dags/example_latest_only_with_trigger.py
[2025-03-14T21:54:12.785+0000] {logging_mixin.py:190} INFO - [2025-03-14T21:54:12.785+0000] {dag.py:3239} INFO - Sync 1 DAGs
[2025-03-14T21:54:12.798+0000] {logging_mixin.py:190} INFO - [2025-03-14T21:54:12.798+0000] {dag.py:4180} INFO - Setting next_dagrun for latest_only_with_trigger to 2025-03-14 16:00:00+00:00, run_after=2025-03-14 20:00:00+00:00
[2025-03-14T21:54:12.807+0000] {processor.py:208} INFO - Processing /home/airflow/.local/lib/python3.12/site-packages/airflow/example_dags/example_latest_only_with_trigger.py took 0.057 seconds
[2025-03-14T21:54:43.958+0000] {processor.py:186} INFO - Started process (PID=405) to work on /home/airflow/.local/lib/python3.12/site-packages/airflow/example_dags/example_latest_only_with_trigger.py
[2025-03-14T21:54:43.958+0000] {processor.py:914} INFO - Processing file /home/airflow/.local/lib/python3.12/site-packages/airflow/example_dags/example_latest_only_with_trigger.py for tasks to queue
[2025-03-14T21:54:43.960+0000] {logging_mixin.py:190} INFO - [2025-03-14T21:54:43.960+0000] {dagbag.py:588} INFO - Filling up the DagBag from /home/airflow/.local/lib/python3.12/site-packages/airflow/example_dags/example_latest_only_with_trigger.py
[2025-03-14T21:54:43.965+0000] {processor.py:925} INFO - DAG(s) 'latest_only_with_trigger' retrieved from /home/airflow/.local/lib/python3.12/site-packages/airflow/example_dags/example_latest_only_with_trigger.py
[2025-03-14T21:54:43.982+0000] {logging_mixin.py:190} INFO - [2025-03-14T21:54:43.982+0000] {dag.py:3239} INFO - Sync 1 DAGs
[2025-03-14T21:54:43.992+0000] {logging_mixin.py:190} INFO - [2025-03-14T21:54:43.992+0000] {dag.py:4180} INFO - Setting next_dagrun for latest_only_with_trigger to 2025-03-14 16:00:00+00:00, run_after=2025-03-14 20:00:00+00:00
[2025-03-14T21:54:43.999+0000] {processor.py:208} INFO - Processing /home/airflow/.local/lib/python3.12/site-packages/airflow/example_dags/example_latest_only_with_trigger.py took 0.044 seconds
[2025-03-14T21:55:14.907+0000] {processor.py:186} INFO - Started process (PID=468) to work on /home/airflow/.local/lib/python3.12/site-packages/airflow/example_dags/example_latest_only_with_trigger.py
[2025-03-14T21:55:14.908+0000] {processor.py:914} INFO - Processing file /home/airflow/.local/lib/python3.12/site-packages/airflow/example_dags/example_latest_only_with_trigger.py for tasks to queue
[2025-03-14T21:55:14.909+0000] {logging_mixin.py:190} INFO - [2025-03-14T21:55:14.909+0000] {dagbag.py:588} INFO - Filling up the DagBag from /home/airflow/.local/lib/python3.12/site-packages/airflow/example_dags/example_latest_only_with_trigger.py
[2025-03-14T21:55:14.913+0000] {processor.py:925} INFO - DAG(s) 'latest_only_with_trigger' retrieved from /home/airflow/.local/lib/python3.12/site-packages/airflow/example_dags/example_latest_only_with_trigger.py
[2025-03-14T21:55:14.933+0000] {logging_mixin.py:190} INFO - [2025-03-14T21:55:14.933+0000] {dag.py:3239} INFO - Sync 1 DAGs
[2025-03-14T21:55:14.949+0000] {logging_mixin.py:190} INFO - [2025-03-14T21:55:14.949+0000] {dag.py:4180} INFO - Setting next_dagrun for latest_only_with_trigger to 2025-03-14 16:00:00+00:00, run_after=2025-03-14 20:00:00+00:00
[2025-03-14T21:55:14.957+0000] {processor.py:208} INFO - Processing /home/airflow/.local/lib/python3.12/site-packages/airflow/example_dags/example_latest_only_with_trigger.py took 0.053 seconds
[2025-03-14T21:55:46.056+0000] {processor.py:186} INFO - Started process (PID=531) to work on /home/airflow/.local/lib/python3.12/site-packages/airflow/example_dags/example_latest_only_with_trigger.py
[2025-03-14T21:55:46.057+0000] {processor.py:914} INFO - Processing file /home/airflow/.local/lib/python3.12/site-packages/airflow/example_dags/example_latest_only_with_trigger.py for tasks to queue
[2025-03-14T21:55:46.058+0000] {logging_mixin.py:190} INFO - [2025-03-14T21:55:46.058+0000] {dagbag.py:588} INFO - Filling up the DagBag from /home/airflow/.local/lib/python3.12/site-packages/airflow/example_dags/example_latest_only_with_trigger.py
[2025-03-14T21:55:46.062+0000] {processor.py:925} INFO - DAG(s) 'latest_only_with_trigger' retrieved from /home/airflow/.local/lib/python3.12/site-packages/airflow/example_dags/example_latest_only_with_trigger.py
[2025-03-14T21:55:46.074+0000] {logging_mixin.py:190} INFO - [2025-03-14T21:55:46.074+0000] {dag.py:3239} INFO - Sync 1 DAGs
[2025-03-14T21:55:46.084+0000] {logging_mixin.py:190} INFO - [2025-03-14T21:55:46.084+0000] {dag.py:4180} INFO - Setting next_dagrun for latest_only_with_trigger to 2025-03-14 16:00:00+00:00, run_after=2025-03-14 20:00:00+00:00
[2025-03-14T21:55:46.102+0000] {processor.py:208} INFO - Processing /home/airflow/.local/lib/python3.12/site-packages/airflow/example_dags/example_latest_only_with_trigger.py took 0.049 seconds
[2025-03-14T21:56:17.120+0000] {processor.py:186} INFO - Started process (PID=594) to work on /home/airflow/.local/lib/python3.12/site-packages/airflow/example_dags/example_latest_only_with_trigger.py
[2025-03-14T21:56:17.121+0000] {processor.py:914} INFO - Processing file /home/airflow/.local/lib/python3.12/site-packages/airflow/example_dags/example_latest_only_with_trigger.py for tasks to queue
[2025-03-14T21:56:17.122+0000] {logging_mixin.py:190} INFO - [2025-03-14T21:56:17.122+0000] {dagbag.py:588} INFO - Filling up the DagBag from /home/airflow/.local/lib/python3.12/site-packages/airflow/example_dags/example_latest_only_with_trigger.py
[2025-03-14T21:56:17.126+0000] {processor.py:925} INFO - DAG(s) 'latest_only_with_trigger' retrieved from /home/airflow/.local/lib/python3.12/site-packages/airflow/example_dags/example_latest_only_with_trigger.py
[2025-03-14T21:56:17.136+0000] {logging_mixin.py:190} INFO - [2025-03-14T21:56:17.136+0000] {dag.py:3239} INFO - Sync 1 DAGs
[2025-03-14T21:56:17.152+0000] {logging_mixin.py:190} INFO - [2025-03-14T21:56:17.152+0000] {dag.py:4180} INFO - Setting next_dagrun for latest_only_with_trigger to 2025-03-14 16:00:00+00:00, run_after=2025-03-14 20:00:00+00:00
[2025-03-14T21:56:17.162+0000] {processor.py:208} INFO - Processing /home/airflow/.local/lib/python3.12/site-packages/airflow/example_dags/example_latest_only_with_trigger.py took 0.045 seconds
[2025-03-14T21:56:47.804+0000] {processor.py:186} INFO - Started process (PID=658) to work on /home/airflow/.local/lib/python3.12/site-packages/airflow/example_dags/example_latest_only_with_trigger.py
[2025-03-14T21:56:47.805+0000] {processor.py:914} INFO - Processing file /home/airflow/.local/lib/python3.12/site-packages/airflow/example_dags/example_latest_only_with_trigger.py for tasks to queue
[2025-03-14T21:56:47.806+0000] {logging_mixin.py:190} INFO - [2025-03-14T21:56:47.805+0000] {dagbag.py:588} INFO - Filling up the DagBag from /home/airflow/.local/lib/python3.12/site-packages/airflow/example_dags/example_latest_only_with_trigger.py
[2025-03-14T21:56:47.810+0000] {processor.py:925} INFO - DAG(s) 'latest_only_with_trigger' retrieved from /home/airflow/.local/lib/python3.12/site-packages/airflow/example_dags/example_latest_only_with_trigger.py
[2025-03-14T21:56:47.824+0000] {logging_mixin.py:190} INFO - [2025-03-14T21:56:47.824+0000] {dag.py:3239} INFO - Sync 1 DAGs
[2025-03-14T21:56:47.835+0000] {logging_mixin.py:190} INFO - [2025-03-14T21:56:47.835+0000] {dag.py:4180} INFO - Setting next_dagrun for latest_only_with_trigger to 2025-03-14 16:00:00+00:00, run_after=2025-03-14 20:00:00+00:00
[2025-03-14T21:56:47.848+0000] {processor.py:208} INFO - Processing /home/airflow/.local/lib/python3.12/site-packages/airflow/example_dags/example_latest_only_with_trigger.py took 0.048 seconds
[2025-03-14T21:57:19.230+0000] {processor.py:186} INFO - Started process (PID=721) to work on /home/airflow/.local/lib/python3.12/site-packages/airflow/example_dags/example_latest_only_with_trigger.py
[2025-03-14T21:57:19.231+0000] {processor.py:914} INFO - Processing file /home/airflow/.local/lib/python3.12/site-packages/airflow/example_dags/example_latest_only_with_trigger.py for tasks to queue
[2025-03-14T21:57:19.233+0000] {logging_mixin.py:190} INFO - [2025-03-14T21:57:19.233+0000] {dagbag.py:588} INFO - Filling up the DagBag from /home/airflow/.local/lib/python3.12/site-packages/airflow/example_dags/example_latest_only_with_trigger.py
[2025-03-14T21:57:19.237+0000] {processor.py:925} INFO - DAG(s) 'latest_only_with_trigger' retrieved from /home/airflow/.local/lib/python3.12/site-packages/airflow/example_dags/example_latest_only_with_trigger.py
[2025-03-14T21:57:19.252+0000] {logging_mixin.py:190} INFO - [2025-03-14T21:57:19.252+0000] {dag.py:3239} INFO - Sync 1 DAGs
[2025-03-14T21:57:19.262+0000] {logging_mixin.py:190} INFO - [2025-03-14T21:57:19.262+0000] {dag.py:4180} INFO - Setting next_dagrun for latest_only_with_trigger to 2025-03-14 16:00:00+00:00, run_after=2025-03-14 20:00:00+00:00
[2025-03-14T21:57:19.273+0000] {processor.py:208} INFO - Processing /home/airflow/.local/lib/python3.12/site-packages/airflow/example_dags/example_latest_only_with_trigger.py took 0.045 seconds
[2025-03-14T21:57:50.870+0000] {processor.py:186} INFO - Started process (PID=784) to work on /home/airflow/.local/lib/python3.12/site-packages/airflow/example_dags/example_latest_only_with_trigger.py
[2025-03-14T21:57:50.872+0000] {processor.py:914} INFO - Processing file /home/airflow/.local/lib/python3.12/site-packages/airflow/example_dags/example_latest_only_with_trigger.py for tasks to queue
[2025-03-14T21:57:50.874+0000] {logging_mixin.py:190} INFO - [2025-03-14T21:57:50.874+0000] {dagbag.py:588} INFO - Filling up the DagBag from /home/airflow/.local/lib/python3.12/site-packages/airflow/example_dags/example_latest_only_with_trigger.py
[2025-03-14T21:57:50.878+0000] {processor.py:925} INFO - DAG(s) 'latest_only_with_trigger' retrieved from /home/airflow/.local/lib/python3.12/site-packages/airflow/example_dags/example_latest_only_with_trigger.py
[2025-03-14T21:57:50.886+0000] {logging_mixin.py:190} INFO - [2025-03-14T21:57:50.886+0000] {dag.py:3239} INFO - Sync 1 DAGs
[2025-03-14T21:57:50.896+0000] {logging_mixin.py:190} INFO - [2025-03-14T21:57:50.895+0000] {dag.py:4180} INFO - Setting next_dagrun for latest_only_with_trigger to 2025-03-14 16:00:00+00:00, run_after=2025-03-14 20:00:00+00:00
[2025-03-14T21:57:50.902+0000] {processor.py:208} INFO - Processing /home/airflow/.local/lib/python3.12/site-packages/airflow/example_dags/example_latest_only_with_trigger.py took 0.035 seconds
[2025-03-14T21:58:22.314+0000] {processor.py:186} INFO - Started process (PID=847) to work on /home/airflow/.local/lib/python3.12/site-packages/airflow/example_dags/example_latest_only_with_trigger.py
[2025-03-14T21:58:22.316+0000] {processor.py:914} INFO - Processing file /home/airflow/.local/lib/python3.12/site-packages/airflow/example_dags/example_latest_only_with_trigger.py for tasks to queue
[2025-03-14T21:58:22.317+0000] {logging_mixin.py:190} INFO - [2025-03-14T21:58:22.317+0000] {dagbag.py:588} INFO - Filling up the DagBag from /home/airflow/.local/lib/python3.12/site-packages/airflow/example_dags/example_latest_only_with_trigger.py
[2025-03-14T21:58:22.321+0000] {processor.py:925} INFO - DAG(s) 'latest_only_with_trigger' retrieved from /home/airflow/.local/lib/python3.12/site-packages/airflow/example_dags/example_latest_only_with_trigger.py
[2025-03-14T21:58:22.331+0000] {logging_mixin.py:190} INFO - [2025-03-14T21:58:22.331+0000] {dag.py:3239} INFO - Sync 1 DAGs
[2025-03-14T21:58:22.341+0000] {logging_mixin.py:190} INFO - [2025-03-14T21:58:22.341+0000] {dag.py:4180} INFO - Setting next_dagrun for latest_only_with_trigger to 2025-03-14 16:00:00+00:00, run_after=2025-03-14 20:00:00+00:00
[2025-03-14T21:58:22.348+0000] {processor.py:208} INFO - Processing /home/airflow/.local/lib/python3.12/site-packages/airflow/example_dags/example_latest_only_with_trigger.py took 0.037 seconds
[2025-03-14T21:58:53.049+0000] {processor.py:186} INFO - Started process (PID=910) to work on /home/airflow/.local/lib/python3.12/site-packages/airflow/example_dags/example_latest_only_with_trigger.py
[2025-03-14T21:58:53.053+0000] {processor.py:914} INFO - Processing file /home/airflow/.local/lib/python3.12/site-packages/airflow/example_dags/example_latest_only_with_trigger.py for tasks to queue
[2025-03-14T21:58:53.053+0000] {logging_mixin.py:190} INFO - [2025-03-14T21:58:53.053+0000] {dagbag.py:588} INFO - Filling up the DagBag from /home/airflow/.local/lib/python3.12/site-packages/airflow/example_dags/example_latest_only_with_trigger.py
[2025-03-14T21:58:53.058+0000] {processor.py:925} INFO - DAG(s) 'latest_only_with_trigger' retrieved from /home/airflow/.local/lib/python3.12/site-packages/airflow/example_dags/example_latest_only_with_trigger.py
[2025-03-14T21:58:53.071+0000] {logging_mixin.py:190} INFO - [2025-03-14T21:58:53.071+0000] {dag.py:3239} INFO - Sync 1 DAGs
[2025-03-14T21:58:53.082+0000] {logging_mixin.py:190} INFO - [2025-03-14T21:58:53.082+0000] {dag.py:4180} INFO - Setting next_dagrun for latest_only_with_trigger to 2025-03-14 16:00:00+00:00, run_after=2025-03-14 20:00:00+00:00
[2025-03-14T21:58:53.099+0000] {processor.py:208} INFO - Processing /home/airflow/.local/lib/python3.12/site-packages/airflow/example_dags/example_latest_only_with_trigger.py took 0.052 seconds
[2025-03-14T21:59:24.395+0000] {processor.py:186} INFO - Started process (PID=973) to work on /home/airflow/.local/lib/python3.12/site-packages/airflow/example_dags/example_latest_only_with_trigger.py
[2025-03-14T21:59:24.396+0000] {processor.py:914} INFO - Processing file /home/airflow/.local/lib/python3.12/site-packages/airflow/example_dags/example_latest_only_with_trigger.py for tasks to queue
[2025-03-14T21:59:24.397+0000] {logging_mixin.py:190} INFO - [2025-03-14T21:59:24.397+0000] {dagbag.py:588} INFO - Filling up the DagBag from /home/airflow/.local/lib/python3.12/site-packages/airflow/example_dags/example_latest_only_with_trigger.py
[2025-03-14T21:59:24.403+0000] {processor.py:925} INFO - DAG(s) 'latest_only_with_trigger' retrieved from /home/airflow/.local/lib/python3.12/site-packages/airflow/example_dags/example_latest_only_with_trigger.py
[2025-03-14T21:59:24.417+0000] {logging_mixin.py:190} INFO - [2025-03-14T21:59:24.417+0000] {dag.py:3239} INFO - Sync 1 DAGs
[2025-03-14T21:59:24.429+0000] {logging_mixin.py:190} INFO - [2025-03-14T21:59:24.429+0000] {dag.py:4180} INFO - Setting next_dagrun for latest_only_with_trigger to 2025-03-14 16:00:00+00:00, run_after=2025-03-14 20:00:00+00:00
[2025-03-14T21:59:24.436+0000] {processor.py:208} INFO - Processing /home/airflow/.local/lib/python3.12/site-packages/airflow/example_dags/example_latest_only_with_trigger.py took 0.044 seconds
[2025-03-14T21:59:55.684+0000] {processor.py:186} INFO - Started process (PID=1036) to work on /home/airflow/.local/lib/python3.12/site-packages/airflow/example_dags/example_latest_only_with_trigger.py
[2025-03-14T21:59:55.685+0000] {processor.py:914} INFO - Processing file /home/airflow/.local/lib/python3.12/site-packages/airflow/example_dags/example_latest_only_with_trigger.py for tasks to queue
[2025-03-14T21:59:55.686+0000] {logging_mixin.py:190} INFO - [2025-03-14T21:59:55.686+0000] {dagbag.py:588} INFO - Filling up the DagBag from /home/airflow/.local/lib/python3.12/site-packages/airflow/example_dags/example_latest_only_with_trigger.py
[2025-03-14T21:59:55.694+0000] {processor.py:925} INFO - DAG(s) 'latest_only_with_trigger' retrieved from /home/airflow/.local/lib/python3.12/site-packages/airflow/example_dags/example_latest_only_with_trigger.py
[2025-03-14T21:59:55.703+0000] {logging_mixin.py:190} INFO - [2025-03-14T21:59:55.703+0000] {dag.py:3239} INFO - Sync 1 DAGs
[2025-03-14T21:59:55.716+0000] {logging_mixin.py:190} INFO - [2025-03-14T21:59:55.716+0000] {dag.py:4180} INFO - Setting next_dagrun for latest_only_with_trigger to 2025-03-14 16:00:00+00:00, run_after=2025-03-14 20:00:00+00:00
[2025-03-14T21:59:55.725+0000] {processor.py:208} INFO - Processing /home/airflow/.local/lib/python3.12/site-packages/airflow/example_dags/example_latest_only_with_trigger.py took 0.045 seconds
[2025-03-14T22:00:27.100+0000] {processor.py:186} INFO - Started process (PID=1099) to work on /home/airflow/.local/lib/python3.12/site-packages/airflow/example_dags/example_latest_only_with_trigger.py
[2025-03-14T22:00:27.100+0000] {processor.py:914} INFO - Processing file /home/airflow/.local/lib/python3.12/site-packages/airflow/example_dags/example_latest_only_with_trigger.py for tasks to queue
[2025-03-14T22:00:27.101+0000] {logging_mixin.py:190} INFO - [2025-03-14T22:00:27.101+0000] {dagbag.py:588} INFO - Filling up the DagBag from /home/airflow/.local/lib/python3.12/site-packages/airflow/example_dags/example_latest_only_with_trigger.py
[2025-03-14T22:00:27.106+0000] {processor.py:925} INFO - DAG(s) 'latest_only_with_trigger' retrieved from /home/airflow/.local/lib/python3.12/site-packages/airflow/example_dags/example_latest_only_with_trigger.py
[2025-03-14T22:00:27.115+0000] {logging_mixin.py:190} INFO - [2025-03-14T22:00:27.115+0000] {dag.py:3239} INFO - Sync 1 DAGs
[2025-03-14T22:00:27.126+0000] {logging_mixin.py:190} INFO - [2025-03-14T22:00:27.126+0000] {dag.py:4180} INFO - Setting next_dagrun for latest_only_with_trigger to 2025-03-14 16:00:00+00:00, run_after=2025-03-14 20:00:00+00:00
[2025-03-14T22:00:27.134+0000] {processor.py:208} INFO - Processing /home/airflow/.local/lib/python3.12/site-packages/airflow/example_dags/example_latest_only_with_trigger.py took 0.037 seconds
[2025-03-14T22:00:58.059+0000] {processor.py:186} INFO - Started process (PID=1162) to work on /home/airflow/.local/lib/python3.12/site-packages/airflow/example_dags/example_latest_only_with_trigger.py
[2025-03-14T22:00:58.060+0000] {processor.py:914} INFO - Processing file /home/airflow/.local/lib/python3.12/site-packages/airflow/example_dags/example_latest_only_with_trigger.py for tasks to queue
[2025-03-14T22:00:58.062+0000] {logging_mixin.py:190} INFO - [2025-03-14T22:00:58.061+0000] {dagbag.py:588} INFO - Filling up the DagBag from /home/airflow/.local/lib/python3.12/site-packages/airflow/example_dags/example_latest_only_with_trigger.py
[2025-03-14T22:00:58.066+0000] {processor.py:925} INFO - DAG(s) 'latest_only_with_trigger' retrieved from /home/airflow/.local/lib/python3.12/site-packages/airflow/example_dags/example_latest_only_with_trigger.py
[2025-03-14T22:00:58.078+0000] {logging_mixin.py:190} INFO - [2025-03-14T22:00:58.078+0000] {dag.py:3239} INFO - Sync 1 DAGs
[2025-03-14T22:00:58.090+0000] {logging_mixin.py:190} INFO - [2025-03-14T22:00:58.090+0000] {dag.py:4180} INFO - Setting next_dagrun for latest_only_with_trigger to 2025-03-14 16:00:00+00:00, run_after=2025-03-14 20:00:00+00:00
[2025-03-14T22:00:58.098+0000] {processor.py:208} INFO - Processing /home/airflow/.local/lib/python3.12/site-packages/airflow/example_dags/example_latest_only_with_trigger.py took 0.042 seconds
[2025-03-14T22:01:29.043+0000] {processor.py:186} INFO - Started process (PID=1231) to work on /home/airflow/.local/lib/python3.12/site-packages/airflow/example_dags/example_latest_only_with_trigger.py
[2025-03-14T22:01:29.044+0000] {processor.py:914} INFO - Processing file /home/airflow/.local/lib/python3.12/site-packages/airflow/example_dags/example_latest_only_with_trigger.py for tasks to queue
[2025-03-14T22:01:29.045+0000] {logging_mixin.py:190} INFO - [2025-03-14T22:01:29.045+0000] {dagbag.py:588} INFO - Filling up the DagBag from /home/airflow/.local/lib/python3.12/site-packages/airflow/example_dags/example_latest_only_with_trigger.py
[2025-03-14T22:01:29.049+0000] {processor.py:925} INFO - DAG(s) 'latest_only_with_trigger' retrieved from /home/airflow/.local/lib/python3.12/site-packages/airflow/example_dags/example_latest_only_with_trigger.py
[2025-03-14T22:01:29.060+0000] {logging_mixin.py:190} INFO - [2025-03-14T22:01:29.060+0000] {dag.py:3239} INFO - Sync 1 DAGs
[2025-03-14T22:01:29.071+0000] {logging_mixin.py:190} INFO - [2025-03-14T22:01:29.071+0000] {dag.py:4180} INFO - Setting next_dagrun for latest_only_with_trigger to 2025-03-14 16:00:00+00:00, run_after=2025-03-14 20:00:00+00:00
[2025-03-14T22:01:29.084+0000] {processor.py:208} INFO - Processing /home/airflow/.local/lib/python3.12/site-packages/airflow/example_dags/example_latest_only_with_trigger.py took 0.044 seconds
[2025-03-14T22:01:59.669+0000] {processor.py:186} INFO - Started process (PID=1294) to work on /home/airflow/.local/lib/python3.12/site-packages/airflow/example_dags/example_latest_only_with_trigger.py
[2025-03-14T22:01:59.670+0000] {processor.py:914} INFO - Processing file /home/airflow/.local/lib/python3.12/site-packages/airflow/example_dags/example_latest_only_with_trigger.py for tasks to queue
[2025-03-14T22:01:59.670+0000] {logging_mixin.py:190} INFO - [2025-03-14T22:01:59.670+0000] {dagbag.py:588} INFO - Filling up the DagBag from /home/airflow/.local/lib/python3.12/site-packages/airflow/example_dags/example_latest_only_with_trigger.py
[2025-03-14T22:01:59.674+0000] {processor.py:925} INFO - DAG(s) 'latest_only_with_trigger' retrieved from /home/airflow/.local/lib/python3.12/site-packages/airflow/example_dags/example_latest_only_with_trigger.py
[2025-03-14T22:01:59.683+0000] {logging_mixin.py:190} INFO - [2025-03-14T22:01:59.683+0000] {dag.py:3239} INFO - Sync 1 DAGs
[2025-03-14T22:01:59.692+0000] {logging_mixin.py:190} INFO - [2025-03-14T22:01:59.692+0000] {dag.py:4180} INFO - Setting next_dagrun for latest_only_with_trigger to 2025-03-14 16:00:00+00:00, run_after=2025-03-14 20:00:00+00:00
[2025-03-14T22:01:59.698+0000] {processor.py:208} INFO - Processing /home/airflow/.local/lib/python3.12/site-packages/airflow/example_dags/example_latest_only_with_trigger.py took 0.033 seconds
[2025-03-14T22:02:31.296+0000] {processor.py:186} INFO - Started process (PID=1357) to work on /home/airflow/.local/lib/python3.12/site-packages/airflow/example_dags/example_latest_only_with_trigger.py
[2025-03-14T22:02:31.299+0000] {processor.py:914} INFO - Processing file /home/airflow/.local/lib/python3.12/site-packages/airflow/example_dags/example_latest_only_with_trigger.py for tasks to queue
[2025-03-14T22:02:31.301+0000] {logging_mixin.py:190} INFO - [2025-03-14T22:02:31.300+0000] {dagbag.py:588} INFO - Filling up the DagBag from /home/airflow/.local/lib/python3.12/site-packages/airflow/example_dags/example_latest_only_with_trigger.py
[2025-03-14T22:02:31.311+0000] {processor.py:925} INFO - DAG(s) 'latest_only_with_trigger' retrieved from /home/airflow/.local/lib/python3.12/site-packages/airflow/example_dags/example_latest_only_with_trigger.py
[2025-03-14T22:02:31.326+0000] {logging_mixin.py:190} INFO - [2025-03-14T22:02:31.326+0000] {dag.py:3239} INFO - Sync 1 DAGs
[2025-03-14T22:02:31.353+0000] {logging_mixin.py:190} INFO - [2025-03-14T22:02:31.352+0000] {dag.py:4180} INFO - Setting next_dagrun for latest_only_with_trigger to 2025-03-14 16:00:00+00:00, run_after=2025-03-14 20:00:00+00:00
[2025-03-14T22:02:31.362+0000] {processor.py:208} INFO - Processing /home/airflow/.local/lib/python3.12/site-packages/airflow/example_dags/example_latest_only_with_trigger.py took 0.070 seconds
[2025-03-14T22:03:02.939+0000] {processor.py:186} INFO - Started process (PID=1419) to work on /home/airflow/.local/lib/python3.12/site-packages/airflow/example_dags/example_latest_only_with_trigger.py
[2025-03-14T22:03:02.940+0000] {processor.py:914} INFO - Processing file /home/airflow/.local/lib/python3.12/site-packages/airflow/example_dags/example_latest_only_with_trigger.py for tasks to queue
[2025-03-14T22:03:02.941+0000] {logging_mixin.py:190} INFO - [2025-03-14T22:03:02.940+0000] {dagbag.py:588} INFO - Filling up the DagBag from /home/airflow/.local/lib/python3.12/site-packages/airflow/example_dags/example_latest_only_with_trigger.py
[2025-03-14T22:03:02.947+0000] {processor.py:925} INFO - DAG(s) 'latest_only_with_trigger' retrieved from /home/airflow/.local/lib/python3.12/site-packages/airflow/example_dags/example_latest_only_with_trigger.py
[2025-03-14T22:03:02.966+0000] {logging_mixin.py:190} INFO - [2025-03-14T22:03:02.966+0000] {dag.py:3239} INFO - Sync 1 DAGs
[2025-03-14T22:03:02.978+0000] {logging_mixin.py:190} INFO - [2025-03-14T22:03:02.978+0000] {dag.py:4180} INFO - Setting next_dagrun for latest_only_with_trigger to 2025-03-14 16:00:00+00:00, run_after=2025-03-14 20:00:00+00:00
[2025-03-14T22:03:02.987+0000] {processor.py:208} INFO - Processing /home/airflow/.local/lib/python3.12/site-packages/airflow/example_dags/example_latest_only_with_trigger.py took 0.052 seconds
[2025-03-14T22:03:34.085+0000] {processor.py:186} INFO - Started process (PID=1482) to work on /home/airflow/.local/lib/python3.12/site-packages/airflow/example_dags/example_latest_only_with_trigger.py
[2025-03-14T22:03:34.086+0000] {processor.py:914} INFO - Processing file /home/airflow/.local/lib/python3.12/site-packages/airflow/example_dags/example_latest_only_with_trigger.py for tasks to queue
[2025-03-14T22:03:34.087+0000] {logging_mixin.py:190} INFO - [2025-03-14T22:03:34.087+0000] {dagbag.py:588} INFO - Filling up the DagBag from /home/airflow/.local/lib/python3.12/site-packages/airflow/example_dags/example_latest_only_with_trigger.py
[2025-03-14T22:03:34.091+0000] {processor.py:925} INFO - DAG(s) 'latest_only_with_trigger' retrieved from /home/airflow/.local/lib/python3.12/site-packages/airflow/example_dags/example_latest_only_with_trigger.py
[2025-03-14T22:03:34.104+0000] {logging_mixin.py:190} INFO - [2025-03-14T22:03:34.104+0000] {dag.py:3239} INFO - Sync 1 DAGs
[2025-03-14T22:03:34.116+0000] {logging_mixin.py:190} INFO - [2025-03-14T22:03:34.116+0000] {dag.py:4180} INFO - Setting next_dagrun for latest_only_with_trigger to 2025-03-14 16:00:00+00:00, run_after=2025-03-14 20:00:00+00:00
[2025-03-14T22:03:34.128+0000] {processor.py:208} INFO - Processing /home/airflow/.local/lib/python3.12/site-packages/airflow/example_dags/example_latest_only_with_trigger.py took 0.046 seconds
[2025-03-14T22:04:05.953+0000] {processor.py:186} INFO - Started process (PID=1545) to work on /home/airflow/.local/lib/python3.12/site-packages/airflow/example_dags/example_latest_only_with_trigger.py
[2025-03-14T22:04:05.956+0000] {processor.py:914} INFO - Processing file /home/airflow/.local/lib/python3.12/site-packages/airflow/example_dags/example_latest_only_with_trigger.py for tasks to queue
[2025-03-14T22:04:05.959+0000] {logging_mixin.py:190} INFO - [2025-03-14T22:04:05.959+0000] {dagbag.py:588} INFO - Filling up the DagBag from /home/airflow/.local/lib/python3.12/site-packages/airflow/example_dags/example_latest_only_with_trigger.py
[2025-03-14T22:04:05.963+0000] {processor.py:925} INFO - DAG(s) 'latest_only_with_trigger' retrieved from /home/airflow/.local/lib/python3.12/site-packages/airflow/example_dags/example_latest_only_with_trigger.py
[2025-03-14T22:04:05.978+0000] {logging_mixin.py:190} INFO - [2025-03-14T22:04:05.978+0000] {dag.py:3239} INFO - Sync 1 DAGs
[2025-03-14T22:04:05.994+0000] {logging_mixin.py:190} INFO - [2025-03-14T22:04:05.994+0000] {dag.py:4180} INFO - Setting next_dagrun for latest_only_with_trigger to 2025-03-14 16:00:00+00:00, run_after=2025-03-14 20:00:00+00:00
[2025-03-14T22:04:06.010+0000] {processor.py:208} INFO - Processing /home/airflow/.local/lib/python3.12/site-packages/airflow/example_dags/example_latest_only_with_trigger.py took 0.060 seconds
