[2025-03-14T21:34:58.774+0000] {processor.py:186} INFO - Started process (PID=70) to work on /home/airflow/.local/lib/python3.12/site-packages/airflow/example_dags/example_trigger_target_dag.py
[2025-03-14T21:34:58.775+0000] {processor.py:914} INFO - Processing file /home/airflow/.local/lib/python3.12/site-packages/airflow/example_dags/example_trigger_target_dag.py for tasks to queue
[2025-03-14T21:34:58.777+0000] {logging_mixin.py:190} INFO - [2025-03-14T21:34:58.777+0000] {dagbag.py:588} INFO - Filling up the DagBag from /home/airflow/.local/lib/python3.12/site-packages/airflow/example_dags/example_trigger_target_dag.py
[2025-03-14T21:34:58.806+0000] {processor.py:925} INFO - DAG(s) 'example_trigger_target_dag' retrieved from /home/airflow/.local/lib/python3.12/site-packages/airflow/example_dags/example_trigger_target_dag.py
[2025-03-14T21:34:59.156+0000] {logging_mixin.py:190} INFO - [2025-03-14T21:34:59.153+0000] {override.py:1912} INFO - Created Permission View: can edit on DAG:example_trigger_target_dag
[2025-03-14T21:34:59.171+0000] {logging_mixin.py:190} INFO - [2025-03-14T21:34:59.171+0000] {override.py:1912} INFO - Created Permission View: can delete on DAG:example_trigger_target_dag
[2025-03-14T21:34:59.178+0000] {logging_mixin.py:190} INFO - [2025-03-14T21:34:59.177+0000] {override.py:1912} INFO - Created Permission View: can read on DAG:example_trigger_target_dag
[2025-03-14T21:34:59.184+0000] {logging_mixin.py:190} INFO - [2025-03-14T21:34:59.184+0000] {override.py:1912} INFO - Created Permission View: menu access on DAG Run:example_trigger_target_dag
[2025-03-14T21:34:59.188+0000] {logging_mixin.py:190} INFO - [2025-03-14T21:34:59.188+0000] {override.py:1912} INFO - Created Permission View: can create on DAG Run:example_trigger_target_dag
[2025-03-14T21:34:59.191+0000] {logging_mixin.py:190} INFO - [2025-03-14T21:34:59.191+0000] {override.py:1912} INFO - Created Permission View: can delete on DAG Run:example_trigger_target_dag
[2025-03-14T21:34:59.196+0000] {logging_mixin.py:190} INFO - [2025-03-14T21:34:59.195+0000] {override.py:1912} INFO - Created Permission View: can read on DAG Run:example_trigger_target_dag
[2025-03-14T21:34:59.196+0000] {logging_mixin.py:190} INFO - [2025-03-14T21:34:59.196+0000] {dag.py:3239} INFO - Sync 1 DAGs
[2025-03-14T21:34:59.234+0000] {logging_mixin.py:190} INFO - [2025-03-14T21:34:59.233+0000] {dag.py:3262} INFO - Creating ORM DAG for example_trigger_target_dag
[2025-03-14T21:34:59.238+0000] {logging_mixin.py:190} INFO - [2025-03-14T21:34:59.238+0000] {dag.py:4180} INFO - Setting next_dagrun for example_trigger_target_dag to None, run_after=None
[2025-03-14T21:34:59.282+0000] {processor.py:208} INFO - Processing /home/airflow/.local/lib/python3.12/site-packages/airflow/example_dags/example_trigger_target_dag.py took 0.515 seconds
[2025-03-14T21:35:29.732+0000] {processor.py:186} INFO - Started process (PID=133) to work on /home/airflow/.local/lib/python3.12/site-packages/airflow/example_dags/example_trigger_target_dag.py
[2025-03-14T21:35:29.735+0000] {processor.py:914} INFO - Processing file /home/airflow/.local/lib/python3.12/site-packages/airflow/example_dags/example_trigger_target_dag.py for tasks to queue
[2025-03-14T21:35:29.738+0000] {logging_mixin.py:190} INFO - [2025-03-14T21:35:29.737+0000] {dagbag.py:588} INFO - Filling up the DagBag from /home/airflow/.local/lib/python3.12/site-packages/airflow/example_dags/example_trigger_target_dag.py
[2025-03-14T21:35:29.756+0000] {processor.py:925} INFO - DAG(s) 'example_trigger_target_dag' retrieved from /home/airflow/.local/lib/python3.12/site-packages/airflow/example_dags/example_trigger_target_dag.py
[2025-03-14T21:35:29.785+0000] {logging_mixin.py:190} INFO - [2025-03-14T21:35:29.784+0000] {dag.py:3239} INFO - Sync 1 DAGs
[2025-03-14T21:35:29.801+0000] {logging_mixin.py:190} INFO - [2025-03-14T21:35:29.800+0000] {dag.py:4180} INFO - Setting next_dagrun for example_trigger_target_dag to None, run_after=None
[2025-03-14T21:35:29.812+0000] {processor.py:208} INFO - Processing /home/airflow/.local/lib/python3.12/site-packages/airflow/example_dags/example_trigger_target_dag.py took 0.088 seconds
[2025-03-14T21:35:59.966+0000] {processor.py:186} INFO - Started process (PID=196) to work on /home/airflow/.local/lib/python3.12/site-packages/airflow/example_dags/example_trigger_target_dag.py
[2025-03-14T21:35:59.968+0000] {processor.py:914} INFO - Processing file /home/airflow/.local/lib/python3.12/site-packages/airflow/example_dags/example_trigger_target_dag.py for tasks to queue
[2025-03-14T21:35:59.971+0000] {logging_mixin.py:190} INFO - [2025-03-14T21:35:59.970+0000] {dagbag.py:588} INFO - Filling up the DagBag from /home/airflow/.local/lib/python3.12/site-packages/airflow/example_dags/example_trigger_target_dag.py
[2025-03-14T21:35:59.982+0000] {processor.py:925} INFO - DAG(s) 'example_trigger_target_dag' retrieved from /home/airflow/.local/lib/python3.12/site-packages/airflow/example_dags/example_trigger_target_dag.py
[2025-03-14T21:36:00.007+0000] {logging_mixin.py:190} INFO - [2025-03-14T21:36:00.007+0000] {dag.py:3239} INFO - Sync 1 DAGs
[2025-03-14T21:36:00.017+0000] {logging_mixin.py:190} INFO - [2025-03-14T21:36:00.017+0000] {dag.py:4180} INFO - Setting next_dagrun for example_trigger_target_dag to None, run_after=None
[2025-03-14T21:36:00.031+0000] {processor.py:208} INFO - Processing /home/airflow/.local/lib/python3.12/site-packages/airflow/example_dags/example_trigger_target_dag.py took 0.070 seconds
[2025-03-14T21:36:30.484+0000] {processor.py:186} INFO - Started process (PID=258) to work on /home/airflow/.local/lib/python3.12/site-packages/airflow/example_dags/example_trigger_target_dag.py
[2025-03-14T21:36:30.518+0000] {processor.py:914} INFO - Processing file /home/airflow/.local/lib/python3.12/site-packages/airflow/example_dags/example_trigger_target_dag.py for tasks to queue
[2025-03-14T21:36:30.522+0000] {logging_mixin.py:190} INFO - [2025-03-14T21:36:30.521+0000] {dagbag.py:588} INFO - Filling up the DagBag from /home/airflow/.local/lib/python3.12/site-packages/airflow/example_dags/example_trigger_target_dag.py
[2025-03-14T21:36:30.544+0000] {processor.py:925} INFO - DAG(s) 'example_trigger_target_dag' retrieved from /home/airflow/.local/lib/python3.12/site-packages/airflow/example_dags/example_trigger_target_dag.py
[2025-03-14T21:36:30.602+0000] {logging_mixin.py:190} INFO - [2025-03-14T21:36:30.602+0000] {dag.py:3239} INFO - Sync 1 DAGs
[2025-03-14T21:36:30.619+0000] {logging_mixin.py:190} INFO - [2025-03-14T21:36:30.618+0000] {dag.py:4180} INFO - Setting next_dagrun for example_trigger_target_dag to None, run_after=None
[2025-03-14T21:36:30.646+0000] {processor.py:208} INFO - Processing /home/airflow/.local/lib/python3.12/site-packages/airflow/example_dags/example_trigger_target_dag.py took 0.169 seconds
[2025-03-14T21:37:00.825+0000] {processor.py:186} INFO - Started process (PID=321) to work on /home/airflow/.local/lib/python3.12/site-packages/airflow/example_dags/example_trigger_target_dag.py
[2025-03-14T21:37:00.826+0000] {processor.py:914} INFO - Processing file /home/airflow/.local/lib/python3.12/site-packages/airflow/example_dags/example_trigger_target_dag.py for tasks to queue
[2025-03-14T21:37:00.829+0000] {logging_mixin.py:190} INFO - [2025-03-14T21:37:00.828+0000] {dagbag.py:588} INFO - Filling up the DagBag from /home/airflow/.local/lib/python3.12/site-packages/airflow/example_dags/example_trigger_target_dag.py
[2025-03-14T21:37:00.836+0000] {processor.py:925} INFO - DAG(s) 'example_trigger_target_dag' retrieved from /home/airflow/.local/lib/python3.12/site-packages/airflow/example_dags/example_trigger_target_dag.py
[2025-03-14T21:37:00.855+0000] {logging_mixin.py:190} INFO - [2025-03-14T21:37:00.855+0000] {dag.py:3239} INFO - Sync 1 DAGs
[2025-03-14T21:37:00.869+0000] {logging_mixin.py:190} INFO - [2025-03-14T21:37:00.868+0000] {dag.py:4180} INFO - Setting next_dagrun for example_trigger_target_dag to None, run_after=None
[2025-03-14T21:37:00.899+0000] {processor.py:208} INFO - Processing /home/airflow/.local/lib/python3.12/site-packages/airflow/example_dags/example_trigger_target_dag.py took 0.080 seconds
[2025-03-14T21:37:31.189+0000] {processor.py:186} INFO - Started process (PID=384) to work on /home/airflow/.local/lib/python3.12/site-packages/airflow/example_dags/example_trigger_target_dag.py
[2025-03-14T21:37:31.193+0000] {processor.py:914} INFO - Processing file /home/airflow/.local/lib/python3.12/site-packages/airflow/example_dags/example_trigger_target_dag.py for tasks to queue
[2025-03-14T21:37:31.200+0000] {logging_mixin.py:190} INFO - [2025-03-14T21:37:31.200+0000] {dagbag.py:588} INFO - Filling up the DagBag from /home/airflow/.local/lib/python3.12/site-packages/airflow/example_dags/example_trigger_target_dag.py
[2025-03-14T21:37:31.240+0000] {processor.py:925} INFO - DAG(s) 'example_trigger_target_dag' retrieved from /home/airflow/.local/lib/python3.12/site-packages/airflow/example_dags/example_trigger_target_dag.py
[2025-03-14T21:37:31.317+0000] {logging_mixin.py:190} INFO - [2025-03-14T21:37:31.317+0000] {dag.py:3239} INFO - Sync 1 DAGs
[2025-03-14T21:37:31.334+0000] {logging_mixin.py:190} INFO - [2025-03-14T21:37:31.334+0000] {dag.py:4180} INFO - Setting next_dagrun for example_trigger_target_dag to None, run_after=None
[2025-03-14T21:37:31.354+0000] {processor.py:208} INFO - Processing /home/airflow/.local/lib/python3.12/site-packages/airflow/example_dags/example_trigger_target_dag.py took 0.179 seconds
[2025-03-14T21:38:01.460+0000] {processor.py:186} INFO - Started process (PID=446) to work on /home/airflow/.local/lib/python3.12/site-packages/airflow/example_dags/example_trigger_target_dag.py
[2025-03-14T21:38:01.461+0000] {processor.py:914} INFO - Processing file /home/airflow/.local/lib/python3.12/site-packages/airflow/example_dags/example_trigger_target_dag.py for tasks to queue
[2025-03-14T21:38:01.463+0000] {logging_mixin.py:190} INFO - [2025-03-14T21:38:01.462+0000] {dagbag.py:588} INFO - Filling up the DagBag from /home/airflow/.local/lib/python3.12/site-packages/airflow/example_dags/example_trigger_target_dag.py
[2025-03-14T21:38:01.469+0000] {processor.py:925} INFO - DAG(s) 'example_trigger_target_dag' retrieved from /home/airflow/.local/lib/python3.12/site-packages/airflow/example_dags/example_trigger_target_dag.py
[2025-03-14T21:38:01.483+0000] {logging_mixin.py:190} INFO - [2025-03-14T21:38:01.483+0000] {dag.py:3239} INFO - Sync 1 DAGs
[2025-03-14T21:38:01.494+0000] {logging_mixin.py:190} INFO - [2025-03-14T21:38:01.494+0000] {dag.py:4180} INFO - Setting next_dagrun for example_trigger_target_dag to None, run_after=None
[2025-03-14T21:38:01.507+0000] {processor.py:208} INFO - Processing /home/airflow/.local/lib/python3.12/site-packages/airflow/example_dags/example_trigger_target_dag.py took 0.052 seconds
[2025-03-14T21:38:32.012+0000] {processor.py:186} INFO - Started process (PID=509) to work on /home/airflow/.local/lib/python3.12/site-packages/airflow/example_dags/example_trigger_target_dag.py
[2025-03-14T21:38:32.017+0000] {processor.py:914} INFO - Processing file /home/airflow/.local/lib/python3.12/site-packages/airflow/example_dags/example_trigger_target_dag.py for tasks to queue
[2025-03-14T21:38:32.024+0000] {logging_mixin.py:190} INFO - [2025-03-14T21:38:32.023+0000] {dagbag.py:588} INFO - Filling up the DagBag from /home/airflow/.local/lib/python3.12/site-packages/airflow/example_dags/example_trigger_target_dag.py
[2025-03-14T21:38:32.052+0000] {processor.py:925} INFO - DAG(s) 'example_trigger_target_dag' retrieved from /home/airflow/.local/lib/python3.12/site-packages/airflow/example_dags/example_trigger_target_dag.py
[2025-03-14T21:38:32.134+0000] {logging_mixin.py:190} INFO - [2025-03-14T21:38:32.134+0000] {dag.py:3239} INFO - Sync 1 DAGs
[2025-03-14T21:38:32.182+0000] {logging_mixin.py:190} INFO - [2025-03-14T21:38:32.182+0000] {dag.py:4180} INFO - Setting next_dagrun for example_trigger_target_dag to None, run_after=None
[2025-03-14T21:38:32.232+0000] {processor.py:208} INFO - Processing /home/airflow/.local/lib/python3.12/site-packages/airflow/example_dags/example_trigger_target_dag.py took 0.241 seconds
[2025-03-14T21:39:03.098+0000] {processor.py:186} INFO - Started process (PID=572) to work on /home/airflow/.local/lib/python3.12/site-packages/airflow/example_dags/example_trigger_target_dag.py
[2025-03-14T21:39:03.100+0000] {processor.py:914} INFO - Processing file /home/airflow/.local/lib/python3.12/site-packages/airflow/example_dags/example_trigger_target_dag.py for tasks to queue
[2025-03-14T21:39:03.102+0000] {logging_mixin.py:190} INFO - [2025-03-14T21:39:03.102+0000] {dagbag.py:588} INFO - Filling up the DagBag from /home/airflow/.local/lib/python3.12/site-packages/airflow/example_dags/example_trigger_target_dag.py
[2025-03-14T21:39:03.123+0000] {processor.py:925} INFO - DAG(s) 'example_trigger_target_dag' retrieved from /home/airflow/.local/lib/python3.12/site-packages/airflow/example_dags/example_trigger_target_dag.py
[2025-03-14T21:39:03.162+0000] {logging_mixin.py:190} INFO - [2025-03-14T21:39:03.161+0000] {dag.py:3239} INFO - Sync 1 DAGs
[2025-03-14T21:39:03.183+0000] {logging_mixin.py:190} INFO - [2025-03-14T21:39:03.183+0000] {dag.py:4180} INFO - Setting next_dagrun for example_trigger_target_dag to None, run_after=None
[2025-03-14T21:39:03.196+0000] {processor.py:208} INFO - Processing /home/airflow/.local/lib/python3.12/site-packages/airflow/example_dags/example_trigger_target_dag.py took 0.113 seconds
[2025-03-14T21:39:33.695+0000] {processor.py:186} INFO - Started process (PID=635) to work on /home/airflow/.local/lib/python3.12/site-packages/airflow/example_dags/example_trigger_target_dag.py
[2025-03-14T21:39:33.697+0000] {processor.py:914} INFO - Processing file /home/airflow/.local/lib/python3.12/site-packages/airflow/example_dags/example_trigger_target_dag.py for tasks to queue
[2025-03-14T21:39:33.700+0000] {logging_mixin.py:190} INFO - [2025-03-14T21:39:33.700+0000] {dagbag.py:588} INFO - Filling up the DagBag from /home/airflow/.local/lib/python3.12/site-packages/airflow/example_dags/example_trigger_target_dag.py
[2025-03-14T21:39:33.725+0000] {processor.py:925} INFO - DAG(s) 'example_trigger_target_dag' retrieved from /home/airflow/.local/lib/python3.12/site-packages/airflow/example_dags/example_trigger_target_dag.py
[2025-03-14T21:39:33.761+0000] {logging_mixin.py:190} INFO - [2025-03-14T21:39:33.761+0000] {dag.py:3239} INFO - Sync 1 DAGs
[2025-03-14T21:39:33.780+0000] {logging_mixin.py:190} INFO - [2025-03-14T21:39:33.780+0000] {dag.py:4180} INFO - Setting next_dagrun for example_trigger_target_dag to None, run_after=None
[2025-03-14T21:39:33.795+0000] {processor.py:208} INFO - Processing /home/airflow/.local/lib/python3.12/site-packages/airflow/example_dags/example_trigger_target_dag.py took 0.107 seconds
[2025-03-14T21:43:58.036+0000] {processor.py:186} INFO - Started process (PID=79) to work on /home/airflow/.local/lib/python3.12/site-packages/airflow/example_dags/example_trigger_target_dag.py
[2025-03-14T21:43:58.056+0000] {processor.py:914} INFO - Processing file /home/airflow/.local/lib/python3.12/site-packages/airflow/example_dags/example_trigger_target_dag.py for tasks to queue
[2025-03-14T21:43:58.062+0000] {logging_mixin.py:190} INFO - [2025-03-14T21:43:58.062+0000] {dagbag.py:588} INFO - Filling up the DagBag from /home/airflow/.local/lib/python3.12/site-packages/airflow/example_dags/example_trigger_target_dag.py
[2025-03-14T21:43:58.123+0000] {processor.py:925} INFO - DAG(s) 'example_trigger_target_dag' retrieved from /home/airflow/.local/lib/python3.12/site-packages/airflow/example_dags/example_trigger_target_dag.py
[2025-03-14T21:43:58.199+0000] {logging_mixin.py:190} INFO - [2025-03-14T21:43:58.199+0000] {dag.py:3239} INFO - Sync 1 DAGs
[2025-03-14T21:43:58.230+0000] {logging_mixin.py:190} INFO - [2025-03-14T21:43:58.229+0000] {dag.py:4180} INFO - Setting next_dagrun for example_trigger_target_dag to None, run_after=None
[2025-03-14T21:43:58.277+0000] {processor.py:208} INFO - Processing /home/airflow/.local/lib/python3.12/site-packages/airflow/example_dags/example_trigger_target_dag.py took 0.331 seconds
[2025-03-14T21:44:28.746+0000] {processor.py:186} INFO - Started process (PID=141) to work on /home/airflow/.local/lib/python3.12/site-packages/airflow/example_dags/example_trigger_target_dag.py
[2025-03-14T21:44:28.750+0000] {processor.py:914} INFO - Processing file /home/airflow/.local/lib/python3.12/site-packages/airflow/example_dags/example_trigger_target_dag.py for tasks to queue
[2025-03-14T21:44:28.755+0000] {logging_mixin.py:190} INFO - [2025-03-14T21:44:28.755+0000] {dagbag.py:588} INFO - Filling up the DagBag from /home/airflow/.local/lib/python3.12/site-packages/airflow/example_dags/example_trigger_target_dag.py
[2025-03-14T21:44:28.772+0000] {processor.py:925} INFO - DAG(s) 'example_trigger_target_dag' retrieved from /home/airflow/.local/lib/python3.12/site-packages/airflow/example_dags/example_trigger_target_dag.py
[2025-03-14T21:44:28.797+0000] {logging_mixin.py:190} INFO - [2025-03-14T21:44:28.797+0000] {dag.py:3239} INFO - Sync 1 DAGs
[2025-03-14T21:44:28.817+0000] {logging_mixin.py:190} INFO - [2025-03-14T21:44:28.817+0000] {dag.py:4180} INFO - Setting next_dagrun for example_trigger_target_dag to None, run_after=None
[2025-03-14T21:44:28.844+0000] {processor.py:208} INFO - Processing /home/airflow/.local/lib/python3.12/site-packages/airflow/example_dags/example_trigger_target_dag.py took 0.105 seconds
[2025-03-14T21:45:00.964+0000] {processor.py:186} INFO - Started process (PID=204) to work on /home/airflow/.local/lib/python3.12/site-packages/airflow/example_dags/example_trigger_target_dag.py
[2025-03-14T21:45:00.967+0000] {processor.py:914} INFO - Processing file /home/airflow/.local/lib/python3.12/site-packages/airflow/example_dags/example_trigger_target_dag.py for tasks to queue
[2025-03-14T21:45:00.981+0000] {logging_mixin.py:190} INFO - [2025-03-14T21:45:00.980+0000] {dagbag.py:588} INFO - Filling up the DagBag from /home/airflow/.local/lib/python3.12/site-packages/airflow/example_dags/example_trigger_target_dag.py
[2025-03-14T21:45:01.024+0000] {processor.py:925} INFO - DAG(s) 'example_trigger_target_dag' retrieved from /home/airflow/.local/lib/python3.12/site-packages/airflow/example_dags/example_trigger_target_dag.py
[2025-03-14T21:45:01.095+0000] {logging_mixin.py:190} INFO - [2025-03-14T21:45:01.095+0000] {dag.py:3239} INFO - Sync 1 DAGs
[2025-03-14T21:45:01.120+0000] {logging_mixin.py:190} INFO - [2025-03-14T21:45:01.120+0000] {dag.py:4180} INFO - Setting next_dagrun for example_trigger_target_dag to None, run_after=None
[2025-03-14T21:45:01.138+0000] {processor.py:208} INFO - Processing /home/airflow/.local/lib/python3.12/site-packages/airflow/example_dags/example_trigger_target_dag.py took 0.203 seconds
[2025-03-14T21:45:31.424+0000] {processor.py:186} INFO - Started process (PID=266) to work on /home/airflow/.local/lib/python3.12/site-packages/airflow/example_dags/example_trigger_target_dag.py
[2025-03-14T21:45:31.457+0000] {processor.py:914} INFO - Processing file /home/airflow/.local/lib/python3.12/site-packages/airflow/example_dags/example_trigger_target_dag.py for tasks to queue
[2025-03-14T21:45:31.459+0000] {logging_mixin.py:190} INFO - [2025-03-14T21:45:31.458+0000] {dagbag.py:588} INFO - Filling up the DagBag from /home/airflow/.local/lib/python3.12/site-packages/airflow/example_dags/example_trigger_target_dag.py
[2025-03-14T21:45:31.471+0000] {processor.py:925} INFO - DAG(s) 'example_trigger_target_dag' retrieved from /home/airflow/.local/lib/python3.12/site-packages/airflow/example_dags/example_trigger_target_dag.py
[2025-03-14T21:45:31.486+0000] {logging_mixin.py:190} INFO - [2025-03-14T21:45:31.485+0000] {dag.py:3239} INFO - Sync 1 DAGs
[2025-03-14T21:45:31.492+0000] {logging_mixin.py:190} INFO - [2025-03-14T21:45:31.492+0000] {dag.py:4180} INFO - Setting next_dagrun for example_trigger_target_dag to None, run_after=None
[2025-03-14T21:45:31.503+0000] {processor.py:208} INFO - Processing /home/airflow/.local/lib/python3.12/site-packages/airflow/example_dags/example_trigger_target_dag.py took 0.084 seconds
[2025-03-14T21:46:01.938+0000] {processor.py:186} INFO - Started process (PID=329) to work on /home/airflow/.local/lib/python3.12/site-packages/airflow/example_dags/example_trigger_target_dag.py
[2025-03-14T21:46:01.939+0000] {processor.py:914} INFO - Processing file /home/airflow/.local/lib/python3.12/site-packages/airflow/example_dags/example_trigger_target_dag.py for tasks to queue
[2025-03-14T21:46:01.942+0000] {logging_mixin.py:190} INFO - [2025-03-14T21:46:01.941+0000] {dagbag.py:588} INFO - Filling up the DagBag from /home/airflow/.local/lib/python3.12/site-packages/airflow/example_dags/example_trigger_target_dag.py
[2025-03-14T21:46:01.951+0000] {processor.py:925} INFO - DAG(s) 'example_trigger_target_dag' retrieved from /home/airflow/.local/lib/python3.12/site-packages/airflow/example_dags/example_trigger_target_dag.py
[2025-03-14T21:46:01.964+0000] {logging_mixin.py:190} INFO - [2025-03-14T21:46:01.964+0000] {dag.py:3239} INFO - Sync 1 DAGs
[2025-03-14T21:46:01.977+0000] {logging_mixin.py:190} INFO - [2025-03-14T21:46:01.977+0000] {dag.py:4180} INFO - Setting next_dagrun for example_trigger_target_dag to None, run_after=None
[2025-03-14T21:46:01.991+0000] {processor.py:208} INFO - Processing /home/airflow/.local/lib/python3.12/site-packages/airflow/example_dags/example_trigger_target_dag.py took 0.058 seconds
[2025-03-14T21:46:36.877+0000] {processor.py:186} INFO - Started process (PID=392) to work on /home/airflow/.local/lib/python3.12/site-packages/airflow/example_dags/example_trigger_target_dag.py
[2025-03-14T21:46:36.879+0000] {processor.py:914} INFO - Processing file /home/airflow/.local/lib/python3.12/site-packages/airflow/example_dags/example_trigger_target_dag.py for tasks to queue
[2025-03-14T21:46:36.883+0000] {logging_mixin.py:190} INFO - [2025-03-14T21:46:36.883+0000] {dagbag.py:588} INFO - Filling up the DagBag from /home/airflow/.local/lib/python3.12/site-packages/airflow/example_dags/example_trigger_target_dag.py
[2025-03-14T21:46:36.892+0000] {processor.py:925} INFO - DAG(s) 'example_trigger_target_dag' retrieved from /home/airflow/.local/lib/python3.12/site-packages/airflow/example_dags/example_trigger_target_dag.py
[2025-03-14T21:46:36.927+0000] {logging_mixin.py:190} INFO - [2025-03-14T21:46:36.926+0000] {dag.py:3239} INFO - Sync 1 DAGs
[2025-03-14T21:46:36.957+0000] {logging_mixin.py:190} INFO - [2025-03-14T21:46:36.956+0000] {dag.py:4180} INFO - Setting next_dagrun for example_trigger_target_dag to None, run_after=None
[2025-03-14T21:46:36.993+0000] {processor.py:208} INFO - Processing /home/airflow/.local/lib/python3.12/site-packages/airflow/example_dags/example_trigger_target_dag.py took 0.124 seconds
[2025-03-14T21:51:59.710+0000] {processor.py:186} INFO - Started process (PID=71) to work on /home/airflow/.local/lib/python3.12/site-packages/airflow/example_dags/example_trigger_target_dag.py
[2025-03-14T21:51:59.713+0000] {processor.py:914} INFO - Processing file /home/airflow/.local/lib/python3.12/site-packages/airflow/example_dags/example_trigger_target_dag.py for tasks to queue
[2025-03-14T21:51:59.724+0000] {logging_mixin.py:190} INFO - [2025-03-14T21:51:59.718+0000] {dagbag.py:588} INFO - Filling up the DagBag from /home/airflow/.local/lib/python3.12/site-packages/airflow/example_dags/example_trigger_target_dag.py
[2025-03-14T21:51:59.782+0000] {processor.py:925} INFO - DAG(s) 'example_trigger_target_dag' retrieved from /home/airflow/.local/lib/python3.12/site-packages/airflow/example_dags/example_trigger_target_dag.py
[2025-03-14T21:51:59.838+0000] {logging_mixin.py:190} INFO - [2025-03-14T21:51:59.838+0000] {dag.py:3239} INFO - Sync 1 DAGs
[2025-03-14T21:51:59.848+0000] {logging_mixin.py:190} INFO - [2025-03-14T21:51:59.847+0000] {dag.py:4180} INFO - Setting next_dagrun for example_trigger_target_dag to None, run_after=None
[2025-03-14T21:51:59.884+0000] {processor.py:208} INFO - Processing /home/airflow/.local/lib/python3.12/site-packages/airflow/example_dags/example_trigger_target_dag.py took 0.183 seconds
[2025-03-14T21:52:30.719+0000] {processor.py:186} INFO - Started process (PID=134) to work on /home/airflow/.local/lib/python3.12/site-packages/airflow/example_dags/example_trigger_target_dag.py
[2025-03-14T21:52:30.725+0000] {processor.py:914} INFO - Processing file /home/airflow/.local/lib/python3.12/site-packages/airflow/example_dags/example_trigger_target_dag.py for tasks to queue
[2025-03-14T21:52:30.726+0000] {logging_mixin.py:190} INFO - [2025-03-14T21:52:30.726+0000] {dagbag.py:588} INFO - Filling up the DagBag from /home/airflow/.local/lib/python3.12/site-packages/airflow/example_dags/example_trigger_target_dag.py
[2025-03-14T21:52:30.734+0000] {processor.py:925} INFO - DAG(s) 'example_trigger_target_dag' retrieved from /home/airflow/.local/lib/python3.12/site-packages/airflow/example_dags/example_trigger_target_dag.py
[2025-03-14T21:52:30.752+0000] {logging_mixin.py:190} INFO - [2025-03-14T21:52:30.752+0000] {dag.py:3239} INFO - Sync 1 DAGs
[2025-03-14T21:52:30.761+0000] {logging_mixin.py:190} INFO - [2025-03-14T21:52:30.761+0000] {dag.py:4180} INFO - Setting next_dagrun for example_trigger_target_dag to None, run_after=None
[2025-03-14T21:52:30.771+0000] {processor.py:208} INFO - Processing /home/airflow/.local/lib/python3.12/site-packages/airflow/example_dags/example_trigger_target_dag.py took 0.055 seconds
[2025-03-14T21:53:00.841+0000] {processor.py:186} INFO - Started process (PID=197) to work on /home/airflow/.local/lib/python3.12/site-packages/airflow/example_dags/example_trigger_target_dag.py
[2025-03-14T21:53:00.842+0000] {processor.py:914} INFO - Processing file /home/airflow/.local/lib/python3.12/site-packages/airflow/example_dags/example_trigger_target_dag.py for tasks to queue
[2025-03-14T21:53:00.843+0000] {logging_mixin.py:190} INFO - [2025-03-14T21:53:00.843+0000] {dagbag.py:588} INFO - Filling up the DagBag from /home/airflow/.local/lib/python3.12/site-packages/airflow/example_dags/example_trigger_target_dag.py
[2025-03-14T21:53:00.847+0000] {processor.py:925} INFO - DAG(s) 'example_trigger_target_dag' retrieved from /home/airflow/.local/lib/python3.12/site-packages/airflow/example_dags/example_trigger_target_dag.py
[2025-03-14T21:53:00.855+0000] {logging_mixin.py:190} INFO - [2025-03-14T21:53:00.855+0000] {dag.py:3239} INFO - Sync 1 DAGs
[2025-03-14T21:53:00.861+0000] {logging_mixin.py:190} INFO - [2025-03-14T21:53:00.861+0000] {dag.py:4180} INFO - Setting next_dagrun for example_trigger_target_dag to None, run_after=None
[2025-03-14T21:53:00.868+0000] {processor.py:208} INFO - Processing /home/airflow/.local/lib/python3.12/site-packages/airflow/example_dags/example_trigger_target_dag.py took 0.030 seconds
[2025-03-14T21:53:31.409+0000] {processor.py:186} INFO - Started process (PID=260) to work on /home/airflow/.local/lib/python3.12/site-packages/airflow/example_dags/example_trigger_target_dag.py
[2025-03-14T21:53:31.411+0000] {processor.py:914} INFO - Processing file /home/airflow/.local/lib/python3.12/site-packages/airflow/example_dags/example_trigger_target_dag.py for tasks to queue
[2025-03-14T21:53:31.413+0000] {logging_mixin.py:190} INFO - [2025-03-14T21:53:31.413+0000] {dagbag.py:588} INFO - Filling up the DagBag from /home/airflow/.local/lib/python3.12/site-packages/airflow/example_dags/example_trigger_target_dag.py
[2025-03-14T21:53:31.422+0000] {processor.py:925} INFO - DAG(s) 'example_trigger_target_dag' retrieved from /home/airflow/.local/lib/python3.12/site-packages/airflow/example_dags/example_trigger_target_dag.py
[2025-03-14T21:53:31.441+0000] {logging_mixin.py:190} INFO - [2025-03-14T21:53:31.441+0000] {dag.py:3239} INFO - Sync 1 DAGs
[2025-03-14T21:53:31.448+0000] {logging_mixin.py:190} INFO - [2025-03-14T21:53:31.448+0000] {dag.py:4180} INFO - Setting next_dagrun for example_trigger_target_dag to None, run_after=None
[2025-03-14T21:53:31.458+0000] {processor.py:208} INFO - Processing /home/airflow/.local/lib/python3.12/site-packages/airflow/example_dags/example_trigger_target_dag.py took 0.052 seconds
[2025-03-14T21:54:01.493+0000] {processor.py:186} INFO - Started process (PID=323) to work on /home/airflow/.local/lib/python3.12/site-packages/airflow/example_dags/example_trigger_target_dag.py
[2025-03-14T21:54:01.494+0000] {processor.py:914} INFO - Processing file /home/airflow/.local/lib/python3.12/site-packages/airflow/example_dags/example_trigger_target_dag.py for tasks to queue
[2025-03-14T21:54:01.495+0000] {logging_mixin.py:190} INFO - [2025-03-14T21:54:01.495+0000] {dagbag.py:588} INFO - Filling up the DagBag from /home/airflow/.local/lib/python3.12/site-packages/airflow/example_dags/example_trigger_target_dag.py
[2025-03-14T21:54:01.499+0000] {processor.py:925} INFO - DAG(s) 'example_trigger_target_dag' retrieved from /home/airflow/.local/lib/python3.12/site-packages/airflow/example_dags/example_trigger_target_dag.py
[2025-03-14T21:54:01.508+0000] {logging_mixin.py:190} INFO - [2025-03-14T21:54:01.508+0000] {dag.py:3239} INFO - Sync 1 DAGs
[2025-03-14T21:54:01.515+0000] {logging_mixin.py:190} INFO - [2025-03-14T21:54:01.515+0000] {dag.py:4180} INFO - Setting next_dagrun for example_trigger_target_dag to None, run_after=None
[2025-03-14T21:54:01.525+0000] {processor.py:208} INFO - Processing /home/airflow/.local/lib/python3.12/site-packages/airflow/example_dags/example_trigger_target_dag.py took 0.037 seconds
[2025-03-14T21:54:32.029+0000] {processor.py:186} INFO - Started process (PID=386) to work on /home/airflow/.local/lib/python3.12/site-packages/airflow/example_dags/example_trigger_target_dag.py
[2025-03-14T21:54:32.032+0000] {processor.py:914} INFO - Processing file /home/airflow/.local/lib/python3.12/site-packages/airflow/example_dags/example_trigger_target_dag.py for tasks to queue
[2025-03-14T21:54:32.033+0000] {logging_mixin.py:190} INFO - [2025-03-14T21:54:32.033+0000] {dagbag.py:588} INFO - Filling up the DagBag from /home/airflow/.local/lib/python3.12/site-packages/airflow/example_dags/example_trigger_target_dag.py
[2025-03-14T21:54:32.041+0000] {processor.py:925} INFO - DAG(s) 'example_trigger_target_dag' retrieved from /home/airflow/.local/lib/python3.12/site-packages/airflow/example_dags/example_trigger_target_dag.py
[2025-03-14T21:54:32.064+0000] {logging_mixin.py:190} INFO - [2025-03-14T21:54:32.064+0000] {dag.py:3239} INFO - Sync 1 DAGs
[2025-03-14T21:54:32.075+0000] {logging_mixin.py:190} INFO - [2025-03-14T21:54:32.075+0000] {dag.py:4180} INFO - Setting next_dagrun for example_trigger_target_dag to None, run_after=None
[2025-03-14T21:54:32.090+0000] {processor.py:208} INFO - Processing /home/airflow/.local/lib/python3.12/site-packages/airflow/example_dags/example_trigger_target_dag.py took 0.067 seconds
[2025-03-14T21:55:02.340+0000] {processor.py:186} INFO - Started process (PID=449) to work on /home/airflow/.local/lib/python3.12/site-packages/airflow/example_dags/example_trigger_target_dag.py
[2025-03-14T21:55:02.341+0000] {processor.py:914} INFO - Processing file /home/airflow/.local/lib/python3.12/site-packages/airflow/example_dags/example_trigger_target_dag.py for tasks to queue
[2025-03-14T21:55:02.343+0000] {logging_mixin.py:190} INFO - [2025-03-14T21:55:02.343+0000] {dagbag.py:588} INFO - Filling up the DagBag from /home/airflow/.local/lib/python3.12/site-packages/airflow/example_dags/example_trigger_target_dag.py
[2025-03-14T21:55:02.351+0000] {processor.py:925} INFO - DAG(s) 'example_trigger_target_dag' retrieved from /home/airflow/.local/lib/python3.12/site-packages/airflow/example_dags/example_trigger_target_dag.py
[2025-03-14T21:55:02.366+0000] {logging_mixin.py:190} INFO - [2025-03-14T21:55:02.366+0000] {dag.py:3239} INFO - Sync 1 DAGs
[2025-03-14T21:55:02.382+0000] {logging_mixin.py:190} INFO - [2025-03-14T21:55:02.382+0000] {dag.py:4180} INFO - Setting next_dagrun for example_trigger_target_dag to None, run_after=None
[2025-03-14T21:55:02.401+0000] {processor.py:208} INFO - Processing /home/airflow/.local/lib/python3.12/site-packages/airflow/example_dags/example_trigger_target_dag.py took 0.066 seconds
[2025-03-14T21:55:33.387+0000] {processor.py:186} INFO - Started process (PID=512) to work on /home/airflow/.local/lib/python3.12/site-packages/airflow/example_dags/example_trigger_target_dag.py
[2025-03-14T21:55:33.387+0000] {processor.py:914} INFO - Processing file /home/airflow/.local/lib/python3.12/site-packages/airflow/example_dags/example_trigger_target_dag.py for tasks to queue
[2025-03-14T21:55:33.389+0000] {logging_mixin.py:190} INFO - [2025-03-14T21:55:33.388+0000] {dagbag.py:588} INFO - Filling up the DagBag from /home/airflow/.local/lib/python3.12/site-packages/airflow/example_dags/example_trigger_target_dag.py
[2025-03-14T21:55:33.393+0000] {processor.py:925} INFO - DAG(s) 'example_trigger_target_dag' retrieved from /home/airflow/.local/lib/python3.12/site-packages/airflow/example_dags/example_trigger_target_dag.py
[2025-03-14T21:55:33.403+0000] {logging_mixin.py:190} INFO - [2025-03-14T21:55:33.403+0000] {dag.py:3239} INFO - Sync 1 DAGs
[2025-03-14T21:55:33.410+0000] {logging_mixin.py:190} INFO - [2025-03-14T21:55:33.410+0000] {dag.py:4180} INFO - Setting next_dagrun for example_trigger_target_dag to None, run_after=None
[2025-03-14T21:55:33.422+0000] {processor.py:208} INFO - Processing /home/airflow/.local/lib/python3.12/site-packages/airflow/example_dags/example_trigger_target_dag.py took 0.038 seconds
[2025-03-14T21:56:03.725+0000] {processor.py:186} INFO - Started process (PID=575) to work on /home/airflow/.local/lib/python3.12/site-packages/airflow/example_dags/example_trigger_target_dag.py
[2025-03-14T21:56:03.726+0000] {processor.py:914} INFO - Processing file /home/airflow/.local/lib/python3.12/site-packages/airflow/example_dags/example_trigger_target_dag.py for tasks to queue
[2025-03-14T21:56:03.727+0000] {logging_mixin.py:190} INFO - [2025-03-14T21:56:03.727+0000] {dagbag.py:588} INFO - Filling up the DagBag from /home/airflow/.local/lib/python3.12/site-packages/airflow/example_dags/example_trigger_target_dag.py
[2025-03-14T21:56:03.731+0000] {processor.py:925} INFO - DAG(s) 'example_trigger_target_dag' retrieved from /home/airflow/.local/lib/python3.12/site-packages/airflow/example_dags/example_trigger_target_dag.py
[2025-03-14T21:56:03.739+0000] {logging_mixin.py:190} INFO - [2025-03-14T21:56:03.739+0000] {dag.py:3239} INFO - Sync 1 DAGs
[2025-03-14T21:56:03.745+0000] {logging_mixin.py:190} INFO - [2025-03-14T21:56:03.745+0000] {dag.py:4180} INFO - Setting next_dagrun for example_trigger_target_dag to None, run_after=None
[2025-03-14T21:56:03.752+0000] {processor.py:208} INFO - Processing /home/airflow/.local/lib/python3.12/site-packages/airflow/example_dags/example_trigger_target_dag.py took 0.029 seconds
[2025-03-14T21:56:34.365+0000] {processor.py:186} INFO - Started process (PID=639) to work on /home/airflow/.local/lib/python3.12/site-packages/airflow/example_dags/example_trigger_target_dag.py
[2025-03-14T21:56:34.367+0000] {processor.py:914} INFO - Processing file /home/airflow/.local/lib/python3.12/site-packages/airflow/example_dags/example_trigger_target_dag.py for tasks to queue
[2025-03-14T21:56:34.368+0000] {logging_mixin.py:190} INFO - [2025-03-14T21:56:34.368+0000] {dagbag.py:588} INFO - Filling up the DagBag from /home/airflow/.local/lib/python3.12/site-packages/airflow/example_dags/example_trigger_target_dag.py
[2025-03-14T21:56:34.374+0000] {processor.py:925} INFO - DAG(s) 'example_trigger_target_dag' retrieved from /home/airflow/.local/lib/python3.12/site-packages/airflow/example_dags/example_trigger_target_dag.py
[2025-03-14T21:56:34.385+0000] {logging_mixin.py:190} INFO - [2025-03-14T21:56:34.385+0000] {dag.py:3239} INFO - Sync 1 DAGs
[2025-03-14T21:56:34.391+0000] {logging_mixin.py:190} INFO - [2025-03-14T21:56:34.391+0000] {dag.py:4180} INFO - Setting next_dagrun for example_trigger_target_dag to None, run_after=None
[2025-03-14T21:56:34.402+0000] {processor.py:208} INFO - Processing /home/airflow/.local/lib/python3.12/site-packages/airflow/example_dags/example_trigger_target_dag.py took 0.040 seconds
[2025-03-14T21:57:04.926+0000] {processor.py:186} INFO - Started process (PID=702) to work on /home/airflow/.local/lib/python3.12/site-packages/airflow/example_dags/example_trigger_target_dag.py
[2025-03-14T21:57:04.926+0000] {processor.py:914} INFO - Processing file /home/airflow/.local/lib/python3.12/site-packages/airflow/example_dags/example_trigger_target_dag.py for tasks to queue
[2025-03-14T21:57:04.928+0000] {logging_mixin.py:190} INFO - [2025-03-14T21:57:04.928+0000] {dagbag.py:588} INFO - Filling up the DagBag from /home/airflow/.local/lib/python3.12/site-packages/airflow/example_dags/example_trigger_target_dag.py
[2025-03-14T21:57:04.932+0000] {processor.py:925} INFO - DAG(s) 'example_trigger_target_dag' retrieved from /home/airflow/.local/lib/python3.12/site-packages/airflow/example_dags/example_trigger_target_dag.py
[2025-03-14T21:57:04.941+0000] {logging_mixin.py:190} INFO - [2025-03-14T21:57:04.941+0000] {dag.py:3239} INFO - Sync 1 DAGs
[2025-03-14T21:57:04.948+0000] {logging_mixin.py:190} INFO - [2025-03-14T21:57:04.948+0000] {dag.py:4180} INFO - Setting next_dagrun for example_trigger_target_dag to None, run_after=None
[2025-03-14T21:57:04.958+0000] {processor.py:208} INFO - Processing /home/airflow/.local/lib/python3.12/site-packages/airflow/example_dags/example_trigger_target_dag.py took 0.035 seconds
[2025-03-14T21:57:35.496+0000] {processor.py:186} INFO - Started process (PID=765) to work on /home/airflow/.local/lib/python3.12/site-packages/airflow/example_dags/example_trigger_target_dag.py
[2025-03-14T21:57:35.497+0000] {processor.py:914} INFO - Processing file /home/airflow/.local/lib/python3.12/site-packages/airflow/example_dags/example_trigger_target_dag.py for tasks to queue
[2025-03-14T21:57:35.499+0000] {logging_mixin.py:190} INFO - [2025-03-14T21:57:35.498+0000] {dagbag.py:588} INFO - Filling up the DagBag from /home/airflow/.local/lib/python3.12/site-packages/airflow/example_dags/example_trigger_target_dag.py
[2025-03-14T21:57:35.503+0000] {processor.py:925} INFO - DAG(s) 'example_trigger_target_dag' retrieved from /home/airflow/.local/lib/python3.12/site-packages/airflow/example_dags/example_trigger_target_dag.py
[2025-03-14T21:57:35.514+0000] {logging_mixin.py:190} INFO - [2025-03-14T21:57:35.514+0000] {dag.py:3239} INFO - Sync 1 DAGs
[2025-03-14T21:57:35.521+0000] {logging_mixin.py:190} INFO - [2025-03-14T21:57:35.521+0000] {dag.py:4180} INFO - Setting next_dagrun for example_trigger_target_dag to None, run_after=None
[2025-03-14T21:57:35.531+0000] {processor.py:208} INFO - Processing /home/airflow/.local/lib/python3.12/site-packages/airflow/example_dags/example_trigger_target_dag.py took 0.040 seconds
[2025-03-14T21:58:05.778+0000] {processor.py:186} INFO - Started process (PID=828) to work on /home/airflow/.local/lib/python3.12/site-packages/airflow/example_dags/example_trigger_target_dag.py
[2025-03-14T21:58:05.779+0000] {processor.py:914} INFO - Processing file /home/airflow/.local/lib/python3.12/site-packages/airflow/example_dags/example_trigger_target_dag.py for tasks to queue
[2025-03-14T21:58:05.782+0000] {logging_mixin.py:190} INFO - [2025-03-14T21:58:05.782+0000] {dagbag.py:588} INFO - Filling up the DagBag from /home/airflow/.local/lib/python3.12/site-packages/airflow/example_dags/example_trigger_target_dag.py
[2025-03-14T21:58:05.788+0000] {processor.py:925} INFO - DAG(s) 'example_trigger_target_dag' retrieved from /home/airflow/.local/lib/python3.12/site-packages/airflow/example_dags/example_trigger_target_dag.py
[2025-03-14T21:58:05.802+0000] {logging_mixin.py:190} INFO - [2025-03-14T21:58:05.802+0000] {dag.py:3239} INFO - Sync 1 DAGs
[2025-03-14T21:58:05.814+0000] {logging_mixin.py:190} INFO - [2025-03-14T21:58:05.813+0000] {dag.py:4180} INFO - Setting next_dagrun for example_trigger_target_dag to None, run_after=None
[2025-03-14T21:58:05.823+0000] {processor.py:208} INFO - Processing /home/airflow/.local/lib/python3.12/site-packages/airflow/example_dags/example_trigger_target_dag.py took 0.050 seconds
[2025-03-14T21:58:36.551+0000] {processor.py:186} INFO - Started process (PID=891) to work on /home/airflow/.local/lib/python3.12/site-packages/airflow/example_dags/example_trigger_target_dag.py
[2025-03-14T21:58:36.552+0000] {processor.py:914} INFO - Processing file /home/airflow/.local/lib/python3.12/site-packages/airflow/example_dags/example_trigger_target_dag.py for tasks to queue
[2025-03-14T21:58:36.556+0000] {logging_mixin.py:190} INFO - [2025-03-14T21:58:36.556+0000] {dagbag.py:588} INFO - Filling up the DagBag from /home/airflow/.local/lib/python3.12/site-packages/airflow/example_dags/example_trigger_target_dag.py
[2025-03-14T21:58:36.560+0000] {processor.py:925} INFO - DAG(s) 'example_trigger_target_dag' retrieved from /home/airflow/.local/lib/python3.12/site-packages/airflow/example_dags/example_trigger_target_dag.py
[2025-03-14T21:58:36.572+0000] {logging_mixin.py:190} INFO - [2025-03-14T21:58:36.571+0000] {dag.py:3239} INFO - Sync 1 DAGs
[2025-03-14T21:58:36.582+0000] {logging_mixin.py:190} INFO - [2025-03-14T21:58:36.582+0000] {dag.py:4180} INFO - Setting next_dagrun for example_trigger_target_dag to None, run_after=None
[2025-03-14T21:58:36.591+0000] {processor.py:208} INFO - Processing /home/airflow/.local/lib/python3.12/site-packages/airflow/example_dags/example_trigger_target_dag.py took 0.043 seconds
[2025-03-14T21:59:06.890+0000] {processor.py:186} INFO - Started process (PID=954) to work on /home/airflow/.local/lib/python3.12/site-packages/airflow/example_dags/example_trigger_target_dag.py
[2025-03-14T21:59:06.891+0000] {processor.py:914} INFO - Processing file /home/airflow/.local/lib/python3.12/site-packages/airflow/example_dags/example_trigger_target_dag.py for tasks to queue
[2025-03-14T21:59:06.893+0000] {logging_mixin.py:190} INFO - [2025-03-14T21:59:06.893+0000] {dagbag.py:588} INFO - Filling up the DagBag from /home/airflow/.local/lib/python3.12/site-packages/airflow/example_dags/example_trigger_target_dag.py
[2025-03-14T21:59:06.901+0000] {processor.py:925} INFO - DAG(s) 'example_trigger_target_dag' retrieved from /home/airflow/.local/lib/python3.12/site-packages/airflow/example_dags/example_trigger_target_dag.py
[2025-03-14T21:59:06.913+0000] {logging_mixin.py:190} INFO - [2025-03-14T21:59:06.912+0000] {dag.py:3239} INFO - Sync 1 DAGs
[2025-03-14T21:59:06.925+0000] {logging_mixin.py:190} INFO - [2025-03-14T21:59:06.925+0000] {dag.py:4180} INFO - Setting next_dagrun for example_trigger_target_dag to None, run_after=None
[2025-03-14T21:59:06.940+0000] {processor.py:208} INFO - Processing /home/airflow/.local/lib/python3.12/site-packages/airflow/example_dags/example_trigger_target_dag.py took 0.053 seconds
[2025-03-14T21:59:37.165+0000] {processor.py:186} INFO - Started process (PID=1017) to work on /home/airflow/.local/lib/python3.12/site-packages/airflow/example_dags/example_trigger_target_dag.py
[2025-03-14T21:59:37.166+0000] {processor.py:914} INFO - Processing file /home/airflow/.local/lib/python3.12/site-packages/airflow/example_dags/example_trigger_target_dag.py for tasks to queue
[2025-03-14T21:59:37.168+0000] {logging_mixin.py:190} INFO - [2025-03-14T21:59:37.168+0000] {dagbag.py:588} INFO - Filling up the DagBag from /home/airflow/.local/lib/python3.12/site-packages/airflow/example_dags/example_trigger_target_dag.py
[2025-03-14T21:59:37.174+0000] {processor.py:925} INFO - DAG(s) 'example_trigger_target_dag' retrieved from /home/airflow/.local/lib/python3.12/site-packages/airflow/example_dags/example_trigger_target_dag.py
[2025-03-14T21:59:37.184+0000] {logging_mixin.py:190} INFO - [2025-03-14T21:59:37.184+0000] {dag.py:3239} INFO - Sync 1 DAGs
[2025-03-14T21:59:37.192+0000] {logging_mixin.py:190} INFO - [2025-03-14T21:59:37.191+0000] {dag.py:4180} INFO - Setting next_dagrun for example_trigger_target_dag to None, run_after=None
[2025-03-14T21:59:37.205+0000] {processor.py:208} INFO - Processing /home/airflow/.local/lib/python3.12/site-packages/airflow/example_dags/example_trigger_target_dag.py took 0.045 seconds
[2025-03-14T22:00:07.521+0000] {processor.py:186} INFO - Started process (PID=1080) to work on /home/airflow/.local/lib/python3.12/site-packages/airflow/example_dags/example_trigger_target_dag.py
[2025-03-14T22:00:07.524+0000] {processor.py:914} INFO - Processing file /home/airflow/.local/lib/python3.12/site-packages/airflow/example_dags/example_trigger_target_dag.py for tasks to queue
[2025-03-14T22:00:07.525+0000] {logging_mixin.py:190} INFO - [2025-03-14T22:00:07.525+0000] {dagbag.py:588} INFO - Filling up the DagBag from /home/airflow/.local/lib/python3.12/site-packages/airflow/example_dags/example_trigger_target_dag.py
[2025-03-14T22:00:07.528+0000] {processor.py:925} INFO - DAG(s) 'example_trigger_target_dag' retrieved from /home/airflow/.local/lib/python3.12/site-packages/airflow/example_dags/example_trigger_target_dag.py
[2025-03-14T22:00:07.537+0000] {logging_mixin.py:190} INFO - [2025-03-14T22:00:07.537+0000] {dag.py:3239} INFO - Sync 1 DAGs
[2025-03-14T22:00:07.545+0000] {logging_mixin.py:190} INFO - [2025-03-14T22:00:07.545+0000] {dag.py:4180} INFO - Setting next_dagrun for example_trigger_target_dag to None, run_after=None
[2025-03-14T22:00:07.555+0000] {processor.py:208} INFO - Processing /home/airflow/.local/lib/python3.12/site-packages/airflow/example_dags/example_trigger_target_dag.py took 0.037 seconds
[2025-03-14T22:00:38.299+0000] {processor.py:186} INFO - Started process (PID=1143) to work on /home/airflow/.local/lib/python3.12/site-packages/airflow/example_dags/example_trigger_target_dag.py
[2025-03-14T22:00:38.302+0000] {processor.py:914} INFO - Processing file /home/airflow/.local/lib/python3.12/site-packages/airflow/example_dags/example_trigger_target_dag.py for tasks to queue
[2025-03-14T22:00:38.304+0000] {logging_mixin.py:190} INFO - [2025-03-14T22:00:38.303+0000] {dagbag.py:588} INFO - Filling up the DagBag from /home/airflow/.local/lib/python3.12/site-packages/airflow/example_dags/example_trigger_target_dag.py
[2025-03-14T22:00:38.308+0000] {processor.py:925} INFO - DAG(s) 'example_trigger_target_dag' retrieved from /home/airflow/.local/lib/python3.12/site-packages/airflow/example_dags/example_trigger_target_dag.py
[2025-03-14T22:00:38.318+0000] {logging_mixin.py:190} INFO - [2025-03-14T22:00:38.316+0000] {dag.py:3239} INFO - Sync 1 DAGs
[2025-03-14T22:00:38.325+0000] {logging_mixin.py:190} INFO - [2025-03-14T22:00:38.325+0000] {dag.py:4180} INFO - Setting next_dagrun for example_trigger_target_dag to None, run_after=None
[2025-03-14T22:00:38.332+0000] {processor.py:208} INFO - Processing /home/airflow/.local/lib/python3.12/site-packages/airflow/example_dags/example_trigger_target_dag.py took 0.036 seconds
[2025-03-14T22:01:08.434+0000] {processor.py:186} INFO - Started process (PID=1206) to work on /home/airflow/.local/lib/python3.12/site-packages/airflow/example_dags/example_trigger_target_dag.py
[2025-03-14T22:01:08.435+0000] {processor.py:914} INFO - Processing file /home/airflow/.local/lib/python3.12/site-packages/airflow/example_dags/example_trigger_target_dag.py for tasks to queue
[2025-03-14T22:01:08.436+0000] {logging_mixin.py:190} INFO - [2025-03-14T22:01:08.435+0000] {dagbag.py:588} INFO - Filling up the DagBag from /home/airflow/.local/lib/python3.12/site-packages/airflow/example_dags/example_trigger_target_dag.py
[2025-03-14T22:01:08.440+0000] {processor.py:925} INFO - DAG(s) 'example_trigger_target_dag' retrieved from /home/airflow/.local/lib/python3.12/site-packages/airflow/example_dags/example_trigger_target_dag.py
[2025-03-14T22:01:08.465+0000] {logging_mixin.py:190} INFO - [2025-03-14T22:01:08.465+0000] {dag.py:3239} INFO - Sync 1 DAGs
[2025-03-14T22:01:08.474+0000] {logging_mixin.py:190} INFO - [2025-03-14T22:01:08.474+0000] {dag.py:4180} INFO - Setting next_dagrun for example_trigger_target_dag to None, run_after=None
[2025-03-14T22:01:08.482+0000] {processor.py:208} INFO - Processing /home/airflow/.local/lib/python3.12/site-packages/airflow/example_dags/example_trigger_target_dag.py took 0.052 seconds
[2025-03-14T22:01:39.095+0000] {processor.py:186} INFO - Started process (PID=1269) to work on /home/airflow/.local/lib/python3.12/site-packages/airflow/example_dags/example_trigger_target_dag.py
[2025-03-14T22:01:39.095+0000] {processor.py:914} INFO - Processing file /home/airflow/.local/lib/python3.12/site-packages/airflow/example_dags/example_trigger_target_dag.py for tasks to queue
[2025-03-14T22:01:39.097+0000] {logging_mixin.py:190} INFO - [2025-03-14T22:01:39.097+0000] {dagbag.py:588} INFO - Filling up the DagBag from /home/airflow/.local/lib/python3.12/site-packages/airflow/example_dags/example_trigger_target_dag.py
[2025-03-14T22:01:39.104+0000] {processor.py:925} INFO - DAG(s) 'example_trigger_target_dag' retrieved from /home/airflow/.local/lib/python3.12/site-packages/airflow/example_dags/example_trigger_target_dag.py
[2025-03-14T22:01:39.118+0000] {logging_mixin.py:190} INFO - [2025-03-14T22:01:39.118+0000] {dag.py:3239} INFO - Sync 1 DAGs
[2025-03-14T22:01:39.124+0000] {logging_mixin.py:190} INFO - [2025-03-14T22:01:39.124+0000] {dag.py:4180} INFO - Setting next_dagrun for example_trigger_target_dag to None, run_after=None
[2025-03-14T22:01:39.137+0000] {processor.py:208} INFO - Processing /home/airflow/.local/lib/python3.12/site-packages/airflow/example_dags/example_trigger_target_dag.py took 0.046 seconds
[2025-03-14T22:02:09.630+0000] {processor.py:186} INFO - Started process (PID=1332) to work on /home/airflow/.local/lib/python3.12/site-packages/airflow/example_dags/example_trigger_target_dag.py
[2025-03-14T22:02:09.631+0000] {processor.py:914} INFO - Processing file /home/airflow/.local/lib/python3.12/site-packages/airflow/example_dags/example_trigger_target_dag.py for tasks to queue
[2025-03-14T22:02:09.632+0000] {logging_mixin.py:190} INFO - [2025-03-14T22:02:09.632+0000] {dagbag.py:588} INFO - Filling up the DagBag from /home/airflow/.local/lib/python3.12/site-packages/airflow/example_dags/example_trigger_target_dag.py
[2025-03-14T22:02:09.636+0000] {processor.py:925} INFO - DAG(s) 'example_trigger_target_dag' retrieved from /home/airflow/.local/lib/python3.12/site-packages/airflow/example_dags/example_trigger_target_dag.py
[2025-03-14T22:02:09.645+0000] {logging_mixin.py:190} INFO - [2025-03-14T22:02:09.644+0000] {dag.py:3239} INFO - Sync 1 DAGs
[2025-03-14T22:02:09.653+0000] {logging_mixin.py:190} INFO - [2025-03-14T22:02:09.653+0000] {dag.py:4180} INFO - Setting next_dagrun for example_trigger_target_dag to None, run_after=None
[2025-03-14T22:02:09.664+0000] {processor.py:208} INFO - Processing /home/airflow/.local/lib/python3.12/site-packages/airflow/example_dags/example_trigger_target_dag.py took 0.038 seconds
[2025-03-14T22:02:40.002+0000] {processor.py:186} INFO - Started process (PID=1395) to work on /home/airflow/.local/lib/python3.12/site-packages/airflow/example_dags/example_trigger_target_dag.py
[2025-03-14T22:02:40.003+0000] {processor.py:914} INFO - Processing file /home/airflow/.local/lib/python3.12/site-packages/airflow/example_dags/example_trigger_target_dag.py for tasks to queue
[2025-03-14T22:02:40.004+0000] {logging_mixin.py:190} INFO - [2025-03-14T22:02:40.004+0000] {dagbag.py:588} INFO - Filling up the DagBag from /home/airflow/.local/lib/python3.12/site-packages/airflow/example_dags/example_trigger_target_dag.py
[2025-03-14T22:02:40.009+0000] {processor.py:925} INFO - DAG(s) 'example_trigger_target_dag' retrieved from /home/airflow/.local/lib/python3.12/site-packages/airflow/example_dags/example_trigger_target_dag.py
[2025-03-14T22:02:40.021+0000] {logging_mixin.py:190} INFO - [2025-03-14T22:02:40.020+0000] {dag.py:3239} INFO - Sync 1 DAGs
[2025-03-14T22:02:40.034+0000] {logging_mixin.py:190} INFO - [2025-03-14T22:02:40.034+0000] {dag.py:4180} INFO - Setting next_dagrun for example_trigger_target_dag to None, run_after=None
[2025-03-14T22:02:40.050+0000] {processor.py:208} INFO - Processing /home/airflow/.local/lib/python3.12/site-packages/airflow/example_dags/example_trigger_target_dag.py took 0.052 seconds
[2025-03-14T22:03:10.432+0000] {processor.py:186} INFO - Started process (PID=1457) to work on /home/airflow/.local/lib/python3.12/site-packages/airflow/example_dags/example_trigger_target_dag.py
[2025-03-14T22:03:10.433+0000] {processor.py:914} INFO - Processing file /home/airflow/.local/lib/python3.12/site-packages/airflow/example_dags/example_trigger_target_dag.py for tasks to queue
[2025-03-14T22:03:10.434+0000] {logging_mixin.py:190} INFO - [2025-03-14T22:03:10.434+0000] {dagbag.py:588} INFO - Filling up the DagBag from /home/airflow/.local/lib/python3.12/site-packages/airflow/example_dags/example_trigger_target_dag.py
[2025-03-14T22:03:10.439+0000] {processor.py:925} INFO - DAG(s) 'example_trigger_target_dag' retrieved from /home/airflow/.local/lib/python3.12/site-packages/airflow/example_dags/example_trigger_target_dag.py
[2025-03-14T22:03:10.449+0000] {logging_mixin.py:190} INFO - [2025-03-14T22:03:10.449+0000] {dag.py:3239} INFO - Sync 1 DAGs
[2025-03-14T22:03:10.455+0000] {logging_mixin.py:190} INFO - [2025-03-14T22:03:10.455+0000] {dag.py:4180} INFO - Setting next_dagrun for example_trigger_target_dag to None, run_after=None
[2025-03-14T22:03:10.462+0000] {processor.py:208} INFO - Processing /home/airflow/.local/lib/python3.12/site-packages/airflow/example_dags/example_trigger_target_dag.py took 0.034 seconds
[2025-03-14T22:03:40.680+0000] {processor.py:186} INFO - Started process (PID=1520) to work on /home/airflow/.local/lib/python3.12/site-packages/airflow/example_dags/example_trigger_target_dag.py
[2025-03-14T22:03:40.683+0000] {processor.py:914} INFO - Processing file /home/airflow/.local/lib/python3.12/site-packages/airflow/example_dags/example_trigger_target_dag.py for tasks to queue
[2025-03-14T22:03:40.684+0000] {logging_mixin.py:190} INFO - [2025-03-14T22:03:40.684+0000] {dagbag.py:588} INFO - Filling up the DagBag from /home/airflow/.local/lib/python3.12/site-packages/airflow/example_dags/example_trigger_target_dag.py
[2025-03-14T22:03:40.690+0000] {processor.py:925} INFO - DAG(s) 'example_trigger_target_dag' retrieved from /home/airflow/.local/lib/python3.12/site-packages/airflow/example_dags/example_trigger_target_dag.py
[2025-03-14T22:03:40.704+0000] {logging_mixin.py:190} INFO - [2025-03-14T22:03:40.704+0000] {dag.py:3239} INFO - Sync 1 DAGs
[2025-03-14T22:03:40.712+0000] {logging_mixin.py:190} INFO - [2025-03-14T22:03:40.712+0000] {dag.py:4180} INFO - Setting next_dagrun for example_trigger_target_dag to None, run_after=None
[2025-03-14T22:03:40.720+0000] {processor.py:208} INFO - Processing /home/airflow/.local/lib/python3.12/site-packages/airflow/example_dags/example_trigger_target_dag.py took 0.043 seconds
