[2025-03-14T21:35:06.764+0000] {processor.py:186} INFO - Started process (PID=86) to work on /home/airflow/.local/lib/python3.12/site-packages/airflow/example_dags/example_display_name.py
[2025-03-14T21:35:06.765+0000] {processor.py:914} INFO - Processing file /home/airflow/.local/lib/python3.12/site-packages/airflow/example_dags/example_display_name.py for tasks to queue
[2025-03-14T21:35:06.767+0000] {logging_mixin.py:190} INFO - [2025-03-14T21:35:06.766+0000] {dagbag.py:588} INFO - Filling up the DagBag from /home/airflow/.local/lib/python3.12/site-packages/airflow/example_dags/example_display_name.py
[2025-03-14T21:35:06.773+0000] {processor.py:925} INFO - DAG(s) 'example_display_name' retrieved from /home/airflow/.local/lib/python3.12/site-packages/airflow/example_dags/example_display_name.py
[2025-03-14T21:35:06.847+0000] {logging_mixin.py:190} INFO - [2025-03-14T21:35:06.846+0000] {override.py:1912} INFO - Created Permission View: can edit on DAG:example_display_name
[2025-03-14T21:35:06.852+0000] {logging_mixin.py:190} INFO - [2025-03-14T21:35:06.852+0000] {override.py:1912} INFO - Created Permission View: can delete on DAG:example_display_name
[2025-03-14T21:35:06.855+0000] {logging_mixin.py:190} INFO - [2025-03-14T21:35:06.855+0000] {override.py:1912} INFO - Created Permission View: can read on DAG:example_display_name
[2025-03-14T21:35:06.858+0000] {logging_mixin.py:190} INFO - [2025-03-14T21:35:06.858+0000] {override.py:1912} INFO - Created Permission View: menu access on DAG Run:example_display_name
[2025-03-14T21:35:06.861+0000] {logging_mixin.py:190} INFO - [2025-03-14T21:35:06.861+0000] {override.py:1912} INFO - Created Permission View: can create on DAG Run:example_display_name
[2025-03-14T21:35:06.864+0000] {logging_mixin.py:190} INFO - [2025-03-14T21:35:06.863+0000] {override.py:1912} INFO - Created Permission View: can delete on DAG Run:example_display_name
[2025-03-14T21:35:06.866+0000] {logging_mixin.py:190} INFO - [2025-03-14T21:35:06.866+0000] {override.py:1912} INFO - Created Permission View: can read on DAG Run:example_display_name
[2025-03-14T21:35:06.867+0000] {logging_mixin.py:190} INFO - [2025-03-14T21:35:06.866+0000] {dag.py:3239} INFO - Sync 1 DAGs
[2025-03-14T21:35:06.889+0000] {logging_mixin.py:190} INFO - [2025-03-14T21:35:06.889+0000] {dag.py:3262} INFO - Creating ORM DAG for example_display_name
[2025-03-14T21:35:06.890+0000] {logging_mixin.py:190} INFO - [2025-03-14T21:35:06.889+0000] {dag.py:4180} INFO - Setting next_dagrun for example_display_name to None, run_after=None
[2025-03-14T21:35:06.905+0000] {processor.py:208} INFO - Processing /home/airflow/.local/lib/python3.12/site-packages/airflow/example_dags/example_display_name.py took 0.145 seconds
[2025-03-14T21:35:39.656+0000] {processor.py:186} INFO - Started process (PID=149) to work on /home/airflow/.local/lib/python3.12/site-packages/airflow/example_dags/example_display_name.py
[2025-03-14T21:35:39.657+0000] {processor.py:914} INFO - Processing file /home/airflow/.local/lib/python3.12/site-packages/airflow/example_dags/example_display_name.py for tasks to queue
[2025-03-14T21:35:39.661+0000] {logging_mixin.py:190} INFO - [2025-03-14T21:35:39.661+0000] {dagbag.py:588} INFO - Filling up the DagBag from /home/airflow/.local/lib/python3.12/site-packages/airflow/example_dags/example_display_name.py
[2025-03-14T21:35:39.679+0000] {processor.py:925} INFO - DAG(s) 'example_display_name' retrieved from /home/airflow/.local/lib/python3.12/site-packages/airflow/example_dags/example_display_name.py
[2025-03-14T21:35:39.712+0000] {logging_mixin.py:190} INFO - [2025-03-14T21:35:39.712+0000] {dag.py:3239} INFO - Sync 1 DAGs
[2025-03-14T21:35:39.748+0000] {logging_mixin.py:190} INFO - [2025-03-14T21:35:39.747+0000] {dag.py:4180} INFO - Setting next_dagrun for example_display_name to None, run_after=None
[2025-03-14T21:35:39.768+0000] {processor.py:208} INFO - Processing /home/airflow/.local/lib/python3.12/site-packages/airflow/example_dags/example_display_name.py took 0.116 seconds
[2025-03-14T21:36:10.523+0000] {processor.py:186} INFO - Started process (PID=212) to work on /home/airflow/.local/lib/python3.12/site-packages/airflow/example_dags/example_display_name.py
[2025-03-14T21:36:10.524+0000] {processor.py:914} INFO - Processing file /home/airflow/.local/lib/python3.12/site-packages/airflow/example_dags/example_display_name.py for tasks to queue
[2025-03-14T21:36:10.527+0000] {logging_mixin.py:190} INFO - [2025-03-14T21:36:10.527+0000] {dagbag.py:588} INFO - Filling up the DagBag from /home/airflow/.local/lib/python3.12/site-packages/airflow/example_dags/example_display_name.py
[2025-03-14T21:36:10.533+0000] {processor.py:925} INFO - DAG(s) 'example_display_name' retrieved from /home/airflow/.local/lib/python3.12/site-packages/airflow/example_dags/example_display_name.py
[2025-03-14T21:36:10.545+0000] {logging_mixin.py:190} INFO - [2025-03-14T21:36:10.544+0000] {dag.py:3239} INFO - Sync 1 DAGs
[2025-03-14T21:36:10.553+0000] {logging_mixin.py:190} INFO - [2025-03-14T21:36:10.553+0000] {dag.py:4180} INFO - Setting next_dagrun for example_display_name to None, run_after=None
[2025-03-14T21:36:10.564+0000] {processor.py:208} INFO - Processing /home/airflow/.local/lib/python3.12/site-packages/airflow/example_dags/example_display_name.py took 0.044 seconds
[2025-03-14T21:36:42.494+0000] {processor.py:186} INFO - Started process (PID=274) to work on /home/airflow/.local/lib/python3.12/site-packages/airflow/example_dags/example_display_name.py
[2025-03-14T21:36:42.494+0000] {processor.py:914} INFO - Processing file /home/airflow/.local/lib/python3.12/site-packages/airflow/example_dags/example_display_name.py for tasks to queue
[2025-03-14T21:36:42.495+0000] {logging_mixin.py:190} INFO - [2025-03-14T21:36:42.495+0000] {dagbag.py:588} INFO - Filling up the DagBag from /home/airflow/.local/lib/python3.12/site-packages/airflow/example_dags/example_display_name.py
[2025-03-14T21:36:42.500+0000] {processor.py:925} INFO - DAG(s) 'example_display_name' retrieved from /home/airflow/.local/lib/python3.12/site-packages/airflow/example_dags/example_display_name.py
[2025-03-14T21:36:42.510+0000] {logging_mixin.py:190} INFO - [2025-03-14T21:36:42.510+0000] {dag.py:3239} INFO - Sync 1 DAGs
[2025-03-14T21:36:42.533+0000] {logging_mixin.py:190} INFO - [2025-03-14T21:36:42.533+0000] {dag.py:4180} INFO - Setting next_dagrun for example_display_name to None, run_after=None
[2025-03-14T21:36:42.547+0000] {processor.py:208} INFO - Processing /home/airflow/.local/lib/python3.12/site-packages/airflow/example_dags/example_display_name.py took 0.056 seconds
[2025-03-14T21:37:13.545+0000] {processor.py:186} INFO - Started process (PID=337) to work on /home/airflow/.local/lib/python3.12/site-packages/airflow/example_dags/example_display_name.py
[2025-03-14T21:37:13.546+0000] {processor.py:914} INFO - Processing file /home/airflow/.local/lib/python3.12/site-packages/airflow/example_dags/example_display_name.py for tasks to queue
[2025-03-14T21:37:13.547+0000] {logging_mixin.py:190} INFO - [2025-03-14T21:37:13.547+0000] {dagbag.py:588} INFO - Filling up the DagBag from /home/airflow/.local/lib/python3.12/site-packages/airflow/example_dags/example_display_name.py
[2025-03-14T21:37:13.551+0000] {processor.py:925} INFO - DAG(s) 'example_display_name' retrieved from /home/airflow/.local/lib/python3.12/site-packages/airflow/example_dags/example_display_name.py
[2025-03-14T21:37:13.566+0000] {logging_mixin.py:190} INFO - [2025-03-14T21:37:13.566+0000] {dag.py:3239} INFO - Sync 1 DAGs
[2025-03-14T21:37:13.573+0000] {logging_mixin.py:190} INFO - [2025-03-14T21:37:13.573+0000] {dag.py:4180} INFO - Setting next_dagrun for example_display_name to None, run_after=None
[2025-03-14T21:37:13.581+0000] {processor.py:208} INFO - Processing /home/airflow/.local/lib/python3.12/site-packages/airflow/example_dags/example_display_name.py took 0.039 seconds
[2025-03-14T21:37:45.145+0000] {processor.py:186} INFO - Started process (PID=400) to work on /home/airflow/.local/lib/python3.12/site-packages/airflow/example_dags/example_display_name.py
[2025-03-14T21:37:45.146+0000] {processor.py:914} INFO - Processing file /home/airflow/.local/lib/python3.12/site-packages/airflow/example_dags/example_display_name.py for tasks to queue
[2025-03-14T21:37:45.147+0000] {logging_mixin.py:190} INFO - [2025-03-14T21:37:45.147+0000] {dagbag.py:588} INFO - Filling up the DagBag from /home/airflow/.local/lib/python3.12/site-packages/airflow/example_dags/example_display_name.py
[2025-03-14T21:37:45.151+0000] {processor.py:925} INFO - DAG(s) 'example_display_name' retrieved from /home/airflow/.local/lib/python3.12/site-packages/airflow/example_dags/example_display_name.py
[2025-03-14T21:37:45.159+0000] {logging_mixin.py:190} INFO - [2025-03-14T21:37:45.159+0000] {dag.py:3239} INFO - Sync 1 DAGs
[2025-03-14T21:37:45.166+0000] {logging_mixin.py:190} INFO - [2025-03-14T21:37:45.166+0000] {dag.py:4180} INFO - Setting next_dagrun for example_display_name to None, run_after=None
[2025-03-14T21:37:45.174+0000] {processor.py:208} INFO - Processing /home/airflow/.local/lib/python3.12/site-packages/airflow/example_dags/example_display_name.py took 0.032 seconds
[2025-03-14T21:38:16.450+0000] {processor.py:186} INFO - Started process (PID=462) to work on /home/airflow/.local/lib/python3.12/site-packages/airflow/example_dags/example_display_name.py
[2025-03-14T21:38:16.452+0000] {processor.py:914} INFO - Processing file /home/airflow/.local/lib/python3.12/site-packages/airflow/example_dags/example_display_name.py for tasks to queue
[2025-03-14T21:38:16.458+0000] {logging_mixin.py:190} INFO - [2025-03-14T21:38:16.457+0000] {dagbag.py:588} INFO - Filling up the DagBag from /home/airflow/.local/lib/python3.12/site-packages/airflow/example_dags/example_display_name.py
[2025-03-14T21:38:16.464+0000] {processor.py:925} INFO - DAG(s) 'example_display_name' retrieved from /home/airflow/.local/lib/python3.12/site-packages/airflow/example_dags/example_display_name.py
[2025-03-14T21:38:16.487+0000] {logging_mixin.py:190} INFO - [2025-03-14T21:38:16.487+0000] {dag.py:3239} INFO - Sync 1 DAGs
[2025-03-14T21:38:16.509+0000] {logging_mixin.py:190} INFO - [2025-03-14T21:38:16.509+0000] {dag.py:4180} INFO - Setting next_dagrun for example_display_name to None, run_after=None
[2025-03-14T21:38:16.520+0000] {processor.py:208} INFO - Processing /home/airflow/.local/lib/python3.12/site-packages/airflow/example_dags/example_display_name.py took 0.079 seconds
[2025-03-14T21:38:47.667+0000] {processor.py:186} INFO - Started process (PID=525) to work on /home/airflow/.local/lib/python3.12/site-packages/airflow/example_dags/example_display_name.py
[2025-03-14T21:38:47.669+0000] {processor.py:914} INFO - Processing file /home/airflow/.local/lib/python3.12/site-packages/airflow/example_dags/example_display_name.py for tasks to queue
[2025-03-14T21:38:47.670+0000] {logging_mixin.py:190} INFO - [2025-03-14T21:38:47.670+0000] {dagbag.py:588} INFO - Filling up the DagBag from /home/airflow/.local/lib/python3.12/site-packages/airflow/example_dags/example_display_name.py
[2025-03-14T21:38:47.674+0000] {processor.py:925} INFO - DAG(s) 'example_display_name' retrieved from /home/airflow/.local/lib/python3.12/site-packages/airflow/example_dags/example_display_name.py
[2025-03-14T21:38:47.683+0000] {logging_mixin.py:190} INFO - [2025-03-14T21:38:47.683+0000] {dag.py:3239} INFO - Sync 1 DAGs
[2025-03-14T21:38:47.689+0000] {logging_mixin.py:190} INFO - [2025-03-14T21:38:47.689+0000] {dag.py:4180} INFO - Setting next_dagrun for example_display_name to None, run_after=None
[2025-03-14T21:38:47.696+0000] {processor.py:208} INFO - Processing /home/airflow/.local/lib/python3.12/site-packages/airflow/example_dags/example_display_name.py took 0.032 seconds
[2025-03-14T21:39:19.205+0000] {processor.py:186} INFO - Started process (PID=588) to work on /home/airflow/.local/lib/python3.12/site-packages/airflow/example_dags/example_display_name.py
[2025-03-14T21:39:19.208+0000] {processor.py:914} INFO - Processing file /home/airflow/.local/lib/python3.12/site-packages/airflow/example_dags/example_display_name.py for tasks to queue
[2025-03-14T21:39:19.211+0000] {logging_mixin.py:190} INFO - [2025-03-14T21:39:19.210+0000] {dagbag.py:588} INFO - Filling up the DagBag from /home/airflow/.local/lib/python3.12/site-packages/airflow/example_dags/example_display_name.py
[2025-03-14T21:39:19.218+0000] {processor.py:925} INFO - DAG(s) 'example_display_name' retrieved from /home/airflow/.local/lib/python3.12/site-packages/airflow/example_dags/example_display_name.py
[2025-03-14T21:39:19.240+0000] {logging_mixin.py:190} INFO - [2025-03-14T21:39:19.240+0000] {dag.py:3239} INFO - Sync 1 DAGs
[2025-03-14T21:39:19.250+0000] {logging_mixin.py:190} INFO - [2025-03-14T21:39:19.249+0000] {dag.py:4180} INFO - Setting next_dagrun for example_display_name to None, run_after=None
[2025-03-14T21:39:19.260+0000] {processor.py:208} INFO - Processing /home/airflow/.local/lib/python3.12/site-packages/airflow/example_dags/example_display_name.py took 0.059 seconds
[2025-03-14T21:44:13.572+0000] {processor.py:186} INFO - Started process (PID=95) to work on /home/airflow/.local/lib/python3.12/site-packages/airflow/example_dags/example_display_name.py
[2025-03-14T21:44:13.580+0000] {processor.py:914} INFO - Processing file /home/airflow/.local/lib/python3.12/site-packages/airflow/example_dags/example_display_name.py for tasks to queue
[2025-03-14T21:44:13.587+0000] {logging_mixin.py:190} INFO - [2025-03-14T21:44:13.586+0000] {dagbag.py:588} INFO - Filling up the DagBag from /home/airflow/.local/lib/python3.12/site-packages/airflow/example_dags/example_display_name.py
[2025-03-14T21:44:13.631+0000] {processor.py:925} INFO - DAG(s) 'example_display_name' retrieved from /home/airflow/.local/lib/python3.12/site-packages/airflow/example_dags/example_display_name.py
[2025-03-14T21:44:13.694+0000] {logging_mixin.py:190} INFO - [2025-03-14T21:44:13.694+0000] {dag.py:3239} INFO - Sync 1 DAGs
[2025-03-14T21:44:13.705+0000] {logging_mixin.py:190} INFO - [2025-03-14T21:44:13.705+0000] {dag.py:4180} INFO - Setting next_dagrun for example_display_name to None, run_after=None
[2025-03-14T21:44:13.735+0000] {processor.py:208} INFO - Processing /home/airflow/.local/lib/python3.12/site-packages/airflow/example_dags/example_display_name.py took 0.180 seconds
[2025-03-14T21:44:48.586+0000] {processor.py:186} INFO - Started process (PID=157) to work on /home/airflow/.local/lib/python3.12/site-packages/airflow/example_dags/example_display_name.py
[2025-03-14T21:44:48.588+0000] {processor.py:914} INFO - Processing file /home/airflow/.local/lib/python3.12/site-packages/airflow/example_dags/example_display_name.py for tasks to queue
[2025-03-14T21:44:48.589+0000] {logging_mixin.py:190} INFO - [2025-03-14T21:44:48.589+0000] {dagbag.py:588} INFO - Filling up the DagBag from /home/airflow/.local/lib/python3.12/site-packages/airflow/example_dags/example_display_name.py
[2025-03-14T21:44:48.595+0000] {processor.py:925} INFO - DAG(s) 'example_display_name' retrieved from /home/airflow/.local/lib/python3.12/site-packages/airflow/example_dags/example_display_name.py
[2025-03-14T21:44:48.608+0000] {logging_mixin.py:190} INFO - [2025-03-14T21:44:48.607+0000] {dag.py:3239} INFO - Sync 1 DAGs
[2025-03-14T21:44:48.618+0000] {logging_mixin.py:190} INFO - [2025-03-14T21:44:48.618+0000] {dag.py:4180} INFO - Setting next_dagrun for example_display_name to None, run_after=None
[2025-03-14T21:44:48.636+0000] {processor.py:208} INFO - Processing /home/airflow/.local/lib/python3.12/site-packages/airflow/example_dags/example_display_name.py took 0.054 seconds
[2025-03-14T21:45:21.334+0000] {processor.py:186} INFO - Started process (PID=220) to work on /home/airflow/.local/lib/python3.12/site-packages/airflow/example_dags/example_display_name.py
[2025-03-14T21:45:21.335+0000] {processor.py:914} INFO - Processing file /home/airflow/.local/lib/python3.12/site-packages/airflow/example_dags/example_display_name.py for tasks to queue
[2025-03-14T21:45:21.336+0000] {logging_mixin.py:190} INFO - [2025-03-14T21:45:21.336+0000] {dagbag.py:588} INFO - Filling up the DagBag from /home/airflow/.local/lib/python3.12/site-packages/airflow/example_dags/example_display_name.py
[2025-03-14T21:45:21.340+0000] {processor.py:925} INFO - DAG(s) 'example_display_name' retrieved from /home/airflow/.local/lib/python3.12/site-packages/airflow/example_dags/example_display_name.py
[2025-03-14T21:45:21.350+0000] {logging_mixin.py:190} INFO - [2025-03-14T21:45:21.349+0000] {dag.py:3239} INFO - Sync 1 DAGs
[2025-03-14T21:45:21.356+0000] {logging_mixin.py:190} INFO - [2025-03-14T21:45:21.356+0000] {dag.py:4180} INFO - Setting next_dagrun for example_display_name to None, run_after=None
[2025-03-14T21:45:21.367+0000] {processor.py:208} INFO - Processing /home/airflow/.local/lib/python3.12/site-packages/airflow/example_dags/example_display_name.py took 0.036 seconds
[2025-03-14T21:45:55.469+0000] {processor.py:186} INFO - Started process (PID=283) to work on /home/airflow/.local/lib/python3.12/site-packages/airflow/example_dags/example_display_name.py
[2025-03-14T21:45:55.479+0000] {processor.py:914} INFO - Processing file /home/airflow/.local/lib/python3.12/site-packages/airflow/example_dags/example_display_name.py for tasks to queue
[2025-03-14T21:45:55.480+0000] {logging_mixin.py:190} INFO - [2025-03-14T21:45:55.480+0000] {dagbag.py:588} INFO - Filling up the DagBag from /home/airflow/.local/lib/python3.12/site-packages/airflow/example_dags/example_display_name.py
[2025-03-14T21:45:55.487+0000] {processor.py:925} INFO - DAG(s) 'example_display_name' retrieved from /home/airflow/.local/lib/python3.12/site-packages/airflow/example_dags/example_display_name.py
[2025-03-14T21:45:55.501+0000] {logging_mixin.py:190} INFO - [2025-03-14T21:45:55.501+0000] {dag.py:3239} INFO - Sync 1 DAGs
[2025-03-14T21:45:55.513+0000] {logging_mixin.py:190} INFO - [2025-03-14T21:45:55.513+0000] {dag.py:4180} INFO - Setting next_dagrun for example_display_name to None, run_after=None
[2025-03-14T21:45:55.536+0000] {processor.py:208} INFO - Processing /home/airflow/.local/lib/python3.12/site-packages/airflow/example_dags/example_display_name.py took 0.071 seconds
[2025-03-14T21:46:29.008+0000] {processor.py:186} INFO - Started process (PID=352) to work on /home/airflow/.local/lib/python3.12/site-packages/airflow/example_dags/example_display_name.py
[2025-03-14T21:46:29.011+0000] {processor.py:914} INFO - Processing file /home/airflow/.local/lib/python3.12/site-packages/airflow/example_dags/example_display_name.py for tasks to queue
[2025-03-14T21:46:29.014+0000] {logging_mixin.py:190} INFO - [2025-03-14T21:46:29.013+0000] {dagbag.py:588} INFO - Filling up the DagBag from /home/airflow/.local/lib/python3.12/site-packages/airflow/example_dags/example_display_name.py
[2025-03-14T21:46:29.021+0000] {processor.py:925} INFO - DAG(s) 'example_display_name' retrieved from /home/airflow/.local/lib/python3.12/site-packages/airflow/example_dags/example_display_name.py
[2025-03-14T21:46:29.049+0000] {logging_mixin.py:190} INFO - [2025-03-14T21:46:29.048+0000] {dag.py:3239} INFO - Sync 1 DAGs
[2025-03-14T21:46:29.064+0000] {logging_mixin.py:190} INFO - [2025-03-14T21:46:29.064+0000] {dag.py:4180} INFO - Setting next_dagrun for example_display_name to None, run_after=None
[2025-03-14T21:46:29.092+0000] {processor.py:208} INFO - Processing /home/airflow/.local/lib/python3.12/site-packages/airflow/example_dags/example_display_name.py took 0.110 seconds
[2025-03-14T21:52:06.786+0000] {processor.py:186} INFO - Started process (PID=87) to work on /home/airflow/.local/lib/python3.12/site-packages/airflow/example_dags/example_display_name.py
[2025-03-14T21:52:06.800+0000] {processor.py:914} INFO - Processing file /home/airflow/.local/lib/python3.12/site-packages/airflow/example_dags/example_display_name.py for tasks to queue
[2025-03-14T21:52:06.805+0000] {logging_mixin.py:190} INFO - [2025-03-14T21:52:06.804+0000] {dagbag.py:588} INFO - Filling up the DagBag from /home/airflow/.local/lib/python3.12/site-packages/airflow/example_dags/example_display_name.py
[2025-03-14T21:52:06.818+0000] {processor.py:925} INFO - DAG(s) 'example_display_name' retrieved from /home/airflow/.local/lib/python3.12/site-packages/airflow/example_dags/example_display_name.py
[2025-03-14T21:52:06.879+0000] {logging_mixin.py:190} INFO - [2025-03-14T21:52:06.878+0000] {dag.py:3239} INFO - Sync 1 DAGs
[2025-03-14T21:52:06.900+0000] {logging_mixin.py:190} INFO - [2025-03-14T21:52:06.900+0000] {dag.py:4180} INFO - Setting next_dagrun for example_display_name to None, run_after=None
[2025-03-14T21:52:06.931+0000] {processor.py:208} INFO - Processing /home/airflow/.local/lib/python3.12/site-packages/airflow/example_dags/example_display_name.py took 0.167 seconds
[2025-03-14T21:52:37.911+0000] {processor.py:186} INFO - Started process (PID=150) to work on /home/airflow/.local/lib/python3.12/site-packages/airflow/example_dags/example_display_name.py
[2025-03-14T21:52:37.912+0000] {processor.py:914} INFO - Processing file /home/airflow/.local/lib/python3.12/site-packages/airflow/example_dags/example_display_name.py for tasks to queue
[2025-03-14T21:52:37.914+0000] {logging_mixin.py:190} INFO - [2025-03-14T21:52:37.914+0000] {dagbag.py:588} INFO - Filling up the DagBag from /home/airflow/.local/lib/python3.12/site-packages/airflow/example_dags/example_display_name.py
[2025-03-14T21:52:37.918+0000] {processor.py:925} INFO - DAG(s) 'example_display_name' retrieved from /home/airflow/.local/lib/python3.12/site-packages/airflow/example_dags/example_display_name.py
[2025-03-14T21:52:37.929+0000] {logging_mixin.py:190} INFO - [2025-03-14T21:52:37.929+0000] {dag.py:3239} INFO - Sync 1 DAGs
[2025-03-14T21:52:37.946+0000] {logging_mixin.py:190} INFO - [2025-03-14T21:52:37.945+0000] {dag.py:4180} INFO - Setting next_dagrun for example_display_name to None, run_after=None
[2025-03-14T21:52:37.957+0000] {processor.py:208} INFO - Processing /home/airflow/.local/lib/python3.12/site-packages/airflow/example_dags/example_display_name.py took 0.049 seconds
[2025-03-14T21:53:09.350+0000] {processor.py:186} INFO - Started process (PID=213) to work on /home/airflow/.local/lib/python3.12/site-packages/airflow/example_dags/example_display_name.py
[2025-03-14T21:53:09.351+0000] {processor.py:914} INFO - Processing file /home/airflow/.local/lib/python3.12/site-packages/airflow/example_dags/example_display_name.py for tasks to queue
[2025-03-14T21:53:09.353+0000] {logging_mixin.py:190} INFO - [2025-03-14T21:53:09.353+0000] {dagbag.py:588} INFO - Filling up the DagBag from /home/airflow/.local/lib/python3.12/site-packages/airflow/example_dags/example_display_name.py
[2025-03-14T21:53:09.360+0000] {processor.py:925} INFO - DAG(s) 'example_display_name' retrieved from /home/airflow/.local/lib/python3.12/site-packages/airflow/example_dags/example_display_name.py
[2025-03-14T21:53:09.370+0000] {logging_mixin.py:190} INFO - [2025-03-14T21:53:09.370+0000] {dag.py:3239} INFO - Sync 1 DAGs
[2025-03-14T21:53:09.378+0000] {logging_mixin.py:190} INFO - [2025-03-14T21:53:09.378+0000] {dag.py:4180} INFO - Setting next_dagrun for example_display_name to None, run_after=None
[2025-03-14T21:53:09.389+0000] {processor.py:208} INFO - Processing /home/airflow/.local/lib/python3.12/site-packages/airflow/example_dags/example_display_name.py took 0.042 seconds
[2025-03-14T21:53:40.958+0000] {processor.py:186} INFO - Started process (PID=276) to work on /home/airflow/.local/lib/python3.12/site-packages/airflow/example_dags/example_display_name.py
[2025-03-14T21:53:40.959+0000] {processor.py:914} INFO - Processing file /home/airflow/.local/lib/python3.12/site-packages/airflow/example_dags/example_display_name.py for tasks to queue
[2025-03-14T21:53:40.960+0000] {logging_mixin.py:190} INFO - [2025-03-14T21:53:40.960+0000] {dagbag.py:588} INFO - Filling up the DagBag from /home/airflow/.local/lib/python3.12/site-packages/airflow/example_dags/example_display_name.py
[2025-03-14T21:53:40.964+0000] {processor.py:925} INFO - DAG(s) 'example_display_name' retrieved from /home/airflow/.local/lib/python3.12/site-packages/airflow/example_dags/example_display_name.py
[2025-03-14T21:53:40.977+0000] {logging_mixin.py:190} INFO - [2025-03-14T21:53:40.976+0000] {dag.py:3239} INFO - Sync 1 DAGs
[2025-03-14T21:53:40.986+0000] {logging_mixin.py:190} INFO - [2025-03-14T21:53:40.986+0000] {dag.py:4180} INFO - Setting next_dagrun for example_display_name to None, run_after=None
[2025-03-14T21:53:40.993+0000] {processor.py:208} INFO - Processing /home/airflow/.local/lib/python3.12/site-packages/airflow/example_dags/example_display_name.py took 0.038 seconds
[2025-03-14T21:54:12.635+0000] {processor.py:186} INFO - Started process (PID=339) to work on /home/airflow/.local/lib/python3.12/site-packages/airflow/example_dags/example_display_name.py
[2025-03-14T21:54:12.637+0000] {processor.py:914} INFO - Processing file /home/airflow/.local/lib/python3.12/site-packages/airflow/example_dags/example_display_name.py for tasks to queue
[2025-03-14T21:54:12.639+0000] {logging_mixin.py:190} INFO - [2025-03-14T21:54:12.639+0000] {dagbag.py:588} INFO - Filling up the DagBag from /home/airflow/.local/lib/python3.12/site-packages/airflow/example_dags/example_display_name.py
[2025-03-14T21:54:12.643+0000] {processor.py:925} INFO - DAG(s) 'example_display_name' retrieved from /home/airflow/.local/lib/python3.12/site-packages/airflow/example_dags/example_display_name.py
[2025-03-14T21:54:12.664+0000] {logging_mixin.py:190} INFO - [2025-03-14T21:54:12.664+0000] {dag.py:3239} INFO - Sync 1 DAGs
[2025-03-14T21:54:12.673+0000] {logging_mixin.py:190} INFO - [2025-03-14T21:54:12.673+0000] {dag.py:4180} INFO - Setting next_dagrun for example_display_name to None, run_after=None
[2025-03-14T21:54:12.683+0000] {processor.py:208} INFO - Processing /home/airflow/.local/lib/python3.12/site-packages/airflow/example_dags/example_display_name.py took 0.050 seconds
[2025-03-14T21:54:43.850+0000] {processor.py:186} INFO - Started process (PID=402) to work on /home/airflow/.local/lib/python3.12/site-packages/airflow/example_dags/example_display_name.py
[2025-03-14T21:54:43.852+0000] {processor.py:914} INFO - Processing file /home/airflow/.local/lib/python3.12/site-packages/airflow/example_dags/example_display_name.py for tasks to queue
[2025-03-14T21:54:43.853+0000] {logging_mixin.py:190} INFO - [2025-03-14T21:54:43.853+0000] {dagbag.py:588} INFO - Filling up the DagBag from /home/airflow/.local/lib/python3.12/site-packages/airflow/example_dags/example_display_name.py
[2025-03-14T21:54:43.863+0000] {processor.py:925} INFO - DAG(s) 'example_display_name' retrieved from /home/airflow/.local/lib/python3.12/site-packages/airflow/example_dags/example_display_name.py
[2025-03-14T21:54:43.880+0000] {logging_mixin.py:190} INFO - [2025-03-14T21:54:43.879+0000] {dag.py:3239} INFO - Sync 1 DAGs
[2025-03-14T21:54:43.887+0000] {logging_mixin.py:190} INFO - [2025-03-14T21:54:43.887+0000] {dag.py:4180} INFO - Setting next_dagrun for example_display_name to None, run_after=None
[2025-03-14T21:54:43.895+0000] {processor.py:208} INFO - Processing /home/airflow/.local/lib/python3.12/site-packages/airflow/example_dags/example_display_name.py took 0.047 seconds
[2025-03-14T21:55:14.787+0000] {processor.py:186} INFO - Started process (PID=465) to work on /home/airflow/.local/lib/python3.12/site-packages/airflow/example_dags/example_display_name.py
[2025-03-14T21:55:14.788+0000] {processor.py:914} INFO - Processing file /home/airflow/.local/lib/python3.12/site-packages/airflow/example_dags/example_display_name.py for tasks to queue
[2025-03-14T21:55:14.790+0000] {logging_mixin.py:190} INFO - [2025-03-14T21:55:14.790+0000] {dagbag.py:588} INFO - Filling up the DagBag from /home/airflow/.local/lib/python3.12/site-packages/airflow/example_dags/example_display_name.py
[2025-03-14T21:55:14.798+0000] {processor.py:925} INFO - DAG(s) 'example_display_name' retrieved from /home/airflow/.local/lib/python3.12/site-packages/airflow/example_dags/example_display_name.py
[2025-03-14T21:55:14.824+0000] {logging_mixin.py:190} INFO - [2025-03-14T21:55:14.824+0000] {dag.py:3239} INFO - Sync 1 DAGs
[2025-03-14T21:55:14.833+0000] {logging_mixin.py:190} INFO - [2025-03-14T21:55:14.833+0000] {dag.py:4180} INFO - Setting next_dagrun for example_display_name to None, run_after=None
[2025-03-14T21:55:14.846+0000] {processor.py:208} INFO - Processing /home/airflow/.local/lib/python3.12/site-packages/airflow/example_dags/example_display_name.py took 0.063 seconds
[2025-03-14T21:55:45.962+0000] {processor.py:186} INFO - Started process (PID=528) to work on /home/airflow/.local/lib/python3.12/site-packages/airflow/example_dags/example_display_name.py
[2025-03-14T21:55:45.963+0000] {processor.py:914} INFO - Processing file /home/airflow/.local/lib/python3.12/site-packages/airflow/example_dags/example_display_name.py for tasks to queue
[2025-03-14T21:55:45.964+0000] {logging_mixin.py:190} INFO - [2025-03-14T21:55:45.964+0000] {dagbag.py:588} INFO - Filling up the DagBag from /home/airflow/.local/lib/python3.12/site-packages/airflow/example_dags/example_display_name.py
[2025-03-14T21:55:45.970+0000] {processor.py:925} INFO - DAG(s) 'example_display_name' retrieved from /home/airflow/.local/lib/python3.12/site-packages/airflow/example_dags/example_display_name.py
[2025-03-14T21:55:45.983+0000] {logging_mixin.py:190} INFO - [2025-03-14T21:55:45.982+0000] {dag.py:3239} INFO - Sync 1 DAGs
[2025-03-14T21:55:45.989+0000] {logging_mixin.py:190} INFO - [2025-03-14T21:55:45.989+0000] {dag.py:4180} INFO - Setting next_dagrun for example_display_name to None, run_after=None
[2025-03-14T21:55:45.996+0000] {processor.py:208} INFO - Processing /home/airflow/.local/lib/python3.12/site-packages/airflow/example_dags/example_display_name.py took 0.036 seconds
[2025-03-14T21:56:17.013+0000] {processor.py:186} INFO - Started process (PID=591) to work on /home/airflow/.local/lib/python3.12/site-packages/airflow/example_dags/example_display_name.py
[2025-03-14T21:56:17.015+0000] {processor.py:914} INFO - Processing file /home/airflow/.local/lib/python3.12/site-packages/airflow/example_dags/example_display_name.py for tasks to queue
[2025-03-14T21:56:17.016+0000] {logging_mixin.py:190} INFO - [2025-03-14T21:56:17.016+0000] {dagbag.py:588} INFO - Filling up the DagBag from /home/airflow/.local/lib/python3.12/site-packages/airflow/example_dags/example_display_name.py
[2025-03-14T21:56:17.020+0000] {processor.py:925} INFO - DAG(s) 'example_display_name' retrieved from /home/airflow/.local/lib/python3.12/site-packages/airflow/example_dags/example_display_name.py
[2025-03-14T21:56:17.034+0000] {logging_mixin.py:190} INFO - [2025-03-14T21:56:17.034+0000] {dag.py:3239} INFO - Sync 1 DAGs
[2025-03-14T21:56:17.047+0000] {logging_mixin.py:190} INFO - [2025-03-14T21:56:17.046+0000] {dag.py:4180} INFO - Setting next_dagrun for example_display_name to None, run_after=None
[2025-03-14T21:56:17.054+0000] {processor.py:208} INFO - Processing /home/airflow/.local/lib/python3.12/site-packages/airflow/example_dags/example_display_name.py took 0.044 seconds
[2025-03-14T21:56:47.742+0000] {processor.py:186} INFO - Started process (PID=655) to work on /home/airflow/.local/lib/python3.12/site-packages/airflow/example_dags/example_display_name.py
[2025-03-14T21:56:47.743+0000] {processor.py:914} INFO - Processing file /home/airflow/.local/lib/python3.12/site-packages/airflow/example_dags/example_display_name.py for tasks to queue
[2025-03-14T21:56:47.744+0000] {logging_mixin.py:190} INFO - [2025-03-14T21:56:47.744+0000] {dagbag.py:588} INFO - Filling up the DagBag from /home/airflow/.local/lib/python3.12/site-packages/airflow/example_dags/example_display_name.py
[2025-03-14T21:56:47.749+0000] {processor.py:925} INFO - DAG(s) 'example_display_name' retrieved from /home/airflow/.local/lib/python3.12/site-packages/airflow/example_dags/example_display_name.py
[2025-03-14T21:56:47.757+0000] {logging_mixin.py:190} INFO - [2025-03-14T21:56:47.757+0000] {dag.py:3239} INFO - Sync 1 DAGs
[2025-03-14T21:56:47.764+0000] {logging_mixin.py:190} INFO - [2025-03-14T21:56:47.764+0000] {dag.py:4180} INFO - Setting next_dagrun for example_display_name to None, run_after=None
[2025-03-14T21:56:47.773+0000] {processor.py:208} INFO - Processing /home/airflow/.local/lib/python3.12/site-packages/airflow/example_dags/example_display_name.py took 0.034 seconds
[2025-03-14T21:57:19.147+0000] {processor.py:186} INFO - Started process (PID=718) to work on /home/airflow/.local/lib/python3.12/site-packages/airflow/example_dags/example_display_name.py
[2025-03-14T21:57:19.148+0000] {processor.py:914} INFO - Processing file /home/airflow/.local/lib/python3.12/site-packages/airflow/example_dags/example_display_name.py for tasks to queue
[2025-03-14T21:57:19.149+0000] {logging_mixin.py:190} INFO - [2025-03-14T21:57:19.149+0000] {dagbag.py:588} INFO - Filling up the DagBag from /home/airflow/.local/lib/python3.12/site-packages/airflow/example_dags/example_display_name.py
[2025-03-14T21:57:19.152+0000] {processor.py:925} INFO - DAG(s) 'example_display_name' retrieved from /home/airflow/.local/lib/python3.12/site-packages/airflow/example_dags/example_display_name.py
[2025-03-14T21:57:19.160+0000] {logging_mixin.py:190} INFO - [2025-03-14T21:57:19.160+0000] {dag.py:3239} INFO - Sync 1 DAGs
[2025-03-14T21:57:19.167+0000] {logging_mixin.py:190} INFO - [2025-03-14T21:57:19.167+0000] {dag.py:4180} INFO - Setting next_dagrun for example_display_name to None, run_after=None
[2025-03-14T21:57:19.177+0000] {processor.py:208} INFO - Processing /home/airflow/.local/lib/python3.12/site-packages/airflow/example_dags/example_display_name.py took 0.033 seconds
[2025-03-14T21:57:50.781+0000] {processor.py:186} INFO - Started process (PID=781) to work on /home/airflow/.local/lib/python3.12/site-packages/airflow/example_dags/example_display_name.py
[2025-03-14T21:57:50.783+0000] {processor.py:914} INFO - Processing file /home/airflow/.local/lib/python3.12/site-packages/airflow/example_dags/example_display_name.py for tasks to queue
[2025-03-14T21:57:50.784+0000] {logging_mixin.py:190} INFO - [2025-03-14T21:57:50.784+0000] {dagbag.py:588} INFO - Filling up the DagBag from /home/airflow/.local/lib/python3.12/site-packages/airflow/example_dags/example_display_name.py
[2025-03-14T21:57:50.789+0000] {processor.py:925} INFO - DAG(s) 'example_display_name' retrieved from /home/airflow/.local/lib/python3.12/site-packages/airflow/example_dags/example_display_name.py
[2025-03-14T21:57:50.803+0000] {logging_mixin.py:190} INFO - [2025-03-14T21:57:50.802+0000] {dag.py:3239} INFO - Sync 1 DAGs
[2025-03-14T21:57:50.811+0000] {logging_mixin.py:190} INFO - [2025-03-14T21:57:50.810+0000] {dag.py:4180} INFO - Setting next_dagrun for example_display_name to None, run_after=None
[2025-03-14T21:57:50.818+0000] {processor.py:208} INFO - Processing /home/airflow/.local/lib/python3.12/site-packages/airflow/example_dags/example_display_name.py took 0.040 seconds
[2025-03-14T21:58:22.211+0000] {processor.py:186} INFO - Started process (PID=844) to work on /home/airflow/.local/lib/python3.12/site-packages/airflow/example_dags/example_display_name.py
[2025-03-14T21:58:22.214+0000] {processor.py:914} INFO - Processing file /home/airflow/.local/lib/python3.12/site-packages/airflow/example_dags/example_display_name.py for tasks to queue
[2025-03-14T21:58:22.215+0000] {logging_mixin.py:190} INFO - [2025-03-14T21:58:22.215+0000] {dagbag.py:588} INFO - Filling up the DagBag from /home/airflow/.local/lib/python3.12/site-packages/airflow/example_dags/example_display_name.py
[2025-03-14T21:58:22.219+0000] {processor.py:925} INFO - DAG(s) 'example_display_name' retrieved from /home/airflow/.local/lib/python3.12/site-packages/airflow/example_dags/example_display_name.py
[2025-03-14T21:58:22.227+0000] {logging_mixin.py:190} INFO - [2025-03-14T21:58:22.227+0000] {dag.py:3239} INFO - Sync 1 DAGs
[2025-03-14T21:58:22.233+0000] {logging_mixin.py:190} INFO - [2025-03-14T21:58:22.233+0000] {dag.py:4180} INFO - Setting next_dagrun for example_display_name to None, run_after=None
[2025-03-14T21:58:22.240+0000] {processor.py:208} INFO - Processing /home/airflow/.local/lib/python3.12/site-packages/airflow/example_dags/example_display_name.py took 0.032 seconds
[2025-03-14T21:58:52.950+0000] {processor.py:186} INFO - Started process (PID=907) to work on /home/airflow/.local/lib/python3.12/site-packages/airflow/example_dags/example_display_name.py
[2025-03-14T21:58:52.953+0000] {processor.py:914} INFO - Processing file /home/airflow/.local/lib/python3.12/site-packages/airflow/example_dags/example_display_name.py for tasks to queue
[2025-03-14T21:58:52.955+0000] {logging_mixin.py:190} INFO - [2025-03-14T21:58:52.954+0000] {dagbag.py:588} INFO - Filling up the DagBag from /home/airflow/.local/lib/python3.12/site-packages/airflow/example_dags/example_display_name.py
[2025-03-14T21:58:52.959+0000] {processor.py:925} INFO - DAG(s) 'example_display_name' retrieved from /home/airflow/.local/lib/python3.12/site-packages/airflow/example_dags/example_display_name.py
[2025-03-14T21:58:52.970+0000] {logging_mixin.py:190} INFO - [2025-03-14T21:58:52.970+0000] {dag.py:3239} INFO - Sync 1 DAGs
[2025-03-14T21:58:52.975+0000] {logging_mixin.py:190} INFO - [2025-03-14T21:58:52.975+0000] {dag.py:4180} INFO - Setting next_dagrun for example_display_name to None, run_after=None
[2025-03-14T21:58:52.989+0000] {processor.py:208} INFO - Processing /home/airflow/.local/lib/python3.12/site-packages/airflow/example_dags/example_display_name.py took 0.041 seconds
[2025-03-14T21:59:24.275+0000] {processor.py:186} INFO - Started process (PID=970) to work on /home/airflow/.local/lib/python3.12/site-packages/airflow/example_dags/example_display_name.py
[2025-03-14T21:59:24.278+0000] {processor.py:914} INFO - Processing file /home/airflow/.local/lib/python3.12/site-packages/airflow/example_dags/example_display_name.py for tasks to queue
[2025-03-14T21:59:24.280+0000] {logging_mixin.py:190} INFO - [2025-03-14T21:59:24.279+0000] {dagbag.py:588} INFO - Filling up the DagBag from /home/airflow/.local/lib/python3.12/site-packages/airflow/example_dags/example_display_name.py
[2025-03-14T21:59:24.285+0000] {processor.py:925} INFO - DAG(s) 'example_display_name' retrieved from /home/airflow/.local/lib/python3.12/site-packages/airflow/example_dags/example_display_name.py
[2025-03-14T21:59:24.296+0000] {logging_mixin.py:190} INFO - [2025-03-14T21:59:24.296+0000] {dag.py:3239} INFO - Sync 1 DAGs
[2025-03-14T21:59:24.307+0000] {logging_mixin.py:190} INFO - [2025-03-14T21:59:24.307+0000] {dag.py:4180} INFO - Setting next_dagrun for example_display_name to None, run_after=None
[2025-03-14T21:59:24.321+0000] {processor.py:208} INFO - Processing /home/airflow/.local/lib/python3.12/site-packages/airflow/example_dags/example_display_name.py took 0.050 seconds
[2025-03-14T21:59:55.596+0000] {processor.py:186} INFO - Started process (PID=1033) to work on /home/airflow/.local/lib/python3.12/site-packages/airflow/example_dags/example_display_name.py
[2025-03-14T21:59:55.597+0000] {processor.py:914} INFO - Processing file /home/airflow/.local/lib/python3.12/site-packages/airflow/example_dags/example_display_name.py for tasks to queue
[2025-03-14T21:59:55.599+0000] {logging_mixin.py:190} INFO - [2025-03-14T21:59:55.599+0000] {dagbag.py:588} INFO - Filling up the DagBag from /home/airflow/.local/lib/python3.12/site-packages/airflow/example_dags/example_display_name.py
[2025-03-14T21:59:55.603+0000] {processor.py:925} INFO - DAG(s) 'example_display_name' retrieved from /home/airflow/.local/lib/python3.12/site-packages/airflow/example_dags/example_display_name.py
[2025-03-14T21:59:55.615+0000] {logging_mixin.py:190} INFO - [2025-03-14T21:59:55.615+0000] {dag.py:3239} INFO - Sync 1 DAGs
[2025-03-14T21:59:55.622+0000] {logging_mixin.py:190} INFO - [2025-03-14T21:59:55.622+0000] {dag.py:4180} INFO - Setting next_dagrun for example_display_name to None, run_after=None
[2025-03-14T21:59:55.629+0000] {processor.py:208} INFO - Processing /home/airflow/.local/lib/python3.12/site-packages/airflow/example_dags/example_display_name.py took 0.036 seconds
[2025-03-14T22:00:26.999+0000] {processor.py:186} INFO - Started process (PID=1096) to work on /home/airflow/.local/lib/python3.12/site-packages/airflow/example_dags/example_display_name.py
[2025-03-14T22:00:27.000+0000] {processor.py:914} INFO - Processing file /home/airflow/.local/lib/python3.12/site-packages/airflow/example_dags/example_display_name.py for tasks to queue
[2025-03-14T22:00:27.001+0000] {logging_mixin.py:190} INFO - [2025-03-14T22:00:27.001+0000] {dagbag.py:588} INFO - Filling up the DagBag from /home/airflow/.local/lib/python3.12/site-packages/airflow/example_dags/example_display_name.py
[2025-03-14T22:00:27.007+0000] {processor.py:925} INFO - DAG(s) 'example_display_name' retrieved from /home/airflow/.local/lib/python3.12/site-packages/airflow/example_dags/example_display_name.py
[2025-03-14T22:00:27.019+0000] {logging_mixin.py:190} INFO - [2025-03-14T22:00:27.019+0000] {dag.py:3239} INFO - Sync 1 DAGs
[2025-03-14T22:00:27.026+0000] {logging_mixin.py:190} INFO - [2025-03-14T22:00:27.026+0000] {dag.py:4180} INFO - Setting next_dagrun for example_display_name to None, run_after=None
[2025-03-14T22:00:27.033+0000] {processor.py:208} INFO - Processing /home/airflow/.local/lib/python3.12/site-packages/airflow/example_dags/example_display_name.py took 0.037 seconds
[2025-03-14T22:00:57.950+0000] {processor.py:186} INFO - Started process (PID=1159) to work on /home/airflow/.local/lib/python3.12/site-packages/airflow/example_dags/example_display_name.py
[2025-03-14T22:00:57.951+0000] {processor.py:914} INFO - Processing file /home/airflow/.local/lib/python3.12/site-packages/airflow/example_dags/example_display_name.py for tasks to queue
[2025-03-14T22:00:57.952+0000] {logging_mixin.py:190} INFO - [2025-03-14T22:00:57.952+0000] {dagbag.py:588} INFO - Filling up the DagBag from /home/airflow/.local/lib/python3.12/site-packages/airflow/example_dags/example_display_name.py
[2025-03-14T22:00:57.956+0000] {processor.py:925} INFO - DAG(s) 'example_display_name' retrieved from /home/airflow/.local/lib/python3.12/site-packages/airflow/example_dags/example_display_name.py
[2025-03-14T22:00:57.965+0000] {logging_mixin.py:190} INFO - [2025-03-14T22:00:57.965+0000] {dag.py:3239} INFO - Sync 1 DAGs
[2025-03-14T22:00:57.979+0000] {logging_mixin.py:190} INFO - [2025-03-14T22:00:57.979+0000] {dag.py:4180} INFO - Setting next_dagrun for example_display_name to None, run_after=None
[2025-03-14T22:00:57.989+0000] {processor.py:208} INFO - Processing /home/airflow/.local/lib/python3.12/site-packages/airflow/example_dags/example_display_name.py took 0.041 seconds
[2025-03-14T22:01:28.957+0000] {processor.py:186} INFO - Started process (PID=1228) to work on /home/airflow/.local/lib/python3.12/site-packages/airflow/example_dags/example_display_name.py
[2025-03-14T22:01:28.959+0000] {processor.py:914} INFO - Processing file /home/airflow/.local/lib/python3.12/site-packages/airflow/example_dags/example_display_name.py for tasks to queue
[2025-03-14T22:01:28.959+0000] {logging_mixin.py:190} INFO - [2025-03-14T22:01:28.959+0000] {dagbag.py:588} INFO - Filling up the DagBag from /home/airflow/.local/lib/python3.12/site-packages/airflow/example_dags/example_display_name.py
[2025-03-14T22:01:28.963+0000] {processor.py:925} INFO - DAG(s) 'example_display_name' retrieved from /home/airflow/.local/lib/python3.12/site-packages/airflow/example_dags/example_display_name.py
[2025-03-14T22:01:28.975+0000] {logging_mixin.py:190} INFO - [2025-03-14T22:01:28.975+0000] {dag.py:3239} INFO - Sync 1 DAGs
[2025-03-14T22:01:28.981+0000] {logging_mixin.py:190} INFO - [2025-03-14T22:01:28.981+0000] {dag.py:4180} INFO - Setting next_dagrun for example_display_name to None, run_after=None
[2025-03-14T22:01:28.989+0000] {processor.py:208} INFO - Processing /home/airflow/.local/lib/python3.12/site-packages/airflow/example_dags/example_display_name.py took 0.034 seconds
[2025-03-14T22:01:59.581+0000] {processor.py:186} INFO - Started process (PID=1291) to work on /home/airflow/.local/lib/python3.12/site-packages/airflow/example_dags/example_display_name.py
[2025-03-14T22:01:59.582+0000] {processor.py:914} INFO - Processing file /home/airflow/.local/lib/python3.12/site-packages/airflow/example_dags/example_display_name.py for tasks to queue
[2025-03-14T22:01:59.583+0000] {logging_mixin.py:190} INFO - [2025-03-14T22:01:59.583+0000] {dagbag.py:588} INFO - Filling up the DagBag from /home/airflow/.local/lib/python3.12/site-packages/airflow/example_dags/example_display_name.py
[2025-03-14T22:01:59.588+0000] {processor.py:925} INFO - DAG(s) 'example_display_name' retrieved from /home/airflow/.local/lib/python3.12/site-packages/airflow/example_dags/example_display_name.py
[2025-03-14T22:01:59.597+0000] {logging_mixin.py:190} INFO - [2025-03-14T22:01:59.597+0000] {dag.py:3239} INFO - Sync 1 DAGs
[2025-03-14T22:01:59.603+0000] {logging_mixin.py:190} INFO - [2025-03-14T22:01:59.603+0000] {dag.py:4180} INFO - Setting next_dagrun for example_display_name to None, run_after=None
[2025-03-14T22:01:59.610+0000] {processor.py:208} INFO - Processing /home/airflow/.local/lib/python3.12/site-packages/airflow/example_dags/example_display_name.py took 0.033 seconds
[2025-03-14T22:02:31.190+0000] {processor.py:186} INFO - Started process (PID=1354) to work on /home/airflow/.local/lib/python3.12/site-packages/airflow/example_dags/example_display_name.py
[2025-03-14T22:02:31.192+0000] {processor.py:914} INFO - Processing file /home/airflow/.local/lib/python3.12/site-packages/airflow/example_dags/example_display_name.py for tasks to queue
[2025-03-14T22:02:31.193+0000] {logging_mixin.py:190} INFO - [2025-03-14T22:02:31.193+0000] {dagbag.py:588} INFO - Filling up the DagBag from /home/airflow/.local/lib/python3.12/site-packages/airflow/example_dags/example_display_name.py
[2025-03-14T22:02:31.202+0000] {processor.py:925} INFO - DAG(s) 'example_display_name' retrieved from /home/airflow/.local/lib/python3.12/site-packages/airflow/example_dags/example_display_name.py
[2025-03-14T22:02:31.219+0000] {logging_mixin.py:190} INFO - [2025-03-14T22:02:31.218+0000] {dag.py:3239} INFO - Sync 1 DAGs
[2025-03-14T22:02:31.227+0000] {logging_mixin.py:190} INFO - [2025-03-14T22:02:31.227+0000] {dag.py:4180} INFO - Setting next_dagrun for example_display_name to None, run_after=None
[2025-03-14T22:02:31.236+0000] {processor.py:208} INFO - Processing /home/airflow/.local/lib/python3.12/site-packages/airflow/example_dags/example_display_name.py took 0.050 seconds
[2025-03-14T22:03:02.760+0000] {processor.py:186} INFO - Started process (PID=1416) to work on /home/airflow/.local/lib/python3.12/site-packages/airflow/example_dags/example_display_name.py
[2025-03-14T22:03:02.761+0000] {processor.py:914} INFO - Processing file /home/airflow/.local/lib/python3.12/site-packages/airflow/example_dags/example_display_name.py for tasks to queue
[2025-03-14T22:03:02.763+0000] {logging_mixin.py:190} INFO - [2025-03-14T22:03:02.763+0000] {dagbag.py:588} INFO - Filling up the DagBag from /home/airflow/.local/lib/python3.12/site-packages/airflow/example_dags/example_display_name.py
[2025-03-14T22:03:02.773+0000] {processor.py:925} INFO - DAG(s) 'example_display_name' retrieved from /home/airflow/.local/lib/python3.12/site-packages/airflow/example_dags/example_display_name.py
[2025-03-14T22:03:02.811+0000] {logging_mixin.py:190} INFO - [2025-03-14T22:03:02.811+0000] {dag.py:3239} INFO - Sync 1 DAGs
[2025-03-14T22:03:02.828+0000] {logging_mixin.py:190} INFO - [2025-03-14T22:03:02.828+0000] {dag.py:4180} INFO - Setting next_dagrun for example_display_name to None, run_after=None
[2025-03-14T22:03:02.851+0000] {processor.py:208} INFO - Processing /home/airflow/.local/lib/python3.12/site-packages/airflow/example_dags/example_display_name.py took 0.095 seconds
[2025-03-14T22:03:33.972+0000] {processor.py:186} INFO - Started process (PID=1479) to work on /home/airflow/.local/lib/python3.12/site-packages/airflow/example_dags/example_display_name.py
[2025-03-14T22:03:33.973+0000] {processor.py:914} INFO - Processing file /home/airflow/.local/lib/python3.12/site-packages/airflow/example_dags/example_display_name.py for tasks to queue
[2025-03-14T22:03:33.974+0000] {logging_mixin.py:190} INFO - [2025-03-14T22:03:33.974+0000] {dagbag.py:588} INFO - Filling up the DagBag from /home/airflow/.local/lib/python3.12/site-packages/airflow/example_dags/example_display_name.py
[2025-03-14T22:03:33.979+0000] {processor.py:925} INFO - DAG(s) 'example_display_name' retrieved from /home/airflow/.local/lib/python3.12/site-packages/airflow/example_dags/example_display_name.py
[2025-03-14T22:03:33.989+0000] {logging_mixin.py:190} INFO - [2025-03-14T22:03:33.989+0000] {dag.py:3239} INFO - Sync 1 DAGs
[2025-03-14T22:03:34.000+0000] {logging_mixin.py:190} INFO - [2025-03-14T22:03:34.000+0000] {dag.py:4180} INFO - Setting next_dagrun for example_display_name to None, run_after=None
[2025-03-14T22:03:34.009+0000] {processor.py:208} INFO - Processing /home/airflow/.local/lib/python3.12/site-packages/airflow/example_dags/example_display_name.py took 0.040 seconds
[2025-03-14T22:04:05.823+0000] {processor.py:186} INFO - Started process (PID=1542) to work on /home/airflow/.local/lib/python3.12/site-packages/airflow/example_dags/example_display_name.py
[2025-03-14T22:04:05.827+0000] {processor.py:914} INFO - Processing file /home/airflow/.local/lib/python3.12/site-packages/airflow/example_dags/example_display_name.py for tasks to queue
[2025-03-14T22:04:05.828+0000] {logging_mixin.py:190} INFO - [2025-03-14T22:04:05.828+0000] {dagbag.py:588} INFO - Filling up the DagBag from /home/airflow/.local/lib/python3.12/site-packages/airflow/example_dags/example_display_name.py
[2025-03-14T22:04:05.833+0000] {processor.py:925} INFO - DAG(s) 'example_display_name' retrieved from /home/airflow/.local/lib/python3.12/site-packages/airflow/example_dags/example_display_name.py
[2025-03-14T22:04:05.849+0000] {logging_mixin.py:190} INFO - [2025-03-14T22:04:05.849+0000] {dag.py:3239} INFO - Sync 1 DAGs
[2025-03-14T22:04:05.870+0000] {logging_mixin.py:190} INFO - [2025-03-14T22:04:05.869+0000] {dag.py:4180} INFO - Setting next_dagrun for example_display_name to None, run_after=None
[2025-03-14T22:04:05.882+0000] {processor.py:208} INFO - Processing /home/airflow/.local/lib/python3.12/site-packages/airflow/example_dags/example_display_name.py took 0.063 seconds
