[2025-03-14T21:35:06.137+0000] {processor.py:186} INFO - Started process (PID=82) to work on /home/airflow/.local/lib/python3.12/site-packages/airflow/example_dags/example_nested_branch_dag.py
[2025-03-14T21:35:06.139+0000] {processor.py:914} INFO - Processing file /home/airflow/.local/lib/python3.12/site-packages/airflow/example_dags/example_nested_branch_dag.py for tasks to queue
[2025-03-14T21:35:06.144+0000] {logging_mixin.py:190} INFO - [2025-03-14T21:35:06.143+0000] {dagbag.py:588} INFO - Filling up the DagBag from /home/airflow/.local/lib/python3.12/site-packages/airflow/example_dags/example_nested_branch_dag.py
[2025-03-14T21:35:06.156+0000] {processor.py:925} INFO - DAG(s) 'example_nested_branch_dag' retrieved from /home/airflow/.local/lib/python3.12/site-packages/airflow/example_dags/example_nested_branch_dag.py
[2025-03-14T21:35:06.287+0000] {logging_mixin.py:190} INFO - [2025-03-14T21:35:06.280+0000] {override.py:1912} INFO - Created Permission View: can edit on DAG:example_nested_branch_dag
[2025-03-14T21:35:06.332+0000] {logging_mixin.py:190} INFO - [2025-03-14T21:35:06.331+0000] {override.py:1912} INFO - Created Permission View: can delete on DAG:example_nested_branch_dag
[2025-03-14T21:35:06.336+0000] {logging_mixin.py:190} INFO - [2025-03-14T21:35:06.335+0000] {override.py:1912} INFO - Created Permission View: can read on DAG:example_nested_branch_dag
[2025-03-14T21:35:06.341+0000] {logging_mixin.py:190} INFO - [2025-03-14T21:35:06.341+0000] {override.py:1912} INFO - Created Permission View: menu access on DAG Run:example_nested_branch_dag
[2025-03-14T21:35:06.346+0000] {logging_mixin.py:190} INFO - [2025-03-14T21:35:06.346+0000] {override.py:1912} INFO - Created Permission View: can create on DAG Run:example_nested_branch_dag
[2025-03-14T21:35:06.350+0000] {logging_mixin.py:190} INFO - [2025-03-14T21:35:06.350+0000] {override.py:1912} INFO - Created Permission View: can delete on DAG Run:example_nested_branch_dag
[2025-03-14T21:35:06.355+0000] {logging_mixin.py:190} INFO - [2025-03-14T21:35:06.355+0000] {override.py:1912} INFO - Created Permission View: can read on DAG Run:example_nested_branch_dag
[2025-03-14T21:35:06.356+0000] {logging_mixin.py:190} INFO - [2025-03-14T21:35:06.356+0000] {dag.py:3239} INFO - Sync 1 DAGs
[2025-03-14T21:35:06.366+0000] {logging_mixin.py:190} INFO - [2025-03-14T21:35:06.366+0000] {dag.py:3262} INFO - Creating ORM DAG for example_nested_branch_dag
[2025-03-14T21:35:06.384+0000] {logging_mixin.py:190} INFO - [2025-03-14T21:35:06.384+0000] {dag.py:4180} INFO - Setting next_dagrun for example_nested_branch_dag to 2025-03-13 00:00:00+00:00, run_after=2025-03-14 00:00:00+00:00
[2025-03-14T21:35:06.406+0000] {processor.py:208} INFO - Processing /home/airflow/.local/lib/python3.12/site-packages/airflow/example_dags/example_nested_branch_dag.py took 0.273 seconds
[2025-03-14T21:35:39.452+0000] {processor.py:186} INFO - Started process (PID=145) to work on /home/airflow/.local/lib/python3.12/site-packages/airflow/example_dags/example_nested_branch_dag.py
[2025-03-14T21:35:39.453+0000] {processor.py:914} INFO - Processing file /home/airflow/.local/lib/python3.12/site-packages/airflow/example_dags/example_nested_branch_dag.py for tasks to queue
[2025-03-14T21:35:39.454+0000] {logging_mixin.py:190} INFO - [2025-03-14T21:35:39.454+0000] {dagbag.py:588} INFO - Filling up the DagBag from /home/airflow/.local/lib/python3.12/site-packages/airflow/example_dags/example_nested_branch_dag.py
[2025-03-14T21:35:39.471+0000] {processor.py:925} INFO - DAG(s) 'example_nested_branch_dag' retrieved from /home/airflow/.local/lib/python3.12/site-packages/airflow/example_dags/example_nested_branch_dag.py
[2025-03-14T21:35:39.489+0000] {logging_mixin.py:190} INFO - [2025-03-14T21:35:39.489+0000] {dag.py:3239} INFO - Sync 1 DAGs
[2025-03-14T21:35:39.509+0000] {logging_mixin.py:190} INFO - [2025-03-14T21:35:39.509+0000] {dag.py:4180} INFO - Setting next_dagrun for example_nested_branch_dag to 2025-03-13 00:00:00+00:00, run_after=2025-03-14 00:00:00+00:00
[2025-03-14T21:35:39.522+0000] {processor.py:208} INFO - Processing /home/airflow/.local/lib/python3.12/site-packages/airflow/example_dags/example_nested_branch_dag.py took 0.075 seconds
[2025-03-14T21:36:10.361+0000] {processor.py:186} INFO - Started process (PID=208) to work on /home/airflow/.local/lib/python3.12/site-packages/airflow/example_dags/example_nested_branch_dag.py
[2025-03-14T21:36:10.363+0000] {processor.py:914} INFO - Processing file /home/airflow/.local/lib/python3.12/site-packages/airflow/example_dags/example_nested_branch_dag.py for tasks to queue
[2025-03-14T21:36:10.368+0000] {logging_mixin.py:190} INFO - [2025-03-14T21:36:10.368+0000] {dagbag.py:588} INFO - Filling up the DagBag from /home/airflow/.local/lib/python3.12/site-packages/airflow/example_dags/example_nested_branch_dag.py
[2025-03-14T21:36:10.381+0000] {processor.py:925} INFO - DAG(s) 'example_nested_branch_dag' retrieved from /home/airflow/.local/lib/python3.12/site-packages/airflow/example_dags/example_nested_branch_dag.py
[2025-03-14T21:36:10.399+0000] {logging_mixin.py:190} INFO - [2025-03-14T21:36:10.399+0000] {dag.py:3239} INFO - Sync 1 DAGs
[2025-03-14T21:36:10.416+0000] {logging_mixin.py:190} INFO - [2025-03-14T21:36:10.415+0000] {dag.py:4180} INFO - Setting next_dagrun for example_nested_branch_dag to 2025-03-13 00:00:00+00:00, run_after=2025-03-14 00:00:00+00:00
[2025-03-14T21:36:10.424+0000] {processor.py:208} INFO - Processing /home/airflow/.local/lib/python3.12/site-packages/airflow/example_dags/example_nested_branch_dag.py took 0.066 seconds
[2025-03-14T21:36:42.360+0000] {processor.py:186} INFO - Started process (PID=270) to work on /home/airflow/.local/lib/python3.12/site-packages/airflow/example_dags/example_nested_branch_dag.py
[2025-03-14T21:36:42.361+0000] {processor.py:914} INFO - Processing file /home/airflow/.local/lib/python3.12/site-packages/airflow/example_dags/example_nested_branch_dag.py for tasks to queue
[2025-03-14T21:36:42.362+0000] {logging_mixin.py:190} INFO - [2025-03-14T21:36:42.362+0000] {dagbag.py:588} INFO - Filling up the DagBag from /home/airflow/.local/lib/python3.12/site-packages/airflow/example_dags/example_nested_branch_dag.py
[2025-03-14T21:36:42.369+0000] {processor.py:925} INFO - DAG(s) 'example_nested_branch_dag' retrieved from /home/airflow/.local/lib/python3.12/site-packages/airflow/example_dags/example_nested_branch_dag.py
[2025-03-14T21:36:42.381+0000] {logging_mixin.py:190} INFO - [2025-03-14T21:36:42.381+0000] {dag.py:3239} INFO - Sync 1 DAGs
[2025-03-14T21:36:42.392+0000] {logging_mixin.py:190} INFO - [2025-03-14T21:36:42.391+0000] {dag.py:4180} INFO - Setting next_dagrun for example_nested_branch_dag to 2025-03-13 00:00:00+00:00, run_after=2025-03-14 00:00:00+00:00
[2025-03-14T21:36:42.398+0000] {processor.py:208} INFO - Processing /home/airflow/.local/lib/python3.12/site-packages/airflow/example_dags/example_nested_branch_dag.py took 0.042 seconds
[2025-03-14T21:37:13.309+0000] {processor.py:186} INFO - Started process (PID=333) to work on /home/airflow/.local/lib/python3.12/site-packages/airflow/example_dags/example_nested_branch_dag.py
[2025-03-14T21:37:13.309+0000] {processor.py:914} INFO - Processing file /home/airflow/.local/lib/python3.12/site-packages/airflow/example_dags/example_nested_branch_dag.py for tasks to queue
[2025-03-14T21:37:13.311+0000] {logging_mixin.py:190} INFO - [2025-03-14T21:37:13.310+0000] {dagbag.py:588} INFO - Filling up the DagBag from /home/airflow/.local/lib/python3.12/site-packages/airflow/example_dags/example_nested_branch_dag.py
[2025-03-14T21:37:13.320+0000] {processor.py:925} INFO - DAG(s) 'example_nested_branch_dag' retrieved from /home/airflow/.local/lib/python3.12/site-packages/airflow/example_dags/example_nested_branch_dag.py
[2025-03-14T21:37:13.345+0000] {logging_mixin.py:190} INFO - [2025-03-14T21:37:13.345+0000] {dag.py:3239} INFO - Sync 1 DAGs
[2025-03-14T21:37:13.375+0000] {logging_mixin.py:190} INFO - [2025-03-14T21:37:13.375+0000] {dag.py:4180} INFO - Setting next_dagrun for example_nested_branch_dag to 2025-03-13 00:00:00+00:00, run_after=2025-03-14 00:00:00+00:00
[2025-03-14T21:37:13.385+0000] {processor.py:208} INFO - Processing /home/airflow/.local/lib/python3.12/site-packages/airflow/example_dags/example_nested_branch_dag.py took 0.081 seconds
[2025-03-14T21:37:44.971+0000] {processor.py:186} INFO - Started process (PID=396) to work on /home/airflow/.local/lib/python3.12/site-packages/airflow/example_dags/example_nested_branch_dag.py
[2025-03-14T21:37:44.971+0000] {processor.py:914} INFO - Processing file /home/airflow/.local/lib/python3.12/site-packages/airflow/example_dags/example_nested_branch_dag.py for tasks to queue
[2025-03-14T21:37:44.974+0000] {logging_mixin.py:190} INFO - [2025-03-14T21:37:44.973+0000] {dagbag.py:588} INFO - Filling up the DagBag from /home/airflow/.local/lib/python3.12/site-packages/airflow/example_dags/example_nested_branch_dag.py
[2025-03-14T21:37:44.991+0000] {processor.py:925} INFO - DAG(s) 'example_nested_branch_dag' retrieved from /home/airflow/.local/lib/python3.12/site-packages/airflow/example_dags/example_nested_branch_dag.py
[2025-03-14T21:37:45.009+0000] {logging_mixin.py:190} INFO - [2025-03-14T21:37:45.009+0000] {dag.py:3239} INFO - Sync 1 DAGs
[2025-03-14T21:37:45.042+0000] {logging_mixin.py:190} INFO - [2025-03-14T21:37:45.042+0000] {dag.py:4180} INFO - Setting next_dagrun for example_nested_branch_dag to 2025-03-13 00:00:00+00:00, run_after=2025-03-14 00:00:00+00:00
[2025-03-14T21:37:45.053+0000] {processor.py:208} INFO - Processing /home/airflow/.local/lib/python3.12/site-packages/airflow/example_dags/example_nested_branch_dag.py took 0.086 seconds
[2025-03-14T21:38:16.279+0000] {processor.py:186} INFO - Started process (PID=458) to work on /home/airflow/.local/lib/python3.12/site-packages/airflow/example_dags/example_nested_branch_dag.py
[2025-03-14T21:38:16.280+0000] {processor.py:914} INFO - Processing file /home/airflow/.local/lib/python3.12/site-packages/airflow/example_dags/example_nested_branch_dag.py for tasks to queue
[2025-03-14T21:38:16.283+0000] {logging_mixin.py:190} INFO - [2025-03-14T21:38:16.282+0000] {dagbag.py:588} INFO - Filling up the DagBag from /home/airflow/.local/lib/python3.12/site-packages/airflow/example_dags/example_nested_branch_dag.py
[2025-03-14T21:38:16.294+0000] {processor.py:925} INFO - DAG(s) 'example_nested_branch_dag' retrieved from /home/airflow/.local/lib/python3.12/site-packages/airflow/example_dags/example_nested_branch_dag.py
[2025-03-14T21:38:16.308+0000] {logging_mixin.py:190} INFO - [2025-03-14T21:38:16.307+0000] {dag.py:3239} INFO - Sync 1 DAGs
[2025-03-14T21:38:16.323+0000] {logging_mixin.py:190} INFO - [2025-03-14T21:38:16.322+0000] {dag.py:4180} INFO - Setting next_dagrun for example_nested_branch_dag to 2025-03-13 00:00:00+00:00, run_after=2025-03-14 00:00:00+00:00
[2025-03-14T21:38:16.334+0000] {processor.py:208} INFO - Processing /home/airflow/.local/lib/python3.12/site-packages/airflow/example_dags/example_nested_branch_dag.py took 0.061 seconds
[2025-03-14T21:38:47.475+0000] {processor.py:186} INFO - Started process (PID=521) to work on /home/airflow/.local/lib/python3.12/site-packages/airflow/example_dags/example_nested_branch_dag.py
[2025-03-14T21:38:47.476+0000] {processor.py:914} INFO - Processing file /home/airflow/.local/lib/python3.12/site-packages/airflow/example_dags/example_nested_branch_dag.py for tasks to queue
[2025-03-14T21:38:47.477+0000] {logging_mixin.py:190} INFO - [2025-03-14T21:38:47.477+0000] {dagbag.py:588} INFO - Filling up the DagBag from /home/airflow/.local/lib/python3.12/site-packages/airflow/example_dags/example_nested_branch_dag.py
[2025-03-14T21:38:47.483+0000] {processor.py:925} INFO - DAG(s) 'example_nested_branch_dag' retrieved from /home/airflow/.local/lib/python3.12/site-packages/airflow/example_dags/example_nested_branch_dag.py
[2025-03-14T21:38:47.496+0000] {logging_mixin.py:190} INFO - [2025-03-14T21:38:47.496+0000] {dag.py:3239} INFO - Sync 1 DAGs
[2025-03-14T21:38:47.507+0000] {logging_mixin.py:190} INFO - [2025-03-14T21:38:47.507+0000] {dag.py:4180} INFO - Setting next_dagrun for example_nested_branch_dag to 2025-03-13 00:00:00+00:00, run_after=2025-03-14 00:00:00+00:00
[2025-03-14T21:38:47.514+0000] {processor.py:208} INFO - Processing /home/airflow/.local/lib/python3.12/site-packages/airflow/example_dags/example_nested_branch_dag.py took 0.042 seconds
[2025-03-14T21:39:19.041+0000] {processor.py:186} INFO - Started process (PID=584) to work on /home/airflow/.local/lib/python3.12/site-packages/airflow/example_dags/example_nested_branch_dag.py
[2025-03-14T21:39:19.042+0000] {processor.py:914} INFO - Processing file /home/airflow/.local/lib/python3.12/site-packages/airflow/example_dags/example_nested_branch_dag.py for tasks to queue
[2025-03-14T21:39:19.043+0000] {logging_mixin.py:190} INFO - [2025-03-14T21:39:19.043+0000] {dagbag.py:588} INFO - Filling up the DagBag from /home/airflow/.local/lib/python3.12/site-packages/airflow/example_dags/example_nested_branch_dag.py
[2025-03-14T21:39:19.058+0000] {processor.py:925} INFO - DAG(s) 'example_nested_branch_dag' retrieved from /home/airflow/.local/lib/python3.12/site-packages/airflow/example_dags/example_nested_branch_dag.py
[2025-03-14T21:39:19.078+0000] {logging_mixin.py:190} INFO - [2025-03-14T21:39:19.077+0000] {dag.py:3239} INFO - Sync 1 DAGs
[2025-03-14T21:39:19.099+0000] {logging_mixin.py:190} INFO - [2025-03-14T21:39:19.098+0000] {dag.py:4180} INFO - Setting next_dagrun for example_nested_branch_dag to 2025-03-13 00:00:00+00:00, run_after=2025-03-14 00:00:00+00:00
[2025-03-14T21:39:19.111+0000] {processor.py:208} INFO - Processing /home/airflow/.local/lib/python3.12/site-packages/airflow/example_dags/example_nested_branch_dag.py took 0.074 seconds
[2025-03-14T21:44:13.033+0000] {processor.py:186} INFO - Started process (PID=91) to work on /home/airflow/.local/lib/python3.12/site-packages/airflow/example_dags/example_nested_branch_dag.py
[2025-03-14T21:44:13.038+0000] {processor.py:914} INFO - Processing file /home/airflow/.local/lib/python3.12/site-packages/airflow/example_dags/example_nested_branch_dag.py for tasks to queue
[2025-03-14T21:44:13.042+0000] {logging_mixin.py:190} INFO - [2025-03-14T21:44:13.041+0000] {dagbag.py:588} INFO - Filling up the DagBag from /home/airflow/.local/lib/python3.12/site-packages/airflow/example_dags/example_nested_branch_dag.py
[2025-03-14T21:44:13.076+0000] {processor.py:925} INFO - DAG(s) 'example_nested_branch_dag' retrieved from /home/airflow/.local/lib/python3.12/site-packages/airflow/example_dags/example_nested_branch_dag.py
[2025-03-14T21:44:13.164+0000] {logging_mixin.py:190} INFO - [2025-03-14T21:44:13.164+0000] {dag.py:3239} INFO - Sync 1 DAGs
[2025-03-14T21:44:13.217+0000] {logging_mixin.py:190} INFO - [2025-03-14T21:44:13.215+0000] {dag.py:4180} INFO - Setting next_dagrun for example_nested_branch_dag to 2025-03-13 00:00:00+00:00, run_after=2025-03-14 00:00:00+00:00
[2025-03-14T21:44:13.245+0000] {processor.py:208} INFO - Processing /home/airflow/.local/lib/python3.12/site-packages/airflow/example_dags/example_nested_branch_dag.py took 0.222 seconds
[2025-03-14T21:44:48.079+0000] {processor.py:186} INFO - Started process (PID=153) to work on /home/airflow/.local/lib/python3.12/site-packages/airflow/example_dags/example_nested_branch_dag.py
[2025-03-14T21:44:48.091+0000] {processor.py:914} INFO - Processing file /home/airflow/.local/lib/python3.12/site-packages/airflow/example_dags/example_nested_branch_dag.py for tasks to queue
[2025-03-14T21:44:48.095+0000] {logging_mixin.py:190} INFO - [2025-03-14T21:44:48.095+0000] {dagbag.py:588} INFO - Filling up the DagBag from /home/airflow/.local/lib/python3.12/site-packages/airflow/example_dags/example_nested_branch_dag.py
[2025-03-14T21:44:48.162+0000] {processor.py:925} INFO - DAG(s) 'example_nested_branch_dag' retrieved from /home/airflow/.local/lib/python3.12/site-packages/airflow/example_dags/example_nested_branch_dag.py
[2025-03-14T21:44:48.313+0000] {logging_mixin.py:190} INFO - [2025-03-14T21:44:48.313+0000] {dag.py:3239} INFO - Sync 1 DAGs
[2025-03-14T21:44:48.364+0000] {logging_mixin.py:190} INFO - [2025-03-14T21:44:48.364+0000] {dag.py:4180} INFO - Setting next_dagrun for example_nested_branch_dag to 2025-03-13 00:00:00+00:00, run_after=2025-03-14 00:00:00+00:00
[2025-03-14T21:44:48.379+0000] {processor.py:208} INFO - Processing /home/airflow/.local/lib/python3.12/site-packages/airflow/example_dags/example_nested_branch_dag.py took 0.329 seconds
[2025-03-14T21:45:21.051+0000] {processor.py:186} INFO - Started process (PID=216) to work on /home/airflow/.local/lib/python3.12/site-packages/airflow/example_dags/example_nested_branch_dag.py
[2025-03-14T21:45:21.054+0000] {processor.py:914} INFO - Processing file /home/airflow/.local/lib/python3.12/site-packages/airflow/example_dags/example_nested_branch_dag.py for tasks to queue
[2025-03-14T21:45:21.057+0000] {logging_mixin.py:190} INFO - [2025-03-14T21:45:21.057+0000] {dagbag.py:588} INFO - Filling up the DagBag from /home/airflow/.local/lib/python3.12/site-packages/airflow/example_dags/example_nested_branch_dag.py
[2025-03-14T21:45:21.071+0000] {processor.py:925} INFO - DAG(s) 'example_nested_branch_dag' retrieved from /home/airflow/.local/lib/python3.12/site-packages/airflow/example_dags/example_nested_branch_dag.py
[2025-03-14T21:45:21.092+0000] {logging_mixin.py:190} INFO - [2025-03-14T21:45:21.092+0000] {dag.py:3239} INFO - Sync 1 DAGs
[2025-03-14T21:45:21.118+0000] {logging_mixin.py:190} INFO - [2025-03-14T21:45:21.117+0000] {dag.py:4180} INFO - Setting next_dagrun for example_nested_branch_dag to 2025-03-13 00:00:00+00:00, run_after=2025-03-14 00:00:00+00:00
[2025-03-14T21:45:21.139+0000] {processor.py:208} INFO - Processing /home/airflow/.local/lib/python3.12/site-packages/airflow/example_dags/example_nested_branch_dag.py took 0.102 seconds
[2025-03-14T21:45:55.159+0000] {processor.py:186} INFO - Started process (PID=279) to work on /home/airflow/.local/lib/python3.12/site-packages/airflow/example_dags/example_nested_branch_dag.py
[2025-03-14T21:45:55.162+0000] {processor.py:914} INFO - Processing file /home/airflow/.local/lib/python3.12/site-packages/airflow/example_dags/example_nested_branch_dag.py for tasks to queue
[2025-03-14T21:45:55.163+0000] {logging_mixin.py:190} INFO - [2025-03-14T21:45:55.163+0000] {dagbag.py:588} INFO - Filling up the DagBag from /home/airflow/.local/lib/python3.12/site-packages/airflow/example_dags/example_nested_branch_dag.py
[2025-03-14T21:45:55.172+0000] {processor.py:925} INFO - DAG(s) 'example_nested_branch_dag' retrieved from /home/airflow/.local/lib/python3.12/site-packages/airflow/example_dags/example_nested_branch_dag.py
[2025-03-14T21:45:55.183+0000] {logging_mixin.py:190} INFO - [2025-03-14T21:45:55.183+0000] {dag.py:3239} INFO - Sync 1 DAGs
[2025-03-14T21:45:55.203+0000] {logging_mixin.py:190} INFO - [2025-03-14T21:45:55.203+0000] {dag.py:4180} INFO - Setting next_dagrun for example_nested_branch_dag to 2025-03-13 00:00:00+00:00, run_after=2025-03-14 00:00:00+00:00
[2025-03-14T21:45:55.214+0000] {processor.py:208} INFO - Processing /home/airflow/.local/lib/python3.12/site-packages/airflow/example_dags/example_nested_branch_dag.py took 0.060 seconds
[2025-03-14T21:46:28.517+0000] {processor.py:186} INFO - Started process (PID=348) to work on /home/airflow/.local/lib/python3.12/site-packages/airflow/example_dags/example_nested_branch_dag.py
[2025-03-14T21:46:28.520+0000] {processor.py:914} INFO - Processing file /home/airflow/.local/lib/python3.12/site-packages/airflow/example_dags/example_nested_branch_dag.py for tasks to queue
[2025-03-14T21:46:28.528+0000] {logging_mixin.py:190} INFO - [2025-03-14T21:46:28.526+0000] {dagbag.py:588} INFO - Filling up the DagBag from /home/airflow/.local/lib/python3.12/site-packages/airflow/example_dags/example_nested_branch_dag.py
[2025-03-14T21:46:28.553+0000] {processor.py:925} INFO - DAG(s) 'example_nested_branch_dag' retrieved from /home/airflow/.local/lib/python3.12/site-packages/airflow/example_dags/example_nested_branch_dag.py
[2025-03-14T21:46:28.600+0000] {logging_mixin.py:190} INFO - [2025-03-14T21:46:28.600+0000] {dag.py:3239} INFO - Sync 1 DAGs
[2025-03-14T21:46:28.633+0000] {logging_mixin.py:190} INFO - [2025-03-14T21:46:28.632+0000] {dag.py:4180} INFO - Setting next_dagrun for example_nested_branch_dag to 2025-03-13 00:00:00+00:00, run_after=2025-03-14 00:00:00+00:00
[2025-03-14T21:46:28.648+0000] {processor.py:208} INFO - Processing /home/airflow/.local/lib/python3.12/site-packages/airflow/example_dags/example_nested_branch_dag.py took 0.145 seconds
[2025-03-14T21:52:06.266+0000] {processor.py:186} INFO - Started process (PID=83) to work on /home/airflow/.local/lib/python3.12/site-packages/airflow/example_dags/example_nested_branch_dag.py
[2025-03-14T21:52:06.270+0000] {processor.py:914} INFO - Processing file /home/airflow/.local/lib/python3.12/site-packages/airflow/example_dags/example_nested_branch_dag.py for tasks to queue
[2025-03-14T21:52:06.275+0000] {logging_mixin.py:190} INFO - [2025-03-14T21:52:06.275+0000] {dagbag.py:588} INFO - Filling up the DagBag from /home/airflow/.local/lib/python3.12/site-packages/airflow/example_dags/example_nested_branch_dag.py
[2025-03-14T21:52:06.335+0000] {processor.py:925} INFO - DAG(s) 'example_nested_branch_dag' retrieved from /home/airflow/.local/lib/python3.12/site-packages/airflow/example_dags/example_nested_branch_dag.py
[2025-03-14T21:52:06.393+0000] {logging_mixin.py:190} INFO - [2025-03-14T21:52:06.390+0000] {dag.py:3239} INFO - Sync 1 DAGs
[2025-03-14T21:52:06.456+0000] {logging_mixin.py:190} INFO - [2025-03-14T21:52:06.455+0000] {dag.py:4180} INFO - Setting next_dagrun for example_nested_branch_dag to 2025-03-13 00:00:00+00:00, run_after=2025-03-14 00:00:00+00:00
[2025-03-14T21:52:06.485+0000] {processor.py:208} INFO - Processing /home/airflow/.local/lib/python3.12/site-packages/airflow/example_dags/example_nested_branch_dag.py took 0.225 seconds
[2025-03-14T21:52:37.753+0000] {processor.py:186} INFO - Started process (PID=146) to work on /home/airflow/.local/lib/python3.12/site-packages/airflow/example_dags/example_nested_branch_dag.py
[2025-03-14T21:52:37.756+0000] {processor.py:914} INFO - Processing file /home/airflow/.local/lib/python3.12/site-packages/airflow/example_dags/example_nested_branch_dag.py for tasks to queue
[2025-03-14T21:52:37.759+0000] {logging_mixin.py:190} INFO - [2025-03-14T21:52:37.758+0000] {dagbag.py:588} INFO - Filling up the DagBag from /home/airflow/.local/lib/python3.12/site-packages/airflow/example_dags/example_nested_branch_dag.py
[2025-03-14T21:52:37.769+0000] {processor.py:925} INFO - DAG(s) 'example_nested_branch_dag' retrieved from /home/airflow/.local/lib/python3.12/site-packages/airflow/example_dags/example_nested_branch_dag.py
[2025-03-14T21:52:37.781+0000] {logging_mixin.py:190} INFO - [2025-03-14T21:52:37.781+0000] {dag.py:3239} INFO - Sync 1 DAGs
[2025-03-14T21:52:37.796+0000] {logging_mixin.py:190} INFO - [2025-03-14T21:52:37.796+0000] {dag.py:4180} INFO - Setting next_dagrun for example_nested_branch_dag to 2025-03-13 00:00:00+00:00, run_after=2025-03-14 00:00:00+00:00
[2025-03-14T21:52:37.806+0000] {processor.py:208} INFO - Processing /home/airflow/.local/lib/python3.12/site-packages/airflow/example_dags/example_nested_branch_dag.py took 0.059 seconds
[2025-03-14T21:53:09.144+0000] {processor.py:186} INFO - Started process (PID=209) to work on /home/airflow/.local/lib/python3.12/site-packages/airflow/example_dags/example_nested_branch_dag.py
[2025-03-14T21:53:09.146+0000] {processor.py:914} INFO - Processing file /home/airflow/.local/lib/python3.12/site-packages/airflow/example_dags/example_nested_branch_dag.py for tasks to queue
[2025-03-14T21:53:09.151+0000] {logging_mixin.py:190} INFO - [2025-03-14T21:53:09.150+0000] {dagbag.py:588} INFO - Filling up the DagBag from /home/airflow/.local/lib/python3.12/site-packages/airflow/example_dags/example_nested_branch_dag.py
[2025-03-14T21:53:09.174+0000] {processor.py:925} INFO - DAG(s) 'example_nested_branch_dag' retrieved from /home/airflow/.local/lib/python3.12/site-packages/airflow/example_dags/example_nested_branch_dag.py
[2025-03-14T21:53:09.192+0000] {logging_mixin.py:190} INFO - [2025-03-14T21:53:09.192+0000] {dag.py:3239} INFO - Sync 1 DAGs
[2025-03-14T21:53:09.222+0000] {logging_mixin.py:190} INFO - [2025-03-14T21:53:09.222+0000] {dag.py:4180} INFO - Setting next_dagrun for example_nested_branch_dag to 2025-03-13 00:00:00+00:00, run_after=2025-03-14 00:00:00+00:00
[2025-03-14T21:53:09.231+0000] {processor.py:208} INFO - Processing /home/airflow/.local/lib/python3.12/site-packages/airflow/example_dags/example_nested_branch_dag.py took 0.095 seconds
[2025-03-14T21:53:40.814+0000] {processor.py:186} INFO - Started process (PID=272) to work on /home/airflow/.local/lib/python3.12/site-packages/airflow/example_dags/example_nested_branch_dag.py
[2025-03-14T21:53:40.817+0000] {processor.py:914} INFO - Processing file /home/airflow/.local/lib/python3.12/site-packages/airflow/example_dags/example_nested_branch_dag.py for tasks to queue
[2025-03-14T21:53:40.822+0000] {logging_mixin.py:190} INFO - [2025-03-14T21:53:40.821+0000] {dagbag.py:588} INFO - Filling up the DagBag from /home/airflow/.local/lib/python3.12/site-packages/airflow/example_dags/example_nested_branch_dag.py
[2025-03-14T21:53:40.830+0000] {processor.py:925} INFO - DAG(s) 'example_nested_branch_dag' retrieved from /home/airflow/.local/lib/python3.12/site-packages/airflow/example_dags/example_nested_branch_dag.py
[2025-03-14T21:53:40.845+0000] {logging_mixin.py:190} INFO - [2025-03-14T21:53:40.845+0000] {dag.py:3239} INFO - Sync 1 DAGs
[2025-03-14T21:53:40.861+0000] {logging_mixin.py:190} INFO - [2025-03-14T21:53:40.860+0000] {dag.py:4180} INFO - Setting next_dagrun for example_nested_branch_dag to 2025-03-13 00:00:00+00:00, run_after=2025-03-14 00:00:00+00:00
[2025-03-14T21:53:40.871+0000] {processor.py:208} INFO - Processing /home/airflow/.local/lib/python3.12/site-packages/airflow/example_dags/example_nested_branch_dag.py took 0.064 seconds
[2025-03-14T21:54:12.403+0000] {processor.py:186} INFO - Started process (PID=335) to work on /home/airflow/.local/lib/python3.12/site-packages/airflow/example_dags/example_nested_branch_dag.py
[2025-03-14T21:54:12.405+0000] {processor.py:914} INFO - Processing file /home/airflow/.local/lib/python3.12/site-packages/airflow/example_dags/example_nested_branch_dag.py for tasks to queue
[2025-03-14T21:54:12.407+0000] {logging_mixin.py:190} INFO - [2025-03-14T21:54:12.407+0000] {dagbag.py:588} INFO - Filling up the DagBag from /home/airflow/.local/lib/python3.12/site-packages/airflow/example_dags/example_nested_branch_dag.py
[2025-03-14T21:54:12.429+0000] {processor.py:925} INFO - DAG(s) 'example_nested_branch_dag' retrieved from /home/airflow/.local/lib/python3.12/site-packages/airflow/example_dags/example_nested_branch_dag.py
[2025-03-14T21:54:12.472+0000] {logging_mixin.py:190} INFO - [2025-03-14T21:54:12.471+0000] {dag.py:3239} INFO - Sync 1 DAGs
[2025-03-14T21:54:12.490+0000] {logging_mixin.py:190} INFO - [2025-03-14T21:54:12.489+0000] {dag.py:4180} INFO - Setting next_dagrun for example_nested_branch_dag to 2025-03-13 00:00:00+00:00, run_after=2025-03-14 00:00:00+00:00
[2025-03-14T21:54:12.499+0000] {processor.py:208} INFO - Processing /home/airflow/.local/lib/python3.12/site-packages/airflow/example_dags/example_nested_branch_dag.py took 0.100 seconds
[2025-03-14T21:54:43.700+0000] {processor.py:186} INFO - Started process (PID=398) to work on /home/airflow/.local/lib/python3.12/site-packages/airflow/example_dags/example_nested_branch_dag.py
[2025-03-14T21:54:43.701+0000] {processor.py:914} INFO - Processing file /home/airflow/.local/lib/python3.12/site-packages/airflow/example_dags/example_nested_branch_dag.py for tasks to queue
[2025-03-14T21:54:43.702+0000] {logging_mixin.py:190} INFO - [2025-03-14T21:54:43.702+0000] {dagbag.py:588} INFO - Filling up the DagBag from /home/airflow/.local/lib/python3.12/site-packages/airflow/example_dags/example_nested_branch_dag.py
[2025-03-14T21:54:43.709+0000] {processor.py:925} INFO - DAG(s) 'example_nested_branch_dag' retrieved from /home/airflow/.local/lib/python3.12/site-packages/airflow/example_dags/example_nested_branch_dag.py
[2025-03-14T21:54:43.734+0000] {logging_mixin.py:190} INFO - [2025-03-14T21:54:43.734+0000] {dag.py:3239} INFO - Sync 1 DAGs
[2025-03-14T21:54:43.752+0000] {logging_mixin.py:190} INFO - [2025-03-14T21:54:43.752+0000] {dag.py:4180} INFO - Setting next_dagrun for example_nested_branch_dag to 2025-03-13 00:00:00+00:00, run_after=2025-03-14 00:00:00+00:00
[2025-03-14T21:54:43.767+0000] {processor.py:208} INFO - Processing /home/airflow/.local/lib/python3.12/site-packages/airflow/example_dags/example_nested_branch_dag.py took 0.074 seconds
[2025-03-14T21:55:14.630+0000] {processor.py:186} INFO - Started process (PID=461) to work on /home/airflow/.local/lib/python3.12/site-packages/airflow/example_dags/example_nested_branch_dag.py
[2025-03-14T21:55:14.633+0000] {processor.py:914} INFO - Processing file /home/airflow/.local/lib/python3.12/site-packages/airflow/example_dags/example_nested_branch_dag.py for tasks to queue
[2025-03-14T21:55:14.636+0000] {logging_mixin.py:190} INFO - [2025-03-14T21:55:14.636+0000] {dagbag.py:588} INFO - Filling up the DagBag from /home/airflow/.local/lib/python3.12/site-packages/airflow/example_dags/example_nested_branch_dag.py
[2025-03-14T21:55:14.648+0000] {processor.py:925} INFO - DAG(s) 'example_nested_branch_dag' retrieved from /home/airflow/.local/lib/python3.12/site-packages/airflow/example_dags/example_nested_branch_dag.py
[2025-03-14T21:55:14.666+0000] {logging_mixin.py:190} INFO - [2025-03-14T21:55:14.666+0000] {dag.py:3239} INFO - Sync 1 DAGs
[2025-03-14T21:55:14.691+0000] {logging_mixin.py:190} INFO - [2025-03-14T21:55:14.691+0000] {dag.py:4180} INFO - Setting next_dagrun for example_nested_branch_dag to 2025-03-13 00:00:00+00:00, run_after=2025-03-14 00:00:00+00:00
[2025-03-14T21:55:14.700+0000] {processor.py:208} INFO - Processing /home/airflow/.local/lib/python3.12/site-packages/airflow/example_dags/example_nested_branch_dag.py took 0.075 seconds
[2025-03-14T21:55:45.820+0000] {processor.py:186} INFO - Started process (PID=524) to work on /home/airflow/.local/lib/python3.12/site-packages/airflow/example_dags/example_nested_branch_dag.py
[2025-03-14T21:55:45.822+0000] {processor.py:914} INFO - Processing file /home/airflow/.local/lib/python3.12/site-packages/airflow/example_dags/example_nested_branch_dag.py for tasks to queue
[2025-03-14T21:55:45.824+0000] {logging_mixin.py:190} INFO - [2025-03-14T21:55:45.824+0000] {dagbag.py:588} INFO - Filling up the DagBag from /home/airflow/.local/lib/python3.12/site-packages/airflow/example_dags/example_nested_branch_dag.py
[2025-03-14T21:55:45.829+0000] {processor.py:925} INFO - DAG(s) 'example_nested_branch_dag' retrieved from /home/airflow/.local/lib/python3.12/site-packages/airflow/example_dags/example_nested_branch_dag.py
[2025-03-14T21:55:45.841+0000] {logging_mixin.py:190} INFO - [2025-03-14T21:55:45.841+0000] {dag.py:3239} INFO - Sync 1 DAGs
[2025-03-14T21:55:45.851+0000] {logging_mixin.py:190} INFO - [2025-03-14T21:55:45.851+0000] {dag.py:4180} INFO - Setting next_dagrun for example_nested_branch_dag to 2025-03-13 00:00:00+00:00, run_after=2025-03-14 00:00:00+00:00
[2025-03-14T21:55:45.859+0000] {processor.py:208} INFO - Processing /home/airflow/.local/lib/python3.12/site-packages/airflow/example_dags/example_nested_branch_dag.py took 0.041 seconds
[2025-03-14T21:56:16.844+0000] {processor.py:186} INFO - Started process (PID=587) to work on /home/airflow/.local/lib/python3.12/site-packages/airflow/example_dags/example_nested_branch_dag.py
[2025-03-14T21:56:16.846+0000] {processor.py:914} INFO - Processing file /home/airflow/.local/lib/python3.12/site-packages/airflow/example_dags/example_nested_branch_dag.py for tasks to queue
[2025-03-14T21:56:16.847+0000] {logging_mixin.py:190} INFO - [2025-03-14T21:56:16.847+0000] {dagbag.py:588} INFO - Filling up the DagBag from /home/airflow/.local/lib/python3.12/site-packages/airflow/example_dags/example_nested_branch_dag.py
[2025-03-14T21:56:16.854+0000] {processor.py:925} INFO - DAG(s) 'example_nested_branch_dag' retrieved from /home/airflow/.local/lib/python3.12/site-packages/airflow/example_dags/example_nested_branch_dag.py
[2025-03-14T21:56:16.872+0000] {logging_mixin.py:190} INFO - [2025-03-14T21:56:16.872+0000] {dag.py:3239} INFO - Sync 1 DAGs
[2025-03-14T21:56:16.890+0000] {logging_mixin.py:190} INFO - [2025-03-14T21:56:16.889+0000] {dag.py:4180} INFO - Setting next_dagrun for example_nested_branch_dag to 2025-03-13 00:00:00+00:00, run_after=2025-03-14 00:00:00+00:00
[2025-03-14T21:56:16.904+0000] {processor.py:208} INFO - Processing /home/airflow/.local/lib/python3.12/site-packages/airflow/example_dags/example_nested_branch_dag.py took 0.064 seconds
[2025-03-14T21:56:47.578+0000] {processor.py:186} INFO - Started process (PID=651) to work on /home/airflow/.local/lib/python3.12/site-packages/airflow/example_dags/example_nested_branch_dag.py
[2025-03-14T21:56:47.580+0000] {processor.py:914} INFO - Processing file /home/airflow/.local/lib/python3.12/site-packages/airflow/example_dags/example_nested_branch_dag.py for tasks to queue
[2025-03-14T21:56:47.581+0000] {logging_mixin.py:190} INFO - [2025-03-14T21:56:47.581+0000] {dagbag.py:588} INFO - Filling up the DagBag from /home/airflow/.local/lib/python3.12/site-packages/airflow/example_dags/example_nested_branch_dag.py
[2025-03-14T21:56:47.587+0000] {processor.py:925} INFO - DAG(s) 'example_nested_branch_dag' retrieved from /home/airflow/.local/lib/python3.12/site-packages/airflow/example_dags/example_nested_branch_dag.py
[2025-03-14T21:56:47.598+0000] {logging_mixin.py:190} INFO - [2025-03-14T21:56:47.598+0000] {dag.py:3239} INFO - Sync 1 DAGs
[2025-03-14T21:56:47.610+0000] {logging_mixin.py:190} INFO - [2025-03-14T21:56:47.610+0000] {dag.py:4180} INFO - Setting next_dagrun for example_nested_branch_dag to 2025-03-13 00:00:00+00:00, run_after=2025-03-14 00:00:00+00:00
[2025-03-14T21:56:47.618+0000] {processor.py:208} INFO - Processing /home/airflow/.local/lib/python3.12/site-packages/airflow/example_dags/example_nested_branch_dag.py took 0.043 seconds
[2025-03-14T21:57:19.031+0000] {processor.py:186} INFO - Started process (PID=714) to work on /home/airflow/.local/lib/python3.12/site-packages/airflow/example_dags/example_nested_branch_dag.py
[2025-03-14T21:57:19.033+0000] {processor.py:914} INFO - Processing file /home/airflow/.local/lib/python3.12/site-packages/airflow/example_dags/example_nested_branch_dag.py for tasks to queue
[2025-03-14T21:57:19.034+0000] {logging_mixin.py:190} INFO - [2025-03-14T21:57:19.034+0000] {dagbag.py:588} INFO - Filling up the DagBag from /home/airflow/.local/lib/python3.12/site-packages/airflow/example_dags/example_nested_branch_dag.py
[2025-03-14T21:57:19.041+0000] {processor.py:925} INFO - DAG(s) 'example_nested_branch_dag' retrieved from /home/airflow/.local/lib/python3.12/site-packages/airflow/example_dags/example_nested_branch_dag.py
[2025-03-14T21:57:19.054+0000] {logging_mixin.py:190} INFO - [2025-03-14T21:57:19.053+0000] {dag.py:3239} INFO - Sync 1 DAGs
[2025-03-14T21:57:19.066+0000] {logging_mixin.py:190} INFO - [2025-03-14T21:57:19.066+0000] {dag.py:4180} INFO - Setting next_dagrun for example_nested_branch_dag to 2025-03-13 00:00:00+00:00, run_after=2025-03-14 00:00:00+00:00
[2025-03-14T21:57:19.075+0000] {processor.py:208} INFO - Processing /home/airflow/.local/lib/python3.12/site-packages/airflow/example_dags/example_nested_branch_dag.py took 0.048 seconds
[2025-03-14T21:57:50.668+0000] {processor.py:186} INFO - Started process (PID=777) to work on /home/airflow/.local/lib/python3.12/site-packages/airflow/example_dags/example_nested_branch_dag.py
[2025-03-14T21:57:50.669+0000] {processor.py:914} INFO - Processing file /home/airflow/.local/lib/python3.12/site-packages/airflow/example_dags/example_nested_branch_dag.py for tasks to queue
[2025-03-14T21:57:50.670+0000] {logging_mixin.py:190} INFO - [2025-03-14T21:57:50.670+0000] {dagbag.py:588} INFO - Filling up the DagBag from /home/airflow/.local/lib/python3.12/site-packages/airflow/example_dags/example_nested_branch_dag.py
[2025-03-14T21:57:50.676+0000] {processor.py:925} INFO - DAG(s) 'example_nested_branch_dag' retrieved from /home/airflow/.local/lib/python3.12/site-packages/airflow/example_dags/example_nested_branch_dag.py
[2025-03-14T21:57:50.688+0000] {logging_mixin.py:190} INFO - [2025-03-14T21:57:50.688+0000] {dag.py:3239} INFO - Sync 1 DAGs
[2025-03-14T21:57:50.700+0000] {logging_mixin.py:190} INFO - [2025-03-14T21:57:50.699+0000] {dag.py:4180} INFO - Setting next_dagrun for example_nested_branch_dag to 2025-03-13 00:00:00+00:00, run_after=2025-03-14 00:00:00+00:00
[2025-03-14T21:57:50.708+0000] {processor.py:208} INFO - Processing /home/airflow/.local/lib/python3.12/site-packages/airflow/example_dags/example_nested_branch_dag.py took 0.043 seconds
[2025-03-14T21:58:22.030+0000] {processor.py:186} INFO - Started process (PID=840) to work on /home/airflow/.local/lib/python3.12/site-packages/airflow/example_dags/example_nested_branch_dag.py
[2025-03-14T21:58:22.032+0000] {processor.py:914} INFO - Processing file /home/airflow/.local/lib/python3.12/site-packages/airflow/example_dags/example_nested_branch_dag.py for tasks to queue
[2025-03-14T21:58:22.034+0000] {logging_mixin.py:190} INFO - [2025-03-14T21:58:22.033+0000] {dagbag.py:588} INFO - Filling up the DagBag from /home/airflow/.local/lib/python3.12/site-packages/airflow/example_dags/example_nested_branch_dag.py
[2025-03-14T21:58:22.040+0000] {processor.py:925} INFO - DAG(s) 'example_nested_branch_dag' retrieved from /home/airflow/.local/lib/python3.12/site-packages/airflow/example_dags/example_nested_branch_dag.py
[2025-03-14T21:58:22.061+0000] {logging_mixin.py:190} INFO - [2025-03-14T21:58:22.060+0000] {dag.py:3239} INFO - Sync 1 DAGs
[2025-03-14T21:58:22.075+0000] {logging_mixin.py:190} INFO - [2025-03-14T21:58:22.075+0000] {dag.py:4180} INFO - Setting next_dagrun for example_nested_branch_dag to 2025-03-13 00:00:00+00:00, run_after=2025-03-14 00:00:00+00:00
[2025-03-14T21:58:22.085+0000] {processor.py:208} INFO - Processing /home/airflow/.local/lib/python3.12/site-packages/airflow/example_dags/example_nested_branch_dag.py took 0.059 seconds
[2025-03-14T21:58:52.834+0000] {processor.py:186} INFO - Started process (PID=903) to work on /home/airflow/.local/lib/python3.12/site-packages/airflow/example_dags/example_nested_branch_dag.py
[2025-03-14T21:58:52.837+0000] {processor.py:914} INFO - Processing file /home/airflow/.local/lib/python3.12/site-packages/airflow/example_dags/example_nested_branch_dag.py for tasks to queue
[2025-03-14T21:58:52.838+0000] {logging_mixin.py:190} INFO - [2025-03-14T21:58:52.838+0000] {dagbag.py:588} INFO - Filling up the DagBag from /home/airflow/.local/lib/python3.12/site-packages/airflow/example_dags/example_nested_branch_dag.py
[2025-03-14T21:58:52.844+0000] {processor.py:925} INFO - DAG(s) 'example_nested_branch_dag' retrieved from /home/airflow/.local/lib/python3.12/site-packages/airflow/example_dags/example_nested_branch_dag.py
[2025-03-14T21:58:52.854+0000] {logging_mixin.py:190} INFO - [2025-03-14T21:58:52.854+0000] {dag.py:3239} INFO - Sync 1 DAGs
[2025-03-14T21:58:52.865+0000] {logging_mixin.py:190} INFO - [2025-03-14T21:58:52.865+0000] {dag.py:4180} INFO - Setting next_dagrun for example_nested_branch_dag to 2025-03-13 00:00:00+00:00, run_after=2025-03-14 00:00:00+00:00
[2025-03-14T21:58:52.871+0000] {processor.py:208} INFO - Processing /home/airflow/.local/lib/python3.12/site-packages/airflow/example_dags/example_nested_branch_dag.py took 0.040 seconds
[2025-03-14T21:59:24.145+0000] {processor.py:186} INFO - Started process (PID=966) to work on /home/airflow/.local/lib/python3.12/site-packages/airflow/example_dags/example_nested_branch_dag.py
[2025-03-14T21:59:24.149+0000] {processor.py:914} INFO - Processing file /home/airflow/.local/lib/python3.12/site-packages/airflow/example_dags/example_nested_branch_dag.py for tasks to queue
[2025-03-14T21:59:24.151+0000] {logging_mixin.py:190} INFO - [2025-03-14T21:59:24.151+0000] {dagbag.py:588} INFO - Filling up the DagBag from /home/airflow/.local/lib/python3.12/site-packages/airflow/example_dags/example_nested_branch_dag.py
[2025-03-14T21:59:24.159+0000] {processor.py:925} INFO - DAG(s) 'example_nested_branch_dag' retrieved from /home/airflow/.local/lib/python3.12/site-packages/airflow/example_dags/example_nested_branch_dag.py
[2025-03-14T21:59:24.173+0000] {logging_mixin.py:190} INFO - [2025-03-14T21:59:24.173+0000] {dag.py:3239} INFO - Sync 1 DAGs
[2025-03-14T21:59:24.186+0000] {logging_mixin.py:190} INFO - [2025-03-14T21:59:24.186+0000] {dag.py:4180} INFO - Setting next_dagrun for example_nested_branch_dag to 2025-03-13 00:00:00+00:00, run_after=2025-03-14 00:00:00+00:00
[2025-03-14T21:59:24.198+0000] {processor.py:208} INFO - Processing /home/airflow/.local/lib/python3.12/site-packages/airflow/example_dags/example_nested_branch_dag.py took 0.061 seconds
[2025-03-14T21:59:55.475+0000] {processor.py:186} INFO - Started process (PID=1029) to work on /home/airflow/.local/lib/python3.12/site-packages/airflow/example_dags/example_nested_branch_dag.py
[2025-03-14T21:59:55.477+0000] {processor.py:914} INFO - Processing file /home/airflow/.local/lib/python3.12/site-packages/airflow/example_dags/example_nested_branch_dag.py for tasks to queue
[2025-03-14T21:59:55.478+0000] {logging_mixin.py:190} INFO - [2025-03-14T21:59:55.478+0000] {dagbag.py:588} INFO - Filling up the DagBag from /home/airflow/.local/lib/python3.12/site-packages/airflow/example_dags/example_nested_branch_dag.py
[2025-03-14T21:59:55.485+0000] {processor.py:925} INFO - DAG(s) 'example_nested_branch_dag' retrieved from /home/airflow/.local/lib/python3.12/site-packages/airflow/example_dags/example_nested_branch_dag.py
[2025-03-14T21:59:55.497+0000] {logging_mixin.py:190} INFO - [2025-03-14T21:59:55.497+0000] {dag.py:3239} INFO - Sync 1 DAGs
[2025-03-14T21:59:55.508+0000] {logging_mixin.py:190} INFO - [2025-03-14T21:59:55.508+0000] {dag.py:4180} INFO - Setting next_dagrun for example_nested_branch_dag to 2025-03-13 00:00:00+00:00, run_after=2025-03-14 00:00:00+00:00
[2025-03-14T21:59:55.517+0000] {processor.py:208} INFO - Processing /home/airflow/.local/lib/python3.12/site-packages/airflow/example_dags/example_nested_branch_dag.py took 0.047 seconds
[2025-03-14T22:00:26.869+0000] {processor.py:186} INFO - Started process (PID=1092) to work on /home/airflow/.local/lib/python3.12/site-packages/airflow/example_dags/example_nested_branch_dag.py
[2025-03-14T22:00:26.870+0000] {processor.py:914} INFO - Processing file /home/airflow/.local/lib/python3.12/site-packages/airflow/example_dags/example_nested_branch_dag.py for tasks to queue
[2025-03-14T22:00:26.872+0000] {logging_mixin.py:190} INFO - [2025-03-14T22:00:26.872+0000] {dagbag.py:588} INFO - Filling up the DagBag from /home/airflow/.local/lib/python3.12/site-packages/airflow/example_dags/example_nested_branch_dag.py
[2025-03-14T22:00:26.879+0000] {processor.py:925} INFO - DAG(s) 'example_nested_branch_dag' retrieved from /home/airflow/.local/lib/python3.12/site-packages/airflow/example_dags/example_nested_branch_dag.py
[2025-03-14T22:00:26.893+0000] {logging_mixin.py:190} INFO - [2025-03-14T22:00:26.893+0000] {dag.py:3239} INFO - Sync 1 DAGs
[2025-03-14T22:00:26.904+0000] {logging_mixin.py:190} INFO - [2025-03-14T22:00:26.904+0000] {dag.py:4180} INFO - Setting next_dagrun for example_nested_branch_dag to 2025-03-13 00:00:00+00:00, run_after=2025-03-14 00:00:00+00:00
[2025-03-14T22:00:26.913+0000] {processor.py:208} INFO - Processing /home/airflow/.local/lib/python3.12/site-packages/airflow/example_dags/example_nested_branch_dag.py took 0.046 seconds
[2025-03-14T22:00:57.766+0000] {processor.py:186} INFO - Started process (PID=1155) to work on /home/airflow/.local/lib/python3.12/site-packages/airflow/example_dags/example_nested_branch_dag.py
[2025-03-14T22:00:57.768+0000] {processor.py:914} INFO - Processing file /home/airflow/.local/lib/python3.12/site-packages/airflow/example_dags/example_nested_branch_dag.py for tasks to queue
[2025-03-14T22:00:57.771+0000] {logging_mixin.py:190} INFO - [2025-03-14T22:00:57.770+0000] {dagbag.py:588} INFO - Filling up the DagBag from /home/airflow/.local/lib/python3.12/site-packages/airflow/example_dags/example_nested_branch_dag.py
[2025-03-14T22:00:57.778+0000] {processor.py:925} INFO - DAG(s) 'example_nested_branch_dag' retrieved from /home/airflow/.local/lib/python3.12/site-packages/airflow/example_dags/example_nested_branch_dag.py
[2025-03-14T22:00:57.792+0000] {logging_mixin.py:190} INFO - [2025-03-14T22:00:57.792+0000] {dag.py:3239} INFO - Sync 1 DAGs
[2025-03-14T22:00:57.805+0000] {logging_mixin.py:190} INFO - [2025-03-14T22:00:57.804+0000] {dag.py:4180} INFO - Setting next_dagrun for example_nested_branch_dag to 2025-03-13 00:00:00+00:00, run_after=2025-03-14 00:00:00+00:00
[2025-03-14T22:00:57.815+0000] {processor.py:208} INFO - Processing /home/airflow/.local/lib/python3.12/site-packages/airflow/example_dags/example_nested_branch_dag.py took 0.054 seconds
[2025-03-14T22:01:28.841+0000] {processor.py:186} INFO - Started process (PID=1224) to work on /home/airflow/.local/lib/python3.12/site-packages/airflow/example_dags/example_nested_branch_dag.py
[2025-03-14T22:01:28.841+0000] {processor.py:914} INFO - Processing file /home/airflow/.local/lib/python3.12/site-packages/airflow/example_dags/example_nested_branch_dag.py for tasks to queue
[2025-03-14T22:01:28.844+0000] {logging_mixin.py:190} INFO - [2025-03-14T22:01:28.844+0000] {dagbag.py:588} INFO - Filling up the DagBag from /home/airflow/.local/lib/python3.12/site-packages/airflow/example_dags/example_nested_branch_dag.py
[2025-03-14T22:01:28.850+0000] {processor.py:925} INFO - DAG(s) 'example_nested_branch_dag' retrieved from /home/airflow/.local/lib/python3.12/site-packages/airflow/example_dags/example_nested_branch_dag.py
[2025-03-14T22:01:28.861+0000] {logging_mixin.py:190} INFO - [2025-03-14T22:01:28.861+0000] {dag.py:3239} INFO - Sync 1 DAGs
[2025-03-14T22:01:28.875+0000] {logging_mixin.py:190} INFO - [2025-03-14T22:01:28.875+0000] {dag.py:4180} INFO - Setting next_dagrun for example_nested_branch_dag to 2025-03-13 00:00:00+00:00, run_after=2025-03-14 00:00:00+00:00
[2025-03-14T22:01:28.882+0000] {processor.py:208} INFO - Processing /home/airflow/.local/lib/python3.12/site-packages/airflow/example_dags/example_nested_branch_dag.py took 0.044 seconds
[2025-03-14T22:01:59.434+0000] {processor.py:186} INFO - Started process (PID=1287) to work on /home/airflow/.local/lib/python3.12/site-packages/airflow/example_dags/example_nested_branch_dag.py
[2025-03-14T22:01:59.436+0000] {processor.py:914} INFO - Processing file /home/airflow/.local/lib/python3.12/site-packages/airflow/example_dags/example_nested_branch_dag.py for tasks to queue
[2025-03-14T22:01:59.437+0000] {logging_mixin.py:190} INFO - [2025-03-14T22:01:59.437+0000] {dagbag.py:588} INFO - Filling up the DagBag from /home/airflow/.local/lib/python3.12/site-packages/airflow/example_dags/example_nested_branch_dag.py
[2025-03-14T22:01:59.448+0000] {processor.py:925} INFO - DAG(s) 'example_nested_branch_dag' retrieved from /home/airflow/.local/lib/python3.12/site-packages/airflow/example_dags/example_nested_branch_dag.py
[2025-03-14T22:01:59.459+0000] {logging_mixin.py:190} INFO - [2025-03-14T22:01:59.459+0000] {dag.py:3239} INFO - Sync 1 DAGs
[2025-03-14T22:01:59.470+0000] {logging_mixin.py:190} INFO - [2025-03-14T22:01:59.469+0000] {dag.py:4180} INFO - Setting next_dagrun for example_nested_branch_dag to 2025-03-13 00:00:00+00:00, run_after=2025-03-14 00:00:00+00:00
[2025-03-14T22:01:59.478+0000] {processor.py:208} INFO - Processing /home/airflow/.local/lib/python3.12/site-packages/airflow/example_dags/example_nested_branch_dag.py took 0.049 seconds
[2025-03-14T22:02:31.061+0000] {processor.py:186} INFO - Started process (PID=1350) to work on /home/airflow/.local/lib/python3.12/site-packages/airflow/example_dags/example_nested_branch_dag.py
[2025-03-14T22:02:31.061+0000] {processor.py:914} INFO - Processing file /home/airflow/.local/lib/python3.12/site-packages/airflow/example_dags/example_nested_branch_dag.py for tasks to queue
[2025-03-14T22:02:31.064+0000] {logging_mixin.py:190} INFO - [2025-03-14T22:02:31.063+0000] {dagbag.py:588} INFO - Filling up the DagBag from /home/airflow/.local/lib/python3.12/site-packages/airflow/example_dags/example_nested_branch_dag.py
[2025-03-14T22:02:31.070+0000] {processor.py:925} INFO - DAG(s) 'example_nested_branch_dag' retrieved from /home/airflow/.local/lib/python3.12/site-packages/airflow/example_dags/example_nested_branch_dag.py
[2025-03-14T22:02:31.083+0000] {logging_mixin.py:190} INFO - [2025-03-14T22:02:31.083+0000] {dag.py:3239} INFO - Sync 1 DAGs
[2025-03-14T22:02:31.099+0000] {logging_mixin.py:190} INFO - [2025-03-14T22:02:31.098+0000] {dag.py:4180} INFO - Setting next_dagrun for example_nested_branch_dag to 2025-03-13 00:00:00+00:00, run_after=2025-03-14 00:00:00+00:00
[2025-03-14T22:02:31.117+0000] {processor.py:208} INFO - Processing /home/airflow/.local/lib/python3.12/site-packages/airflow/example_dags/example_nested_branch_dag.py took 0.059 seconds
[2025-03-14T22:03:02.517+0000] {processor.py:186} INFO - Started process (PID=1412) to work on /home/airflow/.local/lib/python3.12/site-packages/airflow/example_dags/example_nested_branch_dag.py
[2025-03-14T22:03:02.519+0000] {processor.py:914} INFO - Processing file /home/airflow/.local/lib/python3.12/site-packages/airflow/example_dags/example_nested_branch_dag.py for tasks to queue
[2025-03-14T22:03:02.521+0000] {logging_mixin.py:190} INFO - [2025-03-14T22:03:02.521+0000] {dagbag.py:588} INFO - Filling up the DagBag from /home/airflow/.local/lib/python3.12/site-packages/airflow/example_dags/example_nested_branch_dag.py
[2025-03-14T22:03:02.530+0000] {processor.py:925} INFO - DAG(s) 'example_nested_branch_dag' retrieved from /home/airflow/.local/lib/python3.12/site-packages/airflow/example_dags/example_nested_branch_dag.py
[2025-03-14T22:03:02.555+0000] {logging_mixin.py:190} INFO - [2025-03-14T22:03:02.555+0000] {dag.py:3239} INFO - Sync 1 DAGs
[2025-03-14T22:03:02.573+0000] {logging_mixin.py:190} INFO - [2025-03-14T22:03:02.573+0000] {dag.py:4180} INFO - Setting next_dagrun for example_nested_branch_dag to 2025-03-13 00:00:00+00:00, run_after=2025-03-14 00:00:00+00:00
[2025-03-14T22:03:02.585+0000] {processor.py:208} INFO - Processing /home/airflow/.local/lib/python3.12/site-packages/airflow/example_dags/example_nested_branch_dag.py took 0.077 seconds
[2025-03-14T22:03:33.786+0000] {processor.py:186} INFO - Started process (PID=1475) to work on /home/airflow/.local/lib/python3.12/site-packages/airflow/example_dags/example_nested_branch_dag.py
[2025-03-14T22:03:33.787+0000] {processor.py:914} INFO - Processing file /home/airflow/.local/lib/python3.12/site-packages/airflow/example_dags/example_nested_branch_dag.py for tasks to queue
[2025-03-14T22:03:33.789+0000] {logging_mixin.py:190} INFO - [2025-03-14T22:03:33.789+0000] {dagbag.py:588} INFO - Filling up the DagBag from /home/airflow/.local/lib/python3.12/site-packages/airflow/example_dags/example_nested_branch_dag.py
[2025-03-14T22:03:33.799+0000] {processor.py:925} INFO - DAG(s) 'example_nested_branch_dag' retrieved from /home/airflow/.local/lib/python3.12/site-packages/airflow/example_dags/example_nested_branch_dag.py
[2025-03-14T22:03:33.812+0000] {logging_mixin.py:190} INFO - [2025-03-14T22:03:33.812+0000] {dag.py:3239} INFO - Sync 1 DAGs
[2025-03-14T22:03:33.825+0000] {logging_mixin.py:190} INFO - [2025-03-14T22:03:33.824+0000] {dag.py:4180} INFO - Setting next_dagrun for example_nested_branch_dag to 2025-03-13 00:00:00+00:00, run_after=2025-03-14 00:00:00+00:00
[2025-03-14T22:03:33.842+0000] {processor.py:208} INFO - Processing /home/airflow/.local/lib/python3.12/site-packages/airflow/example_dags/example_nested_branch_dag.py took 0.060 seconds
[2025-03-14T22:04:05.665+0000] {processor.py:186} INFO - Started process (PID=1538) to work on /home/airflow/.local/lib/python3.12/site-packages/airflow/example_dags/example_nested_branch_dag.py
[2025-03-14T22:04:05.666+0000] {processor.py:914} INFO - Processing file /home/airflow/.local/lib/python3.12/site-packages/airflow/example_dags/example_nested_branch_dag.py for tasks to queue
[2025-03-14T22:04:05.667+0000] {logging_mixin.py:190} INFO - [2025-03-14T22:04:05.667+0000] {dagbag.py:588} INFO - Filling up the DagBag from /home/airflow/.local/lib/python3.12/site-packages/airflow/example_dags/example_nested_branch_dag.py
[2025-03-14T22:04:05.675+0000] {processor.py:925} INFO - DAG(s) 'example_nested_branch_dag' retrieved from /home/airflow/.local/lib/python3.12/site-packages/airflow/example_dags/example_nested_branch_dag.py
[2025-03-14T22:04:05.693+0000] {logging_mixin.py:190} INFO - [2025-03-14T22:04:05.692+0000] {dag.py:3239} INFO - Sync 1 DAGs
[2025-03-14T22:04:05.708+0000] {logging_mixin.py:190} INFO - [2025-03-14T22:04:05.707+0000] {dag.py:4180} INFO - Setting next_dagrun for example_nested_branch_dag to 2025-03-13 00:00:00+00:00, run_after=2025-03-14 00:00:00+00:00
[2025-03-14T22:04:05.716+0000] {processor.py:208} INFO - Processing /home/airflow/.local/lib/python3.12/site-packages/airflow/example_dags/example_nested_branch_dag.py took 0.055 seconds
