[2025-03-14T21:34:55.322+0000] {processor.py:186} INFO - Started process (PID=61) to work on /home/airflow/.local/lib/python3.12/site-packages/airflow/example_dags/example_dag_decorator.py
[2025-03-14T21:34:55.338+0000] {processor.py:914} INFO - Processing file /home/airflow/.local/lib/python3.12/site-packages/airflow/example_dags/example_dag_decorator.py for tasks to queue
[2025-03-14T21:34:55.370+0000] {logging_mixin.py:190} INFO - [2025-03-14T21:34:55.369+0000] {dagbag.py:588} INFO - Filling up the DagBag from /home/airflow/.local/lib/python3.12/site-packages/airflow/example_dags/example_dag_decorator.py
[2025-03-14T21:34:56.167+0000] {processor.py:925} INFO - DAG(s) 'example_dag_decorator' retrieved from /home/airflow/.local/lib/python3.12/site-packages/airflow/example_dags/example_dag_decorator.py
[2025-03-14T21:34:56.407+0000] {logging_mixin.py:190} INFO - [2025-03-14T21:34:56.402+0000] {override.py:1912} INFO - Created Permission View: can edit on DAG:example_dag_decorator
[2025-03-14T21:34:56.423+0000] {logging_mixin.py:190} INFO - [2025-03-14T21:34:56.422+0000] {override.py:1912} INFO - Created Permission View: can delete on DAG:example_dag_decorator
[2025-03-14T21:34:56.435+0000] {logging_mixin.py:190} INFO - [2025-03-14T21:34:56.434+0000] {override.py:1912} INFO - Created Permission View: can read on DAG:example_dag_decorator
[2025-03-14T21:34:56.445+0000] {logging_mixin.py:190} INFO - [2025-03-14T21:34:56.444+0000] {override.py:1912} INFO - Created Permission View: menu access on DAG Run:example_dag_decorator
[2025-03-14T21:34:56.454+0000] {logging_mixin.py:190} INFO - [2025-03-14T21:34:56.454+0000] {override.py:1912} INFO - Created Permission View: can create on DAG Run:example_dag_decorator
[2025-03-14T21:34:56.461+0000] {logging_mixin.py:190} INFO - [2025-03-14T21:34:56.461+0000] {override.py:1912} INFO - Created Permission View: can delete on DAG Run:example_dag_decorator
[2025-03-14T21:34:56.467+0000] {logging_mixin.py:190} INFO - [2025-03-14T21:34:56.467+0000] {override.py:1912} INFO - Created Permission View: can read on DAG Run:example_dag_decorator
[2025-03-14T21:34:56.468+0000] {logging_mixin.py:190} INFO - [2025-03-14T21:34:56.468+0000] {dag.py:3239} INFO - Sync 1 DAGs
[2025-03-14T21:34:56.512+0000] {logging_mixin.py:190} INFO - [2025-03-14T21:34:56.512+0000] {dag.py:3262} INFO - Creating ORM DAG for example_dag_decorator
[2025-03-14T21:34:56.522+0000] {logging_mixin.py:190} INFO - [2025-03-14T21:34:56.522+0000] {dag.py:4180} INFO - Setting next_dagrun for example_dag_decorator to None, run_after=None
[2025-03-14T21:34:56.566+0000] {processor.py:208} INFO - Processing /home/airflow/.local/lib/python3.12/site-packages/airflow/example_dags/example_dag_decorator.py took 1.264 seconds
[2025-03-14T21:35:27.238+0000] {processor.py:186} INFO - Started process (PID=124) to work on /home/airflow/.local/lib/python3.12/site-packages/airflow/example_dags/example_dag_decorator.py
[2025-03-14T21:35:27.240+0000] {processor.py:914} INFO - Processing file /home/airflow/.local/lib/python3.12/site-packages/airflow/example_dags/example_dag_decorator.py for tasks to queue
[2025-03-14T21:35:27.242+0000] {logging_mixin.py:190} INFO - [2025-03-14T21:35:27.241+0000] {dagbag.py:588} INFO - Filling up the DagBag from /home/airflow/.local/lib/python3.12/site-packages/airflow/example_dags/example_dag_decorator.py
[2025-03-14T21:35:27.360+0000] {processor.py:925} INFO - DAG(s) 'example_dag_decorator' retrieved from /home/airflow/.local/lib/python3.12/site-packages/airflow/example_dags/example_dag_decorator.py
[2025-03-14T21:35:27.428+0000] {logging_mixin.py:190} INFO - [2025-03-14T21:35:27.428+0000] {dag.py:3239} INFO - Sync 1 DAGs
[2025-03-14T21:35:27.435+0000] {logging_mixin.py:190} INFO - [2025-03-14T21:35:27.435+0000] {dag.py:4180} INFO - Setting next_dagrun for example_dag_decorator to None, run_after=None
[2025-03-14T21:35:27.447+0000] {processor.py:208} INFO - Processing /home/airflow/.local/lib/python3.12/site-packages/airflow/example_dags/example_dag_decorator.py took 0.219 seconds
[2025-03-14T21:35:57.532+0000] {processor.py:186} INFO - Started process (PID=187) to work on /home/airflow/.local/lib/python3.12/site-packages/airflow/example_dags/example_dag_decorator.py
[2025-03-14T21:35:57.534+0000] {processor.py:914} INFO - Processing file /home/airflow/.local/lib/python3.12/site-packages/airflow/example_dags/example_dag_decorator.py for tasks to queue
[2025-03-14T21:35:57.536+0000] {logging_mixin.py:190} INFO - [2025-03-14T21:35:57.535+0000] {dagbag.py:588} INFO - Filling up the DagBag from /home/airflow/.local/lib/python3.12/site-packages/airflow/example_dags/example_dag_decorator.py
[2025-03-14T21:35:57.638+0000] {processor.py:925} INFO - DAG(s) 'example_dag_decorator' retrieved from /home/airflow/.local/lib/python3.12/site-packages/airflow/example_dags/example_dag_decorator.py
[2025-03-14T21:35:57.705+0000] {logging_mixin.py:190} INFO - [2025-03-14T21:35:57.704+0000] {dag.py:3239} INFO - Sync 1 DAGs
[2025-03-14T21:35:57.715+0000] {logging_mixin.py:190} INFO - [2025-03-14T21:35:57.715+0000] {dag.py:4180} INFO - Setting next_dagrun for example_dag_decorator to None, run_after=None
[2025-03-14T21:35:57.724+0000] {processor.py:208} INFO - Processing /home/airflow/.local/lib/python3.12/site-packages/airflow/example_dags/example_dag_decorator.py took 0.200 seconds
[2025-03-14T21:36:27.905+0000] {processor.py:186} INFO - Started process (PID=249) to work on /home/airflow/.local/lib/python3.12/site-packages/airflow/example_dags/example_dag_decorator.py
[2025-03-14T21:36:27.906+0000] {processor.py:914} INFO - Processing file /home/airflow/.local/lib/python3.12/site-packages/airflow/example_dags/example_dag_decorator.py for tasks to queue
[2025-03-14T21:36:27.908+0000] {logging_mixin.py:190} INFO - [2025-03-14T21:36:27.908+0000] {dagbag.py:588} INFO - Filling up the DagBag from /home/airflow/.local/lib/python3.12/site-packages/airflow/example_dags/example_dag_decorator.py
[2025-03-14T21:36:28.038+0000] {processor.py:925} INFO - DAG(s) 'example_dag_decorator' retrieved from /home/airflow/.local/lib/python3.12/site-packages/airflow/example_dags/example_dag_decorator.py
[2025-03-14T21:36:28.130+0000] {logging_mixin.py:190} INFO - [2025-03-14T21:36:28.129+0000] {dag.py:3239} INFO - Sync 1 DAGs
[2025-03-14T21:36:28.144+0000] {logging_mixin.py:190} INFO - [2025-03-14T21:36:28.144+0000] {dag.py:4180} INFO - Setting next_dagrun for example_dag_decorator to None, run_after=None
[2025-03-14T21:36:28.156+0000] {processor.py:208} INFO - Processing /home/airflow/.local/lib/python3.12/site-packages/airflow/example_dags/example_dag_decorator.py took 0.257 seconds
[2025-03-14T21:36:58.257+0000] {processor.py:186} INFO - Started process (PID=312) to work on /home/airflow/.local/lib/python3.12/site-packages/airflow/example_dags/example_dag_decorator.py
[2025-03-14T21:36:58.259+0000] {processor.py:914} INFO - Processing file /home/airflow/.local/lib/python3.12/site-packages/airflow/example_dags/example_dag_decorator.py for tasks to queue
[2025-03-14T21:36:58.264+0000] {logging_mixin.py:190} INFO - [2025-03-14T21:36:58.263+0000] {dagbag.py:588} INFO - Filling up the DagBag from /home/airflow/.local/lib/python3.12/site-packages/airflow/example_dags/example_dag_decorator.py
[2025-03-14T21:36:58.409+0000] {processor.py:925} INFO - DAG(s) 'example_dag_decorator' retrieved from /home/airflow/.local/lib/python3.12/site-packages/airflow/example_dags/example_dag_decorator.py
[2025-03-14T21:36:58.514+0000] {logging_mixin.py:190} INFO - [2025-03-14T21:36:58.514+0000] {dag.py:3239} INFO - Sync 1 DAGs
[2025-03-14T21:36:58.526+0000] {logging_mixin.py:190} INFO - [2025-03-14T21:36:58.526+0000] {dag.py:4180} INFO - Setting next_dagrun for example_dag_decorator to None, run_after=None
[2025-03-14T21:36:58.537+0000] {processor.py:208} INFO - Processing /home/airflow/.local/lib/python3.12/site-packages/airflow/example_dags/example_dag_decorator.py took 0.297 seconds
[2025-03-14T21:37:28.579+0000] {processor.py:186} INFO - Started process (PID=377) to work on /home/airflow/.local/lib/python3.12/site-packages/airflow/example_dags/example_dag_decorator.py
[2025-03-14T21:37:28.580+0000] {processor.py:914} INFO - Processing file /home/airflow/.local/lib/python3.12/site-packages/airflow/example_dags/example_dag_decorator.py for tasks to queue
[2025-03-14T21:37:28.581+0000] {logging_mixin.py:190} INFO - [2025-03-14T21:37:28.581+0000] {dagbag.py:588} INFO - Filling up the DagBag from /home/airflow/.local/lib/python3.12/site-packages/airflow/example_dags/example_dag_decorator.py
[2025-03-14T21:37:28.643+0000] {processor.py:925} INFO - DAG(s) 'example_dag_decorator' retrieved from /home/airflow/.local/lib/python3.12/site-packages/airflow/example_dags/example_dag_decorator.py
[2025-03-14T21:37:28.717+0000] {logging_mixin.py:190} INFO - [2025-03-14T21:37:28.717+0000] {dag.py:3239} INFO - Sync 1 DAGs
[2025-03-14T21:37:28.724+0000] {logging_mixin.py:190} INFO - [2025-03-14T21:37:28.724+0000] {dag.py:4180} INFO - Setting next_dagrun for example_dag_decorator to None, run_after=None
[2025-03-14T21:37:28.741+0000] {processor.py:208} INFO - Processing /home/airflow/.local/lib/python3.12/site-packages/airflow/example_dags/example_dag_decorator.py took 0.164 seconds
[2025-03-14T21:37:58.867+0000] {processor.py:186} INFO - Started process (PID=437) to work on /home/airflow/.local/lib/python3.12/site-packages/airflow/example_dags/example_dag_decorator.py
[2025-03-14T21:37:58.869+0000] {processor.py:914} INFO - Processing file /home/airflow/.local/lib/python3.12/site-packages/airflow/example_dags/example_dag_decorator.py for tasks to queue
[2025-03-14T21:37:58.871+0000] {logging_mixin.py:190} INFO - [2025-03-14T21:37:58.870+0000] {dagbag.py:588} INFO - Filling up the DagBag from /home/airflow/.local/lib/python3.12/site-packages/airflow/example_dags/example_dag_decorator.py
[2025-03-14T21:37:58.965+0000] {processor.py:925} INFO - DAG(s) 'example_dag_decorator' retrieved from /home/airflow/.local/lib/python3.12/site-packages/airflow/example_dags/example_dag_decorator.py
[2025-03-14T21:37:59.044+0000] {logging_mixin.py:190} INFO - [2025-03-14T21:37:59.043+0000] {dag.py:3239} INFO - Sync 1 DAGs
[2025-03-14T21:37:59.052+0000] {logging_mixin.py:190} INFO - [2025-03-14T21:37:59.051+0000] {dag.py:4180} INFO - Setting next_dagrun for example_dag_decorator to None, run_after=None
[2025-03-14T21:37:59.063+0000] {processor.py:208} INFO - Processing /home/airflow/.local/lib/python3.12/site-packages/airflow/example_dags/example_dag_decorator.py took 0.202 seconds
[2025-03-14T21:38:29.224+0000] {processor.py:186} INFO - Started process (PID=500) to work on /home/airflow/.local/lib/python3.12/site-packages/airflow/example_dags/example_dag_decorator.py
[2025-03-14T21:38:29.234+0000] {processor.py:914} INFO - Processing file /home/airflow/.local/lib/python3.12/site-packages/airflow/example_dags/example_dag_decorator.py for tasks to queue
[2025-03-14T21:38:29.250+0000] {logging_mixin.py:190} INFO - [2025-03-14T21:38:29.249+0000] {dagbag.py:588} INFO - Filling up the DagBag from /home/airflow/.local/lib/python3.12/site-packages/airflow/example_dags/example_dag_decorator.py
[2025-03-14T21:38:29.377+0000] {processor.py:925} INFO - DAG(s) 'example_dag_decorator' retrieved from /home/airflow/.local/lib/python3.12/site-packages/airflow/example_dags/example_dag_decorator.py
[2025-03-14T21:38:29.466+0000] {logging_mixin.py:190} INFO - [2025-03-14T21:38:29.465+0000] {dag.py:3239} INFO - Sync 1 DAGs
[2025-03-14T21:38:29.472+0000] {logging_mixin.py:190} INFO - [2025-03-14T21:38:29.472+0000] {dag.py:4180} INFO - Setting next_dagrun for example_dag_decorator to None, run_after=None
[2025-03-14T21:38:29.488+0000] {processor.py:208} INFO - Processing /home/airflow/.local/lib/python3.12/site-packages/airflow/example_dags/example_dag_decorator.py took 0.279 seconds
[2025-03-14T21:38:59.575+0000] {processor.py:186} INFO - Started process (PID=563) to work on /home/airflow/.local/lib/python3.12/site-packages/airflow/example_dags/example_dag_decorator.py
[2025-03-14T21:38:59.577+0000] {processor.py:914} INFO - Processing file /home/airflow/.local/lib/python3.12/site-packages/airflow/example_dags/example_dag_decorator.py for tasks to queue
[2025-03-14T21:38:59.581+0000] {logging_mixin.py:190} INFO - [2025-03-14T21:38:59.581+0000] {dagbag.py:588} INFO - Filling up the DagBag from /home/airflow/.local/lib/python3.12/site-packages/airflow/example_dags/example_dag_decorator.py
[2025-03-14T21:38:59.684+0000] {processor.py:925} INFO - DAG(s) 'example_dag_decorator' retrieved from /home/airflow/.local/lib/python3.12/site-packages/airflow/example_dags/example_dag_decorator.py
[2025-03-14T21:38:59.764+0000] {logging_mixin.py:190} INFO - [2025-03-14T21:38:59.764+0000] {dag.py:3239} INFO - Sync 1 DAGs
[2025-03-14T21:38:59.769+0000] {logging_mixin.py:190} INFO - [2025-03-14T21:38:59.769+0000] {dag.py:4180} INFO - Setting next_dagrun for example_dag_decorator to None, run_after=None
[2025-03-14T21:38:59.778+0000] {processor.py:208} INFO - Processing /home/airflow/.local/lib/python3.12/site-packages/airflow/example_dags/example_dag_decorator.py took 0.212 seconds
[2025-03-14T21:39:30.066+0000] {processor.py:186} INFO - Started process (PID=626) to work on /home/airflow/.local/lib/python3.12/site-packages/airflow/example_dags/example_dag_decorator.py
[2025-03-14T21:39:30.069+0000] {processor.py:914} INFO - Processing file /home/airflow/.local/lib/python3.12/site-packages/airflow/example_dags/example_dag_decorator.py for tasks to queue
[2025-03-14T21:39:30.076+0000] {logging_mixin.py:190} INFO - [2025-03-14T21:39:30.075+0000] {dagbag.py:588} INFO - Filling up the DagBag from /home/airflow/.local/lib/python3.12/site-packages/airflow/example_dags/example_dag_decorator.py
[2025-03-14T21:39:30.208+0000] {processor.py:925} INFO - DAG(s) 'example_dag_decorator' retrieved from /home/airflow/.local/lib/python3.12/site-packages/airflow/example_dags/example_dag_decorator.py
[2025-03-14T21:39:30.357+0000] {logging_mixin.py:190} INFO - [2025-03-14T21:39:30.357+0000] {dag.py:3239} INFO - Sync 1 DAGs
[2025-03-14T21:39:30.367+0000] {logging_mixin.py:190} INFO - [2025-03-14T21:39:30.367+0000] {dag.py:4180} INFO - Setting next_dagrun for example_dag_decorator to None, run_after=None
[2025-03-14T21:39:30.387+0000] {processor.py:208} INFO - Processing /home/airflow/.local/lib/python3.12/site-packages/airflow/example_dags/example_dag_decorator.py took 0.349 seconds
[2025-03-14T21:43:55.119+0000] {processor.py:186} INFO - Started process (PID=64) to work on /home/airflow/.local/lib/python3.12/site-packages/airflow/example_dags/example_dag_decorator.py
[2025-03-14T21:43:55.123+0000] {processor.py:914} INFO - Processing file /home/airflow/.local/lib/python3.12/site-packages/airflow/example_dags/example_dag_decorator.py for tasks to queue
[2025-03-14T21:43:55.127+0000] {logging_mixin.py:190} INFO - [2025-03-14T21:43:55.126+0000] {dagbag.py:588} INFO - Filling up the DagBag from /home/airflow/.local/lib/python3.12/site-packages/airflow/example_dags/example_dag_decorator.py
[2025-03-14T21:43:55.770+0000] {processor.py:925} INFO - DAG(s) 'example_dag_decorator' retrieved from /home/airflow/.local/lib/python3.12/site-packages/airflow/example_dags/example_dag_decorator.py
[2025-03-14T21:43:56.155+0000] {logging_mixin.py:190} INFO - [2025-03-14T21:43:56.155+0000] {dag.py:3239} INFO - Sync 1 DAGs
[2025-03-14T21:43:56.184+0000] {logging_mixin.py:190} INFO - [2025-03-14T21:43:56.183+0000] {dag.py:4180} INFO - Setting next_dagrun for example_dag_decorator to None, run_after=None
[2025-03-14T21:43:56.246+0000] {processor.py:208} INFO - Processing /home/airflow/.local/lib/python3.12/site-packages/airflow/example_dags/example_dag_decorator.py took 1.133 seconds
[2025-03-14T21:44:27.833+0000] {processor.py:186} INFO - Started process (PID=133) to work on /home/airflow/.local/lib/python3.12/site-packages/airflow/example_dags/example_dag_decorator.py
[2025-03-14T21:44:27.834+0000] {processor.py:914} INFO - Processing file /home/airflow/.local/lib/python3.12/site-packages/airflow/example_dags/example_dag_decorator.py for tasks to queue
[2025-03-14T21:44:27.844+0000] {logging_mixin.py:190} INFO - [2025-03-14T21:44:27.843+0000] {dagbag.py:588} INFO - Filling up the DagBag from /home/airflow/.local/lib/python3.12/site-packages/airflow/example_dags/example_dag_decorator.py
[2025-03-14T21:44:28.048+0000] {processor.py:925} INFO - DAG(s) 'example_dag_decorator' retrieved from /home/airflow/.local/lib/python3.12/site-packages/airflow/example_dags/example_dag_decorator.py
[2025-03-14T21:44:28.373+0000] {logging_mixin.py:190} INFO - [2025-03-14T21:44:28.371+0000] {dag.py:3239} INFO - Sync 1 DAGs
[2025-03-14T21:44:28.400+0000] {logging_mixin.py:190} INFO - [2025-03-14T21:44:28.399+0000] {dag.py:4180} INFO - Setting next_dagrun for example_dag_decorator to None, run_after=None
[2025-03-14T21:44:28.416+0000] {processor.py:208} INFO - Processing /home/airflow/.local/lib/python3.12/site-packages/airflow/example_dags/example_dag_decorator.py took 0.590 seconds
[2025-03-14T21:44:58.630+0000] {processor.py:186} INFO - Started process (PID=194) to work on /home/airflow/.local/lib/python3.12/site-packages/airflow/example_dags/example_dag_decorator.py
[2025-03-14T21:44:58.636+0000] {processor.py:914} INFO - Processing file /home/airflow/.local/lib/python3.12/site-packages/airflow/example_dags/example_dag_decorator.py for tasks to queue
[2025-03-14T21:44:58.655+0000] {logging_mixin.py:190} INFO - [2025-03-14T21:44:58.651+0000] {dagbag.py:588} INFO - Filling up the DagBag from /home/airflow/.local/lib/python3.12/site-packages/airflow/example_dags/example_dag_decorator.py
[2025-03-14T21:44:58.987+0000] {processor.py:925} INFO - DAG(s) 'example_dag_decorator' retrieved from /home/airflow/.local/lib/python3.12/site-packages/airflow/example_dags/example_dag_decorator.py
[2025-03-14T21:44:59.271+0000] {logging_mixin.py:190} INFO - [2025-03-14T21:44:59.266+0000] {dag.py:3239} INFO - Sync 1 DAGs
[2025-03-14T21:44:59.317+0000] {logging_mixin.py:190} INFO - [2025-03-14T21:44:59.317+0000] {dag.py:4180} INFO - Setting next_dagrun for example_dag_decorator to None, run_after=None
[2025-03-14T21:44:59.346+0000] {processor.py:208} INFO - Processing /home/airflow/.local/lib/python3.12/site-packages/airflow/example_dags/example_dag_decorator.py took 0.748 seconds
[2025-03-14T21:45:29.491+0000] {processor.py:186} INFO - Started process (PID=259) to work on /home/airflow/.local/lib/python3.12/site-packages/airflow/example_dags/example_dag_decorator.py
[2025-03-14T21:45:29.498+0000] {processor.py:914} INFO - Processing file /home/airflow/.local/lib/python3.12/site-packages/airflow/example_dags/example_dag_decorator.py for tasks to queue
[2025-03-14T21:45:29.501+0000] {logging_mixin.py:190} INFO - [2025-03-14T21:45:29.500+0000] {dagbag.py:588} INFO - Filling up the DagBag from /home/airflow/.local/lib/python3.12/site-packages/airflow/example_dags/example_dag_decorator.py
[2025-03-14T21:45:29.713+0000] {processor.py:925} INFO - DAG(s) 'example_dag_decorator' retrieved from /home/airflow/.local/lib/python3.12/site-packages/airflow/example_dags/example_dag_decorator.py
[2025-03-14T21:45:29.999+0000] {logging_mixin.py:190} INFO - [2025-03-14T21:45:29.998+0000] {dag.py:3239} INFO - Sync 1 DAGs
[2025-03-14T21:45:30.008+0000] {logging_mixin.py:190} INFO - [2025-03-14T21:45:30.008+0000] {dag.py:4180} INFO - Setting next_dagrun for example_dag_decorator to None, run_after=None
[2025-03-14T21:45:30.023+0000] {processor.py:208} INFO - Processing /home/airflow/.local/lib/python3.12/site-packages/airflow/example_dags/example_dag_decorator.py took 0.556 seconds
[2025-03-14T21:46:01.350+0000] {processor.py:186} INFO - Started process (PID=320) to work on /home/airflow/.local/lib/python3.12/site-packages/airflow/example_dags/example_dag_decorator.py
[2025-03-14T21:46:01.355+0000] {processor.py:914} INFO - Processing file /home/airflow/.local/lib/python3.12/site-packages/airflow/example_dags/example_dag_decorator.py for tasks to queue
[2025-03-14T21:46:01.358+0000] {logging_mixin.py:190} INFO - [2025-03-14T21:46:01.358+0000] {dagbag.py:588} INFO - Filling up the DagBag from /home/airflow/.local/lib/python3.12/site-packages/airflow/example_dags/example_dag_decorator.py
[2025-03-14T21:46:01.651+0000] {processor.py:925} INFO - DAG(s) 'example_dag_decorator' retrieved from /home/airflow/.local/lib/python3.12/site-packages/airflow/example_dags/example_dag_decorator.py
[2025-03-14T21:46:01.788+0000] {logging_mixin.py:190} INFO - [2025-03-14T21:46:01.788+0000] {dag.py:3239} INFO - Sync 1 DAGs
[2025-03-14T21:46:01.800+0000] {logging_mixin.py:190} INFO - [2025-03-14T21:46:01.800+0000] {dag.py:4180} INFO - Setting next_dagrun for example_dag_decorator to None, run_after=None
[2025-03-14T21:46:01.821+0000] {processor.py:208} INFO - Processing /home/airflow/.local/lib/python3.12/site-packages/airflow/example_dags/example_dag_decorator.py took 0.477 seconds
[2025-03-14T21:46:36.208+0000] {processor.py:186} INFO - Started process (PID=385) to work on /home/airflow/.local/lib/python3.12/site-packages/airflow/example_dags/example_dag_decorator.py
[2025-03-14T21:46:36.210+0000] {processor.py:914} INFO - Processing file /home/airflow/.local/lib/python3.12/site-packages/airflow/example_dags/example_dag_decorator.py for tasks to queue
[2025-03-14T21:46:36.211+0000] {logging_mixin.py:190} INFO - [2025-03-14T21:46:36.211+0000] {dagbag.py:588} INFO - Filling up the DagBag from /home/airflow/.local/lib/python3.12/site-packages/airflow/example_dags/example_dag_decorator.py
[2025-03-14T21:46:36.397+0000] {processor.py:925} INFO - DAG(s) 'example_dag_decorator' retrieved from /home/airflow/.local/lib/python3.12/site-packages/airflow/example_dags/example_dag_decorator.py
[2025-03-14T21:46:36.577+0000] {logging_mixin.py:190} INFO - [2025-03-14T21:46:36.575+0000] {dag.py:3239} INFO - Sync 1 DAGs
[2025-03-14T21:46:36.597+0000] {logging_mixin.py:190} INFO - [2025-03-14T21:46:36.597+0000] {dag.py:4180} INFO - Setting next_dagrun for example_dag_decorator to None, run_after=None
[2025-03-14T21:46:36.633+0000] {processor.py:208} INFO - Processing /home/airflow/.local/lib/python3.12/site-packages/airflow/example_dags/example_dag_decorator.py took 0.428 seconds
[2025-03-14T21:51:57.721+0000] {processor.py:186} INFO - Started process (PID=62) to work on /home/airflow/.local/lib/python3.12/site-packages/airflow/example_dags/example_dag_decorator.py
[2025-03-14T21:51:57.725+0000] {processor.py:914} INFO - Processing file /home/airflow/.local/lib/python3.12/site-packages/airflow/example_dags/example_dag_decorator.py for tasks to queue
[2025-03-14T21:51:57.728+0000] {logging_mixin.py:190} INFO - [2025-03-14T21:51:57.728+0000] {dagbag.py:588} INFO - Filling up the DagBag from /home/airflow/.local/lib/python3.12/site-packages/airflow/example_dags/example_dag_decorator.py
[2025-03-14T21:51:58.493+0000] {processor.py:925} INFO - DAG(s) 'example_dag_decorator' retrieved from /home/airflow/.local/lib/python3.12/site-packages/airflow/example_dags/example_dag_decorator.py
[2025-03-14T21:51:58.849+0000] {logging_mixin.py:190} INFO - [2025-03-14T21:51:58.848+0000] {dag.py:3239} INFO - Sync 1 DAGs
[2025-03-14T21:51:58.863+0000] {logging_mixin.py:190} INFO - [2025-03-14T21:51:58.863+0000] {dag.py:4180} INFO - Setting next_dagrun for example_dag_decorator to None, run_after=None
[2025-03-14T21:51:58.881+0000] {processor.py:208} INFO - Processing /home/airflow/.local/lib/python3.12/site-packages/airflow/example_dags/example_dag_decorator.py took 1.164 seconds
[2025-03-14T21:52:29.223+0000] {processor.py:186} INFO - Started process (PID=126) to work on /home/airflow/.local/lib/python3.12/site-packages/airflow/example_dags/example_dag_decorator.py
[2025-03-14T21:52:29.225+0000] {processor.py:914} INFO - Processing file /home/airflow/.local/lib/python3.12/site-packages/airflow/example_dags/example_dag_decorator.py for tasks to queue
[2025-03-14T21:52:29.226+0000] {logging_mixin.py:190} INFO - [2025-03-14T21:52:29.226+0000] {dagbag.py:588} INFO - Filling up the DagBag from /home/airflow/.local/lib/python3.12/site-packages/airflow/example_dags/example_dag_decorator.py
[2025-03-14T21:52:29.419+0000] {processor.py:925} INFO - DAG(s) 'example_dag_decorator' retrieved from /home/airflow/.local/lib/python3.12/site-packages/airflow/example_dags/example_dag_decorator.py
[2025-03-14T21:52:29.519+0000] {logging_mixin.py:190} INFO - [2025-03-14T21:52:29.519+0000] {dag.py:3239} INFO - Sync 1 DAGs
[2025-03-14T21:52:29.526+0000] {logging_mixin.py:190} INFO - [2025-03-14T21:52:29.526+0000] {dag.py:4180} INFO - Setting next_dagrun for example_dag_decorator to None, run_after=None
[2025-03-14T21:52:29.541+0000] {processor.py:208} INFO - Processing /home/airflow/.local/lib/python3.12/site-packages/airflow/example_dags/example_dag_decorator.py took 0.323 seconds
[2025-03-14T21:52:59.568+0000] {processor.py:186} INFO - Started process (PID=192) to work on /home/airflow/.local/lib/python3.12/site-packages/airflow/example_dags/example_dag_decorator.py
[2025-03-14T21:52:59.570+0000] {processor.py:914} INFO - Processing file /home/airflow/.local/lib/python3.12/site-packages/airflow/example_dags/example_dag_decorator.py for tasks to queue
[2025-03-14T21:52:59.572+0000] {logging_mixin.py:190} INFO - [2025-03-14T21:52:59.572+0000] {dagbag.py:588} INFO - Filling up the DagBag from /home/airflow/.local/lib/python3.12/site-packages/airflow/example_dags/example_dag_decorator.py
[2025-03-14T21:52:59.665+0000] {processor.py:925} INFO - DAG(s) 'example_dag_decorator' retrieved from /home/airflow/.local/lib/python3.12/site-packages/airflow/example_dags/example_dag_decorator.py
[2025-03-14T21:52:59.741+0000] {logging_mixin.py:190} INFO - [2025-03-14T21:52:59.741+0000] {dag.py:3239} INFO - Sync 1 DAGs
[2025-03-14T21:52:59.746+0000] {logging_mixin.py:190} INFO - [2025-03-14T21:52:59.746+0000] {dag.py:4180} INFO - Setting next_dagrun for example_dag_decorator to None, run_after=None
[2025-03-14T21:52:59.753+0000] {processor.py:208} INFO - Processing /home/airflow/.local/lib/python3.12/site-packages/airflow/example_dags/example_dag_decorator.py took 0.188 seconds
[2025-03-14T21:53:30.041+0000] {processor.py:186} INFO - Started process (PID=256) to work on /home/airflow/.local/lib/python3.12/site-packages/airflow/example_dags/example_dag_decorator.py
[2025-03-14T21:53:30.043+0000] {processor.py:914} INFO - Processing file /home/airflow/.local/lib/python3.12/site-packages/airflow/example_dags/example_dag_decorator.py for tasks to queue
[2025-03-14T21:53:30.079+0000] {logging_mixin.py:190} INFO - [2025-03-14T21:53:30.079+0000] {dagbag.py:588} INFO - Filling up the DagBag from /home/airflow/.local/lib/python3.12/site-packages/airflow/example_dags/example_dag_decorator.py
[2025-03-14T21:53:30.238+0000] {processor.py:925} INFO - DAG(s) 'example_dag_decorator' retrieved from /home/airflow/.local/lib/python3.12/site-packages/airflow/example_dags/example_dag_decorator.py
[2025-03-14T21:53:30.347+0000] {logging_mixin.py:190} INFO - [2025-03-14T21:53:30.347+0000] {dag.py:3239} INFO - Sync 1 DAGs
[2025-03-14T21:53:30.357+0000] {logging_mixin.py:190} INFO - [2025-03-14T21:53:30.357+0000] {dag.py:4180} INFO - Setting next_dagrun for example_dag_decorator to None, run_after=None
[2025-03-14T21:53:30.368+0000] {processor.py:208} INFO - Processing /home/airflow/.local/lib/python3.12/site-packages/airflow/example_dags/example_dag_decorator.py took 0.411 seconds
[2025-03-14T21:54:01.263+0000] {processor.py:186} INFO - Started process (PID=320) to work on /home/airflow/.local/lib/python3.12/site-packages/airflow/example_dags/example_dag_decorator.py
[2025-03-14T21:54:01.264+0000] {processor.py:914} INFO - Processing file /home/airflow/.local/lib/python3.12/site-packages/airflow/example_dags/example_dag_decorator.py for tasks to queue
[2025-03-14T21:54:01.266+0000] {logging_mixin.py:190} INFO - [2025-03-14T21:54:01.266+0000] {dagbag.py:588} INFO - Filling up the DagBag from /home/airflow/.local/lib/python3.12/site-packages/airflow/example_dags/example_dag_decorator.py
[2025-03-14T21:54:01.346+0000] {processor.py:925} INFO - DAG(s) 'example_dag_decorator' retrieved from /home/airflow/.local/lib/python3.12/site-packages/airflow/example_dags/example_dag_decorator.py
[2025-03-14T21:54:01.414+0000] {logging_mixin.py:190} INFO - [2025-03-14T21:54:01.414+0000] {dag.py:3239} INFO - Sync 1 DAGs
[2025-03-14T21:54:01.419+0000] {logging_mixin.py:190} INFO - [2025-03-14T21:54:01.419+0000] {dag.py:4180} INFO - Setting next_dagrun for example_dag_decorator to None, run_after=None
[2025-03-14T21:54:01.427+0000] {processor.py:208} INFO - Processing /home/airflow/.local/lib/python3.12/site-packages/airflow/example_dags/example_dag_decorator.py took 0.171 seconds
[2025-03-14T21:54:31.539+0000] {processor.py:186} INFO - Started process (PID=383) to work on /home/airflow/.local/lib/python3.12/site-packages/airflow/example_dags/example_dag_decorator.py
[2025-03-14T21:54:31.541+0000] {processor.py:914} INFO - Processing file /home/airflow/.local/lib/python3.12/site-packages/airflow/example_dags/example_dag_decorator.py for tasks to queue
[2025-03-14T21:54:31.544+0000] {logging_mixin.py:190} INFO - [2025-03-14T21:54:31.543+0000] {dagbag.py:588} INFO - Filling up the DagBag from /home/airflow/.local/lib/python3.12/site-packages/airflow/example_dags/example_dag_decorator.py
[2025-03-14T21:54:31.744+0000] {processor.py:925} INFO - DAG(s) 'example_dag_decorator' retrieved from /home/airflow/.local/lib/python3.12/site-packages/airflow/example_dags/example_dag_decorator.py
[2025-03-14T21:54:31.858+0000] {logging_mixin.py:190} INFO - [2025-03-14T21:54:31.858+0000] {dag.py:3239} INFO - Sync 1 DAGs
[2025-03-14T21:54:31.871+0000] {logging_mixin.py:190} INFO - [2025-03-14T21:54:31.871+0000] {dag.py:4180} INFO - Setting next_dagrun for example_dag_decorator to None, run_after=None
[2025-03-14T21:54:31.885+0000] {processor.py:208} INFO - Processing /home/airflow/.local/lib/python3.12/site-packages/airflow/example_dags/example_dag_decorator.py took 0.354 seconds
[2025-03-14T21:55:02.105+0000] {processor.py:186} INFO - Started process (PID=444) to work on /home/airflow/.local/lib/python3.12/site-packages/airflow/example_dags/example_dag_decorator.py
[2025-03-14T21:55:02.106+0000] {processor.py:914} INFO - Processing file /home/airflow/.local/lib/python3.12/site-packages/airflow/example_dags/example_dag_decorator.py for tasks to queue
[2025-03-14T21:55:02.108+0000] {logging_mixin.py:190} INFO - [2025-03-14T21:55:02.108+0000] {dagbag.py:588} INFO - Filling up the DagBag from /home/airflow/.local/lib/python3.12/site-packages/airflow/example_dags/example_dag_decorator.py
[2025-03-14T21:55:02.209+0000] {processor.py:925} INFO - DAG(s) 'example_dag_decorator' retrieved from /home/airflow/.local/lib/python3.12/site-packages/airflow/example_dags/example_dag_decorator.py
[2025-03-14T21:55:02.285+0000] {logging_mixin.py:190} INFO - [2025-03-14T21:55:02.284+0000] {dag.py:3239} INFO - Sync 1 DAGs
[2025-03-14T21:55:02.300+0000] {logging_mixin.py:190} INFO - [2025-03-14T21:55:02.299+0000] {dag.py:4180} INFO - Setting next_dagrun for example_dag_decorator to None, run_after=None
[2025-03-14T21:55:02.322+0000] {processor.py:208} INFO - Processing /home/airflow/.local/lib/python3.12/site-packages/airflow/example_dags/example_dag_decorator.py took 0.223 seconds
[2025-03-14T21:55:33.095+0000] {processor.py:186} INFO - Started process (PID=507) to work on /home/airflow/.local/lib/python3.12/site-packages/airflow/example_dags/example_dag_decorator.py
[2025-03-14T21:55:33.100+0000] {processor.py:914} INFO - Processing file /home/airflow/.local/lib/python3.12/site-packages/airflow/example_dags/example_dag_decorator.py for tasks to queue
[2025-03-14T21:55:33.103+0000] {logging_mixin.py:190} INFO - [2025-03-14T21:55:33.102+0000] {dagbag.py:588} INFO - Filling up the DagBag from /home/airflow/.local/lib/python3.12/site-packages/airflow/example_dags/example_dag_decorator.py
[2025-03-14T21:55:33.235+0000] {processor.py:925} INFO - DAG(s) 'example_dag_decorator' retrieved from /home/airflow/.local/lib/python3.12/site-packages/airflow/example_dags/example_dag_decorator.py
[2025-03-14T21:55:33.329+0000] {logging_mixin.py:190} INFO - [2025-03-14T21:55:33.328+0000] {dag.py:3239} INFO - Sync 1 DAGs
[2025-03-14T21:55:33.338+0000] {logging_mixin.py:190} INFO - [2025-03-14T21:55:33.337+0000] {dag.py:4180} INFO - Setting next_dagrun for example_dag_decorator to None, run_after=None
[2025-03-14T21:55:33.351+0000] {processor.py:208} INFO - Processing /home/airflow/.local/lib/python3.12/site-packages/airflow/example_dags/example_dag_decorator.py took 0.282 seconds
[2025-03-14T21:56:03.471+0000] {processor.py:186} INFO - Started process (PID=570) to work on /home/airflow/.local/lib/python3.12/site-packages/airflow/example_dags/example_dag_decorator.py
[2025-03-14T21:56:03.475+0000] {processor.py:914} INFO - Processing file /home/airflow/.local/lib/python3.12/site-packages/airflow/example_dags/example_dag_decorator.py for tasks to queue
[2025-03-14T21:56:03.479+0000] {logging_mixin.py:190} INFO - [2025-03-14T21:56:03.479+0000] {dagbag.py:588} INFO - Filling up the DagBag from /home/airflow/.local/lib/python3.12/site-packages/airflow/example_dags/example_dag_decorator.py
[2025-03-14T21:56:03.580+0000] {processor.py:925} INFO - DAG(s) 'example_dag_decorator' retrieved from /home/airflow/.local/lib/python3.12/site-packages/airflow/example_dags/example_dag_decorator.py
[2025-03-14T21:56:03.650+0000] {logging_mixin.py:190} INFO - [2025-03-14T21:56:03.650+0000] {dag.py:3239} INFO - Sync 1 DAGs
[2025-03-14T21:56:03.656+0000] {logging_mixin.py:190} INFO - [2025-03-14T21:56:03.656+0000] {dag.py:4180} INFO - Setting next_dagrun for example_dag_decorator to None, run_after=None
[2025-03-14T21:56:03.669+0000] {processor.py:208} INFO - Processing /home/airflow/.local/lib/python3.12/site-packages/airflow/example_dags/example_dag_decorator.py took 0.210 seconds
[2025-03-14T21:56:34.106+0000] {processor.py:186} INFO - Started process (PID=634) to work on /home/airflow/.local/lib/python3.12/site-packages/airflow/example_dags/example_dag_decorator.py
[2025-03-14T21:56:34.108+0000] {processor.py:914} INFO - Processing file /home/airflow/.local/lib/python3.12/site-packages/airflow/example_dags/example_dag_decorator.py for tasks to queue
[2025-03-14T21:56:34.111+0000] {logging_mixin.py:190} INFO - [2025-03-14T21:56:34.111+0000] {dagbag.py:588} INFO - Filling up the DagBag from /home/airflow/.local/lib/python3.12/site-packages/airflow/example_dags/example_dag_decorator.py
[2025-03-14T21:56:34.199+0000] {processor.py:925} INFO - DAG(s) 'example_dag_decorator' retrieved from /home/airflow/.local/lib/python3.12/site-packages/airflow/example_dags/example_dag_decorator.py
[2025-03-14T21:56:34.271+0000] {logging_mixin.py:190} INFO - [2025-03-14T21:56:34.270+0000] {dag.py:3239} INFO - Sync 1 DAGs
[2025-03-14T21:56:34.290+0000] {logging_mixin.py:190} INFO - [2025-03-14T21:56:34.290+0000] {dag.py:4180} INFO - Setting next_dagrun for example_dag_decorator to None, run_after=None
[2025-03-14T21:56:34.303+0000] {processor.py:208} INFO - Processing /home/airflow/.local/lib/python3.12/site-packages/airflow/example_dags/example_dag_decorator.py took 0.206 seconds
[2025-03-14T21:57:04.666+0000] {processor.py:186} INFO - Started process (PID=697) to work on /home/airflow/.local/lib/python3.12/site-packages/airflow/example_dags/example_dag_decorator.py
[2025-03-14T21:57:04.667+0000] {processor.py:914} INFO - Processing file /home/airflow/.local/lib/python3.12/site-packages/airflow/example_dags/example_dag_decorator.py for tasks to queue
[2025-03-14T21:57:04.670+0000] {logging_mixin.py:190} INFO - [2025-03-14T21:57:04.670+0000] {dagbag.py:588} INFO - Filling up the DagBag from /home/airflow/.local/lib/python3.12/site-packages/airflow/example_dags/example_dag_decorator.py
[2025-03-14T21:57:04.758+0000] {processor.py:925} INFO - DAG(s) 'example_dag_decorator' retrieved from /home/airflow/.local/lib/python3.12/site-packages/airflow/example_dags/example_dag_decorator.py
[2025-03-14T21:57:04.837+0000] {logging_mixin.py:190} INFO - [2025-03-14T21:57:04.836+0000] {dag.py:3239} INFO - Sync 1 DAGs
[2025-03-14T21:57:04.844+0000] {logging_mixin.py:190} INFO - [2025-03-14T21:57:04.844+0000] {dag.py:4180} INFO - Setting next_dagrun for example_dag_decorator to None, run_after=None
[2025-03-14T21:57:04.854+0000] {processor.py:208} INFO - Processing /home/airflow/.local/lib/python3.12/site-packages/airflow/example_dags/example_dag_decorator.py took 0.198 seconds
[2025-03-14T21:57:35.256+0000] {processor.py:186} INFO - Started process (PID=760) to work on /home/airflow/.local/lib/python3.12/site-packages/airflow/example_dags/example_dag_decorator.py
[2025-03-14T21:57:35.259+0000] {processor.py:914} INFO - Processing file /home/airflow/.local/lib/python3.12/site-packages/airflow/example_dags/example_dag_decorator.py for tasks to queue
[2025-03-14T21:57:35.264+0000] {logging_mixin.py:190} INFO - [2025-03-14T21:57:35.264+0000] {dagbag.py:588} INFO - Filling up the DagBag from /home/airflow/.local/lib/python3.12/site-packages/airflow/example_dags/example_dag_decorator.py
[2025-03-14T21:57:35.370+0000] {processor.py:925} INFO - DAG(s) 'example_dag_decorator' retrieved from /home/airflow/.local/lib/python3.12/site-packages/airflow/example_dags/example_dag_decorator.py
[2025-03-14T21:57:35.454+0000] {logging_mixin.py:190} INFO - [2025-03-14T21:57:35.453+0000] {dag.py:3239} INFO - Sync 1 DAGs
[2025-03-14T21:57:35.460+0000] {logging_mixin.py:190} INFO - [2025-03-14T21:57:35.460+0000] {dag.py:4180} INFO - Setting next_dagrun for example_dag_decorator to None, run_after=None
[2025-03-14T21:57:35.471+0000] {processor.py:208} INFO - Processing /home/airflow/.local/lib/python3.12/site-packages/airflow/example_dags/example_dag_decorator.py took 0.222 seconds
[2025-03-14T21:58:05.585+0000] {processor.py:186} INFO - Started process (PID=823) to work on /home/airflow/.local/lib/python3.12/site-packages/airflow/example_dags/example_dag_decorator.py
[2025-03-14T21:58:05.586+0000] {processor.py:914} INFO - Processing file /home/airflow/.local/lib/python3.12/site-packages/airflow/example_dags/example_dag_decorator.py for tasks to queue
[2025-03-14T21:58:05.590+0000] {logging_mixin.py:190} INFO - [2025-03-14T21:58:05.589+0000] {dagbag.py:588} INFO - Filling up the DagBag from /home/airflow/.local/lib/python3.12/site-packages/airflow/example_dags/example_dag_decorator.py
[2025-03-14T21:58:05.683+0000] {processor.py:925} INFO - DAG(s) 'example_dag_decorator' retrieved from /home/airflow/.local/lib/python3.12/site-packages/airflow/example_dags/example_dag_decorator.py
[2025-03-14T21:58:05.711+0000] {logging_mixin.py:190} INFO - [2025-03-14T21:58:05.711+0000] {dag.py:3239} INFO - Sync 1 DAGs
[2025-03-14T21:58:05.720+0000] {logging_mixin.py:190} INFO - [2025-03-14T21:58:05.720+0000] {dag.py:4180} INFO - Setting next_dagrun for example_dag_decorator to None, run_after=None
[2025-03-14T21:58:05.733+0000] {processor.py:208} INFO - Processing /home/airflow/.local/lib/python3.12/site-packages/airflow/example_dags/example_dag_decorator.py took 0.155 seconds
[2025-03-14T21:58:36.345+0000] {processor.py:186} INFO - Started process (PID=886) to work on /home/airflow/.local/lib/python3.12/site-packages/airflow/example_dags/example_dag_decorator.py
[2025-03-14T21:58:36.347+0000] {processor.py:914} INFO - Processing file /home/airflow/.local/lib/python3.12/site-packages/airflow/example_dags/example_dag_decorator.py for tasks to queue
[2025-03-14T21:58:36.349+0000] {logging_mixin.py:190} INFO - [2025-03-14T21:58:36.349+0000] {dagbag.py:588} INFO - Filling up the DagBag from /home/airflow/.local/lib/python3.12/site-packages/airflow/example_dags/example_dag_decorator.py
[2025-03-14T21:58:36.442+0000] {processor.py:925} INFO - DAG(s) 'example_dag_decorator' retrieved from /home/airflow/.local/lib/python3.12/site-packages/airflow/example_dags/example_dag_decorator.py
[2025-03-14T21:58:36.522+0000] {logging_mixin.py:190} INFO - [2025-03-14T21:58:36.522+0000] {dag.py:3239} INFO - Sync 1 DAGs
[2025-03-14T21:58:36.528+0000] {logging_mixin.py:190} INFO - [2025-03-14T21:58:36.528+0000] {dag.py:4180} INFO - Setting next_dagrun for example_dag_decorator to None, run_after=None
[2025-03-14T21:58:36.536+0000] {processor.py:208} INFO - Processing /home/airflow/.local/lib/python3.12/site-packages/airflow/example_dags/example_dag_decorator.py took 0.197 seconds
[2025-03-14T21:59:06.586+0000] {processor.py:186} INFO - Started process (PID=949) to work on /home/airflow/.local/lib/python3.12/site-packages/airflow/example_dags/example_dag_decorator.py
[2025-03-14T21:59:06.591+0000] {processor.py:914} INFO - Processing file /home/airflow/.local/lib/python3.12/site-packages/airflow/example_dags/example_dag_decorator.py for tasks to queue
[2025-03-14T21:59:06.594+0000] {logging_mixin.py:190} INFO - [2025-03-14T21:59:06.594+0000] {dagbag.py:588} INFO - Filling up the DagBag from /home/airflow/.local/lib/python3.12/site-packages/airflow/example_dags/example_dag_decorator.py
[2025-03-14T21:59:06.678+0000] {processor.py:925} INFO - DAG(s) 'example_dag_decorator' retrieved from /home/airflow/.local/lib/python3.12/site-packages/airflow/example_dags/example_dag_decorator.py
[2025-03-14T21:59:06.789+0000] {logging_mixin.py:190} INFO - [2025-03-14T21:59:06.789+0000] {dag.py:3239} INFO - Sync 1 DAGs
[2025-03-14T21:59:06.797+0000] {logging_mixin.py:190} INFO - [2025-03-14T21:59:06.797+0000] {dag.py:4180} INFO - Setting next_dagrun for example_dag_decorator to None, run_after=None
[2025-03-14T21:59:06.814+0000] {processor.py:208} INFO - Processing /home/airflow/.local/lib/python3.12/site-packages/airflow/example_dags/example_dag_decorator.py took 0.235 seconds
[2025-03-14T21:59:36.952+0000] {processor.py:186} INFO - Started process (PID=1012) to work on /home/airflow/.local/lib/python3.12/site-packages/airflow/example_dags/example_dag_decorator.py
[2025-03-14T21:59:36.954+0000] {processor.py:914} INFO - Processing file /home/airflow/.local/lib/python3.12/site-packages/airflow/example_dags/example_dag_decorator.py for tasks to queue
[2025-03-14T21:59:36.958+0000] {logging_mixin.py:190} INFO - [2025-03-14T21:59:36.958+0000] {dagbag.py:588} INFO - Filling up the DagBag from /home/airflow/.local/lib/python3.12/site-packages/airflow/example_dags/example_dag_decorator.py
[2025-03-14T21:59:37.047+0000] {processor.py:925} INFO - DAG(s) 'example_dag_decorator' retrieved from /home/airflow/.local/lib/python3.12/site-packages/airflow/example_dags/example_dag_decorator.py
[2025-03-14T21:59:37.129+0000] {logging_mixin.py:190} INFO - [2025-03-14T21:59:37.129+0000] {dag.py:3239} INFO - Sync 1 DAGs
[2025-03-14T21:59:37.135+0000] {logging_mixin.py:190} INFO - [2025-03-14T21:59:37.135+0000] {dag.py:4180} INFO - Setting next_dagrun for example_dag_decorator to None, run_after=None
[2025-03-14T21:59:37.144+0000] {processor.py:208} INFO - Processing /home/airflow/.local/lib/python3.12/site-packages/airflow/example_dags/example_dag_decorator.py took 0.202 seconds
[2025-03-14T22:00:07.336+0000] {processor.py:186} INFO - Started process (PID=1075) to work on /home/airflow/.local/lib/python3.12/site-packages/airflow/example_dags/example_dag_decorator.py
[2025-03-14T22:00:07.351+0000] {processor.py:914} INFO - Processing file /home/airflow/.local/lib/python3.12/site-packages/airflow/example_dags/example_dag_decorator.py for tasks to queue
[2025-03-14T22:00:07.353+0000] {logging_mixin.py:190} INFO - [2025-03-14T22:00:07.352+0000] {dagbag.py:588} INFO - Filling up the DagBag from /home/airflow/.local/lib/python3.12/site-packages/airflow/example_dags/example_dag_decorator.py
[2025-03-14T22:00:07.433+0000] {processor.py:925} INFO - DAG(s) 'example_dag_decorator' retrieved from /home/airflow/.local/lib/python3.12/site-packages/airflow/example_dags/example_dag_decorator.py
[2025-03-14T22:00:07.491+0000] {logging_mixin.py:190} INFO - [2025-03-14T22:00:07.491+0000] {dag.py:3239} INFO - Sync 1 DAGs
[2025-03-14T22:00:07.500+0000] {logging_mixin.py:190} INFO - [2025-03-14T22:00:07.500+0000] {dag.py:4180} INFO - Setting next_dagrun for example_dag_decorator to None, run_after=None
[2025-03-14T22:00:07.507+0000] {processor.py:208} INFO - Processing /home/airflow/.local/lib/python3.12/site-packages/airflow/example_dags/example_dag_decorator.py took 0.182 seconds
[2025-03-14T22:00:38.054+0000] {processor.py:186} INFO - Started process (PID=1138) to work on /home/airflow/.local/lib/python3.12/site-packages/airflow/example_dags/example_dag_decorator.py
[2025-03-14T22:00:38.061+0000] {processor.py:914} INFO - Processing file /home/airflow/.local/lib/python3.12/site-packages/airflow/example_dags/example_dag_decorator.py for tasks to queue
[2025-03-14T22:00:38.067+0000] {logging_mixin.py:190} INFO - [2025-03-14T22:00:38.067+0000] {dagbag.py:588} INFO - Filling up the DagBag from /home/airflow/.local/lib/python3.12/site-packages/airflow/example_dags/example_dag_decorator.py
[2025-03-14T22:00:38.151+0000] {processor.py:925} INFO - DAG(s) 'example_dag_decorator' retrieved from /home/airflow/.local/lib/python3.12/site-packages/airflow/example_dags/example_dag_decorator.py
[2025-03-14T22:00:38.214+0000] {logging_mixin.py:190} INFO - [2025-03-14T22:00:38.214+0000] {dag.py:3239} INFO - Sync 1 DAGs
[2025-03-14T22:00:38.221+0000] {logging_mixin.py:190} INFO - [2025-03-14T22:00:38.221+0000] {dag.py:4180} INFO - Setting next_dagrun for example_dag_decorator to None, run_after=None
[2025-03-14T22:00:38.234+0000] {processor.py:208} INFO - Processing /home/airflow/.local/lib/python3.12/site-packages/airflow/example_dags/example_dag_decorator.py took 0.187 seconds
[2025-03-14T22:01:08.286+0000] {processor.py:186} INFO - Started process (PID=1204) to work on /home/airflow/.local/lib/python3.12/site-packages/airflow/example_dags/example_dag_decorator.py
[2025-03-14T22:01:08.288+0000] {processor.py:914} INFO - Processing file /home/airflow/.local/lib/python3.12/site-packages/airflow/example_dags/example_dag_decorator.py for tasks to queue
[2025-03-14T22:01:08.289+0000] {logging_mixin.py:190} INFO - [2025-03-14T22:01:08.289+0000] {dagbag.py:588} INFO - Filling up the DagBag from /home/airflow/.local/lib/python3.12/site-packages/airflow/example_dags/example_dag_decorator.py
[2025-03-14T22:01:08.352+0000] {processor.py:925} INFO - DAG(s) 'example_dag_decorator' retrieved from /home/airflow/.local/lib/python3.12/site-packages/airflow/example_dags/example_dag_decorator.py
[2025-03-14T22:01:08.405+0000] {logging_mixin.py:190} INFO - [2025-03-14T22:01:08.405+0000] {dag.py:3239} INFO - Sync 1 DAGs
[2025-03-14T22:01:08.410+0000] {logging_mixin.py:190} INFO - [2025-03-14T22:01:08.410+0000] {dag.py:4180} INFO - Setting next_dagrun for example_dag_decorator to None, run_after=None
[2025-03-14T22:01:08.418+0000] {processor.py:208} INFO - Processing /home/airflow/.local/lib/python3.12/site-packages/airflow/example_dags/example_dag_decorator.py took 0.138 seconds
[2025-03-14T22:01:38.693+0000] {processor.py:186} INFO - Started process (PID=1261) to work on /home/airflow/.local/lib/python3.12/site-packages/airflow/example_dags/example_dag_decorator.py
[2025-03-14T22:01:38.700+0000] {processor.py:914} INFO - Processing file /home/airflow/.local/lib/python3.12/site-packages/airflow/example_dags/example_dag_decorator.py for tasks to queue
[2025-03-14T22:01:38.703+0000] {logging_mixin.py:190} INFO - [2025-03-14T22:01:38.703+0000] {dagbag.py:588} INFO - Filling up the DagBag from /home/airflow/.local/lib/python3.12/site-packages/airflow/example_dags/example_dag_decorator.py
[2025-03-14T22:01:38.808+0000] {processor.py:925} INFO - DAG(s) 'example_dag_decorator' retrieved from /home/airflow/.local/lib/python3.12/site-packages/airflow/example_dags/example_dag_decorator.py
[2025-03-14T22:01:38.905+0000] {logging_mixin.py:190} INFO - [2025-03-14T22:01:38.905+0000] {dag.py:3239} INFO - Sync 1 DAGs
[2025-03-14T22:01:38.912+0000] {logging_mixin.py:190} INFO - [2025-03-14T22:01:38.912+0000] {dag.py:4180} INFO - Setting next_dagrun for example_dag_decorator to None, run_after=None
[2025-03-14T22:01:38.920+0000] {processor.py:208} INFO - Processing /home/airflow/.local/lib/python3.12/site-packages/airflow/example_dags/example_dag_decorator.py took 0.241 seconds
[2025-03-14T22:02:09.296+0000] {processor.py:186} INFO - Started process (PID=1324) to work on /home/airflow/.local/lib/python3.12/site-packages/airflow/example_dags/example_dag_decorator.py
[2025-03-14T22:02:09.298+0000] {processor.py:914} INFO - Processing file /home/airflow/.local/lib/python3.12/site-packages/airflow/example_dags/example_dag_decorator.py for tasks to queue
[2025-03-14T22:02:09.300+0000] {logging_mixin.py:190} INFO - [2025-03-14T22:02:09.300+0000] {dagbag.py:588} INFO - Filling up the DagBag from /home/airflow/.local/lib/python3.12/site-packages/airflow/example_dags/example_dag_decorator.py
[2025-03-14T22:02:09.395+0000] {processor.py:925} INFO - DAG(s) 'example_dag_decorator' retrieved from /home/airflow/.local/lib/python3.12/site-packages/airflow/example_dags/example_dag_decorator.py
[2025-03-14T22:02:09.463+0000] {logging_mixin.py:190} INFO - [2025-03-14T22:02:09.463+0000] {dag.py:3239} INFO - Sync 1 DAGs
[2025-03-14T22:02:09.468+0000] {logging_mixin.py:190} INFO - [2025-03-14T22:02:09.468+0000] {dag.py:4180} INFO - Setting next_dagrun for example_dag_decorator to None, run_after=None
[2025-03-14T22:02:09.482+0000] {processor.py:208} INFO - Processing /home/airflow/.local/lib/python3.12/site-packages/airflow/example_dags/example_dag_decorator.py took 0.191 seconds
[2025-03-14T22:02:39.687+0000] {processor.py:186} INFO - Started process (PID=1387) to work on /home/airflow/.local/lib/python3.12/site-packages/airflow/example_dags/example_dag_decorator.py
[2025-03-14T22:02:39.691+0000] {processor.py:914} INFO - Processing file /home/airflow/.local/lib/python3.12/site-packages/airflow/example_dags/example_dag_decorator.py for tasks to queue
[2025-03-14T22:02:39.694+0000] {logging_mixin.py:190} INFO - [2025-03-14T22:02:39.694+0000] {dagbag.py:588} INFO - Filling up the DagBag from /home/airflow/.local/lib/python3.12/site-packages/airflow/example_dags/example_dag_decorator.py
[2025-03-14T22:02:39.790+0000] {processor.py:925} INFO - DAG(s) 'example_dag_decorator' retrieved from /home/airflow/.local/lib/python3.12/site-packages/airflow/example_dags/example_dag_decorator.py
[2025-03-14T22:02:39.862+0000] {logging_mixin.py:190} INFO - [2025-03-14T22:02:39.862+0000] {dag.py:3239} INFO - Sync 1 DAGs
[2025-03-14T22:02:39.871+0000] {logging_mixin.py:190} INFO - [2025-03-14T22:02:39.871+0000] {dag.py:4180} INFO - Setting next_dagrun for example_dag_decorator to None, run_after=None
[2025-03-14T22:02:39.881+0000] {processor.py:208} INFO - Processing /home/airflow/.local/lib/python3.12/site-packages/airflow/example_dags/example_dag_decorator.py took 0.202 seconds
[2025-03-14T22:03:10.135+0000] {processor.py:186} INFO - Started process (PID=1449) to work on /home/airflow/.local/lib/python3.12/site-packages/airflow/example_dags/example_dag_decorator.py
[2025-03-14T22:03:10.143+0000] {processor.py:914} INFO - Processing file /home/airflow/.local/lib/python3.12/site-packages/airflow/example_dags/example_dag_decorator.py for tasks to queue
[2025-03-14T22:03:10.154+0000] {logging_mixin.py:190} INFO - [2025-03-14T22:03:10.153+0000] {dagbag.py:588} INFO - Filling up the DagBag from /home/airflow/.local/lib/python3.12/site-packages/airflow/example_dags/example_dag_decorator.py
[2025-03-14T22:03:10.254+0000] {processor.py:925} INFO - DAG(s) 'example_dag_decorator' retrieved from /home/airflow/.local/lib/python3.12/site-packages/airflow/example_dags/example_dag_decorator.py
[2025-03-14T22:03:10.269+0000] {logging_mixin.py:190} INFO - [2025-03-14T22:03:10.269+0000] {dag.py:3239} INFO - Sync 1 DAGs
[2025-03-14T22:03:10.276+0000] {logging_mixin.py:190} INFO - [2025-03-14T22:03:10.276+0000] {dag.py:4180} INFO - Setting next_dagrun for example_dag_decorator to None, run_after=None
[2025-03-14T22:03:10.286+0000] {processor.py:208} INFO - Processing /home/airflow/.local/lib/python3.12/site-packages/airflow/example_dags/example_dag_decorator.py took 0.162 seconds
[2025-03-14T22:03:40.366+0000] {processor.py:186} INFO - Started process (PID=1512) to work on /home/airflow/.local/lib/python3.12/site-packages/airflow/example_dags/example_dag_decorator.py
[2025-03-14T22:03:40.367+0000] {processor.py:914} INFO - Processing file /home/airflow/.local/lib/python3.12/site-packages/airflow/example_dags/example_dag_decorator.py for tasks to queue
[2025-03-14T22:03:40.369+0000] {logging_mixin.py:190} INFO - [2025-03-14T22:03:40.369+0000] {dagbag.py:588} INFO - Filling up the DagBag from /home/airflow/.local/lib/python3.12/site-packages/airflow/example_dags/example_dag_decorator.py
[2025-03-14T22:03:40.456+0000] {processor.py:925} INFO - DAG(s) 'example_dag_decorator' retrieved from /home/airflow/.local/lib/python3.12/site-packages/airflow/example_dags/example_dag_decorator.py
[2025-03-14T22:03:40.522+0000] {logging_mixin.py:190} INFO - [2025-03-14T22:03:40.522+0000] {dag.py:3239} INFO - Sync 1 DAGs
[2025-03-14T22:03:40.528+0000] {logging_mixin.py:190} INFO - [2025-03-14T22:03:40.528+0000] {dag.py:4180} INFO - Setting next_dagrun for example_dag_decorator to None, run_after=None
[2025-03-14T22:03:40.540+0000] {processor.py:208} INFO - Processing /home/airflow/.local/lib/python3.12/site-packages/airflow/example_dags/example_dag_decorator.py took 0.179 seconds
