[2025-03-14T21:34:58.774+0000] {processor.py:186} INFO - Started process (PID=71) to work on /home/airflow/.local/lib/python3.12/site-packages/airflow/example_dags/example_branch_labels.py
[2025-03-14T21:34:58.774+0000] {processor.py:914} INFO - Processing file /home/airflow/.local/lib/python3.12/site-packages/airflow/example_dags/example_branch_labels.py for tasks to queue
[2025-03-14T21:34:58.777+0000] {logging_mixin.py:190} INFO - [2025-03-14T21:34:58.777+0000] {dagbag.py:588} INFO - Filling up the DagBag from /home/airflow/.local/lib/python3.12/site-packages/airflow/example_dags/example_branch_labels.py
[2025-03-14T21:34:58.807+0000] {processor.py:925} INFO - DAG(s) 'example_branch_labels' retrieved from /home/airflow/.local/lib/python3.12/site-packages/airflow/example_dags/example_branch_labels.py
[2025-03-14T21:34:59.156+0000] {logging_mixin.py:190} INFO - [2025-03-14T21:34:59.155+0000] {override.py:1912} INFO - Created Permission View: can edit on DAG:example_branch_labels
[2025-03-14T21:34:59.173+0000] {logging_mixin.py:190} INFO - [2025-03-14T21:34:59.173+0000] {override.py:1912} INFO - Created Permission View: can delete on DAG:example_branch_labels
[2025-03-14T21:34:59.178+0000] {logging_mixin.py:190} INFO - [2025-03-14T21:34:59.178+0000] {override.py:1912} INFO - Created Permission View: can read on DAG:example_branch_labels
[2025-03-14T21:34:59.185+0000] {logging_mixin.py:190} INFO - [2025-03-14T21:34:59.185+0000] {override.py:1912} INFO - Created Permission View: menu access on DAG Run:example_branch_labels
[2025-03-14T21:34:59.189+0000] {logging_mixin.py:190} INFO - [2025-03-14T21:34:59.188+0000] {override.py:1912} INFO - Created Permission View: can create on DAG Run:example_branch_labels
[2025-03-14T21:34:59.192+0000] {logging_mixin.py:190} INFO - [2025-03-14T21:34:59.192+0000] {override.py:1912} INFO - Created Permission View: can delete on DAG Run:example_branch_labels
[2025-03-14T21:34:59.196+0000] {logging_mixin.py:190} INFO - [2025-03-14T21:34:59.196+0000] {override.py:1912} INFO - Created Permission View: can read on DAG Run:example_branch_labels
[2025-03-14T21:34:59.196+0000] {logging_mixin.py:190} INFO - [2025-03-14T21:34:59.196+0000] {dag.py:3239} INFO - Sync 1 DAGs
[2025-03-14T21:34:59.233+0000] {logging_mixin.py:190} INFO - [2025-03-14T21:34:59.233+0000] {dag.py:3262} INFO - Creating ORM DAG for example_branch_labels
[2025-03-14T21:34:59.268+0000] {logging_mixin.py:190} INFO - [2025-03-14T21:34:59.267+0000] {dag.py:4180} INFO - Setting next_dagrun for example_branch_labels to 2025-03-13 00:00:00+00:00, run_after=2025-03-14 00:00:00+00:00
[2025-03-14T21:34:59.284+0000] {processor.py:208} INFO - Processing /home/airflow/.local/lib/python3.12/site-packages/airflow/example_dags/example_branch_labels.py took 0.515 seconds
[2025-03-14T21:35:29.831+0000] {processor.py:186} INFO - Started process (PID=134) to work on /home/airflow/.local/lib/python3.12/site-packages/airflow/example_dags/example_branch_labels.py
[2025-03-14T21:35:29.832+0000] {processor.py:914} INFO - Processing file /home/airflow/.local/lib/python3.12/site-packages/airflow/example_dags/example_branch_labels.py for tasks to queue
[2025-03-14T21:35:29.836+0000] {logging_mixin.py:190} INFO - [2025-03-14T21:35:29.836+0000] {dagbag.py:588} INFO - Filling up the DagBag from /home/airflow/.local/lib/python3.12/site-packages/airflow/example_dags/example_branch_labels.py
[2025-03-14T21:35:29.848+0000] {processor.py:925} INFO - DAG(s) 'example_branch_labels' retrieved from /home/airflow/.local/lib/python3.12/site-packages/airflow/example_dags/example_branch_labels.py
[2025-03-14T21:35:29.869+0000] {logging_mixin.py:190} INFO - [2025-03-14T21:35:29.868+0000] {dag.py:3239} INFO - Sync 1 DAGs
[2025-03-14T21:35:29.887+0000] {logging_mixin.py:190} INFO - [2025-03-14T21:35:29.887+0000] {dag.py:4180} INFO - Setting next_dagrun for example_branch_labels to 2025-03-13 00:00:00+00:00, run_after=2025-03-14 00:00:00+00:00
[2025-03-14T21:35:29.898+0000] {processor.py:208} INFO - Processing /home/airflow/.local/lib/python3.12/site-packages/airflow/example_dags/example_branch_labels.py took 0.071 seconds
[2025-03-14T21:36:00.054+0000] {processor.py:186} INFO - Started process (PID=197) to work on /home/airflow/.local/lib/python3.12/site-packages/airflow/example_dags/example_branch_labels.py
[2025-03-14T21:36:00.055+0000] {processor.py:914} INFO - Processing file /home/airflow/.local/lib/python3.12/site-packages/airflow/example_dags/example_branch_labels.py for tasks to queue
[2025-03-14T21:36:00.056+0000] {logging_mixin.py:190} INFO - [2025-03-14T21:36:00.056+0000] {dagbag.py:588} INFO - Filling up the DagBag from /home/airflow/.local/lib/python3.12/site-packages/airflow/example_dags/example_branch_labels.py
[2025-03-14T21:36:00.061+0000] {processor.py:925} INFO - DAG(s) 'example_branch_labels' retrieved from /home/airflow/.local/lib/python3.12/site-packages/airflow/example_dags/example_branch_labels.py
[2025-03-14T21:36:00.070+0000] {logging_mixin.py:190} INFO - [2025-03-14T21:36:00.070+0000] {dag.py:3239} INFO - Sync 1 DAGs
[2025-03-14T21:36:00.079+0000] {logging_mixin.py:190} INFO - [2025-03-14T21:36:00.079+0000] {dag.py:4180} INFO - Setting next_dagrun for example_branch_labels to 2025-03-13 00:00:00+00:00, run_after=2025-03-14 00:00:00+00:00
[2025-03-14T21:36:00.086+0000] {processor.py:208} INFO - Processing /home/airflow/.local/lib/python3.12/site-packages/airflow/example_dags/example_branch_labels.py took 0.035 seconds
[2025-03-14T21:36:30.659+0000] {processor.py:186} INFO - Started process (PID=259) to work on /home/airflow/.local/lib/python3.12/site-packages/airflow/example_dags/example_branch_labels.py
[2025-03-14T21:36:30.660+0000] {processor.py:914} INFO - Processing file /home/airflow/.local/lib/python3.12/site-packages/airflow/example_dags/example_branch_labels.py for tasks to queue
[2025-03-14T21:36:30.661+0000] {logging_mixin.py:190} INFO - [2025-03-14T21:36:30.661+0000] {dagbag.py:588} INFO - Filling up the DagBag from /home/airflow/.local/lib/python3.12/site-packages/airflow/example_dags/example_branch_labels.py
[2025-03-14T21:36:30.666+0000] {processor.py:925} INFO - DAG(s) 'example_branch_labels' retrieved from /home/airflow/.local/lib/python3.12/site-packages/airflow/example_dags/example_branch_labels.py
[2025-03-14T21:36:30.677+0000] {logging_mixin.py:190} INFO - [2025-03-14T21:36:30.677+0000] {dag.py:3239} INFO - Sync 1 DAGs
[2025-03-14T21:36:30.692+0000] {logging_mixin.py:190} INFO - [2025-03-14T21:36:30.692+0000] {dag.py:4180} INFO - Setting next_dagrun for example_branch_labels to 2025-03-13 00:00:00+00:00, run_after=2025-03-14 00:00:00+00:00
[2025-03-14T21:36:30.700+0000] {processor.py:208} INFO - Processing /home/airflow/.local/lib/python3.12/site-packages/airflow/example_dags/example_branch_labels.py took 0.043 seconds
[2025-03-14T21:37:00.923+0000] {processor.py:186} INFO - Started process (PID=322) to work on /home/airflow/.local/lib/python3.12/site-packages/airflow/example_dags/example_branch_labels.py
[2025-03-14T21:37:00.924+0000] {processor.py:914} INFO - Processing file /home/airflow/.local/lib/python3.12/site-packages/airflow/example_dags/example_branch_labels.py for tasks to queue
[2025-03-14T21:37:00.926+0000] {logging_mixin.py:190} INFO - [2025-03-14T21:37:00.926+0000] {dagbag.py:588} INFO - Filling up the DagBag from /home/airflow/.local/lib/python3.12/site-packages/airflow/example_dags/example_branch_labels.py
[2025-03-14T21:37:00.932+0000] {processor.py:925} INFO - DAG(s) 'example_branch_labels' retrieved from /home/airflow/.local/lib/python3.12/site-packages/airflow/example_dags/example_branch_labels.py
[2025-03-14T21:37:00.946+0000] {logging_mixin.py:190} INFO - [2025-03-14T21:37:00.945+0000] {dag.py:3239} INFO - Sync 1 DAGs
[2025-03-14T21:37:00.964+0000] {logging_mixin.py:190} INFO - [2025-03-14T21:37:00.963+0000] {dag.py:4180} INFO - Setting next_dagrun for example_branch_labels to 2025-03-13 00:00:00+00:00, run_after=2025-03-14 00:00:00+00:00
[2025-03-14T21:37:00.982+0000] {processor.py:208} INFO - Processing /home/airflow/.local/lib/python3.12/site-packages/airflow/example_dags/example_branch_labels.py took 0.062 seconds
[2025-03-14T21:37:31.394+0000] {processor.py:186} INFO - Started process (PID=385) to work on /home/airflow/.local/lib/python3.12/site-packages/airflow/example_dags/example_branch_labels.py
[2025-03-14T21:37:31.395+0000] {processor.py:914} INFO - Processing file /home/airflow/.local/lib/python3.12/site-packages/airflow/example_dags/example_branch_labels.py for tasks to queue
[2025-03-14T21:37:31.397+0000] {logging_mixin.py:190} INFO - [2025-03-14T21:37:31.397+0000] {dagbag.py:588} INFO - Filling up the DagBag from /home/airflow/.local/lib/python3.12/site-packages/airflow/example_dags/example_branch_labels.py
[2025-03-14T21:37:31.414+0000] {processor.py:925} INFO - DAG(s) 'example_branch_labels' retrieved from /home/airflow/.local/lib/python3.12/site-packages/airflow/example_dags/example_branch_labels.py
[2025-03-14T21:37:31.426+0000] {logging_mixin.py:190} INFO - [2025-03-14T21:37:31.426+0000] {dag.py:3239} INFO - Sync 1 DAGs
[2025-03-14T21:37:31.442+0000] {logging_mixin.py:190} INFO - [2025-03-14T21:37:31.442+0000] {dag.py:4180} INFO - Setting next_dagrun for example_branch_labels to 2025-03-13 00:00:00+00:00, run_after=2025-03-14 00:00:00+00:00
[2025-03-14T21:37:31.453+0000] {processor.py:208} INFO - Processing /home/airflow/.local/lib/python3.12/site-packages/airflow/example_dags/example_branch_labels.py took 0.064 seconds
[2025-03-14T21:38:01.531+0000] {processor.py:186} INFO - Started process (PID=447) to work on /home/airflow/.local/lib/python3.12/site-packages/airflow/example_dags/example_branch_labels.py
[2025-03-14T21:38:01.532+0000] {processor.py:914} INFO - Processing file /home/airflow/.local/lib/python3.12/site-packages/airflow/example_dags/example_branch_labels.py for tasks to queue
[2025-03-14T21:38:01.534+0000] {logging_mixin.py:190} INFO - [2025-03-14T21:38:01.534+0000] {dagbag.py:588} INFO - Filling up the DagBag from /home/airflow/.local/lib/python3.12/site-packages/airflow/example_dags/example_branch_labels.py
[2025-03-14T21:38:01.540+0000] {processor.py:925} INFO - DAG(s) 'example_branch_labels' retrieved from /home/airflow/.local/lib/python3.12/site-packages/airflow/example_dags/example_branch_labels.py
[2025-03-14T21:38:01.549+0000] {logging_mixin.py:190} INFO - [2025-03-14T21:38:01.549+0000] {dag.py:3239} INFO - Sync 1 DAGs
[2025-03-14T21:38:01.562+0000] {logging_mixin.py:190} INFO - [2025-03-14T21:38:01.562+0000] {dag.py:4180} INFO - Setting next_dagrun for example_branch_labels to 2025-03-13 00:00:00+00:00, run_after=2025-03-14 00:00:00+00:00
[2025-03-14T21:38:01.570+0000] {processor.py:208} INFO - Processing /home/airflow/.local/lib/python3.12/site-packages/airflow/example_dags/example_branch_labels.py took 0.044 seconds
[2025-03-14T21:38:32.310+0000] {processor.py:186} INFO - Started process (PID=510) to work on /home/airflow/.local/lib/python3.12/site-packages/airflow/example_dags/example_branch_labels.py
[2025-03-14T21:38:32.312+0000] {processor.py:914} INFO - Processing file /home/airflow/.local/lib/python3.12/site-packages/airflow/example_dags/example_branch_labels.py for tasks to queue
[2025-03-14T21:38:32.316+0000] {logging_mixin.py:190} INFO - [2025-03-14T21:38:32.316+0000] {dagbag.py:588} INFO - Filling up the DagBag from /home/airflow/.local/lib/python3.12/site-packages/airflow/example_dags/example_branch_labels.py
[2025-03-14T21:38:32.343+0000] {processor.py:925} INFO - DAG(s) 'example_branch_labels' retrieved from /home/airflow/.local/lib/python3.12/site-packages/airflow/example_dags/example_branch_labels.py
[2025-03-14T21:38:32.376+0000] {logging_mixin.py:190} INFO - [2025-03-14T21:38:32.376+0000] {dag.py:3239} INFO - Sync 1 DAGs
[2025-03-14T21:38:32.458+0000] {logging_mixin.py:190} INFO - [2025-03-14T21:38:32.456+0000] {dag.py:4180} INFO - Setting next_dagrun for example_branch_labels to 2025-03-13 00:00:00+00:00, run_after=2025-03-14 00:00:00+00:00
[2025-03-14T21:38:32.486+0000] {processor.py:208} INFO - Processing /home/airflow/.local/lib/python3.12/site-packages/airflow/example_dags/example_branch_labels.py took 0.184 seconds
[2025-03-14T21:39:03.219+0000] {processor.py:186} INFO - Started process (PID=573) to work on /home/airflow/.local/lib/python3.12/site-packages/airflow/example_dags/example_branch_labels.py
[2025-03-14T21:39:03.221+0000] {processor.py:914} INFO - Processing file /home/airflow/.local/lib/python3.12/site-packages/airflow/example_dags/example_branch_labels.py for tasks to queue
[2025-03-14T21:39:03.222+0000] {logging_mixin.py:190} INFO - [2025-03-14T21:39:03.221+0000] {dagbag.py:588} INFO - Filling up the DagBag from /home/airflow/.local/lib/python3.12/site-packages/airflow/example_dags/example_branch_labels.py
[2025-03-14T21:39:03.227+0000] {processor.py:925} INFO - DAG(s) 'example_branch_labels' retrieved from /home/airflow/.local/lib/python3.12/site-packages/airflow/example_dags/example_branch_labels.py
[2025-03-14T21:39:03.247+0000] {logging_mixin.py:190} INFO - [2025-03-14T21:39:03.247+0000] {dag.py:3239} INFO - Sync 1 DAGs
[2025-03-14T21:39:03.283+0000] {logging_mixin.py:190} INFO - [2025-03-14T21:39:03.282+0000] {dag.py:4180} INFO - Setting next_dagrun for example_branch_labels to 2025-03-13 00:00:00+00:00, run_after=2025-03-14 00:00:00+00:00
[2025-03-14T21:39:03.297+0000] {processor.py:208} INFO - Processing /home/airflow/.local/lib/python3.12/site-packages/airflow/example_dags/example_branch_labels.py took 0.081 seconds
[2025-03-14T21:39:33.808+0000] {processor.py:186} INFO - Started process (PID=636) to work on /home/airflow/.local/lib/python3.12/site-packages/airflow/example_dags/example_branch_labels.py
[2025-03-14T21:39:33.809+0000] {processor.py:914} INFO - Processing file /home/airflow/.local/lib/python3.12/site-packages/airflow/example_dags/example_branch_labels.py for tasks to queue
[2025-03-14T21:39:33.810+0000] {logging_mixin.py:190} INFO - [2025-03-14T21:39:33.810+0000] {dagbag.py:588} INFO - Filling up the DagBag from /home/airflow/.local/lib/python3.12/site-packages/airflow/example_dags/example_branch_labels.py
[2025-03-14T21:39:33.815+0000] {processor.py:925} INFO - DAG(s) 'example_branch_labels' retrieved from /home/airflow/.local/lib/python3.12/site-packages/airflow/example_dags/example_branch_labels.py
[2025-03-14T21:39:33.825+0000] {logging_mixin.py:190} INFO - [2025-03-14T21:39:33.825+0000] {dag.py:3239} INFO - Sync 1 DAGs
[2025-03-14T21:39:33.836+0000] {logging_mixin.py:190} INFO - [2025-03-14T21:39:33.835+0000] {dag.py:4180} INFO - Setting next_dagrun for example_branch_labels to 2025-03-13 00:00:00+00:00, run_after=2025-03-14 00:00:00+00:00
[2025-03-14T21:39:33.844+0000] {processor.py:208} INFO - Processing /home/airflow/.local/lib/python3.12/site-packages/airflow/example_dags/example_branch_labels.py took 0.039 seconds
[2025-03-14T21:43:57.951+0000] {processor.py:186} INFO - Started process (PID=80) to work on /home/airflow/.local/lib/python3.12/site-packages/airflow/example_dags/example_branch_labels.py
[2025-03-14T21:43:57.956+0000] {processor.py:914} INFO - Processing file /home/airflow/.local/lib/python3.12/site-packages/airflow/example_dags/example_branch_labels.py for tasks to queue
[2025-03-14T21:43:57.959+0000] {logging_mixin.py:190} INFO - [2025-03-14T21:43:57.958+0000] {dagbag.py:588} INFO - Filling up the DagBag from /home/airflow/.local/lib/python3.12/site-packages/airflow/example_dags/example_branch_labels.py
[2025-03-14T21:43:57.982+0000] {processor.py:925} INFO - DAG(s) 'example_branch_labels' retrieved from /home/airflow/.local/lib/python3.12/site-packages/airflow/example_dags/example_branch_labels.py
[2025-03-14T21:43:58.015+0000] {logging_mixin.py:190} INFO - [2025-03-14T21:43:58.015+0000] {dag.py:3239} INFO - Sync 1 DAGs
[2025-03-14T21:43:58.054+0000] {logging_mixin.py:190} INFO - [2025-03-14T21:43:58.054+0000] {dag.py:4180} INFO - Setting next_dagrun for example_branch_labels to 2025-03-13 00:00:00+00:00, run_after=2025-03-14 00:00:00+00:00
[2025-03-14T21:43:58.084+0000] {processor.py:208} INFO - Processing /home/airflow/.local/lib/python3.12/site-packages/airflow/example_dags/example_branch_labels.py took 0.140 seconds
[2025-03-14T21:44:28.852+0000] {processor.py:186} INFO - Started process (PID=142) to work on /home/airflow/.local/lib/python3.12/site-packages/airflow/example_dags/example_branch_labels.py
[2025-03-14T21:44:28.854+0000] {processor.py:914} INFO - Processing file /home/airflow/.local/lib/python3.12/site-packages/airflow/example_dags/example_branch_labels.py for tasks to queue
[2025-03-14T21:44:28.856+0000] {logging_mixin.py:190} INFO - [2025-03-14T21:44:28.856+0000] {dagbag.py:588} INFO - Filling up the DagBag from /home/airflow/.local/lib/python3.12/site-packages/airflow/example_dags/example_branch_labels.py
[2025-03-14T21:44:28.866+0000] {processor.py:925} INFO - DAG(s) 'example_branch_labels' retrieved from /home/airflow/.local/lib/python3.12/site-packages/airflow/example_dags/example_branch_labels.py
[2025-03-14T21:44:28.885+0000] {logging_mixin.py:190} INFO - [2025-03-14T21:44:28.885+0000] {dag.py:3239} INFO - Sync 1 DAGs
[2025-03-14T21:44:28.904+0000] {logging_mixin.py:190} INFO - [2025-03-14T21:44:28.904+0000] {dag.py:4180} INFO - Setting next_dagrun for example_branch_labels to 2025-03-13 00:00:00+00:00, run_after=2025-03-14 00:00:00+00:00
[2025-03-14T21:44:28.916+0000] {processor.py:208} INFO - Processing /home/airflow/.local/lib/python3.12/site-packages/airflow/example_dags/example_branch_labels.py took 0.068 seconds
[2025-03-14T21:45:01.181+0000] {processor.py:186} INFO - Started process (PID=205) to work on /home/airflow/.local/lib/python3.12/site-packages/airflow/example_dags/example_branch_labels.py
[2025-03-14T21:45:01.184+0000] {processor.py:914} INFO - Processing file /home/airflow/.local/lib/python3.12/site-packages/airflow/example_dags/example_branch_labels.py for tasks to queue
[2025-03-14T21:45:01.186+0000] {logging_mixin.py:190} INFO - [2025-03-14T21:45:01.186+0000] {dagbag.py:588} INFO - Filling up the DagBag from /home/airflow/.local/lib/python3.12/site-packages/airflow/example_dags/example_branch_labels.py
[2025-03-14T21:45:01.211+0000] {processor.py:925} INFO - DAG(s) 'example_branch_labels' retrieved from /home/airflow/.local/lib/python3.12/site-packages/airflow/example_dags/example_branch_labels.py
[2025-03-14T21:45:01.244+0000] {logging_mixin.py:190} INFO - [2025-03-14T21:45:01.244+0000] {dag.py:3239} INFO - Sync 1 DAGs
[2025-03-14T21:45:01.270+0000] {logging_mixin.py:190} INFO - [2025-03-14T21:45:01.270+0000] {dag.py:4180} INFO - Setting next_dagrun for example_branch_labels to 2025-03-13 00:00:00+00:00, run_after=2025-03-14 00:00:00+00:00
[2025-03-14T21:45:01.296+0000] {processor.py:208} INFO - Processing /home/airflow/.local/lib/python3.12/site-packages/airflow/example_dags/example_branch_labels.py took 0.126 seconds
[2025-03-14T21:45:31.527+0000] {processor.py:186} INFO - Started process (PID=267) to work on /home/airflow/.local/lib/python3.12/site-packages/airflow/example_dags/example_branch_labels.py
[2025-03-14T21:45:31.530+0000] {processor.py:914} INFO - Processing file /home/airflow/.local/lib/python3.12/site-packages/airflow/example_dags/example_branch_labels.py for tasks to queue
[2025-03-14T21:45:31.532+0000] {logging_mixin.py:190} INFO - [2025-03-14T21:45:31.532+0000] {dagbag.py:588} INFO - Filling up the DagBag from /home/airflow/.local/lib/python3.12/site-packages/airflow/example_dags/example_branch_labels.py
[2025-03-14T21:45:31.539+0000] {processor.py:925} INFO - DAG(s) 'example_branch_labels' retrieved from /home/airflow/.local/lib/python3.12/site-packages/airflow/example_dags/example_branch_labels.py
[2025-03-14T21:45:31.561+0000] {logging_mixin.py:190} INFO - [2025-03-14T21:45:31.561+0000] {dag.py:3239} INFO - Sync 1 DAGs
[2025-03-14T21:45:31.585+0000] {logging_mixin.py:190} INFO - [2025-03-14T21:45:31.585+0000] {dag.py:4180} INFO - Setting next_dagrun for example_branch_labels to 2025-03-13 00:00:00+00:00, run_after=2025-03-14 00:00:00+00:00
[2025-03-14T21:45:31.616+0000] {processor.py:208} INFO - Processing /home/airflow/.local/lib/python3.12/site-packages/airflow/example_dags/example_branch_labels.py took 0.094 seconds
[2025-03-14T21:46:01.961+0000] {processor.py:186} INFO - Started process (PID=330) to work on /home/airflow/.local/lib/python3.12/site-packages/airflow/example_dags/example_branch_labels.py
[2025-03-14T21:46:01.963+0000] {processor.py:914} INFO - Processing file /home/airflow/.local/lib/python3.12/site-packages/airflow/example_dags/example_branch_labels.py for tasks to queue
[2025-03-14T21:46:01.964+0000] {logging_mixin.py:190} INFO - [2025-03-14T21:46:01.964+0000] {dagbag.py:588} INFO - Filling up the DagBag from /home/airflow/.local/lib/python3.12/site-packages/airflow/example_dags/example_branch_labels.py
[2025-03-14T21:46:01.974+0000] {processor.py:925} INFO - DAG(s) 'example_branch_labels' retrieved from /home/airflow/.local/lib/python3.12/site-packages/airflow/example_dags/example_branch_labels.py
[2025-03-14T21:46:01.995+0000] {logging_mixin.py:190} INFO - [2025-03-14T21:46:01.995+0000] {dag.py:3239} INFO - Sync 1 DAGs
[2025-03-14T21:46:02.009+0000] {logging_mixin.py:190} INFO - [2025-03-14T21:46:02.009+0000] {dag.py:4180} INFO - Setting next_dagrun for example_branch_labels to 2025-03-13 00:00:00+00:00, run_after=2025-03-14 00:00:00+00:00
[2025-03-14T21:46:02.017+0000] {processor.py:208} INFO - Processing /home/airflow/.local/lib/python3.12/site-packages/airflow/example_dags/example_branch_labels.py took 0.061 seconds
[2025-03-14T21:46:37.049+0000] {processor.py:186} INFO - Started process (PID=393) to work on /home/airflow/.local/lib/python3.12/site-packages/airflow/example_dags/example_branch_labels.py
[2025-03-14T21:46:37.051+0000] {processor.py:914} INFO - Processing file /home/airflow/.local/lib/python3.12/site-packages/airflow/example_dags/example_branch_labels.py for tasks to queue
[2025-03-14T21:46:37.054+0000] {logging_mixin.py:190} INFO - [2025-03-14T21:46:37.054+0000] {dagbag.py:588} INFO - Filling up the DagBag from /home/airflow/.local/lib/python3.12/site-packages/airflow/example_dags/example_branch_labels.py
[2025-03-14T21:46:37.071+0000] {processor.py:925} INFO - DAG(s) 'example_branch_labels' retrieved from /home/airflow/.local/lib/python3.12/site-packages/airflow/example_dags/example_branch_labels.py
[2025-03-14T21:46:37.088+0000] {logging_mixin.py:190} INFO - [2025-03-14T21:46:37.087+0000] {dag.py:3239} INFO - Sync 1 DAGs
[2025-03-14T21:46:37.102+0000] {logging_mixin.py:190} INFO - [2025-03-14T21:46:37.102+0000] {dag.py:4180} INFO - Setting next_dagrun for example_branch_labels to 2025-03-13 00:00:00+00:00, run_after=2025-03-14 00:00:00+00:00
[2025-03-14T21:46:37.110+0000] {processor.py:208} INFO - Processing /home/airflow/.local/lib/python3.12/site-packages/airflow/example_dags/example_branch_labels.py took 0.071 seconds
[2025-03-14T21:51:59.904+0000] {processor.py:186} INFO - Started process (PID=72) to work on /home/airflow/.local/lib/python3.12/site-packages/airflow/example_dags/example_branch_labels.py
[2025-03-14T21:51:59.909+0000] {processor.py:914} INFO - Processing file /home/airflow/.local/lib/python3.12/site-packages/airflow/example_dags/example_branch_labels.py for tasks to queue
[2025-03-14T21:51:59.911+0000] {logging_mixin.py:190} INFO - [2025-03-14T21:51:59.911+0000] {dagbag.py:588} INFO - Filling up the DagBag from /home/airflow/.local/lib/python3.12/site-packages/airflow/example_dags/example_branch_labels.py
[2025-03-14T21:51:59.918+0000] {processor.py:925} INFO - DAG(s) 'example_branch_labels' retrieved from /home/airflow/.local/lib/python3.12/site-packages/airflow/example_dags/example_branch_labels.py
[2025-03-14T21:51:59.943+0000] {logging_mixin.py:190} INFO - [2025-03-14T21:51:59.943+0000] {dag.py:3239} INFO - Sync 1 DAGs
[2025-03-14T21:51:59.977+0000] {logging_mixin.py:190} INFO - [2025-03-14T21:51:59.977+0000] {dag.py:4180} INFO - Setting next_dagrun for example_branch_labels to 2025-03-13 00:00:00+00:00, run_after=2025-03-14 00:00:00+00:00
[2025-03-14T21:51:59.985+0000] {processor.py:208} INFO - Processing /home/airflow/.local/lib/python3.12/site-packages/airflow/example_dags/example_branch_labels.py took 0.084 seconds
[2025-03-14T21:52:30.795+0000] {processor.py:186} INFO - Started process (PID=135) to work on /home/airflow/.local/lib/python3.12/site-packages/airflow/example_dags/example_branch_labels.py
[2025-03-14T21:52:30.797+0000] {processor.py:914} INFO - Processing file /home/airflow/.local/lib/python3.12/site-packages/airflow/example_dags/example_branch_labels.py for tasks to queue
[2025-03-14T21:52:30.799+0000] {logging_mixin.py:190} INFO - [2025-03-14T21:52:30.799+0000] {dagbag.py:588} INFO - Filling up the DagBag from /home/airflow/.local/lib/python3.12/site-packages/airflow/example_dags/example_branch_labels.py
[2025-03-14T21:52:30.811+0000] {processor.py:925} INFO - DAG(s) 'example_branch_labels' retrieved from /home/airflow/.local/lib/python3.12/site-packages/airflow/example_dags/example_branch_labels.py
[2025-03-14T21:52:30.836+0000] {logging_mixin.py:190} INFO - [2025-03-14T21:52:30.836+0000] {dag.py:3239} INFO - Sync 1 DAGs
[2025-03-14T21:52:30.857+0000] {logging_mixin.py:190} INFO - [2025-03-14T21:52:30.857+0000] {dag.py:4180} INFO - Setting next_dagrun for example_branch_labels to 2025-03-13 00:00:00+00:00, run_after=2025-03-14 00:00:00+00:00
[2025-03-14T21:52:30.867+0000] {processor.py:208} INFO - Processing /home/airflow/.local/lib/python3.12/site-packages/airflow/example_dags/example_branch_labels.py took 0.076 seconds
[2025-03-14T21:53:00.924+0000] {processor.py:186} INFO - Started process (PID=199) to work on /home/airflow/.local/lib/python3.12/site-packages/airflow/example_dags/example_branch_labels.py
[2025-03-14T21:53:00.925+0000] {processor.py:914} INFO - Processing file /home/airflow/.local/lib/python3.12/site-packages/airflow/example_dags/example_branch_labels.py for tasks to queue
[2025-03-14T21:53:00.926+0000] {logging_mixin.py:190} INFO - [2025-03-14T21:53:00.926+0000] {dagbag.py:588} INFO - Filling up the DagBag from /home/airflow/.local/lib/python3.12/site-packages/airflow/example_dags/example_branch_labels.py
[2025-03-14T21:53:00.932+0000] {processor.py:925} INFO - DAG(s) 'example_branch_labels' retrieved from /home/airflow/.local/lib/python3.12/site-packages/airflow/example_dags/example_branch_labels.py
[2025-03-14T21:53:00.944+0000] {logging_mixin.py:190} INFO - [2025-03-14T21:53:00.944+0000] {dag.py:3239} INFO - Sync 1 DAGs
[2025-03-14T21:53:00.953+0000] {logging_mixin.py:190} INFO - [2025-03-14T21:53:00.953+0000] {dag.py:4180} INFO - Setting next_dagrun for example_branch_labels to 2025-03-13 00:00:00+00:00, run_after=2025-03-14 00:00:00+00:00
[2025-03-14T21:53:00.960+0000] {processor.py:208} INFO - Processing /home/airflow/.local/lib/python3.12/site-packages/airflow/example_dags/example_branch_labels.py took 0.039 seconds
[2025-03-14T21:53:31.424+0000] {processor.py:186} INFO - Started process (PID=261) to work on /home/airflow/.local/lib/python3.12/site-packages/airflow/example_dags/example_branch_labels.py
[2025-03-14T21:53:31.427+0000] {processor.py:914} INFO - Processing file /home/airflow/.local/lib/python3.12/site-packages/airflow/example_dags/example_branch_labels.py for tasks to queue
[2025-03-14T21:53:31.429+0000] {logging_mixin.py:190} INFO - [2025-03-14T21:53:31.429+0000] {dagbag.py:588} INFO - Filling up the DagBag from /home/airflow/.local/lib/python3.12/site-packages/airflow/example_dags/example_branch_labels.py
[2025-03-14T21:53:31.437+0000] {processor.py:925} INFO - DAG(s) 'example_branch_labels' retrieved from /home/airflow/.local/lib/python3.12/site-packages/airflow/example_dags/example_branch_labels.py
[2025-03-14T21:53:31.452+0000] {logging_mixin.py:190} INFO - [2025-03-14T21:53:31.452+0000] {dag.py:3239} INFO - Sync 1 DAGs
[2025-03-14T21:53:31.462+0000] {logging_mixin.py:190} INFO - [2025-03-14T21:53:31.462+0000] {dag.py:4180} INFO - Setting next_dagrun for example_branch_labels to 2025-03-13 00:00:00+00:00, run_after=2025-03-14 00:00:00+00:00
[2025-03-14T21:53:31.470+0000] {processor.py:208} INFO - Processing /home/airflow/.local/lib/python3.12/site-packages/airflow/example_dags/example_branch_labels.py took 0.050 seconds
[2025-03-14T21:54:01.509+0000] {processor.py:186} INFO - Started process (PID=324) to work on /home/airflow/.local/lib/python3.12/site-packages/airflow/example_dags/example_branch_labels.py
[2025-03-14T21:54:01.510+0000] {processor.py:914} INFO - Processing file /home/airflow/.local/lib/python3.12/site-packages/airflow/example_dags/example_branch_labels.py for tasks to queue
[2025-03-14T21:54:01.512+0000] {logging_mixin.py:190} INFO - [2025-03-14T21:54:01.512+0000] {dagbag.py:588} INFO - Filling up the DagBag from /home/airflow/.local/lib/python3.12/site-packages/airflow/example_dags/example_branch_labels.py
[2025-03-14T21:54:01.516+0000] {processor.py:925} INFO - DAG(s) 'example_branch_labels' retrieved from /home/airflow/.local/lib/python3.12/site-packages/airflow/example_dags/example_branch_labels.py
[2025-03-14T21:54:01.527+0000] {logging_mixin.py:190} INFO - [2025-03-14T21:54:01.527+0000] {dag.py:3239} INFO - Sync 1 DAGs
[2025-03-14T21:54:01.543+0000] {logging_mixin.py:190} INFO - [2025-03-14T21:54:01.542+0000] {dag.py:4180} INFO - Setting next_dagrun for example_branch_labels to 2025-03-13 00:00:00+00:00, run_after=2025-03-14 00:00:00+00:00
[2025-03-14T21:54:01.552+0000] {processor.py:208} INFO - Processing /home/airflow/.local/lib/python3.12/site-packages/airflow/example_dags/example_branch_labels.py took 0.046 seconds
[2025-03-14T21:54:32.067+0000] {processor.py:186} INFO - Started process (PID=387) to work on /home/airflow/.local/lib/python3.12/site-packages/airflow/example_dags/example_branch_labels.py
[2025-03-14T21:54:32.069+0000] {processor.py:914} INFO - Processing file /home/airflow/.local/lib/python3.12/site-packages/airflow/example_dags/example_branch_labels.py for tasks to queue
[2025-03-14T21:54:32.071+0000] {logging_mixin.py:190} INFO - [2025-03-14T21:54:32.071+0000] {dagbag.py:588} INFO - Filling up the DagBag from /home/airflow/.local/lib/python3.12/site-packages/airflow/example_dags/example_branch_labels.py
[2025-03-14T21:54:32.080+0000] {processor.py:925} INFO - DAG(s) 'example_branch_labels' retrieved from /home/airflow/.local/lib/python3.12/site-packages/airflow/example_dags/example_branch_labels.py
[2025-03-14T21:54:32.105+0000] {logging_mixin.py:190} INFO - [2025-03-14T21:54:32.104+0000] {dag.py:3239} INFO - Sync 1 DAGs
[2025-03-14T21:54:32.120+0000] {logging_mixin.py:190} INFO - [2025-03-14T21:54:32.120+0000] {dag.py:4180} INFO - Setting next_dagrun for example_branch_labels to 2025-03-13 00:00:00+00:00, run_after=2025-03-14 00:00:00+00:00
[2025-03-14T21:54:32.137+0000] {processor.py:208} INFO - Processing /home/airflow/.local/lib/python3.12/site-packages/airflow/example_dags/example_branch_labels.py took 0.075 seconds
[2025-03-14T21:55:02.418+0000] {processor.py:186} INFO - Started process (PID=450) to work on /home/airflow/.local/lib/python3.12/site-packages/airflow/example_dags/example_branch_labels.py
[2025-03-14T21:55:02.419+0000] {processor.py:914} INFO - Processing file /home/airflow/.local/lib/python3.12/site-packages/airflow/example_dags/example_branch_labels.py for tasks to queue
[2025-03-14T21:55:02.420+0000] {logging_mixin.py:190} INFO - [2025-03-14T21:55:02.420+0000] {dagbag.py:588} INFO - Filling up the DagBag from /home/airflow/.local/lib/python3.12/site-packages/airflow/example_dags/example_branch_labels.py
[2025-03-14T21:55:02.426+0000] {processor.py:925} INFO - DAG(s) 'example_branch_labels' retrieved from /home/airflow/.local/lib/python3.12/site-packages/airflow/example_dags/example_branch_labels.py
[2025-03-14T21:55:02.438+0000] {logging_mixin.py:190} INFO - [2025-03-14T21:55:02.438+0000] {dag.py:3239} INFO - Sync 1 DAGs
[2025-03-14T21:55:02.450+0000] {logging_mixin.py:190} INFO - [2025-03-14T21:55:02.450+0000] {dag.py:4180} INFO - Setting next_dagrun for example_branch_labels to 2025-03-13 00:00:00+00:00, run_after=2025-03-14 00:00:00+00:00
[2025-03-14T21:55:02.461+0000] {processor.py:208} INFO - Processing /home/airflow/.local/lib/python3.12/site-packages/airflow/example_dags/example_branch_labels.py took 0.047 seconds
[2025-03-14T21:55:33.443+0000] {processor.py:186} INFO - Started process (PID=513) to work on /home/airflow/.local/lib/python3.12/site-packages/airflow/example_dags/example_branch_labels.py
[2025-03-14T21:55:33.444+0000] {processor.py:914} INFO - Processing file /home/airflow/.local/lib/python3.12/site-packages/airflow/example_dags/example_branch_labels.py for tasks to queue
[2025-03-14T21:55:33.445+0000] {logging_mixin.py:190} INFO - [2025-03-14T21:55:33.445+0000] {dagbag.py:588} INFO - Filling up the DagBag from /home/airflow/.local/lib/python3.12/site-packages/airflow/example_dags/example_branch_labels.py
[2025-03-14T21:55:33.452+0000] {processor.py:925} INFO - DAG(s) 'example_branch_labels' retrieved from /home/airflow/.local/lib/python3.12/site-packages/airflow/example_dags/example_branch_labels.py
[2025-03-14T21:55:33.462+0000] {logging_mixin.py:190} INFO - [2025-03-14T21:55:33.462+0000] {dag.py:3239} INFO - Sync 1 DAGs
[2025-03-14T21:55:33.476+0000] {logging_mixin.py:190} INFO - [2025-03-14T21:55:33.476+0000] {dag.py:4180} INFO - Setting next_dagrun for example_branch_labels to 2025-03-13 00:00:00+00:00, run_after=2025-03-14 00:00:00+00:00
[2025-03-14T21:55:33.487+0000] {processor.py:208} INFO - Processing /home/airflow/.local/lib/python3.12/site-packages/airflow/example_dags/example_branch_labels.py took 0.047 seconds
[2025-03-14T21:56:03.764+0000] {processor.py:186} INFO - Started process (PID=576) to work on /home/airflow/.local/lib/python3.12/site-packages/airflow/example_dags/example_branch_labels.py
[2025-03-14T21:56:03.765+0000] {processor.py:914} INFO - Processing file /home/airflow/.local/lib/python3.12/site-packages/airflow/example_dags/example_branch_labels.py for tasks to queue
[2025-03-14T21:56:03.766+0000] {logging_mixin.py:190} INFO - [2025-03-14T21:56:03.766+0000] {dagbag.py:588} INFO - Filling up the DagBag from /home/airflow/.local/lib/python3.12/site-packages/airflow/example_dags/example_branch_labels.py
[2025-03-14T21:56:03.772+0000] {processor.py:925} INFO - DAG(s) 'example_branch_labels' retrieved from /home/airflow/.local/lib/python3.12/site-packages/airflow/example_dags/example_branch_labels.py
[2025-03-14T21:56:03.783+0000] {logging_mixin.py:190} INFO - [2025-03-14T21:56:03.783+0000] {dag.py:3239} INFO - Sync 1 DAGs
[2025-03-14T21:56:03.794+0000] {logging_mixin.py:190} INFO - [2025-03-14T21:56:03.794+0000] {dag.py:4180} INFO - Setting next_dagrun for example_branch_labels to 2025-03-13 00:00:00+00:00, run_after=2025-03-14 00:00:00+00:00
[2025-03-14T21:56:03.802+0000] {processor.py:208} INFO - Processing /home/airflow/.local/lib/python3.12/site-packages/airflow/example_dags/example_branch_labels.py took 0.041 seconds
[2025-03-14T21:56:34.367+0000] {processor.py:186} INFO - Started process (PID=640) to work on /home/airflow/.local/lib/python3.12/site-packages/airflow/example_dags/example_branch_labels.py
[2025-03-14T21:56:34.369+0000] {processor.py:914} INFO - Processing file /home/airflow/.local/lib/python3.12/site-packages/airflow/example_dags/example_branch_labels.py for tasks to queue
[2025-03-14T21:56:34.370+0000] {logging_mixin.py:190} INFO - [2025-03-14T21:56:34.370+0000] {dagbag.py:588} INFO - Filling up the DagBag from /home/airflow/.local/lib/python3.12/site-packages/airflow/example_dags/example_branch_labels.py
[2025-03-14T21:56:34.374+0000] {processor.py:925} INFO - DAG(s) 'example_branch_labels' retrieved from /home/airflow/.local/lib/python3.12/site-packages/airflow/example_dags/example_branch_labels.py
[2025-03-14T21:56:34.384+0000] {logging_mixin.py:190} INFO - [2025-03-14T21:56:34.384+0000] {dag.py:3239} INFO - Sync 1 DAGs
[2025-03-14T21:56:34.396+0000] {logging_mixin.py:190} INFO - [2025-03-14T21:56:34.396+0000] {dag.py:4180} INFO - Setting next_dagrun for example_branch_labels to 2025-03-13 00:00:00+00:00, run_after=2025-03-14 00:00:00+00:00
[2025-03-14T21:56:34.406+0000] {processor.py:208} INFO - Processing /home/airflow/.local/lib/python3.12/site-packages/airflow/example_dags/example_branch_labels.py took 0.041 seconds
[2025-03-14T21:57:04.926+0000] {processor.py:186} INFO - Started process (PID=703) to work on /home/airflow/.local/lib/python3.12/site-packages/airflow/example_dags/example_branch_labels.py
[2025-03-14T21:57:04.926+0000] {processor.py:914} INFO - Processing file /home/airflow/.local/lib/python3.12/site-packages/airflow/example_dags/example_branch_labels.py for tasks to queue
[2025-03-14T21:57:04.928+0000] {logging_mixin.py:190} INFO - [2025-03-14T21:57:04.928+0000] {dagbag.py:588} INFO - Filling up the DagBag from /home/airflow/.local/lib/python3.12/site-packages/airflow/example_dags/example_branch_labels.py
[2025-03-14T21:57:04.933+0000] {processor.py:925} INFO - DAG(s) 'example_branch_labels' retrieved from /home/airflow/.local/lib/python3.12/site-packages/airflow/example_dags/example_branch_labels.py
[2025-03-14T21:57:04.945+0000] {logging_mixin.py:190} INFO - [2025-03-14T21:57:04.944+0000] {dag.py:3239} INFO - Sync 1 DAGs
[2025-03-14T21:57:04.954+0000] {logging_mixin.py:190} INFO - [2025-03-14T21:57:04.954+0000] {dag.py:4180} INFO - Setting next_dagrun for example_branch_labels to 2025-03-13 00:00:00+00:00, run_after=2025-03-14 00:00:00+00:00
[2025-03-14T21:57:04.963+0000] {processor.py:208} INFO - Processing /home/airflow/.local/lib/python3.12/site-packages/airflow/example_dags/example_branch_labels.py took 0.040 seconds
[2025-03-14T21:57:35.539+0000] {processor.py:186} INFO - Started process (PID=766) to work on /home/airflow/.local/lib/python3.12/site-packages/airflow/example_dags/example_branch_labels.py
[2025-03-14T21:57:35.540+0000] {processor.py:914} INFO - Processing file /home/airflow/.local/lib/python3.12/site-packages/airflow/example_dags/example_branch_labels.py for tasks to queue
[2025-03-14T21:57:35.540+0000] {logging_mixin.py:190} INFO - [2025-03-14T21:57:35.540+0000] {dagbag.py:588} INFO - Filling up the DagBag from /home/airflow/.local/lib/python3.12/site-packages/airflow/example_dags/example_branch_labels.py
[2025-03-14T21:57:35.545+0000] {processor.py:925} INFO - DAG(s) 'example_branch_labels' retrieved from /home/airflow/.local/lib/python3.12/site-packages/airflow/example_dags/example_branch_labels.py
[2025-03-14T21:57:35.553+0000] {logging_mixin.py:190} INFO - [2025-03-14T21:57:35.553+0000] {dag.py:3239} INFO - Sync 1 DAGs
[2025-03-14T21:57:35.564+0000] {logging_mixin.py:190} INFO - [2025-03-14T21:57:35.564+0000] {dag.py:4180} INFO - Setting next_dagrun for example_branch_labels to 2025-03-13 00:00:00+00:00, run_after=2025-03-14 00:00:00+00:00
[2025-03-14T21:57:35.572+0000] {processor.py:208} INFO - Processing /home/airflow/.local/lib/python3.12/site-packages/airflow/example_dags/example_branch_labels.py took 0.035 seconds
[2025-03-14T21:58:05.825+0000] {processor.py:186} INFO - Started process (PID=829) to work on /home/airflow/.local/lib/python3.12/site-packages/airflow/example_dags/example_branch_labels.py
[2025-03-14T21:58:05.826+0000] {processor.py:914} INFO - Processing file /home/airflow/.local/lib/python3.12/site-packages/airflow/example_dags/example_branch_labels.py for tasks to queue
[2025-03-14T21:58:05.827+0000] {logging_mixin.py:190} INFO - [2025-03-14T21:58:05.827+0000] {dagbag.py:588} INFO - Filling up the DagBag from /home/airflow/.local/lib/python3.12/site-packages/airflow/example_dags/example_branch_labels.py
[2025-03-14T21:58:05.832+0000] {processor.py:925} INFO - DAG(s) 'example_branch_labels' retrieved from /home/airflow/.local/lib/python3.12/site-packages/airflow/example_dags/example_branch_labels.py
[2025-03-14T21:58:05.842+0000] {logging_mixin.py:190} INFO - [2025-03-14T21:58:05.842+0000] {dag.py:3239} INFO - Sync 1 DAGs
[2025-03-14T21:58:05.860+0000] {logging_mixin.py:190} INFO - [2025-03-14T21:58:05.860+0000] {dag.py:4180} INFO - Setting next_dagrun for example_branch_labels to 2025-03-13 00:00:00+00:00, run_after=2025-03-14 00:00:00+00:00
[2025-03-14T21:58:05.873+0000] {processor.py:208} INFO - Processing /home/airflow/.local/lib/python3.12/site-packages/airflow/example_dags/example_branch_labels.py took 0.051 seconds
[2025-03-14T21:58:36.595+0000] {processor.py:186} INFO - Started process (PID=892) to work on /home/airflow/.local/lib/python3.12/site-packages/airflow/example_dags/example_branch_labels.py
[2025-03-14T21:58:36.596+0000] {processor.py:914} INFO - Processing file /home/airflow/.local/lib/python3.12/site-packages/airflow/example_dags/example_branch_labels.py for tasks to queue
[2025-03-14T21:58:36.597+0000] {logging_mixin.py:190} INFO - [2025-03-14T21:58:36.597+0000] {dagbag.py:588} INFO - Filling up the DagBag from /home/airflow/.local/lib/python3.12/site-packages/airflow/example_dags/example_branch_labels.py
[2025-03-14T21:58:36.603+0000] {processor.py:925} INFO - DAG(s) 'example_branch_labels' retrieved from /home/airflow/.local/lib/python3.12/site-packages/airflow/example_dags/example_branch_labels.py
[2025-03-14T21:58:36.615+0000] {logging_mixin.py:190} INFO - [2025-03-14T21:58:36.615+0000] {dag.py:3239} INFO - Sync 1 DAGs
[2025-03-14T21:58:36.628+0000] {logging_mixin.py:190} INFO - [2025-03-14T21:58:36.628+0000] {dag.py:4180} INFO - Setting next_dagrun for example_branch_labels to 2025-03-13 00:00:00+00:00, run_after=2025-03-14 00:00:00+00:00
[2025-03-14T21:58:36.638+0000] {processor.py:208} INFO - Processing /home/airflow/.local/lib/python3.12/site-packages/airflow/example_dags/example_branch_labels.py took 0.045 seconds
[2025-03-14T21:59:06.895+0000] {processor.py:186} INFO - Started process (PID=955) to work on /home/airflow/.local/lib/python3.12/site-packages/airflow/example_dags/example_branch_labels.py
[2025-03-14T21:59:06.900+0000] {processor.py:914} INFO - Processing file /home/airflow/.local/lib/python3.12/site-packages/airflow/example_dags/example_branch_labels.py for tasks to queue
[2025-03-14T21:59:06.902+0000] {logging_mixin.py:190} INFO - [2025-03-14T21:59:06.902+0000] {dagbag.py:588} INFO - Filling up the DagBag from /home/airflow/.local/lib/python3.12/site-packages/airflow/example_dags/example_branch_labels.py
[2025-03-14T21:59:06.909+0000] {processor.py:925} INFO - DAG(s) 'example_branch_labels' retrieved from /home/airflow/.local/lib/python3.12/site-packages/airflow/example_dags/example_branch_labels.py
[2025-03-14T21:59:06.928+0000] {logging_mixin.py:190} INFO - [2025-03-14T21:59:06.928+0000] {dag.py:3239} INFO - Sync 1 DAGs
[2025-03-14T21:59:06.948+0000] {logging_mixin.py:190} INFO - [2025-03-14T21:59:06.948+0000] {dag.py:4180} INFO - Setting next_dagrun for example_branch_labels to 2025-03-13 00:00:00+00:00, run_after=2025-03-14 00:00:00+00:00
[2025-03-14T21:59:06.960+0000] {processor.py:208} INFO - Processing /home/airflow/.local/lib/python3.12/site-packages/airflow/example_dags/example_branch_labels.py took 0.068 seconds
[2025-03-14T21:59:37.217+0000] {processor.py:186} INFO - Started process (PID=1018) to work on /home/airflow/.local/lib/python3.12/site-packages/airflow/example_dags/example_branch_labels.py
[2025-03-14T21:59:37.218+0000] {processor.py:914} INFO - Processing file /home/airflow/.local/lib/python3.12/site-packages/airflow/example_dags/example_branch_labels.py for tasks to queue
[2025-03-14T21:59:37.219+0000] {logging_mixin.py:190} INFO - [2025-03-14T21:59:37.219+0000] {dagbag.py:588} INFO - Filling up the DagBag from /home/airflow/.local/lib/python3.12/site-packages/airflow/example_dags/example_branch_labels.py
[2025-03-14T21:59:37.224+0000] {processor.py:925} INFO - DAG(s) 'example_branch_labels' retrieved from /home/airflow/.local/lib/python3.12/site-packages/airflow/example_dags/example_branch_labels.py
[2025-03-14T21:59:37.233+0000] {logging_mixin.py:190} INFO - [2025-03-14T21:59:37.233+0000] {dag.py:3239} INFO - Sync 1 DAGs
[2025-03-14T21:59:37.243+0000] {logging_mixin.py:190} INFO - [2025-03-14T21:59:37.243+0000] {dag.py:4180} INFO - Setting next_dagrun for example_branch_labels to 2025-03-13 00:00:00+00:00, run_after=2025-03-14 00:00:00+00:00
[2025-03-14T21:59:37.249+0000] {processor.py:208} INFO - Processing /home/airflow/.local/lib/python3.12/site-packages/airflow/example_dags/example_branch_labels.py took 0.035 seconds
[2025-03-14T22:00:07.567+0000] {processor.py:186} INFO - Started process (PID=1081) to work on /home/airflow/.local/lib/python3.12/site-packages/airflow/example_dags/example_branch_labels.py
[2025-03-14T22:00:07.570+0000] {processor.py:914} INFO - Processing file /home/airflow/.local/lib/python3.12/site-packages/airflow/example_dags/example_branch_labels.py for tasks to queue
[2025-03-14T22:00:07.571+0000] {logging_mixin.py:190} INFO - [2025-03-14T22:00:07.571+0000] {dagbag.py:588} INFO - Filling up the DagBag from /home/airflow/.local/lib/python3.12/site-packages/airflow/example_dags/example_branch_labels.py
[2025-03-14T22:00:07.576+0000] {processor.py:925} INFO - DAG(s) 'example_branch_labels' retrieved from /home/airflow/.local/lib/python3.12/site-packages/airflow/example_dags/example_branch_labels.py
[2025-03-14T22:00:07.588+0000] {logging_mixin.py:190} INFO - [2025-03-14T22:00:07.588+0000] {dag.py:3239} INFO - Sync 1 DAGs
[2025-03-14T22:00:07.602+0000] {logging_mixin.py:190} INFO - [2025-03-14T22:00:07.602+0000] {dag.py:4180} INFO - Setting next_dagrun for example_branch_labels to 2025-03-13 00:00:00+00:00, run_after=2025-03-14 00:00:00+00:00
[2025-03-14T22:00:07.611+0000] {processor.py:208} INFO - Processing /home/airflow/.local/lib/python3.12/site-packages/airflow/example_dags/example_branch_labels.py took 0.047 seconds
[2025-03-14T22:00:38.301+0000] {processor.py:186} INFO - Started process (PID=1144) to work on /home/airflow/.local/lib/python3.12/site-packages/airflow/example_dags/example_branch_labels.py
[2025-03-14T22:00:38.303+0000] {processor.py:914} INFO - Processing file /home/airflow/.local/lib/python3.12/site-packages/airflow/example_dags/example_branch_labels.py for tasks to queue
[2025-03-14T22:00:38.304+0000] {logging_mixin.py:190} INFO - [2025-03-14T22:00:38.304+0000] {dagbag.py:588} INFO - Filling up the DagBag from /home/airflow/.local/lib/python3.12/site-packages/airflow/example_dags/example_branch_labels.py
[2025-03-14T22:00:38.308+0000] {processor.py:925} INFO - DAG(s) 'example_branch_labels' retrieved from /home/airflow/.local/lib/python3.12/site-packages/airflow/example_dags/example_branch_labels.py
[2025-03-14T22:00:38.321+0000] {logging_mixin.py:190} INFO - [2025-03-14T22:00:38.321+0000] {dag.py:3239} INFO - Sync 1 DAGs
[2025-03-14T22:00:38.331+0000] {logging_mixin.py:190} INFO - [2025-03-14T22:00:38.331+0000] {dag.py:4180} INFO - Setting next_dagrun for example_branch_labels to 2025-03-13 00:00:00+00:00, run_after=2025-03-14 00:00:00+00:00
[2025-03-14T22:00:38.339+0000] {processor.py:208} INFO - Processing /home/airflow/.local/lib/python3.12/site-packages/airflow/example_dags/example_branch_labels.py took 0.041 seconds
[2025-03-14T22:01:08.499+0000] {processor.py:186} INFO - Started process (PID=1207) to work on /home/airflow/.local/lib/python3.12/site-packages/airflow/example_dags/example_branch_labels.py
[2025-03-14T22:01:08.501+0000] {processor.py:914} INFO - Processing file /home/airflow/.local/lib/python3.12/site-packages/airflow/example_dags/example_branch_labels.py for tasks to queue
[2025-03-14T22:01:08.502+0000] {logging_mixin.py:190} INFO - [2025-03-14T22:01:08.502+0000] {dagbag.py:588} INFO - Filling up the DagBag from /home/airflow/.local/lib/python3.12/site-packages/airflow/example_dags/example_branch_labels.py
[2025-03-14T22:01:08.507+0000] {processor.py:925} INFO - DAG(s) 'example_branch_labels' retrieved from /home/airflow/.local/lib/python3.12/site-packages/airflow/example_dags/example_branch_labels.py
[2025-03-14T22:01:08.517+0000] {logging_mixin.py:190} INFO - [2025-03-14T22:01:08.517+0000] {dag.py:3239} INFO - Sync 1 DAGs
[2025-03-14T22:01:08.531+0000] {logging_mixin.py:190} INFO - [2025-03-14T22:01:08.531+0000] {dag.py:4180} INFO - Setting next_dagrun for example_branch_labels to 2025-03-13 00:00:00+00:00, run_after=2025-03-14 00:00:00+00:00
[2025-03-14T22:01:08.545+0000] {processor.py:208} INFO - Processing /home/airflow/.local/lib/python3.12/site-packages/airflow/example_dags/example_branch_labels.py took 0.050 seconds
[2025-03-14T22:01:39.114+0000] {processor.py:186} INFO - Started process (PID=1270) to work on /home/airflow/.local/lib/python3.12/site-packages/airflow/example_dags/example_branch_labels.py
[2025-03-14T22:01:39.116+0000] {processor.py:914} INFO - Processing file /home/airflow/.local/lib/python3.12/site-packages/airflow/example_dags/example_branch_labels.py for tasks to queue
[2025-03-14T22:01:39.117+0000] {logging_mixin.py:190} INFO - [2025-03-14T22:01:39.117+0000] {dagbag.py:588} INFO - Filling up the DagBag from /home/airflow/.local/lib/python3.12/site-packages/airflow/example_dags/example_branch_labels.py
[2025-03-14T22:01:39.122+0000] {processor.py:925} INFO - DAG(s) 'example_branch_labels' retrieved from /home/airflow/.local/lib/python3.12/site-packages/airflow/example_dags/example_branch_labels.py
[2025-03-14T22:01:39.133+0000] {logging_mixin.py:190} INFO - [2025-03-14T22:01:39.133+0000] {dag.py:3239} INFO - Sync 1 DAGs
[2025-03-14T22:01:39.144+0000] {logging_mixin.py:190} INFO - [2025-03-14T22:01:39.144+0000] {dag.py:4180} INFO - Setting next_dagrun for example_branch_labels to 2025-03-13 00:00:00+00:00, run_after=2025-03-14 00:00:00+00:00
[2025-03-14T22:01:39.153+0000] {processor.py:208} INFO - Processing /home/airflow/.local/lib/python3.12/site-packages/airflow/example_dags/example_branch_labels.py took 0.042 seconds
[2025-03-14T22:02:09.674+0000] {processor.py:186} INFO - Started process (PID=1333) to work on /home/airflow/.local/lib/python3.12/site-packages/airflow/example_dags/example_branch_labels.py
[2025-03-14T22:02:09.676+0000] {processor.py:914} INFO - Processing file /home/airflow/.local/lib/python3.12/site-packages/airflow/example_dags/example_branch_labels.py for tasks to queue
[2025-03-14T22:02:09.677+0000] {logging_mixin.py:190} INFO - [2025-03-14T22:02:09.677+0000] {dagbag.py:588} INFO - Filling up the DagBag from /home/airflow/.local/lib/python3.12/site-packages/airflow/example_dags/example_branch_labels.py
[2025-03-14T22:02:09.686+0000] {processor.py:925} INFO - DAG(s) 'example_branch_labels' retrieved from /home/airflow/.local/lib/python3.12/site-packages/airflow/example_dags/example_branch_labels.py
[2025-03-14T22:02:09.698+0000] {logging_mixin.py:190} INFO - [2025-03-14T22:02:09.698+0000] {dag.py:3239} INFO - Sync 1 DAGs
[2025-03-14T22:02:09.709+0000] {logging_mixin.py:190} INFO - [2025-03-14T22:02:09.708+0000] {dag.py:4180} INFO - Setting next_dagrun for example_branch_labels to 2025-03-13 00:00:00+00:00, run_after=2025-03-14 00:00:00+00:00
[2025-03-14T22:02:09.716+0000] {processor.py:208} INFO - Processing /home/airflow/.local/lib/python3.12/site-packages/airflow/example_dags/example_branch_labels.py took 0.044 seconds
[2025-03-14T22:02:40.060+0000] {processor.py:186} INFO - Started process (PID=1396) to work on /home/airflow/.local/lib/python3.12/site-packages/airflow/example_dags/example_branch_labels.py
[2025-03-14T22:02:40.061+0000] {processor.py:914} INFO - Processing file /home/airflow/.local/lib/python3.12/site-packages/airflow/example_dags/example_branch_labels.py for tasks to queue
[2025-03-14T22:02:40.062+0000] {logging_mixin.py:190} INFO - [2025-03-14T22:02:40.062+0000] {dagbag.py:588} INFO - Filling up the DagBag from /home/airflow/.local/lib/python3.12/site-packages/airflow/example_dags/example_branch_labels.py
[2025-03-14T22:02:40.067+0000] {processor.py:925} INFO - DAG(s) 'example_branch_labels' retrieved from /home/airflow/.local/lib/python3.12/site-packages/airflow/example_dags/example_branch_labels.py
[2025-03-14T22:02:40.076+0000] {logging_mixin.py:190} INFO - [2025-03-14T22:02:40.075+0000] {dag.py:3239} INFO - Sync 1 DAGs
[2025-03-14T22:02:40.086+0000] {logging_mixin.py:190} INFO - [2025-03-14T22:02:40.085+0000] {dag.py:4180} INFO - Setting next_dagrun for example_branch_labels to 2025-03-13 00:00:00+00:00, run_after=2025-03-14 00:00:00+00:00
[2025-03-14T22:02:40.092+0000] {processor.py:208} INFO - Processing /home/airflow/.local/lib/python3.12/site-packages/airflow/example_dags/example_branch_labels.py took 0.035 seconds
[2025-03-14T22:03:10.466+0000] {processor.py:186} INFO - Started process (PID=1458) to work on /home/airflow/.local/lib/python3.12/site-packages/airflow/example_dags/example_branch_labels.py
[2025-03-14T22:03:10.466+0000] {processor.py:914} INFO - Processing file /home/airflow/.local/lib/python3.12/site-packages/airflow/example_dags/example_branch_labels.py for tasks to queue
[2025-03-14T22:03:10.467+0000] {logging_mixin.py:190} INFO - [2025-03-14T22:03:10.467+0000] {dagbag.py:588} INFO - Filling up the DagBag from /home/airflow/.local/lib/python3.12/site-packages/airflow/example_dags/example_branch_labels.py
[2025-03-14T22:03:10.472+0000] {processor.py:925} INFO - DAG(s) 'example_branch_labels' retrieved from /home/airflow/.local/lib/python3.12/site-packages/airflow/example_dags/example_branch_labels.py
[2025-03-14T22:03:10.482+0000] {logging_mixin.py:190} INFO - [2025-03-14T22:03:10.482+0000] {dag.py:3239} INFO - Sync 1 DAGs
[2025-03-14T22:03:10.496+0000] {logging_mixin.py:190} INFO - [2025-03-14T22:03:10.496+0000] {dag.py:4180} INFO - Setting next_dagrun for example_branch_labels to 2025-03-13 00:00:00+00:00, run_after=2025-03-14 00:00:00+00:00
[2025-03-14T22:03:10.509+0000] {processor.py:208} INFO - Processing /home/airflow/.local/lib/python3.12/site-packages/airflow/example_dags/example_branch_labels.py took 0.046 seconds
[2025-03-14T22:03:40.725+0000] {processor.py:186} INFO - Started process (PID=1521) to work on /home/airflow/.local/lib/python3.12/site-packages/airflow/example_dags/example_branch_labels.py
[2025-03-14T22:03:40.726+0000] {processor.py:914} INFO - Processing file /home/airflow/.local/lib/python3.12/site-packages/airflow/example_dags/example_branch_labels.py for tasks to queue
[2025-03-14T22:03:40.728+0000] {logging_mixin.py:190} INFO - [2025-03-14T22:03:40.728+0000] {dagbag.py:588} INFO - Filling up the DagBag from /home/airflow/.local/lib/python3.12/site-packages/airflow/example_dags/example_branch_labels.py
[2025-03-14T22:03:40.733+0000] {processor.py:925} INFO - DAG(s) 'example_branch_labels' retrieved from /home/airflow/.local/lib/python3.12/site-packages/airflow/example_dags/example_branch_labels.py
[2025-03-14T22:03:40.745+0000] {logging_mixin.py:190} INFO - [2025-03-14T22:03:40.745+0000] {dag.py:3239} INFO - Sync 1 DAGs
[2025-03-14T22:03:40.757+0000] {logging_mixin.py:190} INFO - [2025-03-14T22:03:40.757+0000] {dag.py:4180} INFO - Setting next_dagrun for example_branch_labels to 2025-03-13 00:00:00+00:00, run_after=2025-03-14 00:00:00+00:00
[2025-03-14T22:03:40.767+0000] {processor.py:208} INFO - Processing /home/airflow/.local/lib/python3.12/site-packages/airflow/example_dags/example_branch_labels.py took 0.045 seconds
