[2025-03-14T21:34:54.251+0000] {processor.py:186} INFO - Started process (PID=52) to work on /home/airflow/.local/lib/python3.12/site-packages/airflow/example_dags/tutorial_dag.py
[2025-03-14T21:34:54.258+0000] {processor.py:914} INFO - Processing file /home/airflow/.local/lib/python3.12/site-packages/airflow/example_dags/tutorial_dag.py for tasks to queue
[2025-03-14T21:34:54.292+0000] {logging_mixin.py:190} INFO - [2025-03-14T21:34:54.286+0000] {dagbag.py:588} INFO - Filling up the DagBag from /home/airflow/.local/lib/python3.12/site-packages/airflow/example_dags/tutorial_dag.py
[2025-03-14T21:34:54.340+0000] {processor.py:925} INFO - DAG(s) 'tutorial_dag' retrieved from /home/airflow/.local/lib/python3.12/site-packages/airflow/example_dags/tutorial_dag.py
[2025-03-14T21:34:54.809+0000] {logging_mixin.py:190} INFO - [2025-03-14T21:34:54.806+0000] {override.py:1912} INFO - Created Permission View: can edit on DAG:tutorial_dag
[2025-03-14T21:34:54.820+0000] {logging_mixin.py:190} INFO - [2025-03-14T21:34:54.819+0000] {override.py:1912} INFO - Created Permission View: can delete on DAG:tutorial_dag
[2025-03-14T21:34:54.831+0000] {logging_mixin.py:190} INFO - [2025-03-14T21:34:54.831+0000] {override.py:1912} INFO - Created Permission View: can read on DAG:tutorial_dag
[2025-03-14T21:34:54.839+0000] {logging_mixin.py:190} INFO - [2025-03-14T21:34:54.839+0000] {override.py:1912} INFO - Created Permission View: menu access on DAG Run:tutorial_dag
[2025-03-14T21:34:54.847+0000] {logging_mixin.py:190} INFO - [2025-03-14T21:34:54.847+0000] {override.py:1912} INFO - Created Permission View: can create on DAG Run:tutorial_dag
[2025-03-14T21:34:54.855+0000] {logging_mixin.py:190} INFO - [2025-03-14T21:34:54.855+0000] {override.py:1912} INFO - Created Permission View: can delete on DAG Run:tutorial_dag
[2025-03-14T21:34:54.860+0000] {logging_mixin.py:190} INFO - [2025-03-14T21:34:54.860+0000] {override.py:1912} INFO - Created Permission View: can read on DAG Run:tutorial_dag
[2025-03-14T21:34:54.861+0000] {logging_mixin.py:190} INFO - [2025-03-14T21:34:54.861+0000] {dag.py:3239} INFO - Sync 1 DAGs
[2025-03-14T21:34:54.886+0000] {logging_mixin.py:190} INFO - [2025-03-14T21:34:54.886+0000] {dag.py:3262} INFO - Creating ORM DAG for tutorial_dag
[2025-03-14T21:34:54.888+0000] {logging_mixin.py:190} INFO - [2025-03-14T21:34:54.888+0000] {dag.py:4180} INFO - Setting next_dagrun for tutorial_dag to None, run_after=None
[2025-03-14T21:34:54.917+0000] {processor.py:208} INFO - Processing /home/airflow/.local/lib/python3.12/site-packages/airflow/example_dags/tutorial_dag.py took 0.699 seconds
[2025-03-14T21:35:25.078+0000] {processor.py:186} INFO - Started process (PID=120) to work on /home/airflow/.local/lib/python3.12/site-packages/airflow/example_dags/tutorial_dag.py
[2025-03-14T21:35:25.080+0000] {processor.py:914} INFO - Processing file /home/airflow/.local/lib/python3.12/site-packages/airflow/example_dags/tutorial_dag.py for tasks to queue
[2025-03-14T21:35:25.087+0000] {logging_mixin.py:190} INFO - [2025-03-14T21:35:25.086+0000] {dagbag.py:588} INFO - Filling up the DagBag from /home/airflow/.local/lib/python3.12/site-packages/airflow/example_dags/tutorial_dag.py
[2025-03-14T21:35:25.114+0000] {processor.py:925} INFO - DAG(s) 'tutorial_dag' retrieved from /home/airflow/.local/lib/python3.12/site-packages/airflow/example_dags/tutorial_dag.py
[2025-03-14T21:35:25.152+0000] {logging_mixin.py:190} INFO - [2025-03-14T21:35:25.152+0000] {dag.py:3239} INFO - Sync 1 DAGs
[2025-03-14T21:35:25.166+0000] {logging_mixin.py:190} INFO - [2025-03-14T21:35:25.166+0000] {dag.py:4180} INFO - Setting next_dagrun for tutorial_dag to None, run_after=None
[2025-03-14T21:35:25.182+0000] {processor.py:208} INFO - Processing /home/airflow/.local/lib/python3.12/site-packages/airflow/example_dags/tutorial_dag.py took 0.119 seconds
[2025-03-14T21:35:55.321+0000] {processor.py:186} INFO - Started process (PID=183) to work on /home/airflow/.local/lib/python3.12/site-packages/airflow/example_dags/tutorial_dag.py
[2025-03-14T21:35:55.323+0000] {processor.py:914} INFO - Processing file /home/airflow/.local/lib/python3.12/site-packages/airflow/example_dags/tutorial_dag.py for tasks to queue
[2025-03-14T21:35:55.327+0000] {logging_mixin.py:190} INFO - [2025-03-14T21:35:55.327+0000] {dagbag.py:588} INFO - Filling up the DagBag from /home/airflow/.local/lib/python3.12/site-packages/airflow/example_dags/tutorial_dag.py
[2025-03-14T21:35:55.343+0000] {processor.py:925} INFO - DAG(s) 'tutorial_dag' retrieved from /home/airflow/.local/lib/python3.12/site-packages/airflow/example_dags/tutorial_dag.py
[2025-03-14T21:35:55.390+0000] {logging_mixin.py:190} INFO - [2025-03-14T21:35:55.390+0000] {dag.py:3239} INFO - Sync 1 DAGs
[2025-03-14T21:35:55.402+0000] {logging_mixin.py:190} INFO - [2025-03-14T21:35:55.402+0000] {dag.py:4180} INFO - Setting next_dagrun for tutorial_dag to None, run_after=None
[2025-03-14T21:35:55.418+0000] {processor.py:208} INFO - Processing /home/airflow/.local/lib/python3.12/site-packages/airflow/example_dags/tutorial_dag.py took 0.123 seconds
[2025-03-14T21:36:25.650+0000] {processor.py:186} INFO - Started process (PID=245) to work on /home/airflow/.local/lib/python3.12/site-packages/airflow/example_dags/tutorial_dag.py
[2025-03-14T21:36:25.655+0000] {processor.py:914} INFO - Processing file /home/airflow/.local/lib/python3.12/site-packages/airflow/example_dags/tutorial_dag.py for tasks to queue
[2025-03-14T21:36:25.667+0000] {logging_mixin.py:190} INFO - [2025-03-14T21:36:25.666+0000] {dagbag.py:588} INFO - Filling up the DagBag from /home/airflow/.local/lib/python3.12/site-packages/airflow/example_dags/tutorial_dag.py
[2025-03-14T21:36:25.686+0000] {processor.py:925} INFO - DAG(s) 'tutorial_dag' retrieved from /home/airflow/.local/lib/python3.12/site-packages/airflow/example_dags/tutorial_dag.py
[2025-03-14T21:36:25.726+0000] {logging_mixin.py:190} INFO - [2025-03-14T21:36:25.726+0000] {dag.py:3239} INFO - Sync 1 DAGs
[2025-03-14T21:36:25.748+0000] {logging_mixin.py:190} INFO - [2025-03-14T21:36:25.747+0000] {dag.py:4180} INFO - Setting next_dagrun for tutorial_dag to None, run_after=None
[2025-03-14T21:36:25.768+0000] {processor.py:208} INFO - Processing /home/airflow/.local/lib/python3.12/site-packages/airflow/example_dags/tutorial_dag.py took 0.147 seconds
[2025-03-14T21:36:56.012+0000] {processor.py:186} INFO - Started process (PID=308) to work on /home/airflow/.local/lib/python3.12/site-packages/airflow/example_dags/tutorial_dag.py
[2025-03-14T21:36:56.019+0000] {processor.py:914} INFO - Processing file /home/airflow/.local/lib/python3.12/site-packages/airflow/example_dags/tutorial_dag.py for tasks to queue
[2025-03-14T21:36:56.026+0000] {logging_mixin.py:190} INFO - [2025-03-14T21:36:56.025+0000] {dagbag.py:588} INFO - Filling up the DagBag from /home/airflow/.local/lib/python3.12/site-packages/airflow/example_dags/tutorial_dag.py
[2025-03-14T21:36:56.052+0000] {processor.py:925} INFO - DAG(s) 'tutorial_dag' retrieved from /home/airflow/.local/lib/python3.12/site-packages/airflow/example_dags/tutorial_dag.py
[2025-03-14T21:36:56.083+0000] {logging_mixin.py:190} INFO - [2025-03-14T21:36:56.083+0000] {dag.py:3239} INFO - Sync 1 DAGs
[2025-03-14T21:36:56.099+0000] {logging_mixin.py:190} INFO - [2025-03-14T21:36:56.099+0000] {dag.py:4180} INFO - Setting next_dagrun for tutorial_dag to None, run_after=None
[2025-03-14T21:36:56.121+0000] {processor.py:208} INFO - Processing /home/airflow/.local/lib/python3.12/site-packages/airflow/example_dags/tutorial_dag.py took 0.126 seconds
[2025-03-14T21:37:26.253+0000] {processor.py:186} INFO - Started process (PID=371) to work on /home/airflow/.local/lib/python3.12/site-packages/airflow/example_dags/tutorial_dag.py
[2025-03-14T21:37:26.255+0000] {processor.py:914} INFO - Processing file /home/airflow/.local/lib/python3.12/site-packages/airflow/example_dags/tutorial_dag.py for tasks to queue
[2025-03-14T21:37:26.258+0000] {logging_mixin.py:190} INFO - [2025-03-14T21:37:26.258+0000] {dagbag.py:588} INFO - Filling up the DagBag from /home/airflow/.local/lib/python3.12/site-packages/airflow/example_dags/tutorial_dag.py
[2025-03-14T21:37:26.272+0000] {processor.py:925} INFO - DAG(s) 'tutorial_dag' retrieved from /home/airflow/.local/lib/python3.12/site-packages/airflow/example_dags/tutorial_dag.py
[2025-03-14T21:37:26.301+0000] {logging_mixin.py:190} INFO - [2025-03-14T21:37:26.301+0000] {dag.py:3239} INFO - Sync 1 DAGs
[2025-03-14T21:37:26.323+0000] {logging_mixin.py:190} INFO - [2025-03-14T21:37:26.323+0000] {dag.py:4180} INFO - Setting next_dagrun for tutorial_dag to None, run_after=None
[2025-03-14T21:37:26.334+0000] {processor.py:208} INFO - Processing /home/airflow/.local/lib/python3.12/site-packages/airflow/example_dags/tutorial_dag.py took 0.093 seconds
[2025-03-14T21:37:56.650+0000] {processor.py:186} INFO - Started process (PID=433) to work on /home/airflow/.local/lib/python3.12/site-packages/airflow/example_dags/tutorial_dag.py
[2025-03-14T21:37:56.652+0000] {processor.py:914} INFO - Processing file /home/airflow/.local/lib/python3.12/site-packages/airflow/example_dags/tutorial_dag.py for tasks to queue
[2025-03-14T21:37:56.657+0000] {logging_mixin.py:190} INFO - [2025-03-14T21:37:56.656+0000] {dagbag.py:588} INFO - Filling up the DagBag from /home/airflow/.local/lib/python3.12/site-packages/airflow/example_dags/tutorial_dag.py
[2025-03-14T21:37:56.666+0000] {processor.py:925} INFO - DAG(s) 'tutorial_dag' retrieved from /home/airflow/.local/lib/python3.12/site-packages/airflow/example_dags/tutorial_dag.py
[2025-03-14T21:37:56.695+0000] {logging_mixin.py:190} INFO - [2025-03-14T21:37:56.695+0000] {dag.py:3239} INFO - Sync 1 DAGs
[2025-03-14T21:37:56.707+0000] {logging_mixin.py:190} INFO - [2025-03-14T21:37:56.707+0000] {dag.py:4180} INFO - Setting next_dagrun for tutorial_dag to None, run_after=None
[2025-03-14T21:37:56.718+0000] {processor.py:208} INFO - Processing /home/airflow/.local/lib/python3.12/site-packages/airflow/example_dags/tutorial_dag.py took 0.076 seconds
[2025-03-14T21:38:26.833+0000] {processor.py:186} INFO - Started process (PID=496) to work on /home/airflow/.local/lib/python3.12/site-packages/airflow/example_dags/tutorial_dag.py
[2025-03-14T21:38:26.837+0000] {processor.py:914} INFO - Processing file /home/airflow/.local/lib/python3.12/site-packages/airflow/example_dags/tutorial_dag.py for tasks to queue
[2025-03-14T21:38:26.841+0000] {logging_mixin.py:190} INFO - [2025-03-14T21:38:26.840+0000] {dagbag.py:588} INFO - Filling up the DagBag from /home/airflow/.local/lib/python3.12/site-packages/airflow/example_dags/tutorial_dag.py
[2025-03-14T21:38:26.851+0000] {processor.py:925} INFO - DAG(s) 'tutorial_dag' retrieved from /home/airflow/.local/lib/python3.12/site-packages/airflow/example_dags/tutorial_dag.py
[2025-03-14T21:38:26.885+0000] {logging_mixin.py:190} INFO - [2025-03-14T21:38:26.884+0000] {dag.py:3239} INFO - Sync 1 DAGs
[2025-03-14T21:38:26.904+0000] {logging_mixin.py:190} INFO - [2025-03-14T21:38:26.904+0000] {dag.py:4180} INFO - Setting next_dagrun for tutorial_dag to None, run_after=None
[2025-03-14T21:38:26.922+0000] {processor.py:208} INFO - Processing /home/airflow/.local/lib/python3.12/site-packages/airflow/example_dags/tutorial_dag.py took 0.110 seconds
[2025-03-14T21:38:57.341+0000] {processor.py:186} INFO - Started process (PID=559) to work on /home/airflow/.local/lib/python3.12/site-packages/airflow/example_dags/tutorial_dag.py
[2025-03-14T21:38:57.345+0000] {processor.py:914} INFO - Processing file /home/airflow/.local/lib/python3.12/site-packages/airflow/example_dags/tutorial_dag.py for tasks to queue
[2025-03-14T21:38:57.351+0000] {logging_mixin.py:190} INFO - [2025-03-14T21:38:57.350+0000] {dagbag.py:588} INFO - Filling up the DagBag from /home/airflow/.local/lib/python3.12/site-packages/airflow/example_dags/tutorial_dag.py
[2025-03-14T21:38:57.382+0000] {processor.py:925} INFO - DAG(s) 'tutorial_dag' retrieved from /home/airflow/.local/lib/python3.12/site-packages/airflow/example_dags/tutorial_dag.py
[2025-03-14T21:38:57.419+0000] {logging_mixin.py:190} INFO - [2025-03-14T21:38:57.419+0000] {dag.py:3239} INFO - Sync 1 DAGs
[2025-03-14T21:38:57.450+0000] {logging_mixin.py:190} INFO - [2025-03-14T21:38:57.449+0000] {dag.py:4180} INFO - Setting next_dagrun for tutorial_dag to None, run_after=None
[2025-03-14T21:38:57.474+0000] {processor.py:208} INFO - Processing /home/airflow/.local/lib/python3.12/site-packages/airflow/example_dags/tutorial_dag.py took 0.167 seconds
[2025-03-14T21:39:27.724+0000] {processor.py:186} INFO - Started process (PID=622) to work on /home/airflow/.local/lib/python3.12/site-packages/airflow/example_dags/tutorial_dag.py
[2025-03-14T21:39:27.731+0000] {processor.py:914} INFO - Processing file /home/airflow/.local/lib/python3.12/site-packages/airflow/example_dags/tutorial_dag.py for tasks to queue
[2025-03-14T21:39:27.735+0000] {logging_mixin.py:190} INFO - [2025-03-14T21:39:27.735+0000] {dagbag.py:588} INFO - Filling up the DagBag from /home/airflow/.local/lib/python3.12/site-packages/airflow/example_dags/tutorial_dag.py
[2025-03-14T21:39:27.755+0000] {processor.py:925} INFO - DAG(s) 'tutorial_dag' retrieved from /home/airflow/.local/lib/python3.12/site-packages/airflow/example_dags/tutorial_dag.py
[2025-03-14T21:39:27.782+0000] {logging_mixin.py:190} INFO - [2025-03-14T21:39:27.782+0000] {dag.py:3239} INFO - Sync 1 DAGs
[2025-03-14T21:39:27.804+0000] {logging_mixin.py:190} INFO - [2025-03-14T21:39:27.804+0000] {dag.py:4180} INFO - Setting next_dagrun for tutorial_dag to None, run_after=None
[2025-03-14T21:39:27.817+0000] {processor.py:208} INFO - Processing /home/airflow/.local/lib/python3.12/site-packages/airflow/example_dags/tutorial_dag.py took 0.110 seconds
[2025-03-14T21:43:54.399+0000] {processor.py:186} INFO - Started process (PID=59) to work on /home/airflow/.local/lib/python3.12/site-packages/airflow/example_dags/tutorial_dag.py
[2025-03-14T21:43:54.403+0000] {processor.py:914} INFO - Processing file /home/airflow/.local/lib/python3.12/site-packages/airflow/example_dags/tutorial_dag.py for tasks to queue
[2025-03-14T21:43:54.410+0000] {logging_mixin.py:190} INFO - [2025-03-14T21:43:54.409+0000] {dagbag.py:588} INFO - Filling up the DagBag from /home/airflow/.local/lib/python3.12/site-packages/airflow/example_dags/tutorial_dag.py
[2025-03-14T21:43:54.455+0000] {processor.py:925} INFO - DAG(s) 'tutorial_dag' retrieved from /home/airflow/.local/lib/python3.12/site-packages/airflow/example_dags/tutorial_dag.py
[2025-03-14T21:43:54.586+0000] {logging_mixin.py:190} INFO - [2025-03-14T21:43:54.586+0000] {dag.py:3239} INFO - Sync 1 DAGs
[2025-03-14T21:43:54.645+0000] {logging_mixin.py:190} INFO - [2025-03-14T21:43:54.645+0000] {dag.py:4180} INFO - Setting next_dagrun for tutorial_dag to None, run_after=None
[2025-03-14T21:43:54.706+0000] {processor.py:208} INFO - Processing /home/airflow/.local/lib/python3.12/site-packages/airflow/example_dags/tutorial_dag.py took 0.312 seconds
[2025-03-14T21:44:25.743+0000] {processor.py:186} INFO - Started process (PID=128) to work on /home/airflow/.local/lib/python3.12/site-packages/airflow/example_dags/tutorial_dag.py
[2025-03-14T21:44:25.751+0000] {processor.py:914} INFO - Processing file /home/airflow/.local/lib/python3.12/site-packages/airflow/example_dags/tutorial_dag.py for tasks to queue
[2025-03-14T21:44:25.765+0000] {logging_mixin.py:190} INFO - [2025-03-14T21:44:25.764+0000] {dagbag.py:588} INFO - Filling up the DagBag from /home/airflow/.local/lib/python3.12/site-packages/airflow/example_dags/tutorial_dag.py
[2025-03-14T21:44:25.863+0000] {processor.py:925} INFO - DAG(s) 'tutorial_dag' retrieved from /home/airflow/.local/lib/python3.12/site-packages/airflow/example_dags/tutorial_dag.py
[2025-03-14T21:44:26.094+0000] {logging_mixin.py:190} INFO - [2025-03-14T21:44:26.092+0000] {dag.py:3239} INFO - Sync 1 DAGs
[2025-03-14T21:44:26.180+0000] {logging_mixin.py:190} INFO - [2025-03-14T21:44:26.180+0000] {dag.py:4180} INFO - Setting next_dagrun for tutorial_dag to None, run_after=None
[2025-03-14T21:44:26.260+0000] {processor.py:208} INFO - Processing /home/airflow/.local/lib/python3.12/site-packages/airflow/example_dags/tutorial_dag.py took 0.534 seconds
[2025-03-14T21:44:57.216+0000] {processor.py:186} INFO - Started process (PID=190) to work on /home/airflow/.local/lib/python3.12/site-packages/airflow/example_dags/tutorial_dag.py
[2025-03-14T21:44:57.241+0000] {processor.py:914} INFO - Processing file /home/airflow/.local/lib/python3.12/site-packages/airflow/example_dags/tutorial_dag.py for tasks to queue
[2025-03-14T21:44:57.245+0000] {logging_mixin.py:190} INFO - [2025-03-14T21:44:57.245+0000] {dagbag.py:588} INFO - Filling up the DagBag from /home/airflow/.local/lib/python3.12/site-packages/airflow/example_dags/tutorial_dag.py
[2025-03-14T21:44:57.271+0000] {processor.py:925} INFO - DAG(s) 'tutorial_dag' retrieved from /home/airflow/.local/lib/python3.12/site-packages/airflow/example_dags/tutorial_dag.py
[2025-03-14T21:44:57.338+0000] {logging_mixin.py:190} INFO - [2025-03-14T21:44:57.338+0000] {dag.py:3239} INFO - Sync 1 DAGs
[2025-03-14T21:44:57.359+0000] {logging_mixin.py:190} INFO - [2025-03-14T21:44:57.359+0000] {dag.py:4180} INFO - Setting next_dagrun for tutorial_dag to None, run_after=None
[2025-03-14T21:44:57.389+0000] {processor.py:208} INFO - Processing /home/airflow/.local/lib/python3.12/site-packages/airflow/example_dags/tutorial_dag.py took 0.202 seconds
[2025-03-14T21:45:27.712+0000] {processor.py:186} INFO - Started process (PID=253) to work on /home/airflow/.local/lib/python3.12/site-packages/airflow/example_dags/tutorial_dag.py
[2025-03-14T21:45:27.721+0000] {processor.py:914} INFO - Processing file /home/airflow/.local/lib/python3.12/site-packages/airflow/example_dags/tutorial_dag.py for tasks to queue
[2025-03-14T21:45:27.740+0000] {logging_mixin.py:190} INFO - [2025-03-14T21:45:27.739+0000] {dagbag.py:588} INFO - Filling up the DagBag from /home/airflow/.local/lib/python3.12/site-packages/airflow/example_dags/tutorial_dag.py
[2025-03-14T21:45:27.787+0000] {processor.py:925} INFO - DAG(s) 'tutorial_dag' retrieved from /home/airflow/.local/lib/python3.12/site-packages/airflow/example_dags/tutorial_dag.py
[2025-03-14T21:45:27.862+0000] {logging_mixin.py:190} INFO - [2025-03-14T21:45:27.862+0000] {dag.py:3239} INFO - Sync 1 DAGs
[2025-03-14T21:45:27.898+0000] {logging_mixin.py:190} INFO - [2025-03-14T21:45:27.898+0000] {dag.py:4180} INFO - Setting next_dagrun for tutorial_dag to None, run_after=None
[2025-03-14T21:45:27.917+0000] {processor.py:208} INFO - Processing /home/airflow/.local/lib/python3.12/site-packages/airflow/example_dags/tutorial_dag.py took 0.233 seconds
[2025-03-14T21:46:01.195+0000] {processor.py:186} INFO - Started process (PID=316) to work on /home/airflow/.local/lib/python3.12/site-packages/airflow/example_dags/tutorial_dag.py
[2025-03-14T21:46:01.196+0000] {processor.py:914} INFO - Processing file /home/airflow/.local/lib/python3.12/site-packages/airflow/example_dags/tutorial_dag.py for tasks to queue
[2025-03-14T21:46:01.197+0000] {logging_mixin.py:190} INFO - [2025-03-14T21:46:01.197+0000] {dagbag.py:588} INFO - Filling up the DagBag from /home/airflow/.local/lib/python3.12/site-packages/airflow/example_dags/tutorial_dag.py
[2025-03-14T21:46:01.203+0000] {processor.py:925} INFO - DAG(s) 'tutorial_dag' retrieved from /home/airflow/.local/lib/python3.12/site-packages/airflow/example_dags/tutorial_dag.py
[2025-03-14T21:46:01.212+0000] {logging_mixin.py:190} INFO - [2025-03-14T21:46:01.212+0000] {dag.py:3239} INFO - Sync 1 DAGs
[2025-03-14T21:46:01.221+0000] {logging_mixin.py:190} INFO - [2025-03-14T21:46:01.221+0000] {dag.py:4180} INFO - Setting next_dagrun for tutorial_dag to None, run_after=None
[2025-03-14T21:46:01.229+0000] {processor.py:208} INFO - Processing /home/airflow/.local/lib/python3.12/site-packages/airflow/example_dags/tutorial_dag.py took 0.038 seconds
[2025-03-14T21:46:34.663+0000] {processor.py:186} INFO - Started process (PID=364) to work on /home/airflow/.local/lib/python3.12/site-packages/airflow/example_dags/tutorial_dag.py
[2025-03-14T21:46:34.675+0000] {processor.py:914} INFO - Processing file /home/airflow/.local/lib/python3.12/site-packages/airflow/example_dags/tutorial_dag.py for tasks to queue
[2025-03-14T21:46:34.707+0000] {logging_mixin.py:190} INFO - [2025-03-14T21:46:34.705+0000] {dagbag.py:588} INFO - Filling up the DagBag from /home/airflow/.local/lib/python3.12/site-packages/airflow/example_dags/tutorial_dag.py
[2025-03-14T21:46:34.816+0000] {processor.py:925} INFO - DAG(s) 'tutorial_dag' retrieved from /home/airflow/.local/lib/python3.12/site-packages/airflow/example_dags/tutorial_dag.py
[2025-03-14T21:46:34.952+0000] {logging_mixin.py:190} INFO - [2025-03-14T21:46:34.952+0000] {dag.py:3239} INFO - Sync 1 DAGs
[2025-03-14T21:46:35.007+0000] {logging_mixin.py:190} INFO - [2025-03-14T21:46:35.007+0000] {dag.py:4180} INFO - Setting next_dagrun for tutorial_dag to None, run_after=None
[2025-03-14T21:46:35.050+0000] {processor.py:208} INFO - Processing /home/airflow/.local/lib/python3.12/site-packages/airflow/example_dags/tutorial_dag.py took 0.433 seconds
[2025-03-14T21:51:56.794+0000] {processor.py:186} INFO - Started process (PID=58) to work on /home/airflow/.local/lib/python3.12/site-packages/airflow/example_dags/tutorial_dag.py
[2025-03-14T21:51:56.807+0000] {processor.py:914} INFO - Processing file /home/airflow/.local/lib/python3.12/site-packages/airflow/example_dags/tutorial_dag.py for tasks to queue
[2025-03-14T21:51:56.828+0000] {logging_mixin.py:190} INFO - [2025-03-14T21:51:56.827+0000] {dagbag.py:588} INFO - Filling up the DagBag from /home/airflow/.local/lib/python3.12/site-packages/airflow/example_dags/tutorial_dag.py
[2025-03-14T21:51:57.157+0000] {processor.py:925} INFO - DAG(s) 'tutorial_dag' retrieved from /home/airflow/.local/lib/python3.12/site-packages/airflow/example_dags/tutorial_dag.py
[2025-03-14T21:51:57.324+0000] {logging_mixin.py:190} INFO - [2025-03-14T21:51:57.323+0000] {dag.py:3239} INFO - Sync 1 DAGs
[2025-03-14T21:51:57.395+0000] {logging_mixin.py:190} INFO - [2025-03-14T21:51:57.395+0000] {dag.py:4180} INFO - Setting next_dagrun for tutorial_dag to None, run_after=None
[2025-03-14T21:51:57.448+0000] {processor.py:208} INFO - Processing /home/airflow/.local/lib/python3.12/site-packages/airflow/example_dags/tutorial_dag.py took 0.705 seconds
[2025-03-14T21:52:27.918+0000] {processor.py:186} INFO - Started process (PID=121) to work on /home/airflow/.local/lib/python3.12/site-packages/airflow/example_dags/tutorial_dag.py
[2025-03-14T21:52:27.921+0000] {processor.py:914} INFO - Processing file /home/airflow/.local/lib/python3.12/site-packages/airflow/example_dags/tutorial_dag.py for tasks to queue
[2025-03-14T21:52:27.926+0000] {logging_mixin.py:190} INFO - [2025-03-14T21:52:27.926+0000] {dagbag.py:588} INFO - Filling up the DagBag from /home/airflow/.local/lib/python3.12/site-packages/airflow/example_dags/tutorial_dag.py
[2025-03-14T21:52:27.955+0000] {processor.py:925} INFO - DAG(s) 'tutorial_dag' retrieved from /home/airflow/.local/lib/python3.12/site-packages/airflow/example_dags/tutorial_dag.py
[2025-03-14T21:52:27.994+0000] {logging_mixin.py:190} INFO - [2025-03-14T21:52:27.994+0000] {dag.py:3239} INFO - Sync 1 DAGs
[2025-03-14T21:52:28.019+0000] {logging_mixin.py:190} INFO - [2025-03-14T21:52:28.018+0000] {dag.py:4180} INFO - Setting next_dagrun for tutorial_dag to None, run_after=None
[2025-03-14T21:52:28.038+0000] {processor.py:208} INFO - Processing /home/airflow/.local/lib/python3.12/site-packages/airflow/example_dags/tutorial_dag.py took 0.136 seconds
[2025-03-14T21:52:58.224+0000] {processor.py:186} INFO - Started process (PID=184) to work on /home/airflow/.local/lib/python3.12/site-packages/airflow/example_dags/tutorial_dag.py
[2025-03-14T21:52:58.225+0000] {processor.py:914} INFO - Processing file /home/airflow/.local/lib/python3.12/site-packages/airflow/example_dags/tutorial_dag.py for tasks to queue
[2025-03-14T21:52:58.230+0000] {logging_mixin.py:190} INFO - [2025-03-14T21:52:58.229+0000] {dagbag.py:588} INFO - Filling up the DagBag from /home/airflow/.local/lib/python3.12/site-packages/airflow/example_dags/tutorial_dag.py
[2025-03-14T21:52:58.246+0000] {processor.py:925} INFO - DAG(s) 'tutorial_dag' retrieved from /home/airflow/.local/lib/python3.12/site-packages/airflow/example_dags/tutorial_dag.py
[2025-03-14T21:52:58.262+0000] {logging_mixin.py:190} INFO - [2025-03-14T21:52:58.262+0000] {dag.py:3239} INFO - Sync 1 DAGs
[2025-03-14T21:52:58.271+0000] {logging_mixin.py:190} INFO - [2025-03-14T21:52:58.271+0000] {dag.py:4180} INFO - Setting next_dagrun for tutorial_dag to None, run_after=None
[2025-03-14T21:52:58.282+0000] {processor.py:208} INFO - Processing /home/airflow/.local/lib/python3.12/site-packages/airflow/example_dags/tutorial_dag.py took 0.066 seconds
[2025-03-14T21:53:28.454+0000] {processor.py:186} INFO - Started process (PID=247) to work on /home/airflow/.local/lib/python3.12/site-packages/airflow/example_dags/tutorial_dag.py
[2025-03-14T21:53:28.457+0000] {processor.py:914} INFO - Processing file /home/airflow/.local/lib/python3.12/site-packages/airflow/example_dags/tutorial_dag.py for tasks to queue
[2025-03-14T21:53:28.468+0000] {logging_mixin.py:190} INFO - [2025-03-14T21:53:28.467+0000] {dagbag.py:588} INFO - Filling up the DagBag from /home/airflow/.local/lib/python3.12/site-packages/airflow/example_dags/tutorial_dag.py
[2025-03-14T21:53:28.481+0000] {processor.py:925} INFO - DAG(s) 'tutorial_dag' retrieved from /home/airflow/.local/lib/python3.12/site-packages/airflow/example_dags/tutorial_dag.py
[2025-03-14T21:53:28.509+0000] {logging_mixin.py:190} INFO - [2025-03-14T21:53:28.509+0000] {dag.py:3239} INFO - Sync 1 DAGs
[2025-03-14T21:53:28.520+0000] {logging_mixin.py:190} INFO - [2025-03-14T21:53:28.520+0000] {dag.py:4180} INFO - Setting next_dagrun for tutorial_dag to None, run_after=None
[2025-03-14T21:53:28.531+0000] {processor.py:208} INFO - Processing /home/airflow/.local/lib/python3.12/site-packages/airflow/example_dags/tutorial_dag.py took 0.084 seconds
[2025-03-14T21:53:58.735+0000] {processor.py:186} INFO - Started process (PID=310) to work on /home/airflow/.local/lib/python3.12/site-packages/airflow/example_dags/tutorial_dag.py
[2025-03-14T21:53:58.737+0000] {processor.py:914} INFO - Processing file /home/airflow/.local/lib/python3.12/site-packages/airflow/example_dags/tutorial_dag.py for tasks to queue
[2025-03-14T21:53:58.740+0000] {logging_mixin.py:190} INFO - [2025-03-14T21:53:58.740+0000] {dagbag.py:588} INFO - Filling up the DagBag from /home/airflow/.local/lib/python3.12/site-packages/airflow/example_dags/tutorial_dag.py
[2025-03-14T21:53:58.773+0000] {processor.py:925} INFO - DAG(s) 'tutorial_dag' retrieved from /home/airflow/.local/lib/python3.12/site-packages/airflow/example_dags/tutorial_dag.py
[2025-03-14T21:53:58.806+0000] {logging_mixin.py:190} INFO - [2025-03-14T21:53:58.806+0000] {dag.py:3239} INFO - Sync 1 DAGs
[2025-03-14T21:53:58.822+0000] {logging_mixin.py:190} INFO - [2025-03-14T21:53:58.821+0000] {dag.py:4180} INFO - Setting next_dagrun for tutorial_dag to None, run_after=None
[2025-03-14T21:53:58.835+0000] {processor.py:208} INFO - Processing /home/airflow/.local/lib/python3.12/site-packages/airflow/example_dags/tutorial_dag.py took 0.109 seconds
[2025-03-14T21:54:29.238+0000] {processor.py:186} INFO - Started process (PID=373) to work on /home/airflow/.local/lib/python3.12/site-packages/airflow/example_dags/tutorial_dag.py
[2025-03-14T21:54:29.247+0000] {processor.py:914} INFO - Processing file /home/airflow/.local/lib/python3.12/site-packages/airflow/example_dags/tutorial_dag.py for tasks to queue
[2025-03-14T21:54:29.263+0000] {logging_mixin.py:190} INFO - [2025-03-14T21:54:29.261+0000] {dagbag.py:588} INFO - Filling up the DagBag from /home/airflow/.local/lib/python3.12/site-packages/airflow/example_dags/tutorial_dag.py
[2025-03-14T21:54:29.299+0000] {processor.py:925} INFO - DAG(s) 'tutorial_dag' retrieved from /home/airflow/.local/lib/python3.12/site-packages/airflow/example_dags/tutorial_dag.py
[2025-03-14T21:54:29.379+0000] {logging_mixin.py:190} INFO - [2025-03-14T21:54:29.379+0000] {dag.py:3239} INFO - Sync 1 DAGs
[2025-03-14T21:54:29.408+0000] {logging_mixin.py:190} INFO - [2025-03-14T21:54:29.408+0000] {dag.py:4180} INFO - Setting next_dagrun for tutorial_dag to None, run_after=None
[2025-03-14T21:54:29.429+0000] {processor.py:208} INFO - Processing /home/airflow/.local/lib/python3.12/site-packages/airflow/example_dags/tutorial_dag.py took 0.225 seconds
[2025-03-14T21:54:59.766+0000] {processor.py:186} INFO - Started process (PID=436) to work on /home/airflow/.local/lib/python3.12/site-packages/airflow/example_dags/tutorial_dag.py
[2025-03-14T21:54:59.776+0000] {processor.py:914} INFO - Processing file /home/airflow/.local/lib/python3.12/site-packages/airflow/example_dags/tutorial_dag.py for tasks to queue
[2025-03-14T21:54:59.787+0000] {logging_mixin.py:190} INFO - [2025-03-14T21:54:59.786+0000] {dagbag.py:588} INFO - Filling up the DagBag from /home/airflow/.local/lib/python3.12/site-packages/airflow/example_dags/tutorial_dag.py
[2025-03-14T21:54:59.803+0000] {processor.py:925} INFO - DAG(s) 'tutorial_dag' retrieved from /home/airflow/.local/lib/python3.12/site-packages/airflow/example_dags/tutorial_dag.py
[2025-03-14T21:54:59.844+0000] {logging_mixin.py:190} INFO - [2025-03-14T21:54:59.843+0000] {dag.py:3239} INFO - Sync 1 DAGs
[2025-03-14T21:54:59.857+0000] {logging_mixin.py:190} INFO - [2025-03-14T21:54:59.857+0000] {dag.py:4180} INFO - Setting next_dagrun for tutorial_dag to None, run_after=None
[2025-03-14T21:54:59.873+0000] {processor.py:208} INFO - Processing /home/airflow/.local/lib/python3.12/site-packages/airflow/example_dags/tutorial_dag.py took 0.118 seconds
[2025-03-14T21:55:30.527+0000] {processor.py:186} INFO - Started process (PID=499) to work on /home/airflow/.local/lib/python3.12/site-packages/airflow/example_dags/tutorial_dag.py
[2025-03-14T21:55:30.529+0000] {processor.py:914} INFO - Processing file /home/airflow/.local/lib/python3.12/site-packages/airflow/example_dags/tutorial_dag.py for tasks to queue
[2025-03-14T21:55:30.533+0000] {logging_mixin.py:190} INFO - [2025-03-14T21:55:30.533+0000] {dagbag.py:588} INFO - Filling up the DagBag from /home/airflow/.local/lib/python3.12/site-packages/airflow/example_dags/tutorial_dag.py
[2025-03-14T21:55:30.556+0000] {processor.py:925} INFO - DAG(s) 'tutorial_dag' retrieved from /home/airflow/.local/lib/python3.12/site-packages/airflow/example_dags/tutorial_dag.py
[2025-03-14T21:55:30.593+0000] {logging_mixin.py:190} INFO - [2025-03-14T21:55:30.593+0000] {dag.py:3239} INFO - Sync 1 DAGs
[2025-03-14T21:55:30.617+0000] {logging_mixin.py:190} INFO - [2025-03-14T21:55:30.617+0000] {dag.py:4180} INFO - Setting next_dagrun for tutorial_dag to None, run_after=None
[2025-03-14T21:55:30.641+0000] {processor.py:208} INFO - Processing /home/airflow/.local/lib/python3.12/site-packages/airflow/example_dags/tutorial_dag.py took 0.126 seconds
[2025-03-14T21:56:01.102+0000] {processor.py:186} INFO - Started process (PID=562) to work on /home/airflow/.local/lib/python3.12/site-packages/airflow/example_dags/tutorial_dag.py
[2025-03-14T21:56:01.105+0000] {processor.py:914} INFO - Processing file /home/airflow/.local/lib/python3.12/site-packages/airflow/example_dags/tutorial_dag.py for tasks to queue
[2025-03-14T21:56:01.115+0000] {logging_mixin.py:190} INFO - [2025-03-14T21:56:01.114+0000] {dagbag.py:588} INFO - Filling up the DagBag from /home/airflow/.local/lib/python3.12/site-packages/airflow/example_dags/tutorial_dag.py
[2025-03-14T21:56:01.131+0000] {processor.py:925} INFO - DAG(s) 'tutorial_dag' retrieved from /home/airflow/.local/lib/python3.12/site-packages/airflow/example_dags/tutorial_dag.py
[2025-03-14T21:56:01.169+0000] {logging_mixin.py:190} INFO - [2025-03-14T21:56:01.169+0000] {dag.py:3239} INFO - Sync 1 DAGs
[2025-03-14T21:56:01.184+0000] {logging_mixin.py:190} INFO - [2025-03-14T21:56:01.184+0000] {dag.py:4180} INFO - Setting next_dagrun for tutorial_dag to None, run_after=None
[2025-03-14T21:56:01.197+0000] {processor.py:208} INFO - Processing /home/airflow/.local/lib/python3.12/site-packages/airflow/example_dags/tutorial_dag.py took 0.109 seconds
[2025-03-14T21:56:31.735+0000] {processor.py:186} INFO - Started process (PID=626) to work on /home/airflow/.local/lib/python3.12/site-packages/airflow/example_dags/tutorial_dag.py
[2025-03-14T21:56:31.737+0000] {processor.py:914} INFO - Processing file /home/airflow/.local/lib/python3.12/site-packages/airflow/example_dags/tutorial_dag.py for tasks to queue
[2025-03-14T21:56:31.741+0000] {logging_mixin.py:190} INFO - [2025-03-14T21:56:31.741+0000] {dagbag.py:588} INFO - Filling up the DagBag from /home/airflow/.local/lib/python3.12/site-packages/airflow/example_dags/tutorial_dag.py
[2025-03-14T21:56:31.763+0000] {processor.py:925} INFO - DAG(s) 'tutorial_dag' retrieved from /home/airflow/.local/lib/python3.12/site-packages/airflow/example_dags/tutorial_dag.py
[2025-03-14T21:56:31.795+0000] {logging_mixin.py:190} INFO - [2025-03-14T21:56:31.795+0000] {dag.py:3239} INFO - Sync 1 DAGs
[2025-03-14T21:56:31.822+0000] {logging_mixin.py:190} INFO - [2025-03-14T21:56:31.822+0000] {dag.py:4180} INFO - Setting next_dagrun for tutorial_dag to None, run_after=None
[2025-03-14T21:56:31.836+0000] {processor.py:208} INFO - Processing /home/airflow/.local/lib/python3.12/site-packages/airflow/example_dags/tutorial_dag.py took 0.111 seconds
[2025-03-14T21:57:02.323+0000] {processor.py:186} INFO - Started process (PID=689) to work on /home/airflow/.local/lib/python3.12/site-packages/airflow/example_dags/tutorial_dag.py
[2025-03-14T21:57:02.326+0000] {processor.py:914} INFO - Processing file /home/airflow/.local/lib/python3.12/site-packages/airflow/example_dags/tutorial_dag.py for tasks to queue
[2025-03-14T21:57:02.332+0000] {logging_mixin.py:190} INFO - [2025-03-14T21:57:02.331+0000] {dagbag.py:588} INFO - Filling up the DagBag from /home/airflow/.local/lib/python3.12/site-packages/airflow/example_dags/tutorial_dag.py
[2025-03-14T21:57:02.346+0000] {processor.py:925} INFO - DAG(s) 'tutorial_dag' retrieved from /home/airflow/.local/lib/python3.12/site-packages/airflow/example_dags/tutorial_dag.py
[2025-03-14T21:57:02.385+0000] {logging_mixin.py:190} INFO - [2025-03-14T21:57:02.385+0000] {dag.py:3239} INFO - Sync 1 DAGs
[2025-03-14T21:57:02.394+0000] {logging_mixin.py:190} INFO - [2025-03-14T21:57:02.394+0000] {dag.py:4180} INFO - Setting next_dagrun for tutorial_dag to None, run_after=None
[2025-03-14T21:57:02.415+0000] {processor.py:208} INFO - Processing /home/airflow/.local/lib/python3.12/site-packages/airflow/example_dags/tutorial_dag.py took 0.105 seconds
[2025-03-14T21:57:32.841+0000] {processor.py:186} INFO - Started process (PID=752) to work on /home/airflow/.local/lib/python3.12/site-packages/airflow/example_dags/tutorial_dag.py
[2025-03-14T21:57:32.843+0000] {processor.py:914} INFO - Processing file /home/airflow/.local/lib/python3.12/site-packages/airflow/example_dags/tutorial_dag.py for tasks to queue
[2025-03-14T21:57:32.848+0000] {logging_mixin.py:190} INFO - [2025-03-14T21:57:32.847+0000] {dagbag.py:588} INFO - Filling up the DagBag from /home/airflow/.local/lib/python3.12/site-packages/airflow/example_dags/tutorial_dag.py
[2025-03-14T21:57:32.861+0000] {processor.py:925} INFO - DAG(s) 'tutorial_dag' retrieved from /home/airflow/.local/lib/python3.12/site-packages/airflow/example_dags/tutorial_dag.py
[2025-03-14T21:57:32.895+0000] {logging_mixin.py:190} INFO - [2025-03-14T21:57:32.895+0000] {dag.py:3239} INFO - Sync 1 DAGs
[2025-03-14T21:57:32.919+0000] {logging_mixin.py:190} INFO - [2025-03-14T21:57:32.919+0000] {dag.py:4180} INFO - Setting next_dagrun for tutorial_dag to None, run_after=None
[2025-03-14T21:57:32.933+0000] {processor.py:208} INFO - Processing /home/airflow/.local/lib/python3.12/site-packages/airflow/example_dags/tutorial_dag.py took 0.113 seconds
[2025-03-14T21:58:03.189+0000] {processor.py:186} INFO - Started process (PID=815) to work on /home/airflow/.local/lib/python3.12/site-packages/airflow/example_dags/tutorial_dag.py
[2025-03-14T21:58:03.192+0000] {processor.py:914} INFO - Processing file /home/airflow/.local/lib/python3.12/site-packages/airflow/example_dags/tutorial_dag.py for tasks to queue
[2025-03-14T21:58:03.198+0000] {logging_mixin.py:190} INFO - [2025-03-14T21:58:03.197+0000] {dagbag.py:588} INFO - Filling up the DagBag from /home/airflow/.local/lib/python3.12/site-packages/airflow/example_dags/tutorial_dag.py
[2025-03-14T21:58:03.211+0000] {processor.py:925} INFO - DAG(s) 'tutorial_dag' retrieved from /home/airflow/.local/lib/python3.12/site-packages/airflow/example_dags/tutorial_dag.py
[2025-03-14T21:58:03.250+0000] {logging_mixin.py:190} INFO - [2025-03-14T21:58:03.249+0000] {dag.py:3239} INFO - Sync 1 DAGs
[2025-03-14T21:58:03.265+0000] {logging_mixin.py:190} INFO - [2025-03-14T21:58:03.264+0000] {dag.py:4180} INFO - Setting next_dagrun for tutorial_dag to None, run_after=None
[2025-03-14T21:58:03.314+0000] {processor.py:208} INFO - Processing /home/airflow/.local/lib/python3.12/site-packages/airflow/example_dags/tutorial_dag.py took 0.145 seconds
[2025-03-14T21:58:33.928+0000] {processor.py:186} INFO - Started process (PID=878) to work on /home/airflow/.local/lib/python3.12/site-packages/airflow/example_dags/tutorial_dag.py
[2025-03-14T21:58:33.931+0000] {processor.py:914} INFO - Processing file /home/airflow/.local/lib/python3.12/site-packages/airflow/example_dags/tutorial_dag.py for tasks to queue
[2025-03-14T21:58:33.935+0000] {logging_mixin.py:190} INFO - [2025-03-14T21:58:33.934+0000] {dagbag.py:588} INFO - Filling up the DagBag from /home/airflow/.local/lib/python3.12/site-packages/airflow/example_dags/tutorial_dag.py
[2025-03-14T21:58:33.959+0000] {processor.py:925} INFO - DAG(s) 'tutorial_dag' retrieved from /home/airflow/.local/lib/python3.12/site-packages/airflow/example_dags/tutorial_dag.py
[2025-03-14T21:58:33.989+0000] {logging_mixin.py:190} INFO - [2025-03-14T21:58:33.989+0000] {dag.py:3239} INFO - Sync 1 DAGs
[2025-03-14T21:58:34.002+0000] {logging_mixin.py:190} INFO - [2025-03-14T21:58:34.001+0000] {dag.py:4180} INFO - Setting next_dagrun for tutorial_dag to None, run_after=None
[2025-03-14T21:58:34.024+0000] {processor.py:208} INFO - Processing /home/airflow/.local/lib/python3.12/site-packages/airflow/example_dags/tutorial_dag.py took 0.107 seconds
[2025-03-14T21:59:04.259+0000] {processor.py:186} INFO - Started process (PID=941) to work on /home/airflow/.local/lib/python3.12/site-packages/airflow/example_dags/tutorial_dag.py
[2025-03-14T21:59:04.263+0000] {processor.py:914} INFO - Processing file /home/airflow/.local/lib/python3.12/site-packages/airflow/example_dags/tutorial_dag.py for tasks to queue
[2025-03-14T21:59:04.270+0000] {logging_mixin.py:190} INFO - [2025-03-14T21:59:04.269+0000] {dagbag.py:588} INFO - Filling up the DagBag from /home/airflow/.local/lib/python3.12/site-packages/airflow/example_dags/tutorial_dag.py
[2025-03-14T21:59:04.285+0000] {processor.py:925} INFO - DAG(s) 'tutorial_dag' retrieved from /home/airflow/.local/lib/python3.12/site-packages/airflow/example_dags/tutorial_dag.py
[2025-03-14T21:59:04.320+0000] {logging_mixin.py:190} INFO - [2025-03-14T21:59:04.320+0000] {dag.py:3239} INFO - Sync 1 DAGs
[2025-03-14T21:59:04.334+0000] {logging_mixin.py:190} INFO - [2025-03-14T21:59:04.333+0000] {dag.py:4180} INFO - Setting next_dagrun for tutorial_dag to None, run_after=None
[2025-03-14T21:59:04.359+0000] {processor.py:208} INFO - Processing /home/airflow/.local/lib/python3.12/site-packages/airflow/example_dags/tutorial_dag.py took 0.130 seconds
[2025-03-14T21:59:34.566+0000] {processor.py:186} INFO - Started process (PID=1004) to work on /home/airflow/.local/lib/python3.12/site-packages/airflow/example_dags/tutorial_dag.py
[2025-03-14T21:59:34.568+0000] {processor.py:914} INFO - Processing file /home/airflow/.local/lib/python3.12/site-packages/airflow/example_dags/tutorial_dag.py for tasks to queue
[2025-03-14T21:59:34.572+0000] {logging_mixin.py:190} INFO - [2025-03-14T21:59:34.571+0000] {dagbag.py:588} INFO - Filling up the DagBag from /home/airflow/.local/lib/python3.12/site-packages/airflow/example_dags/tutorial_dag.py
[2025-03-14T21:59:34.602+0000] {processor.py:925} INFO - DAG(s) 'tutorial_dag' retrieved from /home/airflow/.local/lib/python3.12/site-packages/airflow/example_dags/tutorial_dag.py
[2025-03-14T21:59:34.635+0000] {logging_mixin.py:190} INFO - [2025-03-14T21:59:34.635+0000] {dag.py:3239} INFO - Sync 1 DAGs
[2025-03-14T21:59:34.660+0000] {logging_mixin.py:190} INFO - [2025-03-14T21:59:34.660+0000] {dag.py:4180} INFO - Setting next_dagrun for tutorial_dag to None, run_after=None
[2025-03-14T21:59:34.675+0000] {processor.py:208} INFO - Processing /home/airflow/.local/lib/python3.12/site-packages/airflow/example_dags/tutorial_dag.py took 0.119 seconds
[2025-03-14T22:00:04.978+0000] {processor.py:186} INFO - Started process (PID=1067) to work on /home/airflow/.local/lib/python3.12/site-packages/airflow/example_dags/tutorial_dag.py
[2025-03-14T22:00:04.985+0000] {processor.py:914} INFO - Processing file /home/airflow/.local/lib/python3.12/site-packages/airflow/example_dags/tutorial_dag.py for tasks to queue
[2025-03-14T22:00:04.988+0000] {logging_mixin.py:190} INFO - [2025-03-14T22:00:04.988+0000] {dagbag.py:588} INFO - Filling up the DagBag from /home/airflow/.local/lib/python3.12/site-packages/airflow/example_dags/tutorial_dag.py
[2025-03-14T22:00:04.993+0000] {processor.py:925} INFO - DAG(s) 'tutorial_dag' retrieved from /home/airflow/.local/lib/python3.12/site-packages/airflow/example_dags/tutorial_dag.py
[2025-03-14T22:00:05.007+0000] {logging_mixin.py:190} INFO - [2025-03-14T22:00:05.007+0000] {dag.py:3239} INFO - Sync 1 DAGs
[2025-03-14T22:00:05.017+0000] {logging_mixin.py:190} INFO - [2025-03-14T22:00:05.017+0000] {dag.py:4180} INFO - Setting next_dagrun for tutorial_dag to None, run_after=None
[2025-03-14T22:00:05.038+0000] {processor.py:208} INFO - Processing /home/airflow/.local/lib/python3.12/site-packages/airflow/example_dags/tutorial_dag.py took 0.064 seconds
[2025-03-14T22:00:35.616+0000] {processor.py:186} INFO - Started process (PID=1130) to work on /home/airflow/.local/lib/python3.12/site-packages/airflow/example_dags/tutorial_dag.py
[2025-03-14T22:00:35.632+0000] {processor.py:914} INFO - Processing file /home/airflow/.local/lib/python3.12/site-packages/airflow/example_dags/tutorial_dag.py for tasks to queue
[2025-03-14T22:00:35.635+0000] {logging_mixin.py:190} INFO - [2025-03-14T22:00:35.635+0000] {dagbag.py:588} INFO - Filling up the DagBag from /home/airflow/.local/lib/python3.12/site-packages/airflow/example_dags/tutorial_dag.py
[2025-03-14T22:00:35.647+0000] {processor.py:925} INFO - DAG(s) 'tutorial_dag' retrieved from /home/airflow/.local/lib/python3.12/site-packages/airflow/example_dags/tutorial_dag.py
[2025-03-14T22:00:35.682+0000] {logging_mixin.py:190} INFO - [2025-03-14T22:00:35.682+0000] {dag.py:3239} INFO - Sync 1 DAGs
[2025-03-14T22:00:35.693+0000] {logging_mixin.py:190} INFO - [2025-03-14T22:00:35.693+0000] {dag.py:4180} INFO - Setting next_dagrun for tutorial_dag to None, run_after=None
[2025-03-14T22:00:35.718+0000] {processor.py:208} INFO - Processing /home/airflow/.local/lib/python3.12/site-packages/airflow/example_dags/tutorial_dag.py took 0.111 seconds
[2025-03-14T22:01:05.766+0000] {processor.py:186} INFO - Started process (PID=1193) to work on /home/airflow/.local/lib/python3.12/site-packages/airflow/example_dags/tutorial_dag.py
[2025-03-14T22:01:05.767+0000] {processor.py:914} INFO - Processing file /home/airflow/.local/lib/python3.12/site-packages/airflow/example_dags/tutorial_dag.py for tasks to queue
[2025-03-14T22:01:05.768+0000] {logging_mixin.py:190} INFO - [2025-03-14T22:01:05.768+0000] {dagbag.py:588} INFO - Filling up the DagBag from /home/airflow/.local/lib/python3.12/site-packages/airflow/example_dags/tutorial_dag.py
[2025-03-14T22:01:05.774+0000] {processor.py:925} INFO - DAG(s) 'tutorial_dag' retrieved from /home/airflow/.local/lib/python3.12/site-packages/airflow/example_dags/tutorial_dag.py
[2025-03-14T22:01:05.787+0000] {logging_mixin.py:190} INFO - [2025-03-14T22:01:05.787+0000] {dag.py:3239} INFO - Sync 1 DAGs
[2025-03-14T22:01:05.794+0000] {logging_mixin.py:190} INFO - [2025-03-14T22:01:05.794+0000] {dag.py:4180} INFO - Setting next_dagrun for tutorial_dag to None, run_after=None
[2025-03-14T22:01:05.805+0000] {processor.py:208} INFO - Processing /home/airflow/.local/lib/python3.12/site-packages/airflow/example_dags/tutorial_dag.py took 0.042 seconds
[2025-03-14T22:01:36.269+0000] {processor.py:186} INFO - Started process (PID=1249) to work on /home/airflow/.local/lib/python3.12/site-packages/airflow/example_dags/tutorial_dag.py
[2025-03-14T22:01:36.270+0000] {processor.py:914} INFO - Processing file /home/airflow/.local/lib/python3.12/site-packages/airflow/example_dags/tutorial_dag.py for tasks to queue
[2025-03-14T22:01:36.271+0000] {logging_mixin.py:190} INFO - [2025-03-14T22:01:36.271+0000] {dagbag.py:588} INFO - Filling up the DagBag from /home/airflow/.local/lib/python3.12/site-packages/airflow/example_dags/tutorial_dag.py
[2025-03-14T22:01:36.275+0000] {processor.py:925} INFO - DAG(s) 'tutorial_dag' retrieved from /home/airflow/.local/lib/python3.12/site-packages/airflow/example_dags/tutorial_dag.py
[2025-03-14T22:01:36.292+0000] {logging_mixin.py:190} INFO - [2025-03-14T22:01:36.292+0000] {dag.py:3239} INFO - Sync 1 DAGs
[2025-03-14T22:01:36.300+0000] {logging_mixin.py:190} INFO - [2025-03-14T22:01:36.300+0000] {dag.py:4180} INFO - Setting next_dagrun for tutorial_dag to None, run_after=None
[2025-03-14T22:01:36.312+0000] {processor.py:208} INFO - Processing /home/airflow/.local/lib/python3.12/site-packages/airflow/example_dags/tutorial_dag.py took 0.046 seconds
[2025-03-14T22:02:06.683+0000] {processor.py:186} INFO - Started process (PID=1305) to work on /home/airflow/.local/lib/python3.12/site-packages/airflow/example_dags/tutorial_dag.py
[2025-03-14T22:02:06.684+0000] {processor.py:914} INFO - Processing file /home/airflow/.local/lib/python3.12/site-packages/airflow/example_dags/tutorial_dag.py for tasks to queue
[2025-03-14T22:02:06.686+0000] {logging_mixin.py:190} INFO - [2025-03-14T22:02:06.686+0000] {dagbag.py:588} INFO - Filling up the DagBag from /home/airflow/.local/lib/python3.12/site-packages/airflow/example_dags/tutorial_dag.py
[2025-03-14T22:02:06.691+0000] {processor.py:925} INFO - DAG(s) 'tutorial_dag' retrieved from /home/airflow/.local/lib/python3.12/site-packages/airflow/example_dags/tutorial_dag.py
[2025-03-14T22:02:06.700+0000] {logging_mixin.py:190} INFO - [2025-03-14T22:02:06.700+0000] {dag.py:3239} INFO - Sync 1 DAGs
[2025-03-14T22:02:06.706+0000] {logging_mixin.py:190} INFO - [2025-03-14T22:02:06.706+0000] {dag.py:4180} INFO - Setting next_dagrun for tutorial_dag to None, run_after=None
[2025-03-14T22:02:06.715+0000] {processor.py:208} INFO - Processing /home/airflow/.local/lib/python3.12/site-packages/airflow/example_dags/tutorial_dag.py took 0.036 seconds
[2025-03-14T22:02:37.411+0000] {processor.py:186} INFO - Started process (PID=1368) to work on /home/airflow/.local/lib/python3.12/site-packages/airflow/example_dags/tutorial_dag.py
[2025-03-14T22:02:37.412+0000] {processor.py:914} INFO - Processing file /home/airflow/.local/lib/python3.12/site-packages/airflow/example_dags/tutorial_dag.py for tasks to queue
[2025-03-14T22:02:37.413+0000] {logging_mixin.py:190} INFO - [2025-03-14T22:02:37.413+0000] {dagbag.py:588} INFO - Filling up the DagBag from /home/airflow/.local/lib/python3.12/site-packages/airflow/example_dags/tutorial_dag.py
[2025-03-14T22:02:37.417+0000] {processor.py:925} INFO - DAG(s) 'tutorial_dag' retrieved from /home/airflow/.local/lib/python3.12/site-packages/airflow/example_dags/tutorial_dag.py
[2025-03-14T22:02:37.425+0000] {logging_mixin.py:190} INFO - [2025-03-14T22:02:37.425+0000] {dag.py:3239} INFO - Sync 1 DAGs
[2025-03-14T22:02:37.431+0000] {logging_mixin.py:190} INFO - [2025-03-14T22:02:37.431+0000] {dag.py:4180} INFO - Setting next_dagrun for tutorial_dag to None, run_after=None
[2025-03-14T22:02:37.439+0000] {processor.py:208} INFO - Processing /home/airflow/.local/lib/python3.12/site-packages/airflow/example_dags/tutorial_dag.py took 0.031 seconds
[2025-03-14T22:03:07.507+0000] {processor.py:186} INFO - Started process (PID=1426) to work on /home/airflow/.local/lib/python3.12/site-packages/airflow/example_dags/tutorial_dag.py
[2025-03-14T22:03:07.512+0000] {processor.py:914} INFO - Processing file /home/airflow/.local/lib/python3.12/site-packages/airflow/example_dags/tutorial_dag.py for tasks to queue
[2025-03-14T22:03:07.520+0000] {logging_mixin.py:190} INFO - [2025-03-14T22:03:07.519+0000] {dagbag.py:588} INFO - Filling up the DagBag from /home/airflow/.local/lib/python3.12/site-packages/airflow/example_dags/tutorial_dag.py
[2025-03-14T22:03:07.545+0000] {processor.py:925} INFO - DAG(s) 'tutorial_dag' retrieved from /home/airflow/.local/lib/python3.12/site-packages/airflow/example_dags/tutorial_dag.py
[2025-03-14T22:03:07.577+0000] {logging_mixin.py:190} INFO - [2025-03-14T22:03:07.577+0000] {dag.py:3239} INFO - Sync 1 DAGs
[2025-03-14T22:03:07.596+0000] {logging_mixin.py:190} INFO - [2025-03-14T22:03:07.596+0000] {dag.py:4180} INFO - Setting next_dagrun for tutorial_dag to None, run_after=None
[2025-03-14T22:03:07.610+0000] {processor.py:208} INFO - Processing /home/airflow/.local/lib/python3.12/site-packages/airflow/example_dags/tutorial_dag.py took 0.119 seconds
[2025-03-14T22:03:38.467+0000] {processor.py:186} INFO - Started process (PID=1489) to work on /home/airflow/.local/lib/python3.12/site-packages/airflow/example_dags/tutorial_dag.py
[2025-03-14T22:03:38.470+0000] {processor.py:914} INFO - Processing file /home/airflow/.local/lib/python3.12/site-packages/airflow/example_dags/tutorial_dag.py for tasks to queue
[2025-03-14T22:03:38.474+0000] {logging_mixin.py:190} INFO - [2025-03-14T22:03:38.474+0000] {dagbag.py:588} INFO - Filling up the DagBag from /home/airflow/.local/lib/python3.12/site-packages/airflow/example_dags/tutorial_dag.py
[2025-03-14T22:03:38.494+0000] {processor.py:925} INFO - DAG(s) 'tutorial_dag' retrieved from /home/airflow/.local/lib/python3.12/site-packages/airflow/example_dags/tutorial_dag.py
[2025-03-14T22:03:38.529+0000] {logging_mixin.py:190} INFO - [2025-03-14T22:03:38.529+0000] {dag.py:3239} INFO - Sync 1 DAGs
[2025-03-14T22:03:38.542+0000] {logging_mixin.py:190} INFO - [2025-03-14T22:03:38.541+0000] {dag.py:4180} INFO - Setting next_dagrun for tutorial_dag to None, run_after=None
[2025-03-14T22:03:38.554+0000] {processor.py:208} INFO - Processing /home/airflow/.local/lib/python3.12/site-packages/airflow/example_dags/tutorial_dag.py took 0.109 seconds
[2025-03-14T22:04:09.538+0000] {processor.py:186} INFO - Started process (PID=1552) to work on /home/airflow/.local/lib/python3.12/site-packages/airflow/example_dags/tutorial_dag.py
[2025-03-14T22:04:09.559+0000] {processor.py:914} INFO - Processing file /home/airflow/.local/lib/python3.12/site-packages/airflow/example_dags/tutorial_dag.py for tasks to queue
[2025-03-14T22:04:09.598+0000] {logging_mixin.py:190} INFO - [2025-03-14T22:04:09.592+0000] {dagbag.py:588} INFO - Filling up the DagBag from /home/airflow/.local/lib/python3.12/site-packages/airflow/example_dags/tutorial_dag.py
[2025-03-14T22:04:09.632+0000] {processor.py:925} INFO - DAG(s) 'tutorial_dag' retrieved from /home/airflow/.local/lib/python3.12/site-packages/airflow/example_dags/tutorial_dag.py
[2025-03-14T22:04:09.800+0000] {logging_mixin.py:190} INFO - [2025-03-14T22:04:09.795+0000] {dag.py:3239} INFO - Sync 1 DAGs
[2025-03-14T22:04:09.849+0000] {logging_mixin.py:190} INFO - [2025-03-14T22:04:09.848+0000] {dag.py:4180} INFO - Setting next_dagrun for tutorial_dag to None, run_after=None
[2025-03-14T22:04:09.870+0000] {processor.py:208} INFO - Processing /home/airflow/.local/lib/python3.12/site-packages/airflow/example_dags/tutorial_dag.py took 0.370 seconds
