[2025-04-25T10:41:19.372+0000] {processor.py:186} INFO - Started process (PID=87) to work on /home/airflow/.local/lib/python3.12/site-packages/airflow/example_dags/example_nested_branch_dag.py
[2025-04-25T10:41:19.373+0000] {processor.py:914} INFO - Processing file /home/airflow/.local/lib/python3.12/site-packages/airflow/example_dags/example_nested_branch_dag.py for tasks to queue
[2025-04-25T10:41:19.376+0000] {logging_mixin.py:190} INFO - [2025-04-25T10:41:19.376+0000] {dagbag.py:588} INFO - Filling up the DagBag from /home/airflow/.local/lib/python3.12/site-packages/airflow/example_dags/example_nested_branch_dag.py
[2025-04-25T10:41:19.397+0000] {processor.py:925} INFO - DAG(s) 'example_nested_branch_dag' retrieved from /home/airflow/.local/lib/python3.12/site-packages/airflow/example_dags/example_nested_branch_dag.py
[2025-04-25T10:41:19.431+0000] {logging_mixin.py:190} INFO - [2025-04-25T10:41:19.430+0000] {dag.py:3239} INFO - Sync 1 DAGs
[2025-04-25T10:41:19.488+0000] {logging_mixin.py:190} INFO - [2025-04-25T10:41:19.487+0000] {dag.py:4180} INFO - Setting next_dagrun for example_nested_branch_dag to 2025-04-24 00:00:00+00:00, run_after=2025-04-25 00:00:00+00:00
[2025-04-25T10:41:19.546+0000] {processor.py:208} INFO - Processing /home/airflow/.local/lib/python3.12/site-packages/airflow/example_dags/example_nested_branch_dag.py took 0.184 seconds
[2025-04-25T10:41:51.231+0000] {processor.py:186} INFO - Started process (PID=150) to work on /home/airflow/.local/lib/python3.12/site-packages/airflow/example_dags/example_nested_branch_dag.py
[2025-04-25T10:41:51.232+0000] {processor.py:914} INFO - Processing file /home/airflow/.local/lib/python3.12/site-packages/airflow/example_dags/example_nested_branch_dag.py for tasks to queue
[2025-04-25T10:41:51.233+0000] {logging_mixin.py:190} INFO - [2025-04-25T10:41:51.233+0000] {dagbag.py:588} INFO - Filling up the DagBag from /home/airflow/.local/lib/python3.12/site-packages/airflow/example_dags/example_nested_branch_dag.py
[2025-04-25T10:41:51.244+0000] {processor.py:925} INFO - DAG(s) 'example_nested_branch_dag' retrieved from /home/airflow/.local/lib/python3.12/site-packages/airflow/example_dags/example_nested_branch_dag.py
[2025-04-25T10:41:51.270+0000] {logging_mixin.py:190} INFO - [2025-04-25T10:41:51.270+0000] {dag.py:3239} INFO - Sync 1 DAGs
[2025-04-25T10:41:51.294+0000] {logging_mixin.py:190} INFO - [2025-04-25T10:41:51.293+0000] {dag.py:4180} INFO - Setting next_dagrun for example_nested_branch_dag to 2025-04-24 00:00:00+00:00, run_after=2025-04-25 00:00:00+00:00
[2025-04-25T10:41:51.311+0000] {processor.py:208} INFO - Processing /home/airflow/.local/lib/python3.12/site-packages/airflow/example_dags/example_nested_branch_dag.py took 0.084 seconds
[2025-04-25T10:42:22.360+0000] {processor.py:186} INFO - Started process (PID=213) to work on /home/airflow/.local/lib/python3.12/site-packages/airflow/example_dags/example_nested_branch_dag.py
[2025-04-25T10:42:22.361+0000] {processor.py:914} INFO - Processing file /home/airflow/.local/lib/python3.12/site-packages/airflow/example_dags/example_nested_branch_dag.py for tasks to queue
[2025-04-25T10:42:22.363+0000] {logging_mixin.py:190} INFO - [2025-04-25T10:42:22.363+0000] {dagbag.py:588} INFO - Filling up the DagBag from /home/airflow/.local/lib/python3.12/site-packages/airflow/example_dags/example_nested_branch_dag.py
[2025-04-25T10:42:22.374+0000] {processor.py:925} INFO - DAG(s) 'example_nested_branch_dag' retrieved from /home/airflow/.local/lib/python3.12/site-packages/airflow/example_dags/example_nested_branch_dag.py
[2025-04-25T10:42:22.386+0000] {logging_mixin.py:190} INFO - [2025-04-25T10:42:22.386+0000] {dag.py:3239} INFO - Sync 1 DAGs
[2025-04-25T10:42:22.399+0000] {logging_mixin.py:190} INFO - [2025-04-25T10:42:22.398+0000] {dag.py:4180} INFO - Setting next_dagrun for example_nested_branch_dag to 2025-04-24 00:00:00+00:00, run_after=2025-04-25 00:00:00+00:00
[2025-04-25T10:42:22.407+0000] {processor.py:208} INFO - Processing /home/airflow/.local/lib/python3.12/site-packages/airflow/example_dags/example_nested_branch_dag.py took 0.050 seconds
[2025-04-25T10:42:53.799+0000] {processor.py:186} INFO - Started process (PID=277) to work on /home/airflow/.local/lib/python3.12/site-packages/airflow/example_dags/example_nested_branch_dag.py
[2025-04-25T10:42:53.800+0000] {processor.py:914} INFO - Processing file /home/airflow/.local/lib/python3.12/site-packages/airflow/example_dags/example_nested_branch_dag.py for tasks to queue
[2025-04-25T10:42:53.802+0000] {logging_mixin.py:190} INFO - [2025-04-25T10:42:53.802+0000] {dagbag.py:588} INFO - Filling up the DagBag from /home/airflow/.local/lib/python3.12/site-packages/airflow/example_dags/example_nested_branch_dag.py
[2025-04-25T10:42:53.810+0000] {processor.py:925} INFO - DAG(s) 'example_nested_branch_dag' retrieved from /home/airflow/.local/lib/python3.12/site-packages/airflow/example_dags/example_nested_branch_dag.py
[2025-04-25T10:42:53.830+0000] {logging_mixin.py:190} INFO - [2025-04-25T10:42:53.830+0000] {dag.py:3239} INFO - Sync 1 DAGs
[2025-04-25T10:42:53.847+0000] {logging_mixin.py:190} INFO - [2025-04-25T10:42:53.846+0000] {dag.py:4180} INFO - Setting next_dagrun for example_nested_branch_dag to 2025-04-24 00:00:00+00:00, run_after=2025-04-25 00:00:00+00:00
[2025-04-25T10:42:53.855+0000] {processor.py:208} INFO - Processing /home/airflow/.local/lib/python3.12/site-packages/airflow/example_dags/example_nested_branch_dag.py took 0.060 seconds
[2025-04-25T10:43:25.471+0000] {processor.py:186} INFO - Started process (PID=340) to work on /home/airflow/.local/lib/python3.12/site-packages/airflow/example_dags/example_nested_branch_dag.py
[2025-04-25T10:43:25.472+0000] {processor.py:914} INFO - Processing file /home/airflow/.local/lib/python3.12/site-packages/airflow/example_dags/example_nested_branch_dag.py for tasks to queue
[2025-04-25T10:43:25.474+0000] {logging_mixin.py:190} INFO - [2025-04-25T10:43:25.474+0000] {dagbag.py:588} INFO - Filling up the DagBag from /home/airflow/.local/lib/python3.12/site-packages/airflow/example_dags/example_nested_branch_dag.py
[2025-04-25T10:43:25.485+0000] {processor.py:925} INFO - DAG(s) 'example_nested_branch_dag' retrieved from /home/airflow/.local/lib/python3.12/site-packages/airflow/example_dags/example_nested_branch_dag.py
[2025-04-25T10:43:25.496+0000] {logging_mixin.py:190} INFO - [2025-04-25T10:43:25.496+0000] {dag.py:3239} INFO - Sync 1 DAGs
[2025-04-25T10:43:25.526+0000] {logging_mixin.py:190} INFO - [2025-04-25T10:43:25.526+0000] {dag.py:4180} INFO - Setting next_dagrun for example_nested_branch_dag to 2025-04-24 00:00:00+00:00, run_after=2025-04-25 00:00:00+00:00
[2025-04-25T10:43:25.538+0000] {processor.py:208} INFO - Processing /home/airflow/.local/lib/python3.12/site-packages/airflow/example_dags/example_nested_branch_dag.py took 0.076 seconds
[2025-04-25T10:43:56.283+0000] {processor.py:186} INFO - Started process (PID=403) to work on /home/airflow/.local/lib/python3.12/site-packages/airflow/example_dags/example_nested_branch_dag.py
[2025-04-25T10:43:56.284+0000] {processor.py:914} INFO - Processing file /home/airflow/.local/lib/python3.12/site-packages/airflow/example_dags/example_nested_branch_dag.py for tasks to queue
[2025-04-25T10:43:56.285+0000] {logging_mixin.py:190} INFO - [2025-04-25T10:43:56.285+0000] {dagbag.py:588} INFO - Filling up the DagBag from /home/airflow/.local/lib/python3.12/site-packages/airflow/example_dags/example_nested_branch_dag.py
[2025-04-25T10:43:56.292+0000] {processor.py:925} INFO - DAG(s) 'example_nested_branch_dag' retrieved from /home/airflow/.local/lib/python3.12/site-packages/airflow/example_dags/example_nested_branch_dag.py
[2025-04-25T10:43:56.305+0000] {logging_mixin.py:190} INFO - [2025-04-25T10:43:56.304+0000] {dag.py:3239} INFO - Sync 1 DAGs
[2025-04-25T10:43:56.324+0000] {logging_mixin.py:190} INFO - [2025-04-25T10:43:56.324+0000] {dag.py:4180} INFO - Setting next_dagrun for example_nested_branch_dag to 2025-04-24 00:00:00+00:00, run_after=2025-04-25 00:00:00+00:00
[2025-04-25T10:43:56.334+0000] {processor.py:208} INFO - Processing /home/airflow/.local/lib/python3.12/site-packages/airflow/example_dags/example_nested_branch_dag.py took 0.057 seconds
[2025-04-25T10:44:28.186+0000] {processor.py:186} INFO - Started process (PID=466) to work on /home/airflow/.local/lib/python3.12/site-packages/airflow/example_dags/example_nested_branch_dag.py
[2025-04-25T10:44:28.188+0000] {processor.py:914} INFO - Processing file /home/airflow/.local/lib/python3.12/site-packages/airflow/example_dags/example_nested_branch_dag.py for tasks to queue
[2025-04-25T10:44:28.191+0000] {logging_mixin.py:190} INFO - [2025-04-25T10:44:28.190+0000] {dagbag.py:588} INFO - Filling up the DagBag from /home/airflow/.local/lib/python3.12/site-packages/airflow/example_dags/example_nested_branch_dag.py
[2025-04-25T10:44:28.202+0000] {processor.py:925} INFO - DAG(s) 'example_nested_branch_dag' retrieved from /home/airflow/.local/lib/python3.12/site-packages/airflow/example_dags/example_nested_branch_dag.py
[2025-04-25T10:44:28.221+0000] {logging_mixin.py:190} INFO - [2025-04-25T10:44:28.221+0000] {dag.py:3239} INFO - Sync 1 DAGs
[2025-04-25T10:44:28.238+0000] {logging_mixin.py:190} INFO - [2025-04-25T10:44:28.237+0000] {dag.py:4180} INFO - Setting next_dagrun for example_nested_branch_dag to 2025-04-24 00:00:00+00:00, run_after=2025-04-25 00:00:00+00:00
[2025-04-25T10:44:28.254+0000] {processor.py:208} INFO - Processing /home/airflow/.local/lib/python3.12/site-packages/airflow/example_dags/example_nested_branch_dag.py took 0.076 seconds
[2025-04-25T10:45:00.003+0000] {processor.py:186} INFO - Started process (PID=529) to work on /home/airflow/.local/lib/python3.12/site-packages/airflow/example_dags/example_nested_branch_dag.py
[2025-04-25T10:45:00.003+0000] {processor.py:914} INFO - Processing file /home/airflow/.local/lib/python3.12/site-packages/airflow/example_dags/example_nested_branch_dag.py for tasks to queue
[2025-04-25T10:45:00.004+0000] {logging_mixin.py:190} INFO - [2025-04-25T10:45:00.004+0000] {dagbag.py:588} INFO - Filling up the DagBag from /home/airflow/.local/lib/python3.12/site-packages/airflow/example_dags/example_nested_branch_dag.py
[2025-04-25T10:45:00.011+0000] {processor.py:925} INFO - DAG(s) 'example_nested_branch_dag' retrieved from /home/airflow/.local/lib/python3.12/site-packages/airflow/example_dags/example_nested_branch_dag.py
[2025-04-25T10:45:00.022+0000] {logging_mixin.py:190} INFO - [2025-04-25T10:45:00.022+0000] {dag.py:3239} INFO - Sync 1 DAGs
[2025-04-25T10:45:00.042+0000] {logging_mixin.py:190} INFO - [2025-04-25T10:45:00.042+0000] {dag.py:4180} INFO - Setting next_dagrun for example_nested_branch_dag to 2025-04-24 00:00:00+00:00, run_after=2025-04-25 00:00:00+00:00
[2025-04-25T10:45:00.052+0000] {processor.py:208} INFO - Processing /home/airflow/.local/lib/python3.12/site-packages/airflow/example_dags/example_nested_branch_dag.py took 0.053 seconds
[2025-04-25T10:45:32.484+0000] {processor.py:186} INFO - Started process (PID=591) to work on /home/airflow/.local/lib/python3.12/site-packages/airflow/example_dags/example_nested_branch_dag.py
[2025-04-25T10:45:32.486+0000] {processor.py:914} INFO - Processing file /home/airflow/.local/lib/python3.12/site-packages/airflow/example_dags/example_nested_branch_dag.py for tasks to queue
[2025-04-25T10:45:32.487+0000] {logging_mixin.py:190} INFO - [2025-04-25T10:45:32.487+0000] {dagbag.py:588} INFO - Filling up the DagBag from /home/airflow/.local/lib/python3.12/site-packages/airflow/example_dags/example_nested_branch_dag.py
[2025-04-25T10:45:32.496+0000] {processor.py:925} INFO - DAG(s) 'example_nested_branch_dag' retrieved from /home/airflow/.local/lib/python3.12/site-packages/airflow/example_dags/example_nested_branch_dag.py
[2025-04-25T10:45:32.518+0000] {logging_mixin.py:190} INFO - [2025-04-25T10:45:32.518+0000] {dag.py:3239} INFO - Sync 1 DAGs
[2025-04-25T10:45:32.535+0000] {logging_mixin.py:190} INFO - [2025-04-25T10:45:32.535+0000] {dag.py:4180} INFO - Setting next_dagrun for example_nested_branch_dag to 2025-04-24 00:00:00+00:00, run_after=2025-04-25 00:00:00+00:00
[2025-04-25T10:45:32.553+0000] {processor.py:208} INFO - Processing /home/airflow/.local/lib/python3.12/site-packages/airflow/example_dags/example_nested_branch_dag.py took 0.074 seconds
[2025-04-25T10:46:03.835+0000] {processor.py:186} INFO - Started process (PID=654) to work on /home/airflow/.local/lib/python3.12/site-packages/airflow/example_dags/example_nested_branch_dag.py
[2025-04-25T10:46:03.837+0000] {processor.py:914} INFO - Processing file /home/airflow/.local/lib/python3.12/site-packages/airflow/example_dags/example_nested_branch_dag.py for tasks to queue
[2025-04-25T10:46:03.839+0000] {logging_mixin.py:190} INFO - [2025-04-25T10:46:03.838+0000] {dagbag.py:588} INFO - Filling up the DagBag from /home/airflow/.local/lib/python3.12/site-packages/airflow/example_dags/example_nested_branch_dag.py
[2025-04-25T10:46:03.858+0000] {processor.py:925} INFO - DAG(s) 'example_nested_branch_dag' retrieved from /home/airflow/.local/lib/python3.12/site-packages/airflow/example_dags/example_nested_branch_dag.py
[2025-04-25T10:46:03.874+0000] {logging_mixin.py:190} INFO - [2025-04-25T10:46:03.874+0000] {dag.py:3239} INFO - Sync 1 DAGs
[2025-04-25T10:46:03.887+0000] {logging_mixin.py:190} INFO - [2025-04-25T10:46:03.886+0000] {dag.py:4180} INFO - Setting next_dagrun for example_nested_branch_dag to 2025-04-24 00:00:00+00:00, run_after=2025-04-25 00:00:00+00:00
[2025-04-25T10:46:03.896+0000] {processor.py:208} INFO - Processing /home/airflow/.local/lib/python3.12/site-packages/airflow/example_dags/example_nested_branch_dag.py took 0.064 seconds
[2025-04-25T10:46:36.242+0000] {processor.py:186} INFO - Started process (PID=717) to work on /home/airflow/.local/lib/python3.12/site-packages/airflow/example_dags/example_nested_branch_dag.py
[2025-04-25T10:46:36.247+0000] {processor.py:914} INFO - Processing file /home/airflow/.local/lib/python3.12/site-packages/airflow/example_dags/example_nested_branch_dag.py for tasks to queue
[2025-04-25T10:46:36.254+0000] {logging_mixin.py:190} INFO - [2025-04-25T10:46:36.253+0000] {dagbag.py:588} INFO - Filling up the DagBag from /home/airflow/.local/lib/python3.12/site-packages/airflow/example_dags/example_nested_branch_dag.py
[2025-04-25T10:46:36.264+0000] {processor.py:925} INFO - DAG(s) 'example_nested_branch_dag' retrieved from /home/airflow/.local/lib/python3.12/site-packages/airflow/example_dags/example_nested_branch_dag.py
[2025-04-25T10:46:36.278+0000] {logging_mixin.py:190} INFO - [2025-04-25T10:46:36.278+0000] {dag.py:3239} INFO - Sync 1 DAGs
[2025-04-25T10:46:36.291+0000] {logging_mixin.py:190} INFO - [2025-04-25T10:46:36.291+0000] {dag.py:4180} INFO - Setting next_dagrun for example_nested_branch_dag to 2025-04-24 00:00:00+00:00, run_after=2025-04-25 00:00:00+00:00
[2025-04-25T10:46:36.298+0000] {processor.py:208} INFO - Processing /home/airflow/.local/lib/python3.12/site-packages/airflow/example_dags/example_nested_branch_dag.py took 0.065 seconds
[2025-04-25T10:47:07.073+0000] {processor.py:186} INFO - Started process (PID=780) to work on /home/airflow/.local/lib/python3.12/site-packages/airflow/example_dags/example_nested_branch_dag.py
[2025-04-25T10:47:07.074+0000] {processor.py:914} INFO - Processing file /home/airflow/.local/lib/python3.12/site-packages/airflow/example_dags/example_nested_branch_dag.py for tasks to queue
[2025-04-25T10:47:07.075+0000] {logging_mixin.py:190} INFO - [2025-04-25T10:47:07.075+0000] {dagbag.py:588} INFO - Filling up the DagBag from /home/airflow/.local/lib/python3.12/site-packages/airflow/example_dags/example_nested_branch_dag.py
[2025-04-25T10:47:07.082+0000] {processor.py:925} INFO - DAG(s) 'example_nested_branch_dag' retrieved from /home/airflow/.local/lib/python3.12/site-packages/airflow/example_dags/example_nested_branch_dag.py
[2025-04-25T10:47:07.102+0000] {logging_mixin.py:190} INFO - [2025-04-25T10:47:07.102+0000] {dag.py:3239} INFO - Sync 1 DAGs
[2025-04-25T10:47:07.116+0000] {logging_mixin.py:190} INFO - [2025-04-25T10:47:07.116+0000] {dag.py:4180} INFO - Setting next_dagrun for example_nested_branch_dag to 2025-04-24 00:00:00+00:00, run_after=2025-04-25 00:00:00+00:00
[2025-04-25T10:47:07.126+0000] {processor.py:208} INFO - Processing /home/airflow/.local/lib/python3.12/site-packages/airflow/example_dags/example_nested_branch_dag.py took 0.055 seconds
[2025-04-25T10:47:37.926+0000] {processor.py:186} INFO - Started process (PID=842) to work on /home/airflow/.local/lib/python3.12/site-packages/airflow/example_dags/example_nested_branch_dag.py
[2025-04-25T10:47:37.927+0000] {processor.py:914} INFO - Processing file /home/airflow/.local/lib/python3.12/site-packages/airflow/example_dags/example_nested_branch_dag.py for tasks to queue
[2025-04-25T10:47:37.929+0000] {logging_mixin.py:190} INFO - [2025-04-25T10:47:37.929+0000] {dagbag.py:588} INFO - Filling up the DagBag from /home/airflow/.local/lib/python3.12/site-packages/airflow/example_dags/example_nested_branch_dag.py
[2025-04-25T10:47:37.936+0000] {processor.py:925} INFO - DAG(s) 'example_nested_branch_dag' retrieved from /home/airflow/.local/lib/python3.12/site-packages/airflow/example_dags/example_nested_branch_dag.py
[2025-04-25T10:47:37.950+0000] {logging_mixin.py:190} INFO - [2025-04-25T10:47:37.950+0000] {dag.py:3239} INFO - Sync 1 DAGs
[2025-04-25T10:47:37.973+0000] {logging_mixin.py:190} INFO - [2025-04-25T10:47:37.973+0000] {dag.py:4180} INFO - Setting next_dagrun for example_nested_branch_dag to 2025-04-24 00:00:00+00:00, run_after=2025-04-25 00:00:00+00:00
[2025-04-25T10:47:37.986+0000] {processor.py:208} INFO - Processing /home/airflow/.local/lib/python3.12/site-packages/airflow/example_dags/example_nested_branch_dag.py took 0.064 seconds
[2025-04-25T10:48:08.972+0000] {processor.py:186} INFO - Started process (PID=905) to work on /home/airflow/.local/lib/python3.12/site-packages/airflow/example_dags/example_nested_branch_dag.py
[2025-04-25T10:48:08.973+0000] {processor.py:914} INFO - Processing file /home/airflow/.local/lib/python3.12/site-packages/airflow/example_dags/example_nested_branch_dag.py for tasks to queue
[2025-04-25T10:48:08.974+0000] {logging_mixin.py:190} INFO - [2025-04-25T10:48:08.974+0000] {dagbag.py:588} INFO - Filling up the DagBag from /home/airflow/.local/lib/python3.12/site-packages/airflow/example_dags/example_nested_branch_dag.py
[2025-04-25T10:48:08.980+0000] {processor.py:925} INFO - DAG(s) 'example_nested_branch_dag' retrieved from /home/airflow/.local/lib/python3.12/site-packages/airflow/example_dags/example_nested_branch_dag.py
[2025-04-25T10:48:08.993+0000] {logging_mixin.py:190} INFO - [2025-04-25T10:48:08.993+0000] {dag.py:3239} INFO - Sync 1 DAGs
[2025-04-25T10:48:09.007+0000] {logging_mixin.py:190} INFO - [2025-04-25T10:48:09.007+0000] {dag.py:4180} INFO - Setting next_dagrun for example_nested_branch_dag to 2025-04-24 00:00:00+00:00, run_after=2025-04-25 00:00:00+00:00
[2025-04-25T10:48:09.022+0000] {processor.py:208} INFO - Processing /home/airflow/.local/lib/python3.12/site-packages/airflow/example_dags/example_nested_branch_dag.py took 0.052 seconds
[2025-04-25T10:48:40.114+0000] {processor.py:186} INFO - Started process (PID=968) to work on /home/airflow/.local/lib/python3.12/site-packages/airflow/example_dags/example_nested_branch_dag.py
[2025-04-25T10:48:40.115+0000] {processor.py:914} INFO - Processing file /home/airflow/.local/lib/python3.12/site-packages/airflow/example_dags/example_nested_branch_dag.py for tasks to queue
[2025-04-25T10:48:40.116+0000] {logging_mixin.py:190} INFO - [2025-04-25T10:48:40.116+0000] {dagbag.py:588} INFO - Filling up the DagBag from /home/airflow/.local/lib/python3.12/site-packages/airflow/example_dags/example_nested_branch_dag.py
[2025-04-25T10:48:40.124+0000] {processor.py:925} INFO - DAG(s) 'example_nested_branch_dag' retrieved from /home/airflow/.local/lib/python3.12/site-packages/airflow/example_dags/example_nested_branch_dag.py
[2025-04-25T10:48:40.150+0000] {logging_mixin.py:190} INFO - [2025-04-25T10:48:40.150+0000] {dag.py:3239} INFO - Sync 1 DAGs
[2025-04-25T10:48:40.168+0000] {logging_mixin.py:190} INFO - [2025-04-25T10:48:40.168+0000] {dag.py:4180} INFO - Setting next_dagrun for example_nested_branch_dag to 2025-04-24 00:00:00+00:00, run_after=2025-04-25 00:00:00+00:00
[2025-04-25T10:48:40.180+0000] {processor.py:208} INFO - Processing /home/airflow/.local/lib/python3.12/site-packages/airflow/example_dags/example_nested_branch_dag.py took 0.069 seconds
[2025-04-25T10:49:11.663+0000] {processor.py:186} INFO - Started process (PID=1031) to work on /home/airflow/.local/lib/python3.12/site-packages/airflow/example_dags/example_nested_branch_dag.py
[2025-04-25T10:49:11.664+0000] {processor.py:914} INFO - Processing file /home/airflow/.local/lib/python3.12/site-packages/airflow/example_dags/example_nested_branch_dag.py for tasks to queue
[2025-04-25T10:49:11.665+0000] {logging_mixin.py:190} INFO - [2025-04-25T10:49:11.665+0000] {dagbag.py:588} INFO - Filling up the DagBag from /home/airflow/.local/lib/python3.12/site-packages/airflow/example_dags/example_nested_branch_dag.py
[2025-04-25T10:49:11.675+0000] {processor.py:925} INFO - DAG(s) 'example_nested_branch_dag' retrieved from /home/airflow/.local/lib/python3.12/site-packages/airflow/example_dags/example_nested_branch_dag.py
[2025-04-25T10:49:11.686+0000] {logging_mixin.py:190} INFO - [2025-04-25T10:49:11.686+0000] {dag.py:3239} INFO - Sync 1 DAGs
[2025-04-25T10:49:11.697+0000] {logging_mixin.py:190} INFO - [2025-04-25T10:49:11.697+0000] {dag.py:4180} INFO - Setting next_dagrun for example_nested_branch_dag to 2025-04-24 00:00:00+00:00, run_after=2025-04-25 00:00:00+00:00
[2025-04-25T10:49:11.703+0000] {processor.py:208} INFO - Processing /home/airflow/.local/lib/python3.12/site-packages/airflow/example_dags/example_nested_branch_dag.py took 0.043 seconds
[2025-04-25T10:49:43.398+0000] {processor.py:186} INFO - Started process (PID=1094) to work on /home/airflow/.local/lib/python3.12/site-packages/airflow/example_dags/example_nested_branch_dag.py
[2025-04-25T10:49:43.399+0000] {processor.py:914} INFO - Processing file /home/airflow/.local/lib/python3.12/site-packages/airflow/example_dags/example_nested_branch_dag.py for tasks to queue
[2025-04-25T10:49:43.400+0000] {logging_mixin.py:190} INFO - [2025-04-25T10:49:43.400+0000] {dagbag.py:588} INFO - Filling up the DagBag from /home/airflow/.local/lib/python3.12/site-packages/airflow/example_dags/example_nested_branch_dag.py
[2025-04-25T10:49:43.414+0000] {processor.py:925} INFO - DAG(s) 'example_nested_branch_dag' retrieved from /home/airflow/.local/lib/python3.12/site-packages/airflow/example_dags/example_nested_branch_dag.py
[2025-04-25T10:49:43.436+0000] {logging_mixin.py:190} INFO - [2025-04-25T10:49:43.436+0000] {dag.py:3239} INFO - Sync 1 DAGs
[2025-04-25T10:49:43.455+0000] {logging_mixin.py:190} INFO - [2025-04-25T10:49:43.455+0000] {dag.py:4180} INFO - Setting next_dagrun for example_nested_branch_dag to 2025-04-24 00:00:00+00:00, run_after=2025-04-25 00:00:00+00:00
[2025-04-25T10:49:43.473+0000] {processor.py:208} INFO - Processing /home/airflow/.local/lib/python3.12/site-packages/airflow/example_dags/example_nested_branch_dag.py took 0.079 seconds
[2025-04-25T10:50:26.868+0000] {processor.py:186} INFO - Started process (PID=1170) to work on /home/airflow/.local/lib/python3.12/site-packages/airflow/example_dags/example_nested_branch_dag.py
[2025-04-25T10:50:26.880+0000] {processor.py:914} INFO - Processing file /home/airflow/.local/lib/python3.12/site-packages/airflow/example_dags/example_nested_branch_dag.py for tasks to queue
[2025-04-25T10:50:26.900+0000] {logging_mixin.py:190} INFO - [2025-04-25T10:50:26.894+0000] {dagbag.py:588} INFO - Filling up the DagBag from /home/airflow/.local/lib/python3.12/site-packages/airflow/example_dags/example_nested_branch_dag.py
[2025-04-25T10:50:27.201+0000] {processor.py:925} INFO - DAG(s) 'example_nested_branch_dag' retrieved from /home/airflow/.local/lib/python3.12/site-packages/airflow/example_dags/example_nested_branch_dag.py
[2025-04-25T10:50:27.764+0000] {logging_mixin.py:190} INFO - [2025-04-25T10:50:27.759+0000] {dag.py:3239} INFO - Sync 1 DAGs
[2025-04-25T10:50:28.006+0000] {logging_mixin.py:190} INFO - [2025-04-25T10:50:27.984+0000] {dag.py:4180} INFO - Setting next_dagrun for example_nested_branch_dag to 2025-04-24 00:00:00+00:00, run_after=2025-04-25 00:00:00+00:00
[2025-04-25T10:50:28.154+0000] {processor.py:208} INFO - Processing /home/airflow/.local/lib/python3.12/site-packages/airflow/example_dags/example_nested_branch_dag.py took 1.370 seconds
[2025-04-25T10:50:59.292+0000] {processor.py:186} INFO - Started process (PID=1233) to work on /home/airflow/.local/lib/python3.12/site-packages/airflow/example_dags/example_nested_branch_dag.py
[2025-04-25T10:50:59.295+0000] {processor.py:914} INFO - Processing file /home/airflow/.local/lib/python3.12/site-packages/airflow/example_dags/example_nested_branch_dag.py for tasks to queue
[2025-04-25T10:50:59.299+0000] {logging_mixin.py:190} INFO - [2025-04-25T10:50:59.298+0000] {dagbag.py:588} INFO - Filling up the DagBag from /home/airflow/.local/lib/python3.12/site-packages/airflow/example_dags/example_nested_branch_dag.py
[2025-04-25T10:50:59.321+0000] {processor.py:925} INFO - DAG(s) 'example_nested_branch_dag' retrieved from /home/airflow/.local/lib/python3.12/site-packages/airflow/example_dags/example_nested_branch_dag.py
[2025-04-25T10:50:59.366+0000] {logging_mixin.py:190} INFO - [2025-04-25T10:50:59.365+0000] {dag.py:3239} INFO - Sync 1 DAGs
[2025-04-25T10:50:59.390+0000] {logging_mixin.py:190} INFO - [2025-04-25T10:50:59.390+0000] {dag.py:4180} INFO - Setting next_dagrun for example_nested_branch_dag to 2025-04-24 00:00:00+00:00, run_after=2025-04-25 00:00:00+00:00
[2025-04-25T10:50:59.404+0000] {processor.py:208} INFO - Processing /home/airflow/.local/lib/python3.12/site-packages/airflow/example_dags/example_nested_branch_dag.py took 0.145 seconds
[2025-04-25T10:51:31.479+0000] {processor.py:186} INFO - Started process (PID=1296) to work on /home/airflow/.local/lib/python3.12/site-packages/airflow/example_dags/example_nested_branch_dag.py
[2025-04-25T10:51:31.480+0000] {processor.py:914} INFO - Processing file /home/airflow/.local/lib/python3.12/site-packages/airflow/example_dags/example_nested_branch_dag.py for tasks to queue
[2025-04-25T10:51:31.483+0000] {logging_mixin.py:190} INFO - [2025-04-25T10:51:31.483+0000] {dagbag.py:588} INFO - Filling up the DagBag from /home/airflow/.local/lib/python3.12/site-packages/airflow/example_dags/example_nested_branch_dag.py
[2025-04-25T10:51:31.522+0000] {processor.py:925} INFO - DAG(s) 'example_nested_branch_dag' retrieved from /home/airflow/.local/lib/python3.12/site-packages/airflow/example_dags/example_nested_branch_dag.py
[2025-04-25T10:51:31.540+0000] {logging_mixin.py:190} INFO - [2025-04-25T10:51:31.540+0000] {dag.py:3239} INFO - Sync 1 DAGs
[2025-04-25T10:51:31.573+0000] {logging_mixin.py:190} INFO - [2025-04-25T10:51:31.573+0000] {dag.py:4180} INFO - Setting next_dagrun for example_nested_branch_dag to 2025-04-24 00:00:00+00:00, run_after=2025-04-25 00:00:00+00:00
[2025-04-25T10:51:31.600+0000] {processor.py:208} INFO - Processing /home/airflow/.local/lib/python3.12/site-packages/airflow/example_dags/example_nested_branch_dag.py took 0.127 seconds
[2025-04-25T10:52:02.727+0000] {processor.py:186} INFO - Started process (PID=1359) to work on /home/airflow/.local/lib/python3.12/site-packages/airflow/example_dags/example_nested_branch_dag.py
[2025-04-25T10:52:02.728+0000] {processor.py:914} INFO - Processing file /home/airflow/.local/lib/python3.12/site-packages/airflow/example_dags/example_nested_branch_dag.py for tasks to queue
[2025-04-25T10:52:02.730+0000] {logging_mixin.py:190} INFO - [2025-04-25T10:52:02.730+0000] {dagbag.py:588} INFO - Filling up the DagBag from /home/airflow/.local/lib/python3.12/site-packages/airflow/example_dags/example_nested_branch_dag.py
[2025-04-25T10:52:02.737+0000] {processor.py:925} INFO - DAG(s) 'example_nested_branch_dag' retrieved from /home/airflow/.local/lib/python3.12/site-packages/airflow/example_dags/example_nested_branch_dag.py
[2025-04-25T10:52:02.747+0000] {logging_mixin.py:190} INFO - [2025-04-25T10:52:02.746+0000] {dag.py:3239} INFO - Sync 1 DAGs
[2025-04-25T10:52:02.759+0000] {logging_mixin.py:190} INFO - [2025-04-25T10:52:02.759+0000] {dag.py:4180} INFO - Setting next_dagrun for example_nested_branch_dag to 2025-04-24 00:00:00+00:00, run_after=2025-04-25 00:00:00+00:00
[2025-04-25T10:52:02.767+0000] {processor.py:208} INFO - Processing /home/airflow/.local/lib/python3.12/site-packages/airflow/example_dags/example_nested_branch_dag.py took 0.043 seconds
[2025-04-25T10:52:34.208+0000] {processor.py:186} INFO - Started process (PID=1422) to work on /home/airflow/.local/lib/python3.12/site-packages/airflow/example_dags/example_nested_branch_dag.py
[2025-04-25T10:52:34.209+0000] {processor.py:914} INFO - Processing file /home/airflow/.local/lib/python3.12/site-packages/airflow/example_dags/example_nested_branch_dag.py for tasks to queue
[2025-04-25T10:52:34.210+0000] {logging_mixin.py:190} INFO - [2025-04-25T10:52:34.210+0000] {dagbag.py:588} INFO - Filling up the DagBag from /home/airflow/.local/lib/python3.12/site-packages/airflow/example_dags/example_nested_branch_dag.py
[2025-04-25T10:52:34.216+0000] {processor.py:925} INFO - DAG(s) 'example_nested_branch_dag' retrieved from /home/airflow/.local/lib/python3.12/site-packages/airflow/example_dags/example_nested_branch_dag.py
[2025-04-25T10:52:34.232+0000] {logging_mixin.py:190} INFO - [2025-04-25T10:52:34.232+0000] {dag.py:3239} INFO - Sync 1 DAGs
[2025-04-25T10:52:34.250+0000] {logging_mixin.py:190} INFO - [2025-04-25T10:52:34.250+0000] {dag.py:4180} INFO - Setting next_dagrun for example_nested_branch_dag to 2025-04-24 00:00:00+00:00, run_after=2025-04-25 00:00:00+00:00
[2025-04-25T10:52:34.260+0000] {processor.py:208} INFO - Processing /home/airflow/.local/lib/python3.12/site-packages/airflow/example_dags/example_nested_branch_dag.py took 0.055 seconds
[2025-04-25T10:53:04.781+0000] {processor.py:186} INFO - Started process (PID=1485) to work on /home/airflow/.local/lib/python3.12/site-packages/airflow/example_dags/example_nested_branch_dag.py
[2025-04-25T10:53:04.784+0000] {processor.py:914} INFO - Processing file /home/airflow/.local/lib/python3.12/site-packages/airflow/example_dags/example_nested_branch_dag.py for tasks to queue
[2025-04-25T10:53:04.785+0000] {logging_mixin.py:190} INFO - [2025-04-25T10:53:04.785+0000] {dagbag.py:588} INFO - Filling up the DagBag from /home/airflow/.local/lib/python3.12/site-packages/airflow/example_dags/example_nested_branch_dag.py
[2025-04-25T10:53:04.798+0000] {processor.py:925} INFO - DAG(s) 'example_nested_branch_dag' retrieved from /home/airflow/.local/lib/python3.12/site-packages/airflow/example_dags/example_nested_branch_dag.py
[2025-04-25T10:53:04.810+0000] {logging_mixin.py:190} INFO - [2025-04-25T10:53:04.810+0000] {dag.py:3239} INFO - Sync 1 DAGs
[2025-04-25T10:53:04.822+0000] {logging_mixin.py:190} INFO - [2025-04-25T10:53:04.822+0000] {dag.py:4180} INFO - Setting next_dagrun for example_nested_branch_dag to 2025-04-24 00:00:00+00:00, run_after=2025-04-25 00:00:00+00:00
[2025-04-25T10:53:04.829+0000] {processor.py:208} INFO - Processing /home/airflow/.local/lib/python3.12/site-packages/airflow/example_dags/example_nested_branch_dag.py took 0.052 seconds
[2025-04-25T10:53:37.191+0000] {processor.py:186} INFO - Started process (PID=1548) to work on /home/airflow/.local/lib/python3.12/site-packages/airflow/example_dags/example_nested_branch_dag.py
[2025-04-25T10:53:37.196+0000] {processor.py:914} INFO - Processing file /home/airflow/.local/lib/python3.12/site-packages/airflow/example_dags/example_nested_branch_dag.py for tasks to queue
[2025-04-25T10:53:37.199+0000] {logging_mixin.py:190} INFO - [2025-04-25T10:53:37.199+0000] {dagbag.py:588} INFO - Filling up the DagBag from /home/airflow/.local/lib/python3.12/site-packages/airflow/example_dags/example_nested_branch_dag.py
[2025-04-25T10:53:37.220+0000] {processor.py:925} INFO - DAG(s) 'example_nested_branch_dag' retrieved from /home/airflow/.local/lib/python3.12/site-packages/airflow/example_dags/example_nested_branch_dag.py
[2025-04-25T10:53:37.257+0000] {logging_mixin.py:190} INFO - [2025-04-25T10:53:37.257+0000] {dag.py:3239} INFO - Sync 1 DAGs
[2025-04-25T10:53:37.274+0000] {logging_mixin.py:190} INFO - [2025-04-25T10:53:37.274+0000] {dag.py:4180} INFO - Setting next_dagrun for example_nested_branch_dag to 2025-04-24 00:00:00+00:00, run_after=2025-04-25 00:00:00+00:00
[2025-04-25T10:53:37.305+0000] {processor.py:208} INFO - Processing /home/airflow/.local/lib/python3.12/site-packages/airflow/example_dags/example_nested_branch_dag.py took 0.119 seconds
[2025-04-25T10:54:08.868+0000] {processor.py:186} INFO - Started process (PID=1611) to work on /home/airflow/.local/lib/python3.12/site-packages/airflow/example_dags/example_nested_branch_dag.py
[2025-04-25T10:54:08.871+0000] {processor.py:914} INFO - Processing file /home/airflow/.local/lib/python3.12/site-packages/airflow/example_dags/example_nested_branch_dag.py for tasks to queue
[2025-04-25T10:54:08.872+0000] {logging_mixin.py:190} INFO - [2025-04-25T10:54:08.872+0000] {dagbag.py:588} INFO - Filling up the DagBag from /home/airflow/.local/lib/python3.12/site-packages/airflow/example_dags/example_nested_branch_dag.py
[2025-04-25T10:54:08.880+0000] {processor.py:925} INFO - DAG(s) 'example_nested_branch_dag' retrieved from /home/airflow/.local/lib/python3.12/site-packages/airflow/example_dags/example_nested_branch_dag.py
[2025-04-25T10:54:08.897+0000] {logging_mixin.py:190} INFO - [2025-04-25T10:54:08.897+0000] {dag.py:3239} INFO - Sync 1 DAGs
[2025-04-25T10:54:08.912+0000] {logging_mixin.py:190} INFO - [2025-04-25T10:54:08.912+0000] {dag.py:4180} INFO - Setting next_dagrun for example_nested_branch_dag to 2025-04-24 00:00:00+00:00, run_after=2025-04-25 00:00:00+00:00
[2025-04-25T10:54:08.930+0000] {processor.py:208} INFO - Processing /home/airflow/.local/lib/python3.12/site-packages/airflow/example_dags/example_nested_branch_dag.py took 0.065 seconds
[2025-04-25T10:54:39.906+0000] {processor.py:186} INFO - Started process (PID=1674) to work on /home/airflow/.local/lib/python3.12/site-packages/airflow/example_dags/example_nested_branch_dag.py
[2025-04-25T10:54:39.910+0000] {processor.py:914} INFO - Processing file /home/airflow/.local/lib/python3.12/site-packages/airflow/example_dags/example_nested_branch_dag.py for tasks to queue
[2025-04-25T10:54:39.911+0000] {logging_mixin.py:190} INFO - [2025-04-25T10:54:39.911+0000] {dagbag.py:588} INFO - Filling up the DagBag from /home/airflow/.local/lib/python3.12/site-packages/airflow/example_dags/example_nested_branch_dag.py
[2025-04-25T10:54:39.920+0000] {processor.py:925} INFO - DAG(s) 'example_nested_branch_dag' retrieved from /home/airflow/.local/lib/python3.12/site-packages/airflow/example_dags/example_nested_branch_dag.py
[2025-04-25T10:54:39.938+0000] {logging_mixin.py:190} INFO - [2025-04-25T10:54:39.938+0000] {dag.py:3239} INFO - Sync 1 DAGs
[2025-04-25T10:54:39.953+0000] {logging_mixin.py:190} INFO - [2025-04-25T10:54:39.953+0000] {dag.py:4180} INFO - Setting next_dagrun for example_nested_branch_dag to 2025-04-24 00:00:00+00:00, run_after=2025-04-25 00:00:00+00:00
[2025-04-25T10:54:39.969+0000] {processor.py:208} INFO - Processing /home/airflow/.local/lib/python3.12/site-packages/airflow/example_dags/example_nested_branch_dag.py took 0.066 seconds
[2025-04-25T10:55:10.985+0000] {processor.py:186} INFO - Started process (PID=1737) to work on /home/airflow/.local/lib/python3.12/site-packages/airflow/example_dags/example_nested_branch_dag.py
[2025-04-25T10:55:10.986+0000] {processor.py:914} INFO - Processing file /home/airflow/.local/lib/python3.12/site-packages/airflow/example_dags/example_nested_branch_dag.py for tasks to queue
[2025-04-25T10:55:10.988+0000] {logging_mixin.py:190} INFO - [2025-04-25T10:55:10.988+0000] {dagbag.py:588} INFO - Filling up the DagBag from /home/airflow/.local/lib/python3.12/site-packages/airflow/example_dags/example_nested_branch_dag.py
[2025-04-25T10:55:10.994+0000] {processor.py:925} INFO - DAG(s) 'example_nested_branch_dag' retrieved from /home/airflow/.local/lib/python3.12/site-packages/airflow/example_dags/example_nested_branch_dag.py
[2025-04-25T10:55:11.027+0000] {logging_mixin.py:190} INFO - [2025-04-25T10:55:11.027+0000] {dag.py:3239} INFO - Sync 1 DAGs
[2025-04-25T10:55:11.045+0000] {logging_mixin.py:190} INFO - [2025-04-25T10:55:11.045+0000] {dag.py:4180} INFO - Setting next_dagrun for example_nested_branch_dag to 2025-04-24 00:00:00+00:00, run_after=2025-04-25 00:00:00+00:00
[2025-04-25T10:55:11.058+0000] {processor.py:208} INFO - Processing /home/airflow/.local/lib/python3.12/site-packages/airflow/example_dags/example_nested_branch_dag.py took 0.076 seconds
[2025-04-25T10:55:41.898+0000] {processor.py:186} INFO - Started process (PID=1800) to work on /home/airflow/.local/lib/python3.12/site-packages/airflow/example_dags/example_nested_branch_dag.py
[2025-04-25T10:55:41.902+0000] {processor.py:914} INFO - Processing file /home/airflow/.local/lib/python3.12/site-packages/airflow/example_dags/example_nested_branch_dag.py for tasks to queue
[2025-04-25T10:55:41.905+0000] {logging_mixin.py:190} INFO - [2025-04-25T10:55:41.905+0000] {dagbag.py:588} INFO - Filling up the DagBag from /home/airflow/.local/lib/python3.12/site-packages/airflow/example_dags/example_nested_branch_dag.py
[2025-04-25T10:55:41.921+0000] {processor.py:925} INFO - DAG(s) 'example_nested_branch_dag' retrieved from /home/airflow/.local/lib/python3.12/site-packages/airflow/example_dags/example_nested_branch_dag.py
[2025-04-25T10:55:41.937+0000] {logging_mixin.py:190} INFO - [2025-04-25T10:55:41.936+0000] {dag.py:3239} INFO - Sync 1 DAGs
[2025-04-25T10:55:41.948+0000] {logging_mixin.py:190} INFO - [2025-04-25T10:55:41.948+0000] {dag.py:4180} INFO - Setting next_dagrun for example_nested_branch_dag to 2025-04-24 00:00:00+00:00, run_after=2025-04-25 00:00:00+00:00
[2025-04-25T10:55:41.959+0000] {processor.py:208} INFO - Processing /home/airflow/.local/lib/python3.12/site-packages/airflow/example_dags/example_nested_branch_dag.py took 0.064 seconds
[2025-04-25T10:56:13.512+0000] {processor.py:186} INFO - Started process (PID=1863) to work on /home/airflow/.local/lib/python3.12/site-packages/airflow/example_dags/example_nested_branch_dag.py
[2025-04-25T10:56:13.513+0000] {processor.py:914} INFO - Processing file /home/airflow/.local/lib/python3.12/site-packages/airflow/example_dags/example_nested_branch_dag.py for tasks to queue
[2025-04-25T10:56:13.515+0000] {logging_mixin.py:190} INFO - [2025-04-25T10:56:13.515+0000] {dagbag.py:588} INFO - Filling up the DagBag from /home/airflow/.local/lib/python3.12/site-packages/airflow/example_dags/example_nested_branch_dag.py
[2025-04-25T10:56:13.523+0000] {processor.py:925} INFO - DAG(s) 'example_nested_branch_dag' retrieved from /home/airflow/.local/lib/python3.12/site-packages/airflow/example_dags/example_nested_branch_dag.py
[2025-04-25T10:56:13.538+0000] {logging_mixin.py:190} INFO - [2025-04-25T10:56:13.538+0000] {dag.py:3239} INFO - Sync 1 DAGs
[2025-04-25T10:56:13.551+0000] {logging_mixin.py:190} INFO - [2025-04-25T10:56:13.551+0000] {dag.py:4180} INFO - Setting next_dagrun for example_nested_branch_dag to 2025-04-24 00:00:00+00:00, run_after=2025-04-25 00:00:00+00:00
[2025-04-25T10:56:13.562+0000] {processor.py:208} INFO - Processing /home/airflow/.local/lib/python3.12/site-packages/airflow/example_dags/example_nested_branch_dag.py took 0.055 seconds
[2025-04-25T10:56:44.739+0000] {processor.py:186} INFO - Started process (PID=1926) to work on /home/airflow/.local/lib/python3.12/site-packages/airflow/example_dags/example_nested_branch_dag.py
[2025-04-25T10:56:44.741+0000] {processor.py:914} INFO - Processing file /home/airflow/.local/lib/python3.12/site-packages/airflow/example_dags/example_nested_branch_dag.py for tasks to queue
[2025-04-25T10:56:44.743+0000] {logging_mixin.py:190} INFO - [2025-04-25T10:56:44.743+0000] {dagbag.py:588} INFO - Filling up the DagBag from /home/airflow/.local/lib/python3.12/site-packages/airflow/example_dags/example_nested_branch_dag.py
[2025-04-25T10:56:44.752+0000] {processor.py:925} INFO - DAG(s) 'example_nested_branch_dag' retrieved from /home/airflow/.local/lib/python3.12/site-packages/airflow/example_dags/example_nested_branch_dag.py
[2025-04-25T10:56:44.769+0000] {logging_mixin.py:190} INFO - [2025-04-25T10:56:44.769+0000] {dag.py:3239} INFO - Sync 1 DAGs
[2025-04-25T10:56:44.784+0000] {logging_mixin.py:190} INFO - [2025-04-25T10:56:44.784+0000] {dag.py:4180} INFO - Setting next_dagrun for example_nested_branch_dag to 2025-04-24 00:00:00+00:00, run_after=2025-04-25 00:00:00+00:00
[2025-04-25T10:56:44.791+0000] {processor.py:208} INFO - Processing /home/airflow/.local/lib/python3.12/site-packages/airflow/example_dags/example_nested_branch_dag.py took 0.062 seconds
[2025-04-25T10:57:16.992+0000] {processor.py:186} INFO - Started process (PID=1989) to work on /home/airflow/.local/lib/python3.12/site-packages/airflow/example_dags/example_nested_branch_dag.py
[2025-04-25T10:57:16.993+0000] {processor.py:914} INFO - Processing file /home/airflow/.local/lib/python3.12/site-packages/airflow/example_dags/example_nested_branch_dag.py for tasks to queue
[2025-04-25T10:57:16.994+0000] {logging_mixin.py:190} INFO - [2025-04-25T10:57:16.994+0000] {dagbag.py:588} INFO - Filling up the DagBag from /home/airflow/.local/lib/python3.12/site-packages/airflow/example_dags/example_nested_branch_dag.py
[2025-04-25T10:57:17.016+0000] {processor.py:925} INFO - DAG(s) 'example_nested_branch_dag' retrieved from /home/airflow/.local/lib/python3.12/site-packages/airflow/example_dags/example_nested_branch_dag.py
[2025-04-25T10:57:17.040+0000] {logging_mixin.py:190} INFO - [2025-04-25T10:57:17.040+0000] {dag.py:3239} INFO - Sync 1 DAGs
[2025-04-25T10:57:17.061+0000] {logging_mixin.py:190} INFO - [2025-04-25T10:57:17.060+0000] {dag.py:4180} INFO - Setting next_dagrun for example_nested_branch_dag to 2025-04-24 00:00:00+00:00, run_after=2025-04-25 00:00:00+00:00
[2025-04-25T10:57:17.074+0000] {processor.py:208} INFO - Processing /home/airflow/.local/lib/python3.12/site-packages/airflow/example_dags/example_nested_branch_dag.py took 0.087 seconds
[2025-04-25T10:57:47.796+0000] {processor.py:186} INFO - Started process (PID=2052) to work on /home/airflow/.local/lib/python3.12/site-packages/airflow/example_dags/example_nested_branch_dag.py
[2025-04-25T10:57:47.799+0000] {processor.py:914} INFO - Processing file /home/airflow/.local/lib/python3.12/site-packages/airflow/example_dags/example_nested_branch_dag.py for tasks to queue
[2025-04-25T10:57:47.803+0000] {logging_mixin.py:190} INFO - [2025-04-25T10:57:47.803+0000] {dagbag.py:588} INFO - Filling up the DagBag from /home/airflow/.local/lib/python3.12/site-packages/airflow/example_dags/example_nested_branch_dag.py
[2025-04-25T10:57:47.827+0000] {processor.py:925} INFO - DAG(s) 'example_nested_branch_dag' retrieved from /home/airflow/.local/lib/python3.12/site-packages/airflow/example_dags/example_nested_branch_dag.py
[2025-04-25T10:57:47.879+0000] {logging_mixin.py:190} INFO - [2025-04-25T10:57:47.879+0000] {dag.py:3239} INFO - Sync 1 DAGs
[2025-04-25T10:57:47.918+0000] {logging_mixin.py:190} INFO - [2025-04-25T10:57:47.917+0000] {dag.py:4180} INFO - Setting next_dagrun for example_nested_branch_dag to 2025-04-24 00:00:00+00:00, run_after=2025-04-25 00:00:00+00:00
[2025-04-25T10:57:47.936+0000] {processor.py:208} INFO - Processing /home/airflow/.local/lib/python3.12/site-packages/airflow/example_dags/example_nested_branch_dag.py took 0.149 seconds
[2025-04-25T10:58:18.057+0000] {processor.py:186} INFO - Started process (PID=2114) to work on /home/airflow/.local/lib/python3.12/site-packages/airflow/example_dags/example_nested_branch_dag.py
[2025-04-25T10:58:18.058+0000] {processor.py:914} INFO - Processing file /home/airflow/.local/lib/python3.12/site-packages/airflow/example_dags/example_nested_branch_dag.py for tasks to queue
[2025-04-25T10:58:18.060+0000] {logging_mixin.py:190} INFO - [2025-04-25T10:58:18.060+0000] {dagbag.py:588} INFO - Filling up the DagBag from /home/airflow/.local/lib/python3.12/site-packages/airflow/example_dags/example_nested_branch_dag.py
[2025-04-25T10:58:18.070+0000] {processor.py:925} INFO - DAG(s) 'example_nested_branch_dag' retrieved from /home/airflow/.local/lib/python3.12/site-packages/airflow/example_dags/example_nested_branch_dag.py
[2025-04-25T10:58:18.085+0000] {logging_mixin.py:190} INFO - [2025-04-25T10:58:18.085+0000] {dag.py:3239} INFO - Sync 1 DAGs
[2025-04-25T10:58:18.099+0000] {logging_mixin.py:190} INFO - [2025-04-25T10:58:18.099+0000] {dag.py:4180} INFO - Setting next_dagrun for example_nested_branch_dag to 2025-04-24 00:00:00+00:00, run_after=2025-04-25 00:00:00+00:00
[2025-04-25T10:58:18.118+0000] {processor.py:208} INFO - Processing /home/airflow/.local/lib/python3.12/site-packages/airflow/example_dags/example_nested_branch_dag.py took 0.074 seconds
[2025-04-25T10:58:48.311+0000] {processor.py:186} INFO - Started process (PID=2176) to work on /home/airflow/.local/lib/python3.12/site-packages/airflow/example_dags/example_nested_branch_dag.py
[2025-04-25T10:58:48.312+0000] {processor.py:914} INFO - Processing file /home/airflow/.local/lib/python3.12/site-packages/airflow/example_dags/example_nested_branch_dag.py for tasks to queue
[2025-04-25T10:58:48.313+0000] {logging_mixin.py:190} INFO - [2025-04-25T10:58:48.313+0000] {dagbag.py:588} INFO - Filling up the DagBag from /home/airflow/.local/lib/python3.12/site-packages/airflow/example_dags/example_nested_branch_dag.py
[2025-04-25T10:58:48.321+0000] {processor.py:925} INFO - DAG(s) 'example_nested_branch_dag' retrieved from /home/airflow/.local/lib/python3.12/site-packages/airflow/example_dags/example_nested_branch_dag.py
[2025-04-25T10:58:48.332+0000] {logging_mixin.py:190} INFO - [2025-04-25T10:58:48.332+0000] {dag.py:3239} INFO - Sync 1 DAGs
[2025-04-25T10:58:48.342+0000] {logging_mixin.py:190} INFO - [2025-04-25T10:58:48.341+0000] {dag.py:4180} INFO - Setting next_dagrun for example_nested_branch_dag to 2025-04-24 00:00:00+00:00, run_after=2025-04-25 00:00:00+00:00
[2025-04-25T10:58:48.349+0000] {processor.py:208} INFO - Processing /home/airflow/.local/lib/python3.12/site-packages/airflow/example_dags/example_nested_branch_dag.py took 0.040 seconds
[2025-04-25T10:59:18.648+0000] {processor.py:186} INFO - Started process (PID=2239) to work on /home/airflow/.local/lib/python3.12/site-packages/airflow/example_dags/example_nested_branch_dag.py
[2025-04-25T10:59:18.649+0000] {processor.py:914} INFO - Processing file /home/airflow/.local/lib/python3.12/site-packages/airflow/example_dags/example_nested_branch_dag.py for tasks to queue
[2025-04-25T10:59:18.651+0000] {logging_mixin.py:190} INFO - [2025-04-25T10:59:18.651+0000] {dagbag.py:588} INFO - Filling up the DagBag from /home/airflow/.local/lib/python3.12/site-packages/airflow/example_dags/example_nested_branch_dag.py
[2025-04-25T10:59:18.658+0000] {processor.py:925} INFO - DAG(s) 'example_nested_branch_dag' retrieved from /home/airflow/.local/lib/python3.12/site-packages/airflow/example_dags/example_nested_branch_dag.py
[2025-04-25T10:59:18.667+0000] {logging_mixin.py:190} INFO - [2025-04-25T10:59:18.667+0000] {dag.py:3239} INFO - Sync 1 DAGs
[2025-04-25T10:59:18.677+0000] {logging_mixin.py:190} INFO - [2025-04-25T10:59:18.677+0000] {dag.py:4180} INFO - Setting next_dagrun for example_nested_branch_dag to 2025-04-24 00:00:00+00:00, run_after=2025-04-25 00:00:00+00:00
[2025-04-25T10:59:18.685+0000] {processor.py:208} INFO - Processing /home/airflow/.local/lib/python3.12/site-packages/airflow/example_dags/example_nested_branch_dag.py took 0.040 seconds
[2025-04-25T10:59:49.070+0000] {processor.py:186} INFO - Started process (PID=2302) to work on /home/airflow/.local/lib/python3.12/site-packages/airflow/example_dags/example_nested_branch_dag.py
[2025-04-25T10:59:49.071+0000] {processor.py:914} INFO - Processing file /home/airflow/.local/lib/python3.12/site-packages/airflow/example_dags/example_nested_branch_dag.py for tasks to queue
[2025-04-25T10:59:49.072+0000] {logging_mixin.py:190} INFO - [2025-04-25T10:59:49.072+0000] {dagbag.py:588} INFO - Filling up the DagBag from /home/airflow/.local/lib/python3.12/site-packages/airflow/example_dags/example_nested_branch_dag.py
[2025-04-25T10:59:49.079+0000] {processor.py:925} INFO - DAG(s) 'example_nested_branch_dag' retrieved from /home/airflow/.local/lib/python3.12/site-packages/airflow/example_dags/example_nested_branch_dag.py
[2025-04-25T10:59:49.093+0000] {logging_mixin.py:190} INFO - [2025-04-25T10:59:49.093+0000] {dag.py:3239} INFO - Sync 1 DAGs
[2025-04-25T10:59:49.116+0000] {logging_mixin.py:190} INFO - [2025-04-25T10:59:49.115+0000] {dag.py:4180} INFO - Setting next_dagrun for example_nested_branch_dag to 2025-04-24 00:00:00+00:00, run_after=2025-04-25 00:00:00+00:00
[2025-04-25T10:59:49.122+0000] {processor.py:208} INFO - Processing /home/airflow/.local/lib/python3.12/site-packages/airflow/example_dags/example_nested_branch_dag.py took 0.057 seconds
[2025-04-25T11:00:19.588+0000] {processor.py:186} INFO - Started process (PID=2365) to work on /home/airflow/.local/lib/python3.12/site-packages/airflow/example_dags/example_nested_branch_dag.py
[2025-04-25T11:00:19.590+0000] {processor.py:914} INFO - Processing file /home/airflow/.local/lib/python3.12/site-packages/airflow/example_dags/example_nested_branch_dag.py for tasks to queue
[2025-04-25T11:00:19.591+0000] {logging_mixin.py:190} INFO - [2025-04-25T11:00:19.591+0000] {dagbag.py:588} INFO - Filling up the DagBag from /home/airflow/.local/lib/python3.12/site-packages/airflow/example_dags/example_nested_branch_dag.py
[2025-04-25T11:00:19.599+0000] {processor.py:925} INFO - DAG(s) 'example_nested_branch_dag' retrieved from /home/airflow/.local/lib/python3.12/site-packages/airflow/example_dags/example_nested_branch_dag.py
[2025-04-25T11:00:19.609+0000] {logging_mixin.py:190} INFO - [2025-04-25T11:00:19.609+0000] {dag.py:3239} INFO - Sync 1 DAGs
[2025-04-25T11:00:19.619+0000] {logging_mixin.py:190} INFO - [2025-04-25T11:00:19.619+0000] {dag.py:4180} INFO - Setting next_dagrun for example_nested_branch_dag to 2025-04-24 00:00:00+00:00, run_after=2025-04-25 00:00:00+00:00
[2025-04-25T11:00:19.626+0000] {processor.py:208} INFO - Processing /home/airflow/.local/lib/python3.12/site-packages/airflow/example_dags/example_nested_branch_dag.py took 0.046 seconds
[2025-04-25T11:00:49.686+0000] {processor.py:186} INFO - Started process (PID=2428) to work on /home/airflow/.local/lib/python3.12/site-packages/airflow/example_dags/example_nested_branch_dag.py
[2025-04-25T11:00:49.688+0000] {processor.py:914} INFO - Processing file /home/airflow/.local/lib/python3.12/site-packages/airflow/example_dags/example_nested_branch_dag.py for tasks to queue
[2025-04-25T11:00:49.689+0000] {logging_mixin.py:190} INFO - [2025-04-25T11:00:49.689+0000] {dagbag.py:588} INFO - Filling up the DagBag from /home/airflow/.local/lib/python3.12/site-packages/airflow/example_dags/example_nested_branch_dag.py
[2025-04-25T11:00:49.700+0000] {processor.py:925} INFO - DAG(s) 'example_nested_branch_dag' retrieved from /home/airflow/.local/lib/python3.12/site-packages/airflow/example_dags/example_nested_branch_dag.py
[2025-04-25T11:00:49.710+0000] {logging_mixin.py:190} INFO - [2025-04-25T11:00:49.709+0000] {dag.py:3239} INFO - Sync 1 DAGs
[2025-04-25T11:00:49.720+0000] {logging_mixin.py:190} INFO - [2025-04-25T11:00:49.720+0000] {dag.py:4180} INFO - Setting next_dagrun for example_nested_branch_dag to 2025-04-24 00:00:00+00:00, run_after=2025-04-25 00:00:00+00:00
[2025-04-25T11:00:49.726+0000] {processor.py:208} INFO - Processing /home/airflow/.local/lib/python3.12/site-packages/airflow/example_dags/example_nested_branch_dag.py took 0.042 seconds
[2025-04-25T11:01:20.368+0000] {processor.py:186} INFO - Started process (PID=2490) to work on /home/airflow/.local/lib/python3.12/site-packages/airflow/example_dags/example_nested_branch_dag.py
[2025-04-25T11:01:20.372+0000] {processor.py:914} INFO - Processing file /home/airflow/.local/lib/python3.12/site-packages/airflow/example_dags/example_nested_branch_dag.py for tasks to queue
[2025-04-25T11:01:20.376+0000] {logging_mixin.py:190} INFO - [2025-04-25T11:01:20.376+0000] {dagbag.py:588} INFO - Filling up the DagBag from /home/airflow/.local/lib/python3.12/site-packages/airflow/example_dags/example_nested_branch_dag.py
[2025-04-25T11:01:20.394+0000] {processor.py:925} INFO - DAG(s) 'example_nested_branch_dag' retrieved from /home/airflow/.local/lib/python3.12/site-packages/airflow/example_dags/example_nested_branch_dag.py
[2025-04-25T11:01:20.424+0000] {logging_mixin.py:190} INFO - [2025-04-25T11:01:20.419+0000] {dag.py:3239} INFO - Sync 1 DAGs
[2025-04-25T11:01:20.500+0000] {logging_mixin.py:190} INFO - [2025-04-25T11:01:20.500+0000] {dag.py:4180} INFO - Setting next_dagrun for example_nested_branch_dag to 2025-04-24 00:00:00+00:00, run_after=2025-04-25 00:00:00+00:00
[2025-04-25T11:01:20.526+0000] {processor.py:208} INFO - Processing /home/airflow/.local/lib/python3.12/site-packages/airflow/example_dags/example_nested_branch_dag.py took 0.166 seconds
[2025-04-25T11:01:51.719+0000] {processor.py:186} INFO - Started process (PID=2552) to work on /home/airflow/.local/lib/python3.12/site-packages/airflow/example_dags/example_nested_branch_dag.py
[2025-04-25T11:01:51.721+0000] {processor.py:914} INFO - Processing file /home/airflow/.local/lib/python3.12/site-packages/airflow/example_dags/example_nested_branch_dag.py for tasks to queue
[2025-04-25T11:01:51.724+0000] {logging_mixin.py:190} INFO - [2025-04-25T11:01:51.724+0000] {dagbag.py:588} INFO - Filling up the DagBag from /home/airflow/.local/lib/python3.12/site-packages/airflow/example_dags/example_nested_branch_dag.py
[2025-04-25T11:01:51.736+0000] {processor.py:925} INFO - DAG(s) 'example_nested_branch_dag' retrieved from /home/airflow/.local/lib/python3.12/site-packages/airflow/example_dags/example_nested_branch_dag.py
[2025-04-25T11:01:51.755+0000] {logging_mixin.py:190} INFO - [2025-04-25T11:01:51.755+0000] {dag.py:3239} INFO - Sync 1 DAGs
[2025-04-25T11:01:51.773+0000] {logging_mixin.py:190} INFO - [2025-04-25T11:01:51.773+0000] {dag.py:4180} INFO - Setting next_dagrun for example_nested_branch_dag to 2025-04-24 00:00:00+00:00, run_after=2025-04-25 00:00:00+00:00
[2025-04-25T11:01:51.783+0000] {processor.py:208} INFO - Processing /home/airflow/.local/lib/python3.12/site-packages/airflow/example_dags/example_nested_branch_dag.py took 0.076 seconds
[2025-04-25T11:02:21.835+0000] {processor.py:186} INFO - Started process (PID=2613) to work on /home/airflow/.local/lib/python3.12/site-packages/airflow/example_dags/example_nested_branch_dag.py
[2025-04-25T11:02:21.837+0000] {processor.py:914} INFO - Processing file /home/airflow/.local/lib/python3.12/site-packages/airflow/example_dags/example_nested_branch_dag.py for tasks to queue
[2025-04-25T11:02:21.845+0000] {logging_mixin.py:190} INFO - [2025-04-25T11:02:21.844+0000] {dagbag.py:588} INFO - Filling up the DagBag from /home/airflow/.local/lib/python3.12/site-packages/airflow/example_dags/example_nested_branch_dag.py
[2025-04-25T11:02:21.858+0000] {processor.py:925} INFO - DAG(s) 'example_nested_branch_dag' retrieved from /home/airflow/.local/lib/python3.12/site-packages/airflow/example_dags/example_nested_branch_dag.py
[2025-04-25T11:02:21.888+0000] {logging_mixin.py:190} INFO - [2025-04-25T11:02:21.888+0000] {dag.py:3239} INFO - Sync 1 DAGs
[2025-04-25T11:02:21.905+0000] {logging_mixin.py:190} INFO - [2025-04-25T11:02:21.905+0000] {dag.py:4180} INFO - Setting next_dagrun for example_nested_branch_dag to 2025-04-24 00:00:00+00:00, run_after=2025-04-25 00:00:00+00:00
[2025-04-25T11:02:21.913+0000] {processor.py:208} INFO - Processing /home/airflow/.local/lib/python3.12/site-packages/airflow/example_dags/example_nested_branch_dag.py took 0.084 seconds
[2025-04-25T11:03:00.215+0000] {processor.py:186} INFO - Started process (PID=2680) to work on /home/airflow/.local/lib/python3.12/site-packages/airflow/example_dags/example_nested_branch_dag.py
[2025-04-25T11:03:00.239+0000] {processor.py:914} INFO - Processing file /home/airflow/.local/lib/python3.12/site-packages/airflow/example_dags/example_nested_branch_dag.py for tasks to queue
[2025-04-25T11:03:00.331+0000] {logging_mixin.py:190} INFO - [2025-04-25T11:03:00.327+0000] {dagbag.py:588} INFO - Filling up the DagBag from /home/airflow/.local/lib/python3.12/site-packages/airflow/example_dags/example_nested_branch_dag.py
[2025-04-25T11:03:00.837+0000] {processor.py:925} INFO - DAG(s) 'example_nested_branch_dag' retrieved from /home/airflow/.local/lib/python3.12/site-packages/airflow/example_dags/example_nested_branch_dag.py
[2025-04-25T11:03:01.180+0000] {logging_mixin.py:190} INFO - [2025-04-25T11:03:01.177+0000] {dag.py:3239} INFO - Sync 1 DAGs
[2025-04-25T11:03:01.460+0000] {logging_mixin.py:190} INFO - [2025-04-25T11:03:01.456+0000] {dag.py:4180} INFO - Setting next_dagrun for example_nested_branch_dag to 2025-04-24 00:00:00+00:00, run_after=2025-04-25 00:00:00+00:00
[2025-04-25T11:03:01.607+0000] {processor.py:208} INFO - Processing /home/airflow/.local/lib/python3.12/site-packages/airflow/example_dags/example_nested_branch_dag.py took 1.508 seconds
[2025-04-25T11:07:57.195+0000] {processor.py:186} INFO - Started process (PID=2775) to work on /home/airflow/.local/lib/python3.12/site-packages/airflow/example_dags/example_nested_branch_dag.py
[2025-04-25T11:07:57.405+0000] {processor.py:914} INFO - Processing file /home/airflow/.local/lib/python3.12/site-packages/airflow/example_dags/example_nested_branch_dag.py for tasks to queue
[2025-04-25T11:07:57.515+0000] {logging_mixin.py:190} INFO - [2025-04-25T11:07:57.452+0000] {dagbag.py:588} INFO - Filling up the DagBag from /home/airflow/.local/lib/python3.12/site-packages/airflow/example_dags/example_nested_branch_dag.py
[2025-04-25T11:07:59.679+0000] {processor.py:925} INFO - DAG(s) 'example_nested_branch_dag' retrieved from /home/airflow/.local/lib/python3.12/site-packages/airflow/example_dags/example_nested_branch_dag.py
[2025-04-25T11:08:22.702+0000] {logging_mixin.py:190} INFO - [2025-04-25T11:08:22.646+0000] {dag.py:3239} INFO - Sync 1 DAGs
[2025-04-25T11:08:33.902+0000] {logging_mixin.py:190} INFO - [2025-04-25T11:08:33.614+0000] {dag.py:4180} INFO - Setting next_dagrun for example_nested_branch_dag to 2025-04-24 00:00:00+00:00, run_after=2025-04-25 00:00:00+00:00
[2025-04-25T11:14:04.343+0000] {processor.py:186} INFO - Started process (PID=2864) to work on /home/airflow/.local/lib/python3.12/site-packages/airflow/example_dags/example_nested_branch_dag.py
[2025-04-25T11:14:04.400+0000] {processor.py:914} INFO - Processing file /home/airflow/.local/lib/python3.12/site-packages/airflow/example_dags/example_nested_branch_dag.py for tasks to queue
[2025-04-25T11:14:04.455+0000] {logging_mixin.py:190} INFO - [2025-04-25T11:14:04.442+0000] {dagbag.py:588} INFO - Filling up the DagBag from /home/airflow/.local/lib/python3.12/site-packages/airflow/example_dags/example_nested_branch_dag.py
[2025-04-25T11:14:04.949+0000] {processor.py:925} INFO - DAG(s) 'example_nested_branch_dag' retrieved from /home/airflow/.local/lib/python3.12/site-packages/airflow/example_dags/example_nested_branch_dag.py
[2025-04-25T11:14:06.257+0000] {logging_mixin.py:190} INFO - [2025-04-25T11:14:06.191+0000] {dag.py:3239} INFO - Sync 1 DAGs
[2025-04-25T11:14:07.307+0000] {logging_mixin.py:190} INFO - [2025-04-25T11:14:07.297+0000] {dag.py:4180} INFO - Setting next_dagrun for example_nested_branch_dag to 2025-04-24 00:00:00+00:00, run_after=2025-04-25 00:00:00+00:00
[2025-04-25T11:14:07.618+0000] {processor.py:208} INFO - Processing /home/airflow/.local/lib/python3.12/site-packages/airflow/example_dags/example_nested_branch_dag.py took 3.436 seconds
[2025-04-25T11:18:48.195+0000] {processor.py:186} INFO - Started process (PID=2948) to work on /home/airflow/.local/lib/python3.12/site-packages/airflow/example_dags/example_nested_branch_dag.py
[2025-04-25T11:18:48.242+0000] {processor.py:914} INFO - Processing file /home/airflow/.local/lib/python3.12/site-packages/airflow/example_dags/example_nested_branch_dag.py for tasks to queue
[2025-04-25T11:18:48.278+0000] {logging_mixin.py:190} INFO - [2025-04-25T11:18:48.248+0000] {dagbag.py:588} INFO - Filling up the DagBag from /home/airflow/.local/lib/python3.12/site-packages/airflow/example_dags/example_nested_branch_dag.py
[2025-04-25T11:18:48.972+0000] {processor.py:925} INFO - DAG(s) 'example_nested_branch_dag' retrieved from /home/airflow/.local/lib/python3.12/site-packages/airflow/example_dags/example_nested_branch_dag.py
[2025-04-25T11:18:50.494+0000] {logging_mixin.py:190} INFO - [2025-04-25T11:18:50.467+0000] {dag.py:3239} INFO - Sync 1 DAGs
[2025-04-25T11:18:51.802+0000] {logging_mixin.py:190} INFO - [2025-04-25T11:18:51.715+0000] {dag.py:4180} INFO - Setting next_dagrun for example_nested_branch_dag to 2025-04-24 00:00:00+00:00, run_after=2025-04-25 00:00:00+00:00
[2025-04-25T11:18:53.397+0000] {processor.py:208} INFO - Processing /home/airflow/.local/lib/python3.12/site-packages/airflow/example_dags/example_nested_branch_dag.py took 5.325 seconds
[2025-04-25T11:20:59.062+0000] {processor.py:186} INFO - Started process (PID=3026) to work on /home/airflow/.local/lib/python3.12/site-packages/airflow/example_dags/example_nested_branch_dag.py
[2025-04-25T11:20:59.071+0000] {processor.py:914} INFO - Processing file /home/airflow/.local/lib/python3.12/site-packages/airflow/example_dags/example_nested_branch_dag.py for tasks to queue
[2025-04-25T11:20:59.079+0000] {logging_mixin.py:190} INFO - [2025-04-25T11:20:59.076+0000] {dagbag.py:588} INFO - Filling up the DagBag from /home/airflow/.local/lib/python3.12/site-packages/airflow/example_dags/example_nested_branch_dag.py
[2025-04-25T11:20:59.194+0000] {processor.py:925} INFO - DAG(s) 'example_nested_branch_dag' retrieved from /home/airflow/.local/lib/python3.12/site-packages/airflow/example_dags/example_nested_branch_dag.py
[2025-04-25T11:20:59.395+0000] {logging_mixin.py:190} INFO - [2025-04-25T11:20:59.393+0000] {dag.py:3239} INFO - Sync 1 DAGs
[2025-04-25T11:20:59.517+0000] {logging_mixin.py:190} INFO - [2025-04-25T11:20:59.515+0000] {dag.py:4180} INFO - Setting next_dagrun for example_nested_branch_dag to 2025-04-24 00:00:00+00:00, run_after=2025-04-25 00:00:00+00:00
[2025-04-25T11:20:59.611+0000] {processor.py:208} INFO - Processing /home/airflow/.local/lib/python3.12/site-packages/airflow/example_dags/example_nested_branch_dag.py took 0.573 seconds
[2025-04-25T11:21:30.230+0000] {processor.py:186} INFO - Started process (PID=3089) to work on /home/airflow/.local/lib/python3.12/site-packages/airflow/example_dags/example_nested_branch_dag.py
[2025-04-25T11:21:30.231+0000] {processor.py:914} INFO - Processing file /home/airflow/.local/lib/python3.12/site-packages/airflow/example_dags/example_nested_branch_dag.py for tasks to queue
[2025-04-25T11:21:30.232+0000] {logging_mixin.py:190} INFO - [2025-04-25T11:21:30.232+0000] {dagbag.py:588} INFO - Filling up the DagBag from /home/airflow/.local/lib/python3.12/site-packages/airflow/example_dags/example_nested_branch_dag.py
[2025-04-25T11:21:30.245+0000] {processor.py:925} INFO - DAG(s) 'example_nested_branch_dag' retrieved from /home/airflow/.local/lib/python3.12/site-packages/airflow/example_dags/example_nested_branch_dag.py
[2025-04-25T11:21:30.284+0000] {logging_mixin.py:190} INFO - [2025-04-25T11:21:30.284+0000] {dag.py:3239} INFO - Sync 1 DAGs
[2025-04-25T11:21:30.331+0000] {logging_mixin.py:190} INFO - [2025-04-25T11:21:30.331+0000] {dag.py:4180} INFO - Setting next_dagrun for example_nested_branch_dag to 2025-04-24 00:00:00+00:00, run_after=2025-04-25 00:00:00+00:00
[2025-04-25T11:21:30.372+0000] {processor.py:208} INFO - Processing /home/airflow/.local/lib/python3.12/site-packages/airflow/example_dags/example_nested_branch_dag.py took 0.156 seconds
[2025-04-25T11:22:01.652+0000] {processor.py:186} INFO - Started process (PID=3152) to work on /home/airflow/.local/lib/python3.12/site-packages/airflow/example_dags/example_nested_branch_dag.py
[2025-04-25T11:22:01.653+0000] {processor.py:914} INFO - Processing file /home/airflow/.local/lib/python3.12/site-packages/airflow/example_dags/example_nested_branch_dag.py for tasks to queue
[2025-04-25T11:22:01.657+0000] {logging_mixin.py:190} INFO - [2025-04-25T11:22:01.657+0000] {dagbag.py:588} INFO - Filling up the DagBag from /home/airflow/.local/lib/python3.12/site-packages/airflow/example_dags/example_nested_branch_dag.py
[2025-04-25T11:22:01.679+0000] {processor.py:925} INFO - DAG(s) 'example_nested_branch_dag' retrieved from /home/airflow/.local/lib/python3.12/site-packages/airflow/example_dags/example_nested_branch_dag.py
[2025-04-25T11:22:01.729+0000] {logging_mixin.py:190} INFO - [2025-04-25T11:22:01.729+0000] {dag.py:3239} INFO - Sync 1 DAGs
[2025-04-25T11:22:01.770+0000] {logging_mixin.py:190} INFO - [2025-04-25T11:22:01.770+0000] {dag.py:4180} INFO - Setting next_dagrun for example_nested_branch_dag to 2025-04-24 00:00:00+00:00, run_after=2025-04-25 00:00:00+00:00
[2025-04-25T11:22:01.809+0000] {processor.py:208} INFO - Processing /home/airflow/.local/lib/python3.12/site-packages/airflow/example_dags/example_nested_branch_dag.py took 0.161 seconds
[2025-04-25T11:23:05.534+0000] {processor.py:186} INFO - Started process (PID=3222) to work on /home/airflow/.local/lib/python3.12/site-packages/airflow/example_dags/example_nested_branch_dag.py
[2025-04-25T11:23:05.543+0000] {processor.py:914} INFO - Processing file /home/airflow/.local/lib/python3.12/site-packages/airflow/example_dags/example_nested_branch_dag.py for tasks to queue
[2025-04-25T11:23:05.558+0000] {logging_mixin.py:190} INFO - [2025-04-25T11:23:05.557+0000] {dagbag.py:588} INFO - Filling up the DagBag from /home/airflow/.local/lib/python3.12/site-packages/airflow/example_dags/example_nested_branch_dag.py
[2025-04-25T11:23:05.719+0000] {processor.py:925} INFO - DAG(s) 'example_nested_branch_dag' retrieved from /home/airflow/.local/lib/python3.12/site-packages/airflow/example_dags/example_nested_branch_dag.py
[2025-04-25T11:23:06.204+0000] {logging_mixin.py:190} INFO - [2025-04-25T11:23:06.196+0000] {dag.py:3239} INFO - Sync 1 DAGs
[2025-04-25T11:23:06.465+0000] {logging_mixin.py:190} INFO - [2025-04-25T11:23:06.464+0000] {dag.py:4180} INFO - Setting next_dagrun for example_nested_branch_dag to 2025-04-24 00:00:00+00:00, run_after=2025-04-25 00:00:00+00:00
[2025-04-25T11:23:06.541+0000] {processor.py:208} INFO - Processing /home/airflow/.local/lib/python3.12/site-packages/airflow/example_dags/example_nested_branch_dag.py took 1.035 seconds
[2025-04-25T11:23:38.017+0000] {processor.py:186} INFO - Started process (PID=3292) to work on /home/airflow/.local/lib/python3.12/site-packages/airflow/example_dags/example_nested_branch_dag.py
[2025-04-25T11:23:38.020+0000] {processor.py:914} INFO - Processing file /home/airflow/.local/lib/python3.12/site-packages/airflow/example_dags/example_nested_branch_dag.py for tasks to queue
[2025-04-25T11:23:38.031+0000] {logging_mixin.py:190} INFO - [2025-04-25T11:23:38.027+0000] {dagbag.py:588} INFO - Filling up the DagBag from /home/airflow/.local/lib/python3.12/site-packages/airflow/example_dags/example_nested_branch_dag.py
[2025-04-25T11:23:38.186+0000] {processor.py:925} INFO - DAG(s) 'example_nested_branch_dag' retrieved from /home/airflow/.local/lib/python3.12/site-packages/airflow/example_dags/example_nested_branch_dag.py
[2025-04-25T11:23:38.296+0000] {logging_mixin.py:190} INFO - [2025-04-25T11:23:38.296+0000] {dag.py:3239} INFO - Sync 1 DAGs
[2025-04-25T11:23:38.883+0000] {logging_mixin.py:190} INFO - [2025-04-25T11:23:38.882+0000] {dag.py:4180} INFO - Setting next_dagrun for example_nested_branch_dag to 2025-04-24 00:00:00+00:00, run_after=2025-04-25 00:00:00+00:00
[2025-04-25T11:23:39.035+0000] {processor.py:208} INFO - Processing /home/airflow/.local/lib/python3.12/site-packages/airflow/example_dags/example_nested_branch_dag.py took 1.030 seconds
