[2025-04-25T10:41:13.840+0000] {processor.py:186} INFO - Started process (PID=72) to work on /home/airflow/.local/lib/python3.12/site-packages/airflow/example_dags/example_sensors.py
[2025-04-25T10:41:13.841+0000] {processor.py:914} INFO - Processing file /home/airflow/.local/lib/python3.12/site-packages/airflow/example_dags/example_sensors.py for tasks to queue
[2025-04-25T10:41:13.844+0000] {logging_mixin.py:190} INFO - [2025-04-25T10:41:13.844+0000] {dagbag.py:588} INFO - Filling up the DagBag from /home/airflow/.local/lib/python3.12/site-packages/airflow/example_dags/example_sensors.py
[2025-04-25T10:41:13.877+0000] {processor.py:925} INFO - DAG(s) 'example_sensors' retrieved from /home/airflow/.local/lib/python3.12/site-packages/airflow/example_dags/example_sensors.py
[2025-04-25T10:41:13.972+0000] {logging_mixin.py:190} INFO - [2025-04-25T10:41:13.972+0000] {dag.py:3239} INFO - Sync 1 DAGs
[2025-04-25T10:41:13.999+0000] {logging_mixin.py:190} INFO - [2025-04-25T10:41:13.998+0000] {dag.py:4180} INFO - Setting next_dagrun for example_sensors to None, run_after=None
[2025-04-25T10:41:14.054+0000] {processor.py:208} INFO - Processing /home/airflow/.local/lib/python3.12/site-packages/airflow/example_dags/example_sensors.py took 0.218 seconds
[2025-04-25T10:41:44.963+0000] {processor.py:186} INFO - Started process (PID=141) to work on /home/airflow/.local/lib/python3.12/site-packages/airflow/example_dags/example_sensors.py
[2025-04-25T10:41:44.965+0000] {processor.py:914} INFO - Processing file /home/airflow/.local/lib/python3.12/site-packages/airflow/example_dags/example_sensors.py for tasks to queue
[2025-04-25T10:41:44.970+0000] {logging_mixin.py:190} INFO - [2025-04-25T10:41:44.969+0000] {dagbag.py:588} INFO - Filling up the DagBag from /home/airflow/.local/lib/python3.12/site-packages/airflow/example_dags/example_sensors.py
[2025-04-25T10:41:44.985+0000] {processor.py:925} INFO - DAG(s) 'example_sensors' retrieved from /home/airflow/.local/lib/python3.12/site-packages/airflow/example_dags/example_sensors.py
[2025-04-25T10:41:45.028+0000] {logging_mixin.py:190} INFO - [2025-04-25T10:41:45.027+0000] {dag.py:3239} INFO - Sync 1 DAGs
[2025-04-25T10:41:45.043+0000] {logging_mixin.py:190} INFO - [2025-04-25T10:41:45.043+0000] {dag.py:4180} INFO - Setting next_dagrun for example_sensors to None, run_after=None
[2025-04-25T10:41:45.054+0000] {processor.py:208} INFO - Processing /home/airflow/.local/lib/python3.12/site-packages/airflow/example_dags/example_sensors.py took 0.106 seconds
[2025-04-25T10:42:15.204+0000] {processor.py:186} INFO - Started process (PID=204) to work on /home/airflow/.local/lib/python3.12/site-packages/airflow/example_dags/example_sensors.py
[2025-04-25T10:42:15.209+0000] {processor.py:914} INFO - Processing file /home/airflow/.local/lib/python3.12/site-packages/airflow/example_dags/example_sensors.py for tasks to queue
[2025-04-25T10:42:15.219+0000] {logging_mixin.py:190} INFO - [2025-04-25T10:42:15.218+0000] {dagbag.py:588} INFO - Filling up the DagBag from /home/airflow/.local/lib/python3.12/site-packages/airflow/example_dags/example_sensors.py
[2025-04-25T10:42:15.233+0000] {processor.py:925} INFO - DAG(s) 'example_sensors' retrieved from /home/airflow/.local/lib/python3.12/site-packages/airflow/example_dags/example_sensors.py
[2025-04-25T10:42:15.255+0000] {logging_mixin.py:190} INFO - [2025-04-25T10:42:15.255+0000] {dag.py:3239} INFO - Sync 1 DAGs
[2025-04-25T10:42:15.274+0000] {logging_mixin.py:190} INFO - [2025-04-25T10:42:15.274+0000] {dag.py:4180} INFO - Setting next_dagrun for example_sensors to None, run_after=None
[2025-04-25T10:42:15.285+0000] {processor.py:208} INFO - Processing /home/airflow/.local/lib/python3.12/site-packages/airflow/example_dags/example_sensors.py took 0.097 seconds
[2025-04-25T10:42:46.150+0000] {processor.py:186} INFO - Started process (PID=268) to work on /home/airflow/.local/lib/python3.12/site-packages/airflow/example_dags/example_sensors.py
[2025-04-25T10:42:46.152+0000] {processor.py:914} INFO - Processing file /home/airflow/.local/lib/python3.12/site-packages/airflow/example_dags/example_sensors.py for tasks to queue
[2025-04-25T10:42:46.157+0000] {logging_mixin.py:190} INFO - [2025-04-25T10:42:46.156+0000] {dagbag.py:588} INFO - Filling up the DagBag from /home/airflow/.local/lib/python3.12/site-packages/airflow/example_dags/example_sensors.py
[2025-04-25T10:42:46.176+0000] {processor.py:925} INFO - DAG(s) 'example_sensors' retrieved from /home/airflow/.local/lib/python3.12/site-packages/airflow/example_dags/example_sensors.py
[2025-04-25T10:42:46.227+0000] {logging_mixin.py:190} INFO - [2025-04-25T10:42:46.227+0000] {dag.py:3239} INFO - Sync 1 DAGs
[2025-04-25T10:42:46.238+0000] {logging_mixin.py:190} INFO - [2025-04-25T10:42:46.238+0000] {dag.py:4180} INFO - Setting next_dagrun for example_sensors to None, run_after=None
[2025-04-25T10:42:46.250+0000] {processor.py:208} INFO - Processing /home/airflow/.local/lib/python3.12/site-packages/airflow/example_dags/example_sensors.py took 0.121 seconds
[2025-04-25T10:43:16.410+0000] {processor.py:186} INFO - Started process (PID=331) to work on /home/airflow/.local/lib/python3.12/site-packages/airflow/example_dags/example_sensors.py
[2025-04-25T10:43:16.422+0000] {processor.py:914} INFO - Processing file /home/airflow/.local/lib/python3.12/site-packages/airflow/example_dags/example_sensors.py for tasks to queue
[2025-04-25T10:43:16.431+0000] {logging_mixin.py:190} INFO - [2025-04-25T10:43:16.430+0000] {dagbag.py:588} INFO - Filling up the DagBag from /home/airflow/.local/lib/python3.12/site-packages/airflow/example_dags/example_sensors.py
[2025-04-25T10:43:16.464+0000] {processor.py:925} INFO - DAG(s) 'example_sensors' retrieved from /home/airflow/.local/lib/python3.12/site-packages/airflow/example_dags/example_sensors.py
[2025-04-25T10:43:16.526+0000] {logging_mixin.py:190} INFO - [2025-04-25T10:43:16.526+0000] {dag.py:3239} INFO - Sync 1 DAGs
[2025-04-25T10:43:16.552+0000] {logging_mixin.py:190} INFO - [2025-04-25T10:43:16.552+0000] {dag.py:4180} INFO - Setting next_dagrun for example_sensors to None, run_after=None
[2025-04-25T10:43:16.570+0000] {processor.py:208} INFO - Processing /home/airflow/.local/lib/python3.12/site-packages/airflow/example_dags/example_sensors.py took 0.183 seconds
[2025-04-25T10:43:46.873+0000] {processor.py:186} INFO - Started process (PID=394) to work on /home/airflow/.local/lib/python3.12/site-packages/airflow/example_dags/example_sensors.py
[2025-04-25T10:43:46.876+0000] {processor.py:914} INFO - Processing file /home/airflow/.local/lib/python3.12/site-packages/airflow/example_dags/example_sensors.py for tasks to queue
[2025-04-25T10:43:46.880+0000] {logging_mixin.py:190} INFO - [2025-04-25T10:43:46.880+0000] {dagbag.py:588} INFO - Filling up the DagBag from /home/airflow/.local/lib/python3.12/site-packages/airflow/example_dags/example_sensors.py
[2025-04-25T10:43:46.907+0000] {processor.py:925} INFO - DAG(s) 'example_sensors' retrieved from /home/airflow/.local/lib/python3.12/site-packages/airflow/example_dags/example_sensors.py
[2025-04-25T10:43:46.935+0000] {logging_mixin.py:190} INFO - [2025-04-25T10:43:46.934+0000] {dag.py:3239} INFO - Sync 1 DAGs
[2025-04-25T10:43:46.956+0000] {logging_mixin.py:190} INFO - [2025-04-25T10:43:46.956+0000] {dag.py:4180} INFO - Setting next_dagrun for example_sensors to None, run_after=None
[2025-04-25T10:43:46.970+0000] {processor.py:208} INFO - Processing /home/airflow/.local/lib/python3.12/site-packages/airflow/example_dags/example_sensors.py took 0.116 seconds
[2025-04-25T10:44:17.437+0000] {processor.py:186} INFO - Started process (PID=457) to work on /home/airflow/.local/lib/python3.12/site-packages/airflow/example_dags/example_sensors.py
[2025-04-25T10:44:17.441+0000] {processor.py:914} INFO - Processing file /home/airflow/.local/lib/python3.12/site-packages/airflow/example_dags/example_sensors.py for tasks to queue
[2025-04-25T10:44:17.447+0000] {logging_mixin.py:190} INFO - [2025-04-25T10:44:17.447+0000] {dagbag.py:588} INFO - Filling up the DagBag from /home/airflow/.local/lib/python3.12/site-packages/airflow/example_dags/example_sensors.py
[2025-04-25T10:44:17.497+0000] {processor.py:925} INFO - DAG(s) 'example_sensors' retrieved from /home/airflow/.local/lib/python3.12/site-packages/airflow/example_dags/example_sensors.py
[2025-04-25T10:44:17.569+0000] {logging_mixin.py:190} INFO - [2025-04-25T10:44:17.569+0000] {dag.py:3239} INFO - Sync 1 DAGs
[2025-04-25T10:44:17.603+0000] {logging_mixin.py:190} INFO - [2025-04-25T10:44:17.603+0000] {dag.py:4180} INFO - Setting next_dagrun for example_sensors to None, run_after=None
[2025-04-25T10:44:17.623+0000] {processor.py:208} INFO - Processing /home/airflow/.local/lib/python3.12/site-packages/airflow/example_dags/example_sensors.py took 0.208 seconds
[2025-04-25T10:44:48.374+0000] {processor.py:186} INFO - Started process (PID=520) to work on /home/airflow/.local/lib/python3.12/site-packages/airflow/example_dags/example_sensors.py
[2025-04-25T10:44:48.375+0000] {processor.py:914} INFO - Processing file /home/airflow/.local/lib/python3.12/site-packages/airflow/example_dags/example_sensors.py for tasks to queue
[2025-04-25T10:44:48.376+0000] {logging_mixin.py:190} INFO - [2025-04-25T10:44:48.376+0000] {dagbag.py:588} INFO - Filling up the DagBag from /home/airflow/.local/lib/python3.12/site-packages/airflow/example_dags/example_sensors.py
[2025-04-25T10:44:48.382+0000] {processor.py:925} INFO - DAG(s) 'example_sensors' retrieved from /home/airflow/.local/lib/python3.12/site-packages/airflow/example_dags/example_sensors.py
[2025-04-25T10:44:48.430+0000] {logging_mixin.py:190} INFO - [2025-04-25T10:44:48.429+0000] {dag.py:3239} INFO - Sync 1 DAGs
[2025-04-25T10:44:48.453+0000] {logging_mixin.py:190} INFO - [2025-04-25T10:44:48.453+0000] {dag.py:4180} INFO - Setting next_dagrun for example_sensors to None, run_after=None
[2025-04-25T10:44:48.465+0000] {processor.py:208} INFO - Processing /home/airflow/.local/lib/python3.12/site-packages/airflow/example_dags/example_sensors.py took 0.094 seconds
[2025-04-25T10:45:18.868+0000] {processor.py:186} INFO - Started process (PID=582) to work on /home/airflow/.local/lib/python3.12/site-packages/airflow/example_dags/example_sensors.py
[2025-04-25T10:45:18.870+0000] {processor.py:914} INFO - Processing file /home/airflow/.local/lib/python3.12/site-packages/airflow/example_dags/example_sensors.py for tasks to queue
[2025-04-25T10:45:18.875+0000] {logging_mixin.py:190} INFO - [2025-04-25T10:45:18.875+0000] {dagbag.py:588} INFO - Filling up the DagBag from /home/airflow/.local/lib/python3.12/site-packages/airflow/example_dags/example_sensors.py
[2025-04-25T10:45:18.895+0000] {processor.py:925} INFO - DAG(s) 'example_sensors' retrieved from /home/airflow/.local/lib/python3.12/site-packages/airflow/example_dags/example_sensors.py
[2025-04-25T10:45:18.928+0000] {logging_mixin.py:190} INFO - [2025-04-25T10:45:18.928+0000] {dag.py:3239} INFO - Sync 1 DAGs
[2025-04-25T10:45:18.939+0000] {logging_mixin.py:190} INFO - [2025-04-25T10:45:18.939+0000] {dag.py:4180} INFO - Setting next_dagrun for example_sensors to None, run_after=None
[2025-04-25T10:45:18.956+0000] {processor.py:208} INFO - Processing /home/airflow/.local/lib/python3.12/site-packages/airflow/example_dags/example_sensors.py took 0.103 seconds
[2025-04-25T10:45:49.691+0000] {processor.py:186} INFO - Started process (PID=645) to work on /home/airflow/.local/lib/python3.12/site-packages/airflow/example_dags/example_sensors.py
[2025-04-25T10:45:49.696+0000] {processor.py:914} INFO - Processing file /home/airflow/.local/lib/python3.12/site-packages/airflow/example_dags/example_sensors.py for tasks to queue
[2025-04-25T10:45:49.701+0000] {logging_mixin.py:190} INFO - [2025-04-25T10:45:49.700+0000] {dagbag.py:588} INFO - Filling up the DagBag from /home/airflow/.local/lib/python3.12/site-packages/airflow/example_dags/example_sensors.py
[2025-04-25T10:45:49.714+0000] {processor.py:925} INFO - DAG(s) 'example_sensors' retrieved from /home/airflow/.local/lib/python3.12/site-packages/airflow/example_dags/example_sensors.py
[2025-04-25T10:45:49.749+0000] {logging_mixin.py:190} INFO - [2025-04-25T10:45:49.749+0000] {dag.py:3239} INFO - Sync 1 DAGs
[2025-04-25T10:45:49.760+0000] {logging_mixin.py:190} INFO - [2025-04-25T10:45:49.760+0000] {dag.py:4180} INFO - Setting next_dagrun for example_sensors to None, run_after=None
[2025-04-25T10:45:49.771+0000] {processor.py:208} INFO - Processing /home/airflow/.local/lib/python3.12/site-packages/airflow/example_dags/example_sensors.py took 0.090 seconds
[2025-04-25T10:46:20.426+0000] {processor.py:186} INFO - Started process (PID=708) to work on /home/airflow/.local/lib/python3.12/site-packages/airflow/example_dags/example_sensors.py
[2025-04-25T10:46:20.428+0000] {processor.py:914} INFO - Processing file /home/airflow/.local/lib/python3.12/site-packages/airflow/example_dags/example_sensors.py for tasks to queue
[2025-04-25T10:46:20.431+0000] {logging_mixin.py:190} INFO - [2025-04-25T10:46:20.430+0000] {dagbag.py:588} INFO - Filling up the DagBag from /home/airflow/.local/lib/python3.12/site-packages/airflow/example_dags/example_sensors.py
[2025-04-25T10:46:20.442+0000] {processor.py:925} INFO - DAG(s) 'example_sensors' retrieved from /home/airflow/.local/lib/python3.12/site-packages/airflow/example_dags/example_sensors.py
[2025-04-25T10:46:20.471+0000] {logging_mixin.py:190} INFO - [2025-04-25T10:46:20.470+0000] {dag.py:3239} INFO - Sync 1 DAGs
[2025-04-25T10:46:20.490+0000] {logging_mixin.py:190} INFO - [2025-04-25T10:46:20.490+0000] {dag.py:4180} INFO - Setting next_dagrun for example_sensors to None, run_after=None
[2025-04-25T10:46:20.502+0000] {processor.py:208} INFO - Processing /home/airflow/.local/lib/python3.12/site-packages/airflow/example_dags/example_sensors.py took 0.082 seconds
[2025-04-25T10:46:50.560+0000] {processor.py:186} INFO - Started process (PID=771) to work on /home/airflow/.local/lib/python3.12/site-packages/airflow/example_dags/example_sensors.py
[2025-04-25T10:46:50.560+0000] {processor.py:914} INFO - Processing file /home/airflow/.local/lib/python3.12/site-packages/airflow/example_dags/example_sensors.py for tasks to queue
[2025-04-25T10:46:50.562+0000] {logging_mixin.py:190} INFO - [2025-04-25T10:46:50.561+0000] {dagbag.py:588} INFO - Filling up the DagBag from /home/airflow/.local/lib/python3.12/site-packages/airflow/example_dags/example_sensors.py
[2025-04-25T10:46:50.567+0000] {processor.py:925} INFO - DAG(s) 'example_sensors' retrieved from /home/airflow/.local/lib/python3.12/site-packages/airflow/example_dags/example_sensors.py
[2025-04-25T10:46:50.579+0000] {logging_mixin.py:190} INFO - [2025-04-25T10:46:50.579+0000] {dag.py:3239} INFO - Sync 1 DAGs
[2025-04-25T10:46:50.585+0000] {logging_mixin.py:190} INFO - [2025-04-25T10:46:50.584+0000] {dag.py:4180} INFO - Setting next_dagrun for example_sensors to None, run_after=None
[2025-04-25T10:46:50.591+0000] {processor.py:208} INFO - Processing /home/airflow/.local/lib/python3.12/site-packages/airflow/example_dags/example_sensors.py took 0.034 seconds
[2025-04-25T10:47:21.481+0000] {processor.py:186} INFO - Started process (PID=833) to work on /home/airflow/.local/lib/python3.12/site-packages/airflow/example_dags/example_sensors.py
[2025-04-25T10:47:21.482+0000] {processor.py:914} INFO - Processing file /home/airflow/.local/lib/python3.12/site-packages/airflow/example_dags/example_sensors.py for tasks to queue
[2025-04-25T10:47:21.483+0000] {logging_mixin.py:190} INFO - [2025-04-25T10:47:21.482+0000] {dagbag.py:588} INFO - Filling up the DagBag from /home/airflow/.local/lib/python3.12/site-packages/airflow/example_dags/example_sensors.py
[2025-04-25T10:47:21.487+0000] {processor.py:925} INFO - DAG(s) 'example_sensors' retrieved from /home/airflow/.local/lib/python3.12/site-packages/airflow/example_dags/example_sensors.py
[2025-04-25T10:47:21.497+0000] {logging_mixin.py:190} INFO - [2025-04-25T10:47:21.497+0000] {dag.py:3239} INFO - Sync 1 DAGs
[2025-04-25T10:47:21.502+0000] {logging_mixin.py:190} INFO - [2025-04-25T10:47:21.502+0000] {dag.py:4180} INFO - Setting next_dagrun for example_sensors to None, run_after=None
[2025-04-25T10:47:21.509+0000] {processor.py:208} INFO - Processing /home/airflow/.local/lib/python3.12/site-packages/airflow/example_dags/example_sensors.py took 0.030 seconds
[2025-04-25T10:47:52.535+0000] {processor.py:186} INFO - Started process (PID=896) to work on /home/airflow/.local/lib/python3.12/site-packages/airflow/example_dags/example_sensors.py
[2025-04-25T10:47:52.536+0000] {processor.py:914} INFO - Processing file /home/airflow/.local/lib/python3.12/site-packages/airflow/example_dags/example_sensors.py for tasks to queue
[2025-04-25T10:47:52.537+0000] {logging_mixin.py:190} INFO - [2025-04-25T10:47:52.537+0000] {dagbag.py:588} INFO - Filling up the DagBag from /home/airflow/.local/lib/python3.12/site-packages/airflow/example_dags/example_sensors.py
[2025-04-25T10:47:52.541+0000] {processor.py:925} INFO - DAG(s) 'example_sensors' retrieved from /home/airflow/.local/lib/python3.12/site-packages/airflow/example_dags/example_sensors.py
[2025-04-25T10:47:52.551+0000] {logging_mixin.py:190} INFO - [2025-04-25T10:47:52.551+0000] {dag.py:3239} INFO - Sync 1 DAGs
[2025-04-25T10:47:52.556+0000] {logging_mixin.py:190} INFO - [2025-04-25T10:47:52.556+0000] {dag.py:4180} INFO - Setting next_dagrun for example_sensors to None, run_after=None
[2025-04-25T10:47:52.563+0000] {processor.py:208} INFO - Processing /home/airflow/.local/lib/python3.12/site-packages/airflow/example_dags/example_sensors.py took 0.030 seconds
[2025-04-25T10:48:23.469+0000] {processor.py:186} INFO - Started process (PID=959) to work on /home/airflow/.local/lib/python3.12/site-packages/airflow/example_dags/example_sensors.py
[2025-04-25T10:48:23.471+0000] {processor.py:914} INFO - Processing file /home/airflow/.local/lib/python3.12/site-packages/airflow/example_dags/example_sensors.py for tasks to queue
[2025-04-25T10:48:23.474+0000] {logging_mixin.py:190} INFO - [2025-04-25T10:48:23.474+0000] {dagbag.py:588} INFO - Filling up the DagBag from /home/airflow/.local/lib/python3.12/site-packages/airflow/example_dags/example_sensors.py
[2025-04-25T10:48:23.490+0000] {processor.py:925} INFO - DAG(s) 'example_sensors' retrieved from /home/airflow/.local/lib/python3.12/site-packages/airflow/example_dags/example_sensors.py
[2025-04-25T10:48:23.511+0000] {logging_mixin.py:190} INFO - [2025-04-25T10:48:23.510+0000] {dag.py:3239} INFO - Sync 1 DAGs
[2025-04-25T10:48:23.518+0000] {logging_mixin.py:190} INFO - [2025-04-25T10:48:23.518+0000] {dag.py:4180} INFO - Setting next_dagrun for example_sensors to None, run_after=None
[2025-04-25T10:48:23.526+0000] {processor.py:208} INFO - Processing /home/airflow/.local/lib/python3.12/site-packages/airflow/example_dags/example_sensors.py took 0.062 seconds
[2025-04-25T10:48:54.850+0000] {processor.py:186} INFO - Started process (PID=1022) to work on /home/airflow/.local/lib/python3.12/site-packages/airflow/example_dags/example_sensors.py
[2025-04-25T10:48:54.852+0000] {processor.py:914} INFO - Processing file /home/airflow/.local/lib/python3.12/site-packages/airflow/example_dags/example_sensors.py for tasks to queue
[2025-04-25T10:48:54.857+0000] {logging_mixin.py:190} INFO - [2025-04-25T10:48:54.857+0000] {dagbag.py:588} INFO - Filling up the DagBag from /home/airflow/.local/lib/python3.12/site-packages/airflow/example_dags/example_sensors.py
[2025-04-25T10:48:54.869+0000] {processor.py:925} INFO - DAG(s) 'example_sensors' retrieved from /home/airflow/.local/lib/python3.12/site-packages/airflow/example_dags/example_sensors.py
[2025-04-25T10:48:54.910+0000] {logging_mixin.py:190} INFO - [2025-04-25T10:48:54.910+0000] {dag.py:3239} INFO - Sync 1 DAGs
[2025-04-25T10:48:54.922+0000] {logging_mixin.py:190} INFO - [2025-04-25T10:48:54.922+0000] {dag.py:4180} INFO - Setting next_dagrun for example_sensors to None, run_after=None
[2025-04-25T10:48:54.939+0000] {processor.py:208} INFO - Processing /home/airflow/.local/lib/python3.12/site-packages/airflow/example_dags/example_sensors.py took 0.096 seconds
[2025-04-25T10:49:25.069+0000] {processor.py:186} INFO - Started process (PID=1085) to work on /home/airflow/.local/lib/python3.12/site-packages/airflow/example_dags/example_sensors.py
[2025-04-25T10:49:25.070+0000] {processor.py:914} INFO - Processing file /home/airflow/.local/lib/python3.12/site-packages/airflow/example_dags/example_sensors.py for tasks to queue
[2025-04-25T10:49:25.072+0000] {logging_mixin.py:190} INFO - [2025-04-25T10:49:25.072+0000] {dagbag.py:588} INFO - Filling up the DagBag from /home/airflow/.local/lib/python3.12/site-packages/airflow/example_dags/example_sensors.py
[2025-04-25T10:49:25.078+0000] {processor.py:925} INFO - DAG(s) 'example_sensors' retrieved from /home/airflow/.local/lib/python3.12/site-packages/airflow/example_dags/example_sensors.py
[2025-04-25T10:49:25.097+0000] {logging_mixin.py:190} INFO - [2025-04-25T10:49:25.097+0000] {dag.py:3239} INFO - Sync 1 DAGs
[2025-04-25T10:49:25.105+0000] {logging_mixin.py:190} INFO - [2025-04-25T10:49:25.105+0000] {dag.py:4180} INFO - Setting next_dagrun for example_sensors to None, run_after=None
[2025-04-25T10:49:25.116+0000] {processor.py:208} INFO - Processing /home/airflow/.local/lib/python3.12/site-packages/airflow/example_dags/example_sensors.py took 0.052 seconds
[2025-04-25T10:49:59.278+0000] {processor.py:186} INFO - Started process (PID=1148) to work on /home/airflow/.local/lib/python3.12/site-packages/airflow/example_dags/example_sensors.py
[2025-04-25T10:49:59.279+0000] {processor.py:914} INFO - Processing file /home/airflow/.local/lib/python3.12/site-packages/airflow/example_dags/example_sensors.py for tasks to queue
[2025-04-25T10:49:59.281+0000] {logging_mixin.py:190} INFO - [2025-04-25T10:49:59.281+0000] {dagbag.py:588} INFO - Filling up the DagBag from /home/airflow/.local/lib/python3.12/site-packages/airflow/example_dags/example_sensors.py
[2025-04-25T10:49:59.292+0000] {processor.py:925} INFO - DAG(s) 'example_sensors' retrieved from /home/airflow/.local/lib/python3.12/site-packages/airflow/example_dags/example_sensors.py
[2025-04-25T10:49:59.329+0000] {logging_mixin.py:190} INFO - [2025-04-25T10:49:59.328+0000] {dag.py:3239} INFO - Sync 1 DAGs
[2025-04-25T10:49:59.347+0000] {logging_mixin.py:190} INFO - [2025-04-25T10:49:59.347+0000] {dag.py:4180} INFO - Setting next_dagrun for example_sensors to None, run_after=None
[2025-04-25T10:49:59.359+0000] {processor.py:208} INFO - Processing /home/airflow/.local/lib/python3.12/site-packages/airflow/example_dags/example_sensors.py took 0.088 seconds
[2025-04-25T10:50:42.353+0000] {processor.py:186} INFO - Started process (PID=1211) to work on /home/airflow/.local/lib/python3.12/site-packages/airflow/example_dags/example_sensors.py
[2025-04-25T10:50:42.356+0000] {processor.py:914} INFO - Processing file /home/airflow/.local/lib/python3.12/site-packages/airflow/example_dags/example_sensors.py for tasks to queue
[2025-04-25T10:50:42.357+0000] {logging_mixin.py:190} INFO - [2025-04-25T10:50:42.357+0000] {dagbag.py:588} INFO - Filling up the DagBag from /home/airflow/.local/lib/python3.12/site-packages/airflow/example_dags/example_sensors.py
[2025-04-25T10:50:42.366+0000] {processor.py:925} INFO - DAG(s) 'example_sensors' retrieved from /home/airflow/.local/lib/python3.12/site-packages/airflow/example_dags/example_sensors.py
[2025-04-25T10:50:42.404+0000] {logging_mixin.py:190} INFO - [2025-04-25T10:50:42.404+0000] {dag.py:3239} INFO - Sync 1 DAGs
[2025-04-25T10:50:42.417+0000] {logging_mixin.py:190} INFO - [2025-04-25T10:50:42.417+0000] {dag.py:4180} INFO - Setting next_dagrun for example_sensors to None, run_after=None
[2025-04-25T10:50:42.434+0000] {processor.py:208} INFO - Processing /home/airflow/.local/lib/python3.12/site-packages/airflow/example_dags/example_sensors.py took 0.095 seconds
[2025-04-25T10:51:14.529+0000] {processor.py:186} INFO - Started process (PID=1263) to work on /home/airflow/.local/lib/python3.12/site-packages/airflow/example_dags/example_sensors.py
[2025-04-25T10:51:14.530+0000] {processor.py:914} INFO - Processing file /home/airflow/.local/lib/python3.12/site-packages/airflow/example_dags/example_sensors.py for tasks to queue
[2025-04-25T10:51:14.531+0000] {logging_mixin.py:190} INFO - [2025-04-25T10:51:14.531+0000] {dagbag.py:588} INFO - Filling up the DagBag from /home/airflow/.local/lib/python3.12/site-packages/airflow/example_dags/example_sensors.py
[2025-04-25T10:51:14.539+0000] {processor.py:925} INFO - DAG(s) 'example_sensors' retrieved from /home/airflow/.local/lib/python3.12/site-packages/airflow/example_dags/example_sensors.py
[2025-04-25T10:51:14.558+0000] {logging_mixin.py:190} INFO - [2025-04-25T10:51:14.558+0000] {dag.py:3239} INFO - Sync 1 DAGs
[2025-04-25T10:51:14.574+0000] {logging_mixin.py:190} INFO - [2025-04-25T10:51:14.574+0000] {dag.py:4180} INFO - Setting next_dagrun for example_sensors to None, run_after=None
[2025-04-25T10:51:14.586+0000] {processor.py:208} INFO - Processing /home/airflow/.local/lib/python3.12/site-packages/airflow/example_dags/example_sensors.py took 0.061 seconds
[2025-04-25T10:51:46.500+0000] {processor.py:186} INFO - Started process (PID=1326) to work on /home/airflow/.local/lib/python3.12/site-packages/airflow/example_dags/example_sensors.py
[2025-04-25T10:51:46.512+0000] {processor.py:914} INFO - Processing file /home/airflow/.local/lib/python3.12/site-packages/airflow/example_dags/example_sensors.py for tasks to queue
[2025-04-25T10:51:46.515+0000] {logging_mixin.py:190} INFO - [2025-04-25T10:51:46.515+0000] {dagbag.py:588} INFO - Filling up the DagBag from /home/airflow/.local/lib/python3.12/site-packages/airflow/example_dags/example_sensors.py
[2025-04-25T10:51:46.529+0000] {processor.py:925} INFO - DAG(s) 'example_sensors' retrieved from /home/airflow/.local/lib/python3.12/site-packages/airflow/example_dags/example_sensors.py
[2025-04-25T10:51:46.649+0000] {logging_mixin.py:190} INFO - [2025-04-25T10:51:46.649+0000] {dag.py:3239} INFO - Sync 1 DAGs
[2025-04-25T10:51:46.690+0000] {logging_mixin.py:190} INFO - [2025-04-25T10:51:46.689+0000] {dag.py:4180} INFO - Setting next_dagrun for example_sensors to None, run_after=None
[2025-04-25T10:51:46.745+0000] {processor.py:208} INFO - Processing /home/airflow/.local/lib/python3.12/site-packages/airflow/example_dags/example_sensors.py took 0.261 seconds
[2025-04-25T10:52:17.222+0000] {processor.py:186} INFO - Started process (PID=1382) to work on /home/airflow/.local/lib/python3.12/site-packages/airflow/example_dags/example_sensors.py
[2025-04-25T10:52:17.223+0000] {processor.py:914} INFO - Processing file /home/airflow/.local/lib/python3.12/site-packages/airflow/example_dags/example_sensors.py for tasks to queue
[2025-04-25T10:52:17.225+0000] {logging_mixin.py:190} INFO - [2025-04-25T10:52:17.225+0000] {dagbag.py:588} INFO - Filling up the DagBag from /home/airflow/.local/lib/python3.12/site-packages/airflow/example_dags/example_sensors.py
[2025-04-25T10:52:17.254+0000] {processor.py:925} INFO - DAG(s) 'example_sensors' retrieved from /home/airflow/.local/lib/python3.12/site-packages/airflow/example_dags/example_sensors.py
[2025-04-25T10:52:17.274+0000] {logging_mixin.py:190} INFO - [2025-04-25T10:52:17.274+0000] {dag.py:3239} INFO - Sync 1 DAGs
[2025-04-25T10:52:17.289+0000] {logging_mixin.py:190} INFO - [2025-04-25T10:52:17.289+0000] {dag.py:4180} INFO - Setting next_dagrun for example_sensors to None, run_after=None
[2025-04-25T10:52:17.307+0000] {processor.py:208} INFO - Processing /home/airflow/.local/lib/python3.12/site-packages/airflow/example_dags/example_sensors.py took 0.091 seconds
[2025-04-25T10:52:47.831+0000] {processor.py:186} INFO - Started process (PID=1445) to work on /home/airflow/.local/lib/python3.12/site-packages/airflow/example_dags/example_sensors.py
[2025-04-25T10:52:47.832+0000] {processor.py:914} INFO - Processing file /home/airflow/.local/lib/python3.12/site-packages/airflow/example_dags/example_sensors.py for tasks to queue
[2025-04-25T10:52:47.833+0000] {logging_mixin.py:190} INFO - [2025-04-25T10:52:47.833+0000] {dagbag.py:588} INFO - Filling up the DagBag from /home/airflow/.local/lib/python3.12/site-packages/airflow/example_dags/example_sensors.py
[2025-04-25T10:52:47.838+0000] {processor.py:925} INFO - DAG(s) 'example_sensors' retrieved from /home/airflow/.local/lib/python3.12/site-packages/airflow/example_dags/example_sensors.py
[2025-04-25T10:52:47.851+0000] {logging_mixin.py:190} INFO - [2025-04-25T10:52:47.851+0000] {dag.py:3239} INFO - Sync 1 DAGs
[2025-04-25T10:52:47.863+0000] {logging_mixin.py:190} INFO - [2025-04-25T10:52:47.863+0000] {dag.py:4180} INFO - Setting next_dagrun for example_sensors to None, run_after=None
[2025-04-25T10:52:47.873+0000] {processor.py:208} INFO - Processing /home/airflow/.local/lib/python3.12/site-packages/airflow/example_dags/example_sensors.py took 0.045 seconds
[2025-04-25T10:53:18.405+0000] {processor.py:186} INFO - Started process (PID=1508) to work on /home/airflow/.local/lib/python3.12/site-packages/airflow/example_dags/example_sensors.py
[2025-04-25T10:53:18.406+0000] {processor.py:914} INFO - Processing file /home/airflow/.local/lib/python3.12/site-packages/airflow/example_dags/example_sensors.py for tasks to queue
[2025-04-25T10:53:18.409+0000] {logging_mixin.py:190} INFO - [2025-04-25T10:53:18.409+0000] {dagbag.py:588} INFO - Filling up the DagBag from /home/airflow/.local/lib/python3.12/site-packages/airflow/example_dags/example_sensors.py
[2025-04-25T10:53:18.414+0000] {processor.py:925} INFO - DAG(s) 'example_sensors' retrieved from /home/airflow/.local/lib/python3.12/site-packages/airflow/example_dags/example_sensors.py
[2025-04-25T10:53:18.432+0000] {logging_mixin.py:190} INFO - [2025-04-25T10:53:18.431+0000] {dag.py:3239} INFO - Sync 1 DAGs
[2025-04-25T10:53:18.438+0000] {logging_mixin.py:190} INFO - [2025-04-25T10:53:18.438+0000] {dag.py:4180} INFO - Setting next_dagrun for example_sensors to None, run_after=None
[2025-04-25T10:53:18.450+0000] {processor.py:208} INFO - Processing /home/airflow/.local/lib/python3.12/site-packages/airflow/example_dags/example_sensors.py took 0.048 seconds
[2025-04-25T10:53:48.934+0000] {processor.py:186} INFO - Started process (PID=1571) to work on /home/airflow/.local/lib/python3.12/site-packages/airflow/example_dags/example_sensors.py
[2025-04-25T10:53:48.935+0000] {processor.py:914} INFO - Processing file /home/airflow/.local/lib/python3.12/site-packages/airflow/example_dags/example_sensors.py for tasks to queue
[2025-04-25T10:53:48.940+0000] {logging_mixin.py:190} INFO - [2025-04-25T10:53:48.939+0000] {dagbag.py:588} INFO - Filling up the DagBag from /home/airflow/.local/lib/python3.12/site-packages/airflow/example_dags/example_sensors.py
[2025-04-25T10:53:48.950+0000] {processor.py:925} INFO - DAG(s) 'example_sensors' retrieved from /home/airflow/.local/lib/python3.12/site-packages/airflow/example_dags/example_sensors.py
[2025-04-25T10:53:48.971+0000] {logging_mixin.py:190} INFO - [2025-04-25T10:53:48.971+0000] {dag.py:3239} INFO - Sync 1 DAGs
[2025-04-25T10:53:48.982+0000] {logging_mixin.py:190} INFO - [2025-04-25T10:53:48.982+0000] {dag.py:4180} INFO - Setting next_dagrun for example_sensors to None, run_after=None
[2025-04-25T10:53:48.996+0000] {processor.py:208} INFO - Processing /home/airflow/.local/lib/python3.12/site-packages/airflow/example_dags/example_sensors.py took 0.069 seconds
[2025-04-25T10:54:19.562+0000] {processor.py:186} INFO - Started process (PID=1634) to work on /home/airflow/.local/lib/python3.12/site-packages/airflow/example_dags/example_sensors.py
[2025-04-25T10:54:19.564+0000] {processor.py:914} INFO - Processing file /home/airflow/.local/lib/python3.12/site-packages/airflow/example_dags/example_sensors.py for tasks to queue
[2025-04-25T10:54:19.566+0000] {logging_mixin.py:190} INFO - [2025-04-25T10:54:19.565+0000] {dagbag.py:588} INFO - Filling up the DagBag from /home/airflow/.local/lib/python3.12/site-packages/airflow/example_dags/example_sensors.py
[2025-04-25T10:54:19.571+0000] {processor.py:925} INFO - DAG(s) 'example_sensors' retrieved from /home/airflow/.local/lib/python3.12/site-packages/airflow/example_dags/example_sensors.py
[2025-04-25T10:54:19.581+0000] {logging_mixin.py:190} INFO - [2025-04-25T10:54:19.581+0000] {dag.py:3239} INFO - Sync 1 DAGs
[2025-04-25T10:54:19.587+0000] {logging_mixin.py:190} INFO - [2025-04-25T10:54:19.587+0000] {dag.py:4180} INFO - Setting next_dagrun for example_sensors to None, run_after=None
[2025-04-25T10:54:19.593+0000] {processor.py:208} INFO - Processing /home/airflow/.local/lib/python3.12/site-packages/airflow/example_dags/example_sensors.py took 0.034 seconds
[2025-04-25T10:54:50.210+0000] {processor.py:186} INFO - Started process (PID=1697) to work on /home/airflow/.local/lib/python3.12/site-packages/airflow/example_dags/example_sensors.py
[2025-04-25T10:54:50.212+0000] {processor.py:914} INFO - Processing file /home/airflow/.local/lib/python3.12/site-packages/airflow/example_dags/example_sensors.py for tasks to queue
[2025-04-25T10:54:50.213+0000] {logging_mixin.py:190} INFO - [2025-04-25T10:54:50.213+0000] {dagbag.py:588} INFO - Filling up the DagBag from /home/airflow/.local/lib/python3.12/site-packages/airflow/example_dags/example_sensors.py
[2025-04-25T10:54:50.221+0000] {processor.py:925} INFO - DAG(s) 'example_sensors' retrieved from /home/airflow/.local/lib/python3.12/site-packages/airflow/example_dags/example_sensors.py
[2025-04-25T10:54:50.241+0000] {logging_mixin.py:190} INFO - [2025-04-25T10:54:50.241+0000] {dag.py:3239} INFO - Sync 1 DAGs
[2025-04-25T10:54:50.248+0000] {logging_mixin.py:190} INFO - [2025-04-25T10:54:50.248+0000] {dag.py:4180} INFO - Setting next_dagrun for example_sensors to None, run_after=None
[2025-04-25T10:54:50.256+0000] {processor.py:208} INFO - Processing /home/airflow/.local/lib/python3.12/site-packages/airflow/example_dags/example_sensors.py took 0.052 seconds
[2025-04-25T10:55:20.316+0000] {processor.py:186} INFO - Started process (PID=1760) to work on /home/airflow/.local/lib/python3.12/site-packages/airflow/example_dags/example_sensors.py
[2025-04-25T10:55:20.317+0000] {processor.py:914} INFO - Processing file /home/airflow/.local/lib/python3.12/site-packages/airflow/example_dags/example_sensors.py for tasks to queue
[2025-04-25T10:55:20.318+0000] {logging_mixin.py:190} INFO - [2025-04-25T10:55:20.318+0000] {dagbag.py:588} INFO - Filling up the DagBag from /home/airflow/.local/lib/python3.12/site-packages/airflow/example_dags/example_sensors.py
[2025-04-25T10:55:20.323+0000] {processor.py:925} INFO - DAG(s) 'example_sensors' retrieved from /home/airflow/.local/lib/python3.12/site-packages/airflow/example_dags/example_sensors.py
[2025-04-25T10:55:20.334+0000] {logging_mixin.py:190} INFO - [2025-04-25T10:55:20.334+0000] {dag.py:3239} INFO - Sync 1 DAGs
[2025-04-25T10:55:20.339+0000] {logging_mixin.py:190} INFO - [2025-04-25T10:55:20.339+0000] {dag.py:4180} INFO - Setting next_dagrun for example_sensors to None, run_after=None
[2025-04-25T10:55:20.346+0000] {processor.py:208} INFO - Processing /home/airflow/.local/lib/python3.12/site-packages/airflow/example_dags/example_sensors.py took 0.033 seconds
[2025-04-25T10:55:51.614+0000] {processor.py:186} INFO - Started process (PID=1829) to work on /home/airflow/.local/lib/python3.12/site-packages/airflow/example_dags/example_sensors.py
[2025-04-25T10:55:51.618+0000] {processor.py:914} INFO - Processing file /home/airflow/.local/lib/python3.12/site-packages/airflow/example_dags/example_sensors.py for tasks to queue
[2025-04-25T10:55:51.623+0000] {logging_mixin.py:190} INFO - [2025-04-25T10:55:51.622+0000] {dagbag.py:588} INFO - Filling up the DagBag from /home/airflow/.local/lib/python3.12/site-packages/airflow/example_dags/example_sensors.py
[2025-04-25T10:55:51.637+0000] {processor.py:925} INFO - DAG(s) 'example_sensors' retrieved from /home/airflow/.local/lib/python3.12/site-packages/airflow/example_dags/example_sensors.py
[2025-04-25T10:55:51.697+0000] {logging_mixin.py:190} INFO - [2025-04-25T10:55:51.696+0000] {dag.py:3239} INFO - Sync 1 DAGs
[2025-04-25T10:55:51.719+0000] {logging_mixin.py:190} INFO - [2025-04-25T10:55:51.719+0000] {dag.py:4180} INFO - Setting next_dagrun for example_sensors to None, run_after=None
[2025-04-25T10:55:51.750+0000] {processor.py:208} INFO - Processing /home/airflow/.local/lib/python3.12/site-packages/airflow/example_dags/example_sensors.py took 0.141 seconds
[2025-04-25T10:56:22.184+0000] {processor.py:186} INFO - Started process (PID=1892) to work on /home/airflow/.local/lib/python3.12/site-packages/airflow/example_dags/example_sensors.py
[2025-04-25T10:56:22.186+0000] {processor.py:914} INFO - Processing file /home/airflow/.local/lib/python3.12/site-packages/airflow/example_dags/example_sensors.py for tasks to queue
[2025-04-25T10:56:22.187+0000] {logging_mixin.py:190} INFO - [2025-04-25T10:56:22.187+0000] {dagbag.py:588} INFO - Filling up the DagBag from /home/airflow/.local/lib/python3.12/site-packages/airflow/example_dags/example_sensors.py
[2025-04-25T10:56:22.196+0000] {processor.py:925} INFO - DAG(s) 'example_sensors' retrieved from /home/airflow/.local/lib/python3.12/site-packages/airflow/example_dags/example_sensors.py
[2025-04-25T10:56:22.208+0000] {logging_mixin.py:190} INFO - [2025-04-25T10:56:22.207+0000] {dag.py:3239} INFO - Sync 1 DAGs
[2025-04-25T10:56:22.213+0000] {logging_mixin.py:190} INFO - [2025-04-25T10:56:22.213+0000] {dag.py:4180} INFO - Setting next_dagrun for example_sensors to None, run_after=None
[2025-04-25T10:56:22.219+0000] {processor.py:208} INFO - Processing /home/airflow/.local/lib/python3.12/site-packages/airflow/example_dags/example_sensors.py took 0.039 seconds
[2025-04-25T10:56:53.897+0000] {processor.py:186} INFO - Started process (PID=1955) to work on /home/airflow/.local/lib/python3.12/site-packages/airflow/example_dags/example_sensors.py
[2025-04-25T10:56:53.900+0000] {processor.py:914} INFO - Processing file /home/airflow/.local/lib/python3.12/site-packages/airflow/example_dags/example_sensors.py for tasks to queue
[2025-04-25T10:56:53.902+0000] {logging_mixin.py:190} INFO - [2025-04-25T10:56:53.902+0000] {dagbag.py:588} INFO - Filling up the DagBag from /home/airflow/.local/lib/python3.12/site-packages/airflow/example_dags/example_sensors.py
[2025-04-25T10:56:53.919+0000] {processor.py:925} INFO - DAG(s) 'example_sensors' retrieved from /home/airflow/.local/lib/python3.12/site-packages/airflow/example_dags/example_sensors.py
[2025-04-25T10:56:53.975+0000] {logging_mixin.py:190} INFO - [2025-04-25T10:56:53.974+0000] {dag.py:3239} INFO - Sync 1 DAGs
[2025-04-25T10:56:53.998+0000] {logging_mixin.py:190} INFO - [2025-04-25T10:56:53.997+0000] {dag.py:4180} INFO - Setting next_dagrun for example_sensors to None, run_after=None
[2025-04-25T10:56:54.058+0000] {processor.py:208} INFO - Processing /home/airflow/.local/lib/python3.12/site-packages/airflow/example_dags/example_sensors.py took 0.168 seconds
[2025-04-25T10:57:24.509+0000] {processor.py:186} INFO - Started process (PID=2017) to work on /home/airflow/.local/lib/python3.12/site-packages/airflow/example_dags/example_sensors.py
[2025-04-25T10:57:24.510+0000] {processor.py:914} INFO - Processing file /home/airflow/.local/lib/python3.12/site-packages/airflow/example_dags/example_sensors.py for tasks to queue
[2025-04-25T10:57:24.512+0000] {logging_mixin.py:190} INFO - [2025-04-25T10:57:24.511+0000] {dagbag.py:588} INFO - Filling up the DagBag from /home/airflow/.local/lib/python3.12/site-packages/airflow/example_dags/example_sensors.py
[2025-04-25T10:57:24.520+0000] {processor.py:925} INFO - DAG(s) 'example_sensors' retrieved from /home/airflow/.local/lib/python3.12/site-packages/airflow/example_dags/example_sensors.py
[2025-04-25T10:57:24.538+0000] {logging_mixin.py:190} INFO - [2025-04-25T10:57:24.538+0000] {dag.py:3239} INFO - Sync 1 DAGs
[2025-04-25T10:57:24.544+0000] {logging_mixin.py:190} INFO - [2025-04-25T10:57:24.544+0000] {dag.py:4180} INFO - Setting next_dagrun for example_sensors to None, run_after=None
[2025-04-25T10:57:24.555+0000] {processor.py:208} INFO - Processing /home/airflow/.local/lib/python3.12/site-packages/airflow/example_dags/example_sensors.py took 0.058 seconds
[2025-04-25T10:57:54.914+0000] {processor.py:186} INFO - Started process (PID=2080) to work on /home/airflow/.local/lib/python3.12/site-packages/airflow/example_dags/example_sensors.py
[2025-04-25T10:57:54.918+0000] {processor.py:914} INFO - Processing file /home/airflow/.local/lib/python3.12/site-packages/airflow/example_dags/example_sensors.py for tasks to queue
[2025-04-25T10:57:54.920+0000] {logging_mixin.py:190} INFO - [2025-04-25T10:57:54.920+0000] {dagbag.py:588} INFO - Filling up the DagBag from /home/airflow/.local/lib/python3.12/site-packages/airflow/example_dags/example_sensors.py
[2025-04-25T10:57:54.934+0000] {processor.py:925} INFO - DAG(s) 'example_sensors' retrieved from /home/airflow/.local/lib/python3.12/site-packages/airflow/example_dags/example_sensors.py
[2025-04-25T10:57:54.958+0000] {logging_mixin.py:190} INFO - [2025-04-25T10:57:54.958+0000] {dag.py:3239} INFO - Sync 1 DAGs
[2025-04-25T10:57:54.977+0000] {logging_mixin.py:190} INFO - [2025-04-25T10:57:54.977+0000] {dag.py:4180} INFO - Setting next_dagrun for example_sensors to None, run_after=None
[2025-04-25T10:57:54.993+0000] {processor.py:208} INFO - Processing /home/airflow/.local/lib/python3.12/site-packages/airflow/example_dags/example_sensors.py took 0.083 seconds
[2025-04-25T10:58:25.181+0000] {processor.py:186} INFO - Started process (PID=2143) to work on /home/airflow/.local/lib/python3.12/site-packages/airflow/example_dags/example_sensors.py
[2025-04-25T10:58:25.182+0000] {processor.py:914} INFO - Processing file /home/airflow/.local/lib/python3.12/site-packages/airflow/example_dags/example_sensors.py for tasks to queue
[2025-04-25T10:58:25.183+0000] {logging_mixin.py:190} INFO - [2025-04-25T10:58:25.183+0000] {dagbag.py:588} INFO - Filling up the DagBag from /home/airflow/.local/lib/python3.12/site-packages/airflow/example_dags/example_sensors.py
[2025-04-25T10:58:25.193+0000] {processor.py:925} INFO - DAG(s) 'example_sensors' retrieved from /home/airflow/.local/lib/python3.12/site-packages/airflow/example_dags/example_sensors.py
[2025-04-25T10:58:25.213+0000] {logging_mixin.py:190} INFO - [2025-04-25T10:58:25.213+0000] {dag.py:3239} INFO - Sync 1 DAGs
[2025-04-25T10:58:25.220+0000] {logging_mixin.py:190} INFO - [2025-04-25T10:58:25.220+0000] {dag.py:4180} INFO - Setting next_dagrun for example_sensors to None, run_after=None
[2025-04-25T10:58:25.232+0000] {processor.py:208} INFO - Processing /home/airflow/.local/lib/python3.12/site-packages/airflow/example_dags/example_sensors.py took 0.053 seconds
[2025-04-25T10:58:55.927+0000] {processor.py:186} INFO - Started process (PID=2206) to work on /home/airflow/.local/lib/python3.12/site-packages/airflow/example_dags/example_sensors.py
[2025-04-25T10:58:55.929+0000] {processor.py:914} INFO - Processing file /home/airflow/.local/lib/python3.12/site-packages/airflow/example_dags/example_sensors.py for tasks to queue
[2025-04-25T10:58:55.930+0000] {logging_mixin.py:190} INFO - [2025-04-25T10:58:55.930+0000] {dagbag.py:588} INFO - Filling up the DagBag from /home/airflow/.local/lib/python3.12/site-packages/airflow/example_dags/example_sensors.py
[2025-04-25T10:58:55.942+0000] {processor.py:925} INFO - DAG(s) 'example_sensors' retrieved from /home/airflow/.local/lib/python3.12/site-packages/airflow/example_dags/example_sensors.py
[2025-04-25T10:58:55.957+0000] {logging_mixin.py:190} INFO - [2025-04-25T10:58:55.957+0000] {dag.py:3239} INFO - Sync 1 DAGs
[2025-04-25T10:58:55.964+0000] {logging_mixin.py:190} INFO - [2025-04-25T10:58:55.964+0000] {dag.py:4180} INFO - Setting next_dagrun for example_sensors to None, run_after=None
[2025-04-25T10:58:55.973+0000] {processor.py:208} INFO - Processing /home/airflow/.local/lib/python3.12/site-packages/airflow/example_dags/example_sensors.py took 0.050 seconds
[2025-04-25T10:59:26.183+0000] {processor.py:186} INFO - Started process (PID=2269) to work on /home/airflow/.local/lib/python3.12/site-packages/airflow/example_dags/example_sensors.py
[2025-04-25T10:59:26.184+0000] {processor.py:914} INFO - Processing file /home/airflow/.local/lib/python3.12/site-packages/airflow/example_dags/example_sensors.py for tasks to queue
[2025-04-25T10:59:26.187+0000] {logging_mixin.py:190} INFO - [2025-04-25T10:59:26.186+0000] {dagbag.py:588} INFO - Filling up the DagBag from /home/airflow/.local/lib/python3.12/site-packages/airflow/example_dags/example_sensors.py
[2025-04-25T10:59:26.195+0000] {processor.py:925} INFO - DAG(s) 'example_sensors' retrieved from /home/airflow/.local/lib/python3.12/site-packages/airflow/example_dags/example_sensors.py
[2025-04-25T10:59:26.212+0000] {logging_mixin.py:190} INFO - [2025-04-25T10:59:26.212+0000] {dag.py:3239} INFO - Sync 1 DAGs
[2025-04-25T10:59:26.220+0000] {logging_mixin.py:190} INFO - [2025-04-25T10:59:26.220+0000] {dag.py:4180} INFO - Setting next_dagrun for example_sensors to None, run_after=None
[2025-04-25T10:59:26.232+0000] {processor.py:208} INFO - Processing /home/airflow/.local/lib/python3.12/site-packages/airflow/example_dags/example_sensors.py took 0.053 seconds
[2025-04-25T10:59:59.700+0000] {processor.py:186} INFO - Started process (PID=2332) to work on /home/airflow/.local/lib/python3.12/site-packages/airflow/example_dags/example_sensors.py
[2025-04-25T10:59:59.705+0000] {processor.py:914} INFO - Processing file /home/airflow/.local/lib/python3.12/site-packages/airflow/example_dags/example_sensors.py for tasks to queue
[2025-04-25T10:59:59.710+0000] {logging_mixin.py:190} INFO - [2025-04-25T10:59:59.709+0000] {dagbag.py:588} INFO - Filling up the DagBag from /home/airflow/.local/lib/python3.12/site-packages/airflow/example_dags/example_sensors.py
[2025-04-25T10:59:59.731+0000] {processor.py:925} INFO - DAG(s) 'example_sensors' retrieved from /home/airflow/.local/lib/python3.12/site-packages/airflow/example_dags/example_sensors.py
[2025-04-25T10:59:59.773+0000] {logging_mixin.py:190} INFO - [2025-04-25T10:59:59.773+0000] {dag.py:3239} INFO - Sync 1 DAGs
[2025-04-25T10:59:59.795+0000] {logging_mixin.py:190} INFO - [2025-04-25T10:59:59.795+0000] {dag.py:4180} INFO - Setting next_dagrun for example_sensors to None, run_after=None
[2025-04-25T10:59:59.834+0000] {processor.py:208} INFO - Processing /home/airflow/.local/lib/python3.12/site-packages/airflow/example_dags/example_sensors.py took 0.145 seconds
[2025-04-25T11:00:29.939+0000] {processor.py:186} INFO - Started process (PID=2395) to work on /home/airflow/.local/lib/python3.12/site-packages/airflow/example_dags/example_sensors.py
[2025-04-25T11:00:29.941+0000] {processor.py:914} INFO - Processing file /home/airflow/.local/lib/python3.12/site-packages/airflow/example_dags/example_sensors.py for tasks to queue
[2025-04-25T11:00:29.943+0000] {logging_mixin.py:190} INFO - [2025-04-25T11:00:29.943+0000] {dagbag.py:588} INFO - Filling up the DagBag from /home/airflow/.local/lib/python3.12/site-packages/airflow/example_dags/example_sensors.py
[2025-04-25T11:00:29.960+0000] {processor.py:925} INFO - DAG(s) 'example_sensors' retrieved from /home/airflow/.local/lib/python3.12/site-packages/airflow/example_dags/example_sensors.py
[2025-04-25T11:00:29.976+0000] {logging_mixin.py:190} INFO - [2025-04-25T11:00:29.976+0000] {dag.py:3239} INFO - Sync 1 DAGs
[2025-04-25T11:00:29.985+0000] {logging_mixin.py:190} INFO - [2025-04-25T11:00:29.985+0000] {dag.py:4180} INFO - Setting next_dagrun for example_sensors to None, run_after=None
[2025-04-25T11:00:29.998+0000] {processor.py:208} INFO - Processing /home/airflow/.local/lib/python3.12/site-packages/airflow/example_dags/example_sensors.py took 0.063 seconds
[2025-04-25T11:01:00.881+0000] {processor.py:186} INFO - Started process (PID=2457) to work on /home/airflow/.local/lib/python3.12/site-packages/airflow/example_dags/example_sensors.py
[2025-04-25T11:01:00.884+0000] {processor.py:914} INFO - Processing file /home/airflow/.local/lib/python3.12/site-packages/airflow/example_dags/example_sensors.py for tasks to queue
[2025-04-25T11:01:00.886+0000] {logging_mixin.py:190} INFO - [2025-04-25T11:01:00.886+0000] {dagbag.py:588} INFO - Filling up the DagBag from /home/airflow/.local/lib/python3.12/site-packages/airflow/example_dags/example_sensors.py
[2025-04-25T11:01:00.898+0000] {processor.py:925} INFO - DAG(s) 'example_sensors' retrieved from /home/airflow/.local/lib/python3.12/site-packages/airflow/example_dags/example_sensors.py
[2025-04-25T11:01:00.914+0000] {logging_mixin.py:190} INFO - [2025-04-25T11:01:00.914+0000] {dag.py:3239} INFO - Sync 1 DAGs
[2025-04-25T11:01:00.920+0000] {logging_mixin.py:190} INFO - [2025-04-25T11:01:00.920+0000] {dag.py:4180} INFO - Setting next_dagrun for example_sensors to None, run_after=None
[2025-04-25T11:01:00.929+0000] {processor.py:208} INFO - Processing /home/airflow/.local/lib/python3.12/site-packages/airflow/example_dags/example_sensors.py took 0.052 seconds
[2025-04-25T11:01:31.069+0000] {processor.py:186} INFO - Started process (PID=2519) to work on /home/airflow/.local/lib/python3.12/site-packages/airflow/example_dags/example_sensors.py
[2025-04-25T11:01:31.071+0000] {processor.py:914} INFO - Processing file /home/airflow/.local/lib/python3.12/site-packages/airflow/example_dags/example_sensors.py for tasks to queue
[2025-04-25T11:01:31.073+0000] {logging_mixin.py:190} INFO - [2025-04-25T11:01:31.073+0000] {dagbag.py:588} INFO - Filling up the DagBag from /home/airflow/.local/lib/python3.12/site-packages/airflow/example_dags/example_sensors.py
[2025-04-25T11:01:31.091+0000] {processor.py:925} INFO - DAG(s) 'example_sensors' retrieved from /home/airflow/.local/lib/python3.12/site-packages/airflow/example_dags/example_sensors.py
[2025-04-25T11:01:31.109+0000] {logging_mixin.py:190} INFO - [2025-04-25T11:01:31.109+0000] {dag.py:3239} INFO - Sync 1 DAGs
[2025-04-25T11:01:31.173+0000] {logging_mixin.py:190} INFO - [2025-04-25T11:01:31.172+0000] {dag.py:4180} INFO - Setting next_dagrun for example_sensors to None, run_after=None
[2025-04-25T11:01:31.290+0000] {processor.py:208} INFO - Processing /home/airflow/.local/lib/python3.12/site-packages/airflow/example_dags/example_sensors.py took 0.225 seconds
[2025-04-25T11:02:01.853+0000] {processor.py:186} INFO - Started process (PID=2581) to work on /home/airflow/.local/lib/python3.12/site-packages/airflow/example_dags/example_sensors.py
[2025-04-25T11:02:01.854+0000] {processor.py:914} INFO - Processing file /home/airflow/.local/lib/python3.12/site-packages/airflow/example_dags/example_sensors.py for tasks to queue
[2025-04-25T11:02:01.856+0000] {logging_mixin.py:190} INFO - [2025-04-25T11:02:01.856+0000] {dagbag.py:588} INFO - Filling up the DagBag from /home/airflow/.local/lib/python3.12/site-packages/airflow/example_dags/example_sensors.py
[2025-04-25T11:02:01.862+0000] {processor.py:925} INFO - DAG(s) 'example_sensors' retrieved from /home/airflow/.local/lib/python3.12/site-packages/airflow/example_dags/example_sensors.py
[2025-04-25T11:02:01.878+0000] {logging_mixin.py:190} INFO - [2025-04-25T11:02:01.878+0000] {dag.py:3239} INFO - Sync 1 DAGs
[2025-04-25T11:02:01.884+0000] {logging_mixin.py:190} INFO - [2025-04-25T11:02:01.884+0000] {dag.py:4180} INFO - Setting next_dagrun for example_sensors to None, run_after=None
[2025-04-25T11:02:01.893+0000] {processor.py:208} INFO - Processing /home/airflow/.local/lib/python3.12/site-packages/airflow/example_dags/example_sensors.py took 0.042 seconds
[2025-04-25T11:02:32.699+0000] {processor.py:186} INFO - Started process (PID=2644) to work on /home/airflow/.local/lib/python3.12/site-packages/airflow/example_dags/example_sensors.py
[2025-04-25T11:02:32.700+0000] {processor.py:914} INFO - Processing file /home/airflow/.local/lib/python3.12/site-packages/airflow/example_dags/example_sensors.py for tasks to queue
[2025-04-25T11:02:32.701+0000] {logging_mixin.py:190} INFO - [2025-04-25T11:02:32.701+0000] {dagbag.py:588} INFO - Filling up the DagBag from /home/airflow/.local/lib/python3.12/site-packages/airflow/example_dags/example_sensors.py
[2025-04-25T11:02:32.713+0000] {processor.py:925} INFO - DAG(s) 'example_sensors' retrieved from /home/airflow/.local/lib/python3.12/site-packages/airflow/example_dags/example_sensors.py
[2025-04-25T11:02:32.736+0000] {logging_mixin.py:190} INFO - [2025-04-25T11:02:32.736+0000] {dag.py:3239} INFO - Sync 1 DAGs
[2025-04-25T11:02:32.750+0000] {logging_mixin.py:190} INFO - [2025-04-25T11:02:32.750+0000] {dag.py:4180} INFO - Setting next_dagrun for example_sensors to None, run_after=None
[2025-04-25T11:02:32.760+0000] {processor.py:208} INFO - Processing /home/airflow/.local/lib/python3.12/site-packages/airflow/example_dags/example_sensors.py took 0.064 seconds
[2025-04-25T11:06:12.628+0000] {processor.py:186} INFO - Started process (PID=2747) to work on /home/airflow/.local/lib/python3.12/site-packages/airflow/example_dags/example_sensors.py
[2025-04-25T11:06:12.654+0000] {processor.py:914} INFO - Processing file /home/airflow/.local/lib/python3.12/site-packages/airflow/example_dags/example_sensors.py for tasks to queue
[2025-04-25T11:06:12.656+0000] {logging_mixin.py:190} INFO - [2025-04-25T11:06:12.655+0000] {dagbag.py:588} INFO - Filling up the DagBag from /home/airflow/.local/lib/python3.12/site-packages/airflow/example_dags/example_sensors.py
[2025-04-25T11:06:13.129+0000] {processor.py:925} INFO - DAG(s) 'example_sensors' retrieved from /home/airflow/.local/lib/python3.12/site-packages/airflow/example_dags/example_sensors.py
[2025-04-25T11:06:17.244+0000] {logging_mixin.py:190} INFO - [2025-04-25T11:06:17.216+0000] {dag.py:3239} INFO - Sync 1 DAGs
[2025-04-25T11:06:17.724+0000] {logging_mixin.py:190} INFO - [2025-04-25T11:06:17.724+0000] {dag.py:4180} INFO - Setting next_dagrun for example_sensors to None, run_after=None
[2025-04-25T11:06:18.302+0000] {processor.py:208} INFO - Processing /home/airflow/.local/lib/python3.12/site-packages/airflow/example_dags/example_sensors.py took 5.879 seconds
[2025-04-25T11:12:31.302+0000] {processor.py:186} INFO - Started process (PID=2849) to work on /home/airflow/.local/lib/python3.12/site-packages/airflow/example_dags/example_sensors.py
[2025-04-25T11:12:31.317+0000] {processor.py:914} INFO - Processing file /home/airflow/.local/lib/python3.12/site-packages/airflow/example_dags/example_sensors.py for tasks to queue
[2025-04-25T11:12:31.335+0000] {logging_mixin.py:190} INFO - [2025-04-25T11:12:31.328+0000] {dagbag.py:588} INFO - Filling up the DagBag from /home/airflow/.local/lib/python3.12/site-packages/airflow/example_dags/example_sensors.py
[2025-04-25T11:12:31.563+0000] {processor.py:925} INFO - DAG(s) 'example_sensors' retrieved from /home/airflow/.local/lib/python3.12/site-packages/airflow/example_dags/example_sensors.py
[2025-04-25T11:12:32.478+0000] {logging_mixin.py:190} INFO - [2025-04-25T11:12:32.434+0000] {dag.py:3239} INFO - Sync 1 DAGs
[2025-04-25T11:17:33.894+0000] {processor.py:186} INFO - Started process (PID=2927) to work on /home/airflow/.local/lib/python3.12/site-packages/airflow/example_dags/example_sensors.py
[2025-04-25T11:17:33.928+0000] {processor.py:914} INFO - Processing file /home/airflow/.local/lib/python3.12/site-packages/airflow/example_dags/example_sensors.py for tasks to queue
[2025-04-25T11:17:33.959+0000] {logging_mixin.py:190} INFO - [2025-04-25T11:17:33.958+0000] {dagbag.py:588} INFO - Filling up the DagBag from /home/airflow/.local/lib/python3.12/site-packages/airflow/example_dags/example_sensors.py
[2025-04-25T11:17:34.905+0000] {processor.py:925} INFO - DAG(s) 'example_sensors' retrieved from /home/airflow/.local/lib/python3.12/site-packages/airflow/example_dags/example_sensors.py
[2025-04-25T11:17:43.213+0000] {logging_mixin.py:190} INFO - [2025-04-25T11:17:43.184+0000] {dag.py:3239} INFO - Sync 1 DAGs
[2025-04-25T11:17:43.872+0000] {logging_mixin.py:190} INFO - [2025-04-25T11:17:43.860+0000] {dag.py:4180} INFO - Setting next_dagrun for example_sensors to None, run_after=None
[2025-04-25T11:17:47.700+0000] {processor.py:208} INFO - Processing /home/airflow/.local/lib/python3.12/site-packages/airflow/example_dags/example_sensors.py took 13.872 seconds
[2025-04-25T11:20:47.903+0000] {processor.py:186} INFO - Started process (PID=3017) to work on /home/airflow/.local/lib/python3.12/site-packages/airflow/example_dags/example_sensors.py
[2025-04-25T11:20:47.925+0000] {processor.py:914} INFO - Processing file /home/airflow/.local/lib/python3.12/site-packages/airflow/example_dags/example_sensors.py for tasks to queue
[2025-04-25T11:20:47.965+0000] {logging_mixin.py:190} INFO - [2025-04-25T11:20:47.962+0000] {dagbag.py:588} INFO - Filling up the DagBag from /home/airflow/.local/lib/python3.12/site-packages/airflow/example_dags/example_sensors.py
[2025-04-25T11:20:48.305+0000] {processor.py:925} INFO - DAG(s) 'example_sensors' retrieved from /home/airflow/.local/lib/python3.12/site-packages/airflow/example_dags/example_sensors.py
[2025-04-25T11:20:48.934+0000] {logging_mixin.py:190} INFO - [2025-04-25T11:20:48.928+0000] {dag.py:3239} INFO - Sync 1 DAGs
[2025-04-25T11:20:49.164+0000] {logging_mixin.py:190} INFO - [2025-04-25T11:20:49.163+0000] {dag.py:4180} INFO - Setting next_dagrun for example_sensors to None, run_after=None
[2025-04-25T11:20:49.425+0000] {processor.py:208} INFO - Processing /home/airflow/.local/lib/python3.12/site-packages/airflow/example_dags/example_sensors.py took 1.581 seconds
[2025-04-25T11:21:20.485+0000] {processor.py:186} INFO - Started process (PID=3080) to work on /home/airflow/.local/lib/python3.12/site-packages/airflow/example_dags/example_sensors.py
[2025-04-25T11:21:20.488+0000] {processor.py:914} INFO - Processing file /home/airflow/.local/lib/python3.12/site-packages/airflow/example_dags/example_sensors.py for tasks to queue
[2025-04-25T11:21:20.496+0000] {logging_mixin.py:190} INFO - [2025-04-25T11:21:20.493+0000] {dagbag.py:588} INFO - Filling up the DagBag from /home/airflow/.local/lib/python3.12/site-packages/airflow/example_dags/example_sensors.py
[2025-04-25T11:21:20.564+0000] {processor.py:925} INFO - DAG(s) 'example_sensors' retrieved from /home/airflow/.local/lib/python3.12/site-packages/airflow/example_dags/example_sensors.py
[2025-04-25T11:21:20.658+0000] {logging_mixin.py:190} INFO - [2025-04-25T11:21:20.658+0000] {dag.py:3239} INFO - Sync 1 DAGs
[2025-04-25T11:21:20.698+0000] {logging_mixin.py:190} INFO - [2025-04-25T11:21:20.698+0000] {dag.py:4180} INFO - Setting next_dagrun for example_sensors to None, run_after=None
[2025-04-25T11:21:20.738+0000] {processor.py:208} INFO - Processing /home/airflow/.local/lib/python3.12/site-packages/airflow/example_dags/example_sensors.py took 0.264 seconds
[2025-04-25T11:21:51.334+0000] {processor.py:186} INFO - Started process (PID=3143) to work on /home/airflow/.local/lib/python3.12/site-packages/airflow/example_dags/example_sensors.py
[2025-04-25T11:21:51.339+0000] {processor.py:914} INFO - Processing file /home/airflow/.local/lib/python3.12/site-packages/airflow/example_dags/example_sensors.py for tasks to queue
[2025-04-25T11:21:51.343+0000] {logging_mixin.py:190} INFO - [2025-04-25T11:21:51.343+0000] {dagbag.py:588} INFO - Filling up the DagBag from /home/airflow/.local/lib/python3.12/site-packages/airflow/example_dags/example_sensors.py
[2025-04-25T11:21:51.409+0000] {processor.py:925} INFO - DAG(s) 'example_sensors' retrieved from /home/airflow/.local/lib/python3.12/site-packages/airflow/example_dags/example_sensors.py
[2025-04-25T11:21:51.544+0000] {logging_mixin.py:190} INFO - [2025-04-25T11:21:51.540+0000] {dag.py:3239} INFO - Sync 1 DAGs
[2025-04-25T11:21:51.586+0000] {logging_mixin.py:190} INFO - [2025-04-25T11:21:51.586+0000] {dag.py:4180} INFO - Setting next_dagrun for example_sensors to None, run_after=None
[2025-04-25T11:21:51.709+0000] {processor.py:208} INFO - Processing /home/airflow/.local/lib/python3.12/site-packages/airflow/example_dags/example_sensors.py took 0.446 seconds
[2025-04-25T11:22:24.509+0000] {processor.py:186} INFO - Started process (PID=3205) to work on /home/airflow/.local/lib/python3.12/site-packages/airflow/example_dags/example_sensors.py
[2025-04-25T11:22:24.597+0000] {processor.py:914} INFO - Processing file /home/airflow/.local/lib/python3.12/site-packages/airflow/example_dags/example_sensors.py for tasks to queue
[2025-04-25T11:22:24.618+0000] {logging_mixin.py:190} INFO - [2025-04-25T11:22:24.614+0000] {dagbag.py:588} INFO - Filling up the DagBag from /home/airflow/.local/lib/python3.12/site-packages/airflow/example_dags/example_sensors.py
[2025-04-25T11:22:24.812+0000] {processor.py:925} INFO - DAG(s) 'example_sensors' retrieved from /home/airflow/.local/lib/python3.12/site-packages/airflow/example_dags/example_sensors.py
[2025-04-25T11:22:25.177+0000] {logging_mixin.py:190} INFO - [2025-04-25T11:22:25.173+0000] {dag.py:3239} INFO - Sync 1 DAGs
[2025-04-25T11:22:25.429+0000] {logging_mixin.py:190} INFO - [2025-04-25T11:22:25.428+0000] {dag.py:4180} INFO - Setting next_dagrun for example_sensors to None, run_after=None
[2025-04-25T11:22:25.818+0000] {processor.py:208} INFO - Processing /home/airflow/.local/lib/python3.12/site-packages/airflow/example_dags/example_sensors.py took 1.338 seconds
[2025-04-25T11:23:21.810+0000] {processor.py:186} INFO - Started process (PID=3257) to work on /home/airflow/.local/lib/python3.12/site-packages/airflow/example_dags/example_sensors.py
[2025-04-25T11:23:21.831+0000] {processor.py:914} INFO - Processing file /home/airflow/.local/lib/python3.12/site-packages/airflow/example_dags/example_sensors.py for tasks to queue
[2025-04-25T11:23:21.836+0000] {logging_mixin.py:190} INFO - [2025-04-25T11:23:21.836+0000] {dagbag.py:588} INFO - Filling up the DagBag from /home/airflow/.local/lib/python3.12/site-packages/airflow/example_dags/example_sensors.py
[2025-04-25T11:23:21.867+0000] {processor.py:925} INFO - DAG(s) 'example_sensors' retrieved from /home/airflow/.local/lib/python3.12/site-packages/airflow/example_dags/example_sensors.py
[2025-04-25T11:23:21.942+0000] {logging_mixin.py:190} INFO - [2025-04-25T11:23:21.942+0000] {dag.py:3239} INFO - Sync 1 DAGs
[2025-04-25T11:23:21.990+0000] {logging_mixin.py:190} INFO - [2025-04-25T11:23:21.989+0000] {dag.py:4180} INFO - Setting next_dagrun for example_sensors to None, run_after=None
[2025-04-25T11:23:22.013+0000] {processor.py:208} INFO - Processing /home/airflow/.local/lib/python3.12/site-packages/airflow/example_dags/example_sensors.py took 0.210 seconds
[2025-04-25T11:23:53.786+0000] {processor.py:186} INFO - Started process (PID=3320) to work on /home/airflow/.local/lib/python3.12/site-packages/airflow/example_dags/example_sensors.py
[2025-04-25T11:23:53.789+0000] {processor.py:914} INFO - Processing file /home/airflow/.local/lib/python3.12/site-packages/airflow/example_dags/example_sensors.py for tasks to queue
[2025-04-25T11:23:53.795+0000] {logging_mixin.py:190} INFO - [2025-04-25T11:23:53.795+0000] {dagbag.py:588} INFO - Filling up the DagBag from /home/airflow/.local/lib/python3.12/site-packages/airflow/example_dags/example_sensors.py
[2025-04-25T11:23:53.819+0000] {processor.py:925} INFO - DAG(s) 'example_sensors' retrieved from /home/airflow/.local/lib/python3.12/site-packages/airflow/example_dags/example_sensors.py
[2025-04-25T11:23:53.951+0000] {logging_mixin.py:190} INFO - [2025-04-25T11:23:53.950+0000] {dag.py:3239} INFO - Sync 1 DAGs
[2025-04-25T11:23:54.003+0000] {logging_mixin.py:190} INFO - [2025-04-25T11:23:54.002+0000] {dag.py:4180} INFO - Setting next_dagrun for example_sensors to None, run_after=None
[2025-04-25T11:23:54.034+0000] {processor.py:208} INFO - Processing /home/airflow/.local/lib/python3.12/site-packages/airflow/example_dags/example_sensors.py took 0.254 seconds
