[2025-04-25T10:41:21.518+0000] {processor.py:186} INFO - Started process (PID=100) to work on /home/airflow/.local/lib/python3.12/site-packages/airflow/example_dags/example_bash_operator.py
[2025-04-25T10:41:21.519+0000] {processor.py:914} INFO - Processing file /home/airflow/.local/lib/python3.12/site-packages/airflow/example_dags/example_bash_operator.py for tasks to queue
[2025-04-25T10:41:21.522+0000] {logging_mixin.py:190} INFO - [2025-04-25T10:41:21.521+0000] {dagbag.py:588} INFO - Filling up the DagBag from /home/airflow/.local/lib/python3.12/site-packages/airflow/example_dags/example_bash_operator.py
[2025-04-25T10:41:21.537+0000] {processor.py:925} INFO - DAG(s) 'example_bash_operator' retrieved from /home/airflow/.local/lib/python3.12/site-packages/airflow/example_dags/example_bash_operator.py
[2025-04-25T10:41:21.629+0000] {logging_mixin.py:190} INFO - [2025-04-25T10:41:21.629+0000] {dag.py:3239} INFO - Sync 1 DAGs
[2025-04-25T10:41:21.659+0000] {logging_mixin.py:190} INFO - [2025-04-25T10:41:21.659+0000] {dag.py:4180} INFO - Setting next_dagrun for example_bash_operator to 2025-04-24 00:00:00+00:00, run_after=2025-04-25 00:00:00+00:00
[2025-04-25T10:41:21.675+0000] {processor.py:208} INFO - Processing /home/airflow/.local/lib/python3.12/site-packages/airflow/example_dags/example_bash_operator.py took 0.173 seconds
[2025-04-25T10:41:51.795+0000] {processor.py:186} INFO - Started process (PID=163) to work on /home/airflow/.local/lib/python3.12/site-packages/airflow/example_dags/example_bash_operator.py
[2025-04-25T10:41:51.797+0000] {processor.py:914} INFO - Processing file /home/airflow/.local/lib/python3.12/site-packages/airflow/example_dags/example_bash_operator.py for tasks to queue
[2025-04-25T10:41:51.801+0000] {logging_mixin.py:190} INFO - [2025-04-25T10:41:51.801+0000] {dagbag.py:588} INFO - Filling up the DagBag from /home/airflow/.local/lib/python3.12/site-packages/airflow/example_dags/example_bash_operator.py
[2025-04-25T10:41:51.814+0000] {processor.py:925} INFO - DAG(s) 'example_bash_operator' retrieved from /home/airflow/.local/lib/python3.12/site-packages/airflow/example_dags/example_bash_operator.py
[2025-04-25T10:41:51.828+0000] {logging_mixin.py:190} INFO - [2025-04-25T10:41:51.828+0000] {dag.py:3239} INFO - Sync 1 DAGs
[2025-04-25T10:41:51.876+0000] {logging_mixin.py:190} INFO - [2025-04-25T10:41:51.874+0000] {dag.py:4180} INFO - Setting next_dagrun for example_bash_operator to 2025-04-24 00:00:00+00:00, run_after=2025-04-25 00:00:00+00:00
[2025-04-25T10:41:51.906+0000] {processor.py:208} INFO - Processing /home/airflow/.local/lib/python3.12/site-packages/airflow/example_dags/example_bash_operator.py took 0.120 seconds
[2025-04-25T10:42:22.893+0000] {processor.py:186} INFO - Started process (PID=226) to work on /home/airflow/.local/lib/python3.12/site-packages/airflow/example_dags/example_bash_operator.py
[2025-04-25T10:42:22.893+0000] {processor.py:914} INFO - Processing file /home/airflow/.local/lib/python3.12/site-packages/airflow/example_dags/example_bash_operator.py for tasks to queue
[2025-04-25T10:42:22.894+0000] {logging_mixin.py:190} INFO - [2025-04-25T10:42:22.894+0000] {dagbag.py:588} INFO - Filling up the DagBag from /home/airflow/.local/lib/python3.12/site-packages/airflow/example_dags/example_bash_operator.py
[2025-04-25T10:42:22.901+0000] {processor.py:925} INFO - DAG(s) 'example_bash_operator' retrieved from /home/airflow/.local/lib/python3.12/site-packages/airflow/example_dags/example_bash_operator.py
[2025-04-25T10:42:22.913+0000] {logging_mixin.py:190} INFO - [2025-04-25T10:42:22.912+0000] {dag.py:3239} INFO - Sync 1 DAGs
[2025-04-25T10:42:22.922+0000] {logging_mixin.py:190} INFO - [2025-04-25T10:42:22.922+0000] {dag.py:4180} INFO - Setting next_dagrun for example_bash_operator to 2025-04-24 00:00:00+00:00, run_after=2025-04-25 00:00:00+00:00
[2025-04-25T10:42:22.929+0000] {processor.py:208} INFO - Processing /home/airflow/.local/lib/python3.12/site-packages/airflow/example_dags/example_bash_operator.py took 0.039 seconds
[2025-04-25T10:42:54.381+0000] {processor.py:186} INFO - Started process (PID=290) to work on /home/airflow/.local/lib/python3.12/site-packages/airflow/example_dags/example_bash_operator.py
[2025-04-25T10:42:54.382+0000] {processor.py:914} INFO - Processing file /home/airflow/.local/lib/python3.12/site-packages/airflow/example_dags/example_bash_operator.py for tasks to queue
[2025-04-25T10:42:54.383+0000] {logging_mixin.py:190} INFO - [2025-04-25T10:42:54.383+0000] {dagbag.py:588} INFO - Filling up the DagBag from /home/airflow/.local/lib/python3.12/site-packages/airflow/example_dags/example_bash_operator.py
[2025-04-25T10:42:54.396+0000] {processor.py:925} INFO - DAG(s) 'example_bash_operator' retrieved from /home/airflow/.local/lib/python3.12/site-packages/airflow/example_dags/example_bash_operator.py
[2025-04-25T10:42:54.412+0000] {logging_mixin.py:190} INFO - [2025-04-25T10:42:54.412+0000] {dag.py:3239} INFO - Sync 1 DAGs
[2025-04-25T10:42:54.424+0000] {logging_mixin.py:190} INFO - [2025-04-25T10:42:54.424+0000] {dag.py:4180} INFO - Setting next_dagrun for example_bash_operator to 2025-04-24 00:00:00+00:00, run_after=2025-04-25 00:00:00+00:00
[2025-04-25T10:42:54.434+0000] {processor.py:208} INFO - Processing /home/airflow/.local/lib/python3.12/site-packages/airflow/example_dags/example_bash_operator.py took 0.056 seconds
[2025-04-25T10:43:25.992+0000] {processor.py:186} INFO - Started process (PID=353) to work on /home/airflow/.local/lib/python3.12/site-packages/airflow/example_dags/example_bash_operator.py
[2025-04-25T10:43:25.993+0000] {processor.py:914} INFO - Processing file /home/airflow/.local/lib/python3.12/site-packages/airflow/example_dags/example_bash_operator.py for tasks to queue
[2025-04-25T10:43:25.995+0000] {logging_mixin.py:190} INFO - [2025-04-25T10:43:25.994+0000] {dagbag.py:588} INFO - Filling up the DagBag from /home/airflow/.local/lib/python3.12/site-packages/airflow/example_dags/example_bash_operator.py
[2025-04-25T10:43:26.002+0000] {processor.py:925} INFO - DAG(s) 'example_bash_operator' retrieved from /home/airflow/.local/lib/python3.12/site-packages/airflow/example_dags/example_bash_operator.py
[2025-04-25T10:43:26.018+0000] {logging_mixin.py:190} INFO - [2025-04-25T10:43:26.018+0000] {dag.py:3239} INFO - Sync 1 DAGs
[2025-04-25T10:43:26.030+0000] {logging_mixin.py:190} INFO - [2025-04-25T10:43:26.030+0000] {dag.py:4180} INFO - Setting next_dagrun for example_bash_operator to 2025-04-24 00:00:00+00:00, run_after=2025-04-25 00:00:00+00:00
[2025-04-25T10:43:26.039+0000] {processor.py:208} INFO - Processing /home/airflow/.local/lib/python3.12/site-packages/airflow/example_dags/example_bash_operator.py took 0.052 seconds
[2025-04-25T10:43:56.742+0000] {processor.py:186} INFO - Started process (PID=416) to work on /home/airflow/.local/lib/python3.12/site-packages/airflow/example_dags/example_bash_operator.py
[2025-04-25T10:43:56.743+0000] {processor.py:914} INFO - Processing file /home/airflow/.local/lib/python3.12/site-packages/airflow/example_dags/example_bash_operator.py for tasks to queue
[2025-04-25T10:43:56.744+0000] {logging_mixin.py:190} INFO - [2025-04-25T10:43:56.744+0000] {dagbag.py:588} INFO - Filling up the DagBag from /home/airflow/.local/lib/python3.12/site-packages/airflow/example_dags/example_bash_operator.py
[2025-04-25T10:43:56.750+0000] {processor.py:925} INFO - DAG(s) 'example_bash_operator' retrieved from /home/airflow/.local/lib/python3.12/site-packages/airflow/example_dags/example_bash_operator.py
[2025-04-25T10:43:56.760+0000] {logging_mixin.py:190} INFO - [2025-04-25T10:43:56.760+0000] {dag.py:3239} INFO - Sync 1 DAGs
[2025-04-25T10:43:56.769+0000] {logging_mixin.py:190} INFO - [2025-04-25T10:43:56.769+0000] {dag.py:4180} INFO - Setting next_dagrun for example_bash_operator to 2025-04-24 00:00:00+00:00, run_after=2025-04-25 00:00:00+00:00
[2025-04-25T10:43:56.780+0000] {processor.py:208} INFO - Processing /home/airflow/.local/lib/python3.12/site-packages/airflow/example_dags/example_bash_operator.py took 0.040 seconds
[2025-04-25T10:44:28.817+0000] {processor.py:186} INFO - Started process (PID=479) to work on /home/airflow/.local/lib/python3.12/site-packages/airflow/example_dags/example_bash_operator.py
[2025-04-25T10:44:28.820+0000] {processor.py:914} INFO - Processing file /home/airflow/.local/lib/python3.12/site-packages/airflow/example_dags/example_bash_operator.py for tasks to queue
[2025-04-25T10:44:28.825+0000] {logging_mixin.py:190} INFO - [2025-04-25T10:44:28.824+0000] {dagbag.py:588} INFO - Filling up the DagBag from /home/airflow/.local/lib/python3.12/site-packages/airflow/example_dags/example_bash_operator.py
[2025-04-25T10:44:28.848+0000] {processor.py:925} INFO - DAG(s) 'example_bash_operator' retrieved from /home/airflow/.local/lib/python3.12/site-packages/airflow/example_dags/example_bash_operator.py
[2025-04-25T10:44:28.868+0000] {logging_mixin.py:190} INFO - [2025-04-25T10:44:28.867+0000] {dag.py:3239} INFO - Sync 1 DAGs
[2025-04-25T10:44:28.891+0000] {logging_mixin.py:190} INFO - [2025-04-25T10:44:28.890+0000] {dag.py:4180} INFO - Setting next_dagrun for example_bash_operator to 2025-04-24 00:00:00+00:00, run_after=2025-04-25 00:00:00+00:00
[2025-04-25T10:44:28.910+0000] {processor.py:208} INFO - Processing /home/airflow/.local/lib/python3.12/site-packages/airflow/example_dags/example_bash_operator.py took 0.117 seconds
[2025-04-25T10:45:00.626+0000] {processor.py:186} INFO - Started process (PID=542) to work on /home/airflow/.local/lib/python3.12/site-packages/airflow/example_dags/example_bash_operator.py
[2025-04-25T10:45:00.627+0000] {processor.py:914} INFO - Processing file /home/airflow/.local/lib/python3.12/site-packages/airflow/example_dags/example_bash_operator.py for tasks to queue
[2025-04-25T10:45:00.629+0000] {logging_mixin.py:190} INFO - [2025-04-25T10:45:00.629+0000] {dagbag.py:588} INFO - Filling up the DagBag from /home/airflow/.local/lib/python3.12/site-packages/airflow/example_dags/example_bash_operator.py
[2025-04-25T10:45:00.638+0000] {processor.py:925} INFO - DAG(s) 'example_bash_operator' retrieved from /home/airflow/.local/lib/python3.12/site-packages/airflow/example_dags/example_bash_operator.py
[2025-04-25T10:45:00.659+0000] {logging_mixin.py:190} INFO - [2025-04-25T10:45:00.658+0000] {dag.py:3239} INFO - Sync 1 DAGs
[2025-04-25T10:45:00.670+0000] {logging_mixin.py:190} INFO - [2025-04-25T10:45:00.670+0000] {dag.py:4180} INFO - Setting next_dagrun for example_bash_operator to 2025-04-24 00:00:00+00:00, run_after=2025-04-25 00:00:00+00:00
[2025-04-25T10:45:00.677+0000] {processor.py:208} INFO - Processing /home/airflow/.local/lib/python3.12/site-packages/airflow/example_dags/example_bash_operator.py took 0.057 seconds
[2025-04-25T10:45:33.000+0000] {processor.py:186} INFO - Started process (PID=604) to work on /home/airflow/.local/lib/python3.12/site-packages/airflow/example_dags/example_bash_operator.py
[2025-04-25T10:45:33.001+0000] {processor.py:914} INFO - Processing file /home/airflow/.local/lib/python3.12/site-packages/airflow/example_dags/example_bash_operator.py for tasks to queue
[2025-04-25T10:45:33.006+0000] {logging_mixin.py:190} INFO - [2025-04-25T10:45:33.005+0000] {dagbag.py:588} INFO - Filling up the DagBag from /home/airflow/.local/lib/python3.12/site-packages/airflow/example_dags/example_bash_operator.py
[2025-04-25T10:45:33.021+0000] {processor.py:925} INFO - DAG(s) 'example_bash_operator' retrieved from /home/airflow/.local/lib/python3.12/site-packages/airflow/example_dags/example_bash_operator.py
[2025-04-25T10:45:33.037+0000] {logging_mixin.py:190} INFO - [2025-04-25T10:45:33.037+0000] {dag.py:3239} INFO - Sync 1 DAGs
[2025-04-25T10:45:33.048+0000] {logging_mixin.py:190} INFO - [2025-04-25T10:45:33.048+0000] {dag.py:4180} INFO - Setting next_dagrun for example_bash_operator to 2025-04-24 00:00:00+00:00, run_after=2025-04-25 00:00:00+00:00
[2025-04-25T10:45:33.058+0000] {processor.py:208} INFO - Processing /home/airflow/.local/lib/python3.12/site-packages/airflow/example_dags/example_bash_operator.py took 0.062 seconds
[2025-04-25T10:46:04.270+0000] {processor.py:186} INFO - Started process (PID=667) to work on /home/airflow/.local/lib/python3.12/site-packages/airflow/example_dags/example_bash_operator.py
[2025-04-25T10:46:04.271+0000] {processor.py:914} INFO - Processing file /home/airflow/.local/lib/python3.12/site-packages/airflow/example_dags/example_bash_operator.py for tasks to queue
[2025-04-25T10:46:04.272+0000] {logging_mixin.py:190} INFO - [2025-04-25T10:46:04.272+0000] {dagbag.py:588} INFO - Filling up the DagBag from /home/airflow/.local/lib/python3.12/site-packages/airflow/example_dags/example_bash_operator.py
[2025-04-25T10:46:04.279+0000] {processor.py:925} INFO - DAG(s) 'example_bash_operator' retrieved from /home/airflow/.local/lib/python3.12/site-packages/airflow/example_dags/example_bash_operator.py
[2025-04-25T10:46:04.290+0000] {logging_mixin.py:190} INFO - [2025-04-25T10:46:04.290+0000] {dag.py:3239} INFO - Sync 1 DAGs
[2025-04-25T10:46:04.301+0000] {logging_mixin.py:190} INFO - [2025-04-25T10:46:04.300+0000] {dag.py:4180} INFO - Setting next_dagrun for example_bash_operator to 2025-04-24 00:00:00+00:00, run_after=2025-04-25 00:00:00+00:00
[2025-04-25T10:46:04.307+0000] {processor.py:208} INFO - Processing /home/airflow/.local/lib/python3.12/site-packages/airflow/example_dags/example_bash_operator.py took 0.040 seconds
[2025-04-25T10:46:36.844+0000] {processor.py:186} INFO - Started process (PID=730) to work on /home/airflow/.local/lib/python3.12/site-packages/airflow/example_dags/example_bash_operator.py
[2025-04-25T10:46:36.845+0000] {processor.py:914} INFO - Processing file /home/airflow/.local/lib/python3.12/site-packages/airflow/example_dags/example_bash_operator.py for tasks to queue
[2025-04-25T10:46:36.847+0000] {logging_mixin.py:190} INFO - [2025-04-25T10:46:36.846+0000] {dagbag.py:588} INFO - Filling up the DagBag from /home/airflow/.local/lib/python3.12/site-packages/airflow/example_dags/example_bash_operator.py
[2025-04-25T10:46:36.854+0000] {processor.py:925} INFO - DAG(s) 'example_bash_operator' retrieved from /home/airflow/.local/lib/python3.12/site-packages/airflow/example_dags/example_bash_operator.py
[2025-04-25T10:46:36.868+0000] {logging_mixin.py:190} INFO - [2025-04-25T10:46:36.867+0000] {dag.py:3239} INFO - Sync 1 DAGs
[2025-04-25T10:46:36.885+0000] {logging_mixin.py:190} INFO - [2025-04-25T10:46:36.885+0000] {dag.py:4180} INFO - Setting next_dagrun for example_bash_operator to 2025-04-24 00:00:00+00:00, run_after=2025-04-25 00:00:00+00:00
[2025-04-25T10:46:36.893+0000] {processor.py:208} INFO - Processing /home/airflow/.local/lib/python3.12/site-packages/airflow/example_dags/example_bash_operator.py took 0.052 seconds
[2025-04-25T10:47:07.629+0000] {processor.py:186} INFO - Started process (PID=793) to work on /home/airflow/.local/lib/python3.12/site-packages/airflow/example_dags/example_bash_operator.py
[2025-04-25T10:47:07.630+0000] {processor.py:914} INFO - Processing file /home/airflow/.local/lib/python3.12/site-packages/airflow/example_dags/example_bash_operator.py for tasks to queue
[2025-04-25T10:47:07.633+0000] {logging_mixin.py:190} INFO - [2025-04-25T10:47:07.632+0000] {dagbag.py:588} INFO - Filling up the DagBag from /home/airflow/.local/lib/python3.12/site-packages/airflow/example_dags/example_bash_operator.py
[2025-04-25T10:47:07.642+0000] {processor.py:925} INFO - DAG(s) 'example_bash_operator' retrieved from /home/airflow/.local/lib/python3.12/site-packages/airflow/example_dags/example_bash_operator.py
[2025-04-25T10:47:07.678+0000] {logging_mixin.py:190} INFO - [2025-04-25T10:47:07.678+0000] {dag.py:3239} INFO - Sync 1 DAGs
[2025-04-25T10:47:07.693+0000] {logging_mixin.py:190} INFO - [2025-04-25T10:47:07.692+0000] {dag.py:4180} INFO - Setting next_dagrun for example_bash_operator to 2025-04-24 00:00:00+00:00, run_after=2025-04-25 00:00:00+00:00
[2025-04-25T10:47:07.715+0000] {processor.py:208} INFO - Processing /home/airflow/.local/lib/python3.12/site-packages/airflow/example_dags/example_bash_operator.py took 0.092 seconds
[2025-04-25T10:47:38.471+0000] {processor.py:186} INFO - Started process (PID=855) to work on /home/airflow/.local/lib/python3.12/site-packages/airflow/example_dags/example_bash_operator.py
[2025-04-25T10:47:38.472+0000] {processor.py:914} INFO - Processing file /home/airflow/.local/lib/python3.12/site-packages/airflow/example_dags/example_bash_operator.py for tasks to queue
[2025-04-25T10:47:38.473+0000] {logging_mixin.py:190} INFO - [2025-04-25T10:47:38.472+0000] {dagbag.py:588} INFO - Filling up the DagBag from /home/airflow/.local/lib/python3.12/site-packages/airflow/example_dags/example_bash_operator.py
[2025-04-25T10:47:38.479+0000] {processor.py:925} INFO - DAG(s) 'example_bash_operator' retrieved from /home/airflow/.local/lib/python3.12/site-packages/airflow/example_dags/example_bash_operator.py
[2025-04-25T10:47:38.494+0000] {logging_mixin.py:190} INFO - [2025-04-25T10:47:38.494+0000] {dag.py:3239} INFO - Sync 1 DAGs
[2025-04-25T10:47:38.506+0000] {logging_mixin.py:190} INFO - [2025-04-25T10:47:38.505+0000] {dag.py:4180} INFO - Setting next_dagrun for example_bash_operator to 2025-04-24 00:00:00+00:00, run_after=2025-04-25 00:00:00+00:00
[2025-04-25T10:47:38.512+0000] {processor.py:208} INFO - Processing /home/airflow/.local/lib/python3.12/site-packages/airflow/example_dags/example_bash_operator.py took 0.045 seconds
[2025-04-25T10:48:09.909+0000] {processor.py:186} INFO - Started process (PID=918) to work on /home/airflow/.local/lib/python3.12/site-packages/airflow/example_dags/example_bash_operator.py
[2025-04-25T10:48:09.911+0000] {processor.py:914} INFO - Processing file /home/airflow/.local/lib/python3.12/site-packages/airflow/example_dags/example_bash_operator.py for tasks to queue
[2025-04-25T10:48:09.912+0000] {logging_mixin.py:190} INFO - [2025-04-25T10:48:09.912+0000] {dagbag.py:588} INFO - Filling up the DagBag from /home/airflow/.local/lib/python3.12/site-packages/airflow/example_dags/example_bash_operator.py
[2025-04-25T10:48:09.928+0000] {processor.py:925} INFO - DAG(s) 'example_bash_operator' retrieved from /home/airflow/.local/lib/python3.12/site-packages/airflow/example_dags/example_bash_operator.py
[2025-04-25T10:48:09.944+0000] {logging_mixin.py:190} INFO - [2025-04-25T10:48:09.944+0000] {dag.py:3239} INFO - Sync 1 DAGs
[2025-04-25T10:48:09.960+0000] {logging_mixin.py:190} INFO - [2025-04-25T10:48:09.959+0000] {dag.py:4180} INFO - Setting next_dagrun for example_bash_operator to 2025-04-24 00:00:00+00:00, run_after=2025-04-25 00:00:00+00:00
[2025-04-25T10:48:09.972+0000] {processor.py:208} INFO - Processing /home/airflow/.local/lib/python3.12/site-packages/airflow/example_dags/example_bash_operator.py took 0.067 seconds
[2025-04-25T10:48:40.790+0000] {processor.py:186} INFO - Started process (PID=981) to work on /home/airflow/.local/lib/python3.12/site-packages/airflow/example_dags/example_bash_operator.py
[2025-04-25T10:48:40.791+0000] {processor.py:914} INFO - Processing file /home/airflow/.local/lib/python3.12/site-packages/airflow/example_dags/example_bash_operator.py for tasks to queue
[2025-04-25T10:48:40.792+0000] {logging_mixin.py:190} INFO - [2025-04-25T10:48:40.792+0000] {dagbag.py:588} INFO - Filling up the DagBag from /home/airflow/.local/lib/python3.12/site-packages/airflow/example_dags/example_bash_operator.py
[2025-04-25T10:48:40.809+0000] {processor.py:925} INFO - DAG(s) 'example_bash_operator' retrieved from /home/airflow/.local/lib/python3.12/site-packages/airflow/example_dags/example_bash_operator.py
[2025-04-25T10:48:40.826+0000] {logging_mixin.py:190} INFO - [2025-04-25T10:48:40.826+0000] {dag.py:3239} INFO - Sync 1 DAGs
[2025-04-25T10:48:40.838+0000] {logging_mixin.py:190} INFO - [2025-04-25T10:48:40.838+0000] {dag.py:4180} INFO - Setting next_dagrun for example_bash_operator to 2025-04-24 00:00:00+00:00, run_after=2025-04-25 00:00:00+00:00
[2025-04-25T10:48:40.846+0000] {processor.py:208} INFO - Processing /home/airflow/.local/lib/python3.12/site-packages/airflow/example_dags/example_bash_operator.py took 0.061 seconds
[2025-04-25T10:49:12.237+0000] {processor.py:186} INFO - Started process (PID=1044) to work on /home/airflow/.local/lib/python3.12/site-packages/airflow/example_dags/example_bash_operator.py
[2025-04-25T10:49:12.238+0000] {processor.py:914} INFO - Processing file /home/airflow/.local/lib/python3.12/site-packages/airflow/example_dags/example_bash_operator.py for tasks to queue
[2025-04-25T10:49:12.244+0000] {logging_mixin.py:190} INFO - [2025-04-25T10:49:12.244+0000] {dagbag.py:588} INFO - Filling up the DagBag from /home/airflow/.local/lib/python3.12/site-packages/airflow/example_dags/example_bash_operator.py
[2025-04-25T10:49:12.256+0000] {processor.py:925} INFO - DAG(s) 'example_bash_operator' retrieved from /home/airflow/.local/lib/python3.12/site-packages/airflow/example_dags/example_bash_operator.py
[2025-04-25T10:49:12.272+0000] {logging_mixin.py:190} INFO - [2025-04-25T10:49:12.272+0000] {dag.py:3239} INFO - Sync 1 DAGs
[2025-04-25T10:49:12.282+0000] {logging_mixin.py:190} INFO - [2025-04-25T10:49:12.282+0000] {dag.py:4180} INFO - Setting next_dagrun for example_bash_operator to 2025-04-24 00:00:00+00:00, run_after=2025-04-25 00:00:00+00:00
[2025-04-25T10:49:12.288+0000] {processor.py:208} INFO - Processing /home/airflow/.local/lib/python3.12/site-packages/airflow/example_dags/example_bash_operator.py took 0.055 seconds
[2025-04-25T10:49:43.971+0000] {processor.py:186} INFO - Started process (PID=1107) to work on /home/airflow/.local/lib/python3.12/site-packages/airflow/example_dags/example_bash_operator.py
[2025-04-25T10:49:43.972+0000] {processor.py:914} INFO - Processing file /home/airflow/.local/lib/python3.12/site-packages/airflow/example_dags/example_bash_operator.py for tasks to queue
[2025-04-25T10:49:43.973+0000] {logging_mixin.py:190} INFO - [2025-04-25T10:49:43.973+0000] {dagbag.py:588} INFO - Filling up the DagBag from /home/airflow/.local/lib/python3.12/site-packages/airflow/example_dags/example_bash_operator.py
[2025-04-25T10:49:43.983+0000] {processor.py:925} INFO - DAG(s) 'example_bash_operator' retrieved from /home/airflow/.local/lib/python3.12/site-packages/airflow/example_dags/example_bash_operator.py
[2025-04-25T10:49:44.001+0000] {logging_mixin.py:190} INFO - [2025-04-25T10:49:44.001+0000] {dag.py:3239} INFO - Sync 1 DAGs
[2025-04-25T10:49:44.012+0000] {logging_mixin.py:190} INFO - [2025-04-25T10:49:44.011+0000] {dag.py:4180} INFO - Setting next_dagrun for example_bash_operator to 2025-04-24 00:00:00+00:00, run_after=2025-04-25 00:00:00+00:00
[2025-04-25T10:49:44.018+0000] {processor.py:208} INFO - Processing /home/airflow/.local/lib/python3.12/site-packages/airflow/example_dags/example_bash_operator.py took 0.049 seconds
[2025-04-25T10:50:30.399+0000] {processor.py:186} INFO - Started process (PID=1183) to work on /home/airflow/.local/lib/python3.12/site-packages/airflow/example_dags/example_bash_operator.py
[2025-04-25T10:50:30.401+0000] {processor.py:914} INFO - Processing file /home/airflow/.local/lib/python3.12/site-packages/airflow/example_dags/example_bash_operator.py for tasks to queue
[2025-04-25T10:50:30.403+0000] {logging_mixin.py:190} INFO - [2025-04-25T10:50:30.402+0000] {dagbag.py:588} INFO - Filling up the DagBag from /home/airflow/.local/lib/python3.12/site-packages/airflow/example_dags/example_bash_operator.py
[2025-04-25T10:50:30.434+0000] {processor.py:925} INFO - DAG(s) 'example_bash_operator' retrieved from /home/airflow/.local/lib/python3.12/site-packages/airflow/example_dags/example_bash_operator.py
[2025-04-25T10:50:30.463+0000] {logging_mixin.py:190} INFO - [2025-04-25T10:50:30.463+0000] {dag.py:3239} INFO - Sync 1 DAGs
[2025-04-25T10:50:30.496+0000] {logging_mixin.py:190} INFO - [2025-04-25T10:50:30.495+0000] {dag.py:4180} INFO - Setting next_dagrun for example_bash_operator to 2025-04-24 00:00:00+00:00, run_after=2025-04-25 00:00:00+00:00
[2025-04-25T10:50:30.552+0000] {processor.py:208} INFO - Processing /home/airflow/.local/lib/python3.12/site-packages/airflow/example_dags/example_bash_operator.py took 0.157 seconds
[2025-04-25T10:51:01.038+0000] {processor.py:186} INFO - Started process (PID=1246) to work on /home/airflow/.local/lib/python3.12/site-packages/airflow/example_dags/example_bash_operator.py
[2025-04-25T10:51:01.040+0000] {processor.py:914} INFO - Processing file /home/airflow/.local/lib/python3.12/site-packages/airflow/example_dags/example_bash_operator.py for tasks to queue
[2025-04-25T10:51:01.042+0000] {logging_mixin.py:190} INFO - [2025-04-25T10:51:01.042+0000] {dagbag.py:588} INFO - Filling up the DagBag from /home/airflow/.local/lib/python3.12/site-packages/airflow/example_dags/example_bash_operator.py
[2025-04-25T10:51:01.048+0000] {processor.py:925} INFO - DAG(s) 'example_bash_operator' retrieved from /home/airflow/.local/lib/python3.12/site-packages/airflow/example_dags/example_bash_operator.py
[2025-04-25T10:51:01.062+0000] {logging_mixin.py:190} INFO - [2025-04-25T10:51:01.062+0000] {dag.py:3239} INFO - Sync 1 DAGs
[2025-04-25T10:51:01.084+0000] {logging_mixin.py:190} INFO - [2025-04-25T10:51:01.084+0000] {dag.py:4180} INFO - Setting next_dagrun for example_bash_operator to 2025-04-24 00:00:00+00:00, run_after=2025-04-25 00:00:00+00:00
[2025-04-25T10:51:01.096+0000] {processor.py:208} INFO - Processing /home/airflow/.local/lib/python3.12/site-packages/airflow/example_dags/example_bash_operator.py took 0.060 seconds
[2025-04-25T10:51:32.175+0000] {processor.py:186} INFO - Started process (PID=1309) to work on /home/airflow/.local/lib/python3.12/site-packages/airflow/example_dags/example_bash_operator.py
[2025-04-25T10:51:32.176+0000] {processor.py:914} INFO - Processing file /home/airflow/.local/lib/python3.12/site-packages/airflow/example_dags/example_bash_operator.py for tasks to queue
[2025-04-25T10:51:32.181+0000] {logging_mixin.py:190} INFO - [2025-04-25T10:51:32.181+0000] {dagbag.py:588} INFO - Filling up the DagBag from /home/airflow/.local/lib/python3.12/site-packages/airflow/example_dags/example_bash_operator.py
[2025-04-25T10:51:32.197+0000] {processor.py:925} INFO - DAG(s) 'example_bash_operator' retrieved from /home/airflow/.local/lib/python3.12/site-packages/airflow/example_dags/example_bash_operator.py
[2025-04-25T10:51:32.212+0000] {logging_mixin.py:190} INFO - [2025-04-25T10:51:32.212+0000] {dag.py:3239} INFO - Sync 1 DAGs
[2025-04-25T10:51:32.232+0000] {logging_mixin.py:190} INFO - [2025-04-25T10:51:32.232+0000] {dag.py:4180} INFO - Setting next_dagrun for example_bash_operator to 2025-04-24 00:00:00+00:00, run_after=2025-04-25 00:00:00+00:00
[2025-04-25T10:51:32.243+0000] {processor.py:208} INFO - Processing /home/airflow/.local/lib/python3.12/site-packages/airflow/example_dags/example_bash_operator.py took 0.073 seconds
[2025-04-25T10:52:03.156+0000] {processor.py:186} INFO - Started process (PID=1372) to work on /home/airflow/.local/lib/python3.12/site-packages/airflow/example_dags/example_bash_operator.py
[2025-04-25T10:52:03.157+0000] {processor.py:914} INFO - Processing file /home/airflow/.local/lib/python3.12/site-packages/airflow/example_dags/example_bash_operator.py for tasks to queue
[2025-04-25T10:52:03.160+0000] {logging_mixin.py:190} INFO - [2025-04-25T10:52:03.159+0000] {dagbag.py:588} INFO - Filling up the DagBag from /home/airflow/.local/lib/python3.12/site-packages/airflow/example_dags/example_bash_operator.py
[2025-04-25T10:52:03.171+0000] {processor.py:925} INFO - DAG(s) 'example_bash_operator' retrieved from /home/airflow/.local/lib/python3.12/site-packages/airflow/example_dags/example_bash_operator.py
[2025-04-25T10:52:03.183+0000] {logging_mixin.py:190} INFO - [2025-04-25T10:52:03.183+0000] {dag.py:3239} INFO - Sync 1 DAGs
[2025-04-25T10:52:03.193+0000] {logging_mixin.py:190} INFO - [2025-04-25T10:52:03.193+0000] {dag.py:4180} INFO - Setting next_dagrun for example_bash_operator to 2025-04-24 00:00:00+00:00, run_after=2025-04-25 00:00:00+00:00
[2025-04-25T10:52:03.200+0000] {processor.py:208} INFO - Processing /home/airflow/.local/lib/python3.12/site-packages/airflow/example_dags/example_bash_operator.py took 0.048 seconds
[2025-04-25T10:52:34.908+0000] {processor.py:186} INFO - Started process (PID=1435) to work on /home/airflow/.local/lib/python3.12/site-packages/airflow/example_dags/example_bash_operator.py
[2025-04-25T10:52:34.909+0000] {processor.py:914} INFO - Processing file /home/airflow/.local/lib/python3.12/site-packages/airflow/example_dags/example_bash_operator.py for tasks to queue
[2025-04-25T10:52:34.910+0000] {logging_mixin.py:190} INFO - [2025-04-25T10:52:34.910+0000] {dagbag.py:588} INFO - Filling up the DagBag from /home/airflow/.local/lib/python3.12/site-packages/airflow/example_dags/example_bash_operator.py
[2025-04-25T10:52:34.917+0000] {processor.py:925} INFO - DAG(s) 'example_bash_operator' retrieved from /home/airflow/.local/lib/python3.12/site-packages/airflow/example_dags/example_bash_operator.py
[2025-04-25T10:52:34.928+0000] {logging_mixin.py:190} INFO - [2025-04-25T10:52:34.928+0000] {dag.py:3239} INFO - Sync 1 DAGs
[2025-04-25T10:52:34.938+0000] {logging_mixin.py:190} INFO - [2025-04-25T10:52:34.937+0000] {dag.py:4180} INFO - Setting next_dagrun for example_bash_operator to 2025-04-24 00:00:00+00:00, run_after=2025-04-25 00:00:00+00:00
[2025-04-25T10:52:34.944+0000] {processor.py:208} INFO - Processing /home/airflow/.local/lib/python3.12/site-packages/airflow/example_dags/example_bash_operator.py took 0.042 seconds
[2025-04-25T10:53:05.469+0000] {processor.py:186} INFO - Started process (PID=1498) to work on /home/airflow/.local/lib/python3.12/site-packages/airflow/example_dags/example_bash_operator.py
[2025-04-25T10:53:05.471+0000] {processor.py:914} INFO - Processing file /home/airflow/.local/lib/python3.12/site-packages/airflow/example_dags/example_bash_operator.py for tasks to queue
[2025-04-25T10:53:05.474+0000] {logging_mixin.py:190} INFO - [2025-04-25T10:53:05.473+0000] {dagbag.py:588} INFO - Filling up the DagBag from /home/airflow/.local/lib/python3.12/site-packages/airflow/example_dags/example_bash_operator.py
[2025-04-25T10:53:05.483+0000] {processor.py:925} INFO - DAG(s) 'example_bash_operator' retrieved from /home/airflow/.local/lib/python3.12/site-packages/airflow/example_dags/example_bash_operator.py
[2025-04-25T10:53:05.499+0000] {logging_mixin.py:190} INFO - [2025-04-25T10:53:05.499+0000] {dag.py:3239} INFO - Sync 1 DAGs
[2025-04-25T10:53:05.509+0000] {logging_mixin.py:190} INFO - [2025-04-25T10:53:05.509+0000] {dag.py:4180} INFO - Setting next_dagrun for example_bash_operator to 2025-04-24 00:00:00+00:00, run_after=2025-04-25 00:00:00+00:00
[2025-04-25T10:53:05.517+0000] {processor.py:208} INFO - Processing /home/airflow/.local/lib/python3.12/site-packages/airflow/example_dags/example_bash_operator.py took 0.054 seconds
[2025-04-25T10:53:37.981+0000] {processor.py:186} INFO - Started process (PID=1561) to work on /home/airflow/.local/lib/python3.12/site-packages/airflow/example_dags/example_bash_operator.py
[2025-04-25T10:53:37.982+0000] {processor.py:914} INFO - Processing file /home/airflow/.local/lib/python3.12/site-packages/airflow/example_dags/example_bash_operator.py for tasks to queue
[2025-04-25T10:53:37.983+0000] {logging_mixin.py:190} INFO - [2025-04-25T10:53:37.983+0000] {dagbag.py:588} INFO - Filling up the DagBag from /home/airflow/.local/lib/python3.12/site-packages/airflow/example_dags/example_bash_operator.py
[2025-04-25T10:53:37.990+0000] {processor.py:925} INFO - DAG(s) 'example_bash_operator' retrieved from /home/airflow/.local/lib/python3.12/site-packages/airflow/example_dags/example_bash_operator.py
[2025-04-25T10:53:38.002+0000] {logging_mixin.py:190} INFO - [2025-04-25T10:53:38.002+0000] {dag.py:3239} INFO - Sync 1 DAGs
[2025-04-25T10:53:38.016+0000] {logging_mixin.py:190} INFO - [2025-04-25T10:53:38.015+0000] {dag.py:4180} INFO - Setting next_dagrun for example_bash_operator to 2025-04-24 00:00:00+00:00, run_after=2025-04-25 00:00:00+00:00
[2025-04-25T10:53:38.024+0000] {processor.py:208} INFO - Processing /home/airflow/.local/lib/python3.12/site-packages/airflow/example_dags/example_bash_operator.py took 0.046 seconds
[2025-04-25T10:54:09.774+0000] {processor.py:186} INFO - Started process (PID=1624) to work on /home/airflow/.local/lib/python3.12/site-packages/airflow/example_dags/example_bash_operator.py
[2025-04-25T10:54:09.776+0000] {processor.py:914} INFO - Processing file /home/airflow/.local/lib/python3.12/site-packages/airflow/example_dags/example_bash_operator.py for tasks to queue
[2025-04-25T10:54:09.779+0000] {logging_mixin.py:190} INFO - [2025-04-25T10:54:09.779+0000] {dagbag.py:588} INFO - Filling up the DagBag from /home/airflow/.local/lib/python3.12/site-packages/airflow/example_dags/example_bash_operator.py
[2025-04-25T10:54:09.793+0000] {processor.py:925} INFO - DAG(s) 'example_bash_operator' retrieved from /home/airflow/.local/lib/python3.12/site-packages/airflow/example_dags/example_bash_operator.py
[2025-04-25T10:54:09.816+0000] {logging_mixin.py:190} INFO - [2025-04-25T10:54:09.815+0000] {dag.py:3239} INFO - Sync 1 DAGs
[2025-04-25T10:54:09.826+0000] {logging_mixin.py:190} INFO - [2025-04-25T10:54:09.826+0000] {dag.py:4180} INFO - Setting next_dagrun for example_bash_operator to 2025-04-24 00:00:00+00:00, run_after=2025-04-25 00:00:00+00:00
[2025-04-25T10:54:09.833+0000] {processor.py:208} INFO - Processing /home/airflow/.local/lib/python3.12/site-packages/airflow/example_dags/example_bash_operator.py took 0.063 seconds
[2025-04-25T10:54:40.363+0000] {processor.py:186} INFO - Started process (PID=1687) to work on /home/airflow/.local/lib/python3.12/site-packages/airflow/example_dags/example_bash_operator.py
[2025-04-25T10:54:40.365+0000] {processor.py:914} INFO - Processing file /home/airflow/.local/lib/python3.12/site-packages/airflow/example_dags/example_bash_operator.py for tasks to queue
[2025-04-25T10:54:40.366+0000] {logging_mixin.py:190} INFO - [2025-04-25T10:54:40.366+0000] {dagbag.py:588} INFO - Filling up the DagBag from /home/airflow/.local/lib/python3.12/site-packages/airflow/example_dags/example_bash_operator.py
[2025-04-25T10:54:40.376+0000] {processor.py:925} INFO - DAG(s) 'example_bash_operator' retrieved from /home/airflow/.local/lib/python3.12/site-packages/airflow/example_dags/example_bash_operator.py
[2025-04-25T10:54:40.395+0000] {logging_mixin.py:190} INFO - [2025-04-25T10:54:40.394+0000] {dag.py:3239} INFO - Sync 1 DAGs
[2025-04-25T10:54:40.407+0000] {logging_mixin.py:190} INFO - [2025-04-25T10:54:40.407+0000] {dag.py:4180} INFO - Setting next_dagrun for example_bash_operator to 2025-04-24 00:00:00+00:00, run_after=2025-04-25 00:00:00+00:00
[2025-04-25T10:54:40.413+0000] {processor.py:208} INFO - Processing /home/airflow/.local/lib/python3.12/site-packages/airflow/example_dags/example_bash_operator.py took 0.053 seconds
[2025-04-25T10:55:11.519+0000] {processor.py:186} INFO - Started process (PID=1750) to work on /home/airflow/.local/lib/python3.12/site-packages/airflow/example_dags/example_bash_operator.py
[2025-04-25T10:55:11.520+0000] {processor.py:914} INFO - Processing file /home/airflow/.local/lib/python3.12/site-packages/airflow/example_dags/example_bash_operator.py for tasks to queue
[2025-04-25T10:55:11.521+0000] {logging_mixin.py:190} INFO - [2025-04-25T10:55:11.521+0000] {dagbag.py:588} INFO - Filling up the DagBag from /home/airflow/.local/lib/python3.12/site-packages/airflow/example_dags/example_bash_operator.py
[2025-04-25T10:55:11.529+0000] {processor.py:925} INFO - DAG(s) 'example_bash_operator' retrieved from /home/airflow/.local/lib/python3.12/site-packages/airflow/example_dags/example_bash_operator.py
[2025-04-25T10:55:11.543+0000] {logging_mixin.py:190} INFO - [2025-04-25T10:55:11.543+0000] {dag.py:3239} INFO - Sync 1 DAGs
[2025-04-25T10:55:11.554+0000] {logging_mixin.py:190} INFO - [2025-04-25T10:55:11.554+0000] {dag.py:4180} INFO - Setting next_dagrun for example_bash_operator to 2025-04-24 00:00:00+00:00, run_after=2025-04-25 00:00:00+00:00
[2025-04-25T10:55:11.565+0000] {processor.py:208} INFO - Processing /home/airflow/.local/lib/python3.12/site-packages/airflow/example_dags/example_bash_operator.py took 0.049 seconds
[2025-04-25T10:55:42.428+0000] {processor.py:186} INFO - Started process (PID=1813) to work on /home/airflow/.local/lib/python3.12/site-packages/airflow/example_dags/example_bash_operator.py
[2025-04-25T10:55:42.431+0000] {processor.py:914} INFO - Processing file /home/airflow/.local/lib/python3.12/site-packages/airflow/example_dags/example_bash_operator.py for tasks to queue
[2025-04-25T10:55:42.435+0000] {logging_mixin.py:190} INFO - [2025-04-25T10:55:42.434+0000] {dagbag.py:588} INFO - Filling up the DagBag from /home/airflow/.local/lib/python3.12/site-packages/airflow/example_dags/example_bash_operator.py
[2025-04-25T10:55:42.447+0000] {processor.py:925} INFO - DAG(s) 'example_bash_operator' retrieved from /home/airflow/.local/lib/python3.12/site-packages/airflow/example_dags/example_bash_operator.py
[2025-04-25T10:55:42.475+0000] {logging_mixin.py:190} INFO - [2025-04-25T10:55:42.475+0000] {dag.py:3239} INFO - Sync 1 DAGs
[2025-04-25T10:55:42.489+0000] {logging_mixin.py:190} INFO - [2025-04-25T10:55:42.488+0000] {dag.py:4180} INFO - Setting next_dagrun for example_bash_operator to 2025-04-24 00:00:00+00:00, run_after=2025-04-25 00:00:00+00:00
[2025-04-25T10:55:42.496+0000] {processor.py:208} INFO - Processing /home/airflow/.local/lib/python3.12/site-packages/airflow/example_dags/example_bash_operator.py took 0.078 seconds
[2025-04-25T10:56:13.981+0000] {processor.py:186} INFO - Started process (PID=1876) to work on /home/airflow/.local/lib/python3.12/site-packages/airflow/example_dags/example_bash_operator.py
[2025-04-25T10:56:13.982+0000] {processor.py:914} INFO - Processing file /home/airflow/.local/lib/python3.12/site-packages/airflow/example_dags/example_bash_operator.py for tasks to queue
[2025-04-25T10:56:13.985+0000] {logging_mixin.py:190} INFO - [2025-04-25T10:56:13.984+0000] {dagbag.py:588} INFO - Filling up the DagBag from /home/airflow/.local/lib/python3.12/site-packages/airflow/example_dags/example_bash_operator.py
[2025-04-25T10:56:13.993+0000] {processor.py:925} INFO - DAG(s) 'example_bash_operator' retrieved from /home/airflow/.local/lib/python3.12/site-packages/airflow/example_dags/example_bash_operator.py
[2025-04-25T10:56:14.006+0000] {logging_mixin.py:190} INFO - [2025-04-25T10:56:14.005+0000] {dag.py:3239} INFO - Sync 1 DAGs
[2025-04-25T10:56:14.016+0000] {logging_mixin.py:190} INFO - [2025-04-25T10:56:14.016+0000] {dag.py:4180} INFO - Setting next_dagrun for example_bash_operator to 2025-04-24 00:00:00+00:00, run_after=2025-04-25 00:00:00+00:00
[2025-04-25T10:56:14.023+0000] {processor.py:208} INFO - Processing /home/airflow/.local/lib/python3.12/site-packages/airflow/example_dags/example_bash_operator.py took 0.046 seconds
[2025-04-25T10:56:45.209+0000] {processor.py:186} INFO - Started process (PID=1939) to work on /home/airflow/.local/lib/python3.12/site-packages/airflow/example_dags/example_bash_operator.py
[2025-04-25T10:56:45.210+0000] {processor.py:914} INFO - Processing file /home/airflow/.local/lib/python3.12/site-packages/airflow/example_dags/example_bash_operator.py for tasks to queue
[2025-04-25T10:56:45.211+0000] {logging_mixin.py:190} INFO - [2025-04-25T10:56:45.211+0000] {dagbag.py:588} INFO - Filling up the DagBag from /home/airflow/.local/lib/python3.12/site-packages/airflow/example_dags/example_bash_operator.py
[2025-04-25T10:56:45.218+0000] {processor.py:925} INFO - DAG(s) 'example_bash_operator' retrieved from /home/airflow/.local/lib/python3.12/site-packages/airflow/example_dags/example_bash_operator.py
[2025-04-25T10:56:45.238+0000] {logging_mixin.py:190} INFO - [2025-04-25T10:56:45.237+0000] {dag.py:3239} INFO - Sync 1 DAGs
[2025-04-25T10:56:45.249+0000] {logging_mixin.py:190} INFO - [2025-04-25T10:56:45.249+0000] {dag.py:4180} INFO - Setting next_dagrun for example_bash_operator to 2025-04-24 00:00:00+00:00, run_after=2025-04-25 00:00:00+00:00
[2025-04-25T10:56:45.257+0000] {processor.py:208} INFO - Processing /home/airflow/.local/lib/python3.12/site-packages/airflow/example_dags/example_bash_operator.py took 0.052 seconds
[2025-04-25T10:57:17.745+0000] {processor.py:186} INFO - Started process (PID=2002) to work on /home/airflow/.local/lib/python3.12/site-packages/airflow/example_dags/example_bash_operator.py
[2025-04-25T10:57:17.747+0000] {processor.py:914} INFO - Processing file /home/airflow/.local/lib/python3.12/site-packages/airflow/example_dags/example_bash_operator.py for tasks to queue
[2025-04-25T10:57:17.750+0000] {logging_mixin.py:190} INFO - [2025-04-25T10:57:17.750+0000] {dagbag.py:588} INFO - Filling up the DagBag from /home/airflow/.local/lib/python3.12/site-packages/airflow/example_dags/example_bash_operator.py
[2025-04-25T10:57:17.766+0000] {processor.py:925} INFO - DAG(s) 'example_bash_operator' retrieved from /home/airflow/.local/lib/python3.12/site-packages/airflow/example_dags/example_bash_operator.py
[2025-04-25T10:57:17.790+0000] {logging_mixin.py:190} INFO - [2025-04-25T10:57:17.789+0000] {dag.py:3239} INFO - Sync 1 DAGs
[2025-04-25T10:57:17.802+0000] {logging_mixin.py:190} INFO - [2025-04-25T10:57:17.802+0000] {dag.py:4180} INFO - Setting next_dagrun for example_bash_operator to 2025-04-24 00:00:00+00:00, run_after=2025-04-25 00:00:00+00:00
[2025-04-25T10:57:17.810+0000] {processor.py:208} INFO - Processing /home/airflow/.local/lib/python3.12/site-packages/airflow/example_dags/example_bash_operator.py took 0.069 seconds
[2025-04-25T10:57:50.227+0000] {processor.py:186} INFO - Started process (PID=2065) to work on /home/airflow/.local/lib/python3.12/site-packages/airflow/example_dags/example_bash_operator.py
[2025-04-25T10:57:50.229+0000] {processor.py:914} INFO - Processing file /home/airflow/.local/lib/python3.12/site-packages/airflow/example_dags/example_bash_operator.py for tasks to queue
[2025-04-25T10:57:50.232+0000] {logging_mixin.py:190} INFO - [2025-04-25T10:57:50.231+0000] {dagbag.py:588} INFO - Filling up the DagBag from /home/airflow/.local/lib/python3.12/site-packages/airflow/example_dags/example_bash_operator.py
[2025-04-25T10:57:50.272+0000] {processor.py:925} INFO - DAG(s) 'example_bash_operator' retrieved from /home/airflow/.local/lib/python3.12/site-packages/airflow/example_dags/example_bash_operator.py
[2025-04-25T10:57:50.327+0000] {logging_mixin.py:190} INFO - [2025-04-25T10:57:50.326+0000] {dag.py:3239} INFO - Sync 1 DAGs
[2025-04-25T10:57:50.354+0000] {logging_mixin.py:190} INFO - [2025-04-25T10:57:50.354+0000] {dag.py:4180} INFO - Setting next_dagrun for example_bash_operator to 2025-04-24 00:00:00+00:00, run_after=2025-04-25 00:00:00+00:00
[2025-04-25T10:57:50.365+0000] {processor.py:208} INFO - Processing /home/airflow/.local/lib/python3.12/site-packages/airflow/example_dags/example_bash_operator.py took 0.154 seconds
[2025-04-25T10:58:20.606+0000] {processor.py:186} INFO - Started process (PID=2128) to work on /home/airflow/.local/lib/python3.12/site-packages/airflow/example_dags/example_bash_operator.py
[2025-04-25T10:58:20.607+0000] {processor.py:914} INFO - Processing file /home/airflow/.local/lib/python3.12/site-packages/airflow/example_dags/example_bash_operator.py for tasks to queue
[2025-04-25T10:58:20.610+0000] {logging_mixin.py:190} INFO - [2025-04-25T10:58:20.609+0000] {dagbag.py:588} INFO - Filling up the DagBag from /home/airflow/.local/lib/python3.12/site-packages/airflow/example_dags/example_bash_operator.py
[2025-04-25T10:58:20.619+0000] {processor.py:925} INFO - DAG(s) 'example_bash_operator' retrieved from /home/airflow/.local/lib/python3.12/site-packages/airflow/example_dags/example_bash_operator.py
[2025-04-25T10:58:20.641+0000] {logging_mixin.py:190} INFO - [2025-04-25T10:58:20.641+0000] {dag.py:3239} INFO - Sync 1 DAGs
[2025-04-25T10:58:20.655+0000] {logging_mixin.py:190} INFO - [2025-04-25T10:58:20.654+0000] {dag.py:4180} INFO - Setting next_dagrun for example_bash_operator to 2025-04-24 00:00:00+00:00, run_after=2025-04-25 00:00:00+00:00
[2025-04-25T10:58:20.661+0000] {processor.py:208} INFO - Processing /home/airflow/.local/lib/python3.12/site-packages/airflow/example_dags/example_bash_operator.py took 0.059 seconds
[2025-04-25T10:58:52.350+0000] {processor.py:186} INFO - Started process (PID=2191) to work on /home/airflow/.local/lib/python3.12/site-packages/airflow/example_dags/example_bash_operator.py
[2025-04-25T10:58:52.353+0000] {processor.py:914} INFO - Processing file /home/airflow/.local/lib/python3.12/site-packages/airflow/example_dags/example_bash_operator.py for tasks to queue
[2025-04-25T10:58:52.356+0000] {logging_mixin.py:190} INFO - [2025-04-25T10:58:52.356+0000] {dagbag.py:588} INFO - Filling up the DagBag from /home/airflow/.local/lib/python3.12/site-packages/airflow/example_dags/example_bash_operator.py
[2025-04-25T10:58:52.374+0000] {processor.py:925} INFO - DAG(s) 'example_bash_operator' retrieved from /home/airflow/.local/lib/python3.12/site-packages/airflow/example_dags/example_bash_operator.py
[2025-04-25T10:58:52.398+0000] {logging_mixin.py:190} INFO - [2025-04-25T10:58:52.398+0000] {dag.py:3239} INFO - Sync 1 DAGs
[2025-04-25T10:58:52.422+0000] {logging_mixin.py:190} INFO - [2025-04-25T10:58:52.422+0000] {dag.py:4180} INFO - Setting next_dagrun for example_bash_operator to 2025-04-24 00:00:00+00:00, run_after=2025-04-25 00:00:00+00:00
[2025-04-25T10:58:52.433+0000] {processor.py:208} INFO - Processing /home/airflow/.local/lib/python3.12/site-packages/airflow/example_dags/example_bash_operator.py took 0.101 seconds
[2025-04-25T10:59:22.884+0000] {processor.py:186} INFO - Started process (PID=2260) to work on /home/airflow/.local/lib/python3.12/site-packages/airflow/example_dags/example_bash_operator.py
[2025-04-25T10:59:22.886+0000] {processor.py:914} INFO - Processing file /home/airflow/.local/lib/python3.12/site-packages/airflow/example_dags/example_bash_operator.py for tasks to queue
[2025-04-25T10:59:22.889+0000] {logging_mixin.py:190} INFO - [2025-04-25T10:59:22.889+0000] {dagbag.py:588} INFO - Filling up the DagBag from /home/airflow/.local/lib/python3.12/site-packages/airflow/example_dags/example_bash_operator.py
[2025-04-25T10:59:22.910+0000] {processor.py:925} INFO - DAG(s) 'example_bash_operator' retrieved from /home/airflow/.local/lib/python3.12/site-packages/airflow/example_dags/example_bash_operator.py
[2025-04-25T10:59:22.929+0000] {logging_mixin.py:190} INFO - [2025-04-25T10:59:22.929+0000] {dag.py:3239} INFO - Sync 1 DAGs
[2025-04-25T10:59:22.947+0000] {logging_mixin.py:190} INFO - [2025-04-25T10:59:22.947+0000] {dag.py:4180} INFO - Setting next_dagrun for example_bash_operator to 2025-04-24 00:00:00+00:00, run_after=2025-04-25 00:00:00+00:00
[2025-04-25T10:59:22.963+0000] {processor.py:208} INFO - Processing /home/airflow/.local/lib/python3.12/site-packages/airflow/example_dags/example_bash_operator.py took 0.083 seconds
[2025-04-25T10:59:53.578+0000] {processor.py:186} INFO - Started process (PID=2322) to work on /home/airflow/.local/lib/python3.12/site-packages/airflow/example_dags/example_bash_operator.py
[2025-04-25T10:59:53.579+0000] {processor.py:914} INFO - Processing file /home/airflow/.local/lib/python3.12/site-packages/airflow/example_dags/example_bash_operator.py for tasks to queue
[2025-04-25T10:59:53.581+0000] {logging_mixin.py:190} INFO - [2025-04-25T10:59:53.581+0000] {dagbag.py:588} INFO - Filling up the DagBag from /home/airflow/.local/lib/python3.12/site-packages/airflow/example_dags/example_bash_operator.py
[2025-04-25T10:59:53.591+0000] {processor.py:925} INFO - DAG(s) 'example_bash_operator' retrieved from /home/airflow/.local/lib/python3.12/site-packages/airflow/example_dags/example_bash_operator.py
[2025-04-25T10:59:53.604+0000] {logging_mixin.py:190} INFO - [2025-04-25T10:59:53.604+0000] {dag.py:3239} INFO - Sync 1 DAGs
[2025-04-25T10:59:53.617+0000] {logging_mixin.py:190} INFO - [2025-04-25T10:59:53.616+0000] {dag.py:4180} INFO - Setting next_dagrun for example_bash_operator to 2025-04-24 00:00:00+00:00, run_after=2025-04-25 00:00:00+00:00
[2025-04-25T10:59:53.626+0000] {processor.py:208} INFO - Processing /home/airflow/.local/lib/python3.12/site-packages/airflow/example_dags/example_bash_operator.py took 0.054 seconds
[2025-04-25T11:00:24.675+0000] {processor.py:186} INFO - Started process (PID=2385) to work on /home/airflow/.local/lib/python3.12/site-packages/airflow/example_dags/example_bash_operator.py
[2025-04-25T11:00:24.676+0000] {processor.py:914} INFO - Processing file /home/airflow/.local/lib/python3.12/site-packages/airflow/example_dags/example_bash_operator.py for tasks to queue
[2025-04-25T11:00:24.677+0000] {logging_mixin.py:190} INFO - [2025-04-25T11:00:24.677+0000] {dagbag.py:588} INFO - Filling up the DagBag from /home/airflow/.local/lib/python3.12/site-packages/airflow/example_dags/example_bash_operator.py
[2025-04-25T11:00:24.694+0000] {processor.py:925} INFO - DAG(s) 'example_bash_operator' retrieved from /home/airflow/.local/lib/python3.12/site-packages/airflow/example_dags/example_bash_operator.py
[2025-04-25T11:00:24.718+0000] {logging_mixin.py:190} INFO - [2025-04-25T11:00:24.718+0000] {dag.py:3239} INFO - Sync 1 DAGs
[2025-04-25T11:00:24.736+0000] {logging_mixin.py:190} INFO - [2025-04-25T11:00:24.736+0000] {dag.py:4180} INFO - Setting next_dagrun for example_bash_operator to 2025-04-24 00:00:00+00:00, run_after=2025-04-25 00:00:00+00:00
[2025-04-25T11:00:24.745+0000] {processor.py:208} INFO - Processing /home/airflow/.local/lib/python3.12/site-packages/airflow/example_dags/example_bash_operator.py took 0.075 seconds
[2025-04-25T11:00:56.138+0000] {processor.py:186} INFO - Started process (PID=2448) to work on /home/airflow/.local/lib/python3.12/site-packages/airflow/example_dags/example_bash_operator.py
[2025-04-25T11:00:56.141+0000] {processor.py:914} INFO - Processing file /home/airflow/.local/lib/python3.12/site-packages/airflow/example_dags/example_bash_operator.py for tasks to queue
[2025-04-25T11:00:56.144+0000] {logging_mixin.py:190} INFO - [2025-04-25T11:00:56.144+0000] {dagbag.py:588} INFO - Filling up the DagBag from /home/airflow/.local/lib/python3.12/site-packages/airflow/example_dags/example_bash_operator.py
[2025-04-25T11:00:56.222+0000] {processor.py:925} INFO - DAG(s) 'example_bash_operator' retrieved from /home/airflow/.local/lib/python3.12/site-packages/airflow/example_dags/example_bash_operator.py
[2025-04-25T11:00:56.327+0000] {logging_mixin.py:190} INFO - [2025-04-25T11:00:56.327+0000] {dag.py:3239} INFO - Sync 1 DAGs
[2025-04-25T11:00:56.390+0000] {logging_mixin.py:190} INFO - [2025-04-25T11:00:56.390+0000] {dag.py:4180} INFO - Setting next_dagrun for example_bash_operator to 2025-04-24 00:00:00+00:00, run_after=2025-04-25 00:00:00+00:00
[2025-04-25T11:00:56.418+0000] {processor.py:208} INFO - Processing /home/airflow/.local/lib/python3.12/site-packages/airflow/example_dags/example_bash_operator.py took 0.301 seconds
[2025-04-25T11:01:27.025+0000] {processor.py:186} INFO - Started process (PID=2509) to work on /home/airflow/.local/lib/python3.12/site-packages/airflow/example_dags/example_bash_operator.py
[2025-04-25T11:01:27.028+0000] {processor.py:914} INFO - Processing file /home/airflow/.local/lib/python3.12/site-packages/airflow/example_dags/example_bash_operator.py for tasks to queue
[2025-04-25T11:01:27.030+0000] {logging_mixin.py:190} INFO - [2025-04-25T11:01:27.029+0000] {dagbag.py:588} INFO - Filling up the DagBag from /home/airflow/.local/lib/python3.12/site-packages/airflow/example_dags/example_bash_operator.py
[2025-04-25T11:01:27.060+0000] {processor.py:925} INFO - DAG(s) 'example_bash_operator' retrieved from /home/airflow/.local/lib/python3.12/site-packages/airflow/example_dags/example_bash_operator.py
[2025-04-25T11:01:27.100+0000] {logging_mixin.py:190} INFO - [2025-04-25T11:01:27.100+0000] {dag.py:3239} INFO - Sync 1 DAGs
[2025-04-25T11:01:27.126+0000] {logging_mixin.py:190} INFO - [2025-04-25T11:01:27.126+0000] {dag.py:4180} INFO - Setting next_dagrun for example_bash_operator to 2025-04-24 00:00:00+00:00, run_after=2025-04-25 00:00:00+00:00
[2025-04-25T11:01:27.141+0000] {processor.py:208} INFO - Processing /home/airflow/.local/lib/python3.12/site-packages/airflow/example_dags/example_bash_operator.py took 0.130 seconds
[2025-04-25T11:01:57.261+0000] {processor.py:186} INFO - Started process (PID=2572) to work on /home/airflow/.local/lib/python3.12/site-packages/airflow/example_dags/example_bash_operator.py
[2025-04-25T11:01:57.264+0000] {processor.py:914} INFO - Processing file /home/airflow/.local/lib/python3.12/site-packages/airflow/example_dags/example_bash_operator.py for tasks to queue
[2025-04-25T11:01:57.268+0000] {logging_mixin.py:190} INFO - [2025-04-25T11:01:57.268+0000] {dagbag.py:588} INFO - Filling up the DagBag from /home/airflow/.local/lib/python3.12/site-packages/airflow/example_dags/example_bash_operator.py
[2025-04-25T11:01:57.301+0000] {processor.py:925} INFO - DAG(s) 'example_bash_operator' retrieved from /home/airflow/.local/lib/python3.12/site-packages/airflow/example_dags/example_bash_operator.py
[2025-04-25T11:01:57.335+0000] {logging_mixin.py:190} INFO - [2025-04-25T11:01:57.335+0000] {dag.py:3239} INFO - Sync 1 DAGs
[2025-04-25T11:01:57.354+0000] {logging_mixin.py:190} INFO - [2025-04-25T11:01:57.354+0000] {dag.py:4180} INFO - Setting next_dagrun for example_bash_operator to 2025-04-24 00:00:00+00:00, run_after=2025-04-25 00:00:00+00:00
[2025-04-25T11:01:57.372+0000] {processor.py:208} INFO - Processing /home/airflow/.local/lib/python3.12/site-packages/airflow/example_dags/example_bash_operator.py took 0.129 seconds
[2025-04-25T11:02:27.951+0000] {processor.py:186} INFO - Started process (PID=2635) to work on /home/airflow/.local/lib/python3.12/site-packages/airflow/example_dags/example_bash_operator.py
[2025-04-25T11:02:27.956+0000] {processor.py:914} INFO - Processing file /home/airflow/.local/lib/python3.12/site-packages/airflow/example_dags/example_bash_operator.py for tasks to queue
[2025-04-25T11:02:27.967+0000] {logging_mixin.py:190} INFO - [2025-04-25T11:02:27.966+0000] {dagbag.py:588} INFO - Filling up the DagBag from /home/airflow/.local/lib/python3.12/site-packages/airflow/example_dags/example_bash_operator.py
[2025-04-25T11:02:28.013+0000] {processor.py:925} INFO - DAG(s) 'example_bash_operator' retrieved from /home/airflow/.local/lib/python3.12/site-packages/airflow/example_dags/example_bash_operator.py
[2025-04-25T11:02:28.070+0000] {logging_mixin.py:190} INFO - [2025-04-25T11:02:28.070+0000] {dag.py:3239} INFO - Sync 1 DAGs
[2025-04-25T11:02:28.103+0000] {logging_mixin.py:190} INFO - [2025-04-25T11:02:28.103+0000] {dag.py:4180} INFO - Setting next_dagrun for example_bash_operator to 2025-04-24 00:00:00+00:00, run_after=2025-04-25 00:00:00+00:00
[2025-04-25T11:02:28.173+0000] {processor.py:208} INFO - Processing /home/airflow/.local/lib/python3.12/site-packages/airflow/example_dags/example_bash_operator.py took 0.234 seconds
[2025-04-25T11:03:14.525+0000] {processor.py:186} INFO - Started process (PID=2696) to work on /home/airflow/.local/lib/python3.12/site-packages/airflow/example_dags/example_bash_operator.py
[2025-04-25T11:03:14.577+0000] {processor.py:914} INFO - Processing file /home/airflow/.local/lib/python3.12/site-packages/airflow/example_dags/example_bash_operator.py for tasks to queue
[2025-04-25T11:03:14.645+0000] {logging_mixin.py:190} INFO - [2025-04-25T11:03:14.638+0000] {dagbag.py:588} INFO - Filling up the DagBag from /home/airflow/.local/lib/python3.12/site-packages/airflow/example_dags/example_bash_operator.py
[2025-04-25T11:03:14.931+0000] {processor.py:925} INFO - DAG(s) 'example_bash_operator' retrieved from /home/airflow/.local/lib/python3.12/site-packages/airflow/example_dags/example_bash_operator.py
[2025-04-25T11:03:15.040+0000] {logging_mixin.py:190} INFO - [2025-04-25T11:03:15.038+0000] {dag.py:3239} INFO - Sync 1 DAGs
[2025-04-25T11:03:15.142+0000] {logging_mixin.py:190} INFO - [2025-04-25T11:03:15.140+0000] {dag.py:4180} INFO - Setting next_dagrun for example_bash_operator to 2025-04-24 00:00:00+00:00, run_after=2025-04-25 00:00:00+00:00
[2025-04-25T11:03:15.216+0000] {processor.py:208} INFO - Processing /home/airflow/.local/lib/python3.12/site-packages/airflow/example_dags/example_bash_operator.py took 0.775 seconds
[2025-04-25T11:14:27.791+0000] {processor.py:186} INFO - Started process (PID=2877) to work on /home/airflow/.local/lib/python3.12/site-packages/airflow/example_dags/example_bash_operator.py
[2025-04-25T11:14:27.813+0000] {processor.py:914} INFO - Processing file /home/airflow/.local/lib/python3.12/site-packages/airflow/example_dags/example_bash_operator.py for tasks to queue
[2025-04-25T11:14:27.859+0000] {logging_mixin.py:190} INFO - [2025-04-25T11:14:27.856+0000] {dagbag.py:588} INFO - Filling up the DagBag from /home/airflow/.local/lib/python3.12/site-packages/airflow/example_dags/example_bash_operator.py
[2025-04-25T11:14:28.360+0000] {processor.py:925} INFO - DAG(s) 'example_bash_operator' retrieved from /home/airflow/.local/lib/python3.12/site-packages/airflow/example_dags/example_bash_operator.py
[2025-04-25T11:14:28.926+0000] {logging_mixin.py:190} INFO - [2025-04-25T11:14:28.826+0000] {dag.py:3239} INFO - Sync 1 DAGs
[2025-04-25T11:14:29.866+0000] {logging_mixin.py:190} INFO - [2025-04-25T11:14:29.852+0000] {dag.py:4180} INFO - Setting next_dagrun for example_bash_operator to 2025-04-24 00:00:00+00:00, run_after=2025-04-25 00:00:00+00:00
[2025-04-25T11:14:30.515+0000] {processor.py:208} INFO - Processing /home/airflow/.local/lib/python3.12/site-packages/airflow/example_dags/example_bash_operator.py took 2.797 seconds
[2025-04-25T11:19:30.352+0000] {processor.py:186} INFO - Started process (PID=2967) to work on /home/airflow/.local/lib/python3.12/site-packages/airflow/example_dags/example_bash_operator.py
[2025-04-25T11:19:30.447+0000] {processor.py:914} INFO - Processing file /home/airflow/.local/lib/python3.12/site-packages/airflow/example_dags/example_bash_operator.py for tasks to queue
[2025-04-25T11:19:30.469+0000] {logging_mixin.py:190} INFO - [2025-04-25T11:19:30.453+0000] {dagbag.py:588} INFO - Filling up the DagBag from /home/airflow/.local/lib/python3.12/site-packages/airflow/example_dags/example_bash_operator.py
[2025-04-25T11:19:31.506+0000] {processor.py:925} INFO - DAG(s) 'example_bash_operator' retrieved from /home/airflow/.local/lib/python3.12/site-packages/airflow/example_dags/example_bash_operator.py
[2025-04-25T11:19:34.558+0000] {logging_mixin.py:190} INFO - [2025-04-25T11:19:34.454+0000] {dag.py:3239} INFO - Sync 1 DAGs
[2025-04-25T11:19:35.922+0000] {logging_mixin.py:190} INFO - [2025-04-25T11:19:35.873+0000] {dag.py:4180} INFO - Setting next_dagrun for example_bash_operator to 2025-04-24 00:00:00+00:00, run_after=2025-04-25 00:00:00+00:00
[2025-04-25T11:19:37.950+0000] {processor.py:208} INFO - Processing /home/airflow/.local/lib/python3.12/site-packages/airflow/example_dags/example_bash_operator.py took 8.110 seconds
[2025-04-25T11:21:02.890+0000] {processor.py:186} INFO - Started process (PID=3039) to work on /home/airflow/.local/lib/python3.12/site-packages/airflow/example_dags/example_bash_operator.py
[2025-04-25T11:21:02.917+0000] {processor.py:914} INFO - Processing file /home/airflow/.local/lib/python3.12/site-packages/airflow/example_dags/example_bash_operator.py for tasks to queue
[2025-04-25T11:21:02.925+0000] {logging_mixin.py:190} INFO - [2025-04-25T11:21:02.922+0000] {dagbag.py:588} INFO - Filling up the DagBag from /home/airflow/.local/lib/python3.12/site-packages/airflow/example_dags/example_bash_operator.py
[2025-04-25T11:21:03.036+0000] {processor.py:925} INFO - DAG(s) 'example_bash_operator' retrieved from /home/airflow/.local/lib/python3.12/site-packages/airflow/example_dags/example_bash_operator.py
[2025-04-25T11:21:03.241+0000] {logging_mixin.py:190} INFO - [2025-04-25T11:21:03.238+0000] {dag.py:3239} INFO - Sync 1 DAGs
[2025-04-25T11:21:03.530+0000] {logging_mixin.py:190} INFO - [2025-04-25T11:21:03.528+0000] {dag.py:4180} INFO - Setting next_dagrun for example_bash_operator to 2025-04-24 00:00:00+00:00, run_after=2025-04-25 00:00:00+00:00
[2025-04-25T11:21:03.648+0000] {processor.py:208} INFO - Processing /home/airflow/.local/lib/python3.12/site-packages/airflow/example_dags/example_bash_operator.py took 0.777 seconds
[2025-04-25T11:21:33.946+0000] {processor.py:186} INFO - Started process (PID=3108) to work on /home/airflow/.local/lib/python3.12/site-packages/airflow/example_dags/example_bash_operator.py
[2025-04-25T11:21:33.948+0000] {processor.py:914} INFO - Processing file /home/airflow/.local/lib/python3.12/site-packages/airflow/example_dags/example_bash_operator.py for tasks to queue
[2025-04-25T11:21:33.951+0000] {logging_mixin.py:190} INFO - [2025-04-25T11:21:33.951+0000] {dagbag.py:588} INFO - Filling up the DagBag from /home/airflow/.local/lib/python3.12/site-packages/airflow/example_dags/example_bash_operator.py
[2025-04-25T11:21:33.987+0000] {processor.py:925} INFO - DAG(s) 'example_bash_operator' retrieved from /home/airflow/.local/lib/python3.12/site-packages/airflow/example_dags/example_bash_operator.py
[2025-04-25T11:21:34.115+0000] {logging_mixin.py:190} INFO - [2025-04-25T11:21:34.115+0000] {dag.py:3239} INFO - Sync 1 DAGs
[2025-04-25T11:21:34.156+0000] {logging_mixin.py:190} INFO - [2025-04-25T11:21:34.156+0000] {dag.py:4180} INFO - Setting next_dagrun for example_bash_operator to 2025-04-24 00:00:00+00:00, run_after=2025-04-25 00:00:00+00:00
[2025-04-25T11:21:34.187+0000] {processor.py:208} INFO - Processing /home/airflow/.local/lib/python3.12/site-packages/airflow/example_dags/example_bash_operator.py took 0.247 seconds
[2025-04-25T11:22:05.450+0000] {processor.py:186} INFO - Started process (PID=3170) to work on /home/airflow/.local/lib/python3.12/site-packages/airflow/example_dags/example_bash_operator.py
[2025-04-25T11:22:05.452+0000] {processor.py:914} INFO - Processing file /home/airflow/.local/lib/python3.12/site-packages/airflow/example_dags/example_bash_operator.py for tasks to queue
[2025-04-25T11:22:05.454+0000] {logging_mixin.py:190} INFO - [2025-04-25T11:22:05.453+0000] {dagbag.py:588} INFO - Filling up the DagBag from /home/airflow/.local/lib/python3.12/site-packages/airflow/example_dags/example_bash_operator.py
[2025-04-25T11:22:05.478+0000] {processor.py:925} INFO - DAG(s) 'example_bash_operator' retrieved from /home/airflow/.local/lib/python3.12/site-packages/airflow/example_dags/example_bash_operator.py
[2025-04-25T11:22:05.510+0000] {logging_mixin.py:190} INFO - [2025-04-25T11:22:05.509+0000] {dag.py:3239} INFO - Sync 1 DAGs
[2025-04-25T11:22:05.557+0000] {logging_mixin.py:190} INFO - [2025-04-25T11:22:05.553+0000] {dag.py:4180} INFO - Setting next_dagrun for example_bash_operator to 2025-04-24 00:00:00+00:00, run_after=2025-04-25 00:00:00+00:00
[2025-04-25T11:22:05.738+0000] {processor.py:208} INFO - Processing /home/airflow/.local/lib/python3.12/site-packages/airflow/example_dags/example_bash_operator.py took 0.301 seconds
[2025-04-25T11:23:15.703+0000] {processor.py:186} INFO - Started process (PID=3242) to work on /home/airflow/.local/lib/python3.12/site-packages/airflow/example_dags/example_bash_operator.py
[2025-04-25T11:23:15.734+0000] {processor.py:914} INFO - Processing file /home/airflow/.local/lib/python3.12/site-packages/airflow/example_dags/example_bash_operator.py for tasks to queue
[2025-04-25T11:23:15.747+0000] {logging_mixin.py:190} INFO - [2025-04-25T11:23:15.746+0000] {dagbag.py:588} INFO - Filling up the DagBag from /home/airflow/.local/lib/python3.12/site-packages/airflow/example_dags/example_bash_operator.py
[2025-04-25T11:23:15.818+0000] {processor.py:925} INFO - DAG(s) 'example_bash_operator' retrieved from /home/airflow/.local/lib/python3.12/site-packages/airflow/example_dags/example_bash_operator.py
[2025-04-25T11:23:15.978+0000] {logging_mixin.py:190} INFO - [2025-04-25T11:23:15.977+0000] {dag.py:3239} INFO - Sync 1 DAGs
[2025-04-25T11:23:16.075+0000] {logging_mixin.py:190} INFO - [2025-04-25T11:23:16.074+0000] {dag.py:4180} INFO - Setting next_dagrun for example_bash_operator to 2025-04-24 00:00:00+00:00, run_after=2025-04-25 00:00:00+00:00
[2025-04-25T11:23:16.200+0000] {processor.py:208} INFO - Processing /home/airflow/.local/lib/python3.12/site-packages/airflow/example_dags/example_bash_operator.py took 0.544 seconds
[2025-04-25T11:23:46.840+0000] {processor.py:186} INFO - Started process (PID=3305) to work on /home/airflow/.local/lib/python3.12/site-packages/airflow/example_dags/example_bash_operator.py
[2025-04-25T11:23:46.845+0000] {processor.py:914} INFO - Processing file /home/airflow/.local/lib/python3.12/site-packages/airflow/example_dags/example_bash_operator.py for tasks to queue
[2025-04-25T11:23:46.854+0000] {logging_mixin.py:190} INFO - [2025-04-25T11:23:46.852+0000] {dagbag.py:588} INFO - Filling up the DagBag from /home/airflow/.local/lib/python3.12/site-packages/airflow/example_dags/example_bash_operator.py
[2025-04-25T11:23:46.873+0000] {processor.py:925} INFO - DAG(s) 'example_bash_operator' retrieved from /home/airflow/.local/lib/python3.12/site-packages/airflow/example_dags/example_bash_operator.py
[2025-04-25T11:23:46.965+0000] {logging_mixin.py:190} INFO - [2025-04-25T11:23:46.964+0000] {dag.py:3239} INFO - Sync 1 DAGs
[2025-04-25T11:23:47.043+0000] {logging_mixin.py:190} INFO - [2025-04-25T11:23:47.042+0000] {dag.py:4180} INFO - Setting next_dagrun for example_bash_operator to 2025-04-24 00:00:00+00:00, run_after=2025-04-25 00:00:00+00:00
[2025-04-25T11:23:47.157+0000] {processor.py:208} INFO - Processing /home/airflow/.local/lib/python3.12/site-packages/airflow/example_dags/example_bash_operator.py took 0.322 seconds
