[2025-04-25T10:41:13.364+0000] {processor.py:186} INFO - Started process (PID=68) to work on /home/airflow/.local/lib/python3.12/site-packages/airflow/example_dags/example_branch_operator.py
[2025-04-25T10:41:13.365+0000] {processor.py:914} INFO - Processing file /home/airflow/.local/lib/python3.12/site-packages/airflow/example_dags/example_branch_operator.py for tasks to queue
[2025-04-25T10:41:13.368+0000] {logging_mixin.py:190} INFO - [2025-04-25T10:41:13.368+0000] {dagbag.py:588} INFO - Filling up the DagBag from /home/airflow/.local/lib/python3.12/site-packages/airflow/example_dags/example_branch_operator.py
[2025-04-25T10:41:13.425+0000] {processor.py:925} INFO - DAG(s) 'example_branch_operator' retrieved from /home/airflow/.local/lib/python3.12/site-packages/airflow/example_dags/example_branch_operator.py
[2025-04-25T10:41:13.590+0000] {logging_mixin.py:190} INFO - [2025-04-25T10:41:13.589+0000] {dag.py:3239} INFO - Sync 1 DAGs
[2025-04-25T10:41:13.635+0000] {logging_mixin.py:190} INFO - [2025-04-25T10:41:13.634+0000] {dag.py:4180} INFO - Setting next_dagrun for example_branch_operator to 2025-04-24 00:00:00+00:00, run_after=2025-04-25 00:00:00+00:00
[2025-04-25T10:41:13.675+0000] {processor.py:208} INFO - Processing /home/airflow/.local/lib/python3.12/site-packages/airflow/example_dags/example_branch_operator.py took 0.325 seconds
[2025-04-25T10:41:43.796+0000] {processor.py:186} INFO - Started process (PID=131) to work on /home/airflow/.local/lib/python3.12/site-packages/airflow/example_dags/example_branch_operator.py
[2025-04-25T10:41:43.797+0000] {processor.py:914} INFO - Processing file /home/airflow/.local/lib/python3.12/site-packages/airflow/example_dags/example_branch_operator.py for tasks to queue
[2025-04-25T10:41:43.798+0000] {logging_mixin.py:190} INFO - [2025-04-25T10:41:43.798+0000] {dagbag.py:588} INFO - Filling up the DagBag from /home/airflow/.local/lib/python3.12/site-packages/airflow/example_dags/example_branch_operator.py
[2025-04-25T10:41:43.807+0000] {processor.py:925} INFO - DAG(s) 'example_branch_operator' retrieved from /home/airflow/.local/lib/python3.12/site-packages/airflow/example_dags/example_branch_operator.py
[2025-04-25T10:41:43.821+0000] {logging_mixin.py:190} INFO - [2025-04-25T10:41:43.821+0000] {dag.py:3239} INFO - Sync 1 DAGs
[2025-04-25T10:41:43.831+0000] {logging_mixin.py:190} INFO - [2025-04-25T10:41:43.831+0000] {dag.py:4180} INFO - Setting next_dagrun for example_branch_operator to 2025-04-24 00:00:00+00:00, run_after=2025-04-25 00:00:00+00:00
[2025-04-25T10:41:43.838+0000] {processor.py:208} INFO - Processing /home/airflow/.local/lib/python3.12/site-packages/airflow/example_dags/example_branch_operator.py took 0.045 seconds
[2025-04-25T10:42:14.036+0000] {processor.py:186} INFO - Started process (PID=194) to work on /home/airflow/.local/lib/python3.12/site-packages/airflow/example_dags/example_branch_operator.py
[2025-04-25T10:42:14.036+0000] {processor.py:914} INFO - Processing file /home/airflow/.local/lib/python3.12/site-packages/airflow/example_dags/example_branch_operator.py for tasks to queue
[2025-04-25T10:42:14.038+0000] {logging_mixin.py:190} INFO - [2025-04-25T10:42:14.037+0000] {dagbag.py:588} INFO - Filling up the DagBag from /home/airflow/.local/lib/python3.12/site-packages/airflow/example_dags/example_branch_operator.py
[2025-04-25T10:42:14.054+0000] {processor.py:925} INFO - DAG(s) 'example_branch_operator' retrieved from /home/airflow/.local/lib/python3.12/site-packages/airflow/example_dags/example_branch_operator.py
[2025-04-25T10:42:14.073+0000] {logging_mixin.py:190} INFO - [2025-04-25T10:42:14.073+0000] {dag.py:3239} INFO - Sync 1 DAGs
[2025-04-25T10:42:14.083+0000] {logging_mixin.py:190} INFO - [2025-04-25T10:42:14.083+0000] {dag.py:4180} INFO - Setting next_dagrun for example_branch_operator to 2025-04-24 00:00:00+00:00, run_after=2025-04-25 00:00:00+00:00
[2025-04-25T10:42:14.090+0000] {processor.py:208} INFO - Processing /home/airflow/.local/lib/python3.12/site-packages/airflow/example_dags/example_branch_operator.py took 0.057 seconds
[2025-04-25T10:42:44.812+0000] {processor.py:186} INFO - Started process (PID=257) to work on /home/airflow/.local/lib/python3.12/site-packages/airflow/example_dags/example_branch_operator.py
[2025-04-25T10:42:44.816+0000] {processor.py:914} INFO - Processing file /home/airflow/.local/lib/python3.12/site-packages/airflow/example_dags/example_branch_operator.py for tasks to queue
[2025-04-25T10:42:44.818+0000] {logging_mixin.py:190} INFO - [2025-04-25T10:42:44.818+0000] {dagbag.py:588} INFO - Filling up the DagBag from /home/airflow/.local/lib/python3.12/site-packages/airflow/example_dags/example_branch_operator.py
[2025-04-25T10:42:44.849+0000] {processor.py:925} INFO - DAG(s) 'example_branch_operator' retrieved from /home/airflow/.local/lib/python3.12/site-packages/airflow/example_dags/example_branch_operator.py
[2025-04-25T10:42:44.876+0000] {logging_mixin.py:190} INFO - [2025-04-25T10:42:44.876+0000] {dag.py:3239} INFO - Sync 1 DAGs
[2025-04-25T10:42:44.892+0000] {logging_mixin.py:190} INFO - [2025-04-25T10:42:44.892+0000] {dag.py:4180} INFO - Setting next_dagrun for example_branch_operator to 2025-04-24 00:00:00+00:00, run_after=2025-04-25 00:00:00+00:00
[2025-04-25T10:42:44.908+0000] {processor.py:208} INFO - Processing /home/airflow/.local/lib/python3.12/site-packages/airflow/example_dags/example_branch_operator.py took 0.108 seconds
[2025-04-25T10:43:15.031+0000] {processor.py:186} INFO - Started process (PID=321) to work on /home/airflow/.local/lib/python3.12/site-packages/airflow/example_dags/example_branch_operator.py
[2025-04-25T10:43:15.032+0000] {processor.py:914} INFO - Processing file /home/airflow/.local/lib/python3.12/site-packages/airflow/example_dags/example_branch_operator.py for tasks to queue
[2025-04-25T10:43:15.034+0000] {logging_mixin.py:190} INFO - [2025-04-25T10:43:15.034+0000] {dagbag.py:588} INFO - Filling up the DagBag from /home/airflow/.local/lib/python3.12/site-packages/airflow/example_dags/example_branch_operator.py
[2025-04-25T10:43:15.048+0000] {processor.py:925} INFO - DAG(s) 'example_branch_operator' retrieved from /home/airflow/.local/lib/python3.12/site-packages/airflow/example_dags/example_branch_operator.py
[2025-04-25T10:43:15.074+0000] {logging_mixin.py:190} INFO - [2025-04-25T10:43:15.074+0000] {dag.py:3239} INFO - Sync 1 DAGs
[2025-04-25T10:43:15.086+0000] {logging_mixin.py:190} INFO - [2025-04-25T10:43:15.086+0000] {dag.py:4180} INFO - Setting next_dagrun for example_branch_operator to 2025-04-24 00:00:00+00:00, run_after=2025-04-25 00:00:00+00:00
[2025-04-25T10:43:15.100+0000] {processor.py:208} INFO - Processing /home/airflow/.local/lib/python3.12/site-packages/airflow/example_dags/example_branch_operator.py took 0.072 seconds
[2025-04-25T10:43:45.678+0000] {processor.py:186} INFO - Started process (PID=390) to work on /home/airflow/.local/lib/python3.12/site-packages/airflow/example_dags/example_branch_operator.py
[2025-04-25T10:43:45.679+0000] {processor.py:914} INFO - Processing file /home/airflow/.local/lib/python3.12/site-packages/airflow/example_dags/example_branch_operator.py for tasks to queue
[2025-04-25T10:43:45.680+0000] {logging_mixin.py:190} INFO - [2025-04-25T10:43:45.680+0000] {dagbag.py:588} INFO - Filling up the DagBag from /home/airflow/.local/lib/python3.12/site-packages/airflow/example_dags/example_branch_operator.py
[2025-04-25T10:43:45.689+0000] {processor.py:925} INFO - DAG(s) 'example_branch_operator' retrieved from /home/airflow/.local/lib/python3.12/site-packages/airflow/example_dags/example_branch_operator.py
[2025-04-25T10:43:45.701+0000] {logging_mixin.py:190} INFO - [2025-04-25T10:43:45.701+0000] {dag.py:3239} INFO - Sync 1 DAGs
[2025-04-25T10:43:45.712+0000] {logging_mixin.py:190} INFO - [2025-04-25T10:43:45.712+0000] {dag.py:4180} INFO - Setting next_dagrun for example_branch_operator to 2025-04-24 00:00:00+00:00, run_after=2025-04-25 00:00:00+00:00
[2025-04-25T10:43:45.720+0000] {processor.py:208} INFO - Processing /home/airflow/.local/lib/python3.12/site-packages/airflow/example_dags/example_branch_operator.py took 0.045 seconds
[2025-04-25T10:44:16.959+0000] {processor.py:186} INFO - Started process (PID=453) to work on /home/airflow/.local/lib/python3.12/site-packages/airflow/example_dags/example_branch_operator.py
[2025-04-25T10:44:16.963+0000] {processor.py:914} INFO - Processing file /home/airflow/.local/lib/python3.12/site-packages/airflow/example_dags/example_branch_operator.py for tasks to queue
[2025-04-25T10:44:16.967+0000] {logging_mixin.py:190} INFO - [2025-04-25T10:44:16.967+0000] {dagbag.py:588} INFO - Filling up the DagBag from /home/airflow/.local/lib/python3.12/site-packages/airflow/example_dags/example_branch_operator.py
[2025-04-25T10:44:17.027+0000] {processor.py:925} INFO - DAG(s) 'example_branch_operator' retrieved from /home/airflow/.local/lib/python3.12/site-packages/airflow/example_dags/example_branch_operator.py
[2025-04-25T10:44:17.121+0000] {logging_mixin.py:190} INFO - [2025-04-25T10:44:17.120+0000] {dag.py:3239} INFO - Sync 1 DAGs
[2025-04-25T10:44:17.171+0000] {logging_mixin.py:190} INFO - [2025-04-25T10:44:17.171+0000] {dag.py:4180} INFO - Setting next_dagrun for example_branch_operator to 2025-04-24 00:00:00+00:00, run_after=2025-04-25 00:00:00+00:00
[2025-04-25T10:44:17.187+0000] {processor.py:208} INFO - Processing /home/airflow/.local/lib/python3.12/site-packages/airflow/example_dags/example_branch_operator.py took 0.243 seconds
[2025-04-25T10:44:48.125+0000] {processor.py:186} INFO - Started process (PID=516) to work on /home/airflow/.local/lib/python3.12/site-packages/airflow/example_dags/example_branch_operator.py
[2025-04-25T10:44:48.127+0000] {processor.py:914} INFO - Processing file /home/airflow/.local/lib/python3.12/site-packages/airflow/example_dags/example_branch_operator.py for tasks to queue
[2025-04-25T10:44:48.129+0000] {logging_mixin.py:190} INFO - [2025-04-25T10:44:48.129+0000] {dagbag.py:588} INFO - Filling up the DagBag from /home/airflow/.local/lib/python3.12/site-packages/airflow/example_dags/example_branch_operator.py
[2025-04-25T10:44:48.177+0000] {processor.py:925} INFO - DAG(s) 'example_branch_operator' retrieved from /home/airflow/.local/lib/python3.12/site-packages/airflow/example_dags/example_branch_operator.py
[2025-04-25T10:44:48.222+0000] {logging_mixin.py:190} INFO - [2025-04-25T10:44:48.222+0000] {dag.py:3239} INFO - Sync 1 DAGs
[2025-04-25T10:44:48.243+0000] {logging_mixin.py:190} INFO - [2025-04-25T10:44:48.243+0000] {dag.py:4180} INFO - Setting next_dagrun for example_branch_operator to 2025-04-24 00:00:00+00:00, run_after=2025-04-25 00:00:00+00:00
[2025-04-25T10:44:48.264+0000] {processor.py:208} INFO - Processing /home/airflow/.local/lib/python3.12/site-packages/airflow/example_dags/example_branch_operator.py took 0.147 seconds
[2025-04-25T10:45:18.568+0000] {processor.py:186} INFO - Started process (PID=578) to work on /home/airflow/.local/lib/python3.12/site-packages/airflow/example_dags/example_branch_operator.py
[2025-04-25T10:45:18.578+0000] {processor.py:914} INFO - Processing file /home/airflow/.local/lib/python3.12/site-packages/airflow/example_dags/example_branch_operator.py for tasks to queue
[2025-04-25T10:45:18.586+0000] {logging_mixin.py:190} INFO - [2025-04-25T10:45:18.585+0000] {dagbag.py:588} INFO - Filling up the DagBag from /home/airflow/.local/lib/python3.12/site-packages/airflow/example_dags/example_branch_operator.py
[2025-04-25T10:45:18.619+0000] {processor.py:925} INFO - DAG(s) 'example_branch_operator' retrieved from /home/airflow/.local/lib/python3.12/site-packages/airflow/example_dags/example_branch_operator.py
[2025-04-25T10:45:18.655+0000] {logging_mixin.py:190} INFO - [2025-04-25T10:45:18.655+0000] {dag.py:3239} INFO - Sync 1 DAGs
[2025-04-25T10:45:18.673+0000] {logging_mixin.py:190} INFO - [2025-04-25T10:45:18.673+0000] {dag.py:4180} INFO - Setting next_dagrun for example_branch_operator to 2025-04-24 00:00:00+00:00, run_after=2025-04-25 00:00:00+00:00
[2025-04-25T10:45:18.683+0000] {processor.py:208} INFO - Processing /home/airflow/.local/lib/python3.12/site-packages/airflow/example_dags/example_branch_operator.py took 0.128 seconds
[2025-04-25T10:45:49.450+0000] {processor.py:186} INFO - Started process (PID=641) to work on /home/airflow/.local/lib/python3.12/site-packages/airflow/example_dags/example_branch_operator.py
[2025-04-25T10:45:49.455+0000] {processor.py:914} INFO - Processing file /home/airflow/.local/lib/python3.12/site-packages/airflow/example_dags/example_branch_operator.py for tasks to queue
[2025-04-25T10:45:49.467+0000] {logging_mixin.py:190} INFO - [2025-04-25T10:45:49.467+0000] {dagbag.py:588} INFO - Filling up the DagBag from /home/airflow/.local/lib/python3.12/site-packages/airflow/example_dags/example_branch_operator.py
[2025-04-25T10:45:49.502+0000] {processor.py:925} INFO - DAG(s) 'example_branch_operator' retrieved from /home/airflow/.local/lib/python3.12/site-packages/airflow/example_dags/example_branch_operator.py
[2025-04-25T10:45:49.536+0000] {logging_mixin.py:190} INFO - [2025-04-25T10:45:49.536+0000] {dag.py:3239} INFO - Sync 1 DAGs
[2025-04-25T10:45:49.556+0000] {logging_mixin.py:190} INFO - [2025-04-25T10:45:49.555+0000] {dag.py:4180} INFO - Setting next_dagrun for example_branch_operator to 2025-04-24 00:00:00+00:00, run_after=2025-04-25 00:00:00+00:00
[2025-04-25T10:45:49.578+0000] {processor.py:208} INFO - Processing /home/airflow/.local/lib/python3.12/site-packages/airflow/example_dags/example_branch_operator.py took 0.141 seconds
[2025-04-25T10:46:20.082+0000] {processor.py:186} INFO - Started process (PID=704) to work on /home/airflow/.local/lib/python3.12/site-packages/airflow/example_dags/example_branch_operator.py
[2025-04-25T10:46:20.086+0000] {processor.py:914} INFO - Processing file /home/airflow/.local/lib/python3.12/site-packages/airflow/example_dags/example_branch_operator.py for tasks to queue
[2025-04-25T10:46:20.101+0000] {logging_mixin.py:190} INFO - [2025-04-25T10:46:20.101+0000] {dagbag.py:588} INFO - Filling up the DagBag from /home/airflow/.local/lib/python3.12/site-packages/airflow/example_dags/example_branch_operator.py
[2025-04-25T10:46:20.144+0000] {processor.py:925} INFO - DAG(s) 'example_branch_operator' retrieved from /home/airflow/.local/lib/python3.12/site-packages/airflow/example_dags/example_branch_operator.py
[2025-04-25T10:46:20.195+0000] {logging_mixin.py:190} INFO - [2025-04-25T10:46:20.195+0000] {dag.py:3239} INFO - Sync 1 DAGs
[2025-04-25T10:46:20.225+0000] {logging_mixin.py:190} INFO - [2025-04-25T10:46:20.225+0000] {dag.py:4180} INFO - Setting next_dagrun for example_branch_operator to 2025-04-24 00:00:00+00:00, run_after=2025-04-25 00:00:00+00:00
[2025-04-25T10:46:20.243+0000] {processor.py:208} INFO - Processing /home/airflow/.local/lib/python3.12/site-packages/airflow/example_dags/example_branch_operator.py took 0.174 seconds
[2025-04-25T10:46:50.373+0000] {processor.py:186} INFO - Started process (PID=767) to work on /home/airflow/.local/lib/python3.12/site-packages/airflow/example_dags/example_branch_operator.py
[2025-04-25T10:46:50.374+0000] {processor.py:914} INFO - Processing file /home/airflow/.local/lib/python3.12/site-packages/airflow/example_dags/example_branch_operator.py for tasks to queue
[2025-04-25T10:46:50.375+0000] {logging_mixin.py:190} INFO - [2025-04-25T10:46:50.375+0000] {dagbag.py:588} INFO - Filling up the DagBag from /home/airflow/.local/lib/python3.12/site-packages/airflow/example_dags/example_branch_operator.py
[2025-04-25T10:46:50.388+0000] {processor.py:925} INFO - DAG(s) 'example_branch_operator' retrieved from /home/airflow/.local/lib/python3.12/site-packages/airflow/example_dags/example_branch_operator.py
[2025-04-25T10:46:50.408+0000] {logging_mixin.py:190} INFO - [2025-04-25T10:46:50.407+0000] {dag.py:3239} INFO - Sync 1 DAGs
[2025-04-25T10:46:50.431+0000] {logging_mixin.py:190} INFO - [2025-04-25T10:46:50.430+0000] {dag.py:4180} INFO - Setting next_dagrun for example_branch_operator to 2025-04-24 00:00:00+00:00, run_after=2025-04-25 00:00:00+00:00
[2025-04-25T10:46:50.440+0000] {processor.py:208} INFO - Processing /home/airflow/.local/lib/python3.12/site-packages/airflow/example_dags/example_branch_operator.py took 0.072 seconds
[2025-04-25T10:47:21.243+0000] {processor.py:186} INFO - Started process (PID=829) to work on /home/airflow/.local/lib/python3.12/site-packages/airflow/example_dags/example_branch_operator.py
[2025-04-25T10:47:21.244+0000] {processor.py:914} INFO - Processing file /home/airflow/.local/lib/python3.12/site-packages/airflow/example_dags/example_branch_operator.py for tasks to queue
[2025-04-25T10:47:21.246+0000] {logging_mixin.py:190} INFO - [2025-04-25T10:47:21.246+0000] {dagbag.py:588} INFO - Filling up the DagBag from /home/airflow/.local/lib/python3.12/site-packages/airflow/example_dags/example_branch_operator.py
[2025-04-25T10:47:21.264+0000] {processor.py:925} INFO - DAG(s) 'example_branch_operator' retrieved from /home/airflow/.local/lib/python3.12/site-packages/airflow/example_dags/example_branch_operator.py
[2025-04-25T10:47:21.281+0000] {logging_mixin.py:190} INFO - [2025-04-25T10:47:21.281+0000] {dag.py:3239} INFO - Sync 1 DAGs
[2025-04-25T10:47:21.303+0000] {logging_mixin.py:190} INFO - [2025-04-25T10:47:21.303+0000] {dag.py:4180} INFO - Setting next_dagrun for example_branch_operator to 2025-04-24 00:00:00+00:00, run_after=2025-04-25 00:00:00+00:00
[2025-04-25T10:47:21.331+0000] {processor.py:208} INFO - Processing /home/airflow/.local/lib/python3.12/site-packages/airflow/example_dags/example_branch_operator.py took 0.093 seconds
[2025-04-25T10:47:52.366+0000] {processor.py:186} INFO - Started process (PID=892) to work on /home/airflow/.local/lib/python3.12/site-packages/airflow/example_dags/example_branch_operator.py
[2025-04-25T10:47:52.367+0000] {processor.py:914} INFO - Processing file /home/airflow/.local/lib/python3.12/site-packages/airflow/example_dags/example_branch_operator.py for tasks to queue
[2025-04-25T10:47:52.368+0000] {logging_mixin.py:190} INFO - [2025-04-25T10:47:52.368+0000] {dagbag.py:588} INFO - Filling up the DagBag from /home/airflow/.local/lib/python3.12/site-packages/airflow/example_dags/example_branch_operator.py
[2025-04-25T10:47:52.378+0000] {processor.py:925} INFO - DAG(s) 'example_branch_operator' retrieved from /home/airflow/.local/lib/python3.12/site-packages/airflow/example_dags/example_branch_operator.py
[2025-04-25T10:47:52.395+0000] {logging_mixin.py:190} INFO - [2025-04-25T10:47:52.395+0000] {dag.py:3239} INFO - Sync 1 DAGs
[2025-04-25T10:47:52.414+0000] {logging_mixin.py:190} INFO - [2025-04-25T10:47:52.414+0000] {dag.py:4180} INFO - Setting next_dagrun for example_branch_operator to 2025-04-24 00:00:00+00:00, run_after=2025-04-25 00:00:00+00:00
[2025-04-25T10:47:52.422+0000] {processor.py:208} INFO - Processing /home/airflow/.local/lib/python3.12/site-packages/airflow/example_dags/example_branch_operator.py took 0.060 seconds
[2025-04-25T10:48:23.034+0000] {processor.py:186} INFO - Started process (PID=955) to work on /home/airflow/.local/lib/python3.12/site-packages/airflow/example_dags/example_branch_operator.py
[2025-04-25T10:48:23.037+0000] {processor.py:914} INFO - Processing file /home/airflow/.local/lib/python3.12/site-packages/airflow/example_dags/example_branch_operator.py for tasks to queue
[2025-04-25T10:48:23.045+0000] {logging_mixin.py:190} INFO - [2025-04-25T10:48:23.045+0000] {dagbag.py:588} INFO - Filling up the DagBag from /home/airflow/.local/lib/python3.12/site-packages/airflow/example_dags/example_branch_operator.py
[2025-04-25T10:48:23.076+0000] {processor.py:925} INFO - DAG(s) 'example_branch_operator' retrieved from /home/airflow/.local/lib/python3.12/site-packages/airflow/example_dags/example_branch_operator.py
[2025-04-25T10:48:23.103+0000] {logging_mixin.py:190} INFO - [2025-04-25T10:48:23.103+0000] {dag.py:3239} INFO - Sync 1 DAGs
[2025-04-25T10:48:23.137+0000] {logging_mixin.py:190} INFO - [2025-04-25T10:48:23.137+0000] {dag.py:4180} INFO - Setting next_dagrun for example_branch_operator to 2025-04-24 00:00:00+00:00, run_after=2025-04-25 00:00:00+00:00
[2025-04-25T10:48:23.155+0000] {processor.py:208} INFO - Processing /home/airflow/.local/lib/python3.12/site-packages/airflow/example_dags/example_branch_operator.py took 0.125 seconds
[2025-04-25T10:48:54.354+0000] {processor.py:186} INFO - Started process (PID=1018) to work on /home/airflow/.local/lib/python3.12/site-packages/airflow/example_dags/example_branch_operator.py
[2025-04-25T10:48:54.363+0000] {processor.py:914} INFO - Processing file /home/airflow/.local/lib/python3.12/site-packages/airflow/example_dags/example_branch_operator.py for tasks to queue
[2025-04-25T10:48:54.370+0000] {logging_mixin.py:190} INFO - [2025-04-25T10:48:54.369+0000] {dagbag.py:588} INFO - Filling up the DagBag from /home/airflow/.local/lib/python3.12/site-packages/airflow/example_dags/example_branch_operator.py
[2025-04-25T10:48:54.395+0000] {processor.py:925} INFO - DAG(s) 'example_branch_operator' retrieved from /home/airflow/.local/lib/python3.12/site-packages/airflow/example_dags/example_branch_operator.py
[2025-04-25T10:48:54.434+0000] {logging_mixin.py:190} INFO - [2025-04-25T10:48:54.434+0000] {dag.py:3239} INFO - Sync 1 DAGs
[2025-04-25T10:48:54.525+0000] {logging_mixin.py:190} INFO - [2025-04-25T10:48:54.524+0000] {dag.py:4180} INFO - Setting next_dagrun for example_branch_operator to 2025-04-24 00:00:00+00:00, run_after=2025-04-25 00:00:00+00:00
[2025-04-25T10:48:54.564+0000] {processor.py:208} INFO - Processing /home/airflow/.local/lib/python3.12/site-packages/airflow/example_dags/example_branch_operator.py took 0.249 seconds
[2025-04-25T10:49:24.729+0000] {processor.py:186} INFO - Started process (PID=1080) to work on /home/airflow/.local/lib/python3.12/site-packages/airflow/example_dags/example_branch_operator.py
[2025-04-25T10:49:24.730+0000] {processor.py:914} INFO - Processing file /home/airflow/.local/lib/python3.12/site-packages/airflow/example_dags/example_branch_operator.py for tasks to queue
[2025-04-25T10:49:24.732+0000] {logging_mixin.py:190} INFO - [2025-04-25T10:49:24.732+0000] {dagbag.py:588} INFO - Filling up the DagBag from /home/airflow/.local/lib/python3.12/site-packages/airflow/example_dags/example_branch_operator.py
[2025-04-25T10:49:24.763+0000] {processor.py:925} INFO - DAG(s) 'example_branch_operator' retrieved from /home/airflow/.local/lib/python3.12/site-packages/airflow/example_dags/example_branch_operator.py
[2025-04-25T10:49:24.802+0000] {logging_mixin.py:190} INFO - [2025-04-25T10:49:24.802+0000] {dag.py:3239} INFO - Sync 1 DAGs
[2025-04-25T10:49:24.825+0000] {logging_mixin.py:190} INFO - [2025-04-25T10:49:24.824+0000] {dag.py:4180} INFO - Setting next_dagrun for example_branch_operator to 2025-04-24 00:00:00+00:00, run_after=2025-04-25 00:00:00+00:00
[2025-04-25T10:49:24.838+0000] {processor.py:208} INFO - Processing /home/airflow/.local/lib/python3.12/site-packages/airflow/example_dags/example_branch_operator.py took 0.116 seconds
[2025-04-25T10:49:58.415+0000] {processor.py:186} INFO - Started process (PID=1144) to work on /home/airflow/.local/lib/python3.12/site-packages/airflow/example_dags/example_branch_operator.py
[2025-04-25T10:49:58.429+0000] {processor.py:914} INFO - Processing file /home/airflow/.local/lib/python3.12/site-packages/airflow/example_dags/example_branch_operator.py for tasks to queue
[2025-04-25T10:49:58.445+0000] {logging_mixin.py:190} INFO - [2025-04-25T10:49:58.443+0000] {dagbag.py:588} INFO - Filling up the DagBag from /home/airflow/.local/lib/python3.12/site-packages/airflow/example_dags/example_branch_operator.py
[2025-04-25T10:49:58.557+0000] {processor.py:925} INFO - DAG(s) 'example_branch_operator' retrieved from /home/airflow/.local/lib/python3.12/site-packages/airflow/example_dags/example_branch_operator.py
[2025-04-25T10:49:58.734+0000] {logging_mixin.py:190} INFO - [2025-04-25T10:49:58.733+0000] {dag.py:3239} INFO - Sync 1 DAGs
[2025-04-25T10:49:58.819+0000] {logging_mixin.py:190} INFO - [2025-04-25T10:49:58.818+0000] {dag.py:4180} INFO - Setting next_dagrun for example_branch_operator to 2025-04-24 00:00:00+00:00, run_after=2025-04-25 00:00:00+00:00
[2025-04-25T10:49:58.849+0000] {processor.py:208} INFO - Processing /home/airflow/.local/lib/python3.12/site-packages/airflow/example_dags/example_branch_operator.py took 0.492 seconds
[2025-04-25T10:50:42.079+0000] {processor.py:186} INFO - Started process (PID=1207) to work on /home/airflow/.local/lib/python3.12/site-packages/airflow/example_dags/example_branch_operator.py
[2025-04-25T10:50:42.080+0000] {processor.py:914} INFO - Processing file /home/airflow/.local/lib/python3.12/site-packages/airflow/example_dags/example_branch_operator.py for tasks to queue
[2025-04-25T10:50:42.082+0000] {logging_mixin.py:190} INFO - [2025-04-25T10:50:42.082+0000] {dagbag.py:588} INFO - Filling up the DagBag from /home/airflow/.local/lib/python3.12/site-packages/airflow/example_dags/example_branch_operator.py
[2025-04-25T10:50:42.094+0000] {processor.py:925} INFO - DAG(s) 'example_branch_operator' retrieved from /home/airflow/.local/lib/python3.12/site-packages/airflow/example_dags/example_branch_operator.py
[2025-04-25T10:50:42.118+0000] {logging_mixin.py:190} INFO - [2025-04-25T10:50:42.117+0000] {dag.py:3239} INFO - Sync 1 DAGs
[2025-04-25T10:50:42.148+0000] {logging_mixin.py:190} INFO - [2025-04-25T10:50:42.148+0000] {dag.py:4180} INFO - Setting next_dagrun for example_branch_operator to 2025-04-24 00:00:00+00:00, run_after=2025-04-25 00:00:00+00:00
[2025-04-25T10:50:42.168+0000] {processor.py:208} INFO - Processing /home/airflow/.local/lib/python3.12/site-packages/airflow/example_dags/example_branch_operator.py took 0.093 seconds
[2025-04-25T10:51:14.347+0000] {processor.py:186} INFO - Started process (PID=1259) to work on /home/airflow/.local/lib/python3.12/site-packages/airflow/example_dags/example_branch_operator.py
[2025-04-25T10:51:14.349+0000] {processor.py:914} INFO - Processing file /home/airflow/.local/lib/python3.12/site-packages/airflow/example_dags/example_branch_operator.py for tasks to queue
[2025-04-25T10:51:14.351+0000] {logging_mixin.py:190} INFO - [2025-04-25T10:51:14.351+0000] {dagbag.py:588} INFO - Filling up the DagBag from /home/airflow/.local/lib/python3.12/site-packages/airflow/example_dags/example_branch_operator.py
[2025-04-25T10:51:14.365+0000] {processor.py:925} INFO - DAG(s) 'example_branch_operator' retrieved from /home/airflow/.local/lib/python3.12/site-packages/airflow/example_dags/example_branch_operator.py
[2025-04-25T10:51:14.393+0000] {logging_mixin.py:190} INFO - [2025-04-25T10:51:14.393+0000] {dag.py:3239} INFO - Sync 1 DAGs
[2025-04-25T10:51:14.424+0000] {logging_mixin.py:190} INFO - [2025-04-25T10:51:14.424+0000] {dag.py:4180} INFO - Setting next_dagrun for example_branch_operator to 2025-04-24 00:00:00+00:00, run_after=2025-04-25 00:00:00+00:00
[2025-04-25T10:51:14.436+0000] {processor.py:208} INFO - Processing /home/airflow/.local/lib/python3.12/site-packages/airflow/example_dags/example_branch_operator.py took 0.092 seconds
[2025-04-25T10:51:46.278+0000] {processor.py:186} INFO - Started process (PID=1322) to work on /home/airflow/.local/lib/python3.12/site-packages/airflow/example_dags/example_branch_operator.py
[2025-04-25T10:51:46.280+0000] {processor.py:914} INFO - Processing file /home/airflow/.local/lib/python3.12/site-packages/airflow/example_dags/example_branch_operator.py for tasks to queue
[2025-04-25T10:51:46.281+0000] {logging_mixin.py:190} INFO - [2025-04-25T10:51:46.281+0000] {dagbag.py:588} INFO - Filling up the DagBag from /home/airflow/.local/lib/python3.12/site-packages/airflow/example_dags/example_branch_operator.py
[2025-04-25T10:51:46.294+0000] {processor.py:925} INFO - DAG(s) 'example_branch_operator' retrieved from /home/airflow/.local/lib/python3.12/site-packages/airflow/example_dags/example_branch_operator.py
[2025-04-25T10:51:46.326+0000] {logging_mixin.py:190} INFO - [2025-04-25T10:51:46.326+0000] {dag.py:3239} INFO - Sync 1 DAGs
[2025-04-25T10:51:46.337+0000] {logging_mixin.py:190} INFO - [2025-04-25T10:51:46.337+0000] {dag.py:4180} INFO - Setting next_dagrun for example_branch_operator to 2025-04-24 00:00:00+00:00, run_after=2025-04-25 00:00:00+00:00
[2025-04-25T10:51:46.350+0000] {processor.py:208} INFO - Processing /home/airflow/.local/lib/python3.12/site-packages/airflow/example_dags/example_branch_operator.py took 0.076 seconds
[2025-04-25T10:52:16.831+0000] {processor.py:186} INFO - Started process (PID=1378) to work on /home/airflow/.local/lib/python3.12/site-packages/airflow/example_dags/example_branch_operator.py
[2025-04-25T10:52:16.840+0000] {processor.py:914} INFO - Processing file /home/airflow/.local/lib/python3.12/site-packages/airflow/example_dags/example_branch_operator.py for tasks to queue
[2025-04-25T10:52:16.848+0000] {logging_mixin.py:190} INFO - [2025-04-25T10:52:16.847+0000] {dagbag.py:588} INFO - Filling up the DagBag from /home/airflow/.local/lib/python3.12/site-packages/airflow/example_dags/example_branch_operator.py
[2025-04-25T10:52:16.897+0000] {processor.py:925} INFO - DAG(s) 'example_branch_operator' retrieved from /home/airflow/.local/lib/python3.12/site-packages/airflow/example_dags/example_branch_operator.py
[2025-04-25T10:52:16.940+0000] {logging_mixin.py:190} INFO - [2025-04-25T10:52:16.940+0000] {dag.py:3239} INFO - Sync 1 DAGs
[2025-04-25T10:52:16.984+0000] {logging_mixin.py:190} INFO - [2025-04-25T10:52:16.984+0000] {dag.py:4180} INFO - Setting next_dagrun for example_branch_operator to 2025-04-24 00:00:00+00:00, run_after=2025-04-25 00:00:00+00:00
[2025-04-25T10:52:17.009+0000] {processor.py:208} INFO - Processing /home/airflow/.local/lib/python3.12/site-packages/airflow/example_dags/example_branch_operator.py took 0.201 seconds
[2025-04-25T10:52:47.651+0000] {processor.py:186} INFO - Started process (PID=1441) to work on /home/airflow/.local/lib/python3.12/site-packages/airflow/example_dags/example_branch_operator.py
[2025-04-25T10:52:47.655+0000] {processor.py:914} INFO - Processing file /home/airflow/.local/lib/python3.12/site-packages/airflow/example_dags/example_branch_operator.py for tasks to queue
[2025-04-25T10:52:47.666+0000] {logging_mixin.py:190} INFO - [2025-04-25T10:52:47.665+0000] {dagbag.py:588} INFO - Filling up the DagBag from /home/airflow/.local/lib/python3.12/site-packages/airflow/example_dags/example_branch_operator.py
[2025-04-25T10:52:47.689+0000] {processor.py:925} INFO - DAG(s) 'example_branch_operator' retrieved from /home/airflow/.local/lib/python3.12/site-packages/airflow/example_dags/example_branch_operator.py
[2025-04-25T10:52:47.715+0000] {logging_mixin.py:190} INFO - [2025-04-25T10:52:47.715+0000] {dag.py:3239} INFO - Sync 1 DAGs
[2025-04-25T10:52:47.734+0000] {logging_mixin.py:190} INFO - [2025-04-25T10:52:47.734+0000] {dag.py:4180} INFO - Setting next_dagrun for example_branch_operator to 2025-04-24 00:00:00+00:00, run_after=2025-04-25 00:00:00+00:00
[2025-04-25T10:52:47.753+0000] {processor.py:208} INFO - Processing /home/airflow/.local/lib/python3.12/site-packages/airflow/example_dags/example_branch_operator.py took 0.111 seconds
[2025-04-25T10:53:18.201+0000] {processor.py:186} INFO - Started process (PID=1504) to work on /home/airflow/.local/lib/python3.12/site-packages/airflow/example_dags/example_branch_operator.py
[2025-04-25T10:53:18.203+0000] {processor.py:914} INFO - Processing file /home/airflow/.local/lib/python3.12/site-packages/airflow/example_dags/example_branch_operator.py for tasks to queue
[2025-04-25T10:53:18.208+0000] {logging_mixin.py:190} INFO - [2025-04-25T10:53:18.208+0000] {dagbag.py:588} INFO - Filling up the DagBag from /home/airflow/.local/lib/python3.12/site-packages/airflow/example_dags/example_branch_operator.py
[2025-04-25T10:53:18.260+0000] {processor.py:925} INFO - DAG(s) 'example_branch_operator' retrieved from /home/airflow/.local/lib/python3.12/site-packages/airflow/example_dags/example_branch_operator.py
[2025-04-25T10:53:18.294+0000] {logging_mixin.py:190} INFO - [2025-04-25T10:53:18.293+0000] {dag.py:3239} INFO - Sync 1 DAGs
[2025-04-25T10:53:18.319+0000] {logging_mixin.py:190} INFO - [2025-04-25T10:53:18.319+0000] {dag.py:4180} INFO - Setting next_dagrun for example_branch_operator to 2025-04-24 00:00:00+00:00, run_after=2025-04-25 00:00:00+00:00
[2025-04-25T10:53:18.333+0000] {processor.py:208} INFO - Processing /home/airflow/.local/lib/python3.12/site-packages/airflow/example_dags/example_branch_operator.py took 0.143 seconds
[2025-04-25T10:53:48.610+0000] {processor.py:186} INFO - Started process (PID=1567) to work on /home/airflow/.local/lib/python3.12/site-packages/airflow/example_dags/example_branch_operator.py
[2025-04-25T10:53:48.625+0000] {processor.py:914} INFO - Processing file /home/airflow/.local/lib/python3.12/site-packages/airflow/example_dags/example_branch_operator.py for tasks to queue
[2025-04-25T10:53:48.631+0000] {logging_mixin.py:190} INFO - [2025-04-25T10:53:48.630+0000] {dagbag.py:588} INFO - Filling up the DagBag from /home/airflow/.local/lib/python3.12/site-packages/airflow/example_dags/example_branch_operator.py
[2025-04-25T10:53:48.686+0000] {processor.py:925} INFO - DAG(s) 'example_branch_operator' retrieved from /home/airflow/.local/lib/python3.12/site-packages/airflow/example_dags/example_branch_operator.py
[2025-04-25T10:53:48.739+0000] {logging_mixin.py:190} INFO - [2025-04-25T10:53:48.739+0000] {dag.py:3239} INFO - Sync 1 DAGs
[2025-04-25T10:53:48.771+0000] {logging_mixin.py:190} INFO - [2025-04-25T10:53:48.771+0000] {dag.py:4180} INFO - Setting next_dagrun for example_branch_operator to 2025-04-24 00:00:00+00:00, run_after=2025-04-25 00:00:00+00:00
[2025-04-25T10:53:48.788+0000] {processor.py:208} INFO - Processing /home/airflow/.local/lib/python3.12/site-packages/airflow/example_dags/example_branch_operator.py took 0.222 seconds
[2025-04-25T10:54:19.399+0000] {processor.py:186} INFO - Started process (PID=1630) to work on /home/airflow/.local/lib/python3.12/site-packages/airflow/example_dags/example_branch_operator.py
[2025-04-25T10:54:19.404+0000] {processor.py:914} INFO - Processing file /home/airflow/.local/lib/python3.12/site-packages/airflow/example_dags/example_branch_operator.py for tasks to queue
[2025-04-25T10:54:19.410+0000] {logging_mixin.py:190} INFO - [2025-04-25T10:54:19.409+0000] {dagbag.py:588} INFO - Filling up the DagBag from /home/airflow/.local/lib/python3.12/site-packages/airflow/example_dags/example_branch_operator.py
[2025-04-25T10:54:19.433+0000] {processor.py:925} INFO - DAG(s) 'example_branch_operator' retrieved from /home/airflow/.local/lib/python3.12/site-packages/airflow/example_dags/example_branch_operator.py
[2025-04-25T10:54:19.458+0000] {logging_mixin.py:190} INFO - [2025-04-25T10:54:19.458+0000] {dag.py:3239} INFO - Sync 1 DAGs
[2025-04-25T10:54:19.483+0000] {logging_mixin.py:190} INFO - [2025-04-25T10:54:19.483+0000] {dag.py:4180} INFO - Setting next_dagrun for example_branch_operator to 2025-04-24 00:00:00+00:00, run_after=2025-04-25 00:00:00+00:00
[2025-04-25T10:54:19.491+0000] {processor.py:208} INFO - Processing /home/airflow/.local/lib/python3.12/site-packages/airflow/example_dags/example_branch_operator.py took 0.108 seconds
[2025-04-25T10:54:50.033+0000] {processor.py:186} INFO - Started process (PID=1693) to work on /home/airflow/.local/lib/python3.12/site-packages/airflow/example_dags/example_branch_operator.py
[2025-04-25T10:54:50.035+0000] {processor.py:914} INFO - Processing file /home/airflow/.local/lib/python3.12/site-packages/airflow/example_dags/example_branch_operator.py for tasks to queue
[2025-04-25T10:54:50.048+0000] {logging_mixin.py:190} INFO - [2025-04-25T10:54:50.047+0000] {dagbag.py:588} INFO - Filling up the DagBag from /home/airflow/.local/lib/python3.12/site-packages/airflow/example_dags/example_branch_operator.py
[2025-04-25T10:54:50.070+0000] {processor.py:925} INFO - DAG(s) 'example_branch_operator' retrieved from /home/airflow/.local/lib/python3.12/site-packages/airflow/example_dags/example_branch_operator.py
[2025-04-25T10:54:50.095+0000] {logging_mixin.py:190} INFO - [2025-04-25T10:54:50.095+0000] {dag.py:3239} INFO - Sync 1 DAGs
[2025-04-25T10:54:50.109+0000] {logging_mixin.py:190} INFO - [2025-04-25T10:54:50.109+0000] {dag.py:4180} INFO - Setting next_dagrun for example_branch_operator to 2025-04-24 00:00:00+00:00, run_after=2025-04-25 00:00:00+00:00
[2025-04-25T10:54:50.122+0000] {processor.py:208} INFO - Processing /home/airflow/.local/lib/python3.12/site-packages/airflow/example_dags/example_branch_operator.py took 0.098 seconds
[2025-04-25T10:55:20.177+0000] {processor.py:186} INFO - Started process (PID=1756) to work on /home/airflow/.local/lib/python3.12/site-packages/airflow/example_dags/example_branch_operator.py
[2025-04-25T10:55:20.179+0000] {processor.py:914} INFO - Processing file /home/airflow/.local/lib/python3.12/site-packages/airflow/example_dags/example_branch_operator.py for tasks to queue
[2025-04-25T10:55:20.181+0000] {logging_mixin.py:190} INFO - [2025-04-25T10:55:20.181+0000] {dagbag.py:588} INFO - Filling up the DagBag from /home/airflow/.local/lib/python3.12/site-packages/airflow/example_dags/example_branch_operator.py
[2025-04-25T10:55:20.197+0000] {processor.py:925} INFO - DAG(s) 'example_branch_operator' retrieved from /home/airflow/.local/lib/python3.12/site-packages/airflow/example_dags/example_branch_operator.py
[2025-04-25T10:55:20.212+0000] {logging_mixin.py:190} INFO - [2025-04-25T10:55:20.212+0000] {dag.py:3239} INFO - Sync 1 DAGs
[2025-04-25T10:55:20.228+0000] {logging_mixin.py:190} INFO - [2025-04-25T10:55:20.227+0000] {dag.py:4180} INFO - Setting next_dagrun for example_branch_operator to 2025-04-24 00:00:00+00:00, run_after=2025-04-25 00:00:00+00:00
[2025-04-25T10:55:20.239+0000] {processor.py:208} INFO - Processing /home/airflow/.local/lib/python3.12/site-packages/airflow/example_dags/example_branch_operator.py took 0.066 seconds
[2025-04-25T10:55:51.292+0000] {processor.py:186} INFO - Started process (PID=1819) to work on /home/airflow/.local/lib/python3.12/site-packages/airflow/example_dags/example_branch_operator.py
[2025-04-25T10:55:51.294+0000] {processor.py:914} INFO - Processing file /home/airflow/.local/lib/python3.12/site-packages/airflow/example_dags/example_branch_operator.py for tasks to queue
[2025-04-25T10:55:51.298+0000] {logging_mixin.py:190} INFO - [2025-04-25T10:55:51.297+0000] {dagbag.py:588} INFO - Filling up the DagBag from /home/airflow/.local/lib/python3.12/site-packages/airflow/example_dags/example_branch_operator.py
[2025-04-25T10:55:51.333+0000] {processor.py:925} INFO - DAG(s) 'example_branch_operator' retrieved from /home/airflow/.local/lib/python3.12/site-packages/airflow/example_dags/example_branch_operator.py
[2025-04-25T10:55:51.359+0000] {logging_mixin.py:190} INFO - [2025-04-25T10:55:51.359+0000] {dag.py:3239} INFO - Sync 1 DAGs
[2025-04-25T10:55:51.444+0000] {logging_mixin.py:190} INFO - [2025-04-25T10:55:51.444+0000] {dag.py:4180} INFO - Setting next_dagrun for example_branch_operator to 2025-04-24 00:00:00+00:00, run_after=2025-04-25 00:00:00+00:00
[2025-04-25T10:55:51.490+0000] {processor.py:208} INFO - Processing /home/airflow/.local/lib/python3.12/site-packages/airflow/example_dags/example_branch_operator.py took 0.201 seconds
[2025-04-25T10:56:21.926+0000] {processor.py:186} INFO - Started process (PID=1888) to work on /home/airflow/.local/lib/python3.12/site-packages/airflow/example_dags/example_branch_operator.py
[2025-04-25T10:56:21.928+0000] {processor.py:914} INFO - Processing file /home/airflow/.local/lib/python3.12/site-packages/airflow/example_dags/example_branch_operator.py for tasks to queue
[2025-04-25T10:56:21.929+0000] {logging_mixin.py:190} INFO - [2025-04-25T10:56:21.929+0000] {dagbag.py:588} INFO - Filling up the DagBag from /home/airflow/.local/lib/python3.12/site-packages/airflow/example_dags/example_branch_operator.py
[2025-04-25T10:56:21.943+0000] {processor.py:925} INFO - DAG(s) 'example_branch_operator' retrieved from /home/airflow/.local/lib/python3.12/site-packages/airflow/example_dags/example_branch_operator.py
[2025-04-25T10:56:21.961+0000] {logging_mixin.py:190} INFO - [2025-04-25T10:56:21.961+0000] {dag.py:3239} INFO - Sync 1 DAGs
[2025-04-25T10:56:21.977+0000] {logging_mixin.py:190} INFO - [2025-04-25T10:56:21.977+0000] {dag.py:4180} INFO - Setting next_dagrun for example_branch_operator to 2025-04-24 00:00:00+00:00, run_after=2025-04-25 00:00:00+00:00
[2025-04-25T10:56:21.995+0000] {processor.py:208} INFO - Processing /home/airflow/.local/lib/python3.12/site-packages/airflow/example_dags/example_branch_operator.py took 0.081 seconds
[2025-04-25T10:56:53.124+0000] {processor.py:186} INFO - Started process (PID=1951) to work on /home/airflow/.local/lib/python3.12/site-packages/airflow/example_dags/example_branch_operator.py
[2025-04-25T10:56:53.126+0000] {processor.py:914} INFO - Processing file /home/airflow/.local/lib/python3.12/site-packages/airflow/example_dags/example_branch_operator.py for tasks to queue
[2025-04-25T10:56:53.128+0000] {logging_mixin.py:190} INFO - [2025-04-25T10:56:53.128+0000] {dagbag.py:588} INFO - Filling up the DagBag from /home/airflow/.local/lib/python3.12/site-packages/airflow/example_dags/example_branch_operator.py
[2025-04-25T10:56:53.178+0000] {processor.py:925} INFO - DAG(s) 'example_branch_operator' retrieved from /home/airflow/.local/lib/python3.12/site-packages/airflow/example_dags/example_branch_operator.py
[2025-04-25T10:56:53.216+0000] {logging_mixin.py:190} INFO - [2025-04-25T10:56:53.216+0000] {dag.py:3239} INFO - Sync 1 DAGs
[2025-04-25T10:56:53.291+0000] {logging_mixin.py:190} INFO - [2025-04-25T10:56:53.291+0000] {dag.py:4180} INFO - Setting next_dagrun for example_branch_operator to 2025-04-24 00:00:00+00:00, run_after=2025-04-25 00:00:00+00:00
[2025-04-25T10:56:53.338+0000] {processor.py:208} INFO - Processing /home/airflow/.local/lib/python3.12/site-packages/airflow/example_dags/example_branch_operator.py took 0.220 seconds
[2025-04-25T10:57:24.337+0000] {processor.py:186} INFO - Started process (PID=2013) to work on /home/airflow/.local/lib/python3.12/site-packages/airflow/example_dags/example_branch_operator.py
[2025-04-25T10:57:24.344+0000] {processor.py:914} INFO - Processing file /home/airflow/.local/lib/python3.12/site-packages/airflow/example_dags/example_branch_operator.py for tasks to queue
[2025-04-25T10:57:24.352+0000] {logging_mixin.py:190} INFO - [2025-04-25T10:57:24.352+0000] {dagbag.py:588} INFO - Filling up the DagBag from /home/airflow/.local/lib/python3.12/site-packages/airflow/example_dags/example_branch_operator.py
[2025-04-25T10:57:24.386+0000] {processor.py:925} INFO - DAG(s) 'example_branch_operator' retrieved from /home/airflow/.local/lib/python3.12/site-packages/airflow/example_dags/example_branch_operator.py
[2025-04-25T10:57:24.405+0000] {logging_mixin.py:190} INFO - [2025-04-25T10:57:24.405+0000] {dag.py:3239} INFO - Sync 1 DAGs
[2025-04-25T10:57:24.423+0000] {logging_mixin.py:190} INFO - [2025-04-25T10:57:24.422+0000] {dag.py:4180} INFO - Setting next_dagrun for example_branch_operator to 2025-04-24 00:00:00+00:00, run_after=2025-04-25 00:00:00+00:00
[2025-04-25T10:57:24.440+0000] {processor.py:208} INFO - Processing /home/airflow/.local/lib/python3.12/site-packages/airflow/example_dags/example_branch_operator.py took 0.116 seconds
[2025-04-25T10:57:54.674+0000] {processor.py:186} INFO - Started process (PID=2076) to work on /home/airflow/.local/lib/python3.12/site-packages/airflow/example_dags/example_branch_operator.py
[2025-04-25T10:57:54.677+0000] {processor.py:914} INFO - Processing file /home/airflow/.local/lib/python3.12/site-packages/airflow/example_dags/example_branch_operator.py for tasks to queue
[2025-04-25T10:57:54.682+0000] {logging_mixin.py:190} INFO - [2025-04-25T10:57:54.681+0000] {dagbag.py:588} INFO - Filling up the DagBag from /home/airflow/.local/lib/python3.12/site-packages/airflow/example_dags/example_branch_operator.py
[2025-04-25T10:57:54.715+0000] {processor.py:925} INFO - DAG(s) 'example_branch_operator' retrieved from /home/airflow/.local/lib/python3.12/site-packages/airflow/example_dags/example_branch_operator.py
[2025-04-25T10:57:54.771+0000] {logging_mixin.py:190} INFO - [2025-04-25T10:57:54.771+0000] {dag.py:3239} INFO - Sync 1 DAGs
[2025-04-25T10:57:54.794+0000] {logging_mixin.py:190} INFO - [2025-04-25T10:57:54.794+0000] {dag.py:4180} INFO - Setting next_dagrun for example_branch_operator to 2025-04-24 00:00:00+00:00, run_after=2025-04-25 00:00:00+00:00
[2025-04-25T10:57:54.811+0000] {processor.py:208} INFO - Processing /home/airflow/.local/lib/python3.12/site-packages/airflow/example_dags/example_branch_operator.py took 0.146 seconds
[2025-04-25T10:58:25.019+0000] {processor.py:186} INFO - Started process (PID=2139) to work on /home/airflow/.local/lib/python3.12/site-packages/airflow/example_dags/example_branch_operator.py
[2025-04-25T10:58:25.022+0000] {processor.py:914} INFO - Processing file /home/airflow/.local/lib/python3.12/site-packages/airflow/example_dags/example_branch_operator.py for tasks to queue
[2025-04-25T10:58:25.029+0000] {logging_mixin.py:190} INFO - [2025-04-25T10:58:25.026+0000] {dagbag.py:588} INFO - Filling up the DagBag from /home/airflow/.local/lib/python3.12/site-packages/airflow/example_dags/example_branch_operator.py
[2025-04-25T10:58:25.062+0000] {processor.py:925} INFO - DAG(s) 'example_branch_operator' retrieved from /home/airflow/.local/lib/python3.12/site-packages/airflow/example_dags/example_branch_operator.py
[2025-04-25T10:58:25.092+0000] {logging_mixin.py:190} INFO - [2025-04-25T10:58:25.092+0000] {dag.py:3239} INFO - Sync 1 DAGs
[2025-04-25T10:58:25.109+0000] {logging_mixin.py:190} INFO - [2025-04-25T10:58:25.109+0000] {dag.py:4180} INFO - Setting next_dagrun for example_branch_operator to 2025-04-24 00:00:00+00:00, run_after=2025-04-25 00:00:00+00:00
[2025-04-25T10:58:25.123+0000] {processor.py:208} INFO - Processing /home/airflow/.local/lib/python3.12/site-packages/airflow/example_dags/example_branch_operator.py took 0.114 seconds
[2025-04-25T10:58:55.757+0000] {processor.py:186} INFO - Started process (PID=2202) to work on /home/airflow/.local/lib/python3.12/site-packages/airflow/example_dags/example_branch_operator.py
[2025-04-25T10:58:55.759+0000] {processor.py:914} INFO - Processing file /home/airflow/.local/lib/python3.12/site-packages/airflow/example_dags/example_branch_operator.py for tasks to queue
[2025-04-25T10:58:55.763+0000] {logging_mixin.py:190} INFO - [2025-04-25T10:58:55.762+0000] {dagbag.py:588} INFO - Filling up the DagBag from /home/airflow/.local/lib/python3.12/site-packages/airflow/example_dags/example_branch_operator.py
[2025-04-25T10:58:55.794+0000] {processor.py:925} INFO - DAG(s) 'example_branch_operator' retrieved from /home/airflow/.local/lib/python3.12/site-packages/airflow/example_dags/example_branch_operator.py
[2025-04-25T10:58:55.827+0000] {logging_mixin.py:190} INFO - [2025-04-25T10:58:55.827+0000] {dag.py:3239} INFO - Sync 1 DAGs
[2025-04-25T10:58:55.848+0000] {logging_mixin.py:190} INFO - [2025-04-25T10:58:55.848+0000] {dag.py:4180} INFO - Setting next_dagrun for example_branch_operator to 2025-04-24 00:00:00+00:00, run_after=2025-04-25 00:00:00+00:00
[2025-04-25T10:58:55.858+0000] {processor.py:208} INFO - Processing /home/airflow/.local/lib/python3.12/site-packages/airflow/example_dags/example_branch_operator.py took 0.112 seconds
[2025-04-25T10:59:25.951+0000] {processor.py:186} INFO - Started process (PID=2265) to work on /home/airflow/.local/lib/python3.12/site-packages/airflow/example_dags/example_branch_operator.py
[2025-04-25T10:59:25.955+0000] {processor.py:914} INFO - Processing file /home/airflow/.local/lib/python3.12/site-packages/airflow/example_dags/example_branch_operator.py for tasks to queue
[2025-04-25T10:59:25.965+0000] {logging_mixin.py:190} INFO - [2025-04-25T10:59:25.964+0000] {dagbag.py:588} INFO - Filling up the DagBag from /home/airflow/.local/lib/python3.12/site-packages/airflow/example_dags/example_branch_operator.py
[2025-04-25T10:59:25.989+0000] {processor.py:925} INFO - DAG(s) 'example_branch_operator' retrieved from /home/airflow/.local/lib/python3.12/site-packages/airflow/example_dags/example_branch_operator.py
[2025-04-25T10:59:26.031+0000] {logging_mixin.py:190} INFO - [2025-04-25T10:59:26.031+0000] {dag.py:3239} INFO - Sync 1 DAGs
[2025-04-25T10:59:26.072+0000] {logging_mixin.py:190} INFO - [2025-04-25T10:59:26.072+0000] {dag.py:4180} INFO - Setting next_dagrun for example_branch_operator to 2025-04-24 00:00:00+00:00, run_after=2025-04-25 00:00:00+00:00
[2025-04-25T10:59:26.086+0000] {processor.py:208} INFO - Processing /home/airflow/.local/lib/python3.12/site-packages/airflow/example_dags/example_branch_operator.py took 0.147 seconds
[2025-04-25T10:59:58.679+0000] {processor.py:186} INFO - Started process (PID=2328) to work on /home/airflow/.local/lib/python3.12/site-packages/airflow/example_dags/example_branch_operator.py
[2025-04-25T10:59:58.705+0000] {processor.py:914} INFO - Processing file /home/airflow/.local/lib/python3.12/site-packages/airflow/example_dags/example_branch_operator.py for tasks to queue
[2025-04-25T10:59:58.731+0000] {logging_mixin.py:190} INFO - [2025-04-25T10:59:58.730+0000] {dagbag.py:588} INFO - Filling up the DagBag from /home/airflow/.local/lib/python3.12/site-packages/airflow/example_dags/example_branch_operator.py
[2025-04-25T10:59:58.844+0000] {processor.py:925} INFO - DAG(s) 'example_branch_operator' retrieved from /home/airflow/.local/lib/python3.12/site-packages/airflow/example_dags/example_branch_operator.py
[2025-04-25T10:59:58.931+0000] {logging_mixin.py:190} INFO - [2025-04-25T10:59:58.930+0000] {dag.py:3239} INFO - Sync 1 DAGs
[2025-04-25T10:59:59.011+0000] {logging_mixin.py:190} INFO - [2025-04-25T10:59:59.009+0000] {dag.py:4180} INFO - Setting next_dagrun for example_branch_operator to 2025-04-24 00:00:00+00:00, run_after=2025-04-25 00:00:00+00:00
[2025-04-25T10:59:59.066+0000] {processor.py:208} INFO - Processing /home/airflow/.local/lib/python3.12/site-packages/airflow/example_dags/example_branch_operator.py took 0.406 seconds
[2025-04-25T11:00:29.702+0000] {processor.py:186} INFO - Started process (PID=2391) to work on /home/airflow/.local/lib/python3.12/site-packages/airflow/example_dags/example_branch_operator.py
[2025-04-25T11:00:29.703+0000] {processor.py:914} INFO - Processing file /home/airflow/.local/lib/python3.12/site-packages/airflow/example_dags/example_branch_operator.py for tasks to queue
[2025-04-25T11:00:29.705+0000] {logging_mixin.py:190} INFO - [2025-04-25T11:00:29.705+0000] {dagbag.py:588} INFO - Filling up the DagBag from /home/airflow/.local/lib/python3.12/site-packages/airflow/example_dags/example_branch_operator.py
[2025-04-25T11:00:29.726+0000] {processor.py:925} INFO - DAG(s) 'example_branch_operator' retrieved from /home/airflow/.local/lib/python3.12/site-packages/airflow/example_dags/example_branch_operator.py
[2025-04-25T11:00:29.763+0000] {logging_mixin.py:190} INFO - [2025-04-25T11:00:29.763+0000] {dag.py:3239} INFO - Sync 1 DAGs
[2025-04-25T11:00:29.786+0000] {logging_mixin.py:190} INFO - [2025-04-25T11:00:29.786+0000] {dag.py:4180} INFO - Setting next_dagrun for example_branch_operator to 2025-04-24 00:00:00+00:00, run_after=2025-04-25 00:00:00+00:00
[2025-04-25T11:00:29.803+0000] {processor.py:208} INFO - Processing /home/airflow/.local/lib/python3.12/site-packages/airflow/example_dags/example_branch_operator.py took 0.104 seconds
[2025-04-25T11:01:00.480+0000] {processor.py:186} INFO - Started process (PID=2453) to work on /home/airflow/.local/lib/python3.12/site-packages/airflow/example_dags/example_branch_operator.py
[2025-04-25T11:01:00.482+0000] {processor.py:914} INFO - Processing file /home/airflow/.local/lib/python3.12/site-packages/airflow/example_dags/example_branch_operator.py for tasks to queue
[2025-04-25T11:01:00.492+0000] {logging_mixin.py:190} INFO - [2025-04-25T11:01:00.491+0000] {dagbag.py:588} INFO - Filling up the DagBag from /home/airflow/.local/lib/python3.12/site-packages/airflow/example_dags/example_branch_operator.py
[2025-04-25T11:01:00.659+0000] {processor.py:925} INFO - DAG(s) 'example_branch_operator' retrieved from /home/airflow/.local/lib/python3.12/site-packages/airflow/example_dags/example_branch_operator.py
[2025-04-25T11:01:00.714+0000] {logging_mixin.py:190} INFO - [2025-04-25T11:01:00.713+0000] {dag.py:3239} INFO - Sync 1 DAGs
[2025-04-25T11:01:00.748+0000] {logging_mixin.py:190} INFO - [2025-04-25T11:01:00.747+0000] {dag.py:4180} INFO - Setting next_dagrun for example_branch_operator to 2025-04-24 00:00:00+00:00, run_after=2025-04-25 00:00:00+00:00
[2025-04-25T11:01:00.764+0000] {processor.py:208} INFO - Processing /home/airflow/.local/lib/python3.12/site-packages/airflow/example_dags/example_branch_operator.py took 0.323 seconds
[2025-04-25T11:01:30.870+0000] {processor.py:186} INFO - Started process (PID=2515) to work on /home/airflow/.local/lib/python3.12/site-packages/airflow/example_dags/example_branch_operator.py
[2025-04-25T11:01:30.873+0000] {processor.py:914} INFO - Processing file /home/airflow/.local/lib/python3.12/site-packages/airflow/example_dags/example_branch_operator.py for tasks to queue
[2025-04-25T11:01:30.875+0000] {logging_mixin.py:190} INFO - [2025-04-25T11:01:30.875+0000] {dagbag.py:588} INFO - Filling up the DagBag from /home/airflow/.local/lib/python3.12/site-packages/airflow/example_dags/example_branch_operator.py
[2025-04-25T11:01:30.905+0000] {processor.py:925} INFO - DAG(s) 'example_branch_operator' retrieved from /home/airflow/.local/lib/python3.12/site-packages/airflow/example_dags/example_branch_operator.py
[2025-04-25T11:01:30.935+0000] {logging_mixin.py:190} INFO - [2025-04-25T11:01:30.935+0000] {dag.py:3239} INFO - Sync 1 DAGs
[2025-04-25T11:01:30.960+0000] {logging_mixin.py:190} INFO - [2025-04-25T11:01:30.960+0000] {dag.py:4180} INFO - Setting next_dagrun for example_branch_operator to 2025-04-24 00:00:00+00:00, run_after=2025-04-25 00:00:00+00:00
[2025-04-25T11:01:30.979+0000] {processor.py:208} INFO - Processing /home/airflow/.local/lib/python3.12/site-packages/airflow/example_dags/example_branch_operator.py took 0.119 seconds
[2025-04-25T11:02:01.748+0000] {processor.py:186} INFO - Started process (PID=2577) to work on /home/airflow/.local/lib/python3.12/site-packages/airflow/example_dags/example_branch_operator.py
[2025-04-25T11:02:01.748+0000] {processor.py:914} INFO - Processing file /home/airflow/.local/lib/python3.12/site-packages/airflow/example_dags/example_branch_operator.py for tasks to queue
[2025-04-25T11:02:01.749+0000] {logging_mixin.py:190} INFO - [2025-04-25T11:02:01.749+0000] {dagbag.py:588} INFO - Filling up the DagBag from /home/airflow/.local/lib/python3.12/site-packages/airflow/example_dags/example_branch_operator.py
[2025-04-25T11:02:01.759+0000] {processor.py:925} INFO - DAG(s) 'example_branch_operator' retrieved from /home/airflow/.local/lib/python3.12/site-packages/airflow/example_dags/example_branch_operator.py
[2025-04-25T11:02:01.770+0000] {logging_mixin.py:190} INFO - [2025-04-25T11:02:01.770+0000] {dag.py:3239} INFO - Sync 1 DAGs
[2025-04-25T11:02:01.779+0000] {logging_mixin.py:190} INFO - [2025-04-25T11:02:01.779+0000] {dag.py:4180} INFO - Setting next_dagrun for example_branch_operator to 2025-04-24 00:00:00+00:00, run_after=2025-04-25 00:00:00+00:00
[2025-04-25T11:02:01.785+0000] {processor.py:208} INFO - Processing /home/airflow/.local/lib/python3.12/site-packages/airflow/example_dags/example_branch_operator.py took 0.041 seconds
[2025-04-25T11:02:32.499+0000] {processor.py:186} INFO - Started process (PID=2640) to work on /home/airflow/.local/lib/python3.12/site-packages/airflow/example_dags/example_branch_operator.py
[2025-04-25T11:02:32.499+0000] {processor.py:914} INFO - Processing file /home/airflow/.local/lib/python3.12/site-packages/airflow/example_dags/example_branch_operator.py for tasks to queue
[2025-04-25T11:02:32.500+0000] {logging_mixin.py:190} INFO - [2025-04-25T11:02:32.500+0000] {dagbag.py:588} INFO - Filling up the DagBag from /home/airflow/.local/lib/python3.12/site-packages/airflow/example_dags/example_branch_operator.py
[2025-04-25T11:02:32.520+0000] {processor.py:925} INFO - DAG(s) 'example_branch_operator' retrieved from /home/airflow/.local/lib/python3.12/site-packages/airflow/example_dags/example_branch_operator.py
[2025-04-25T11:02:32.544+0000] {logging_mixin.py:190} INFO - [2025-04-25T11:02:32.544+0000] {dag.py:3239} INFO - Sync 1 DAGs
[2025-04-25T11:02:32.554+0000] {logging_mixin.py:190} INFO - [2025-04-25T11:02:32.554+0000] {dag.py:4180} INFO - Setting next_dagrun for example_branch_operator to 2025-04-24 00:00:00+00:00, run_after=2025-04-25 00:00:00+00:00
[2025-04-25T11:02:32.561+0000] {processor.py:208} INFO - Processing /home/airflow/.local/lib/python3.12/site-packages/airflow/example_dags/example_branch_operator.py took 0.067 seconds
[2025-04-25T11:05:45.838+0000] {processor.py:186} INFO - Started process (PID=2737) to work on /home/airflow/.local/lib/python3.12/site-packages/airflow/example_dags/example_branch_operator.py
[2025-04-25T11:05:45.872+0000] {processor.py:914} INFO - Processing file /home/airflow/.local/lib/python3.12/site-packages/airflow/example_dags/example_branch_operator.py for tasks to queue
[2025-04-25T11:05:45.944+0000] {logging_mixin.py:190} INFO - [2025-04-25T11:05:45.899+0000] {dagbag.py:588} INFO - Filling up the DagBag from /home/airflow/.local/lib/python3.12/site-packages/airflow/example_dags/example_branch_operator.py
[2025-04-25T11:05:50.306+0000] {processor.py:925} INFO - DAG(s) 'example_branch_operator' retrieved from /home/airflow/.local/lib/python3.12/site-packages/airflow/example_dags/example_branch_operator.py
[2025-04-25T11:05:53.369+0000] {logging_mixin.py:190} INFO - [2025-04-25T11:05:53.315+0000] {dag.py:3239} INFO - Sync 1 DAGs
[2025-04-25T11:05:56.139+0000] {logging_mixin.py:190} INFO - [2025-04-25T11:05:56.033+0000] {dag.py:4180} INFO - Setting next_dagrun for example_branch_operator to 2025-04-24 00:00:00+00:00, run_after=2025-04-25 00:00:00+00:00
[2025-04-25T11:05:57.616+0000] {processor.py:208} INFO - Processing /home/airflow/.local/lib/python3.12/site-packages/airflow/example_dags/example_branch_operator.py took 11.860 seconds
[2025-04-25T11:12:28.336+0000] {processor.py:186} INFO - Started process (PID=2845) to work on /home/airflow/.local/lib/python3.12/site-packages/airflow/example_dags/example_branch_operator.py
[2025-04-25T11:12:28.349+0000] {processor.py:914} INFO - Processing file /home/airflow/.local/lib/python3.12/site-packages/airflow/example_dags/example_branch_operator.py for tasks to queue
[2025-04-25T11:12:28.370+0000] {logging_mixin.py:190} INFO - [2025-04-25T11:12:28.365+0000] {dagbag.py:588} INFO - Filling up the DagBag from /home/airflow/.local/lib/python3.12/site-packages/airflow/example_dags/example_branch_operator.py
[2025-04-25T11:12:28.536+0000] {processor.py:925} INFO - DAG(s) 'example_branch_operator' retrieved from /home/airflow/.local/lib/python3.12/site-packages/airflow/example_dags/example_branch_operator.py
[2025-04-25T11:12:28.701+0000] {logging_mixin.py:190} INFO - [2025-04-25T11:12:28.699+0000] {dag.py:3239} INFO - Sync 1 DAGs
[2025-04-25T11:12:28.914+0000] {logging_mixin.py:190} INFO - [2025-04-25T11:12:28.914+0000] {dag.py:4180} INFO - Setting next_dagrun for example_branch_operator to 2025-04-24 00:00:00+00:00, run_after=2025-04-25 00:00:00+00:00
[2025-04-25T11:12:29.047+0000] {processor.py:208} INFO - Processing /home/airflow/.local/lib/python3.12/site-packages/airflow/example_dags/example_branch_operator.py took 0.738 seconds
[2025-04-25T11:17:24.232+0000] {processor.py:186} INFO - Started process (PID=2923) to work on /home/airflow/.local/lib/python3.12/site-packages/airflow/example_dags/example_branch_operator.py
[2025-04-25T11:17:24.266+0000] {processor.py:914} INFO - Processing file /home/airflow/.local/lib/python3.12/site-packages/airflow/example_dags/example_branch_operator.py for tasks to queue
[2025-04-25T11:17:24.334+0000] {logging_mixin.py:190} INFO - [2025-04-25T11:17:24.320+0000] {dagbag.py:588} INFO - Filling up the DagBag from /home/airflow/.local/lib/python3.12/site-packages/airflow/example_dags/example_branch_operator.py
[2025-04-25T11:17:24.806+0000] {processor.py:925} INFO - DAG(s) 'example_branch_operator' retrieved from /home/airflow/.local/lib/python3.12/site-packages/airflow/example_dags/example_branch_operator.py
[2025-04-25T11:17:25.591+0000] {logging_mixin.py:190} INFO - [2025-04-25T11:17:25.589+0000] {dag.py:3239} INFO - Sync 1 DAGs
[2025-04-25T11:17:25.995+0000] {logging_mixin.py:190} INFO - [2025-04-25T11:17:25.990+0000] {dag.py:4180} INFO - Setting next_dagrun for example_branch_operator to 2025-04-24 00:00:00+00:00, run_after=2025-04-25 00:00:00+00:00
[2025-04-25T11:17:27.633+0000] {processor.py:208} INFO - Processing /home/airflow/.local/lib/python3.12/site-packages/airflow/example_dags/example_branch_operator.py took 3.586 seconds
[2025-04-25T11:20:43.381+0000] {processor.py:186} INFO - Started process (PID=3013) to work on /home/airflow/.local/lib/python3.12/site-packages/airflow/example_dags/example_branch_operator.py
[2025-04-25T11:20:43.425+0000] {processor.py:914} INFO - Processing file /home/airflow/.local/lib/python3.12/site-packages/airflow/example_dags/example_branch_operator.py for tasks to queue
[2025-04-25T11:20:43.474+0000] {logging_mixin.py:190} INFO - [2025-04-25T11:20:43.444+0000] {dagbag.py:588} INFO - Filling up the DagBag from /home/airflow/.local/lib/python3.12/site-packages/airflow/example_dags/example_branch_operator.py
[2025-04-25T11:20:43.699+0000] {processor.py:925} INFO - DAG(s) 'example_branch_operator' retrieved from /home/airflow/.local/lib/python3.12/site-packages/airflow/example_dags/example_branch_operator.py
[2025-04-25T11:20:44.094+0000] {logging_mixin.py:190} INFO - [2025-04-25T11:20:44.082+0000] {dag.py:3239} INFO - Sync 1 DAGs
[2025-04-25T11:20:44.452+0000] {logging_mixin.py:190} INFO - [2025-04-25T11:20:44.447+0000] {dag.py:4180} INFO - Setting next_dagrun for example_branch_operator to 2025-04-24 00:00:00+00:00, run_after=2025-04-25 00:00:00+00:00
[2025-04-25T11:20:44.673+0000] {processor.py:208} INFO - Processing /home/airflow/.local/lib/python3.12/site-packages/airflow/example_dags/example_branch_operator.py took 1.341 seconds
[2025-04-25T11:21:16.868+0000] {processor.py:186} INFO - Started process (PID=3076) to work on /home/airflow/.local/lib/python3.12/site-packages/airflow/example_dags/example_branch_operator.py
[2025-04-25T11:21:16.871+0000] {processor.py:914} INFO - Processing file /home/airflow/.local/lib/python3.12/site-packages/airflow/example_dags/example_branch_operator.py for tasks to queue
[2025-04-25T11:21:16.880+0000] {logging_mixin.py:190} INFO - [2025-04-25T11:21:16.877+0000] {dagbag.py:588} INFO - Filling up the DagBag from /home/airflow/.local/lib/python3.12/site-packages/airflow/example_dags/example_branch_operator.py
[2025-04-25T11:21:16.968+0000] {processor.py:925} INFO - DAG(s) 'example_branch_operator' retrieved from /home/airflow/.local/lib/python3.12/site-packages/airflow/example_dags/example_branch_operator.py
[2025-04-25T11:21:17.047+0000] {logging_mixin.py:190} INFO - [2025-04-25T11:21:17.047+0000] {dag.py:3239} INFO - Sync 1 DAGs
[2025-04-25T11:21:17.203+0000] {logging_mixin.py:190} INFO - [2025-04-25T11:21:17.202+0000] {dag.py:4180} INFO - Setting next_dagrun for example_branch_operator to 2025-04-24 00:00:00+00:00, run_after=2025-04-25 00:00:00+00:00
[2025-04-25T11:21:17.986+0000] {processor.py:208} INFO - Processing /home/airflow/.local/lib/python3.12/site-packages/airflow/example_dags/example_branch_operator.py took 1.137 seconds
[2025-04-25T11:21:48.202+0000] {processor.py:186} INFO - Started process (PID=3139) to work on /home/airflow/.local/lib/python3.12/site-packages/airflow/example_dags/example_branch_operator.py
[2025-04-25T11:21:48.207+0000] {processor.py:914} INFO - Processing file /home/airflow/.local/lib/python3.12/site-packages/airflow/example_dags/example_branch_operator.py for tasks to queue
[2025-04-25T11:21:48.215+0000] {logging_mixin.py:190} INFO - [2025-04-25T11:21:48.212+0000] {dagbag.py:588} INFO - Filling up the DagBag from /home/airflow/.local/lib/python3.12/site-packages/airflow/example_dags/example_branch_operator.py
[2025-04-25T11:21:48.293+0000] {processor.py:925} INFO - DAG(s) 'example_branch_operator' retrieved from /home/airflow/.local/lib/python3.12/site-packages/airflow/example_dags/example_branch_operator.py
[2025-04-25T11:21:48.397+0000] {logging_mixin.py:190} INFO - [2025-04-25T11:21:48.396+0000] {dag.py:3239} INFO - Sync 1 DAGs
[2025-04-25T11:21:48.437+0000] {logging_mixin.py:190} INFO - [2025-04-25T11:21:48.437+0000] {dag.py:4180} INFO - Setting next_dagrun for example_branch_operator to 2025-04-24 00:00:00+00:00, run_after=2025-04-25 00:00:00+00:00
[2025-04-25T11:21:49.120+0000] {processor.py:208} INFO - Processing /home/airflow/.local/lib/python3.12/site-packages/airflow/example_dags/example_branch_operator.py took 0.925 seconds
[2025-04-25T11:22:20.388+0000] {processor.py:186} INFO - Started process (PID=3201) to work on /home/airflow/.local/lib/python3.12/site-packages/airflow/example_dags/example_branch_operator.py
[2025-04-25T11:22:20.401+0000] {processor.py:914} INFO - Processing file /home/airflow/.local/lib/python3.12/site-packages/airflow/example_dags/example_branch_operator.py for tasks to queue
[2025-04-25T11:22:20.410+0000] {logging_mixin.py:190} INFO - [2025-04-25T11:22:20.409+0000] {dagbag.py:588} INFO - Filling up the DagBag from /home/airflow/.local/lib/python3.12/site-packages/airflow/example_dags/example_branch_operator.py
[2025-04-25T11:22:20.605+0000] {processor.py:925} INFO - DAG(s) 'example_branch_operator' retrieved from /home/airflow/.local/lib/python3.12/site-packages/airflow/example_dags/example_branch_operator.py
[2025-04-25T11:22:20.713+0000] {logging_mixin.py:190} INFO - [2025-04-25T11:22:20.711+0000] {dag.py:3239} INFO - Sync 1 DAGs
[2025-04-25T11:22:20.912+0000] {logging_mixin.py:190} INFO - [2025-04-25T11:22:20.893+0000] {dag.py:4180} INFO - Setting next_dagrun for example_branch_operator to 2025-04-24 00:00:00+00:00, run_after=2025-04-25 00:00:00+00:00
[2025-04-25T11:22:24.129+0000] {processor.py:208} INFO - Processing /home/airflow/.local/lib/python3.12/site-packages/airflow/example_dags/example_branch_operator.py took 3.827 seconds
[2025-04-25T11:23:21.284+0000] {processor.py:186} INFO - Started process (PID=3253) to work on /home/airflow/.local/lib/python3.12/site-packages/airflow/example_dags/example_branch_operator.py
[2025-04-25T11:23:21.289+0000] {processor.py:914} INFO - Processing file /home/airflow/.local/lib/python3.12/site-packages/airflow/example_dags/example_branch_operator.py for tasks to queue
[2025-04-25T11:23:21.302+0000] {logging_mixin.py:190} INFO - [2025-04-25T11:23:21.300+0000] {dagbag.py:588} INFO - Filling up the DagBag from /home/airflow/.local/lib/python3.12/site-packages/airflow/example_dags/example_branch_operator.py
[2025-04-25T11:23:21.386+0000] {processor.py:925} INFO - DAG(s) 'example_branch_operator' retrieved from /home/airflow/.local/lib/python3.12/site-packages/airflow/example_dags/example_branch_operator.py
[2025-04-25T11:23:21.438+0000] {logging_mixin.py:190} INFO - [2025-04-25T11:23:21.437+0000] {dag.py:3239} INFO - Sync 1 DAGs
[2025-04-25T11:23:21.474+0000] {logging_mixin.py:190} INFO - [2025-04-25T11:23:21.473+0000] {dag.py:4180} INFO - Setting next_dagrun for example_branch_operator to 2025-04-24 00:00:00+00:00, run_after=2025-04-25 00:00:00+00:00
[2025-04-25T11:23:21.558+0000] {processor.py:208} INFO - Processing /home/airflow/.local/lib/python3.12/site-packages/airflow/example_dags/example_branch_operator.py took 0.282 seconds
[2025-04-25T11:23:53.174+0000] {processor.py:186} INFO - Started process (PID=3316) to work on /home/airflow/.local/lib/python3.12/site-packages/airflow/example_dags/example_branch_operator.py
[2025-04-25T11:23:53.179+0000] {processor.py:914} INFO - Processing file /home/airflow/.local/lib/python3.12/site-packages/airflow/example_dags/example_branch_operator.py for tasks to queue
[2025-04-25T11:23:53.185+0000] {logging_mixin.py:190} INFO - [2025-04-25T11:23:53.185+0000] {dagbag.py:588} INFO - Filling up the DagBag from /home/airflow/.local/lib/python3.12/site-packages/airflow/example_dags/example_branch_operator.py
[2025-04-25T11:23:53.213+0000] {processor.py:925} INFO - DAG(s) 'example_branch_operator' retrieved from /home/airflow/.local/lib/python3.12/site-packages/airflow/example_dags/example_branch_operator.py
[2025-04-25T11:23:53.336+0000] {logging_mixin.py:190} INFO - [2025-04-25T11:23:53.336+0000] {dag.py:3239} INFO - Sync 1 DAGs
[2025-04-25T11:23:53.402+0000] {logging_mixin.py:190} INFO - [2025-04-25T11:23:53.402+0000] {dag.py:4180} INFO - Setting next_dagrun for example_branch_operator to 2025-04-24 00:00:00+00:00, run_after=2025-04-25 00:00:00+00:00
[2025-04-25T11:23:53.455+0000] {processor.py:208} INFO - Processing /home/airflow/.local/lib/python3.12/site-packages/airflow/example_dags/example_branch_operator.py took 0.287 seconds
