[2025-04-25T10:41:20.378+0000] {processor.py:186} INFO - Started process (PID=94) to work on /home/airflow/.local/lib/python3.12/site-packages/airflow/example_dags/example_latest_only_with_trigger.py
[2025-04-25T10:41:20.380+0000] {processor.py:914} INFO - Processing file /home/airflow/.local/lib/python3.12/site-packages/airflow/example_dags/example_latest_only_with_trigger.py for tasks to queue
[2025-04-25T10:41:20.389+0000] {logging_mixin.py:190} INFO - [2025-04-25T10:41:20.388+0000] {dagbag.py:588} INFO - Filling up the DagBag from /home/airflow/.local/lib/python3.12/site-packages/airflow/example_dags/example_latest_only_with_trigger.py
[2025-04-25T10:41:20.428+0000] {processor.py:925} INFO - DAG(s) 'latest_only_with_trigger' retrieved from /home/airflow/.local/lib/python3.12/site-packages/airflow/example_dags/example_latest_only_with_trigger.py
[2025-04-25T10:41:20.459+0000] {logging_mixin.py:190} INFO - [2025-04-25T10:41:20.459+0000] {dag.py:3239} INFO - Sync 1 DAGs
[2025-04-25T10:41:20.478+0000] {logging_mixin.py:190} INFO - [2025-04-25T10:41:20.478+0000] {dag.py:4180} INFO - Setting next_dagrun for latest_only_with_trigger to 2025-04-25 04:00:00+00:00, run_after=2025-04-25 08:00:00+00:00
[2025-04-25T10:41:20.489+0000] {processor.py:208} INFO - Processing /home/airflow/.local/lib/python3.12/site-packages/airflow/example_dags/example_latest_only_with_trigger.py took 0.119 seconds
[2025-04-25T10:41:51.568+0000] {processor.py:186} INFO - Started process (PID=157) to work on /home/airflow/.local/lib/python3.12/site-packages/airflow/example_dags/example_latest_only_with_trigger.py
[2025-04-25T10:41:51.568+0000] {processor.py:914} INFO - Processing file /home/airflow/.local/lib/python3.12/site-packages/airflow/example_dags/example_latest_only_with_trigger.py for tasks to queue
[2025-04-25T10:41:51.571+0000] {logging_mixin.py:190} INFO - [2025-04-25T10:41:51.571+0000] {dagbag.py:588} INFO - Filling up the DagBag from /home/airflow/.local/lib/python3.12/site-packages/airflow/example_dags/example_latest_only_with_trigger.py
[2025-04-25T10:41:51.576+0000] {processor.py:925} INFO - DAG(s) 'latest_only_with_trigger' retrieved from /home/airflow/.local/lib/python3.12/site-packages/airflow/example_dags/example_latest_only_with_trigger.py
[2025-04-25T10:41:51.593+0000] {logging_mixin.py:190} INFO - [2025-04-25T10:41:51.593+0000] {dag.py:3239} INFO - Sync 1 DAGs
[2025-04-25T10:41:51.607+0000] {logging_mixin.py:190} INFO - [2025-04-25T10:41:51.607+0000] {dag.py:4180} INFO - Setting next_dagrun for latest_only_with_trigger to 2025-04-25 04:00:00+00:00, run_after=2025-04-25 08:00:00+00:00
[2025-04-25T10:41:51.616+0000] {processor.py:208} INFO - Processing /home/airflow/.local/lib/python3.12/site-packages/airflow/example_dags/example_latest_only_with_trigger.py took 0.052 seconds
[2025-04-25T10:42:22.677+0000] {processor.py:186} INFO - Started process (PID=220) to work on /home/airflow/.local/lib/python3.12/site-packages/airflow/example_dags/example_latest_only_with_trigger.py
[2025-04-25T10:42:22.677+0000] {processor.py:914} INFO - Processing file /home/airflow/.local/lib/python3.12/site-packages/airflow/example_dags/example_latest_only_with_trigger.py for tasks to queue
[2025-04-25T10:42:22.679+0000] {logging_mixin.py:190} INFO - [2025-04-25T10:42:22.678+0000] {dagbag.py:588} INFO - Filling up the DagBag from /home/airflow/.local/lib/python3.12/site-packages/airflow/example_dags/example_latest_only_with_trigger.py
[2025-04-25T10:42:22.683+0000] {processor.py:925} INFO - DAG(s) 'latest_only_with_trigger' retrieved from /home/airflow/.local/lib/python3.12/site-packages/airflow/example_dags/example_latest_only_with_trigger.py
[2025-04-25T10:42:22.695+0000] {logging_mixin.py:190} INFO - [2025-04-25T10:42:22.694+0000] {dag.py:3239} INFO - Sync 1 DAGs
[2025-04-25T10:42:22.706+0000] {logging_mixin.py:190} INFO - [2025-04-25T10:42:22.705+0000] {dag.py:4180} INFO - Setting next_dagrun for latest_only_with_trigger to 2025-04-25 04:00:00+00:00, run_after=2025-04-25 08:00:00+00:00
[2025-04-25T10:42:22.713+0000] {processor.py:208} INFO - Processing /home/airflow/.local/lib/python3.12/site-packages/airflow/example_dags/example_latest_only_with_trigger.py took 0.041 seconds
[2025-04-25T10:42:54.102+0000] {processor.py:186} INFO - Started process (PID=284) to work on /home/airflow/.local/lib/python3.12/site-packages/airflow/example_dags/example_latest_only_with_trigger.py
[2025-04-25T10:42:54.102+0000] {processor.py:914} INFO - Processing file /home/airflow/.local/lib/python3.12/site-packages/airflow/example_dags/example_latest_only_with_trigger.py for tasks to queue
[2025-04-25T10:42:54.103+0000] {logging_mixin.py:190} INFO - [2025-04-25T10:42:54.103+0000] {dagbag.py:588} INFO - Filling up the DagBag from /home/airflow/.local/lib/python3.12/site-packages/airflow/example_dags/example_latest_only_with_trigger.py
[2025-04-25T10:42:54.108+0000] {processor.py:925} INFO - DAG(s) 'latest_only_with_trigger' retrieved from /home/airflow/.local/lib/python3.12/site-packages/airflow/example_dags/example_latest_only_with_trigger.py
[2025-04-25T10:42:54.117+0000] {logging_mixin.py:190} INFO - [2025-04-25T10:42:54.117+0000] {dag.py:3239} INFO - Sync 1 DAGs
[2025-04-25T10:42:54.134+0000] {logging_mixin.py:190} INFO - [2025-04-25T10:42:54.134+0000] {dag.py:4180} INFO - Setting next_dagrun for latest_only_with_trigger to 2025-04-25 04:00:00+00:00, run_after=2025-04-25 08:00:00+00:00
[2025-04-25T10:42:54.144+0000] {processor.py:208} INFO - Processing /home/airflow/.local/lib/python3.12/site-packages/airflow/example_dags/example_latest_only_with_trigger.py took 0.045 seconds
[2025-04-25T10:43:25.713+0000] {processor.py:186} INFO - Started process (PID=347) to work on /home/airflow/.local/lib/python3.12/site-packages/airflow/example_dags/example_latest_only_with_trigger.py
[2025-04-25T10:43:25.713+0000] {processor.py:914} INFO - Processing file /home/airflow/.local/lib/python3.12/site-packages/airflow/example_dags/example_latest_only_with_trigger.py for tasks to queue
[2025-04-25T10:43:25.714+0000] {logging_mixin.py:190} INFO - [2025-04-25T10:43:25.714+0000] {dagbag.py:588} INFO - Filling up the DagBag from /home/airflow/.local/lib/python3.12/site-packages/airflow/example_dags/example_latest_only_with_trigger.py
[2025-04-25T10:43:25.719+0000] {processor.py:925} INFO - DAG(s) 'latest_only_with_trigger' retrieved from /home/airflow/.local/lib/python3.12/site-packages/airflow/example_dags/example_latest_only_with_trigger.py
[2025-04-25T10:43:25.740+0000] {logging_mixin.py:190} INFO - [2025-04-25T10:43:25.739+0000] {dag.py:3239} INFO - Sync 1 DAGs
[2025-04-25T10:43:25.753+0000] {logging_mixin.py:190} INFO - [2025-04-25T10:43:25.753+0000] {dag.py:4180} INFO - Setting next_dagrun for latest_only_with_trigger to 2025-04-25 04:00:00+00:00, run_after=2025-04-25 08:00:00+00:00
[2025-04-25T10:43:25.760+0000] {processor.py:208} INFO - Processing /home/airflow/.local/lib/python3.12/site-packages/airflow/example_dags/example_latest_only_with_trigger.py took 0.050 seconds
[2025-04-25T10:43:56.496+0000] {processor.py:186} INFO - Started process (PID=410) to work on /home/airflow/.local/lib/python3.12/site-packages/airflow/example_dags/example_latest_only_with_trigger.py
[2025-04-25T10:43:56.499+0000] {processor.py:914} INFO - Processing file /home/airflow/.local/lib/python3.12/site-packages/airflow/example_dags/example_latest_only_with_trigger.py for tasks to queue
[2025-04-25T10:43:56.500+0000] {logging_mixin.py:190} INFO - [2025-04-25T10:43:56.500+0000] {dagbag.py:588} INFO - Filling up the DagBag from /home/airflow/.local/lib/python3.12/site-packages/airflow/example_dags/example_latest_only_with_trigger.py
[2025-04-25T10:43:56.509+0000] {processor.py:925} INFO - DAG(s) 'latest_only_with_trigger' retrieved from /home/airflow/.local/lib/python3.12/site-packages/airflow/example_dags/example_latest_only_with_trigger.py
[2025-04-25T10:43:56.522+0000] {logging_mixin.py:190} INFO - [2025-04-25T10:43:56.522+0000] {dag.py:3239} INFO - Sync 1 DAGs
[2025-04-25T10:43:56.539+0000] {logging_mixin.py:190} INFO - [2025-04-25T10:43:56.539+0000] {dag.py:4180} INFO - Setting next_dagrun for latest_only_with_trigger to 2025-04-25 04:00:00+00:00, run_after=2025-04-25 08:00:00+00:00
[2025-04-25T10:43:56.549+0000] {processor.py:208} INFO - Processing /home/airflow/.local/lib/python3.12/site-packages/airflow/example_dags/example_latest_only_with_trigger.py took 0.056 seconds
[2025-04-25T10:44:28.446+0000] {processor.py:186} INFO - Started process (PID=473) to work on /home/airflow/.local/lib/python3.12/site-packages/airflow/example_dags/example_latest_only_with_trigger.py
[2025-04-25T10:44:28.447+0000] {processor.py:914} INFO - Processing file /home/airflow/.local/lib/python3.12/site-packages/airflow/example_dags/example_latest_only_with_trigger.py for tasks to queue
[2025-04-25T10:44:28.449+0000] {logging_mixin.py:190} INFO - [2025-04-25T10:44:28.448+0000] {dagbag.py:588} INFO - Filling up the DagBag from /home/airflow/.local/lib/python3.12/site-packages/airflow/example_dags/example_latest_only_with_trigger.py
[2025-04-25T10:44:28.452+0000] {processor.py:925} INFO - DAG(s) 'latest_only_with_trigger' retrieved from /home/airflow/.local/lib/python3.12/site-packages/airflow/example_dags/example_latest_only_with_trigger.py
[2025-04-25T10:44:28.462+0000] {logging_mixin.py:190} INFO - [2025-04-25T10:44:28.462+0000] {dag.py:3239} INFO - Sync 1 DAGs
[2025-04-25T10:44:28.474+0000] {logging_mixin.py:190} INFO - [2025-04-25T10:44:28.473+0000] {dag.py:4180} INFO - Setting next_dagrun for latest_only_with_trigger to 2025-04-25 04:00:00+00:00, run_after=2025-04-25 08:00:00+00:00
[2025-04-25T10:44:28.480+0000] {processor.py:208} INFO - Processing /home/airflow/.local/lib/python3.12/site-packages/airflow/example_dags/example_latest_only_with_trigger.py took 0.037 seconds
[2025-04-25T10:45:00.277+0000] {processor.py:186} INFO - Started process (PID=536) to work on /home/airflow/.local/lib/python3.12/site-packages/airflow/example_dags/example_latest_only_with_trigger.py
[2025-04-25T10:45:00.278+0000] {processor.py:914} INFO - Processing file /home/airflow/.local/lib/python3.12/site-packages/airflow/example_dags/example_latest_only_with_trigger.py for tasks to queue
[2025-04-25T10:45:00.279+0000] {logging_mixin.py:190} INFO - [2025-04-25T10:45:00.279+0000] {dagbag.py:588} INFO - Filling up the DagBag from /home/airflow/.local/lib/python3.12/site-packages/airflow/example_dags/example_latest_only_with_trigger.py
[2025-04-25T10:45:00.283+0000] {processor.py:925} INFO - DAG(s) 'latest_only_with_trigger' retrieved from /home/airflow/.local/lib/python3.12/site-packages/airflow/example_dags/example_latest_only_with_trigger.py
[2025-04-25T10:45:00.296+0000] {logging_mixin.py:190} INFO - [2025-04-25T10:45:00.296+0000] {dag.py:3239} INFO - Sync 1 DAGs
[2025-04-25T10:45:00.308+0000] {logging_mixin.py:190} INFO - [2025-04-25T10:45:00.308+0000] {dag.py:4180} INFO - Setting next_dagrun for latest_only_with_trigger to 2025-04-25 04:00:00+00:00, run_after=2025-04-25 08:00:00+00:00
[2025-04-25T10:45:00.315+0000] {processor.py:208} INFO - Processing /home/airflow/.local/lib/python3.12/site-packages/airflow/example_dags/example_latest_only_with_trigger.py took 0.042 seconds
[2025-04-25T10:45:32.795+0000] {processor.py:186} INFO - Started process (PID=598) to work on /home/airflow/.local/lib/python3.12/site-packages/airflow/example_dags/example_latest_only_with_trigger.py
[2025-04-25T10:45:32.797+0000] {processor.py:914} INFO - Processing file /home/airflow/.local/lib/python3.12/site-packages/airflow/example_dags/example_latest_only_with_trigger.py for tasks to queue
[2025-04-25T10:45:32.799+0000] {logging_mixin.py:190} INFO - [2025-04-25T10:45:32.799+0000] {dagbag.py:588} INFO - Filling up the DagBag from /home/airflow/.local/lib/python3.12/site-packages/airflow/example_dags/example_latest_only_with_trigger.py
[2025-04-25T10:45:32.804+0000] {processor.py:925} INFO - DAG(s) 'latest_only_with_trigger' retrieved from /home/airflow/.local/lib/python3.12/site-packages/airflow/example_dags/example_latest_only_with_trigger.py
[2025-04-25T10:45:32.816+0000] {logging_mixin.py:190} INFO - [2025-04-25T10:45:32.815+0000] {dag.py:3239} INFO - Sync 1 DAGs
[2025-04-25T10:45:32.837+0000] {logging_mixin.py:190} INFO - [2025-04-25T10:45:32.837+0000] {dag.py:4180} INFO - Setting next_dagrun for latest_only_with_trigger to 2025-04-25 04:00:00+00:00, run_after=2025-04-25 08:00:00+00:00
[2025-04-25T10:45:32.848+0000] {processor.py:208} INFO - Processing /home/airflow/.local/lib/python3.12/site-packages/airflow/example_dags/example_latest_only_with_trigger.py took 0.057 seconds
[2025-04-25T10:46:04.088+0000] {processor.py:186} INFO - Started process (PID=661) to work on /home/airflow/.local/lib/python3.12/site-packages/airflow/example_dags/example_latest_only_with_trigger.py
[2025-04-25T10:46:04.089+0000] {processor.py:914} INFO - Processing file /home/airflow/.local/lib/python3.12/site-packages/airflow/example_dags/example_latest_only_with_trigger.py for tasks to queue
[2025-04-25T10:46:04.090+0000] {logging_mixin.py:190} INFO - [2025-04-25T10:46:04.090+0000] {dagbag.py:588} INFO - Filling up the DagBag from /home/airflow/.local/lib/python3.12/site-packages/airflow/example_dags/example_latest_only_with_trigger.py
[2025-04-25T10:46:04.094+0000] {processor.py:925} INFO - DAG(s) 'latest_only_with_trigger' retrieved from /home/airflow/.local/lib/python3.12/site-packages/airflow/example_dags/example_latest_only_with_trigger.py
[2025-04-25T10:46:04.103+0000] {logging_mixin.py:190} INFO - [2025-04-25T10:46:04.102+0000] {dag.py:3239} INFO - Sync 1 DAGs
[2025-04-25T10:46:04.112+0000] {logging_mixin.py:190} INFO - [2025-04-25T10:46:04.111+0000] {dag.py:4180} INFO - Setting next_dagrun for latest_only_with_trigger to 2025-04-25 04:00:00+00:00, run_after=2025-04-25 08:00:00+00:00
[2025-04-25T10:46:04.118+0000] {processor.py:208} INFO - Processing /home/airflow/.local/lib/python3.12/site-packages/airflow/example_dags/example_latest_only_with_trigger.py took 0.032 seconds
[2025-04-25T10:46:36.586+0000] {processor.py:186} INFO - Started process (PID=724) to work on /home/airflow/.local/lib/python3.12/site-packages/airflow/example_dags/example_latest_only_with_trigger.py
[2025-04-25T10:46:36.586+0000] {processor.py:914} INFO - Processing file /home/airflow/.local/lib/python3.12/site-packages/airflow/example_dags/example_latest_only_with_trigger.py for tasks to queue
[2025-04-25T10:46:36.587+0000] {logging_mixin.py:190} INFO - [2025-04-25T10:46:36.587+0000] {dagbag.py:588} INFO - Filling up the DagBag from /home/airflow/.local/lib/python3.12/site-packages/airflow/example_dags/example_latest_only_with_trigger.py
[2025-04-25T10:46:36.591+0000] {processor.py:925} INFO - DAG(s) 'latest_only_with_trigger' retrieved from /home/airflow/.local/lib/python3.12/site-packages/airflow/example_dags/example_latest_only_with_trigger.py
[2025-04-25T10:46:36.608+0000] {logging_mixin.py:190} INFO - [2025-04-25T10:46:36.607+0000] {dag.py:3239} INFO - Sync 1 DAGs
[2025-04-25T10:46:36.630+0000] {logging_mixin.py:190} INFO - [2025-04-25T10:46:36.630+0000] {dag.py:4180} INFO - Setting next_dagrun for latest_only_with_trigger to 2025-04-25 04:00:00+00:00, run_after=2025-04-25 08:00:00+00:00
[2025-04-25T10:46:36.642+0000] {processor.py:208} INFO - Processing /home/airflow/.local/lib/python3.12/site-packages/airflow/example_dags/example_latest_only_with_trigger.py took 0.059 seconds
[2025-04-25T10:47:07.371+0000] {processor.py:186} INFO - Started process (PID=787) to work on /home/airflow/.local/lib/python3.12/site-packages/airflow/example_dags/example_latest_only_with_trigger.py
[2025-04-25T10:47:07.373+0000] {processor.py:914} INFO - Processing file /home/airflow/.local/lib/python3.12/site-packages/airflow/example_dags/example_latest_only_with_trigger.py for tasks to queue
[2025-04-25T10:47:07.375+0000] {logging_mixin.py:190} INFO - [2025-04-25T10:47:07.374+0000] {dagbag.py:588} INFO - Filling up the DagBag from /home/airflow/.local/lib/python3.12/site-packages/airflow/example_dags/example_latest_only_with_trigger.py
[2025-04-25T10:47:07.380+0000] {processor.py:925} INFO - DAG(s) 'latest_only_with_trigger' retrieved from /home/airflow/.local/lib/python3.12/site-packages/airflow/example_dags/example_latest_only_with_trigger.py
[2025-04-25T10:47:07.392+0000] {logging_mixin.py:190} INFO - [2025-04-25T10:47:07.392+0000] {dag.py:3239} INFO - Sync 1 DAGs
[2025-04-25T10:47:07.404+0000] {logging_mixin.py:190} INFO - [2025-04-25T10:47:07.404+0000] {dag.py:4180} INFO - Setting next_dagrun for latest_only_with_trigger to 2025-04-25 04:00:00+00:00, run_after=2025-04-25 08:00:00+00:00
[2025-04-25T10:47:07.417+0000] {processor.py:208} INFO - Processing /home/airflow/.local/lib/python3.12/site-packages/airflow/example_dags/example_latest_only_with_trigger.py took 0.051 seconds
[2025-04-25T10:47:38.187+0000] {processor.py:186} INFO - Started process (PID=849) to work on /home/airflow/.local/lib/python3.12/site-packages/airflow/example_dags/example_latest_only_with_trigger.py
[2025-04-25T10:47:38.217+0000] {processor.py:914} INFO - Processing file /home/airflow/.local/lib/python3.12/site-packages/airflow/example_dags/example_latest_only_with_trigger.py for tasks to queue
[2025-04-25T10:47:38.219+0000] {logging_mixin.py:190} INFO - [2025-04-25T10:47:38.219+0000] {dagbag.py:588} INFO - Filling up the DagBag from /home/airflow/.local/lib/python3.12/site-packages/airflow/example_dags/example_latest_only_with_trigger.py
[2025-04-25T10:47:38.226+0000] {processor.py:925} INFO - DAG(s) 'latest_only_with_trigger' retrieved from /home/airflow/.local/lib/python3.12/site-packages/airflow/example_dags/example_latest_only_with_trigger.py
[2025-04-25T10:47:38.240+0000] {logging_mixin.py:190} INFO - [2025-04-25T10:47:38.240+0000] {dag.py:3239} INFO - Sync 1 DAGs
[2025-04-25T10:47:38.249+0000] {logging_mixin.py:190} INFO - [2025-04-25T10:47:38.249+0000] {dag.py:4180} INFO - Setting next_dagrun for latest_only_with_trigger to 2025-04-25 04:00:00+00:00, run_after=2025-04-25 08:00:00+00:00
[2025-04-25T10:47:38.256+0000] {processor.py:208} INFO - Processing /home/airflow/.local/lib/python3.12/site-packages/airflow/example_dags/example_latest_only_with_trigger.py took 0.072 seconds
[2025-04-25T10:48:09.441+0000] {processor.py:186} INFO - Started process (PID=912) to work on /home/airflow/.local/lib/python3.12/site-packages/airflow/example_dags/example_latest_only_with_trigger.py
[2025-04-25T10:48:09.443+0000] {processor.py:914} INFO - Processing file /home/airflow/.local/lib/python3.12/site-packages/airflow/example_dags/example_latest_only_with_trigger.py for tasks to queue
[2025-04-25T10:48:09.444+0000] {logging_mixin.py:190} INFO - [2025-04-25T10:48:09.444+0000] {dagbag.py:588} INFO - Filling up the DagBag from /home/airflow/.local/lib/python3.12/site-packages/airflow/example_dags/example_latest_only_with_trigger.py
[2025-04-25T10:48:09.448+0000] {processor.py:925} INFO - DAG(s) 'latest_only_with_trigger' retrieved from /home/airflow/.local/lib/python3.12/site-packages/airflow/example_dags/example_latest_only_with_trigger.py
[2025-04-25T10:48:09.457+0000] {logging_mixin.py:190} INFO - [2025-04-25T10:48:09.457+0000] {dag.py:3239} INFO - Sync 1 DAGs
[2025-04-25T10:48:09.467+0000] {logging_mixin.py:190} INFO - [2025-04-25T10:48:09.467+0000] {dag.py:4180} INFO - Setting next_dagrun for latest_only_with_trigger to 2025-04-25 04:00:00+00:00, run_after=2025-04-25 08:00:00+00:00
[2025-04-25T10:48:09.473+0000] {processor.py:208} INFO - Processing /home/airflow/.local/lib/python3.12/site-packages/airflow/example_dags/example_latest_only_with_trigger.py took 0.035 seconds
[2025-04-25T10:48:40.456+0000] {processor.py:186} INFO - Started process (PID=975) to work on /home/airflow/.local/lib/python3.12/site-packages/airflow/example_dags/example_latest_only_with_trigger.py
[2025-04-25T10:48:40.460+0000] {processor.py:914} INFO - Processing file /home/airflow/.local/lib/python3.12/site-packages/airflow/example_dags/example_latest_only_with_trigger.py for tasks to queue
[2025-04-25T10:48:40.463+0000] {logging_mixin.py:190} INFO - [2025-04-25T10:48:40.463+0000] {dagbag.py:588} INFO - Filling up the DagBag from /home/airflow/.local/lib/python3.12/site-packages/airflow/example_dags/example_latest_only_with_trigger.py
[2025-04-25T10:48:40.478+0000] {processor.py:925} INFO - DAG(s) 'latest_only_with_trigger' retrieved from /home/airflow/.local/lib/python3.12/site-packages/airflow/example_dags/example_latest_only_with_trigger.py
[2025-04-25T10:48:40.515+0000] {logging_mixin.py:190} INFO - [2025-04-25T10:48:40.515+0000] {dag.py:3239} INFO - Sync 1 DAGs
[2025-04-25T10:48:40.529+0000] {logging_mixin.py:190} INFO - [2025-04-25T10:48:40.529+0000] {dag.py:4180} INFO - Setting next_dagrun for latest_only_with_trigger to 2025-04-25 04:00:00+00:00, run_after=2025-04-25 08:00:00+00:00
[2025-04-25T10:48:40.544+0000] {processor.py:208} INFO - Processing /home/airflow/.local/lib/python3.12/site-packages/airflow/example_dags/example_latest_only_with_trigger.py took 0.102 seconds
[2025-04-25T10:49:11.905+0000] {processor.py:186} INFO - Started process (PID=1038) to work on /home/airflow/.local/lib/python3.12/site-packages/airflow/example_dags/example_latest_only_with_trigger.py
[2025-04-25T10:49:11.910+0000] {processor.py:914} INFO - Processing file /home/airflow/.local/lib/python3.12/site-packages/airflow/example_dags/example_latest_only_with_trigger.py for tasks to queue
[2025-04-25T10:49:11.911+0000] {logging_mixin.py:190} INFO - [2025-04-25T10:49:11.911+0000] {dagbag.py:588} INFO - Filling up the DagBag from /home/airflow/.local/lib/python3.12/site-packages/airflow/example_dags/example_latest_only_with_trigger.py
[2025-04-25T10:49:11.916+0000] {processor.py:925} INFO - DAG(s) 'latest_only_with_trigger' retrieved from /home/airflow/.local/lib/python3.12/site-packages/airflow/example_dags/example_latest_only_with_trigger.py
[2025-04-25T10:49:11.938+0000] {logging_mixin.py:190} INFO - [2025-04-25T10:49:11.938+0000] {dag.py:3239} INFO - Sync 1 DAGs
[2025-04-25T10:49:11.952+0000] {logging_mixin.py:190} INFO - [2025-04-25T10:49:11.952+0000] {dag.py:4180} INFO - Setting next_dagrun for latest_only_with_trigger to 2025-04-25 04:00:00+00:00, run_after=2025-04-25 08:00:00+00:00
[2025-04-25T10:49:11.965+0000] {processor.py:208} INFO - Processing /home/airflow/.local/lib/python3.12/site-packages/airflow/example_dags/example_latest_only_with_trigger.py took 0.063 seconds
[2025-04-25T10:49:43.693+0000] {processor.py:186} INFO - Started process (PID=1101) to work on /home/airflow/.local/lib/python3.12/site-packages/airflow/example_dags/example_latest_only_with_trigger.py
[2025-04-25T10:49:43.693+0000] {processor.py:914} INFO - Processing file /home/airflow/.local/lib/python3.12/site-packages/airflow/example_dags/example_latest_only_with_trigger.py for tasks to queue
[2025-04-25T10:49:43.694+0000] {logging_mixin.py:190} INFO - [2025-04-25T10:49:43.694+0000] {dagbag.py:588} INFO - Filling up the DagBag from /home/airflow/.local/lib/python3.12/site-packages/airflow/example_dags/example_latest_only_with_trigger.py
[2025-04-25T10:49:43.698+0000] {processor.py:925} INFO - DAG(s) 'latest_only_with_trigger' retrieved from /home/airflow/.local/lib/python3.12/site-packages/airflow/example_dags/example_latest_only_with_trigger.py
[2025-04-25T10:49:43.717+0000] {logging_mixin.py:190} INFO - [2025-04-25T10:49:43.717+0000] {dag.py:3239} INFO - Sync 1 DAGs
[2025-04-25T10:49:43.739+0000] {logging_mixin.py:190} INFO - [2025-04-25T10:49:43.738+0000] {dag.py:4180} INFO - Setting next_dagrun for latest_only_with_trigger to 2025-04-25 04:00:00+00:00, run_after=2025-04-25 08:00:00+00:00
[2025-04-25T10:49:43.748+0000] {processor.py:208} INFO - Processing /home/airflow/.local/lib/python3.12/site-packages/airflow/example_dags/example_latest_only_with_trigger.py took 0.059 seconds
[2025-04-25T10:50:29.771+0000] {processor.py:186} INFO - Started process (PID=1177) to work on /home/airflow/.local/lib/python3.12/site-packages/airflow/example_dags/example_latest_only_with_trigger.py
[2025-04-25T10:50:29.773+0000] {processor.py:914} INFO - Processing file /home/airflow/.local/lib/python3.12/site-packages/airflow/example_dags/example_latest_only_with_trigger.py for tasks to queue
[2025-04-25T10:50:29.775+0000] {logging_mixin.py:190} INFO - [2025-04-25T10:50:29.774+0000] {dagbag.py:588} INFO - Filling up the DagBag from /home/airflow/.local/lib/python3.12/site-packages/airflow/example_dags/example_latest_only_with_trigger.py
[2025-04-25T10:50:29.787+0000] {processor.py:925} INFO - DAG(s) 'latest_only_with_trigger' retrieved from /home/airflow/.local/lib/python3.12/site-packages/airflow/example_dags/example_latest_only_with_trigger.py
[2025-04-25T10:50:29.836+0000] {logging_mixin.py:190} INFO - [2025-04-25T10:50:29.836+0000] {dag.py:3239} INFO - Sync 1 DAGs
[2025-04-25T10:50:29.852+0000] {logging_mixin.py:190} INFO - [2025-04-25T10:50:29.851+0000] {dag.py:4180} INFO - Setting next_dagrun for latest_only_with_trigger to 2025-04-25 04:00:00+00:00, run_after=2025-04-25 08:00:00+00:00
[2025-04-25T10:50:29.859+0000] {processor.py:208} INFO - Processing /home/airflow/.local/lib/python3.12/site-packages/airflow/example_dags/example_latest_only_with_trigger.py took 0.092 seconds
[2025-04-25T10:51:00.783+0000] {processor.py:186} INFO - Started process (PID=1240) to work on /home/airflow/.local/lib/python3.12/site-packages/airflow/example_dags/example_latest_only_with_trigger.py
[2025-04-25T10:51:00.784+0000] {processor.py:914} INFO - Processing file /home/airflow/.local/lib/python3.12/site-packages/airflow/example_dags/example_latest_only_with_trigger.py for tasks to queue
[2025-04-25T10:51:00.786+0000] {logging_mixin.py:190} INFO - [2025-04-25T10:51:00.786+0000] {dagbag.py:588} INFO - Filling up the DagBag from /home/airflow/.local/lib/python3.12/site-packages/airflow/example_dags/example_latest_only_with_trigger.py
[2025-04-25T10:51:00.791+0000] {processor.py:925} INFO - DAG(s) 'latest_only_with_trigger' retrieved from /home/airflow/.local/lib/python3.12/site-packages/airflow/example_dags/example_latest_only_with_trigger.py
[2025-04-25T10:51:00.802+0000] {logging_mixin.py:190} INFO - [2025-04-25T10:51:00.802+0000] {dag.py:3239} INFO - Sync 1 DAGs
[2025-04-25T10:51:00.811+0000] {logging_mixin.py:190} INFO - [2025-04-25T10:51:00.811+0000] {dag.py:4180} INFO - Setting next_dagrun for latest_only_with_trigger to 2025-04-25 04:00:00+00:00, run_after=2025-04-25 08:00:00+00:00
[2025-04-25T10:51:00.818+0000] {processor.py:208} INFO - Processing /home/airflow/.local/lib/python3.12/site-packages/airflow/example_dags/example_latest_only_with_trigger.py took 0.042 seconds
[2025-04-25T10:51:31.911+0000] {processor.py:186} INFO - Started process (PID=1303) to work on /home/airflow/.local/lib/python3.12/site-packages/airflow/example_dags/example_latest_only_with_trigger.py
[2025-04-25T10:51:31.913+0000] {processor.py:914} INFO - Processing file /home/airflow/.local/lib/python3.12/site-packages/airflow/example_dags/example_latest_only_with_trigger.py for tasks to queue
[2025-04-25T10:51:31.915+0000] {logging_mixin.py:190} INFO - [2025-04-25T10:51:31.915+0000] {dagbag.py:588} INFO - Filling up the DagBag from /home/airflow/.local/lib/python3.12/site-packages/airflow/example_dags/example_latest_only_with_trigger.py
[2025-04-25T10:51:31.923+0000] {processor.py:925} INFO - DAG(s) 'latest_only_with_trigger' retrieved from /home/airflow/.local/lib/python3.12/site-packages/airflow/example_dags/example_latest_only_with_trigger.py
[2025-04-25T10:51:31.937+0000] {logging_mixin.py:190} INFO - [2025-04-25T10:51:31.937+0000] {dag.py:3239} INFO - Sync 1 DAGs
[2025-04-25T10:51:31.951+0000] {logging_mixin.py:190} INFO - [2025-04-25T10:51:31.951+0000] {dag.py:4180} INFO - Setting next_dagrun for latest_only_with_trigger to 2025-04-25 04:00:00+00:00, run_after=2025-04-25 08:00:00+00:00
[2025-04-25T10:51:31.967+0000] {processor.py:208} INFO - Processing /home/airflow/.local/lib/python3.12/site-packages/airflow/example_dags/example_latest_only_with_trigger.py took 0.060 seconds
[2025-04-25T10:52:02.948+0000] {processor.py:186} INFO - Started process (PID=1366) to work on /home/airflow/.local/lib/python3.12/site-packages/airflow/example_dags/example_latest_only_with_trigger.py
[2025-04-25T10:52:02.949+0000] {processor.py:914} INFO - Processing file /home/airflow/.local/lib/python3.12/site-packages/airflow/example_dags/example_latest_only_with_trigger.py for tasks to queue
[2025-04-25T10:52:02.950+0000] {logging_mixin.py:190} INFO - [2025-04-25T10:52:02.950+0000] {dagbag.py:588} INFO - Filling up the DagBag from /home/airflow/.local/lib/python3.12/site-packages/airflow/example_dags/example_latest_only_with_trigger.py
[2025-04-25T10:52:02.954+0000] {processor.py:925} INFO - DAG(s) 'latest_only_with_trigger' retrieved from /home/airflow/.local/lib/python3.12/site-packages/airflow/example_dags/example_latest_only_with_trigger.py
[2025-04-25T10:52:02.962+0000] {logging_mixin.py:190} INFO - [2025-04-25T10:52:02.962+0000] {dag.py:3239} INFO - Sync 1 DAGs
[2025-04-25T10:52:02.972+0000] {logging_mixin.py:190} INFO - [2025-04-25T10:52:02.972+0000] {dag.py:4180} INFO - Setting next_dagrun for latest_only_with_trigger to 2025-04-25 04:00:00+00:00, run_after=2025-04-25 08:00:00+00:00
[2025-04-25T10:52:02.983+0000] {processor.py:208} INFO - Processing /home/airflow/.local/lib/python3.12/site-packages/airflow/example_dags/example_latest_only_with_trigger.py took 0.038 seconds
[2025-04-25T10:52:34.644+0000] {processor.py:186} INFO - Started process (PID=1429) to work on /home/airflow/.local/lib/python3.12/site-packages/airflow/example_dags/example_latest_only_with_trigger.py
[2025-04-25T10:52:34.645+0000] {processor.py:914} INFO - Processing file /home/airflow/.local/lib/python3.12/site-packages/airflow/example_dags/example_latest_only_with_trigger.py for tasks to queue
[2025-04-25T10:52:34.647+0000] {logging_mixin.py:190} INFO - [2025-04-25T10:52:34.646+0000] {dagbag.py:588} INFO - Filling up the DagBag from /home/airflow/.local/lib/python3.12/site-packages/airflow/example_dags/example_latest_only_with_trigger.py
[2025-04-25T10:52:34.656+0000] {processor.py:925} INFO - DAG(s) 'latest_only_with_trigger' retrieved from /home/airflow/.local/lib/python3.12/site-packages/airflow/example_dags/example_latest_only_with_trigger.py
[2025-04-25T10:52:34.671+0000] {logging_mixin.py:190} INFO - [2025-04-25T10:52:34.671+0000] {dag.py:3239} INFO - Sync 1 DAGs
[2025-04-25T10:52:34.685+0000] {logging_mixin.py:190} INFO - [2025-04-25T10:52:34.685+0000] {dag.py:4180} INFO - Setting next_dagrun for latest_only_with_trigger to 2025-04-25 04:00:00+00:00, run_after=2025-04-25 08:00:00+00:00
[2025-04-25T10:52:34.702+0000] {processor.py:208} INFO - Processing /home/airflow/.local/lib/python3.12/site-packages/airflow/example_dags/example_latest_only_with_trigger.py took 0.063 seconds
[2025-04-25T10:53:05.243+0000] {processor.py:186} INFO - Started process (PID=1492) to work on /home/airflow/.local/lib/python3.12/site-packages/airflow/example_dags/example_latest_only_with_trigger.py
[2025-04-25T10:53:05.246+0000] {processor.py:914} INFO - Processing file /home/airflow/.local/lib/python3.12/site-packages/airflow/example_dags/example_latest_only_with_trigger.py for tasks to queue
[2025-04-25T10:53:05.248+0000] {logging_mixin.py:190} INFO - [2025-04-25T10:53:05.247+0000] {dagbag.py:588} INFO - Filling up the DagBag from /home/airflow/.local/lib/python3.12/site-packages/airflow/example_dags/example_latest_only_with_trigger.py
[2025-04-25T10:53:05.256+0000] {processor.py:925} INFO - DAG(s) 'latest_only_with_trigger' retrieved from /home/airflow/.local/lib/python3.12/site-packages/airflow/example_dags/example_latest_only_with_trigger.py
[2025-04-25T10:53:05.270+0000] {logging_mixin.py:190} INFO - [2025-04-25T10:53:05.270+0000] {dag.py:3239} INFO - Sync 1 DAGs
[2025-04-25T10:53:05.288+0000] {logging_mixin.py:190} INFO - [2025-04-25T10:53:05.287+0000] {dag.py:4180} INFO - Setting next_dagrun for latest_only_with_trigger to 2025-04-25 04:00:00+00:00, run_after=2025-04-25 08:00:00+00:00
[2025-04-25T10:53:05.296+0000] {processor.py:208} INFO - Processing /home/airflow/.local/lib/python3.12/site-packages/airflow/example_dags/example_latest_only_with_trigger.py took 0.058 seconds
[2025-04-25T10:53:37.656+0000] {processor.py:186} INFO - Started process (PID=1555) to work on /home/airflow/.local/lib/python3.12/site-packages/airflow/example_dags/example_latest_only_with_trigger.py
[2025-04-25T10:53:37.656+0000] {processor.py:914} INFO - Processing file /home/airflow/.local/lib/python3.12/site-packages/airflow/example_dags/example_latest_only_with_trigger.py for tasks to queue
[2025-04-25T10:53:37.657+0000] {logging_mixin.py:190} INFO - [2025-04-25T10:53:37.657+0000] {dagbag.py:588} INFO - Filling up the DagBag from /home/airflow/.local/lib/python3.12/site-packages/airflow/example_dags/example_latest_only_with_trigger.py
[2025-04-25T10:53:37.661+0000] {processor.py:925} INFO - DAG(s) 'latest_only_with_trigger' retrieved from /home/airflow/.local/lib/python3.12/site-packages/airflow/example_dags/example_latest_only_with_trigger.py
[2025-04-25T10:53:37.670+0000] {logging_mixin.py:190} INFO - [2025-04-25T10:53:37.670+0000] {dag.py:3239} INFO - Sync 1 DAGs
[2025-04-25T10:53:37.688+0000] {logging_mixin.py:190} INFO - [2025-04-25T10:53:37.688+0000] {dag.py:4180} INFO - Setting next_dagrun for latest_only_with_trigger to 2025-04-25 04:00:00+00:00, run_after=2025-04-25 08:00:00+00:00
[2025-04-25T10:53:37.698+0000] {processor.py:208} INFO - Processing /home/airflow/.local/lib/python3.12/site-packages/airflow/example_dags/example_latest_only_with_trigger.py took 0.045 seconds
[2025-04-25T10:54:09.204+0000] {processor.py:186} INFO - Started process (PID=1618) to work on /home/airflow/.local/lib/python3.12/site-packages/airflow/example_dags/example_latest_only_with_trigger.py
[2025-04-25T10:54:09.205+0000] {processor.py:914} INFO - Processing file /home/airflow/.local/lib/python3.12/site-packages/airflow/example_dags/example_latest_only_with_trigger.py for tasks to queue
[2025-04-25T10:54:09.208+0000] {logging_mixin.py:190} INFO - [2025-04-25T10:54:09.208+0000] {dagbag.py:588} INFO - Filling up the DagBag from /home/airflow/.local/lib/python3.12/site-packages/airflow/example_dags/example_latest_only_with_trigger.py
[2025-04-25T10:54:09.218+0000] {processor.py:925} INFO - DAG(s) 'latest_only_with_trigger' retrieved from /home/airflow/.local/lib/python3.12/site-packages/airflow/example_dags/example_latest_only_with_trigger.py
[2025-04-25T10:54:09.267+0000] {logging_mixin.py:190} INFO - [2025-04-25T10:54:09.267+0000] {dag.py:3239} INFO - Sync 1 DAGs
[2025-04-25T10:54:09.330+0000] {logging_mixin.py:190} INFO - [2025-04-25T10:54:09.329+0000] {dag.py:4180} INFO - Setting next_dagrun for latest_only_with_trigger to 2025-04-25 04:00:00+00:00, run_after=2025-04-25 08:00:00+00:00
[2025-04-25T10:54:09.401+0000] {processor.py:208} INFO - Processing /home/airflow/.local/lib/python3.12/site-packages/airflow/example_dags/example_latest_only_with_trigger.py took 0.202 seconds
[2025-04-25T10:54:40.174+0000] {processor.py:186} INFO - Started process (PID=1681) to work on /home/airflow/.local/lib/python3.12/site-packages/airflow/example_dags/example_latest_only_with_trigger.py
[2025-04-25T10:54:40.176+0000] {processor.py:914} INFO - Processing file /home/airflow/.local/lib/python3.12/site-packages/airflow/example_dags/example_latest_only_with_trigger.py for tasks to queue
[2025-04-25T10:54:40.178+0000] {logging_mixin.py:190} INFO - [2025-04-25T10:54:40.177+0000] {dagbag.py:588} INFO - Filling up the DagBag from /home/airflow/.local/lib/python3.12/site-packages/airflow/example_dags/example_latest_only_with_trigger.py
[2025-04-25T10:54:40.181+0000] {processor.py:925} INFO - DAG(s) 'latest_only_with_trigger' retrieved from /home/airflow/.local/lib/python3.12/site-packages/airflow/example_dags/example_latest_only_with_trigger.py
[2025-04-25T10:54:40.194+0000] {logging_mixin.py:190} INFO - [2025-04-25T10:54:40.194+0000] {dag.py:3239} INFO - Sync 1 DAGs
[2025-04-25T10:54:40.210+0000] {logging_mixin.py:190} INFO - [2025-04-25T10:54:40.210+0000] {dag.py:4180} INFO - Setting next_dagrun for latest_only_with_trigger to 2025-04-25 04:00:00+00:00, run_after=2025-04-25 08:00:00+00:00
[2025-04-25T10:54:40.220+0000] {processor.py:208} INFO - Processing /home/airflow/.local/lib/python3.12/site-packages/airflow/example_dags/example_latest_only_with_trigger.py took 0.049 seconds
[2025-04-25T10:55:11.321+0000] {processor.py:186} INFO - Started process (PID=1744) to work on /home/airflow/.local/lib/python3.12/site-packages/airflow/example_dags/example_latest_only_with_trigger.py
[2025-04-25T10:55:11.322+0000] {processor.py:914} INFO - Processing file /home/airflow/.local/lib/python3.12/site-packages/airflow/example_dags/example_latest_only_with_trigger.py for tasks to queue
[2025-04-25T10:55:11.323+0000] {logging_mixin.py:190} INFO - [2025-04-25T10:55:11.323+0000] {dagbag.py:588} INFO - Filling up the DagBag from /home/airflow/.local/lib/python3.12/site-packages/airflow/example_dags/example_latest_only_with_trigger.py
[2025-04-25T10:55:11.329+0000] {processor.py:925} INFO - DAG(s) 'latest_only_with_trigger' retrieved from /home/airflow/.local/lib/python3.12/site-packages/airflow/example_dags/example_latest_only_with_trigger.py
[2025-04-25T10:55:11.346+0000] {logging_mixin.py:190} INFO - [2025-04-25T10:55:11.346+0000] {dag.py:3239} INFO - Sync 1 DAGs
[2025-04-25T10:55:11.360+0000] {logging_mixin.py:190} INFO - [2025-04-25T10:55:11.360+0000] {dag.py:4180} INFO - Setting next_dagrun for latest_only_with_trigger to 2025-04-25 04:00:00+00:00, run_after=2025-04-25 08:00:00+00:00
[2025-04-25T10:55:11.371+0000] {processor.py:208} INFO - Processing /home/airflow/.local/lib/python3.12/site-packages/airflow/example_dags/example_latest_only_with_trigger.py took 0.052 seconds
[2025-04-25T10:55:42.194+0000] {processor.py:186} INFO - Started process (PID=1807) to work on /home/airflow/.local/lib/python3.12/site-packages/airflow/example_dags/example_latest_only_with_trigger.py
[2025-04-25T10:55:42.197+0000] {processor.py:914} INFO - Processing file /home/airflow/.local/lib/python3.12/site-packages/airflow/example_dags/example_latest_only_with_trigger.py for tasks to queue
[2025-04-25T10:55:42.199+0000] {logging_mixin.py:190} INFO - [2025-04-25T10:55:42.199+0000] {dagbag.py:588} INFO - Filling up the DagBag from /home/airflow/.local/lib/python3.12/site-packages/airflow/example_dags/example_latest_only_with_trigger.py
[2025-04-25T10:55:42.204+0000] {processor.py:925} INFO - DAG(s) 'latest_only_with_trigger' retrieved from /home/airflow/.local/lib/python3.12/site-packages/airflow/example_dags/example_latest_only_with_trigger.py
[2025-04-25T10:55:42.217+0000] {logging_mixin.py:190} INFO - [2025-04-25T10:55:42.217+0000] {dag.py:3239} INFO - Sync 1 DAGs
[2025-04-25T10:55:42.240+0000] {logging_mixin.py:190} INFO - [2025-04-25T10:55:42.240+0000] {dag.py:4180} INFO - Setting next_dagrun for latest_only_with_trigger to 2025-04-25 04:00:00+00:00, run_after=2025-04-25 08:00:00+00:00
[2025-04-25T10:55:42.258+0000] {processor.py:208} INFO - Processing /home/airflow/.local/lib/python3.12/site-packages/airflow/example_dags/example_latest_only_with_trigger.py took 0.070 seconds
[2025-04-25T10:56:13.772+0000] {processor.py:186} INFO - Started process (PID=1870) to work on /home/airflow/.local/lib/python3.12/site-packages/airflow/example_dags/example_latest_only_with_trigger.py
[2025-04-25T10:56:13.773+0000] {processor.py:914} INFO - Processing file /home/airflow/.local/lib/python3.12/site-packages/airflow/example_dags/example_latest_only_with_trigger.py for tasks to queue
[2025-04-25T10:56:13.774+0000] {logging_mixin.py:190} INFO - [2025-04-25T10:56:13.774+0000] {dagbag.py:588} INFO - Filling up the DagBag from /home/airflow/.local/lib/python3.12/site-packages/airflow/example_dags/example_latest_only_with_trigger.py
[2025-04-25T10:56:13.777+0000] {processor.py:925} INFO - DAG(s) 'latest_only_with_trigger' retrieved from /home/airflow/.local/lib/python3.12/site-packages/airflow/example_dags/example_latest_only_with_trigger.py
[2025-04-25T10:56:13.785+0000] {logging_mixin.py:190} INFO - [2025-04-25T10:56:13.785+0000] {dag.py:3239} INFO - Sync 1 DAGs
[2025-04-25T10:56:13.794+0000] {logging_mixin.py:190} INFO - [2025-04-25T10:56:13.794+0000] {dag.py:4180} INFO - Setting next_dagrun for latest_only_with_trigger to 2025-04-25 04:00:00+00:00, run_after=2025-04-25 08:00:00+00:00
[2025-04-25T10:56:13.800+0000] {processor.py:208} INFO - Processing /home/airflow/.local/lib/python3.12/site-packages/airflow/example_dags/example_latest_only_with_trigger.py took 0.031 seconds
[2025-04-25T10:56:44.971+0000] {processor.py:186} INFO - Started process (PID=1933) to work on /home/airflow/.local/lib/python3.12/site-packages/airflow/example_dags/example_latest_only_with_trigger.py
[2025-04-25T10:56:44.972+0000] {processor.py:914} INFO - Processing file /home/airflow/.local/lib/python3.12/site-packages/airflow/example_dags/example_latest_only_with_trigger.py for tasks to queue
[2025-04-25T10:56:44.974+0000] {logging_mixin.py:190} INFO - [2025-04-25T10:56:44.973+0000] {dagbag.py:588} INFO - Filling up the DagBag from /home/airflow/.local/lib/python3.12/site-packages/airflow/example_dags/example_latest_only_with_trigger.py
[2025-04-25T10:56:44.980+0000] {processor.py:925} INFO - DAG(s) 'latest_only_with_trigger' retrieved from /home/airflow/.local/lib/python3.12/site-packages/airflow/example_dags/example_latest_only_with_trigger.py
[2025-04-25T10:56:44.989+0000] {logging_mixin.py:190} INFO - [2025-04-25T10:56:44.989+0000] {dag.py:3239} INFO - Sync 1 DAGs
[2025-04-25T10:56:44.999+0000] {logging_mixin.py:190} INFO - [2025-04-25T10:56:44.999+0000] {dag.py:4180} INFO - Setting next_dagrun for latest_only_with_trigger to 2025-04-25 04:00:00+00:00, run_after=2025-04-25 08:00:00+00:00
[2025-04-25T10:56:45.011+0000] {processor.py:208} INFO - Processing /home/airflow/.local/lib/python3.12/site-packages/airflow/example_dags/example_latest_only_with_trigger.py took 0.045 seconds
[2025-04-25T10:57:17.446+0000] {processor.py:186} INFO - Started process (PID=1996) to work on /home/airflow/.local/lib/python3.12/site-packages/airflow/example_dags/example_latest_only_with_trigger.py
[2025-04-25T10:57:17.448+0000] {processor.py:914} INFO - Processing file /home/airflow/.local/lib/python3.12/site-packages/airflow/example_dags/example_latest_only_with_trigger.py for tasks to queue
[2025-04-25T10:57:17.450+0000] {logging_mixin.py:190} INFO - [2025-04-25T10:57:17.449+0000] {dagbag.py:588} INFO - Filling up the DagBag from /home/airflow/.local/lib/python3.12/site-packages/airflow/example_dags/example_latest_only_with_trigger.py
[2025-04-25T10:57:17.457+0000] {processor.py:925} INFO - DAG(s) 'latest_only_with_trigger' retrieved from /home/airflow/.local/lib/python3.12/site-packages/airflow/example_dags/example_latest_only_with_trigger.py
[2025-04-25T10:57:17.478+0000] {logging_mixin.py:190} INFO - [2025-04-25T10:57:17.478+0000] {dag.py:3239} INFO - Sync 1 DAGs
[2025-04-25T10:57:17.497+0000] {logging_mixin.py:190} INFO - [2025-04-25T10:57:17.497+0000] {dag.py:4180} INFO - Setting next_dagrun for latest_only_with_trigger to 2025-04-25 04:00:00+00:00, run_after=2025-04-25 08:00:00+00:00
[2025-04-25T10:57:17.533+0000] {processor.py:208} INFO - Processing /home/airflow/.local/lib/python3.12/site-packages/airflow/example_dags/example_latest_only_with_trigger.py took 0.094 seconds
[2025-04-25T10:57:49.449+0000] {processor.py:186} INFO - Started process (PID=2059) to work on /home/airflow/.local/lib/python3.12/site-packages/airflow/example_dags/example_latest_only_with_trigger.py
[2025-04-25T10:57:49.451+0000] {processor.py:914} INFO - Processing file /home/airflow/.local/lib/python3.12/site-packages/airflow/example_dags/example_latest_only_with_trigger.py for tasks to queue
[2025-04-25T10:57:49.453+0000] {logging_mixin.py:190} INFO - [2025-04-25T10:57:49.453+0000] {dagbag.py:588} INFO - Filling up the DagBag from /home/airflow/.local/lib/python3.12/site-packages/airflow/example_dags/example_latest_only_with_trigger.py
[2025-04-25T10:57:49.458+0000] {processor.py:925} INFO - DAG(s) 'latest_only_with_trigger' retrieved from /home/airflow/.local/lib/python3.12/site-packages/airflow/example_dags/example_latest_only_with_trigger.py
[2025-04-25T10:57:49.472+0000] {logging_mixin.py:190} INFO - [2025-04-25T10:57:49.471+0000] {dag.py:3239} INFO - Sync 1 DAGs
[2025-04-25T10:57:49.493+0000] {logging_mixin.py:190} INFO - [2025-04-25T10:57:49.493+0000] {dag.py:4180} INFO - Setting next_dagrun for latest_only_with_trigger to 2025-04-25 04:00:00+00:00, run_after=2025-04-25 08:00:00+00:00
[2025-04-25T10:57:49.504+0000] {processor.py:208} INFO - Processing /home/airflow/.local/lib/python3.12/site-packages/airflow/example_dags/example_latest_only_with_trigger.py took 0.060 seconds
[2025-04-25T10:58:20.150+0000] {processor.py:186} INFO - Started process (PID=2122) to work on /home/airflow/.local/lib/python3.12/site-packages/airflow/example_dags/example_latest_only_with_trigger.py
[2025-04-25T10:58:20.151+0000] {processor.py:914} INFO - Processing file /home/airflow/.local/lib/python3.12/site-packages/airflow/example_dags/example_latest_only_with_trigger.py for tasks to queue
[2025-04-25T10:58:20.154+0000] {logging_mixin.py:190} INFO - [2025-04-25T10:58:20.153+0000] {dagbag.py:588} INFO - Filling up the DagBag from /home/airflow/.local/lib/python3.12/site-packages/airflow/example_dags/example_latest_only_with_trigger.py
[2025-04-25T10:58:20.161+0000] {processor.py:925} INFO - DAG(s) 'latest_only_with_trigger' retrieved from /home/airflow/.local/lib/python3.12/site-packages/airflow/example_dags/example_latest_only_with_trigger.py
[2025-04-25T10:58:20.201+0000] {logging_mixin.py:190} INFO - [2025-04-25T10:58:20.201+0000] {dag.py:3239} INFO - Sync 1 DAGs
[2025-04-25T10:58:20.231+0000] {logging_mixin.py:190} INFO - [2025-04-25T10:58:20.231+0000] {dag.py:4180} INFO - Setting next_dagrun for latest_only_with_trigger to 2025-04-25 04:00:00+00:00, run_after=2025-04-25 08:00:00+00:00
[2025-04-25T10:58:20.244+0000] {processor.py:208} INFO - Processing /home/airflow/.local/lib/python3.12/site-packages/airflow/example_dags/example_latest_only_with_trigger.py took 0.114 seconds
[2025-04-25T10:58:51.216+0000] {processor.py:186} INFO - Started process (PID=2185) to work on /home/airflow/.local/lib/python3.12/site-packages/airflow/example_dags/example_latest_only_with_trigger.py
[2025-04-25T10:58:51.220+0000] {processor.py:914} INFO - Processing file /home/airflow/.local/lib/python3.12/site-packages/airflow/example_dags/example_latest_only_with_trigger.py for tasks to queue
[2025-04-25T10:58:51.223+0000] {logging_mixin.py:190} INFO - [2025-04-25T10:58:51.223+0000] {dagbag.py:588} INFO - Filling up the DagBag from /home/airflow/.local/lib/python3.12/site-packages/airflow/example_dags/example_latest_only_with_trigger.py
[2025-04-25T10:58:51.239+0000] {processor.py:925} INFO - DAG(s) 'latest_only_with_trigger' retrieved from /home/airflow/.local/lib/python3.12/site-packages/airflow/example_dags/example_latest_only_with_trigger.py
[2025-04-25T10:58:51.301+0000] {logging_mixin.py:190} INFO - [2025-04-25T10:58:51.301+0000] {dag.py:3239} INFO - Sync 1 DAGs
[2025-04-25T10:58:51.320+0000] {logging_mixin.py:190} INFO - [2025-04-25T10:58:51.320+0000] {dag.py:4180} INFO - Setting next_dagrun for latest_only_with_trigger to 2025-04-25 04:00:00+00:00, run_after=2025-04-25 08:00:00+00:00
[2025-04-25T10:58:51.336+0000] {processor.py:208} INFO - Processing /home/airflow/.local/lib/python3.12/site-packages/airflow/example_dags/example_latest_only_with_trigger.py took 0.144 seconds
[2025-04-25T10:59:21.371+0000] {processor.py:186} INFO - Started process (PID=2247) to work on /home/airflow/.local/lib/python3.12/site-packages/airflow/example_dags/example_latest_only_with_trigger.py
[2025-04-25T10:59:21.372+0000] {processor.py:914} INFO - Processing file /home/airflow/.local/lib/python3.12/site-packages/airflow/example_dags/example_latest_only_with_trigger.py for tasks to queue
[2025-04-25T10:59:21.373+0000] {logging_mixin.py:190} INFO - [2025-04-25T10:59:21.373+0000] {dagbag.py:588} INFO - Filling up the DagBag from /home/airflow/.local/lib/python3.12/site-packages/airflow/example_dags/example_latest_only_with_trigger.py
[2025-04-25T10:59:21.377+0000] {processor.py:925} INFO - DAG(s) 'latest_only_with_trigger' retrieved from /home/airflow/.local/lib/python3.12/site-packages/airflow/example_dags/example_latest_only_with_trigger.py
[2025-04-25T10:59:21.387+0000] {logging_mixin.py:190} INFO - [2025-04-25T10:59:21.387+0000] {dag.py:3239} INFO - Sync 1 DAGs
[2025-04-25T10:59:21.398+0000] {logging_mixin.py:190} INFO - [2025-04-25T10:59:21.398+0000] {dag.py:4180} INFO - Setting next_dagrun for latest_only_with_trigger to 2025-04-25 04:00:00+00:00, run_after=2025-04-25 08:00:00+00:00
[2025-04-25T10:59:21.405+0000] {processor.py:208} INFO - Processing /home/airflow/.local/lib/python3.12/site-packages/airflow/example_dags/example_latest_only_with_trigger.py took 0.038 seconds
[2025-04-25T10:59:51.722+0000] {processor.py:186} INFO - Started process (PID=2310) to work on /home/airflow/.local/lib/python3.12/site-packages/airflow/example_dags/example_latest_only_with_trigger.py
[2025-04-25T10:59:51.724+0000] {processor.py:914} INFO - Processing file /home/airflow/.local/lib/python3.12/site-packages/airflow/example_dags/example_latest_only_with_trigger.py for tasks to queue
[2025-04-25T10:59:51.726+0000] {logging_mixin.py:190} INFO - [2025-04-25T10:59:51.726+0000] {dagbag.py:588} INFO - Filling up the DagBag from /home/airflow/.local/lib/python3.12/site-packages/airflow/example_dags/example_latest_only_with_trigger.py
[2025-04-25T10:59:51.738+0000] {processor.py:925} INFO - DAG(s) 'latest_only_with_trigger' retrieved from /home/airflow/.local/lib/python3.12/site-packages/airflow/example_dags/example_latest_only_with_trigger.py
[2025-04-25T10:59:51.763+0000] {logging_mixin.py:190} INFO - [2025-04-25T10:59:51.763+0000] {dag.py:3239} INFO - Sync 1 DAGs
[2025-04-25T10:59:51.807+0000] {logging_mixin.py:190} INFO - [2025-04-25T10:59:51.806+0000] {dag.py:4180} INFO - Setting next_dagrun for latest_only_with_trigger to 2025-04-25 04:00:00+00:00, run_after=2025-04-25 08:00:00+00:00
[2025-04-25T10:59:51.817+0000] {processor.py:208} INFO - Processing /home/airflow/.local/lib/python3.12/site-packages/airflow/example_dags/example_latest_only_with_trigger.py took 0.100 seconds
[2025-04-25T11:00:21.979+0000] {processor.py:186} INFO - Started process (PID=2372) to work on /home/airflow/.local/lib/python3.12/site-packages/airflow/example_dags/example_latest_only_with_trigger.py
[2025-04-25T11:00:21.981+0000] {processor.py:914} INFO - Processing file /home/airflow/.local/lib/python3.12/site-packages/airflow/example_dags/example_latest_only_with_trigger.py for tasks to queue
[2025-04-25T11:00:21.982+0000] {logging_mixin.py:190} INFO - [2025-04-25T11:00:21.982+0000] {dagbag.py:588} INFO - Filling up the DagBag from /home/airflow/.local/lib/python3.12/site-packages/airflow/example_dags/example_latest_only_with_trigger.py
[2025-04-25T11:00:21.986+0000] {processor.py:925} INFO - DAG(s) 'latest_only_with_trigger' retrieved from /home/airflow/.local/lib/python3.12/site-packages/airflow/example_dags/example_latest_only_with_trigger.py
[2025-04-25T11:00:21.995+0000] {logging_mixin.py:190} INFO - [2025-04-25T11:00:21.994+0000] {dag.py:3239} INFO - Sync 1 DAGs
[2025-04-25T11:00:22.004+0000] {logging_mixin.py:190} INFO - [2025-04-25T11:00:22.003+0000] {dag.py:4180} INFO - Setting next_dagrun for latest_only_with_trigger to 2025-04-25 04:00:00+00:00, run_after=2025-04-25 08:00:00+00:00
[2025-04-25T11:00:22.010+0000] {processor.py:208} INFO - Processing /home/airflow/.local/lib/python3.12/site-packages/airflow/example_dags/example_latest_only_with_trigger.py took 0.033 seconds
[2025-04-25T11:00:52.179+0000] {processor.py:186} INFO - Started process (PID=2435) to work on /home/airflow/.local/lib/python3.12/site-packages/airflow/example_dags/example_latest_only_with_trigger.py
[2025-04-25T11:00:52.186+0000] {processor.py:914} INFO - Processing file /home/airflow/.local/lib/python3.12/site-packages/airflow/example_dags/example_latest_only_with_trigger.py for tasks to queue
[2025-04-25T11:00:52.190+0000] {logging_mixin.py:190} INFO - [2025-04-25T11:00:52.190+0000] {dagbag.py:588} INFO - Filling up the DagBag from /home/airflow/.local/lib/python3.12/site-packages/airflow/example_dags/example_latest_only_with_trigger.py
[2025-04-25T11:00:52.194+0000] {processor.py:925} INFO - DAG(s) 'latest_only_with_trigger' retrieved from /home/airflow/.local/lib/python3.12/site-packages/airflow/example_dags/example_latest_only_with_trigger.py
[2025-04-25T11:00:52.207+0000] {logging_mixin.py:190} INFO - [2025-04-25T11:00:52.207+0000] {dag.py:3239} INFO - Sync 1 DAGs
[2025-04-25T11:00:52.218+0000] {logging_mixin.py:190} INFO - [2025-04-25T11:00:52.218+0000] {dag.py:4180} INFO - Setting next_dagrun for latest_only_with_trigger to 2025-04-25 04:00:00+00:00, run_after=2025-04-25 08:00:00+00:00
[2025-04-25T11:00:52.229+0000] {processor.py:208} INFO - Processing /home/airflow/.local/lib/python3.12/site-packages/airflow/example_dags/example_latest_only_with_trigger.py took 0.053 seconds
[2025-04-25T11:01:22.598+0000] {processor.py:186} INFO - Started process (PID=2498) to work on /home/airflow/.local/lib/python3.12/site-packages/airflow/example_dags/example_latest_only_with_trigger.py
[2025-04-25T11:01:22.599+0000] {processor.py:914} INFO - Processing file /home/airflow/.local/lib/python3.12/site-packages/airflow/example_dags/example_latest_only_with_trigger.py for tasks to queue
[2025-04-25T11:01:22.600+0000] {logging_mixin.py:190} INFO - [2025-04-25T11:01:22.600+0000] {dagbag.py:588} INFO - Filling up the DagBag from /home/airflow/.local/lib/python3.12/site-packages/airflow/example_dags/example_latest_only_with_trigger.py
[2025-04-25T11:01:22.604+0000] {processor.py:925} INFO - DAG(s) 'latest_only_with_trigger' retrieved from /home/airflow/.local/lib/python3.12/site-packages/airflow/example_dags/example_latest_only_with_trigger.py
[2025-04-25T11:01:22.616+0000] {logging_mixin.py:190} INFO - [2025-04-25T11:01:22.616+0000] {dag.py:3239} INFO - Sync 1 DAGs
[2025-04-25T11:01:22.627+0000] {logging_mixin.py:190} INFO - [2025-04-25T11:01:22.627+0000] {dag.py:4180} INFO - Setting next_dagrun for latest_only_with_trigger to 2025-04-25 04:00:00+00:00, run_after=2025-04-25 08:00:00+00:00
[2025-04-25T11:01:22.634+0000] {processor.py:208} INFO - Processing /home/airflow/.local/lib/python3.12/site-packages/airflow/example_dags/example_latest_only_with_trigger.py took 0.039 seconds
[2025-04-25T11:01:52.754+0000] {processor.py:186} INFO - Started process (PID=2560) to work on /home/airflow/.local/lib/python3.12/site-packages/airflow/example_dags/example_latest_only_with_trigger.py
[2025-04-25T11:01:52.755+0000] {processor.py:914} INFO - Processing file /home/airflow/.local/lib/python3.12/site-packages/airflow/example_dags/example_latest_only_with_trigger.py for tasks to queue
[2025-04-25T11:01:52.757+0000] {logging_mixin.py:190} INFO - [2025-04-25T11:01:52.757+0000] {dagbag.py:588} INFO - Filling up the DagBag from /home/airflow/.local/lib/python3.12/site-packages/airflow/example_dags/example_latest_only_with_trigger.py
[2025-04-25T11:01:52.766+0000] {processor.py:925} INFO - DAG(s) 'latest_only_with_trigger' retrieved from /home/airflow/.local/lib/python3.12/site-packages/airflow/example_dags/example_latest_only_with_trigger.py
[2025-04-25T11:01:52.783+0000] {logging_mixin.py:190} INFO - [2025-04-25T11:01:52.783+0000] {dag.py:3239} INFO - Sync 1 DAGs
[2025-04-25T11:01:52.796+0000] {logging_mixin.py:190} INFO - [2025-04-25T11:01:52.796+0000] {dag.py:4180} INFO - Setting next_dagrun for latest_only_with_trigger to 2025-04-25 04:00:00+00:00, run_after=2025-04-25 08:00:00+00:00
[2025-04-25T11:01:52.807+0000] {processor.py:208} INFO - Processing /home/airflow/.local/lib/python3.12/site-packages/airflow/example_dags/example_latest_only_with_trigger.py took 0.056 seconds
[2025-04-25T11:02:23.482+0000] {processor.py:186} INFO - Started process (PID=2623) to work on /home/airflow/.local/lib/python3.12/site-packages/airflow/example_dags/example_latest_only_with_trigger.py
[2025-04-25T11:02:23.483+0000] {processor.py:914} INFO - Processing file /home/airflow/.local/lib/python3.12/site-packages/airflow/example_dags/example_latest_only_with_trigger.py for tasks to queue
[2025-04-25T11:02:23.486+0000] {logging_mixin.py:190} INFO - [2025-04-25T11:02:23.485+0000] {dagbag.py:588} INFO - Filling up the DagBag from /home/airflow/.local/lib/python3.12/site-packages/airflow/example_dags/example_latest_only_with_trigger.py
[2025-04-25T11:02:23.491+0000] {processor.py:925} INFO - DAG(s) 'latest_only_with_trigger' retrieved from /home/airflow/.local/lib/python3.12/site-packages/airflow/example_dags/example_latest_only_with_trigger.py
[2025-04-25T11:02:23.514+0000] {logging_mixin.py:190} INFO - [2025-04-25T11:02:23.514+0000] {dag.py:3239} INFO - Sync 1 DAGs
[2025-04-25T11:02:23.525+0000] {logging_mixin.py:190} INFO - [2025-04-25T11:02:23.525+0000] {dag.py:4180} INFO - Setting next_dagrun for latest_only_with_trigger to 2025-04-25 04:00:00+00:00, run_after=2025-04-25 08:00:00+00:00
[2025-04-25T11:02:23.534+0000] {processor.py:208} INFO - Processing /home/airflow/.local/lib/python3.12/site-packages/airflow/example_dags/example_latest_only_with_trigger.py took 0.055 seconds
[2025-04-25T11:03:07.924+0000] {processor.py:186} INFO - Started process (PID=2690) to work on /home/airflow/.local/lib/python3.12/site-packages/airflow/example_dags/example_latest_only_with_trigger.py
[2025-04-25T11:03:07.950+0000] {processor.py:914} INFO - Processing file /home/airflow/.local/lib/python3.12/site-packages/airflow/example_dags/example_latest_only_with_trigger.py for tasks to queue
[2025-04-25T11:03:08.000+0000] {logging_mixin.py:190} INFO - [2025-04-25T11:03:07.991+0000] {dagbag.py:588} INFO - Filling up the DagBag from /home/airflow/.local/lib/python3.12/site-packages/airflow/example_dags/example_latest_only_with_trigger.py
[2025-04-25T11:03:08.362+0000] {processor.py:925} INFO - DAG(s) 'latest_only_with_trigger' retrieved from /home/airflow/.local/lib/python3.12/site-packages/airflow/example_dags/example_latest_only_with_trigger.py
[2025-04-25T11:03:09.020+0000] {logging_mixin.py:190} INFO - [2025-04-25T11:03:09.010+0000] {dag.py:3239} INFO - Sync 1 DAGs
[2025-04-25T11:03:09.237+0000] {logging_mixin.py:190} INFO - [2025-04-25T11:03:09.234+0000] {dag.py:4180} INFO - Setting next_dagrun for latest_only_with_trigger to 2025-04-25 04:00:00+00:00, run_after=2025-04-25 08:00:00+00:00
[2025-04-25T11:03:09.384+0000] {processor.py:208} INFO - Processing /home/airflow/.local/lib/python3.12/site-packages/airflow/example_dags/example_latest_only_with_trigger.py took 1.584 seconds
[2025-04-25T11:10:23.455+0000] {processor.py:186} INFO - Started process (PID=2801) to work on /home/airflow/.local/lib/python3.12/site-packages/airflow/example_dags/example_latest_only_with_trigger.py
[2025-04-25T11:10:23.544+0000] {processor.py:914} INFO - Processing file /home/airflow/.local/lib/python3.12/site-packages/airflow/example_dags/example_latest_only_with_trigger.py for tasks to queue
[2025-04-25T11:10:23.630+0000] {logging_mixin.py:190} INFO - [2025-04-25T11:10:23.585+0000] {dagbag.py:588} INFO - Filling up the DagBag from /home/airflow/.local/lib/python3.12/site-packages/airflow/example_dags/example_latest_only_with_trigger.py
[2025-04-25T11:10:24.511+0000] {processor.py:925} INFO - DAG(s) 'latest_only_with_trigger' retrieved from /home/airflow/.local/lib/python3.12/site-packages/airflow/example_dags/example_latest_only_with_trigger.py
[2025-04-25T11:10:27.124+0000] {logging_mixin.py:190} INFO - [2025-04-25T11:10:27.091+0000] {dag.py:3239} INFO - Sync 1 DAGs
[2025-04-25T11:10:41.523+0000] {logging_mixin.py:190} INFO - [2025-04-25T11:10:41.481+0000] {dag.py:4180} INFO - Setting next_dagrun for latest_only_with_trigger to 2025-04-25 04:00:00+00:00, run_after=2025-04-25 08:00:00+00:00
[2025-04-25T11:10:44.088+0000] {processor.py:208} INFO - Processing /home/airflow/.local/lib/python3.12/site-packages/airflow/example_dags/example_latest_only_with_trigger.py took 20.976 seconds
[2025-04-25T11:19:12.011+0000] {processor.py:186} INFO - Started process (PID=2961) to work on /home/airflow/.local/lib/python3.12/site-packages/airflow/example_dags/example_latest_only_with_trigger.py
[2025-04-25T11:19:12.171+0000] {processor.py:914} INFO - Processing file /home/airflow/.local/lib/python3.12/site-packages/airflow/example_dags/example_latest_only_with_trigger.py for tasks to queue
[2025-04-25T11:19:12.264+0000] {logging_mixin.py:190} INFO - [2025-04-25T11:19:12.258+0000] {dagbag.py:588} INFO - Filling up the DagBag from /home/airflow/.local/lib/python3.12/site-packages/airflow/example_dags/example_latest_only_with_trigger.py
[2025-04-25T11:19:12.576+0000] {processor.py:925} INFO - DAG(s) 'latest_only_with_trigger' retrieved from /home/airflow/.local/lib/python3.12/site-packages/airflow/example_dags/example_latest_only_with_trigger.py
[2025-04-25T11:19:13.755+0000] {logging_mixin.py:190} INFO - [2025-04-25T11:19:13.753+0000] {dag.py:3239} INFO - Sync 1 DAGs
[2025-04-25T11:19:14.932+0000] {logging_mixin.py:190} INFO - [2025-04-25T11:19:14.929+0000] {dag.py:4180} INFO - Setting next_dagrun for latest_only_with_trigger to 2025-04-25 04:00:00+00:00, run_after=2025-04-25 08:00:00+00:00
[2025-04-25T11:19:15.707+0000] {processor.py:208} INFO - Processing /home/airflow/.local/lib/python3.12/site-packages/airflow/example_dags/example_latest_only_with_trigger.py took 3.850 seconds
[2025-04-25T11:21:00.961+0000] {processor.py:186} INFO - Started process (PID=3033) to work on /home/airflow/.local/lib/python3.12/site-packages/airflow/example_dags/example_latest_only_with_trigger.py
[2025-04-25T11:21:00.963+0000] {processor.py:914} INFO - Processing file /home/airflow/.local/lib/python3.12/site-packages/airflow/example_dags/example_latest_only_with_trigger.py for tasks to queue
[2025-04-25T11:21:00.965+0000] {logging_mixin.py:190} INFO - [2025-04-25T11:21:00.965+0000] {dagbag.py:588} INFO - Filling up the DagBag from /home/airflow/.local/lib/python3.12/site-packages/airflow/example_dags/example_latest_only_with_trigger.py
[2025-04-25T11:21:00.985+0000] {processor.py:925} INFO - DAG(s) 'latest_only_with_trigger' retrieved from /home/airflow/.local/lib/python3.12/site-packages/airflow/example_dags/example_latest_only_with_trigger.py
[2025-04-25T11:21:01.034+0000] {logging_mixin.py:190} INFO - [2025-04-25T11:21:01.033+0000] {dag.py:3239} INFO - Sync 1 DAGs
[2025-04-25T11:21:01.074+0000] {logging_mixin.py:190} INFO - [2025-04-25T11:21:01.074+0000] {dag.py:4180} INFO - Setting next_dagrun for latest_only_with_trigger to 2025-04-25 04:00:00+00:00, run_after=2025-04-25 08:00:00+00:00
[2025-04-25T11:21:01.182+0000] {processor.py:208} INFO - Processing /home/airflow/.local/lib/python3.12/site-packages/airflow/example_dags/example_latest_only_with_trigger.py took 0.229 seconds
[2025-04-25T11:21:32.813+0000] {processor.py:186} INFO - Started process (PID=3096) to work on /home/airflow/.local/lib/python3.12/site-packages/airflow/example_dags/example_latest_only_with_trigger.py
[2025-04-25T11:21:32.817+0000] {processor.py:914} INFO - Processing file /home/airflow/.local/lib/python3.12/site-packages/airflow/example_dags/example_latest_only_with_trigger.py for tasks to queue
[2025-04-25T11:21:32.820+0000] {logging_mixin.py:190} INFO - [2025-04-25T11:21:32.819+0000] {dagbag.py:588} INFO - Filling up the DagBag from /home/airflow/.local/lib/python3.12/site-packages/airflow/example_dags/example_latest_only_with_trigger.py
[2025-04-25T11:21:32.872+0000] {processor.py:925} INFO - DAG(s) 'latest_only_with_trigger' retrieved from /home/airflow/.local/lib/python3.12/site-packages/airflow/example_dags/example_latest_only_with_trigger.py
[2025-04-25T11:21:32.930+0000] {logging_mixin.py:190} INFO - [2025-04-25T11:21:32.929+0000] {dag.py:3239} INFO - Sync 1 DAGs
[2025-04-25T11:21:32.980+0000] {logging_mixin.py:190} INFO - [2025-04-25T11:21:32.980+0000] {dag.py:4180} INFO - Setting next_dagrun for latest_only_with_trigger to 2025-04-25 04:00:00+00:00, run_after=2025-04-25 08:00:00+00:00
[2025-04-25T11:21:33.018+0000] {processor.py:208} INFO - Processing /home/airflow/.local/lib/python3.12/site-packages/airflow/example_dags/example_latest_only_with_trigger.py took 0.218 seconds
[2025-04-25T11:22:03.454+0000] {processor.py:186} INFO - Started process (PID=3159) to work on /home/airflow/.local/lib/python3.12/site-packages/airflow/example_dags/example_latest_only_with_trigger.py
[2025-04-25T11:22:03.490+0000] {processor.py:914} INFO - Processing file /home/airflow/.local/lib/python3.12/site-packages/airflow/example_dags/example_latest_only_with_trigger.py for tasks to queue
[2025-04-25T11:22:03.504+0000] {logging_mixin.py:190} INFO - [2025-04-25T11:22:03.501+0000] {dagbag.py:588} INFO - Filling up the DagBag from /home/airflow/.local/lib/python3.12/site-packages/airflow/example_dags/example_latest_only_with_trigger.py
[2025-04-25T11:22:03.562+0000] {processor.py:925} INFO - DAG(s) 'latest_only_with_trigger' retrieved from /home/airflow/.local/lib/python3.12/site-packages/airflow/example_dags/example_latest_only_with_trigger.py
[2025-04-25T11:22:03.746+0000] {logging_mixin.py:190} INFO - [2025-04-25T11:22:03.745+0000] {dag.py:3239} INFO - Sync 1 DAGs
[2025-04-25T11:22:03.887+0000] {logging_mixin.py:190} INFO - [2025-04-25T11:22:03.885+0000] {dag.py:4180} INFO - Setting next_dagrun for latest_only_with_trigger to 2025-04-25 04:00:00+00:00, run_after=2025-04-25 08:00:00+00:00
[2025-04-25T11:22:04.034+0000] {processor.py:208} INFO - Processing /home/airflow/.local/lib/python3.12/site-packages/airflow/example_dags/example_latest_only_with_trigger.py took 0.596 seconds
[2025-04-25T11:23:10.972+0000] {processor.py:186} INFO - Started process (PID=3236) to work on /home/airflow/.local/lib/python3.12/site-packages/airflow/example_dags/example_latest_only_with_trigger.py
[2025-04-25T11:23:10.978+0000] {processor.py:914} INFO - Processing file /home/airflow/.local/lib/python3.12/site-packages/airflow/example_dags/example_latest_only_with_trigger.py for tasks to queue
[2025-04-25T11:23:10.985+0000] {logging_mixin.py:190} INFO - [2025-04-25T11:23:10.984+0000] {dagbag.py:588} INFO - Filling up the DagBag from /home/airflow/.local/lib/python3.12/site-packages/airflow/example_dags/example_latest_only_with_trigger.py
[2025-04-25T11:23:11.178+0000] {processor.py:925} INFO - DAG(s) 'latest_only_with_trigger' retrieved from /home/airflow/.local/lib/python3.12/site-packages/airflow/example_dags/example_latest_only_with_trigger.py
[2025-04-25T11:23:11.758+0000] {logging_mixin.py:190} INFO - [2025-04-25T11:23:11.752+0000] {dag.py:3239} INFO - Sync 1 DAGs
[2025-04-25T11:23:12.079+0000] {logging_mixin.py:190} INFO - [2025-04-25T11:23:12.078+0000] {dag.py:4180} INFO - Setting next_dagrun for latest_only_with_trigger to 2025-04-25 04:00:00+00:00, run_after=2025-04-25 08:00:00+00:00
[2025-04-25T11:23:12.321+0000] {processor.py:208} INFO - Processing /home/airflow/.local/lib/python3.12/site-packages/airflow/example_dags/example_latest_only_with_trigger.py took 1.390 seconds
[2025-04-25T11:23:42.509+0000] {processor.py:186} INFO - Started process (PID=3299) to work on /home/airflow/.local/lib/python3.12/site-packages/airflow/example_dags/example_latest_only_with_trigger.py
[2025-04-25T11:23:42.519+0000] {processor.py:914} INFO - Processing file /home/airflow/.local/lib/python3.12/site-packages/airflow/example_dags/example_latest_only_with_trigger.py for tasks to queue
[2025-04-25T11:23:42.533+0000] {logging_mixin.py:190} INFO - [2025-04-25T11:23:42.533+0000] {dagbag.py:588} INFO - Filling up the DagBag from /home/airflow/.local/lib/python3.12/site-packages/airflow/example_dags/example_latest_only_with_trigger.py
[2025-04-25T11:23:42.575+0000] {processor.py:925} INFO - DAG(s) 'latest_only_with_trigger' retrieved from /home/airflow/.local/lib/python3.12/site-packages/airflow/example_dags/example_latest_only_with_trigger.py
[2025-04-25T11:23:42.690+0000] {logging_mixin.py:190} INFO - [2025-04-25T11:23:42.689+0000] {dag.py:3239} INFO - Sync 1 DAGs
[2025-04-25T11:23:42.740+0000] {logging_mixin.py:190} INFO - [2025-04-25T11:23:42.740+0000] {dag.py:4180} INFO - Setting next_dagrun for latest_only_with_trigger to 2025-04-25 04:00:00+00:00, run_after=2025-04-25 08:00:00+00:00
[2025-04-25T11:23:42.842+0000] {processor.py:208} INFO - Processing /home/airflow/.local/lib/python3.12/site-packages/airflow/example_dags/example_latest_only_with_trigger.py took 0.376 seconds
