[2025-04-25T10:41:11.438+0000] {processor.py:186} INFO - Started process (PID=61) to work on /home/airflow/.local/lib/python3.12/site-packages/airflow/example_dags/example_xcomargs.py
[2025-04-25T10:41:11.440+0000] {processor.py:914} INFO - Processing file /home/airflow/.local/lib/python3.12/site-packages/airflow/example_dags/example_xcomargs.py for tasks to queue
[2025-04-25T10:41:11.446+0000] {logging_mixin.py:190} INFO - [2025-04-25T10:41:11.445+0000] {dagbag.py:588} INFO - Filling up the DagBag from /home/airflow/.local/lib/python3.12/site-packages/airflow/example_dags/example_xcomargs.py
[2025-04-25T10:41:11.486+0000] {processor.py:925} INFO - DAG(s) 'example_xcom_args_with_operators', 'example_xcom_args' retrieved from /home/airflow/.local/lib/python3.12/site-packages/airflow/example_dags/example_xcomargs.py
[2025-04-25T10:41:11.590+0000] {logging_mixin.py:190} INFO - [2025-04-25T10:41:11.589+0000] {dag.py:3239} INFO - Sync 2 DAGs
[2025-04-25T10:41:11.618+0000] {logging_mixin.py:190} INFO - [2025-04-25T10:41:11.617+0000] {dag.py:4180} INFO - Setting next_dagrun for example_xcom_args to None, run_after=None
[2025-04-25T10:41:11.623+0000] {logging_mixin.py:190} INFO - [2025-04-25T10:41:11.622+0000] {dag.py:4180} INFO - Setting next_dagrun for example_xcom_args_with_operators to None, run_after=None
[2025-04-25T10:41:11.650+0000] {processor.py:208} INFO - Processing /home/airflow/.local/lib/python3.12/site-packages/airflow/example_dags/example_xcomargs.py took 0.232 seconds
[2025-04-25T10:41:42.250+0000] {processor.py:186} INFO - Started process (PID=123) to work on /home/airflow/.local/lib/python3.12/site-packages/airflow/example_dags/example_xcomargs.py
[2025-04-25T10:41:42.253+0000] {processor.py:914} INFO - Processing file /home/airflow/.local/lib/python3.12/site-packages/airflow/example_dags/example_xcomargs.py for tasks to queue
[2025-04-25T10:41:42.257+0000] {logging_mixin.py:190} INFO - [2025-04-25T10:41:42.257+0000] {dagbag.py:588} INFO - Filling up the DagBag from /home/airflow/.local/lib/python3.12/site-packages/airflow/example_dags/example_xcomargs.py
[2025-04-25T10:41:42.291+0000] {processor.py:925} INFO - DAG(s) 'example_xcom_args', 'example_xcom_args_with_operators' retrieved from /home/airflow/.local/lib/python3.12/site-packages/airflow/example_dags/example_xcomargs.py
[2025-04-25T10:41:42.315+0000] {logging_mixin.py:190} INFO - [2025-04-25T10:41:42.314+0000] {dag.py:3239} INFO - Sync 2 DAGs
[2025-04-25T10:41:42.338+0000] {logging_mixin.py:190} INFO - [2025-04-25T10:41:42.338+0000] {dag.py:4180} INFO - Setting next_dagrun for example_xcom_args to None, run_after=None
[2025-04-25T10:41:42.341+0000] {logging_mixin.py:190} INFO - [2025-04-25T10:41:42.341+0000] {dag.py:4180} INFO - Setting next_dagrun for example_xcom_args_with_operators to None, run_after=None
[2025-04-25T10:41:42.353+0000] {processor.py:208} INFO - Processing /home/airflow/.local/lib/python3.12/site-packages/airflow/example_dags/example_xcomargs.py took 0.108 seconds
[2025-04-25T10:42:12.540+0000] {processor.py:186} INFO - Started process (PID=186) to work on /home/airflow/.local/lib/python3.12/site-packages/airflow/example_dags/example_xcomargs.py
[2025-04-25T10:42:12.541+0000] {processor.py:914} INFO - Processing file /home/airflow/.local/lib/python3.12/site-packages/airflow/example_dags/example_xcomargs.py for tasks to queue
[2025-04-25T10:42:12.543+0000] {logging_mixin.py:190} INFO - [2025-04-25T10:42:12.543+0000] {dagbag.py:588} INFO - Filling up the DagBag from /home/airflow/.local/lib/python3.12/site-packages/airflow/example_dags/example_xcomargs.py
[2025-04-25T10:42:12.551+0000] {processor.py:925} INFO - DAG(s) 'example_xcom_args_with_operators', 'example_xcom_args' retrieved from /home/airflow/.local/lib/python3.12/site-packages/airflow/example_dags/example_xcomargs.py
[2025-04-25T10:42:12.563+0000] {logging_mixin.py:190} INFO - [2025-04-25T10:42:12.563+0000] {dag.py:3239} INFO - Sync 2 DAGs
[2025-04-25T10:42:12.571+0000] {logging_mixin.py:190} INFO - [2025-04-25T10:42:12.571+0000] {dag.py:4180} INFO - Setting next_dagrun for example_xcom_args to None, run_after=None
[2025-04-25T10:42:12.575+0000] {logging_mixin.py:190} INFO - [2025-04-25T10:42:12.575+0000] {dag.py:4180} INFO - Setting next_dagrun for example_xcom_args_with_operators to None, run_after=None
[2025-04-25T10:42:12.585+0000] {processor.py:208} INFO - Processing /home/airflow/.local/lib/python3.12/site-packages/airflow/example_dags/example_xcomargs.py took 0.050 seconds
[2025-04-25T10:42:42.966+0000] {processor.py:186} INFO - Started process (PID=249) to work on /home/airflow/.local/lib/python3.12/site-packages/airflow/example_dags/example_xcomargs.py
[2025-04-25T10:42:42.971+0000] {processor.py:914} INFO - Processing file /home/airflow/.local/lib/python3.12/site-packages/airflow/example_dags/example_xcomargs.py for tasks to queue
[2025-04-25T10:42:42.988+0000] {logging_mixin.py:190} INFO - [2025-04-25T10:42:42.987+0000] {dagbag.py:588} INFO - Filling up the DagBag from /home/airflow/.local/lib/python3.12/site-packages/airflow/example_dags/example_xcomargs.py
[2025-04-25T10:42:43.021+0000] {processor.py:925} INFO - DAG(s) 'example_xcom_args', 'example_xcom_args_with_operators' retrieved from /home/airflow/.local/lib/python3.12/site-packages/airflow/example_dags/example_xcomargs.py
[2025-04-25T10:42:43.097+0000] {logging_mixin.py:190} INFO - [2025-04-25T10:42:43.097+0000] {dag.py:3239} INFO - Sync 2 DAGs
[2025-04-25T10:42:43.133+0000] {logging_mixin.py:190} INFO - [2025-04-25T10:42:43.132+0000] {dag.py:4180} INFO - Setting next_dagrun for example_xcom_args to None, run_after=None
[2025-04-25T10:42:43.140+0000] {logging_mixin.py:190} INFO - [2025-04-25T10:42:43.139+0000] {dag.py:4180} INFO - Setting next_dagrun for example_xcom_args_with_operators to None, run_after=None
[2025-04-25T10:42:43.160+0000] {processor.py:208} INFO - Processing /home/airflow/.local/lib/python3.12/site-packages/airflow/example_dags/example_xcomargs.py took 0.221 seconds
[2025-04-25T10:43:13.572+0000] {processor.py:186} INFO - Started process (PID=313) to work on /home/airflow/.local/lib/python3.12/site-packages/airflow/example_dags/example_xcomargs.py
[2025-04-25T10:43:13.574+0000] {processor.py:914} INFO - Processing file /home/airflow/.local/lib/python3.12/site-packages/airflow/example_dags/example_xcomargs.py for tasks to queue
[2025-04-25T10:43:13.577+0000] {logging_mixin.py:190} INFO - [2025-04-25T10:43:13.577+0000] {dagbag.py:588} INFO - Filling up the DagBag from /home/airflow/.local/lib/python3.12/site-packages/airflow/example_dags/example_xcomargs.py
[2025-04-25T10:43:13.588+0000] {processor.py:925} INFO - DAG(s) 'example_xcom_args', 'example_xcom_args_with_operators' retrieved from /home/airflow/.local/lib/python3.12/site-packages/airflow/example_dags/example_xcomargs.py
[2025-04-25T10:43:13.602+0000] {logging_mixin.py:190} INFO - [2025-04-25T10:43:13.602+0000] {dag.py:3239} INFO - Sync 2 DAGs
[2025-04-25T10:43:13.611+0000] {logging_mixin.py:190} INFO - [2025-04-25T10:43:13.611+0000] {dag.py:4180} INFO - Setting next_dagrun for example_xcom_args to None, run_after=None
[2025-04-25T10:43:13.613+0000] {logging_mixin.py:190} INFO - [2025-04-25T10:43:13.613+0000] {dag.py:4180} INFO - Setting next_dagrun for example_xcom_args_with_operators to None, run_after=None
[2025-04-25T10:43:13.621+0000] {processor.py:208} INFO - Processing /home/airflow/.local/lib/python3.12/site-packages/airflow/example_dags/example_xcomargs.py took 0.055 seconds
[2025-04-25T10:43:44.048+0000] {processor.py:186} INFO - Started process (PID=376) to work on /home/airflow/.local/lib/python3.12/site-packages/airflow/example_dags/example_xcomargs.py
[2025-04-25T10:43:44.050+0000] {processor.py:914} INFO - Processing file /home/airflow/.local/lib/python3.12/site-packages/airflow/example_dags/example_xcomargs.py for tasks to queue
[2025-04-25T10:43:44.056+0000] {logging_mixin.py:190} INFO - [2025-04-25T10:43:44.056+0000] {dagbag.py:588} INFO - Filling up the DagBag from /home/airflow/.local/lib/python3.12/site-packages/airflow/example_dags/example_xcomargs.py
[2025-04-25T10:43:44.071+0000] {processor.py:925} INFO - DAG(s) 'example_xcom_args_with_operators', 'example_xcom_args' retrieved from /home/airflow/.local/lib/python3.12/site-packages/airflow/example_dags/example_xcomargs.py
[2025-04-25T10:43:44.113+0000] {logging_mixin.py:190} INFO - [2025-04-25T10:43:44.113+0000] {dag.py:3239} INFO - Sync 2 DAGs
[2025-04-25T10:43:44.138+0000] {logging_mixin.py:190} INFO - [2025-04-25T10:43:44.138+0000] {dag.py:4180} INFO - Setting next_dagrun for example_xcom_args to None, run_after=None
[2025-04-25T10:43:44.141+0000] {logging_mixin.py:190} INFO - [2025-04-25T10:43:44.141+0000] {dag.py:4180} INFO - Setting next_dagrun for example_xcom_args_with_operators to None, run_after=None
[2025-04-25T10:43:44.149+0000] {processor.py:208} INFO - Processing /home/airflow/.local/lib/python3.12/site-packages/airflow/example_dags/example_xcomargs.py took 0.117 seconds
[2025-04-25T10:44:14.857+0000] {processor.py:186} INFO - Started process (PID=439) to work on /home/airflow/.local/lib/python3.12/site-packages/airflow/example_dags/example_xcomargs.py
[2025-04-25T10:44:14.859+0000] {processor.py:914} INFO - Processing file /home/airflow/.local/lib/python3.12/site-packages/airflow/example_dags/example_xcomargs.py for tasks to queue
[2025-04-25T10:44:14.862+0000] {logging_mixin.py:190} INFO - [2025-04-25T10:44:14.862+0000] {dagbag.py:588} INFO - Filling up the DagBag from /home/airflow/.local/lib/python3.12/site-packages/airflow/example_dags/example_xcomargs.py
[2025-04-25T10:44:14.892+0000] {processor.py:925} INFO - DAG(s) 'example_xcom_args_with_operators', 'example_xcom_args' retrieved from /home/airflow/.local/lib/python3.12/site-packages/airflow/example_dags/example_xcomargs.py
[2025-04-25T10:44:14.951+0000] {logging_mixin.py:190} INFO - [2025-04-25T10:44:14.950+0000] {dag.py:3239} INFO - Sync 2 DAGs
[2025-04-25T10:44:14.978+0000] {logging_mixin.py:190} INFO - [2025-04-25T10:44:14.977+0000] {dag.py:4180} INFO - Setting next_dagrun for example_xcom_args to None, run_after=None
[2025-04-25T10:44:14.987+0000] {logging_mixin.py:190} INFO - [2025-04-25T10:44:14.987+0000] {dag.py:4180} INFO - Setting next_dagrun for example_xcom_args_with_operators to None, run_after=None
[2025-04-25T10:44:15.009+0000] {processor.py:208} INFO - Processing /home/airflow/.local/lib/python3.12/site-packages/airflow/example_dags/example_xcomargs.py took 0.160 seconds
[2025-04-25T10:44:45.302+0000] {processor.py:186} INFO - Started process (PID=502) to work on /home/airflow/.local/lib/python3.12/site-packages/airflow/example_dags/example_xcomargs.py
[2025-04-25T10:44:45.303+0000] {processor.py:914} INFO - Processing file /home/airflow/.local/lib/python3.12/site-packages/airflow/example_dags/example_xcomargs.py for tasks to queue
[2025-04-25T10:44:45.306+0000] {logging_mixin.py:190} INFO - [2025-04-25T10:44:45.306+0000] {dagbag.py:588} INFO - Filling up the DagBag from /home/airflow/.local/lib/python3.12/site-packages/airflow/example_dags/example_xcomargs.py
[2025-04-25T10:44:45.335+0000] {processor.py:925} INFO - DAG(s) 'example_xcom_args', 'example_xcom_args_with_operators' retrieved from /home/airflow/.local/lib/python3.12/site-packages/airflow/example_dags/example_xcomargs.py
[2025-04-25T10:44:45.378+0000] {logging_mixin.py:190} INFO - [2025-04-25T10:44:45.377+0000] {dag.py:3239} INFO - Sync 2 DAGs
[2025-04-25T10:44:45.401+0000] {logging_mixin.py:190} INFO - [2025-04-25T10:44:45.400+0000] {dag.py:4180} INFO - Setting next_dagrun for example_xcom_args to None, run_after=None
[2025-04-25T10:44:45.416+0000] {logging_mixin.py:190} INFO - [2025-04-25T10:44:45.416+0000] {dag.py:4180} INFO - Setting next_dagrun for example_xcom_args_with_operators to None, run_after=None
[2025-04-25T10:44:45.454+0000] {processor.py:208} INFO - Processing /home/airflow/.local/lib/python3.12/site-packages/airflow/example_dags/example_xcomargs.py took 0.159 seconds
[2025-04-25T10:45:15.668+0000] {processor.py:186} INFO - Started process (PID=565) to work on /home/airflow/.local/lib/python3.12/site-packages/airflow/example_dags/example_xcomargs.py
[2025-04-25T10:45:15.670+0000] {processor.py:914} INFO - Processing file /home/airflow/.local/lib/python3.12/site-packages/airflow/example_dags/example_xcomargs.py for tasks to queue
[2025-04-25T10:45:15.672+0000] {logging_mixin.py:190} INFO - [2025-04-25T10:45:15.672+0000] {dagbag.py:588} INFO - Filling up the DagBag from /home/airflow/.local/lib/python3.12/site-packages/airflow/example_dags/example_xcomargs.py
[2025-04-25T10:45:15.698+0000] {processor.py:925} INFO - DAG(s) 'example_xcom_args_with_operators', 'example_xcom_args' retrieved from /home/airflow/.local/lib/python3.12/site-packages/airflow/example_dags/example_xcomargs.py
[2025-04-25T10:45:15.736+0000] {logging_mixin.py:190} INFO - [2025-04-25T10:45:15.736+0000] {dag.py:3239} INFO - Sync 2 DAGs
[2025-04-25T10:45:15.756+0000] {logging_mixin.py:190} INFO - [2025-04-25T10:45:15.756+0000] {dag.py:4180} INFO - Setting next_dagrun for example_xcom_args to None, run_after=None
[2025-04-25T10:45:15.773+0000] {logging_mixin.py:190} INFO - [2025-04-25T10:45:15.772+0000] {dag.py:4180} INFO - Setting next_dagrun for example_xcom_args_with_operators to None, run_after=None
[2025-04-25T10:45:15.785+0000] {processor.py:208} INFO - Processing /home/airflow/.local/lib/python3.12/site-packages/airflow/example_dags/example_xcomargs.py took 0.124 seconds
[2025-04-25T10:45:46.175+0000] {processor.py:186} INFO - Started process (PID=627) to work on /home/airflow/.local/lib/python3.12/site-packages/airflow/example_dags/example_xcomargs.py
[2025-04-25T10:45:46.179+0000] {processor.py:914} INFO - Processing file /home/airflow/.local/lib/python3.12/site-packages/airflow/example_dags/example_xcomargs.py for tasks to queue
[2025-04-25T10:45:46.181+0000] {logging_mixin.py:190} INFO - [2025-04-25T10:45:46.181+0000] {dagbag.py:588} INFO - Filling up the DagBag from /home/airflow/.local/lib/python3.12/site-packages/airflow/example_dags/example_xcomargs.py
[2025-04-25T10:45:46.214+0000] {processor.py:925} INFO - DAG(s) 'example_xcom_args_with_operators', 'example_xcom_args' retrieved from /home/airflow/.local/lib/python3.12/site-packages/airflow/example_dags/example_xcomargs.py
[2025-04-25T10:45:46.296+0000] {logging_mixin.py:190} INFO - [2025-04-25T10:45:46.296+0000] {dag.py:3239} INFO - Sync 2 DAGs
[2025-04-25T10:45:46.329+0000] {logging_mixin.py:190} INFO - [2025-04-25T10:45:46.329+0000] {dag.py:4180} INFO - Setting next_dagrun for example_xcom_args to None, run_after=None
[2025-04-25T10:45:46.332+0000] {logging_mixin.py:190} INFO - [2025-04-25T10:45:46.331+0000] {dag.py:4180} INFO - Setting next_dagrun for example_xcom_args_with_operators to None, run_after=None
[2025-04-25T10:45:46.342+0000] {processor.py:208} INFO - Processing /home/airflow/.local/lib/python3.12/site-packages/airflow/example_dags/example_xcomargs.py took 0.190 seconds
[2025-04-25T10:46:16.896+0000] {processor.py:186} INFO - Started process (PID=696) to work on /home/airflow/.local/lib/python3.12/site-packages/airflow/example_dags/example_xcomargs.py
[2025-04-25T10:46:16.898+0000] {processor.py:914} INFO - Processing file /home/airflow/.local/lib/python3.12/site-packages/airflow/example_dags/example_xcomargs.py for tasks to queue
[2025-04-25T10:46:16.902+0000] {logging_mixin.py:190} INFO - [2025-04-25T10:46:16.901+0000] {dagbag.py:588} INFO - Filling up the DagBag from /home/airflow/.local/lib/python3.12/site-packages/airflow/example_dags/example_xcomargs.py
[2025-04-25T10:46:16.938+0000] {processor.py:925} INFO - DAG(s) 'example_xcom_args', 'example_xcom_args_with_operators' retrieved from /home/airflow/.local/lib/python3.12/site-packages/airflow/example_dags/example_xcomargs.py
[2025-04-25T10:46:16.984+0000] {logging_mixin.py:190} INFO - [2025-04-25T10:46:16.984+0000] {dag.py:3239} INFO - Sync 2 DAGs
[2025-04-25T10:46:17.005+0000] {logging_mixin.py:190} INFO - [2025-04-25T10:46:17.005+0000] {dag.py:4180} INFO - Setting next_dagrun for example_xcom_args to None, run_after=None
[2025-04-25T10:46:17.010+0000] {logging_mixin.py:190} INFO - [2025-04-25T10:46:17.010+0000] {dag.py:4180} INFO - Setting next_dagrun for example_xcom_args_with_operators to None, run_after=None
[2025-04-25T10:46:17.032+0000] {processor.py:208} INFO - Processing /home/airflow/.local/lib/python3.12/site-packages/airflow/example_dags/example_xcomargs.py took 0.157 seconds
[2025-04-25T10:46:47.721+0000] {processor.py:186} INFO - Started process (PID=759) to work on /home/airflow/.local/lib/python3.12/site-packages/airflow/example_dags/example_xcomargs.py
[2025-04-25T10:46:47.723+0000] {processor.py:914} INFO - Processing file /home/airflow/.local/lib/python3.12/site-packages/airflow/example_dags/example_xcomargs.py for tasks to queue
[2025-04-25T10:46:47.727+0000] {logging_mixin.py:190} INFO - [2025-04-25T10:46:47.727+0000] {dagbag.py:588} INFO - Filling up the DagBag from /home/airflow/.local/lib/python3.12/site-packages/airflow/example_dags/example_xcomargs.py
[2025-04-25T10:46:47.752+0000] {processor.py:925} INFO - DAG(s) 'example_xcom_args', 'example_xcom_args_with_operators' retrieved from /home/airflow/.local/lib/python3.12/site-packages/airflow/example_dags/example_xcomargs.py
[2025-04-25T10:46:47.776+0000] {logging_mixin.py:190} INFO - [2025-04-25T10:46:47.776+0000] {dag.py:3239} INFO - Sync 2 DAGs
[2025-04-25T10:46:47.788+0000] {logging_mixin.py:190} INFO - [2025-04-25T10:46:47.788+0000] {dag.py:4180} INFO - Setting next_dagrun for example_xcom_args to None, run_after=None
[2025-04-25T10:46:47.793+0000] {logging_mixin.py:190} INFO - [2025-04-25T10:46:47.793+0000] {dag.py:4180} INFO - Setting next_dagrun for example_xcom_args_with_operators to None, run_after=None
[2025-04-25T10:46:47.813+0000] {processor.py:208} INFO - Processing /home/airflow/.local/lib/python3.12/site-packages/airflow/example_dags/example_xcomargs.py took 0.097 seconds
[2025-04-25T10:47:18.557+0000] {processor.py:186} INFO - Started process (PID=821) to work on /home/airflow/.local/lib/python3.12/site-packages/airflow/example_dags/example_xcomargs.py
[2025-04-25T10:47:18.558+0000] {processor.py:914} INFO - Processing file /home/airflow/.local/lib/python3.12/site-packages/airflow/example_dags/example_xcomargs.py for tasks to queue
[2025-04-25T10:47:18.561+0000] {logging_mixin.py:190} INFO - [2025-04-25T10:47:18.560+0000] {dagbag.py:588} INFO - Filling up the DagBag from /home/airflow/.local/lib/python3.12/site-packages/airflow/example_dags/example_xcomargs.py
[2025-04-25T10:47:18.584+0000] {processor.py:925} INFO - DAG(s) 'example_xcom_args_with_operators', 'example_xcom_args' retrieved from /home/airflow/.local/lib/python3.12/site-packages/airflow/example_dags/example_xcomargs.py
[2025-04-25T10:47:18.621+0000] {logging_mixin.py:190} INFO - [2025-04-25T10:47:18.621+0000] {dag.py:3239} INFO - Sync 2 DAGs
[2025-04-25T10:47:18.639+0000] {logging_mixin.py:190} INFO - [2025-04-25T10:47:18.639+0000] {dag.py:4180} INFO - Setting next_dagrun for example_xcom_args to None, run_after=None
[2025-04-25T10:47:18.642+0000] {logging_mixin.py:190} INFO - [2025-04-25T10:47:18.642+0000] {dag.py:4180} INFO - Setting next_dagrun for example_xcom_args_with_operators to None, run_after=None
[2025-04-25T10:47:18.667+0000] {processor.py:208} INFO - Processing /home/airflow/.local/lib/python3.12/site-packages/airflow/example_dags/example_xcomargs.py took 0.117 seconds
[2025-04-25T10:47:48.846+0000] {processor.py:186} INFO - Started process (PID=884) to work on /home/airflow/.local/lib/python3.12/site-packages/airflow/example_dags/example_xcomargs.py
[2025-04-25T10:47:48.848+0000] {processor.py:914} INFO - Processing file /home/airflow/.local/lib/python3.12/site-packages/airflow/example_dags/example_xcomargs.py for tasks to queue
[2025-04-25T10:47:48.852+0000] {logging_mixin.py:190} INFO - [2025-04-25T10:47:48.852+0000] {dagbag.py:588} INFO - Filling up the DagBag from /home/airflow/.local/lib/python3.12/site-packages/airflow/example_dags/example_xcomargs.py
[2025-04-25T10:47:48.870+0000] {processor.py:925} INFO - DAG(s) 'example_xcom_args_with_operators', 'example_xcom_args' retrieved from /home/airflow/.local/lib/python3.12/site-packages/airflow/example_dags/example_xcomargs.py
[2025-04-25T10:47:48.890+0000] {logging_mixin.py:190} INFO - [2025-04-25T10:47:48.889+0000] {dag.py:3239} INFO - Sync 2 DAGs
[2025-04-25T10:47:48.899+0000] {logging_mixin.py:190} INFO - [2025-04-25T10:47:48.899+0000] {dag.py:4180} INFO - Setting next_dagrun for example_xcom_args to None, run_after=None
[2025-04-25T10:47:48.902+0000] {logging_mixin.py:190} INFO - [2025-04-25T10:47:48.902+0000] {dag.py:4180} INFO - Setting next_dagrun for example_xcom_args_with_operators to None, run_after=None
[2025-04-25T10:47:48.913+0000] {processor.py:208} INFO - Processing /home/airflow/.local/lib/python3.12/site-packages/airflow/example_dags/example_xcomargs.py took 0.071 seconds
[2025-04-25T10:48:19.521+0000] {processor.py:186} INFO - Started process (PID=947) to work on /home/airflow/.local/lib/python3.12/site-packages/airflow/example_dags/example_xcomargs.py
[2025-04-25T10:48:19.522+0000] {processor.py:914} INFO - Processing file /home/airflow/.local/lib/python3.12/site-packages/airflow/example_dags/example_xcomargs.py for tasks to queue
[2025-04-25T10:48:19.524+0000] {logging_mixin.py:190} INFO - [2025-04-25T10:48:19.524+0000] {dagbag.py:588} INFO - Filling up the DagBag from /home/airflow/.local/lib/python3.12/site-packages/airflow/example_dags/example_xcomargs.py
[2025-04-25T10:48:19.539+0000] {processor.py:925} INFO - DAG(s) 'example_xcom_args_with_operators', 'example_xcom_args' retrieved from /home/airflow/.local/lib/python3.12/site-packages/airflow/example_dags/example_xcomargs.py
[2025-04-25T10:48:19.563+0000] {logging_mixin.py:190} INFO - [2025-04-25T10:48:19.563+0000] {dag.py:3239} INFO - Sync 2 DAGs
[2025-04-25T10:48:19.571+0000] {logging_mixin.py:190} INFO - [2025-04-25T10:48:19.571+0000] {dag.py:4180} INFO - Setting next_dagrun for example_xcom_args to None, run_after=None
[2025-04-25T10:48:19.573+0000] {logging_mixin.py:190} INFO - [2025-04-25T10:48:19.573+0000] {dag.py:4180} INFO - Setting next_dagrun for example_xcom_args_with_operators to None, run_after=None
[2025-04-25T10:48:19.584+0000] {processor.py:208} INFO - Processing /home/airflow/.local/lib/python3.12/site-packages/airflow/example_dags/example_xcomargs.py took 0.070 seconds
[2025-04-25T10:48:50.185+0000] {processor.py:186} INFO - Started process (PID=1010) to work on /home/airflow/.local/lib/python3.12/site-packages/airflow/example_dags/example_xcomargs.py
[2025-04-25T10:48:50.189+0000] {processor.py:914} INFO - Processing file /home/airflow/.local/lib/python3.12/site-packages/airflow/example_dags/example_xcomargs.py for tasks to queue
[2025-04-25T10:48:50.193+0000] {logging_mixin.py:190} INFO - [2025-04-25T10:48:50.193+0000] {dagbag.py:588} INFO - Filling up the DagBag from /home/airflow/.local/lib/python3.12/site-packages/airflow/example_dags/example_xcomargs.py
[2025-04-25T10:48:50.209+0000] {processor.py:925} INFO - DAG(s) 'example_xcom_args_with_operators', 'example_xcom_args' retrieved from /home/airflow/.local/lib/python3.12/site-packages/airflow/example_dags/example_xcomargs.py
[2025-04-25T10:48:50.252+0000] {logging_mixin.py:190} INFO - [2025-04-25T10:48:50.252+0000] {dag.py:3239} INFO - Sync 2 DAGs
[2025-04-25T10:48:50.277+0000] {logging_mixin.py:190} INFO - [2025-04-25T10:48:50.277+0000] {dag.py:4180} INFO - Setting next_dagrun for example_xcom_args to None, run_after=None
[2025-04-25T10:48:50.281+0000] {logging_mixin.py:190} INFO - [2025-04-25T10:48:50.281+0000] {dag.py:4180} INFO - Setting next_dagrun for example_xcom_args_with_operators to None, run_after=None
[2025-04-25T10:48:50.305+0000] {processor.py:208} INFO - Processing /home/airflow/.local/lib/python3.12/site-packages/airflow/example_dags/example_xcomargs.py took 0.126 seconds
[2025-04-25T10:49:21.017+0000] {processor.py:186} INFO - Started process (PID=1073) to work on /home/airflow/.local/lib/python3.12/site-packages/airflow/example_dags/example_xcomargs.py
[2025-04-25T10:49:21.019+0000] {processor.py:914} INFO - Processing file /home/airflow/.local/lib/python3.12/site-packages/airflow/example_dags/example_xcomargs.py for tasks to queue
[2025-04-25T10:49:21.020+0000] {logging_mixin.py:190} INFO - [2025-04-25T10:49:21.020+0000] {dagbag.py:588} INFO - Filling up the DagBag from /home/airflow/.local/lib/python3.12/site-packages/airflow/example_dags/example_xcomargs.py
[2025-04-25T10:49:21.025+0000] {processor.py:925} INFO - DAG(s) 'example_xcom_args_with_operators', 'example_xcom_args' retrieved from /home/airflow/.local/lib/python3.12/site-packages/airflow/example_dags/example_xcomargs.py
[2025-04-25T10:49:21.042+0000] {logging_mixin.py:190} INFO - [2025-04-25T10:49:21.041+0000] {dag.py:3239} INFO - Sync 2 DAGs
[2025-04-25T10:49:21.053+0000] {logging_mixin.py:190} INFO - [2025-04-25T10:49:21.052+0000] {dag.py:4180} INFO - Setting next_dagrun for example_xcom_args to None, run_after=None
[2025-04-25T10:49:21.057+0000] {logging_mixin.py:190} INFO - [2025-04-25T10:49:21.057+0000] {dag.py:4180} INFO - Setting next_dagrun for example_xcom_args_with_operators to None, run_after=None
[2025-04-25T10:49:21.068+0000] {processor.py:208} INFO - Processing /home/airflow/.local/lib/python3.12/site-packages/airflow/example_dags/example_xcomargs.py took 0.055 seconds
[2025-04-25T10:49:51.393+0000] {processor.py:186} INFO - Started process (PID=1136) to work on /home/airflow/.local/lib/python3.12/site-packages/airflow/example_dags/example_xcomargs.py
[2025-04-25T10:49:51.400+0000] {processor.py:914} INFO - Processing file /home/airflow/.local/lib/python3.12/site-packages/airflow/example_dags/example_xcomargs.py for tasks to queue
[2025-04-25T10:49:51.455+0000] {logging_mixin.py:190} INFO - [2025-04-25T10:49:51.455+0000] {dagbag.py:588} INFO - Filling up the DagBag from /home/airflow/.local/lib/python3.12/site-packages/airflow/example_dags/example_xcomargs.py
[2025-04-25T10:49:51.509+0000] {processor.py:925} INFO - DAG(s) 'example_xcom_args', 'example_xcom_args_with_operators' retrieved from /home/airflow/.local/lib/python3.12/site-packages/airflow/example_dags/example_xcomargs.py
[2025-04-25T10:49:51.616+0000] {logging_mixin.py:190} INFO - [2025-04-25T10:49:51.615+0000] {dag.py:3239} INFO - Sync 2 DAGs
[2025-04-25T10:49:51.711+0000] {logging_mixin.py:190} INFO - [2025-04-25T10:49:51.707+0000] {dag.py:4180} INFO - Setting next_dagrun for example_xcom_args to None, run_after=None
[2025-04-25T10:49:51.719+0000] {logging_mixin.py:190} INFO - [2025-04-25T10:49:51.719+0000] {dag.py:4180} INFO - Setting next_dagrun for example_xcom_args_with_operators to None, run_after=None
[2025-04-25T10:49:51.761+0000] {processor.py:208} INFO - Processing /home/airflow/.local/lib/python3.12/site-packages/airflow/example_dags/example_xcomargs.py took 0.383 seconds
[2025-04-25T10:50:25.346+0000] {processor.py:186} INFO - Started process (PID=1167) to work on /home/airflow/.local/lib/python3.12/site-packages/airflow/example_dags/example_xcomargs.py
[2025-04-25T10:50:25.377+0000] {processor.py:914} INFO - Processing file /home/airflow/.local/lib/python3.12/site-packages/airflow/example_dags/example_xcomargs.py for tasks to queue
[2025-04-25T10:50:25.405+0000] {logging_mixin.py:190} INFO - [2025-04-25T10:50:25.400+0000] {dagbag.py:588} INFO - Filling up the DagBag from /home/airflow/.local/lib/python3.12/site-packages/airflow/example_dags/example_xcomargs.py
[2025-04-25T10:50:25.496+0000] {processor.py:925} INFO - DAG(s) 'example_xcom_args_with_operators', 'example_xcom_args' retrieved from /home/airflow/.local/lib/python3.12/site-packages/airflow/example_dags/example_xcomargs.py
[2025-04-25T10:50:25.652+0000] {logging_mixin.py:190} INFO - [2025-04-25T10:50:25.652+0000] {dag.py:3239} INFO - Sync 2 DAGs
[2025-04-25T10:50:25.760+0000] {logging_mixin.py:190} INFO - [2025-04-25T10:50:25.760+0000] {dag.py:4180} INFO - Setting next_dagrun for example_xcom_args to None, run_after=None
[2025-04-25T10:50:25.767+0000] {logging_mixin.py:190} INFO - [2025-04-25T10:50:25.767+0000] {dag.py:4180} INFO - Setting next_dagrun for example_xcom_args_with_operators to None, run_after=None
[2025-04-25T10:50:25.813+0000] {processor.py:208} INFO - Processing /home/airflow/.local/lib/python3.12/site-packages/airflow/example_dags/example_xcomargs.py took 0.536 seconds
[2025-04-25T10:50:56.996+0000] {processor.py:186} INFO - Started process (PID=1230) to work on /home/airflow/.local/lib/python3.12/site-packages/airflow/example_dags/example_xcomargs.py
[2025-04-25T10:50:56.998+0000] {processor.py:914} INFO - Processing file /home/airflow/.local/lib/python3.12/site-packages/airflow/example_dags/example_xcomargs.py for tasks to queue
[2025-04-25T10:50:57.004+0000] {logging_mixin.py:190} INFO - [2025-04-25T10:50:57.002+0000] {dagbag.py:588} INFO - Filling up the DagBag from /home/airflow/.local/lib/python3.12/site-packages/airflow/example_dags/example_xcomargs.py
[2025-04-25T10:50:57.018+0000] {processor.py:925} INFO - DAG(s) 'example_xcom_args_with_operators', 'example_xcom_args' retrieved from /home/airflow/.local/lib/python3.12/site-packages/airflow/example_dags/example_xcomargs.py
[2025-04-25T10:50:57.034+0000] {logging_mixin.py:190} INFO - [2025-04-25T10:50:57.034+0000] {dag.py:3239} INFO - Sync 2 DAGs
[2025-04-25T10:50:57.043+0000] {logging_mixin.py:190} INFO - [2025-04-25T10:50:57.043+0000] {dag.py:4180} INFO - Setting next_dagrun for example_xcom_args to None, run_after=None
[2025-04-25T10:50:57.046+0000] {logging_mixin.py:190} INFO - [2025-04-25T10:50:57.046+0000] {dag.py:4180} INFO - Setting next_dagrun for example_xcom_args_with_operators to None, run_after=None
[2025-04-25T10:50:57.060+0000] {processor.py:208} INFO - Processing /home/airflow/.local/lib/python3.12/site-packages/airflow/example_dags/example_xcomargs.py took 0.070 seconds
[2025-04-25T10:51:31.236+0000] {processor.py:186} INFO - Started process (PID=1292) to work on /home/airflow/.local/lib/python3.12/site-packages/airflow/example_dags/example_xcomargs.py
[2025-04-25T10:51:31.237+0000] {processor.py:914} INFO - Processing file /home/airflow/.local/lib/python3.12/site-packages/airflow/example_dags/example_xcomargs.py for tasks to queue
[2025-04-25T10:51:31.239+0000] {logging_mixin.py:190} INFO - [2025-04-25T10:51:31.239+0000] {dagbag.py:588} INFO - Filling up the DagBag from /home/airflow/.local/lib/python3.12/site-packages/airflow/example_dags/example_xcomargs.py
[2025-04-25T10:51:31.245+0000] {processor.py:925} INFO - DAG(s) 'example_xcom_args', 'example_xcom_args_with_operators' retrieved from /home/airflow/.local/lib/python3.12/site-packages/airflow/example_dags/example_xcomargs.py
[2025-04-25T10:51:31.290+0000] {logging_mixin.py:190} INFO - [2025-04-25T10:51:31.290+0000] {dag.py:3239} INFO - Sync 2 DAGs
[2025-04-25T10:51:31.308+0000] {logging_mixin.py:190} INFO - [2025-04-25T10:51:31.308+0000] {dag.py:4180} INFO - Setting next_dagrun for example_xcom_args to None, run_after=None
[2025-04-25T10:51:31.321+0000] {logging_mixin.py:190} INFO - [2025-04-25T10:51:31.321+0000] {dag.py:4180} INFO - Setting next_dagrun for example_xcom_args_with_operators to None, run_after=None
[2025-04-25T10:51:31.331+0000] {processor.py:208} INFO - Processing /home/airflow/.local/lib/python3.12/site-packages/airflow/example_dags/example_xcomargs.py took 0.103 seconds
[2025-04-25T10:52:01.730+0000] {processor.py:186} INFO - Started process (PID=1352) to work on /home/airflow/.local/lib/python3.12/site-packages/airflow/example_dags/example_xcomargs.py
[2025-04-25T10:52:01.732+0000] {processor.py:914} INFO - Processing file /home/airflow/.local/lib/python3.12/site-packages/airflow/example_dags/example_xcomargs.py for tasks to queue
[2025-04-25T10:52:01.736+0000] {logging_mixin.py:190} INFO - [2025-04-25T10:52:01.735+0000] {dagbag.py:588} INFO - Filling up the DagBag from /home/airflow/.local/lib/python3.12/site-packages/airflow/example_dags/example_xcomargs.py
[2025-04-25T10:52:01.743+0000] {processor.py:925} INFO - DAG(s) 'example_xcom_args', 'example_xcom_args_with_operators' retrieved from /home/airflow/.local/lib/python3.12/site-packages/airflow/example_dags/example_xcomargs.py
[2025-04-25T10:52:01.772+0000] {logging_mixin.py:190} INFO - [2025-04-25T10:52:01.771+0000] {dag.py:3239} INFO - Sync 2 DAGs
[2025-04-25T10:52:01.782+0000] {logging_mixin.py:190} INFO - [2025-04-25T10:52:01.782+0000] {dag.py:4180} INFO - Setting next_dagrun for example_xcom_args to None, run_after=None
[2025-04-25T10:52:01.785+0000] {logging_mixin.py:190} INFO - [2025-04-25T10:52:01.785+0000] {dag.py:4180} INFO - Setting next_dagrun for example_xcom_args_with_operators to None, run_after=None
[2025-04-25T10:52:01.796+0000] {processor.py:208} INFO - Processing /home/airflow/.local/lib/python3.12/site-packages/airflow/example_dags/example_xcomargs.py took 0.069 seconds
[2025-04-25T10:52:31.941+0000] {processor.py:186} INFO - Started process (PID=1415) to work on /home/airflow/.local/lib/python3.12/site-packages/airflow/example_dags/example_xcomargs.py
[2025-04-25T10:52:31.942+0000] {processor.py:914} INFO - Processing file /home/airflow/.local/lib/python3.12/site-packages/airflow/example_dags/example_xcomargs.py for tasks to queue
[2025-04-25T10:52:31.943+0000] {logging_mixin.py:190} INFO - [2025-04-25T10:52:31.943+0000] {dagbag.py:588} INFO - Filling up the DagBag from /home/airflow/.local/lib/python3.12/site-packages/airflow/example_dags/example_xcomargs.py
[2025-04-25T10:52:31.952+0000] {processor.py:925} INFO - DAG(s) 'example_xcom_args', 'example_xcom_args_with_operators' retrieved from /home/airflow/.local/lib/python3.12/site-packages/airflow/example_dags/example_xcomargs.py
[2025-04-25T10:52:31.967+0000] {logging_mixin.py:190} INFO - [2025-04-25T10:52:31.967+0000] {dag.py:3239} INFO - Sync 2 DAGs
[2025-04-25T10:52:31.975+0000] {logging_mixin.py:190} INFO - [2025-04-25T10:52:31.974+0000] {dag.py:4180} INFO - Setting next_dagrun for example_xcom_args to None, run_after=None
[2025-04-25T10:52:31.978+0000] {logging_mixin.py:190} INFO - [2025-04-25T10:52:31.978+0000] {dag.py:4180} INFO - Setting next_dagrun for example_xcom_args_with_operators to None, run_after=None
[2025-04-25T10:52:31.990+0000] {processor.py:208} INFO - Processing /home/airflow/.local/lib/python3.12/site-packages/airflow/example_dags/example_xcomargs.py took 0.052 seconds
[2025-04-25T10:53:02.666+0000] {processor.py:186} INFO - Started process (PID=1478) to work on /home/airflow/.local/lib/python3.12/site-packages/airflow/example_dags/example_xcomargs.py
[2025-04-25T10:53:02.670+0000] {processor.py:914} INFO - Processing file /home/airflow/.local/lib/python3.12/site-packages/airflow/example_dags/example_xcomargs.py for tasks to queue
[2025-04-25T10:53:02.675+0000] {logging_mixin.py:190} INFO - [2025-04-25T10:53:02.674+0000] {dagbag.py:588} INFO - Filling up the DagBag from /home/airflow/.local/lib/python3.12/site-packages/airflow/example_dags/example_xcomargs.py
[2025-04-25T10:53:02.686+0000] {processor.py:925} INFO - DAG(s) 'example_xcom_args_with_operators', 'example_xcom_args' retrieved from /home/airflow/.local/lib/python3.12/site-packages/airflow/example_dags/example_xcomargs.py
[2025-04-25T10:53:02.697+0000] {logging_mixin.py:190} INFO - [2025-04-25T10:53:02.697+0000] {dag.py:3239} INFO - Sync 2 DAGs
[2025-04-25T10:53:02.704+0000] {logging_mixin.py:190} INFO - [2025-04-25T10:53:02.704+0000] {dag.py:4180} INFO - Setting next_dagrun for example_xcom_args to None, run_after=None
[2025-04-25T10:53:02.706+0000] {logging_mixin.py:190} INFO - [2025-04-25T10:53:02.706+0000] {dag.py:4180} INFO - Setting next_dagrun for example_xcom_args_with_operators to None, run_after=None
[2025-04-25T10:53:02.715+0000] {processor.py:208} INFO - Processing /home/airflow/.local/lib/python3.12/site-packages/airflow/example_dags/example_xcomargs.py took 0.052 seconds
[2025-04-25T10:53:33.131+0000] {processor.py:186} INFO - Started process (PID=1541) to work on /home/airflow/.local/lib/python3.12/site-packages/airflow/example_dags/example_xcomargs.py
[2025-04-25T10:53:33.133+0000] {processor.py:914} INFO - Processing file /home/airflow/.local/lib/python3.12/site-packages/airflow/example_dags/example_xcomargs.py for tasks to queue
[2025-04-25T10:53:33.141+0000] {logging_mixin.py:190} INFO - [2025-04-25T10:53:33.139+0000] {dagbag.py:588} INFO - Filling up the DagBag from /home/airflow/.local/lib/python3.12/site-packages/airflow/example_dags/example_xcomargs.py
[2025-04-25T10:53:33.151+0000] {processor.py:925} INFO - DAG(s) 'example_xcom_args', 'example_xcom_args_with_operators' retrieved from /home/airflow/.local/lib/python3.12/site-packages/airflow/example_dags/example_xcomargs.py
[2025-04-25T10:53:33.169+0000] {logging_mixin.py:190} INFO - [2025-04-25T10:53:33.169+0000] {dag.py:3239} INFO - Sync 2 DAGs
[2025-04-25T10:53:33.182+0000] {logging_mixin.py:190} INFO - [2025-04-25T10:53:33.182+0000] {dag.py:4180} INFO - Setting next_dagrun for example_xcom_args to None, run_after=None
[2025-04-25T10:53:33.185+0000] {logging_mixin.py:190} INFO - [2025-04-25T10:53:33.185+0000] {dag.py:4180} INFO - Setting next_dagrun for example_xcom_args_with_operators to None, run_after=None
[2025-04-25T10:53:33.196+0000] {processor.py:208} INFO - Processing /home/airflow/.local/lib/python3.12/site-packages/airflow/example_dags/example_xcomargs.py took 0.068 seconds
[2025-04-25T10:54:03.623+0000] {processor.py:186} INFO - Started process (PID=1604) to work on /home/airflow/.local/lib/python3.12/site-packages/airflow/example_dags/example_xcomargs.py
[2025-04-25T10:54:03.626+0000] {processor.py:914} INFO - Processing file /home/airflow/.local/lib/python3.12/site-packages/airflow/example_dags/example_xcomargs.py for tasks to queue
[2025-04-25T10:54:03.626+0000] {logging_mixin.py:190} INFO - [2025-04-25T10:54:03.626+0000] {dagbag.py:588} INFO - Filling up the DagBag from /home/airflow/.local/lib/python3.12/site-packages/airflow/example_dags/example_xcomargs.py
[2025-04-25T10:54:03.631+0000] {processor.py:925} INFO - DAG(s) 'example_xcom_args_with_operators', 'example_xcom_args' retrieved from /home/airflow/.local/lib/python3.12/site-packages/airflow/example_dags/example_xcomargs.py
[2025-04-25T10:54:03.648+0000] {logging_mixin.py:190} INFO - [2025-04-25T10:54:03.648+0000] {dag.py:3239} INFO - Sync 2 DAGs
[2025-04-25T10:54:03.656+0000] {logging_mixin.py:190} INFO - [2025-04-25T10:54:03.656+0000] {dag.py:4180} INFO - Setting next_dagrun for example_xcom_args to None, run_after=None
[2025-04-25T10:54:03.659+0000] {logging_mixin.py:190} INFO - [2025-04-25T10:54:03.659+0000] {dag.py:4180} INFO - Setting next_dagrun for example_xcom_args_with_operators to None, run_after=None
[2025-04-25T10:54:03.672+0000] {processor.py:208} INFO - Processing /home/airflow/.local/lib/python3.12/site-packages/airflow/example_dags/example_xcomargs.py took 0.053 seconds
[2025-04-25T10:54:33.933+0000] {processor.py:186} INFO - Started process (PID=1667) to work on /home/airflow/.local/lib/python3.12/site-packages/airflow/example_dags/example_xcomargs.py
[2025-04-25T10:54:33.935+0000] {processor.py:914} INFO - Processing file /home/airflow/.local/lib/python3.12/site-packages/airflow/example_dags/example_xcomargs.py for tasks to queue
[2025-04-25T10:54:33.956+0000] {logging_mixin.py:190} INFO - [2025-04-25T10:54:33.955+0000] {dagbag.py:588} INFO - Filling up the DagBag from /home/airflow/.local/lib/python3.12/site-packages/airflow/example_dags/example_xcomargs.py
[2025-04-25T10:54:33.970+0000] {processor.py:925} INFO - DAG(s) 'example_xcom_args', 'example_xcom_args_with_operators' retrieved from /home/airflow/.local/lib/python3.12/site-packages/airflow/example_dags/example_xcomargs.py
[2025-04-25T10:54:34.012+0000] {logging_mixin.py:190} INFO - [2025-04-25T10:54:34.012+0000] {dag.py:3239} INFO - Sync 2 DAGs
[2025-04-25T10:54:34.040+0000] {logging_mixin.py:190} INFO - [2025-04-25T10:54:34.040+0000] {dag.py:4180} INFO - Setting next_dagrun for example_xcom_args to None, run_after=None
[2025-04-25T10:54:34.048+0000] {logging_mixin.py:190} INFO - [2025-04-25T10:54:34.048+0000] {dag.py:4180} INFO - Setting next_dagrun for example_xcom_args_with_operators to None, run_after=None
[2025-04-25T10:54:34.079+0000] {processor.py:208} INFO - Processing /home/airflow/.local/lib/python3.12/site-packages/airflow/example_dags/example_xcomargs.py took 0.153 seconds
[2025-04-25T10:55:04.806+0000] {processor.py:186} INFO - Started process (PID=1730) to work on /home/airflow/.local/lib/python3.12/site-packages/airflow/example_dags/example_xcomargs.py
[2025-04-25T10:55:04.808+0000] {processor.py:914} INFO - Processing file /home/airflow/.local/lib/python3.12/site-packages/airflow/example_dags/example_xcomargs.py for tasks to queue
[2025-04-25T10:55:04.815+0000] {logging_mixin.py:190} INFO - [2025-04-25T10:55:04.814+0000] {dagbag.py:588} INFO - Filling up the DagBag from /home/airflow/.local/lib/python3.12/site-packages/airflow/example_dags/example_xcomargs.py
[2025-04-25T10:55:04.823+0000] {processor.py:925} INFO - DAG(s) 'example_xcom_args_with_operators', 'example_xcom_args' retrieved from /home/airflow/.local/lib/python3.12/site-packages/airflow/example_dags/example_xcomargs.py
[2025-04-25T10:55:04.840+0000] {logging_mixin.py:190} INFO - [2025-04-25T10:55:04.840+0000] {dag.py:3239} INFO - Sync 2 DAGs
[2025-04-25T10:55:04.847+0000] {logging_mixin.py:190} INFO - [2025-04-25T10:55:04.847+0000] {dag.py:4180} INFO - Setting next_dagrun for example_xcom_args to None, run_after=None
[2025-04-25T10:55:04.849+0000] {logging_mixin.py:190} INFO - [2025-04-25T10:55:04.849+0000] {dag.py:4180} INFO - Setting next_dagrun for example_xcom_args_with_operators to None, run_after=None
[2025-04-25T10:55:04.860+0000] {processor.py:208} INFO - Processing /home/airflow/.local/lib/python3.12/site-packages/airflow/example_dags/example_xcomargs.py took 0.058 seconds
[2025-04-25T10:55:35.774+0000] {processor.py:186} INFO - Started process (PID=1793) to work on /home/airflow/.local/lib/python3.12/site-packages/airflow/example_dags/example_xcomargs.py
[2025-04-25T10:55:35.777+0000] {processor.py:914} INFO - Processing file /home/airflow/.local/lib/python3.12/site-packages/airflow/example_dags/example_xcomargs.py for tasks to queue
[2025-04-25T10:55:35.782+0000] {logging_mixin.py:190} INFO - [2025-04-25T10:55:35.781+0000] {dagbag.py:588} INFO - Filling up the DagBag from /home/airflow/.local/lib/python3.12/site-packages/airflow/example_dags/example_xcomargs.py
[2025-04-25T10:55:35.879+0000] {processor.py:925} INFO - DAG(s) 'example_xcom_args_with_operators', 'example_xcom_args' retrieved from /home/airflow/.local/lib/python3.12/site-packages/airflow/example_dags/example_xcomargs.py
[2025-04-25T10:55:35.950+0000] {logging_mixin.py:190} INFO - [2025-04-25T10:55:35.950+0000] {dag.py:3239} INFO - Sync 2 DAGs
[2025-04-25T10:55:35.982+0000] {logging_mixin.py:190} INFO - [2025-04-25T10:55:35.981+0000] {dag.py:4180} INFO - Setting next_dagrun for example_xcom_args to None, run_after=None
[2025-04-25T10:55:35.988+0000] {logging_mixin.py:190} INFO - [2025-04-25T10:55:35.988+0000] {dag.py:4180} INFO - Setting next_dagrun for example_xcom_args_with_operators to None, run_after=None
[2025-04-25T10:55:36.010+0000] {processor.py:208} INFO - Processing /home/airflow/.local/lib/python3.12/site-packages/airflow/example_dags/example_xcomargs.py took 0.265 seconds
[2025-04-25T10:56:06.284+0000] {processor.py:186} INFO - Started process (PID=1856) to work on /home/airflow/.local/lib/python3.12/site-packages/airflow/example_dags/example_xcomargs.py
[2025-04-25T10:56:06.287+0000] {processor.py:914} INFO - Processing file /home/airflow/.local/lib/python3.12/site-packages/airflow/example_dags/example_xcomargs.py for tasks to queue
[2025-04-25T10:56:06.291+0000] {logging_mixin.py:190} INFO - [2025-04-25T10:56:06.291+0000] {dagbag.py:588} INFO - Filling up the DagBag from /home/airflow/.local/lib/python3.12/site-packages/airflow/example_dags/example_xcomargs.py
[2025-04-25T10:56:06.302+0000] {processor.py:925} INFO - DAG(s) 'example_xcom_args_with_operators', 'example_xcom_args' retrieved from /home/airflow/.local/lib/python3.12/site-packages/airflow/example_dags/example_xcomargs.py
[2025-04-25T10:56:06.321+0000] {logging_mixin.py:190} INFO - [2025-04-25T10:56:06.320+0000] {dag.py:3239} INFO - Sync 2 DAGs
[2025-04-25T10:56:06.331+0000] {logging_mixin.py:190} INFO - [2025-04-25T10:56:06.331+0000] {dag.py:4180} INFO - Setting next_dagrun for example_xcom_args to None, run_after=None
[2025-04-25T10:56:06.334+0000] {logging_mixin.py:190} INFO - [2025-04-25T10:56:06.334+0000] {dag.py:4180} INFO - Setting next_dagrun for example_xcom_args_with_operators to None, run_after=None
[2025-04-25T10:56:06.345+0000] {processor.py:208} INFO - Processing /home/airflow/.local/lib/python3.12/site-packages/airflow/example_dags/example_xcomargs.py took 0.063 seconds
[2025-04-25T10:56:36.603+0000] {processor.py:186} INFO - Started process (PID=1918) to work on /home/airflow/.local/lib/python3.12/site-packages/airflow/example_dags/example_xcomargs.py
[2025-04-25T10:56:36.604+0000] {processor.py:914} INFO - Processing file /home/airflow/.local/lib/python3.12/site-packages/airflow/example_dags/example_xcomargs.py for tasks to queue
[2025-04-25T10:56:36.607+0000] {logging_mixin.py:190} INFO - [2025-04-25T10:56:36.607+0000] {dagbag.py:588} INFO - Filling up the DagBag from /home/airflow/.local/lib/python3.12/site-packages/airflow/example_dags/example_xcomargs.py
[2025-04-25T10:56:36.616+0000] {processor.py:925} INFO - DAG(s) 'example_xcom_args', 'example_xcom_args_with_operators' retrieved from /home/airflow/.local/lib/python3.12/site-packages/airflow/example_dags/example_xcomargs.py
[2025-04-25T10:56:36.631+0000] {logging_mixin.py:190} INFO - [2025-04-25T10:56:36.630+0000] {dag.py:3239} INFO - Sync 2 DAGs
[2025-04-25T10:56:36.649+0000] {logging_mixin.py:190} INFO - [2025-04-25T10:56:36.649+0000] {dag.py:4180} INFO - Setting next_dagrun for example_xcom_args to None, run_after=None
[2025-04-25T10:56:36.652+0000] {logging_mixin.py:190} INFO - [2025-04-25T10:56:36.652+0000] {dag.py:4180} INFO - Setting next_dagrun for example_xcom_args_with_operators to None, run_after=None
[2025-04-25T10:56:36.669+0000] {processor.py:208} INFO - Processing /home/airflow/.local/lib/python3.12/site-packages/airflow/example_dags/example_xcomargs.py took 0.070 seconds
[2025-04-25T10:57:07.507+0000] {processor.py:186} INFO - Started process (PID=1981) to work on /home/airflow/.local/lib/python3.12/site-packages/airflow/example_dags/example_xcomargs.py
[2025-04-25T10:57:07.510+0000] {processor.py:914} INFO - Processing file /home/airflow/.local/lib/python3.12/site-packages/airflow/example_dags/example_xcomargs.py for tasks to queue
[2025-04-25T10:57:07.515+0000] {logging_mixin.py:190} INFO - [2025-04-25T10:57:07.515+0000] {dagbag.py:588} INFO - Filling up the DagBag from /home/airflow/.local/lib/python3.12/site-packages/airflow/example_dags/example_xcomargs.py
[2025-04-25T10:57:07.543+0000] {processor.py:925} INFO - DAG(s) 'example_xcom_args', 'example_xcom_args_with_operators' retrieved from /home/airflow/.local/lib/python3.12/site-packages/airflow/example_dags/example_xcomargs.py
[2025-04-25T10:57:07.589+0000] {logging_mixin.py:190} INFO - [2025-04-25T10:57:07.589+0000] {dag.py:3239} INFO - Sync 2 DAGs
[2025-04-25T10:57:07.604+0000] {logging_mixin.py:190} INFO - [2025-04-25T10:57:07.603+0000] {dag.py:4180} INFO - Setting next_dagrun for example_xcom_args to None, run_after=None
[2025-04-25T10:57:07.608+0000] {logging_mixin.py:190} INFO - [2025-04-25T10:57:07.608+0000] {dag.py:4180} INFO - Setting next_dagrun for example_xcom_args_with_operators to None, run_after=None
[2025-04-25T10:57:07.651+0000] {processor.py:208} INFO - Processing /home/airflow/.local/lib/python3.12/site-packages/airflow/example_dags/example_xcomargs.py took 0.168 seconds
[2025-04-25T10:57:38.520+0000] {processor.py:186} INFO - Started process (PID=2044) to work on /home/airflow/.local/lib/python3.12/site-packages/airflow/example_dags/example_xcomargs.py
[2025-04-25T10:57:38.523+0000] {processor.py:914} INFO - Processing file /home/airflow/.local/lib/python3.12/site-packages/airflow/example_dags/example_xcomargs.py for tasks to queue
[2025-04-25T10:57:38.531+0000] {logging_mixin.py:190} INFO - [2025-04-25T10:57:38.530+0000] {dagbag.py:588} INFO - Filling up the DagBag from /home/airflow/.local/lib/python3.12/site-packages/airflow/example_dags/example_xcomargs.py
[2025-04-25T10:57:38.549+0000] {processor.py:925} INFO - DAG(s) 'example_xcom_args', 'example_xcom_args_with_operators' retrieved from /home/airflow/.local/lib/python3.12/site-packages/airflow/example_dags/example_xcomargs.py
[2025-04-25T10:57:38.589+0000] {logging_mixin.py:190} INFO - [2025-04-25T10:57:38.589+0000] {dag.py:3239} INFO - Sync 2 DAGs
[2025-04-25T10:57:38.607+0000] {logging_mixin.py:190} INFO - [2025-04-25T10:57:38.607+0000] {dag.py:4180} INFO - Setting next_dagrun for example_xcom_args to None, run_after=None
[2025-04-25T10:57:38.611+0000] {logging_mixin.py:190} INFO - [2025-04-25T10:57:38.611+0000] {dag.py:4180} INFO - Setting next_dagrun for example_xcom_args_with_operators to None, run_after=None
[2025-04-25T10:57:38.628+0000] {processor.py:208} INFO - Processing /home/airflow/.local/lib/python3.12/site-packages/airflow/example_dags/example_xcomargs.py took 0.114 seconds
[2025-04-25T10:58:09.525+0000] {processor.py:186} INFO - Started process (PID=2107) to work on /home/airflow/.local/lib/python3.12/site-packages/airflow/example_dags/example_xcomargs.py
[2025-04-25T10:58:09.527+0000] {processor.py:914} INFO - Processing file /home/airflow/.local/lib/python3.12/site-packages/airflow/example_dags/example_xcomargs.py for tasks to queue
[2025-04-25T10:58:09.530+0000] {logging_mixin.py:190} INFO - [2025-04-25T10:58:09.530+0000] {dagbag.py:588} INFO - Filling up the DagBag from /home/airflow/.local/lib/python3.12/site-packages/airflow/example_dags/example_xcomargs.py
[2025-04-25T10:58:09.547+0000] {processor.py:925} INFO - DAG(s) 'example_xcom_args', 'example_xcom_args_with_operators' retrieved from /home/airflow/.local/lib/python3.12/site-packages/airflow/example_dags/example_xcomargs.py
[2025-04-25T10:58:09.565+0000] {logging_mixin.py:190} INFO - [2025-04-25T10:58:09.565+0000] {dag.py:3239} INFO - Sync 2 DAGs
[2025-04-25T10:58:09.585+0000] {logging_mixin.py:190} INFO - [2025-04-25T10:58:09.584+0000] {dag.py:4180} INFO - Setting next_dagrun for example_xcom_args to None, run_after=None
[2025-04-25T10:58:09.587+0000] {logging_mixin.py:190} INFO - [2025-04-25T10:58:09.587+0000] {dag.py:4180} INFO - Setting next_dagrun for example_xcom_args_with_operators to None, run_after=None
[2025-04-25T10:58:09.596+0000] {processor.py:208} INFO - Processing /home/airflow/.local/lib/python3.12/site-packages/airflow/example_dags/example_xcomargs.py took 0.092 seconds
[2025-04-25T10:58:39.764+0000] {processor.py:186} INFO - Started process (PID=2168) to work on /home/airflow/.local/lib/python3.12/site-packages/airflow/example_dags/example_xcomargs.py
[2025-04-25T10:58:39.765+0000] {processor.py:914} INFO - Processing file /home/airflow/.local/lib/python3.12/site-packages/airflow/example_dags/example_xcomargs.py for tasks to queue
[2025-04-25T10:58:39.768+0000] {logging_mixin.py:190} INFO - [2025-04-25T10:58:39.768+0000] {dagbag.py:588} INFO - Filling up the DagBag from /home/airflow/.local/lib/python3.12/site-packages/airflow/example_dags/example_xcomargs.py
[2025-04-25T10:58:39.775+0000] {processor.py:925} INFO - DAG(s) 'example_xcom_args_with_operators', 'example_xcom_args' retrieved from /home/airflow/.local/lib/python3.12/site-packages/airflow/example_dags/example_xcomargs.py
[2025-04-25T10:58:39.801+0000] {logging_mixin.py:190} INFO - [2025-04-25T10:58:39.801+0000] {dag.py:3239} INFO - Sync 2 DAGs
[2025-04-25T10:58:39.808+0000] {logging_mixin.py:190} INFO - [2025-04-25T10:58:39.808+0000] {dag.py:4180} INFO - Setting next_dagrun for example_xcom_args to None, run_after=None
[2025-04-25T10:58:39.810+0000] {logging_mixin.py:190} INFO - [2025-04-25T10:58:39.810+0000] {dag.py:4180} INFO - Setting next_dagrun for example_xcom_args_with_operators to None, run_after=None
[2025-04-25T10:58:39.818+0000] {processor.py:208} INFO - Processing /home/airflow/.local/lib/python3.12/site-packages/airflow/example_dags/example_xcomargs.py took 0.058 seconds
[2025-04-25T10:59:10.101+0000] {processor.py:186} INFO - Started process (PID=2231) to work on /home/airflow/.local/lib/python3.12/site-packages/airflow/example_dags/example_xcomargs.py
[2025-04-25T10:59:10.104+0000] {processor.py:914} INFO - Processing file /home/airflow/.local/lib/python3.12/site-packages/airflow/example_dags/example_xcomargs.py for tasks to queue
[2025-04-25T10:59:10.109+0000] {logging_mixin.py:190} INFO - [2025-04-25T10:59:10.109+0000] {dagbag.py:588} INFO - Filling up the DagBag from /home/airflow/.local/lib/python3.12/site-packages/airflow/example_dags/example_xcomargs.py
[2025-04-25T10:59:10.124+0000] {processor.py:925} INFO - DAG(s) 'example_xcom_args_with_operators', 'example_xcom_args' retrieved from /home/airflow/.local/lib/python3.12/site-packages/airflow/example_dags/example_xcomargs.py
[2025-04-25T10:59:10.143+0000] {logging_mixin.py:190} INFO - [2025-04-25T10:59:10.143+0000] {dag.py:3239} INFO - Sync 2 DAGs
[2025-04-25T10:59:10.151+0000] {logging_mixin.py:190} INFO - [2025-04-25T10:59:10.151+0000] {dag.py:4180} INFO - Setting next_dagrun for example_xcom_args to None, run_after=None
[2025-04-25T10:59:10.154+0000] {logging_mixin.py:190} INFO - [2025-04-25T10:59:10.154+0000] {dag.py:4180} INFO - Setting next_dagrun for example_xcom_args_with_operators to None, run_after=None
[2025-04-25T10:59:10.163+0000] {processor.py:208} INFO - Processing /home/airflow/.local/lib/python3.12/site-packages/airflow/example_dags/example_xcomargs.py took 0.067 seconds
[2025-04-25T10:59:40.624+0000] {processor.py:186} INFO - Started process (PID=2294) to work on /home/airflow/.local/lib/python3.12/site-packages/airflow/example_dags/example_xcomargs.py
[2025-04-25T10:59:40.626+0000] {processor.py:914} INFO - Processing file /home/airflow/.local/lib/python3.12/site-packages/airflow/example_dags/example_xcomargs.py for tasks to queue
[2025-04-25T10:59:40.632+0000] {logging_mixin.py:190} INFO - [2025-04-25T10:59:40.631+0000] {dagbag.py:588} INFO - Filling up the DagBag from /home/airflow/.local/lib/python3.12/site-packages/airflow/example_dags/example_xcomargs.py
[2025-04-25T10:59:40.643+0000] {processor.py:925} INFO - DAG(s) 'example_xcom_args_with_operators', 'example_xcom_args' retrieved from /home/airflow/.local/lib/python3.12/site-packages/airflow/example_dags/example_xcomargs.py
[2025-04-25T10:59:40.661+0000] {logging_mixin.py:190} INFO - [2025-04-25T10:59:40.660+0000] {dag.py:3239} INFO - Sync 2 DAGs
[2025-04-25T10:59:40.681+0000] {logging_mixin.py:190} INFO - [2025-04-25T10:59:40.680+0000] {dag.py:4180} INFO - Setting next_dagrun for example_xcom_args to None, run_after=None
[2025-04-25T10:59:40.685+0000] {logging_mixin.py:190} INFO - [2025-04-25T10:59:40.685+0000] {dag.py:4180} INFO - Setting next_dagrun for example_xcom_args_with_operators to None, run_after=None
[2025-04-25T10:59:40.704+0000] {processor.py:208} INFO - Processing /home/airflow/.local/lib/python3.12/site-packages/airflow/example_dags/example_xcomargs.py took 0.089 seconds
[2025-04-25T11:00:11.735+0000] {processor.py:186} INFO - Started process (PID=2357) to work on /home/airflow/.local/lib/python3.12/site-packages/airflow/example_dags/example_xcomargs.py
[2025-04-25T11:00:11.738+0000] {processor.py:914} INFO - Processing file /home/airflow/.local/lib/python3.12/site-packages/airflow/example_dags/example_xcomargs.py for tasks to queue
[2025-04-25T11:00:11.741+0000] {logging_mixin.py:190} INFO - [2025-04-25T11:00:11.741+0000] {dagbag.py:588} INFO - Filling up the DagBag from /home/airflow/.local/lib/python3.12/site-packages/airflow/example_dags/example_xcomargs.py
[2025-04-25T11:00:11.768+0000] {processor.py:925} INFO - DAG(s) 'example_xcom_args', 'example_xcom_args_with_operators' retrieved from /home/airflow/.local/lib/python3.12/site-packages/airflow/example_dags/example_xcomargs.py
[2025-04-25T11:00:11.805+0000] {logging_mixin.py:190} INFO - [2025-04-25T11:00:11.805+0000] {dag.py:3239} INFO - Sync 2 DAGs
[2025-04-25T11:00:11.832+0000] {logging_mixin.py:190} INFO - [2025-04-25T11:00:11.832+0000] {dag.py:4180} INFO - Setting next_dagrun for example_xcom_args to None, run_after=None
[2025-04-25T11:00:11.837+0000] {logging_mixin.py:190} INFO - [2025-04-25T11:00:11.836+0000] {dag.py:4180} INFO - Setting next_dagrun for example_xcom_args_with_operators to None, run_after=None
[2025-04-25T11:00:11.865+0000] {processor.py:208} INFO - Processing /home/airflow/.local/lib/python3.12/site-packages/airflow/example_dags/example_xcomargs.py took 0.143 seconds
[2025-04-25T11:00:42.635+0000] {processor.py:186} INFO - Started process (PID=2420) to work on /home/airflow/.local/lib/python3.12/site-packages/airflow/example_dags/example_xcomargs.py
[2025-04-25T11:00:42.641+0000] {processor.py:914} INFO - Processing file /home/airflow/.local/lib/python3.12/site-packages/airflow/example_dags/example_xcomargs.py for tasks to queue
[2025-04-25T11:00:42.644+0000] {logging_mixin.py:190} INFO - [2025-04-25T11:00:42.644+0000] {dagbag.py:588} INFO - Filling up the DagBag from /home/airflow/.local/lib/python3.12/site-packages/airflow/example_dags/example_xcomargs.py
[2025-04-25T11:00:42.672+0000] {processor.py:925} INFO - DAG(s) 'example_xcom_args', 'example_xcom_args_with_operators' retrieved from /home/airflow/.local/lib/python3.12/site-packages/airflow/example_dags/example_xcomargs.py
[2025-04-25T11:00:42.716+0000] {logging_mixin.py:190} INFO - [2025-04-25T11:00:42.715+0000] {dag.py:3239} INFO - Sync 2 DAGs
[2025-04-25T11:00:42.731+0000] {logging_mixin.py:190} INFO - [2025-04-25T11:00:42.731+0000] {dag.py:4180} INFO - Setting next_dagrun for example_xcom_args to None, run_after=None
[2025-04-25T11:00:42.736+0000] {logging_mixin.py:190} INFO - [2025-04-25T11:00:42.736+0000] {dag.py:4180} INFO - Setting next_dagrun for example_xcom_args_with_operators to None, run_after=None
[2025-04-25T11:00:42.748+0000] {processor.py:208} INFO - Processing /home/airflow/.local/lib/python3.12/site-packages/airflow/example_dags/example_xcomargs.py took 0.119 seconds
[2025-04-25T11:01:13.263+0000] {processor.py:186} INFO - Started process (PID=2483) to work on /home/airflow/.local/lib/python3.12/site-packages/airflow/example_dags/example_xcomargs.py
[2025-04-25T11:01:13.266+0000] {processor.py:914} INFO - Processing file /home/airflow/.local/lib/python3.12/site-packages/airflow/example_dags/example_xcomargs.py for tasks to queue
[2025-04-25T11:01:13.269+0000] {logging_mixin.py:190} INFO - [2025-04-25T11:01:13.269+0000] {dagbag.py:588} INFO - Filling up the DagBag from /home/airflow/.local/lib/python3.12/site-packages/airflow/example_dags/example_xcomargs.py
[2025-04-25T11:01:13.310+0000] {processor.py:925} INFO - DAG(s) 'example_xcom_args_with_operators', 'example_xcom_args' retrieved from /home/airflow/.local/lib/python3.12/site-packages/airflow/example_dags/example_xcomargs.py
[2025-04-25T11:01:13.417+0000] {logging_mixin.py:190} INFO - [2025-04-25T11:01:13.416+0000] {dag.py:3239} INFO - Sync 2 DAGs
[2025-04-25T11:01:13.448+0000] {logging_mixin.py:190} INFO - [2025-04-25T11:01:13.448+0000] {dag.py:4180} INFO - Setting next_dagrun for example_xcom_args to None, run_after=None
[2025-04-25T11:01:13.451+0000] {logging_mixin.py:190} INFO - [2025-04-25T11:01:13.450+0000] {dag.py:4180} INFO - Setting next_dagrun for example_xcom_args_with_operators to None, run_after=None
[2025-04-25T11:01:13.475+0000] {processor.py:208} INFO - Processing /home/airflow/.local/lib/python3.12/site-packages/airflow/example_dags/example_xcomargs.py took 0.229 seconds
[2025-04-25T11:01:43.576+0000] {processor.py:186} INFO - Started process (PID=2544) to work on /home/airflow/.local/lib/python3.12/site-packages/airflow/example_dags/example_xcomargs.py
[2025-04-25T11:01:43.582+0000] {processor.py:914} INFO - Processing file /home/airflow/.local/lib/python3.12/site-packages/airflow/example_dags/example_xcomargs.py for tasks to queue
[2025-04-25T11:01:43.590+0000] {logging_mixin.py:190} INFO - [2025-04-25T11:01:43.589+0000] {dagbag.py:588} INFO - Filling up the DagBag from /home/airflow/.local/lib/python3.12/site-packages/airflow/example_dags/example_xcomargs.py
[2025-04-25T11:01:43.631+0000] {processor.py:925} INFO - DAG(s) 'example_xcom_args_with_operators', 'example_xcom_args' retrieved from /home/airflow/.local/lib/python3.12/site-packages/airflow/example_dags/example_xcomargs.py
[2025-04-25T11:01:43.692+0000] {logging_mixin.py:190} INFO - [2025-04-25T11:01:43.691+0000] {dag.py:3239} INFO - Sync 2 DAGs
[2025-04-25T11:01:43.727+0000] {logging_mixin.py:190} INFO - [2025-04-25T11:01:43.726+0000] {dag.py:4180} INFO - Setting next_dagrun for example_xcom_args to None, run_after=None
[2025-04-25T11:01:43.732+0000] {logging_mixin.py:190} INFO - [2025-04-25T11:01:43.732+0000] {dag.py:4180} INFO - Setting next_dagrun for example_xcom_args_with_operators to None, run_after=None
[2025-04-25T11:01:43.760+0000] {processor.py:208} INFO - Processing /home/airflow/.local/lib/python3.12/site-packages/airflow/example_dags/example_xcomargs.py took 0.194 seconds
[2025-04-25T11:02:14.412+0000] {processor.py:186} INFO - Started process (PID=2608) to work on /home/airflow/.local/lib/python3.12/site-packages/airflow/example_dags/example_xcomargs.py
[2025-04-25T11:02:14.415+0000] {processor.py:914} INFO - Processing file /home/airflow/.local/lib/python3.12/site-packages/airflow/example_dags/example_xcomargs.py for tasks to queue
[2025-04-25T11:02:14.418+0000] {logging_mixin.py:190} INFO - [2025-04-25T11:02:14.418+0000] {dagbag.py:588} INFO - Filling up the DagBag from /home/airflow/.local/lib/python3.12/site-packages/airflow/example_dags/example_xcomargs.py
[2025-04-25T11:02:14.433+0000] {processor.py:925} INFO - DAG(s) 'example_xcom_args', 'example_xcom_args_with_operators' retrieved from /home/airflow/.local/lib/python3.12/site-packages/airflow/example_dags/example_xcomargs.py
[2025-04-25T11:02:14.480+0000] {logging_mixin.py:190} INFO - [2025-04-25T11:02:14.479+0000] {dag.py:3239} INFO - Sync 2 DAGs
[2025-04-25T11:02:14.492+0000] {logging_mixin.py:190} INFO - [2025-04-25T11:02:14.492+0000] {dag.py:4180} INFO - Setting next_dagrun for example_xcom_args to None, run_after=None
[2025-04-25T11:02:14.494+0000] {logging_mixin.py:190} INFO - [2025-04-25T11:02:14.494+0000] {dag.py:4180} INFO - Setting next_dagrun for example_xcom_args_with_operators to None, run_after=None
[2025-04-25T11:02:14.506+0000] {processor.py:208} INFO - Processing /home/airflow/.local/lib/python3.12/site-packages/airflow/example_dags/example_xcomargs.py took 0.112 seconds
[2025-04-25T11:02:55.200+0000] {processor.py:186} INFO - Started process (PID=2675) to work on /home/airflow/.local/lib/python3.12/site-packages/airflow/example_dags/example_xcomargs.py
[2025-04-25T11:02:55.549+0000] {processor.py:914} INFO - Processing file /home/airflow/.local/lib/python3.12/site-packages/airflow/example_dags/example_xcomargs.py for tasks to queue
[2025-04-25T11:02:55.605+0000] {logging_mixin.py:190} INFO - [2025-04-25T11:02:55.602+0000] {dagbag.py:588} INFO - Filling up the DagBag from /home/airflow/.local/lib/python3.12/site-packages/airflow/example_dags/example_xcomargs.py
[2025-04-25T11:02:55.747+0000] {processor.py:925} INFO - DAG(s) 'example_xcom_args', 'example_xcom_args_with_operators' retrieved from /home/airflow/.local/lib/python3.12/site-packages/airflow/example_dags/example_xcomargs.py
[2025-04-25T11:02:55.903+0000] {logging_mixin.py:190} INFO - [2025-04-25T11:02:55.901+0000] {dag.py:3239} INFO - Sync 2 DAGs
[2025-04-25T11:02:56.097+0000] {logging_mixin.py:190} INFO - [2025-04-25T11:02:56.096+0000] {dag.py:4180} INFO - Setting next_dagrun for example_xcom_args to None, run_after=None
[2025-04-25T11:02:56.107+0000] {logging_mixin.py:190} INFO - [2025-04-25T11:02:56.106+0000] {dag.py:4180} INFO - Setting next_dagrun for example_xcom_args_with_operators to None, run_after=None
[2025-04-25T11:02:56.309+0000] {processor.py:208} INFO - Processing /home/airflow/.local/lib/python3.12/site-packages/airflow/example_dags/example_xcomargs.py took 1.216 seconds
[2025-04-25T11:04:38.275+0000] {processor.py:186} INFO - Started process (PID=2724) to work on /home/airflow/.local/lib/python3.12/site-packages/airflow/example_dags/example_xcomargs.py
[2025-04-25T11:04:38.325+0000] {processor.py:914} INFO - Processing file /home/airflow/.local/lib/python3.12/site-packages/airflow/example_dags/example_xcomargs.py for tasks to queue
[2025-04-25T11:04:38.391+0000] {logging_mixin.py:190} INFO - [2025-04-25T11:04:38.380+0000] {dagbag.py:588} INFO - Filling up the DagBag from /home/airflow/.local/lib/python3.12/site-packages/airflow/example_dags/example_xcomargs.py
[2025-04-25T11:04:40.444+0000] {processor.py:925} INFO - DAG(s) 'example_xcom_args_with_operators', 'example_xcom_args' retrieved from /home/airflow/.local/lib/python3.12/site-packages/airflow/example_dags/example_xcomargs.py
[2025-04-25T11:04:42.484+0000] {logging_mixin.py:190} INFO - [2025-04-25T11:04:42.320+0000] {dag.py:3239} INFO - Sync 2 DAGs
[2025-04-25T11:04:44.458+0000] {logging_mixin.py:190} INFO - [2025-04-25T11:04:44.443+0000] {dag.py:4180} INFO - Setting next_dagrun for example_xcom_args to None, run_after=None
[2025-04-25T11:04:44.600+0000] {logging_mixin.py:190} INFO - [2025-04-25T11:04:44.600+0000] {dag.py:4180} INFO - Setting next_dagrun for example_xcom_args_with_operators to None, run_after=None
[2025-04-25T11:04:45.677+0000] {processor.py:208} INFO - Processing /home/airflow/.local/lib/python3.12/site-packages/airflow/example_dags/example_xcomargs.py took 7.860 seconds
[2025-04-25T11:12:17.669+0000] {processor.py:186} INFO - Started process (PID=2838) to work on /home/airflow/.local/lib/python3.12/site-packages/airflow/example_dags/example_xcomargs.py
[2025-04-25T11:12:17.717+0000] {processor.py:914} INFO - Processing file /home/airflow/.local/lib/python3.12/site-packages/airflow/example_dags/example_xcomargs.py for tasks to queue
[2025-04-25T11:12:17.782+0000] {logging_mixin.py:190} INFO - [2025-04-25T11:12:17.743+0000] {dagbag.py:588} INFO - Filling up the DagBag from /home/airflow/.local/lib/python3.12/site-packages/airflow/example_dags/example_xcomargs.py
[2025-04-25T11:12:18.712+0000] {processor.py:925} INFO - DAG(s) 'example_xcom_args_with_operators', 'example_xcom_args' retrieved from /home/airflow/.local/lib/python3.12/site-packages/airflow/example_dags/example_xcomargs.py
[2025-04-25T11:12:25.614+0000] {logging_mixin.py:190} INFO - [2025-04-25T11:12:25.613+0000] {dag.py:3239} INFO - Sync 2 DAGs
[2025-04-25T11:12:25.860+0000] {logging_mixin.py:190} INFO - [2025-04-25T11:12:25.859+0000] {dag.py:4180} INFO - Setting next_dagrun for example_xcom_args to None, run_after=None
[2025-04-25T11:12:25.885+0000] {logging_mixin.py:190} INFO - [2025-04-25T11:12:25.884+0000] {dag.py:4180} INFO - Setting next_dagrun for example_xcom_args_with_operators to None, run_after=None
[2025-04-25T11:12:25.996+0000] {processor.py:208} INFO - Processing /home/airflow/.local/lib/python3.12/site-packages/airflow/example_dags/example_xcomargs.py took 8.476 seconds
[2025-04-25T11:16:47.376+0000] {processor.py:186} INFO - Started process (PID=2910) to work on /home/airflow/.local/lib/python3.12/site-packages/airflow/example_dags/example_xcomargs.py
[2025-04-25T11:16:47.598+0000] {processor.py:914} INFO - Processing file /home/airflow/.local/lib/python3.12/site-packages/airflow/example_dags/example_xcomargs.py for tasks to queue
[2025-04-25T11:16:48.154+0000] {logging_mixin.py:190} INFO - [2025-04-25T11:16:47.722+0000] {dagbag.py:588} INFO - Filling up the DagBag from /home/airflow/.local/lib/python3.12/site-packages/airflow/example_dags/example_xcomargs.py
[2025-04-25T11:16:51.947+0000] {processor.py:925} INFO - DAG(s) 'example_xcom_args_with_operators', 'example_xcom_args' retrieved from /home/airflow/.local/lib/python3.12/site-packages/airflow/example_dags/example_xcomargs.py
[2025-04-25T11:16:57.947+0000] {logging_mixin.py:190} INFO - [2025-04-25T11:16:57.891+0000] {dag.py:3239} INFO - Sync 2 DAGs
[2025-04-25T11:17:00.737+0000] {logging_mixin.py:190} INFO - [2025-04-25T11:17:00.674+0000] {dag.py:4180} INFO - Setting next_dagrun for example_xcom_args to None, run_after=None
[2025-04-25T11:17:01.129+0000] {logging_mixin.py:190} INFO - [2025-04-25T11:17:01.122+0000] {dag.py:4180} INFO - Setting next_dagrun for example_xcom_args_with_operators to None, run_after=None
[2025-04-25T11:17:01.854+0000] {processor.py:208} INFO - Processing /home/airflow/.local/lib/python3.12/site-packages/airflow/example_dags/example_xcomargs.py took 15.285 seconds
[2025-04-25T11:20:29.382+0000] {processor.py:186} INFO - Started process (PID=3000) to work on /home/airflow/.local/lib/python3.12/site-packages/airflow/example_dags/example_xcomargs.py
[2025-04-25T11:20:29.582+0000] {processor.py:914} INFO - Processing file /home/airflow/.local/lib/python3.12/site-packages/airflow/example_dags/example_xcomargs.py for tasks to queue
[2025-04-25T11:20:29.661+0000] {logging_mixin.py:190} INFO - [2025-04-25T11:20:29.650+0000] {dagbag.py:588} INFO - Filling up the DagBag from /home/airflow/.local/lib/python3.12/site-packages/airflow/example_dags/example_xcomargs.py
[2025-04-25T11:20:29.912+0000] {processor.py:925} INFO - DAG(s) 'example_xcom_args_with_operators', 'example_xcom_args' retrieved from /home/airflow/.local/lib/python3.12/site-packages/airflow/example_dags/example_xcomargs.py
[2025-04-25T11:20:30.357+0000] {logging_mixin.py:190} INFO - [2025-04-25T11:20:30.354+0000] {dag.py:3239} INFO - Sync 2 DAGs
[2025-04-25T11:20:30.625+0000] {logging_mixin.py:190} INFO - [2025-04-25T11:20:30.599+0000] {dag.py:4180} INFO - Setting next_dagrun for example_xcom_args to None, run_after=None
[2025-04-25T11:20:30.740+0000] {logging_mixin.py:190} INFO - [2025-04-25T11:20:30.739+0000] {dag.py:4180} INFO - Setting next_dagrun for example_xcom_args_with_operators to None, run_after=None
[2025-04-25T11:20:31.295+0000] {processor.py:208} INFO - Processing /home/airflow/.local/lib/python3.12/site-packages/airflow/example_dags/example_xcomargs.py took 2.094 seconds
[2025-04-25T11:21:08.898+0000] {processor.py:186} INFO - Started process (PID=3054) to work on /home/airflow/.local/lib/python3.12/site-packages/airflow/example_dags/example_xcomargs.py
[2025-04-25T11:21:08.900+0000] {processor.py:914} INFO - Processing file /home/airflow/.local/lib/python3.12/site-packages/airflow/example_dags/example_xcomargs.py for tasks to queue
[2025-04-25T11:21:08.903+0000] {logging_mixin.py:190} INFO - [2025-04-25T11:21:08.902+0000] {dagbag.py:588} INFO - Filling up the DagBag from /home/airflow/.local/lib/python3.12/site-packages/airflow/example_dags/example_xcomargs.py
[2025-04-25T11:21:08.950+0000] {processor.py:925} INFO - DAG(s) 'example_xcom_args', 'example_xcom_args_with_operators' retrieved from /home/airflow/.local/lib/python3.12/site-packages/airflow/example_dags/example_xcomargs.py
[2025-04-25T11:21:09.209+0000] {logging_mixin.py:190} INFO - [2025-04-25T11:21:09.204+0000] {dag.py:3239} INFO - Sync 2 DAGs
[2025-04-25T11:21:09.338+0000] {logging_mixin.py:190} INFO - [2025-04-25T11:21:09.336+0000] {dag.py:4180} INFO - Setting next_dagrun for example_xcom_args to None, run_after=None
[2025-04-25T11:21:09.357+0000] {logging_mixin.py:190} INFO - [2025-04-25T11:21:09.356+0000] {dag.py:4180} INFO - Setting next_dagrun for example_xcom_args_with_operators to None, run_after=None
[2025-04-25T11:21:09.685+0000] {processor.py:208} INFO - Processing /home/airflow/.local/lib/python3.12/site-packages/airflow/example_dags/example_xcomargs.py took 0.831 seconds
[2025-04-25T11:21:40.210+0000] {processor.py:186} INFO - Started process (PID=3116) to work on /home/airflow/.local/lib/python3.12/site-packages/airflow/example_dags/example_xcomargs.py
[2025-04-25T11:21:40.212+0000] {processor.py:914} INFO - Processing file /home/airflow/.local/lib/python3.12/site-packages/airflow/example_dags/example_xcomargs.py for tasks to queue
[2025-04-25T11:21:40.218+0000] {logging_mixin.py:190} INFO - [2025-04-25T11:21:40.216+0000] {dagbag.py:588} INFO - Filling up the DagBag from /home/airflow/.local/lib/python3.12/site-packages/airflow/example_dags/example_xcomargs.py
[2025-04-25T11:21:40.231+0000] {processor.py:925} INFO - DAG(s) 'example_xcom_args', 'example_xcom_args_with_operators' retrieved from /home/airflow/.local/lib/python3.12/site-packages/airflow/example_dags/example_xcomargs.py
[2025-04-25T11:21:40.322+0000] {logging_mixin.py:190} INFO - [2025-04-25T11:21:40.321+0000] {dag.py:3239} INFO - Sync 2 DAGs
[2025-04-25T11:21:40.338+0000] {logging_mixin.py:190} INFO - [2025-04-25T11:21:40.338+0000] {dag.py:4180} INFO - Setting next_dagrun for example_xcom_args to None, run_after=None
[2025-04-25T11:21:40.343+0000] {logging_mixin.py:190} INFO - [2025-04-25T11:21:40.343+0000] {dag.py:4180} INFO - Setting next_dagrun for example_xcom_args_with_operators to None, run_after=None
[2025-04-25T11:21:40.358+0000] {processor.py:208} INFO - Processing /home/airflow/.local/lib/python3.12/site-packages/airflow/example_dags/example_xcomargs.py took 0.153 seconds
[2025-04-25T11:22:12.206+0000] {processor.py:186} INFO - Started process (PID=3178) to work on /home/airflow/.local/lib/python3.12/site-packages/airflow/example_dags/example_xcomargs.py
[2025-04-25T11:22:12.208+0000] {processor.py:914} INFO - Processing file /home/airflow/.local/lib/python3.12/site-packages/airflow/example_dags/example_xcomargs.py for tasks to queue
[2025-04-25T11:22:12.210+0000] {logging_mixin.py:190} INFO - [2025-04-25T11:22:12.209+0000] {dagbag.py:588} INFO - Filling up the DagBag from /home/airflow/.local/lib/python3.12/site-packages/airflow/example_dags/example_xcomargs.py
[2025-04-25T11:22:12.241+0000] {processor.py:925} INFO - DAG(s) 'example_xcom_args', 'example_xcom_args_with_operators' retrieved from /home/airflow/.local/lib/python3.12/site-packages/airflow/example_dags/example_xcomargs.py
[2025-04-25T11:22:12.292+0000] {logging_mixin.py:190} INFO - [2025-04-25T11:22:12.292+0000] {dag.py:3239} INFO - Sync 2 DAGs
[2025-04-25T11:22:12.325+0000] {logging_mixin.py:190} INFO - [2025-04-25T11:22:12.325+0000] {dag.py:4180} INFO - Setting next_dagrun for example_xcom_args to None, run_after=None
[2025-04-25T11:22:12.341+0000] {logging_mixin.py:190} INFO - [2025-04-25T11:22:12.341+0000] {dag.py:4180} INFO - Setting next_dagrun for example_xcom_args_with_operators to None, run_after=None
[2025-04-25T11:22:12.451+0000] {processor.py:208} INFO - Processing /home/airflow/.local/lib/python3.12/site-packages/airflow/example_dags/example_xcomargs.py took 0.250 seconds
[2025-04-25T11:23:19.858+0000] {processor.py:186} INFO - Started process (PID=3246) to work on /home/airflow/.local/lib/python3.12/site-packages/airflow/example_dags/example_xcomargs.py
[2025-04-25T11:23:19.890+0000] {processor.py:914} INFO - Processing file /home/airflow/.local/lib/python3.12/site-packages/airflow/example_dags/example_xcomargs.py for tasks to queue
[2025-04-25T11:23:19.931+0000] {logging_mixin.py:190} INFO - [2025-04-25T11:23:19.925+0000] {dagbag.py:588} INFO - Filling up the DagBag from /home/airflow/.local/lib/python3.12/site-packages/airflow/example_dags/example_xcomargs.py
[2025-04-25T11:23:20.018+0000] {processor.py:925} INFO - DAG(s) 'example_xcom_args_with_operators', 'example_xcom_args' retrieved from /home/airflow/.local/lib/python3.12/site-packages/airflow/example_dags/example_xcomargs.py
[2025-04-25T11:23:20.236+0000] {logging_mixin.py:190} INFO - [2025-04-25T11:23:20.235+0000] {dag.py:3239} INFO - Sync 2 DAGs
[2025-04-25T11:23:20.318+0000] {logging_mixin.py:190} INFO - [2025-04-25T11:23:20.316+0000] {dag.py:4180} INFO - Setting next_dagrun for example_xcom_args to None, run_after=None
[2025-04-25T11:23:20.347+0000] {logging_mixin.py:190} INFO - [2025-04-25T11:23:20.346+0000] {dag.py:4180} INFO - Setting next_dagrun for example_xcom_args_with_operators to None, run_after=None
[2025-04-25T11:23:20.402+0000] {processor.py:208} INFO - Processing /home/airflow/.local/lib/python3.12/site-packages/airflow/example_dags/example_xcomargs.py took 0.568 seconds
[2025-04-25T11:23:52.296+0000] {processor.py:186} INFO - Started process (PID=3309) to work on /home/airflow/.local/lib/python3.12/site-packages/airflow/example_dags/example_xcomargs.py
[2025-04-25T11:23:52.300+0000] {processor.py:914} INFO - Processing file /home/airflow/.local/lib/python3.12/site-packages/airflow/example_dags/example_xcomargs.py for tasks to queue
[2025-04-25T11:23:52.303+0000] {logging_mixin.py:190} INFO - [2025-04-25T11:23:52.302+0000] {dagbag.py:588} INFO - Filling up the DagBag from /home/airflow/.local/lib/python3.12/site-packages/airflow/example_dags/example_xcomargs.py
[2025-04-25T11:23:52.344+0000] {processor.py:925} INFO - DAG(s) 'example_xcom_args_with_operators', 'example_xcom_args' retrieved from /home/airflow/.local/lib/python3.12/site-packages/airflow/example_dags/example_xcomargs.py
[2025-04-25T11:23:52.526+0000] {logging_mixin.py:190} INFO - [2025-04-25T11:23:52.526+0000] {dag.py:3239} INFO - Sync 2 DAGs
[2025-04-25T11:23:52.572+0000] {logging_mixin.py:190} INFO - [2025-04-25T11:23:52.571+0000] {dag.py:4180} INFO - Setting next_dagrun for example_xcom_args to None, run_after=None
[2025-04-25T11:23:52.581+0000] {logging_mixin.py:190} INFO - [2025-04-25T11:23:52.581+0000] {dag.py:4180} INFO - Setting next_dagrun for example_xcom_args_with_operators to None, run_after=None
[2025-04-25T11:23:52.665+0000] {processor.py:208} INFO - Processing /home/airflow/.local/lib/python3.12/site-packages/airflow/example_dags/example_xcomargs.py took 0.395 seconds
