[2025-04-25T10:41:19.945+0000] {processor.py:186} INFO - Started process (PID=91) to work on /home/airflow/.local/lib/python3.12/site-packages/airflow/example_dags/example_display_name.py
[2025-04-25T10:41:19.947+0000] {processor.py:914} INFO - Processing file /home/airflow/.local/lib/python3.12/site-packages/airflow/example_dags/example_display_name.py for tasks to queue
[2025-04-25T10:41:19.950+0000] {logging_mixin.py:190} INFO - [2025-04-25T10:41:19.949+0000] {dagbag.py:588} INFO - Filling up the DagBag from /home/airflow/.local/lib/python3.12/site-packages/airflow/example_dags/example_display_name.py
[2025-04-25T10:41:19.975+0000] {processor.py:925} INFO - DAG(s) 'example_display_name' retrieved from /home/airflow/.local/lib/python3.12/site-packages/airflow/example_dags/example_display_name.py
[2025-04-25T10:41:20.006+0000] {logging_mixin.py:190} INFO - [2025-04-25T10:41:20.006+0000] {dag.py:3239} INFO - Sync 1 DAGs
[2025-04-25T10:41:20.035+0000] {logging_mixin.py:190} INFO - [2025-04-25T10:41:20.034+0000] {dag.py:4180} INFO - Setting next_dagrun for example_display_name to None, run_after=None
[2025-04-25T10:41:20.056+0000] {processor.py:208} INFO - Processing /home/airflow/.local/lib/python3.12/site-packages/airflow/example_dags/example_display_name.py took 0.122 seconds
[2025-04-25T10:41:51.438+0000] {processor.py:186} INFO - Started process (PID=154) to work on /home/airflow/.local/lib/python3.12/site-packages/airflow/example_dags/example_display_name.py
[2025-04-25T10:41:51.439+0000] {processor.py:914} INFO - Processing file /home/airflow/.local/lib/python3.12/site-packages/airflow/example_dags/example_display_name.py for tasks to queue
[2025-04-25T10:41:51.441+0000] {logging_mixin.py:190} INFO - [2025-04-25T10:41:51.441+0000] {dagbag.py:588} INFO - Filling up the DagBag from /home/airflow/.local/lib/python3.12/site-packages/airflow/example_dags/example_display_name.py
[2025-04-25T10:41:51.446+0000] {processor.py:925} INFO - DAG(s) 'example_display_name' retrieved from /home/airflow/.local/lib/python3.12/site-packages/airflow/example_dags/example_display_name.py
[2025-04-25T10:41:51.456+0000] {logging_mixin.py:190} INFO - [2025-04-25T10:41:51.456+0000] {dag.py:3239} INFO - Sync 1 DAGs
[2025-04-25T10:41:51.464+0000] {logging_mixin.py:190} INFO - [2025-04-25T10:41:51.464+0000] {dag.py:4180} INFO - Setting next_dagrun for example_display_name to None, run_after=None
[2025-04-25T10:41:51.481+0000] {processor.py:208} INFO - Processing /home/airflow/.local/lib/python3.12/site-packages/airflow/example_dags/example_display_name.py took 0.046 seconds
[2025-04-25T10:42:22.523+0000] {processor.py:186} INFO - Started process (PID=217) to work on /home/airflow/.local/lib/python3.12/site-packages/airflow/example_dags/example_display_name.py
[2025-04-25T10:42:22.524+0000] {processor.py:914} INFO - Processing file /home/airflow/.local/lib/python3.12/site-packages/airflow/example_dags/example_display_name.py for tasks to queue
[2025-04-25T10:42:22.526+0000] {logging_mixin.py:190} INFO - [2025-04-25T10:42:22.525+0000] {dagbag.py:588} INFO - Filling up the DagBag from /home/airflow/.local/lib/python3.12/site-packages/airflow/example_dags/example_display_name.py
[2025-04-25T10:42:22.530+0000] {processor.py:925} INFO - DAG(s) 'example_display_name' retrieved from /home/airflow/.local/lib/python3.12/site-packages/airflow/example_dags/example_display_name.py
[2025-04-25T10:42:22.540+0000] {logging_mixin.py:190} INFO - [2025-04-25T10:42:22.540+0000] {dag.py:3239} INFO - Sync 1 DAGs
[2025-04-25T10:42:22.557+0000] {logging_mixin.py:190} INFO - [2025-04-25T10:42:22.557+0000] {dag.py:4180} INFO - Setting next_dagrun for example_display_name to None, run_after=None
[2025-04-25T10:42:22.590+0000] {processor.py:208} INFO - Processing /home/airflow/.local/lib/python3.12/site-packages/airflow/example_dags/example_display_name.py took 0.074 seconds
[2025-04-25T10:42:53.936+0000] {processor.py:186} INFO - Started process (PID=281) to work on /home/airflow/.local/lib/python3.12/site-packages/airflow/example_dags/example_display_name.py
[2025-04-25T10:42:53.937+0000] {processor.py:914} INFO - Processing file /home/airflow/.local/lib/python3.12/site-packages/airflow/example_dags/example_display_name.py for tasks to queue
[2025-04-25T10:42:53.938+0000] {logging_mixin.py:190} INFO - [2025-04-25T10:42:53.938+0000] {dagbag.py:588} INFO - Filling up the DagBag from /home/airflow/.local/lib/python3.12/site-packages/airflow/example_dags/example_display_name.py
[2025-04-25T10:42:53.948+0000] {processor.py:925} INFO - DAG(s) 'example_display_name' retrieved from /home/airflow/.local/lib/python3.12/site-packages/airflow/example_dags/example_display_name.py
[2025-04-25T10:42:53.960+0000] {logging_mixin.py:190} INFO - [2025-04-25T10:42:53.960+0000] {dag.py:3239} INFO - Sync 1 DAGs
[2025-04-25T10:42:53.967+0000] {logging_mixin.py:190} INFO - [2025-04-25T10:42:53.967+0000] {dag.py:4180} INFO - Setting next_dagrun for example_display_name to None, run_after=None
[2025-04-25T10:42:53.976+0000] {processor.py:208} INFO - Processing /home/airflow/.local/lib/python3.12/site-packages/airflow/example_dags/example_display_name.py took 0.043 seconds
[2025-04-25T10:43:25.631+0000] {processor.py:186} INFO - Started process (PID=344) to work on /home/airflow/.local/lib/python3.12/site-packages/airflow/example_dags/example_display_name.py
[2025-04-25T10:43:25.631+0000] {processor.py:914} INFO - Processing file /home/airflow/.local/lib/python3.12/site-packages/airflow/example_dags/example_display_name.py for tasks to queue
[2025-04-25T10:43:25.632+0000] {logging_mixin.py:190} INFO - [2025-04-25T10:43:25.632+0000] {dagbag.py:588} INFO - Filling up the DagBag from /home/airflow/.local/lib/python3.12/site-packages/airflow/example_dags/example_display_name.py
[2025-04-25T10:43:25.636+0000] {processor.py:925} INFO - DAG(s) 'example_display_name' retrieved from /home/airflow/.local/lib/python3.12/site-packages/airflow/example_dags/example_display_name.py
[2025-04-25T10:43:25.645+0000] {logging_mixin.py:190} INFO - [2025-04-25T10:43:25.645+0000] {dag.py:3239} INFO - Sync 1 DAGs
[2025-04-25T10:43:25.654+0000] {logging_mixin.py:190} INFO - [2025-04-25T10:43:25.654+0000] {dag.py:4180} INFO - Setting next_dagrun for example_display_name to None, run_after=None
[2025-04-25T10:43:25.668+0000] {processor.py:208} INFO - Processing /home/airflow/.local/lib/python3.12/site-packages/airflow/example_dags/example_display_name.py took 0.040 seconds
[2025-04-25T10:43:56.406+0000] {processor.py:186} INFO - Started process (PID=407) to work on /home/airflow/.local/lib/python3.12/site-packages/airflow/example_dags/example_display_name.py
[2025-04-25T10:43:56.407+0000] {processor.py:914} INFO - Processing file /home/airflow/.local/lib/python3.12/site-packages/airflow/example_dags/example_display_name.py for tasks to queue
[2025-04-25T10:43:56.409+0000] {logging_mixin.py:190} INFO - [2025-04-25T10:43:56.409+0000] {dagbag.py:588} INFO - Filling up the DagBag from /home/airflow/.local/lib/python3.12/site-packages/airflow/example_dags/example_display_name.py
[2025-04-25T10:43:56.414+0000] {processor.py:925} INFO - DAG(s) 'example_display_name' retrieved from /home/airflow/.local/lib/python3.12/site-packages/airflow/example_dags/example_display_name.py
[2025-04-25T10:43:56.424+0000] {logging_mixin.py:190} INFO - [2025-04-25T10:43:56.424+0000] {dag.py:3239} INFO - Sync 1 DAGs
[2025-04-25T10:43:56.431+0000] {logging_mixin.py:190} INFO - [2025-04-25T10:43:56.431+0000] {dag.py:4180} INFO - Setting next_dagrun for example_display_name to None, run_after=None
[2025-04-25T10:43:56.440+0000] {processor.py:208} INFO - Processing /home/airflow/.local/lib/python3.12/site-packages/airflow/example_dags/example_display_name.py took 0.038 seconds
[2025-04-25T10:44:28.348+0000] {processor.py:186} INFO - Started process (PID=470) to work on /home/airflow/.local/lib/python3.12/site-packages/airflow/example_dags/example_display_name.py
[2025-04-25T10:44:28.349+0000] {processor.py:914} INFO - Processing file /home/airflow/.local/lib/python3.12/site-packages/airflow/example_dags/example_display_name.py for tasks to queue
[2025-04-25T10:44:28.351+0000] {logging_mixin.py:190} INFO - [2025-04-25T10:44:28.351+0000] {dagbag.py:588} INFO - Filling up the DagBag from /home/airflow/.local/lib/python3.12/site-packages/airflow/example_dags/example_display_name.py
[2025-04-25T10:44:28.356+0000] {processor.py:925} INFO - DAG(s) 'example_display_name' retrieved from /home/airflow/.local/lib/python3.12/site-packages/airflow/example_dags/example_display_name.py
[2025-04-25T10:44:28.369+0000] {logging_mixin.py:190} INFO - [2025-04-25T10:44:28.369+0000] {dag.py:3239} INFO - Sync 1 DAGs
[2025-04-25T10:44:28.378+0000] {logging_mixin.py:190} INFO - [2025-04-25T10:44:28.377+0000] {dag.py:4180} INFO - Setting next_dagrun for example_display_name to None, run_after=None
[2025-04-25T10:44:28.390+0000] {processor.py:208} INFO - Processing /home/airflow/.local/lib/python3.12/site-packages/airflow/example_dags/example_display_name.py took 0.047 seconds
[2025-04-25T10:45:00.169+0000] {processor.py:186} INFO - Started process (PID=533) to work on /home/airflow/.local/lib/python3.12/site-packages/airflow/example_dags/example_display_name.py
[2025-04-25T10:45:00.170+0000] {processor.py:914} INFO - Processing file /home/airflow/.local/lib/python3.12/site-packages/airflow/example_dags/example_display_name.py for tasks to queue
[2025-04-25T10:45:00.171+0000] {logging_mixin.py:190} INFO - [2025-04-25T10:45:00.171+0000] {dagbag.py:588} INFO - Filling up the DagBag from /home/airflow/.local/lib/python3.12/site-packages/airflow/example_dags/example_display_name.py
[2025-04-25T10:45:00.175+0000] {processor.py:925} INFO - DAG(s) 'example_display_name' retrieved from /home/airflow/.local/lib/python3.12/site-packages/airflow/example_dags/example_display_name.py
[2025-04-25T10:45:00.184+0000] {logging_mixin.py:190} INFO - [2025-04-25T10:45:00.184+0000] {dag.py:3239} INFO - Sync 1 DAGs
[2025-04-25T10:45:00.190+0000] {logging_mixin.py:190} INFO - [2025-04-25T10:45:00.190+0000] {dag.py:4180} INFO - Setting next_dagrun for example_display_name to None, run_after=None
[2025-04-25T10:45:00.203+0000] {processor.py:208} INFO - Processing /home/airflow/.local/lib/python3.12/site-packages/airflow/example_dags/example_display_name.py took 0.038 seconds
[2025-04-25T10:45:32.676+0000] {processor.py:186} INFO - Started process (PID=595) to work on /home/airflow/.local/lib/python3.12/site-packages/airflow/example_dags/example_display_name.py
[2025-04-25T10:45:32.677+0000] {processor.py:914} INFO - Processing file /home/airflow/.local/lib/python3.12/site-packages/airflow/example_dags/example_display_name.py for tasks to queue
[2025-04-25T10:45:32.679+0000] {logging_mixin.py:190} INFO - [2025-04-25T10:45:32.679+0000] {dagbag.py:588} INFO - Filling up the DagBag from /home/airflow/.local/lib/python3.12/site-packages/airflow/example_dags/example_display_name.py
[2025-04-25T10:45:32.688+0000] {processor.py:925} INFO - DAG(s) 'example_display_name' retrieved from /home/airflow/.local/lib/python3.12/site-packages/airflow/example_dags/example_display_name.py
[2025-04-25T10:45:32.702+0000] {logging_mixin.py:190} INFO - [2025-04-25T10:45:32.702+0000] {dag.py:3239} INFO - Sync 1 DAGs
[2025-04-25T10:45:32.714+0000] {logging_mixin.py:190} INFO - [2025-04-25T10:45:32.714+0000] {dag.py:4180} INFO - Setting next_dagrun for example_display_name to None, run_after=None
[2025-04-25T10:45:32.729+0000] {processor.py:208} INFO - Processing /home/airflow/.local/lib/python3.12/site-packages/airflow/example_dags/example_display_name.py took 0.057 seconds
[2025-04-25T10:46:03.977+0000] {processor.py:186} INFO - Started process (PID=658) to work on /home/airflow/.local/lib/python3.12/site-packages/airflow/example_dags/example_display_name.py
[2025-04-25T10:46:03.978+0000] {processor.py:914} INFO - Processing file /home/airflow/.local/lib/python3.12/site-packages/airflow/example_dags/example_display_name.py for tasks to queue
[2025-04-25T10:46:03.979+0000] {logging_mixin.py:190} INFO - [2025-04-25T10:46:03.979+0000] {dagbag.py:588} INFO - Filling up the DagBag from /home/airflow/.local/lib/python3.12/site-packages/airflow/example_dags/example_display_name.py
[2025-04-25T10:46:03.984+0000] {processor.py:925} INFO - DAG(s) 'example_display_name' retrieved from /home/airflow/.local/lib/python3.12/site-packages/airflow/example_dags/example_display_name.py
[2025-04-25T10:46:04.000+0000] {logging_mixin.py:190} INFO - [2025-04-25T10:46:04.000+0000] {dag.py:3239} INFO - Sync 1 DAGs
[2025-04-25T10:46:04.009+0000] {logging_mixin.py:190} INFO - [2025-04-25T10:46:04.009+0000] {dag.py:4180} INFO - Setting next_dagrun for example_display_name to None, run_after=None
[2025-04-25T10:46:04.017+0000] {processor.py:208} INFO - Processing /home/airflow/.local/lib/python3.12/site-packages/airflow/example_dags/example_display_name.py took 0.042 seconds
[2025-04-25T10:46:36.411+0000] {processor.py:186} INFO - Started process (PID=721) to work on /home/airflow/.local/lib/python3.12/site-packages/airflow/example_dags/example_display_name.py
[2025-04-25T10:46:36.414+0000] {processor.py:914} INFO - Processing file /home/airflow/.local/lib/python3.12/site-packages/airflow/example_dags/example_display_name.py for tasks to queue
[2025-04-25T10:46:36.415+0000] {logging_mixin.py:190} INFO - [2025-04-25T10:46:36.415+0000] {dagbag.py:588} INFO - Filling up the DagBag from /home/airflow/.local/lib/python3.12/site-packages/airflow/example_dags/example_display_name.py
[2025-04-25T10:46:36.423+0000] {processor.py:925} INFO - DAG(s) 'example_display_name' retrieved from /home/airflow/.local/lib/python3.12/site-packages/airflow/example_dags/example_display_name.py
[2025-04-25T10:46:36.451+0000] {logging_mixin.py:190} INFO - [2025-04-25T10:46:36.451+0000] {dag.py:3239} INFO - Sync 1 DAGs
[2025-04-25T10:46:36.465+0000] {logging_mixin.py:190} INFO - [2025-04-25T10:46:36.465+0000] {dag.py:4180} INFO - Setting next_dagrun for example_display_name to None, run_after=None
[2025-04-25T10:46:36.493+0000] {processor.py:208} INFO - Processing /home/airflow/.local/lib/python3.12/site-packages/airflow/example_dags/example_display_name.py took 0.085 seconds
[2025-04-25T10:47:07.248+0000] {processor.py:186} INFO - Started process (PID=784) to work on /home/airflow/.local/lib/python3.12/site-packages/airflow/example_dags/example_display_name.py
[2025-04-25T10:47:07.249+0000] {processor.py:914} INFO - Processing file /home/airflow/.local/lib/python3.12/site-packages/airflow/example_dags/example_display_name.py for tasks to queue
[2025-04-25T10:47:07.249+0000] {logging_mixin.py:190} INFO - [2025-04-25T10:47:07.249+0000] {dagbag.py:588} INFO - Filling up the DagBag from /home/airflow/.local/lib/python3.12/site-packages/airflow/example_dags/example_display_name.py
[2025-04-25T10:47:07.253+0000] {processor.py:925} INFO - DAG(s) 'example_display_name' retrieved from /home/airflow/.local/lib/python3.12/site-packages/airflow/example_dags/example_display_name.py
[2025-04-25T10:47:07.261+0000] {logging_mixin.py:190} INFO - [2025-04-25T10:47:07.261+0000] {dag.py:3239} INFO - Sync 1 DAGs
[2025-04-25T10:47:07.267+0000] {logging_mixin.py:190} INFO - [2025-04-25T10:47:07.267+0000] {dag.py:4180} INFO - Setting next_dagrun for example_display_name to None, run_after=None
[2025-04-25T10:47:07.274+0000] {processor.py:208} INFO - Processing /home/airflow/.local/lib/python3.12/site-packages/airflow/example_dags/example_display_name.py took 0.029 seconds
[2025-04-25T10:47:38.091+0000] {processor.py:186} INFO - Started process (PID=846) to work on /home/airflow/.local/lib/python3.12/site-packages/airflow/example_dags/example_display_name.py
[2025-04-25T10:47:38.091+0000] {processor.py:914} INFO - Processing file /home/airflow/.local/lib/python3.12/site-packages/airflow/example_dags/example_display_name.py for tasks to queue
[2025-04-25T10:47:38.092+0000] {logging_mixin.py:190} INFO - [2025-04-25T10:47:38.092+0000] {dagbag.py:588} INFO - Filling up the DagBag from /home/airflow/.local/lib/python3.12/site-packages/airflow/example_dags/example_display_name.py
[2025-04-25T10:47:38.096+0000] {processor.py:925} INFO - DAG(s) 'example_display_name' retrieved from /home/airflow/.local/lib/python3.12/site-packages/airflow/example_dags/example_display_name.py
[2025-04-25T10:47:38.103+0000] {logging_mixin.py:190} INFO - [2025-04-25T10:47:38.103+0000] {dag.py:3239} INFO - Sync 1 DAGs
[2025-04-25T10:47:38.109+0000] {logging_mixin.py:190} INFO - [2025-04-25T10:47:38.109+0000] {dag.py:4180} INFO - Setting next_dagrun for example_display_name to None, run_after=None
[2025-04-25T10:47:38.115+0000] {processor.py:208} INFO - Processing /home/airflow/.local/lib/python3.12/site-packages/airflow/example_dags/example_display_name.py took 0.026 seconds
[2025-04-25T10:48:09.305+0000] {processor.py:186} INFO - Started process (PID=909) to work on /home/airflow/.local/lib/python3.12/site-packages/airflow/example_dags/example_display_name.py
[2025-04-25T10:48:09.306+0000] {processor.py:914} INFO - Processing file /home/airflow/.local/lib/python3.12/site-packages/airflow/example_dags/example_display_name.py for tasks to queue
[2025-04-25T10:48:09.307+0000] {logging_mixin.py:190} INFO - [2025-04-25T10:48:09.306+0000] {dagbag.py:588} INFO - Filling up the DagBag from /home/airflow/.local/lib/python3.12/site-packages/airflow/example_dags/example_display_name.py
[2025-04-25T10:48:09.311+0000] {processor.py:925} INFO - DAG(s) 'example_display_name' retrieved from /home/airflow/.local/lib/python3.12/site-packages/airflow/example_dags/example_display_name.py
[2025-04-25T10:48:09.323+0000] {logging_mixin.py:190} INFO - [2025-04-25T10:48:09.322+0000] {dag.py:3239} INFO - Sync 1 DAGs
[2025-04-25T10:48:09.336+0000] {logging_mixin.py:190} INFO - [2025-04-25T10:48:09.336+0000] {dag.py:4180} INFO - Setting next_dagrun for example_display_name to None, run_after=None
[2025-04-25T10:48:09.345+0000] {processor.py:208} INFO - Processing /home/airflow/.local/lib/python3.12/site-packages/airflow/example_dags/example_display_name.py took 0.043 seconds
[2025-04-25T10:48:40.254+0000] {processor.py:186} INFO - Started process (PID=972) to work on /home/airflow/.local/lib/python3.12/site-packages/airflow/example_dags/example_display_name.py
[2025-04-25T10:48:40.254+0000] {processor.py:914} INFO - Processing file /home/airflow/.local/lib/python3.12/site-packages/airflow/example_dags/example_display_name.py for tasks to queue
[2025-04-25T10:48:40.255+0000] {logging_mixin.py:190} INFO - [2025-04-25T10:48:40.255+0000] {dagbag.py:588} INFO - Filling up the DagBag from /home/airflow/.local/lib/python3.12/site-packages/airflow/example_dags/example_display_name.py
[2025-04-25T10:48:40.259+0000] {processor.py:925} INFO - DAG(s) 'example_display_name' retrieved from /home/airflow/.local/lib/python3.12/site-packages/airflow/example_dags/example_display_name.py
[2025-04-25T10:48:40.272+0000] {logging_mixin.py:190} INFO - [2025-04-25T10:48:40.272+0000] {dag.py:3239} INFO - Sync 1 DAGs
[2025-04-25T10:48:40.280+0000] {logging_mixin.py:190} INFO - [2025-04-25T10:48:40.280+0000] {dag.py:4180} INFO - Setting next_dagrun for example_display_name to None, run_after=None
[2025-04-25T10:48:40.299+0000] {processor.py:208} INFO - Processing /home/airflow/.local/lib/python3.12/site-packages/airflow/example_dags/example_display_name.py took 0.049 seconds
[2025-04-25T10:49:11.796+0000] {processor.py:186} INFO - Started process (PID=1035) to work on /home/airflow/.local/lib/python3.12/site-packages/airflow/example_dags/example_display_name.py
[2025-04-25T10:49:11.797+0000] {processor.py:914} INFO - Processing file /home/airflow/.local/lib/python3.12/site-packages/airflow/example_dags/example_display_name.py for tasks to queue
[2025-04-25T10:49:11.799+0000] {logging_mixin.py:190} INFO - [2025-04-25T10:49:11.799+0000] {dagbag.py:588} INFO - Filling up the DagBag from /home/airflow/.local/lib/python3.12/site-packages/airflow/example_dags/example_display_name.py
[2025-04-25T10:49:11.803+0000] {processor.py:925} INFO - DAG(s) 'example_display_name' retrieved from /home/airflow/.local/lib/python3.12/site-packages/airflow/example_dags/example_display_name.py
[2025-04-25T10:49:11.816+0000] {logging_mixin.py:190} INFO - [2025-04-25T10:49:11.815+0000] {dag.py:3239} INFO - Sync 1 DAGs
[2025-04-25T10:49:11.823+0000] {logging_mixin.py:190} INFO - [2025-04-25T10:49:11.823+0000] {dag.py:4180} INFO - Setting next_dagrun for example_display_name to None, run_after=None
[2025-04-25T10:49:11.836+0000] {processor.py:208} INFO - Processing /home/airflow/.local/lib/python3.12/site-packages/airflow/example_dags/example_display_name.py took 0.043 seconds
[2025-04-25T10:49:43.562+0000] {processor.py:186} INFO - Started process (PID=1098) to work on /home/airflow/.local/lib/python3.12/site-packages/airflow/example_dags/example_display_name.py
[2025-04-25T10:49:43.564+0000] {processor.py:914} INFO - Processing file /home/airflow/.local/lib/python3.12/site-packages/airflow/example_dags/example_display_name.py for tasks to queue
[2025-04-25T10:49:43.569+0000] {logging_mixin.py:190} INFO - [2025-04-25T10:49:43.569+0000] {dagbag.py:588} INFO - Filling up the DagBag from /home/airflow/.local/lib/python3.12/site-packages/airflow/example_dags/example_display_name.py
[2025-04-25T10:49:43.573+0000] {processor.py:925} INFO - DAG(s) 'example_display_name' retrieved from /home/airflow/.local/lib/python3.12/site-packages/airflow/example_dags/example_display_name.py
[2025-04-25T10:49:43.584+0000] {logging_mixin.py:190} INFO - [2025-04-25T10:49:43.584+0000] {dag.py:3239} INFO - Sync 1 DAGs
[2025-04-25T10:49:43.592+0000] {logging_mixin.py:190} INFO - [2025-04-25T10:49:43.592+0000] {dag.py:4180} INFO - Setting next_dagrun for example_display_name to None, run_after=None
[2025-04-25T10:49:43.606+0000] {processor.py:208} INFO - Processing /home/airflow/.local/lib/python3.12/site-packages/airflow/example_dags/example_display_name.py took 0.049 seconds
[2025-04-25T10:50:29.255+0000] {processor.py:186} INFO - Started process (PID=1174) to work on /home/airflow/.local/lib/python3.12/site-packages/airflow/example_dags/example_display_name.py
[2025-04-25T10:50:29.257+0000] {processor.py:914} INFO - Processing file /home/airflow/.local/lib/python3.12/site-packages/airflow/example_dags/example_display_name.py for tasks to queue
[2025-04-25T10:50:29.260+0000] {logging_mixin.py:190} INFO - [2025-04-25T10:50:29.260+0000] {dagbag.py:588} INFO - Filling up the DagBag from /home/airflow/.local/lib/python3.12/site-packages/airflow/example_dags/example_display_name.py
[2025-04-25T10:50:29.267+0000] {processor.py:925} INFO - DAG(s) 'example_display_name' retrieved from /home/airflow/.local/lib/python3.12/site-packages/airflow/example_dags/example_display_name.py
[2025-04-25T10:50:29.288+0000] {logging_mixin.py:190} INFO - [2025-04-25T10:50:29.288+0000] {dag.py:3239} INFO - Sync 1 DAGs
[2025-04-25T10:50:29.297+0000] {logging_mixin.py:190} INFO - [2025-04-25T10:50:29.297+0000] {dag.py:4180} INFO - Setting next_dagrun for example_display_name to None, run_after=None
[2025-04-25T10:50:29.307+0000] {processor.py:208} INFO - Processing /home/airflow/.local/lib/python3.12/site-packages/airflow/example_dags/example_display_name.py took 0.065 seconds
[2025-04-25T10:50:59.494+0000] {processor.py:186} INFO - Started process (PID=1237) to work on /home/airflow/.local/lib/python3.12/site-packages/airflow/example_dags/example_display_name.py
[2025-04-25T10:50:59.496+0000] {processor.py:914} INFO - Processing file /home/airflow/.local/lib/python3.12/site-packages/airflow/example_dags/example_display_name.py for tasks to queue
[2025-04-25T10:50:59.497+0000] {logging_mixin.py:190} INFO - [2025-04-25T10:50:59.497+0000] {dagbag.py:588} INFO - Filling up the DagBag from /home/airflow/.local/lib/python3.12/site-packages/airflow/example_dags/example_display_name.py
[2025-04-25T10:50:59.502+0000] {processor.py:925} INFO - DAG(s) 'example_display_name' retrieved from /home/airflow/.local/lib/python3.12/site-packages/airflow/example_dags/example_display_name.py
[2025-04-25T10:50:59.519+0000] {logging_mixin.py:190} INFO - [2025-04-25T10:50:59.518+0000] {dag.py:3239} INFO - Sync 1 DAGs
[2025-04-25T10:50:59.531+0000] {logging_mixin.py:190} INFO - [2025-04-25T10:50:59.531+0000] {dag.py:4180} INFO - Setting next_dagrun for example_display_name to None, run_after=None
[2025-04-25T10:50:59.542+0000] {processor.py:208} INFO - Processing /home/airflow/.local/lib/python3.12/site-packages/airflow/example_dags/example_display_name.py took 0.052 seconds
[2025-04-25T10:51:31.752+0000] {processor.py:186} INFO - Started process (PID=1300) to work on /home/airflow/.local/lib/python3.12/site-packages/airflow/example_dags/example_display_name.py
[2025-04-25T10:51:31.754+0000] {processor.py:914} INFO - Processing file /home/airflow/.local/lib/python3.12/site-packages/airflow/example_dags/example_display_name.py for tasks to queue
[2025-04-25T10:51:31.756+0000] {logging_mixin.py:190} INFO - [2025-04-25T10:51:31.756+0000] {dagbag.py:588} INFO - Filling up the DagBag from /home/airflow/.local/lib/python3.12/site-packages/airflow/example_dags/example_display_name.py
[2025-04-25T10:51:31.762+0000] {processor.py:925} INFO - DAG(s) 'example_display_name' retrieved from /home/airflow/.local/lib/python3.12/site-packages/airflow/example_dags/example_display_name.py
[2025-04-25T10:51:31.773+0000] {logging_mixin.py:190} INFO - [2025-04-25T10:51:31.773+0000] {dag.py:3239} INFO - Sync 1 DAGs
[2025-04-25T10:51:31.796+0000] {logging_mixin.py:190} INFO - [2025-04-25T10:51:31.796+0000] {dag.py:4180} INFO - Setting next_dagrun for example_display_name to None, run_after=None
[2025-04-25T10:51:31.815+0000] {processor.py:208} INFO - Processing /home/airflow/.local/lib/python3.12/site-packages/airflow/example_dags/example_display_name.py took 0.068 seconds
[2025-04-25T10:52:02.873+0000] {processor.py:186} INFO - Started process (PID=1363) to work on /home/airflow/.local/lib/python3.12/site-packages/airflow/example_dags/example_display_name.py
[2025-04-25T10:52:02.874+0000] {processor.py:914} INFO - Processing file /home/airflow/.local/lib/python3.12/site-packages/airflow/example_dags/example_display_name.py for tasks to queue
[2025-04-25T10:52:02.875+0000] {logging_mixin.py:190} INFO - [2025-04-25T10:52:02.874+0000] {dagbag.py:588} INFO - Filling up the DagBag from /home/airflow/.local/lib/python3.12/site-packages/airflow/example_dags/example_display_name.py
[2025-04-25T10:52:02.878+0000] {processor.py:925} INFO - DAG(s) 'example_display_name' retrieved from /home/airflow/.local/lib/python3.12/site-packages/airflow/example_dags/example_display_name.py
[2025-04-25T10:52:02.887+0000] {logging_mixin.py:190} INFO - [2025-04-25T10:52:02.887+0000] {dag.py:3239} INFO - Sync 1 DAGs
[2025-04-25T10:52:02.894+0000] {logging_mixin.py:190} INFO - [2025-04-25T10:52:02.893+0000] {dag.py:4180} INFO - Setting next_dagrun for example_display_name to None, run_after=None
[2025-04-25T10:52:02.907+0000] {processor.py:208} INFO - Processing /home/airflow/.local/lib/python3.12/site-packages/airflow/example_dags/example_display_name.py took 0.037 seconds
[2025-04-25T10:52:34.491+0000] {processor.py:186} INFO - Started process (PID=1426) to work on /home/airflow/.local/lib/python3.12/site-packages/airflow/example_dags/example_display_name.py
[2025-04-25T10:52:34.493+0000] {processor.py:914} INFO - Processing file /home/airflow/.local/lib/python3.12/site-packages/airflow/example_dags/example_display_name.py for tasks to queue
[2025-04-25T10:52:34.495+0000] {logging_mixin.py:190} INFO - [2025-04-25T10:52:34.494+0000] {dagbag.py:588} INFO - Filling up the DagBag from /home/airflow/.local/lib/python3.12/site-packages/airflow/example_dags/example_display_name.py
[2025-04-25T10:52:34.501+0000] {processor.py:925} INFO - DAG(s) 'example_display_name' retrieved from /home/airflow/.local/lib/python3.12/site-packages/airflow/example_dags/example_display_name.py
[2025-04-25T10:52:34.513+0000] {logging_mixin.py:190} INFO - [2025-04-25T10:52:34.513+0000] {dag.py:3239} INFO - Sync 1 DAGs
[2025-04-25T10:52:34.521+0000] {logging_mixin.py:190} INFO - [2025-04-25T10:52:34.521+0000] {dag.py:4180} INFO - Setting next_dagrun for example_display_name to None, run_after=None
[2025-04-25T10:52:34.528+0000] {processor.py:208} INFO - Processing /home/airflow/.local/lib/python3.12/site-packages/airflow/example_dags/example_display_name.py took 0.049 seconds
[2025-04-25T10:53:05.088+0000] {processor.py:186} INFO - Started process (PID=1489) to work on /home/airflow/.local/lib/python3.12/site-packages/airflow/example_dags/example_display_name.py
[2025-04-25T10:53:05.091+0000] {processor.py:914} INFO - Processing file /home/airflow/.local/lib/python3.12/site-packages/airflow/example_dags/example_display_name.py for tasks to queue
[2025-04-25T10:53:05.096+0000] {logging_mixin.py:190} INFO - [2025-04-25T10:53:05.096+0000] {dagbag.py:588} INFO - Filling up the DagBag from /home/airflow/.local/lib/python3.12/site-packages/airflow/example_dags/example_display_name.py
[2025-04-25T10:53:05.100+0000] {processor.py:925} INFO - DAG(s) 'example_display_name' retrieved from /home/airflow/.local/lib/python3.12/site-packages/airflow/example_dags/example_display_name.py
[2025-04-25T10:53:05.112+0000] {logging_mixin.py:190} INFO - [2025-04-25T10:53:05.112+0000] {dag.py:3239} INFO - Sync 1 DAGs
[2025-04-25T10:53:05.119+0000] {logging_mixin.py:190} INFO - [2025-04-25T10:53:05.119+0000] {dag.py:4180} INFO - Setting next_dagrun for example_display_name to None, run_after=None
[2025-04-25T10:53:05.127+0000] {processor.py:208} INFO - Processing /home/airflow/.local/lib/python3.12/site-packages/airflow/example_dags/example_display_name.py took 0.042 seconds
[2025-04-25T10:53:37.542+0000] {processor.py:186} INFO - Started process (PID=1552) to work on /home/airflow/.local/lib/python3.12/site-packages/airflow/example_dags/example_display_name.py
[2025-04-25T10:53:37.543+0000] {processor.py:914} INFO - Processing file /home/airflow/.local/lib/python3.12/site-packages/airflow/example_dags/example_display_name.py for tasks to queue
[2025-04-25T10:53:37.546+0000] {logging_mixin.py:190} INFO - [2025-04-25T10:53:37.545+0000] {dagbag.py:588} INFO - Filling up the DagBag from /home/airflow/.local/lib/python3.12/site-packages/airflow/example_dags/example_display_name.py
[2025-04-25T10:53:37.552+0000] {processor.py:925} INFO - DAG(s) 'example_display_name' retrieved from /home/airflow/.local/lib/python3.12/site-packages/airflow/example_dags/example_display_name.py
[2025-04-25T10:53:37.562+0000] {logging_mixin.py:190} INFO - [2025-04-25T10:53:37.562+0000] {dag.py:3239} INFO - Sync 1 DAGs
[2025-04-25T10:53:37.570+0000] {logging_mixin.py:190} INFO - [2025-04-25T10:53:37.569+0000] {dag.py:4180} INFO - Setting next_dagrun for example_display_name to None, run_after=None
[2025-04-25T10:53:37.577+0000] {processor.py:208} INFO - Processing /home/airflow/.local/lib/python3.12/site-packages/airflow/example_dags/example_display_name.py took 0.040 seconds
[2025-04-25T10:54:09.074+0000] {processor.py:186} INFO - Started process (PID=1615) to work on /home/airflow/.local/lib/python3.12/site-packages/airflow/example_dags/example_display_name.py
[2025-04-25T10:54:09.075+0000] {processor.py:914} INFO - Processing file /home/airflow/.local/lib/python3.12/site-packages/airflow/example_dags/example_display_name.py for tasks to queue
[2025-04-25T10:54:09.078+0000] {logging_mixin.py:190} INFO - [2025-04-25T10:54:09.078+0000] {dagbag.py:588} INFO - Filling up the DagBag from /home/airflow/.local/lib/python3.12/site-packages/airflow/example_dags/example_display_name.py
[2025-04-25T10:54:09.083+0000] {processor.py:925} INFO - DAG(s) 'example_display_name' retrieved from /home/airflow/.local/lib/python3.12/site-packages/airflow/example_dags/example_display_name.py
[2025-04-25T10:54:09.109+0000] {logging_mixin.py:190} INFO - [2025-04-25T10:54:09.109+0000] {dag.py:3239} INFO - Sync 1 DAGs
[2025-04-25T10:54:09.142+0000] {logging_mixin.py:190} INFO - [2025-04-25T10:54:09.141+0000] {dag.py:4180} INFO - Setting next_dagrun for example_display_name to None, run_after=None
[2025-04-25T10:54:09.164+0000] {processor.py:208} INFO - Processing /home/airflow/.local/lib/python3.12/site-packages/airflow/example_dags/example_display_name.py took 0.094 seconds
[2025-04-25T10:54:40.057+0000] {processor.py:186} INFO - Started process (PID=1678) to work on /home/airflow/.local/lib/python3.12/site-packages/airflow/example_dags/example_display_name.py
[2025-04-25T10:54:40.058+0000] {processor.py:914} INFO - Processing file /home/airflow/.local/lib/python3.12/site-packages/airflow/example_dags/example_display_name.py for tasks to queue
[2025-04-25T10:54:40.060+0000] {logging_mixin.py:190} INFO - [2025-04-25T10:54:40.059+0000] {dagbag.py:588} INFO - Filling up the DagBag from /home/airflow/.local/lib/python3.12/site-packages/airflow/example_dags/example_display_name.py
[2025-04-25T10:54:40.064+0000] {processor.py:925} INFO - DAG(s) 'example_display_name' retrieved from /home/airflow/.local/lib/python3.12/site-packages/airflow/example_dags/example_display_name.py
[2025-04-25T10:54:40.078+0000] {logging_mixin.py:190} INFO - [2025-04-25T10:54:40.078+0000] {dag.py:3239} INFO - Sync 1 DAGs
[2025-04-25T10:54:40.087+0000] {logging_mixin.py:190} INFO - [2025-04-25T10:54:40.087+0000] {dag.py:4180} INFO - Setting next_dagrun for example_display_name to None, run_after=None
[2025-04-25T10:54:40.102+0000] {processor.py:208} INFO - Processing /home/airflow/.local/lib/python3.12/site-packages/airflow/example_dags/example_display_name.py took 0.047 seconds
[2025-04-25T10:55:11.256+0000] {processor.py:186} INFO - Started process (PID=1741) to work on /home/airflow/.local/lib/python3.12/site-packages/airflow/example_dags/example_display_name.py
[2025-04-25T10:55:11.257+0000] {processor.py:914} INFO - Processing file /home/airflow/.local/lib/python3.12/site-packages/airflow/example_dags/example_display_name.py for tasks to queue
[2025-04-25T10:55:11.259+0000] {logging_mixin.py:190} INFO - [2025-04-25T10:55:11.259+0000] {dagbag.py:588} INFO - Filling up the DagBag from /home/airflow/.local/lib/python3.12/site-packages/airflow/example_dags/example_display_name.py
[2025-04-25T10:55:11.264+0000] {processor.py:925} INFO - DAG(s) 'example_display_name' retrieved from /home/airflow/.local/lib/python3.12/site-packages/airflow/example_dags/example_display_name.py
[2025-04-25T10:55:11.274+0000] {logging_mixin.py:190} INFO - [2025-04-25T10:55:11.274+0000] {dag.py:3239} INFO - Sync 1 DAGs
[2025-04-25T10:55:11.282+0000] {logging_mixin.py:190} INFO - [2025-04-25T10:55:11.282+0000] {dag.py:4180} INFO - Setting next_dagrun for example_display_name to None, run_after=None
[2025-04-25T10:55:11.296+0000] {processor.py:208} INFO - Processing /home/airflow/.local/lib/python3.12/site-packages/airflow/example_dags/example_display_name.py took 0.049 seconds
[2025-04-25T10:55:42.102+0000] {processor.py:186} INFO - Started process (PID=1804) to work on /home/airflow/.local/lib/python3.12/site-packages/airflow/example_dags/example_display_name.py
[2025-04-25T10:55:42.103+0000] {processor.py:914} INFO - Processing file /home/airflow/.local/lib/python3.12/site-packages/airflow/example_dags/example_display_name.py for tasks to queue
[2025-04-25T10:55:42.104+0000] {logging_mixin.py:190} INFO - [2025-04-25T10:55:42.103+0000] {dagbag.py:588} INFO - Filling up the DagBag from /home/airflow/.local/lib/python3.12/site-packages/airflow/example_dags/example_display_name.py
[2025-04-25T10:55:42.107+0000] {processor.py:925} INFO - DAG(s) 'example_display_name' retrieved from /home/airflow/.local/lib/python3.12/site-packages/airflow/example_dags/example_display_name.py
[2025-04-25T10:55:42.115+0000] {logging_mixin.py:190} INFO - [2025-04-25T10:55:42.115+0000] {dag.py:3239} INFO - Sync 1 DAGs
[2025-04-25T10:55:42.120+0000] {logging_mixin.py:190} INFO - [2025-04-25T10:55:42.120+0000] {dag.py:4180} INFO - Setting next_dagrun for example_display_name to None, run_after=None
[2025-04-25T10:55:42.127+0000] {processor.py:208} INFO - Processing /home/airflow/.local/lib/python3.12/site-packages/airflow/example_dags/example_display_name.py took 0.031 seconds
[2025-04-25T10:56:13.682+0000] {processor.py:186} INFO - Started process (PID=1867) to work on /home/airflow/.local/lib/python3.12/site-packages/airflow/example_dags/example_display_name.py
[2025-04-25T10:56:13.683+0000] {processor.py:914} INFO - Processing file /home/airflow/.local/lib/python3.12/site-packages/airflow/example_dags/example_display_name.py for tasks to queue
[2025-04-25T10:56:13.684+0000] {logging_mixin.py:190} INFO - [2025-04-25T10:56:13.684+0000] {dagbag.py:588} INFO - Filling up the DagBag from /home/airflow/.local/lib/python3.12/site-packages/airflow/example_dags/example_display_name.py
[2025-04-25T10:56:13.687+0000] {processor.py:925} INFO - DAG(s) 'example_display_name' retrieved from /home/airflow/.local/lib/python3.12/site-packages/airflow/example_dags/example_display_name.py
[2025-04-25T10:56:13.695+0000] {logging_mixin.py:190} INFO - [2025-04-25T10:56:13.695+0000] {dag.py:3239} INFO - Sync 1 DAGs
[2025-04-25T10:56:13.700+0000] {logging_mixin.py:190} INFO - [2025-04-25T10:56:13.700+0000] {dag.py:4180} INFO - Setting next_dagrun for example_display_name to None, run_after=None
[2025-04-25T10:56:13.707+0000] {processor.py:208} INFO - Processing /home/airflow/.local/lib/python3.12/site-packages/airflow/example_dags/example_display_name.py took 0.028 seconds
[2025-04-25T10:56:44.866+0000] {processor.py:186} INFO - Started process (PID=1930) to work on /home/airflow/.local/lib/python3.12/site-packages/airflow/example_dags/example_display_name.py
[2025-04-25T10:56:44.869+0000] {processor.py:914} INFO - Processing file /home/airflow/.local/lib/python3.12/site-packages/airflow/example_dags/example_display_name.py for tasks to queue
[2025-04-25T10:56:44.875+0000] {logging_mixin.py:190} INFO - [2025-04-25T10:56:44.874+0000] {dagbag.py:588} INFO - Filling up the DagBag from /home/airflow/.local/lib/python3.12/site-packages/airflow/example_dags/example_display_name.py
[2025-04-25T10:56:44.883+0000] {processor.py:925} INFO - DAG(s) 'example_display_name' retrieved from /home/airflow/.local/lib/python3.12/site-packages/airflow/example_dags/example_display_name.py
[2025-04-25T10:56:44.899+0000] {logging_mixin.py:190} INFO - [2025-04-25T10:56:44.899+0000] {dag.py:3239} INFO - Sync 1 DAGs
[2025-04-25T10:56:44.906+0000] {logging_mixin.py:190} INFO - [2025-04-25T10:56:44.906+0000] {dag.py:4180} INFO - Setting next_dagrun for example_display_name to None, run_after=None
[2025-04-25T10:56:44.913+0000] {processor.py:208} INFO - Processing /home/airflow/.local/lib/python3.12/site-packages/airflow/example_dags/example_display_name.py took 0.050 seconds
[2025-04-25T10:57:17.235+0000] {processor.py:186} INFO - Started process (PID=1993) to work on /home/airflow/.local/lib/python3.12/site-packages/airflow/example_dags/example_display_name.py
[2025-04-25T10:57:17.236+0000] {processor.py:914} INFO - Processing file /home/airflow/.local/lib/python3.12/site-packages/airflow/example_dags/example_display_name.py for tasks to queue
[2025-04-25T10:57:17.237+0000] {logging_mixin.py:190} INFO - [2025-04-25T10:57:17.237+0000] {dagbag.py:588} INFO - Filling up the DagBag from /home/airflow/.local/lib/python3.12/site-packages/airflow/example_dags/example_display_name.py
[2025-04-25T10:57:17.241+0000] {processor.py:925} INFO - DAG(s) 'example_display_name' retrieved from /home/airflow/.local/lib/python3.12/site-packages/airflow/example_dags/example_display_name.py
[2025-04-25T10:57:17.268+0000] {logging_mixin.py:190} INFO - [2025-04-25T10:57:17.267+0000] {dag.py:3239} INFO - Sync 1 DAGs
[2025-04-25T10:57:17.282+0000] {logging_mixin.py:190} INFO - [2025-04-25T10:57:17.282+0000] {dag.py:4180} INFO - Setting next_dagrun for example_display_name to None, run_after=None
[2025-04-25T10:57:17.297+0000] {processor.py:208} INFO - Processing /home/airflow/.local/lib/python3.12/site-packages/airflow/example_dags/example_display_name.py took 0.066 seconds
[2025-04-25T10:57:48.654+0000] {processor.py:186} INFO - Started process (PID=2056) to work on /home/airflow/.local/lib/python3.12/site-packages/airflow/example_dags/example_display_name.py
[2025-04-25T10:57:48.655+0000] {processor.py:914} INFO - Processing file /home/airflow/.local/lib/python3.12/site-packages/airflow/example_dags/example_display_name.py for tasks to queue
[2025-04-25T10:57:48.658+0000] {logging_mixin.py:190} INFO - [2025-04-25T10:57:48.657+0000] {dagbag.py:588} INFO - Filling up the DagBag from /home/airflow/.local/lib/python3.12/site-packages/airflow/example_dags/example_display_name.py
[2025-04-25T10:57:48.666+0000] {processor.py:925} INFO - DAG(s) 'example_display_name' retrieved from /home/airflow/.local/lib/python3.12/site-packages/airflow/example_dags/example_display_name.py
[2025-04-25T10:57:48.732+0000] {logging_mixin.py:190} INFO - [2025-04-25T10:57:48.731+0000] {dag.py:3239} INFO - Sync 1 DAGs
[2025-04-25T10:57:48.812+0000] {logging_mixin.py:190} INFO - [2025-04-25T10:57:48.810+0000] {dag.py:4180} INFO - Setting next_dagrun for example_display_name to None, run_after=None
[2025-04-25T10:57:48.884+0000] {processor.py:208} INFO - Processing /home/airflow/.local/lib/python3.12/site-packages/airflow/example_dags/example_display_name.py took 0.237 seconds
[2025-04-25T10:58:19.702+0000] {processor.py:186} INFO - Started process (PID=2119) to work on /home/airflow/.local/lib/python3.12/site-packages/airflow/example_dags/example_display_name.py
[2025-04-25T10:58:19.703+0000] {processor.py:914} INFO - Processing file /home/airflow/.local/lib/python3.12/site-packages/airflow/example_dags/example_display_name.py for tasks to queue
[2025-04-25T10:58:19.706+0000] {logging_mixin.py:190} INFO - [2025-04-25T10:58:19.706+0000] {dagbag.py:588} INFO - Filling up the DagBag from /home/airflow/.local/lib/python3.12/site-packages/airflow/example_dags/example_display_name.py
[2025-04-25T10:58:19.715+0000] {processor.py:925} INFO - DAG(s) 'example_display_name' retrieved from /home/airflow/.local/lib/python3.12/site-packages/airflow/example_dags/example_display_name.py
[2025-04-25T10:58:19.727+0000] {logging_mixin.py:190} INFO - [2025-04-25T10:58:19.727+0000] {dag.py:3239} INFO - Sync 1 DAGs
[2025-04-25T10:58:19.735+0000] {logging_mixin.py:190} INFO - [2025-04-25T10:58:19.734+0000] {dag.py:4180} INFO - Setting next_dagrun for example_display_name to None, run_after=None
[2025-04-25T10:58:19.745+0000] {processor.py:208} INFO - Processing /home/airflow/.local/lib/python3.12/site-packages/airflow/example_dags/example_display_name.py took 0.046 seconds
[2025-04-25T10:58:49.976+0000] {processor.py:186} INFO - Started process (PID=2181) to work on /home/airflow/.local/lib/python3.12/site-packages/airflow/example_dags/example_display_name.py
[2025-04-25T10:58:49.979+0000] {processor.py:914} INFO - Processing file /home/airflow/.local/lib/python3.12/site-packages/airflow/example_dags/example_display_name.py for tasks to queue
[2025-04-25T10:58:49.981+0000] {logging_mixin.py:190} INFO - [2025-04-25T10:58:49.981+0000] {dagbag.py:588} INFO - Filling up the DagBag from /home/airflow/.local/lib/python3.12/site-packages/airflow/example_dags/example_display_name.py
[2025-04-25T10:58:49.989+0000] {processor.py:925} INFO - DAG(s) 'example_display_name' retrieved from /home/airflow/.local/lib/python3.12/site-packages/airflow/example_dags/example_display_name.py
[2025-04-25T10:58:50.004+0000] {logging_mixin.py:190} INFO - [2025-04-25T10:58:50.003+0000] {dag.py:3239} INFO - Sync 1 DAGs
[2025-04-25T10:58:50.014+0000] {logging_mixin.py:190} INFO - [2025-04-25T10:58:50.014+0000] {dag.py:4180} INFO - Setting next_dagrun for example_display_name to None, run_after=None
[2025-04-25T10:58:50.036+0000] {processor.py:208} INFO - Processing /home/airflow/.local/lib/python3.12/site-packages/airflow/example_dags/example_display_name.py took 0.069 seconds
[2025-04-25T10:59:20.874+0000] {processor.py:186} INFO - Started process (PID=2244) to work on /home/airflow/.local/lib/python3.12/site-packages/airflow/example_dags/example_display_name.py
[2025-04-25T10:59:20.875+0000] {processor.py:914} INFO - Processing file /home/airflow/.local/lib/python3.12/site-packages/airflow/example_dags/example_display_name.py for tasks to queue
[2025-04-25T10:59:20.877+0000] {logging_mixin.py:190} INFO - [2025-04-25T10:59:20.876+0000] {dagbag.py:588} INFO - Filling up the DagBag from /home/airflow/.local/lib/python3.12/site-packages/airflow/example_dags/example_display_name.py
[2025-04-25T10:59:20.882+0000] {processor.py:925} INFO - DAG(s) 'example_display_name' retrieved from /home/airflow/.local/lib/python3.12/site-packages/airflow/example_dags/example_display_name.py
[2025-04-25T10:59:20.894+0000] {logging_mixin.py:190} INFO - [2025-04-25T10:59:20.894+0000] {dag.py:3239} INFO - Sync 1 DAGs
[2025-04-25T10:59:20.901+0000] {logging_mixin.py:190} INFO - [2025-04-25T10:59:20.901+0000] {dag.py:4180} INFO - Setting next_dagrun for example_display_name to None, run_after=None
[2025-04-25T10:59:20.909+0000] {processor.py:208} INFO - Processing /home/airflow/.local/lib/python3.12/site-packages/airflow/example_dags/example_display_name.py took 0.038 seconds
[2025-04-25T10:59:51.320+0000] {processor.py:186} INFO - Started process (PID=2306) to work on /home/airflow/.local/lib/python3.12/site-packages/airflow/example_dags/example_display_name.py
[2025-04-25T10:59:51.321+0000] {processor.py:914} INFO - Processing file /home/airflow/.local/lib/python3.12/site-packages/airflow/example_dags/example_display_name.py for tasks to queue
[2025-04-25T10:59:51.324+0000] {logging_mixin.py:190} INFO - [2025-04-25T10:59:51.324+0000] {dagbag.py:588} INFO - Filling up the DagBag from /home/airflow/.local/lib/python3.12/site-packages/airflow/example_dags/example_display_name.py
[2025-04-25T10:59:51.344+0000] {processor.py:925} INFO - DAG(s) 'example_display_name' retrieved from /home/airflow/.local/lib/python3.12/site-packages/airflow/example_dags/example_display_name.py
[2025-04-25T10:59:51.386+0000] {logging_mixin.py:190} INFO - [2025-04-25T10:59:51.386+0000] {dag.py:3239} INFO - Sync 1 DAGs
[2025-04-25T10:59:51.406+0000] {logging_mixin.py:190} INFO - [2025-04-25T10:59:51.406+0000] {dag.py:4180} INFO - Setting next_dagrun for example_display_name to None, run_after=None
[2025-04-25T10:59:51.443+0000] {processor.py:208} INFO - Processing /home/airflow/.local/lib/python3.12/site-packages/airflow/example_dags/example_display_name.py took 0.130 seconds
[2025-04-25T11:00:21.777+0000] {processor.py:186} INFO - Started process (PID=2369) to work on /home/airflow/.local/lib/python3.12/site-packages/airflow/example_dags/example_display_name.py
[2025-04-25T11:00:21.782+0000] {processor.py:914} INFO - Processing file /home/airflow/.local/lib/python3.12/site-packages/airflow/example_dags/example_display_name.py for tasks to queue
[2025-04-25T11:00:21.786+0000] {logging_mixin.py:190} INFO - [2025-04-25T11:00:21.785+0000] {dagbag.py:588} INFO - Filling up the DagBag from /home/airflow/.local/lib/python3.12/site-packages/airflow/example_dags/example_display_name.py
[2025-04-25T11:00:21.798+0000] {processor.py:925} INFO - DAG(s) 'example_display_name' retrieved from /home/airflow/.local/lib/python3.12/site-packages/airflow/example_dags/example_display_name.py
[2025-04-25T11:00:21.832+0000] {logging_mixin.py:190} INFO - [2025-04-25T11:00:21.832+0000] {dag.py:3239} INFO - Sync 1 DAGs
[2025-04-25T11:00:21.846+0000] {logging_mixin.py:190} INFO - [2025-04-25T11:00:21.846+0000] {dag.py:4180} INFO - Setting next_dagrun for example_display_name to None, run_after=None
[2025-04-25T11:00:21.867+0000] {processor.py:208} INFO - Processing /home/airflow/.local/lib/python3.12/site-packages/airflow/example_dags/example_display_name.py took 0.104 seconds
[2025-04-25T11:00:51.991+0000] {processor.py:186} INFO - Started process (PID=2432) to work on /home/airflow/.local/lib/python3.12/site-packages/airflow/example_dags/example_display_name.py
[2025-04-25T11:00:51.994+0000] {processor.py:914} INFO - Processing file /home/airflow/.local/lib/python3.12/site-packages/airflow/example_dags/example_display_name.py for tasks to queue
[2025-04-25T11:00:51.997+0000] {logging_mixin.py:190} INFO - [2025-04-25T11:00:51.996+0000] {dagbag.py:588} INFO - Filling up the DagBag from /home/airflow/.local/lib/python3.12/site-packages/airflow/example_dags/example_display_name.py
[2025-04-25T11:00:52.023+0000] {processor.py:925} INFO - DAG(s) 'example_display_name' retrieved from /home/airflow/.local/lib/python3.12/site-packages/airflow/example_dags/example_display_name.py
[2025-04-25T11:00:52.058+0000] {logging_mixin.py:190} INFO - [2025-04-25T11:00:52.058+0000] {dag.py:3239} INFO - Sync 1 DAGs
[2025-04-25T11:00:52.081+0000] {logging_mixin.py:190} INFO - [2025-04-25T11:00:52.081+0000] {dag.py:4180} INFO - Setting next_dagrun for example_display_name to None, run_after=None
[2025-04-25T11:00:52.099+0000] {processor.py:208} INFO - Processing /home/airflow/.local/lib/python3.12/site-packages/airflow/example_dags/example_display_name.py took 0.122 seconds
[2025-04-25T11:01:22.410+0000] {processor.py:186} INFO - Started process (PID=2495) to work on /home/airflow/.local/lib/python3.12/site-packages/airflow/example_dags/example_display_name.py
[2025-04-25T11:01:22.412+0000] {processor.py:914} INFO - Processing file /home/airflow/.local/lib/python3.12/site-packages/airflow/example_dags/example_display_name.py for tasks to queue
[2025-04-25T11:01:22.414+0000] {logging_mixin.py:190} INFO - [2025-04-25T11:01:22.414+0000] {dagbag.py:588} INFO - Filling up the DagBag from /home/airflow/.local/lib/python3.12/site-packages/airflow/example_dags/example_display_name.py
[2025-04-25T11:01:22.438+0000] {processor.py:925} INFO - DAG(s) 'example_display_name' retrieved from /home/airflow/.local/lib/python3.12/site-packages/airflow/example_dags/example_display_name.py
[2025-04-25T11:01:22.470+0000] {logging_mixin.py:190} INFO - [2025-04-25T11:01:22.470+0000] {dag.py:3239} INFO - Sync 1 DAGs
[2025-04-25T11:01:22.482+0000] {logging_mixin.py:190} INFO - [2025-04-25T11:01:22.482+0000] {dag.py:4180} INFO - Setting next_dagrun for example_display_name to None, run_after=None
[2025-04-25T11:01:22.499+0000] {processor.py:208} INFO - Processing /home/airflow/.local/lib/python3.12/site-packages/airflow/example_dags/example_display_name.py took 0.097 seconds
[2025-04-25T11:01:52.616+0000] {processor.py:186} INFO - Started process (PID=2557) to work on /home/airflow/.local/lib/python3.12/site-packages/airflow/example_dags/example_display_name.py
[2025-04-25T11:01:52.619+0000] {processor.py:914} INFO - Processing file /home/airflow/.local/lib/python3.12/site-packages/airflow/example_dags/example_display_name.py for tasks to queue
[2025-04-25T11:01:52.625+0000] {logging_mixin.py:190} INFO - [2025-04-25T11:01:52.625+0000] {dagbag.py:588} INFO - Filling up the DagBag from /home/airflow/.local/lib/python3.12/site-packages/airflow/example_dags/example_display_name.py
[2025-04-25T11:01:52.635+0000] {processor.py:925} INFO - DAG(s) 'example_display_name' retrieved from /home/airflow/.local/lib/python3.12/site-packages/airflow/example_dags/example_display_name.py
[2025-04-25T11:01:52.652+0000] {logging_mixin.py:190} INFO - [2025-04-25T11:01:52.652+0000] {dag.py:3239} INFO - Sync 1 DAGs
[2025-04-25T11:01:52.661+0000] {logging_mixin.py:190} INFO - [2025-04-25T11:01:52.661+0000] {dag.py:4180} INFO - Setting next_dagrun for example_display_name to None, run_after=None
[2025-04-25T11:01:52.681+0000] {processor.py:208} INFO - Processing /home/airflow/.local/lib/python3.12/site-packages/airflow/example_dags/example_display_name.py took 0.071 seconds
[2025-04-25T11:02:23.350+0000] {processor.py:186} INFO - Started process (PID=2620) to work on /home/airflow/.local/lib/python3.12/site-packages/airflow/example_dags/example_display_name.py
[2025-04-25T11:02:23.351+0000] {processor.py:914} INFO - Processing file /home/airflow/.local/lib/python3.12/site-packages/airflow/example_dags/example_display_name.py for tasks to queue
[2025-04-25T11:02:23.354+0000] {logging_mixin.py:190} INFO - [2025-04-25T11:02:23.354+0000] {dagbag.py:588} INFO - Filling up the DagBag from /home/airflow/.local/lib/python3.12/site-packages/airflow/example_dags/example_display_name.py
[2025-04-25T11:02:23.365+0000] {processor.py:925} INFO - DAG(s) 'example_display_name' retrieved from /home/airflow/.local/lib/python3.12/site-packages/airflow/example_dags/example_display_name.py
[2025-04-25T11:02:23.388+0000] {logging_mixin.py:190} INFO - [2025-04-25T11:02:23.388+0000] {dag.py:3239} INFO - Sync 1 DAGs
[2025-04-25T11:02:23.398+0000] {logging_mixin.py:190} INFO - [2025-04-25T11:02:23.397+0000] {dag.py:4180} INFO - Setting next_dagrun for example_display_name to None, run_after=None
[2025-04-25T11:02:23.409+0000] {processor.py:208} INFO - Processing /home/airflow/.local/lib/python3.12/site-packages/airflow/example_dags/example_display_name.py took 0.066 seconds
[2025-04-25T11:03:03.937+0000] {processor.py:186} INFO - Started process (PID=2687) to work on /home/airflow/.local/lib/python3.12/site-packages/airflow/example_dags/example_display_name.py
[2025-04-25T11:03:03.949+0000] {processor.py:914} INFO - Processing file /home/airflow/.local/lib/python3.12/site-packages/airflow/example_dags/example_display_name.py for tasks to queue
[2025-04-25T11:03:03.977+0000] {logging_mixin.py:190} INFO - [2025-04-25T11:03:03.975+0000] {dagbag.py:588} INFO - Filling up the DagBag from /home/airflow/.local/lib/python3.12/site-packages/airflow/example_dags/example_display_name.py
[2025-04-25T11:03:04.647+0000] {processor.py:925} INFO - DAG(s) 'example_display_name' retrieved from /home/airflow/.local/lib/python3.12/site-packages/airflow/example_dags/example_display_name.py
[2025-04-25T11:03:05.314+0000] {logging_mixin.py:190} INFO - [2025-04-25T11:03:05.311+0000] {dag.py:3239} INFO - Sync 1 DAGs
[2025-04-25T11:03:05.566+0000] {logging_mixin.py:190} INFO - [2025-04-25T11:03:05.564+0000] {dag.py:4180} INFO - Setting next_dagrun for example_display_name to None, run_after=None
[2025-04-25T11:03:05.677+0000] {processor.py:208} INFO - Processing /home/airflow/.local/lib/python3.12/site-packages/airflow/example_dags/example_display_name.py took 1.766 seconds
[2025-04-25T11:10:02.995+0000] {processor.py:186} INFO - Started process (PID=2791) to work on /home/airflow/.local/lib/python3.12/site-packages/airflow/example_dags/example_display_name.py
[2025-04-25T11:10:03.103+0000] {processor.py:914} INFO - Processing file /home/airflow/.local/lib/python3.12/site-packages/airflow/example_dags/example_display_name.py for tasks to queue
[2025-04-25T11:10:03.208+0000] {logging_mixin.py:190} INFO - [2025-04-25T11:10:03.123+0000] {dagbag.py:588} INFO - Filling up the DagBag from /home/airflow/.local/lib/python3.12/site-packages/airflow/example_dags/example_display_name.py
[2025-04-25T11:10:05.827+0000] {processor.py:925} INFO - DAG(s) 'example_display_name' retrieved from /home/airflow/.local/lib/python3.12/site-packages/airflow/example_dags/example_display_name.py
[2025-04-25T11:10:16.730+0000] {logging_mixin.py:190} INFO - [2025-04-25T11:10:16.698+0000] {dag.py:3239} INFO - Sync 1 DAGs
[2025-04-25T11:10:18.265+0000] {logging_mixin.py:190} INFO - [2025-04-25T11:10:18.097+0000] {dag.py:4180} INFO - Setting next_dagrun for example_display_name to None, run_after=None
[2025-04-25T11:10:19.427+0000] {processor.py:208} INFO - Processing /home/airflow/.local/lib/python3.12/site-packages/airflow/example_dags/example_display_name.py took 17.778 seconds
[2025-04-25T11:14:22.040+0000] {processor.py:186} INFO - Started process (PID=2868) to work on /home/airflow/.local/lib/python3.12/site-packages/airflow/example_dags/example_display_name.py
[2025-04-25T11:14:22.045+0000] {processor.py:914} INFO - Processing file /home/airflow/.local/lib/python3.12/site-packages/airflow/example_dags/example_display_name.py for tasks to queue
[2025-04-25T11:14:22.061+0000] {logging_mixin.py:190} INFO - [2025-04-25T11:14:22.056+0000] {dagbag.py:588} INFO - Filling up the DagBag from /home/airflow/.local/lib/python3.12/site-packages/airflow/example_dags/example_display_name.py
[2025-04-25T11:14:22.295+0000] {processor.py:925} INFO - DAG(s) 'example_display_name' retrieved from /home/airflow/.local/lib/python3.12/site-packages/airflow/example_dags/example_display_name.py
[2025-04-25T11:14:22.944+0000] {logging_mixin.py:190} INFO - [2025-04-25T11:14:22.939+0000] {dag.py:3239} INFO - Sync 1 DAGs
[2025-04-25T11:14:23.217+0000] {logging_mixin.py:190} INFO - [2025-04-25T11:14:23.211+0000] {dag.py:4180} INFO - Setting next_dagrun for example_display_name to None, run_after=None
[2025-04-25T11:14:23.700+0000] {processor.py:208} INFO - Processing /home/airflow/.local/lib/python3.12/site-packages/airflow/example_dags/example_display_name.py took 1.870 seconds
[2025-04-25T11:19:03.046+0000] {processor.py:186} INFO - Started process (PID=2958) to work on /home/airflow/.local/lib/python3.12/site-packages/airflow/example_dags/example_display_name.py
[2025-04-25T11:19:03.126+0000] {processor.py:914} INFO - Processing file /home/airflow/.local/lib/python3.12/site-packages/airflow/example_dags/example_display_name.py for tasks to queue
[2025-04-25T11:19:03.186+0000] {logging_mixin.py:190} INFO - [2025-04-25T11:19:03.173+0000] {dagbag.py:588} INFO - Filling up the DagBag from /home/airflow/.local/lib/python3.12/site-packages/airflow/example_dags/example_display_name.py
[2025-04-25T11:19:03.852+0000] {processor.py:925} INFO - DAG(s) 'example_display_name' retrieved from /home/airflow/.local/lib/python3.12/site-packages/airflow/example_dags/example_display_name.py
[2025-04-25T11:19:05.734+0000] {logging_mixin.py:190} INFO - [2025-04-25T11:19:05.675+0000] {dag.py:3239} INFO - Sync 1 DAGs
[2025-04-25T11:19:06.979+0000] {logging_mixin.py:190} INFO - [2025-04-25T11:19:06.899+0000] {dag.py:4180} INFO - Setting next_dagrun for example_display_name to None, run_after=None
[2025-04-25T11:19:08.461+0000] {processor.py:208} INFO - Processing /home/airflow/.local/lib/python3.12/site-packages/airflow/example_dags/example_display_name.py took 5.663 seconds
[2025-04-25T11:21:00.406+0000] {processor.py:186} INFO - Started process (PID=3030) to work on /home/airflow/.local/lib/python3.12/site-packages/airflow/example_dags/example_display_name.py
[2025-04-25T11:21:00.414+0000] {processor.py:914} INFO - Processing file /home/airflow/.local/lib/python3.12/site-packages/airflow/example_dags/example_display_name.py for tasks to queue
[2025-04-25T11:21:00.423+0000] {logging_mixin.py:190} INFO - [2025-04-25T11:21:00.421+0000] {dagbag.py:588} INFO - Filling up the DagBag from /home/airflow/.local/lib/python3.12/site-packages/airflow/example_dags/example_display_name.py
[2025-04-25T11:21:00.452+0000] {processor.py:925} INFO - DAG(s) 'example_display_name' retrieved from /home/airflow/.local/lib/python3.12/site-packages/airflow/example_dags/example_display_name.py
[2025-04-25T11:21:00.628+0000] {logging_mixin.py:190} INFO - [2025-04-25T11:21:00.627+0000] {dag.py:3239} INFO - Sync 1 DAGs
[2025-04-25T11:21:00.662+0000] {logging_mixin.py:190} INFO - [2025-04-25T11:21:00.662+0000] {dag.py:4180} INFO - Setting next_dagrun for example_display_name to None, run_after=None
[2025-04-25T11:21:00.727+0000] {processor.py:208} INFO - Processing /home/airflow/.local/lib/python3.12/site-packages/airflow/example_dags/example_display_name.py took 0.335 seconds
[2025-04-25T11:21:31.668+0000] {processor.py:186} INFO - Started process (PID=3093) to work on /home/airflow/.local/lib/python3.12/site-packages/airflow/example_dags/example_display_name.py
[2025-04-25T11:21:31.680+0000] {processor.py:914} INFO - Processing file /home/airflow/.local/lib/python3.12/site-packages/airflow/example_dags/example_display_name.py for tasks to queue
[2025-04-25T11:21:31.706+0000] {logging_mixin.py:190} INFO - [2025-04-25T11:21:31.706+0000] {dagbag.py:588} INFO - Filling up the DagBag from /home/airflow/.local/lib/python3.12/site-packages/airflow/example_dags/example_display_name.py
[2025-04-25T11:21:31.774+0000] {processor.py:925} INFO - DAG(s) 'example_display_name' retrieved from /home/airflow/.local/lib/python3.12/site-packages/airflow/example_dags/example_display_name.py
[2025-04-25T11:21:31.869+0000] {logging_mixin.py:190} INFO - [2025-04-25T11:21:31.869+0000] {dag.py:3239} INFO - Sync 1 DAGs
[2025-04-25T11:21:31.902+0000] {logging_mixin.py:190} INFO - [2025-04-25T11:21:31.900+0000] {dag.py:4180} INFO - Setting next_dagrun for example_display_name to None, run_after=None
[2025-04-25T11:21:31.959+0000] {processor.py:208} INFO - Processing /home/airflow/.local/lib/python3.12/site-packages/airflow/example_dags/example_display_name.py took 0.313 seconds
[2025-04-25T11:22:02.164+0000] {processor.py:186} INFO - Started process (PID=3156) to work on /home/airflow/.local/lib/python3.12/site-packages/airflow/example_dags/example_display_name.py
[2025-04-25T11:22:02.165+0000] {processor.py:914} INFO - Processing file /home/airflow/.local/lib/python3.12/site-packages/airflow/example_dags/example_display_name.py for tasks to queue
[2025-04-25T11:22:02.167+0000] {logging_mixin.py:190} INFO - [2025-04-25T11:22:02.166+0000] {dagbag.py:588} INFO - Filling up the DagBag from /home/airflow/.local/lib/python3.12/site-packages/airflow/example_dags/example_display_name.py
[2025-04-25T11:22:02.177+0000] {processor.py:925} INFO - DAG(s) 'example_display_name' retrieved from /home/airflow/.local/lib/python3.12/site-packages/airflow/example_dags/example_display_name.py
[2025-04-25T11:22:02.197+0000] {logging_mixin.py:190} INFO - [2025-04-25T11:22:02.197+0000] {dag.py:3239} INFO - Sync 1 DAGs
[2025-04-25T11:22:02.213+0000] {logging_mixin.py:190} INFO - [2025-04-25T11:22:02.212+0000] {dag.py:4180} INFO - Setting next_dagrun for example_display_name to None, run_after=None
[2025-04-25T11:22:02.233+0000] {processor.py:208} INFO - Processing /home/airflow/.local/lib/python3.12/site-packages/airflow/example_dags/example_display_name.py took 0.072 seconds
[2025-04-25T11:23:08.743+0000] {processor.py:186} INFO - Started process (PID=3233) to work on /home/airflow/.local/lib/python3.12/site-packages/airflow/example_dags/example_display_name.py
[2025-04-25T11:23:08.752+0000] {processor.py:914} INFO - Processing file /home/airflow/.local/lib/python3.12/site-packages/airflow/example_dags/example_display_name.py for tasks to queue
[2025-04-25T11:23:08.781+0000] {logging_mixin.py:190} INFO - [2025-04-25T11:23:08.779+0000] {dagbag.py:588} INFO - Filling up the DagBag from /home/airflow/.local/lib/python3.12/site-packages/airflow/example_dags/example_display_name.py
[2025-04-25T11:23:09.049+0000] {processor.py:925} INFO - DAG(s) 'example_display_name' retrieved from /home/airflow/.local/lib/python3.12/site-packages/airflow/example_dags/example_display_name.py
[2025-04-25T11:23:09.517+0000] {logging_mixin.py:190} INFO - [2025-04-25T11:23:09.516+0000] {dag.py:3239} INFO - Sync 1 DAGs
[2025-04-25T11:23:09.598+0000] {logging_mixin.py:190} INFO - [2025-04-25T11:23:09.597+0000] {dag.py:4180} INFO - Setting next_dagrun for example_display_name to None, run_after=None
[2025-04-25T11:23:09.729+0000] {processor.py:208} INFO - Processing /home/airflow/.local/lib/python3.12/site-packages/airflow/example_dags/example_display_name.py took 1.132 seconds
[2025-04-25T11:23:39.987+0000] {processor.py:186} INFO - Started process (PID=3296) to work on /home/airflow/.local/lib/python3.12/site-packages/airflow/example_dags/example_display_name.py
[2025-04-25T11:23:39.989+0000] {processor.py:914} INFO - Processing file /home/airflow/.local/lib/python3.12/site-packages/airflow/example_dags/example_display_name.py for tasks to queue
[2025-04-25T11:23:40.000+0000] {logging_mixin.py:190} INFO - [2025-04-25T11:23:40.000+0000] {dagbag.py:588} INFO - Filling up the DagBag from /home/airflow/.local/lib/python3.12/site-packages/airflow/example_dags/example_display_name.py
[2025-04-25T11:23:40.016+0000] {processor.py:925} INFO - DAG(s) 'example_display_name' retrieved from /home/airflow/.local/lib/python3.12/site-packages/airflow/example_dags/example_display_name.py
[2025-04-25T11:23:40.219+0000] {logging_mixin.py:190} INFO - [2025-04-25T11:23:40.218+0000] {dag.py:3239} INFO - Sync 1 DAGs
[2025-04-25T11:23:40.275+0000] {logging_mixin.py:190} INFO - [2025-04-25T11:23:40.274+0000] {dag.py:4180} INFO - Setting next_dagrun for example_display_name to None, run_after=None
[2025-04-25T11:23:40.328+0000] {processor.py:208} INFO - Processing /home/airflow/.local/lib/python3.12/site-packages/airflow/example_dags/example_display_name.py took 0.347 seconds
