[2025-04-25T10:41:20.119+0000] {processor.py:186} INFO - Started process (PID=92) to work on /home/airflow/.local/lib/python3.12/site-packages/airflow/example_dags/example_branch_python_dop_operator_3.py
[2025-04-25T10:41:20.121+0000] {processor.py:914} INFO - Processing file /home/airflow/.local/lib/python3.12/site-packages/airflow/example_dags/example_branch_python_dop_operator_3.py for tasks to queue
[2025-04-25T10:41:20.125+0000] {logging_mixin.py:190} INFO - [2025-04-25T10:41:20.124+0000] {dagbag.py:588} INFO - Filling up the DagBag from /home/airflow/.local/lib/python3.12/site-packages/airflow/example_dags/example_branch_python_dop_operator_3.py
[2025-04-25T10:41:20.152+0000] {processor.py:925} INFO - DAG(s) 'example_branch_dop_operator_v3' retrieved from /home/airflow/.local/lib/python3.12/site-packages/airflow/example_dags/example_branch_python_dop_operator_3.py
[2025-04-25T10:41:20.220+0000] {logging_mixin.py:190} INFO - [2025-04-25T10:41:20.219+0000] {dag.py:3239} INFO - Sync 1 DAGs
[2025-04-25T10:41:20.276+0000] {logging_mixin.py:190} INFO - [2025-04-25T10:41:20.276+0000] {dag.py:4180} INFO - Setting next_dagrun for example_branch_dop_operator_v3 to 2025-04-25 10:40:00+00:00, run_after=2025-04-25 10:41:00+00:00
[2025-04-25T10:41:20.319+0000] {processor.py:208} INFO - Processing /home/airflow/.local/lib/python3.12/site-packages/airflow/example_dags/example_branch_python_dop_operator_3.py took 0.206 seconds
[2025-04-25T10:41:51.488+0000] {processor.py:186} INFO - Started process (PID=155) to work on /home/airflow/.local/lib/python3.12/site-packages/airflow/example_dags/example_branch_python_dop_operator_3.py
[2025-04-25T10:41:51.489+0000] {processor.py:914} INFO - Processing file /home/airflow/.local/lib/python3.12/site-packages/airflow/example_dags/example_branch_python_dop_operator_3.py for tasks to queue
[2025-04-25T10:41:51.494+0000] {logging_mixin.py:190} INFO - [2025-04-25T10:41:51.490+0000] {dagbag.py:588} INFO - Filling up the DagBag from /home/airflow/.local/lib/python3.12/site-packages/airflow/example_dags/example_branch_python_dop_operator_3.py
[2025-04-25T10:41:51.503+0000] {processor.py:925} INFO - DAG(s) 'example_branch_dop_operator_v3' retrieved from /home/airflow/.local/lib/python3.12/site-packages/airflow/example_dags/example_branch_python_dop_operator_3.py
[2025-04-25T10:41:51.515+0000] {logging_mixin.py:190} INFO - [2025-04-25T10:41:51.515+0000] {dag.py:3239} INFO - Sync 1 DAGs
[2025-04-25T10:41:51.531+0000] {logging_mixin.py:190} INFO - [2025-04-25T10:41:51.531+0000] {dag.py:4180} INFO - Setting next_dagrun for example_branch_dop_operator_v3 to 2025-04-25 10:40:00+00:00, run_after=2025-04-25 10:41:00+00:00
[2025-04-25T10:41:51.547+0000] {processor.py:208} INFO - Processing /home/airflow/.local/lib/python3.12/site-packages/airflow/example_dags/example_branch_python_dop_operator_3.py took 0.062 seconds
[2025-04-25T10:42:22.609+0000] {processor.py:186} INFO - Started process (PID=218) to work on /home/airflow/.local/lib/python3.12/site-packages/airflow/example_dags/example_branch_python_dop_operator_3.py
[2025-04-25T10:42:22.611+0000] {processor.py:914} INFO - Processing file /home/airflow/.local/lib/python3.12/site-packages/airflow/example_dags/example_branch_python_dop_operator_3.py for tasks to queue
[2025-04-25T10:42:22.612+0000] {logging_mixin.py:190} INFO - [2025-04-25T10:42:22.612+0000] {dagbag.py:588} INFO - Filling up the DagBag from /home/airflow/.local/lib/python3.12/site-packages/airflow/example_dags/example_branch_python_dop_operator_3.py
[2025-04-25T10:42:22.620+0000] {processor.py:925} INFO - DAG(s) 'example_branch_dop_operator_v3' retrieved from /home/airflow/.local/lib/python3.12/site-packages/airflow/example_dags/example_branch_python_dop_operator_3.py
[2025-04-25T10:42:22.632+0000] {logging_mixin.py:190} INFO - [2025-04-25T10:42:22.632+0000] {dag.py:3239} INFO - Sync 1 DAGs
[2025-04-25T10:42:22.654+0000] {logging_mixin.py:190} INFO - [2025-04-25T10:42:22.654+0000] {dag.py:4180} INFO - Setting next_dagrun for example_branch_dop_operator_v3 to 2025-04-25 10:41:00+00:00, run_after=2025-04-25 10:42:00+00:00
[2025-04-25T10:42:22.664+0000] {processor.py:208} INFO - Processing /home/airflow/.local/lib/python3.12/site-packages/airflow/example_dags/example_branch_python_dop_operator_3.py took 0.059 seconds
[2025-04-25T10:42:53.988+0000] {processor.py:186} INFO - Started process (PID=282) to work on /home/airflow/.local/lib/python3.12/site-packages/airflow/example_dags/example_branch_python_dop_operator_3.py
[2025-04-25T10:42:53.991+0000] {processor.py:914} INFO - Processing file /home/airflow/.local/lib/python3.12/site-packages/airflow/example_dags/example_branch_python_dop_operator_3.py for tasks to queue
[2025-04-25T10:42:53.996+0000] {logging_mixin.py:190} INFO - [2025-04-25T10:42:53.995+0000] {dagbag.py:588} INFO - Filling up the DagBag from /home/airflow/.local/lib/python3.12/site-packages/airflow/example_dags/example_branch_python_dop_operator_3.py
[2025-04-25T10:42:54.010+0000] {processor.py:925} INFO - DAG(s) 'example_branch_dop_operator_v3' retrieved from /home/airflow/.local/lib/python3.12/site-packages/airflow/example_dags/example_branch_python_dop_operator_3.py
[2025-04-25T10:42:54.040+0000] {logging_mixin.py:190} INFO - [2025-04-25T10:42:54.040+0000] {dag.py:3239} INFO - Sync 1 DAGs
[2025-04-25T10:42:54.072+0000] {logging_mixin.py:190} INFO - [2025-04-25T10:42:54.072+0000] {dag.py:4180} INFO - Setting next_dagrun for example_branch_dop_operator_v3 to 2025-04-25 10:41:00+00:00, run_after=2025-04-25 10:42:00+00:00
[2025-04-25T10:42:54.087+0000] {processor.py:208} INFO - Processing /home/airflow/.local/lib/python3.12/site-packages/airflow/example_dags/example_branch_python_dop_operator_3.py took 0.105 seconds
[2025-04-25T10:43:25.651+0000] {processor.py:186} INFO - Started process (PID=345) to work on /home/airflow/.local/lib/python3.12/site-packages/airflow/example_dags/example_branch_python_dop_operator_3.py
[2025-04-25T10:43:25.652+0000] {processor.py:914} INFO - Processing file /home/airflow/.local/lib/python3.12/site-packages/airflow/example_dags/example_branch_python_dop_operator_3.py for tasks to queue
[2025-04-25T10:43:25.654+0000] {logging_mixin.py:190} INFO - [2025-04-25T10:43:25.654+0000] {dagbag.py:588} INFO - Filling up the DagBag from /home/airflow/.local/lib/python3.12/site-packages/airflow/example_dags/example_branch_python_dop_operator_3.py
[2025-04-25T10:43:25.665+0000] {processor.py:925} INFO - DAG(s) 'example_branch_dop_operator_v3' retrieved from /home/airflow/.local/lib/python3.12/site-packages/airflow/example_dags/example_branch_python_dop_operator_3.py
[2025-04-25T10:43:25.682+0000] {logging_mixin.py:190} INFO - [2025-04-25T10:43:25.681+0000] {dag.py:3239} INFO - Sync 1 DAGs
[2025-04-25T10:43:25.693+0000] {logging_mixin.py:190} INFO - [2025-04-25T10:43:25.693+0000] {dag.py:4180} INFO - Setting next_dagrun for example_branch_dop_operator_v3 to 2025-04-25 10:42:00+00:00, run_after=2025-04-25 10:43:00+00:00
[2025-04-25T10:43:25.700+0000] {processor.py:208} INFO - Processing /home/airflow/.local/lib/python3.12/site-packages/airflow/example_dags/example_branch_python_dop_operator_3.py took 0.053 seconds
[2025-04-25T10:43:56.438+0000] {processor.py:186} INFO - Started process (PID=408) to work on /home/airflow/.local/lib/python3.12/site-packages/airflow/example_dags/example_branch_python_dop_operator_3.py
[2025-04-25T10:43:56.438+0000] {processor.py:914} INFO - Processing file /home/airflow/.local/lib/python3.12/site-packages/airflow/example_dags/example_branch_python_dop_operator_3.py for tasks to queue
[2025-04-25T10:43:56.440+0000] {logging_mixin.py:190} INFO - [2025-04-25T10:43:56.440+0000] {dagbag.py:588} INFO - Filling up the DagBag from /home/airflow/.local/lib/python3.12/site-packages/airflow/example_dags/example_branch_python_dop_operator_3.py
[2025-04-25T10:43:56.446+0000] {processor.py:925} INFO - DAG(s) 'example_branch_dop_operator_v3' retrieved from /home/airflow/.local/lib/python3.12/site-packages/airflow/example_dags/example_branch_python_dop_operator_3.py
[2025-04-25T10:43:56.457+0000] {logging_mixin.py:190} INFO - [2025-04-25T10:43:56.457+0000] {dag.py:3239} INFO - Sync 1 DAGs
[2025-04-25T10:43:56.469+0000] {logging_mixin.py:190} INFO - [2025-04-25T10:43:56.469+0000] {dag.py:4180} INFO - Setting next_dagrun for example_branch_dop_operator_v3 to 2025-04-25 10:42:00+00:00, run_after=2025-04-25 10:43:00+00:00
[2025-04-25T10:43:56.481+0000] {processor.py:208} INFO - Processing /home/airflow/.local/lib/python3.12/site-packages/airflow/example_dags/example_branch_python_dop_operator_3.py took 0.046 seconds
[2025-04-25T10:44:28.367+0000] {processor.py:186} INFO - Started process (PID=471) to work on /home/airflow/.local/lib/python3.12/site-packages/airflow/example_dags/example_branch_python_dop_operator_3.py
[2025-04-25T10:44:28.369+0000] {processor.py:914} INFO - Processing file /home/airflow/.local/lib/python3.12/site-packages/airflow/example_dags/example_branch_python_dop_operator_3.py for tasks to queue
[2025-04-25T10:44:28.371+0000] {logging_mixin.py:190} INFO - [2025-04-25T10:44:28.371+0000] {dagbag.py:588} INFO - Filling up the DagBag from /home/airflow/.local/lib/python3.12/site-packages/airflow/example_dags/example_branch_python_dop_operator_3.py
[2025-04-25T10:44:28.382+0000] {processor.py:925} INFO - DAG(s) 'example_branch_dop_operator_v3' retrieved from /home/airflow/.local/lib/python3.12/site-packages/airflow/example_dags/example_branch_python_dop_operator_3.py
[2025-04-25T10:44:28.398+0000] {logging_mixin.py:190} INFO - [2025-04-25T10:44:28.398+0000] {dag.py:3239} INFO - Sync 1 DAGs
[2025-04-25T10:44:28.420+0000] {logging_mixin.py:190} INFO - [2025-04-25T10:44:28.420+0000] {dag.py:4180} INFO - Setting next_dagrun for example_branch_dop_operator_v3 to 2025-04-25 10:43:00+00:00, run_after=2025-04-25 10:44:00+00:00
[2025-04-25T10:44:28.429+0000] {processor.py:208} INFO - Processing /home/airflow/.local/lib/python3.12/site-packages/airflow/example_dags/example_branch_python_dop_operator_3.py took 0.068 seconds
[2025-04-25T10:45:00.217+0000] {processor.py:186} INFO - Started process (PID=534) to work on /home/airflow/.local/lib/python3.12/site-packages/airflow/example_dags/example_branch_python_dop_operator_3.py
[2025-04-25T10:45:00.219+0000] {processor.py:914} INFO - Processing file /home/airflow/.local/lib/python3.12/site-packages/airflow/example_dags/example_branch_python_dop_operator_3.py for tasks to queue
[2025-04-25T10:45:00.221+0000] {logging_mixin.py:190} INFO - [2025-04-25T10:45:00.220+0000] {dagbag.py:588} INFO - Filling up the DagBag from /home/airflow/.local/lib/python3.12/site-packages/airflow/example_dags/example_branch_python_dop_operator_3.py
[2025-04-25T10:45:00.227+0000] {processor.py:925} INFO - DAG(s) 'example_branch_dop_operator_v3' retrieved from /home/airflow/.local/lib/python3.12/site-packages/airflow/example_dags/example_branch_python_dop_operator_3.py
[2025-04-25T10:45:00.236+0000] {logging_mixin.py:190} INFO - [2025-04-25T10:45:00.236+0000] {dag.py:3239} INFO - Sync 1 DAGs
[2025-04-25T10:45:00.247+0000] {logging_mixin.py:190} INFO - [2025-04-25T10:45:00.247+0000] {dag.py:4180} INFO - Setting next_dagrun for example_branch_dop_operator_v3 to 2025-04-25 10:44:00+00:00, run_after=2025-04-25 10:45:00+00:00
[2025-04-25T10:45:00.254+0000] {processor.py:208} INFO - Processing /home/airflow/.local/lib/python3.12/site-packages/airflow/example_dags/example_branch_python_dop_operator_3.py took 0.040 seconds
[2025-04-25T10:45:32.721+0000] {processor.py:186} INFO - Started process (PID=596) to work on /home/airflow/.local/lib/python3.12/site-packages/airflow/example_dags/example_branch_python_dop_operator_3.py
[2025-04-25T10:45:32.724+0000] {processor.py:914} INFO - Processing file /home/airflow/.local/lib/python3.12/site-packages/airflow/example_dags/example_branch_python_dop_operator_3.py for tasks to queue
[2025-04-25T10:45:32.727+0000] {logging_mixin.py:190} INFO - [2025-04-25T10:45:32.726+0000] {dagbag.py:588} INFO - Filling up the DagBag from /home/airflow/.local/lib/python3.12/site-packages/airflow/example_dags/example_branch_python_dop_operator_3.py
[2025-04-25T10:45:32.735+0000] {processor.py:925} INFO - DAG(s) 'example_branch_dop_operator_v3' retrieved from /home/airflow/.local/lib/python3.12/site-packages/airflow/example_dags/example_branch_python_dop_operator_3.py
[2025-04-25T10:45:32.746+0000] {logging_mixin.py:190} INFO - [2025-04-25T10:45:32.746+0000] {dag.py:3239} INFO - Sync 1 DAGs
[2025-04-25T10:45:32.762+0000] {logging_mixin.py:190} INFO - [2025-04-25T10:45:32.762+0000] {dag.py:4180} INFO - Setting next_dagrun for example_branch_dop_operator_v3 to 2025-04-25 10:44:00+00:00, run_after=2025-04-25 10:45:00+00:00
[2025-04-25T10:45:32.775+0000] {processor.py:208} INFO - Processing /home/airflow/.local/lib/python3.12/site-packages/airflow/example_dags/example_branch_python_dop_operator_3.py took 0.062 seconds
[2025-04-25T10:46:04.024+0000] {processor.py:186} INFO - Started process (PID=659) to work on /home/airflow/.local/lib/python3.12/site-packages/airflow/example_dags/example_branch_python_dop_operator_3.py
[2025-04-25T10:46:04.025+0000] {processor.py:914} INFO - Processing file /home/airflow/.local/lib/python3.12/site-packages/airflow/example_dags/example_branch_python_dop_operator_3.py for tasks to queue
[2025-04-25T10:46:04.028+0000] {logging_mixin.py:190} INFO - [2025-04-25T10:46:04.027+0000] {dagbag.py:588} INFO - Filling up the DagBag from /home/airflow/.local/lib/python3.12/site-packages/airflow/example_dags/example_branch_python_dop_operator_3.py
[2025-04-25T10:46:04.039+0000] {processor.py:925} INFO - DAG(s) 'example_branch_dop_operator_v3' retrieved from /home/airflow/.local/lib/python3.12/site-packages/airflow/example_dags/example_branch_python_dop_operator_3.py
[2025-04-25T10:46:04.050+0000] {logging_mixin.py:190} INFO - [2025-04-25T10:46:04.050+0000] {dag.py:3239} INFO - Sync 1 DAGs
[2025-04-25T10:46:04.070+0000] {logging_mixin.py:190} INFO - [2025-04-25T10:46:04.070+0000] {dag.py:4180} INFO - Setting next_dagrun for example_branch_dop_operator_v3 to 2025-04-25 10:45:00+00:00, run_after=2025-04-25 10:46:00+00:00
[2025-04-25T10:46:04.077+0000] {processor.py:208} INFO - Processing /home/airflow/.local/lib/python3.12/site-packages/airflow/example_dags/example_branch_python_dop_operator_3.py took 0.056 seconds
[2025-04-25T10:46:36.492+0000] {processor.py:186} INFO - Started process (PID=722) to work on /home/airflow/.local/lib/python3.12/site-packages/airflow/example_dags/example_branch_python_dop_operator_3.py
[2025-04-25T10:46:36.495+0000] {processor.py:914} INFO - Processing file /home/airflow/.local/lib/python3.12/site-packages/airflow/example_dags/example_branch_python_dop_operator_3.py for tasks to queue
[2025-04-25T10:46:36.498+0000] {logging_mixin.py:190} INFO - [2025-04-25T10:46:36.497+0000] {dagbag.py:588} INFO - Filling up the DagBag from /home/airflow/.local/lib/python3.12/site-packages/airflow/example_dags/example_branch_python_dop_operator_3.py
[2025-04-25T10:46:36.510+0000] {processor.py:925} INFO - DAG(s) 'example_branch_dop_operator_v3' retrieved from /home/airflow/.local/lib/python3.12/site-packages/airflow/example_dags/example_branch_python_dop_operator_3.py
[2025-04-25T10:46:36.525+0000] {logging_mixin.py:190} INFO - [2025-04-25T10:46:36.525+0000] {dag.py:3239} INFO - Sync 1 DAGs
[2025-04-25T10:46:36.552+0000] {logging_mixin.py:190} INFO - [2025-04-25T10:46:36.552+0000] {dag.py:4180} INFO - Setting next_dagrun for example_branch_dop_operator_v3 to 2025-04-25 10:45:00+00:00, run_after=2025-04-25 10:46:00+00:00
[2025-04-25T10:46:36.568+0000] {processor.py:208} INFO - Processing /home/airflow/.local/lib/python3.12/site-packages/airflow/example_dags/example_branch_python_dop_operator_3.py took 0.087 seconds
[2025-04-25T10:47:07.289+0000] {processor.py:186} INFO - Started process (PID=785) to work on /home/airflow/.local/lib/python3.12/site-packages/airflow/example_dags/example_branch_python_dop_operator_3.py
[2025-04-25T10:47:07.291+0000] {processor.py:914} INFO - Processing file /home/airflow/.local/lib/python3.12/site-packages/airflow/example_dags/example_branch_python_dop_operator_3.py for tasks to queue
[2025-04-25T10:47:07.296+0000] {logging_mixin.py:190} INFO - [2025-04-25T10:47:07.296+0000] {dagbag.py:588} INFO - Filling up the DagBag from /home/airflow/.local/lib/python3.12/site-packages/airflow/example_dags/example_branch_python_dop_operator_3.py
[2025-04-25T10:47:07.303+0000] {processor.py:925} INFO - DAG(s) 'example_branch_dop_operator_v3' retrieved from /home/airflow/.local/lib/python3.12/site-packages/airflow/example_dags/example_branch_python_dop_operator_3.py
[2025-04-25T10:47:07.317+0000] {logging_mixin.py:190} INFO - [2025-04-25T10:47:07.317+0000] {dag.py:3239} INFO - Sync 1 DAGs
[2025-04-25T10:47:07.333+0000] {logging_mixin.py:190} INFO - [2025-04-25T10:47:07.333+0000] {dag.py:4180} INFO - Setting next_dagrun for example_branch_dop_operator_v3 to 2025-04-25 10:46:00+00:00, run_after=2025-04-25 10:47:00+00:00
[2025-04-25T10:47:07.350+0000] {processor.py:208} INFO - Processing /home/airflow/.local/lib/python3.12/site-packages/airflow/example_dags/example_branch_python_dop_operator_3.py took 0.066 seconds
[2025-04-25T10:47:38.125+0000] {processor.py:186} INFO - Started process (PID=847) to work on /home/airflow/.local/lib/python3.12/site-packages/airflow/example_dags/example_branch_python_dop_operator_3.py
[2025-04-25T10:47:38.126+0000] {processor.py:914} INFO - Processing file /home/airflow/.local/lib/python3.12/site-packages/airflow/example_dags/example_branch_python_dop_operator_3.py for tasks to queue
[2025-04-25T10:47:38.129+0000] {logging_mixin.py:190} INFO - [2025-04-25T10:47:38.129+0000] {dagbag.py:588} INFO - Filling up the DagBag from /home/airflow/.local/lib/python3.12/site-packages/airflow/example_dags/example_branch_python_dop_operator_3.py
[2025-04-25T10:47:38.136+0000] {processor.py:925} INFO - DAG(s) 'example_branch_dop_operator_v3' retrieved from /home/airflow/.local/lib/python3.12/site-packages/airflow/example_dags/example_branch_python_dop_operator_3.py
[2025-04-25T10:47:38.155+0000] {logging_mixin.py:190} INFO - [2025-04-25T10:47:38.155+0000] {dag.py:3239} INFO - Sync 1 DAGs
[2025-04-25T10:47:38.169+0000] {logging_mixin.py:190} INFO - [2025-04-25T10:47:38.169+0000] {dag.py:4180} INFO - Setting next_dagrun for example_branch_dop_operator_v3 to 2025-04-25 10:46:00+00:00, run_after=2025-04-25 10:47:00+00:00
[2025-04-25T10:47:38.179+0000] {processor.py:208} INFO - Processing /home/airflow/.local/lib/python3.12/site-packages/airflow/example_dags/example_branch_python_dop_operator_3.py took 0.057 seconds
[2025-04-25T10:48:09.361+0000] {processor.py:186} INFO - Started process (PID=910) to work on /home/airflow/.local/lib/python3.12/site-packages/airflow/example_dags/example_branch_python_dop_operator_3.py
[2025-04-25T10:48:09.362+0000] {processor.py:914} INFO - Processing file /home/airflow/.local/lib/python3.12/site-packages/airflow/example_dags/example_branch_python_dop_operator_3.py for tasks to queue
[2025-04-25T10:48:09.364+0000] {logging_mixin.py:190} INFO - [2025-04-25T10:48:09.364+0000] {dagbag.py:588} INFO - Filling up the DagBag from /home/airflow/.local/lib/python3.12/site-packages/airflow/example_dags/example_branch_python_dop_operator_3.py
[2025-04-25T10:48:09.377+0000] {processor.py:925} INFO - DAG(s) 'example_branch_dop_operator_v3' retrieved from /home/airflow/.local/lib/python3.12/site-packages/airflow/example_dags/example_branch_python_dop_operator_3.py
[2025-04-25T10:48:09.395+0000] {logging_mixin.py:190} INFO - [2025-04-25T10:48:09.395+0000] {dag.py:3239} INFO - Sync 1 DAGs
[2025-04-25T10:48:09.411+0000] {logging_mixin.py:190} INFO - [2025-04-25T10:48:09.411+0000] {dag.py:4180} INFO - Setting next_dagrun for example_branch_dop_operator_v3 to 2025-04-25 10:47:00+00:00, run_after=2025-04-25 10:48:00+00:00
[2025-04-25T10:48:09.428+0000] {processor.py:208} INFO - Processing /home/airflow/.local/lib/python3.12/site-packages/airflow/example_dags/example_branch_python_dop_operator_3.py took 0.070 seconds
[2025-04-25T10:48:40.329+0000] {processor.py:186} INFO - Started process (PID=973) to work on /home/airflow/.local/lib/python3.12/site-packages/airflow/example_dags/example_branch_python_dop_operator_3.py
[2025-04-25T10:48:40.334+0000] {processor.py:914} INFO - Processing file /home/airflow/.local/lib/python3.12/site-packages/airflow/example_dags/example_branch_python_dop_operator_3.py for tasks to queue
[2025-04-25T10:48:40.351+0000] {logging_mixin.py:190} INFO - [2025-04-25T10:48:40.351+0000] {dagbag.py:588} INFO - Filling up the DagBag from /home/airflow/.local/lib/python3.12/site-packages/airflow/example_dags/example_branch_python_dop_operator_3.py
[2025-04-25T10:48:40.371+0000] {processor.py:925} INFO - DAG(s) 'example_branch_dop_operator_v3' retrieved from /home/airflow/.local/lib/python3.12/site-packages/airflow/example_dags/example_branch_python_dop_operator_3.py
[2025-04-25T10:48:40.391+0000] {logging_mixin.py:190} INFO - [2025-04-25T10:48:40.391+0000] {dag.py:3239} INFO - Sync 1 DAGs
[2025-04-25T10:48:40.405+0000] {logging_mixin.py:190} INFO - [2025-04-25T10:48:40.405+0000] {dag.py:4180} INFO - Setting next_dagrun for example_branch_dop_operator_v3 to 2025-04-25 10:47:00+00:00, run_after=2025-04-25 10:48:00+00:00
[2025-04-25T10:48:40.414+0000] {processor.py:208} INFO - Processing /home/airflow/.local/lib/python3.12/site-packages/airflow/example_dags/example_branch_python_dop_operator_3.py took 0.096 seconds
[2025-04-25T10:49:11.845+0000] {processor.py:186} INFO - Started process (PID=1036) to work on /home/airflow/.local/lib/python3.12/site-packages/airflow/example_dags/example_branch_python_dop_operator_3.py
[2025-04-25T10:49:11.846+0000] {processor.py:914} INFO - Processing file /home/airflow/.local/lib/python3.12/site-packages/airflow/example_dags/example_branch_python_dop_operator_3.py for tasks to queue
[2025-04-25T10:49:11.847+0000] {logging_mixin.py:190} INFO - [2025-04-25T10:49:11.847+0000] {dagbag.py:588} INFO - Filling up the DagBag from /home/airflow/.local/lib/python3.12/site-packages/airflow/example_dags/example_branch_python_dop_operator_3.py
[2025-04-25T10:49:11.854+0000] {processor.py:925} INFO - DAG(s) 'example_branch_dop_operator_v3' retrieved from /home/airflow/.local/lib/python3.12/site-packages/airflow/example_dags/example_branch_python_dop_operator_3.py
[2025-04-25T10:49:11.863+0000] {logging_mixin.py:190} INFO - [2025-04-25T10:49:11.863+0000] {dag.py:3239} INFO - Sync 1 DAGs
[2025-04-25T10:49:11.875+0000] {logging_mixin.py:190} INFO - [2025-04-25T10:49:11.875+0000] {dag.py:4180} INFO - Setting next_dagrun for example_branch_dop_operator_v3 to 2025-04-25 10:48:00+00:00, run_after=2025-04-25 10:49:00+00:00
[2025-04-25T10:49:11.883+0000] {processor.py:208} INFO - Processing /home/airflow/.local/lib/python3.12/site-packages/airflow/example_dags/example_branch_python_dop_operator_3.py took 0.042 seconds
[2025-04-25T10:49:43.629+0000] {processor.py:186} INFO - Started process (PID=1099) to work on /home/airflow/.local/lib/python3.12/site-packages/airflow/example_dags/example_branch_python_dop_operator_3.py
[2025-04-25T10:49:43.630+0000] {processor.py:914} INFO - Processing file /home/airflow/.local/lib/python3.12/site-packages/airflow/example_dags/example_branch_python_dop_operator_3.py for tasks to queue
[2025-04-25T10:49:43.631+0000] {logging_mixin.py:190} INFO - [2025-04-25T10:49:43.631+0000] {dagbag.py:588} INFO - Filling up the DagBag from /home/airflow/.local/lib/python3.12/site-packages/airflow/example_dags/example_branch_python_dop_operator_3.py
[2025-04-25T10:49:43.637+0000] {processor.py:925} INFO - DAG(s) 'example_branch_dop_operator_v3' retrieved from /home/airflow/.local/lib/python3.12/site-packages/airflow/example_dags/example_branch_python_dop_operator_3.py
[2025-04-25T10:49:43.649+0000] {logging_mixin.py:190} INFO - [2025-04-25T10:49:43.649+0000] {dag.py:3239} INFO - Sync 1 DAGs
[2025-04-25T10:49:43.664+0000] {logging_mixin.py:190} INFO - [2025-04-25T10:49:43.664+0000] {dag.py:4180} INFO - Setting next_dagrun for example_branch_dop_operator_v3 to 2025-04-25 10:48:00+00:00, run_after=2025-04-25 10:49:00+00:00
[2025-04-25T10:49:43.675+0000] {processor.py:208} INFO - Processing /home/airflow/.local/lib/python3.12/site-packages/airflow/example_dags/example_branch_python_dop_operator_3.py took 0.049 seconds
[2025-04-25T10:50:29.335+0000] {processor.py:186} INFO - Started process (PID=1175) to work on /home/airflow/.local/lib/python3.12/site-packages/airflow/example_dags/example_branch_python_dop_operator_3.py
[2025-04-25T10:50:29.336+0000] {processor.py:914} INFO - Processing file /home/airflow/.local/lib/python3.12/site-packages/airflow/example_dags/example_branch_python_dop_operator_3.py for tasks to queue
[2025-04-25T10:50:29.338+0000] {logging_mixin.py:190} INFO - [2025-04-25T10:50:29.338+0000] {dagbag.py:588} INFO - Filling up the DagBag from /home/airflow/.local/lib/python3.12/site-packages/airflow/example_dags/example_branch_python_dop_operator_3.py
[2025-04-25T10:50:29.349+0000] {processor.py:925} INFO - DAG(s) 'example_branch_dop_operator_v3' retrieved from /home/airflow/.local/lib/python3.12/site-packages/airflow/example_dags/example_branch_python_dop_operator_3.py
[2025-04-25T10:50:29.391+0000] {logging_mixin.py:190} INFO - [2025-04-25T10:50:29.391+0000] {dag.py:3239} INFO - Sync 1 DAGs
[2025-04-25T10:50:29.421+0000] {logging_mixin.py:190} INFO - [2025-04-25T10:50:29.420+0000] {dag.py:4180} INFO - Setting next_dagrun for example_branch_dop_operator_v3 to 2025-04-25 10:49:00+00:00, run_after=2025-04-25 10:50:00+00:00
[2025-04-25T10:50:29.748+0000] {processor.py:208} INFO - Processing /home/airflow/.local/lib/python3.12/site-packages/airflow/example_dags/example_branch_python_dop_operator_3.py took 0.417 seconds
[2025-04-25T10:51:00.657+0000] {processor.py:186} INFO - Started process (PID=1238) to work on /home/airflow/.local/lib/python3.12/site-packages/airflow/example_dags/example_branch_python_dop_operator_3.py
[2025-04-25T10:51:00.662+0000] {processor.py:914} INFO - Processing file /home/airflow/.local/lib/python3.12/site-packages/airflow/example_dags/example_branch_python_dop_operator_3.py for tasks to queue
[2025-04-25T10:51:00.667+0000] {logging_mixin.py:190} INFO - [2025-04-25T10:51:00.666+0000] {dagbag.py:588} INFO - Filling up the DagBag from /home/airflow/.local/lib/python3.12/site-packages/airflow/example_dags/example_branch_python_dop_operator_3.py
[2025-04-25T10:51:00.691+0000] {processor.py:925} INFO - DAG(s) 'example_branch_dop_operator_v3' retrieved from /home/airflow/.local/lib/python3.12/site-packages/airflow/example_dags/example_branch_python_dop_operator_3.py
[2025-04-25T10:51:00.723+0000] {logging_mixin.py:190} INFO - [2025-04-25T10:51:00.723+0000] {dag.py:3239} INFO - Sync 1 DAGs
[2025-04-25T10:51:00.756+0000] {logging_mixin.py:190} INFO - [2025-04-25T10:51:00.756+0000] {dag.py:4180} INFO - Setting next_dagrun for example_branch_dop_operator_v3 to 2025-04-25 10:50:00+00:00, run_after=2025-04-25 10:51:00+00:00
[2025-04-25T10:51:00.770+0000] {processor.py:208} INFO - Processing /home/airflow/.local/lib/python3.12/site-packages/airflow/example_dags/example_branch_python_dop_operator_3.py took 0.138 seconds
[2025-04-25T10:51:31.796+0000] {processor.py:186} INFO - Started process (PID=1301) to work on /home/airflow/.local/lib/python3.12/site-packages/airflow/example_dags/example_branch_python_dop_operator_3.py
[2025-04-25T10:51:31.798+0000] {processor.py:914} INFO - Processing file /home/airflow/.local/lib/python3.12/site-packages/airflow/example_dags/example_branch_python_dop_operator_3.py for tasks to queue
[2025-04-25T10:51:31.801+0000] {logging_mixin.py:190} INFO - [2025-04-25T10:51:31.801+0000] {dagbag.py:588} INFO - Filling up the DagBag from /home/airflow/.local/lib/python3.12/site-packages/airflow/example_dags/example_branch_python_dop_operator_3.py
[2025-04-25T10:51:31.812+0000] {processor.py:925} INFO - DAG(s) 'example_branch_dop_operator_v3' retrieved from /home/airflow/.local/lib/python3.12/site-packages/airflow/example_dags/example_branch_python_dop_operator_3.py
[2025-04-25T10:51:31.844+0000] {logging_mixin.py:190} INFO - [2025-04-25T10:51:31.843+0000] {dag.py:3239} INFO - Sync 1 DAGs
[2025-04-25T10:51:31.876+0000] {logging_mixin.py:190} INFO - [2025-04-25T10:51:31.876+0000] {dag.py:4180} INFO - Setting next_dagrun for example_branch_dop_operator_v3 to 2025-04-25 10:50:00+00:00, run_after=2025-04-25 10:51:00+00:00
[2025-04-25T10:51:31.884+0000] {processor.py:208} INFO - Processing /home/airflow/.local/lib/python3.12/site-packages/airflow/example_dags/example_branch_python_dop_operator_3.py took 0.095 seconds
[2025-04-25T10:52:02.891+0000] {processor.py:186} INFO - Started process (PID=1364) to work on /home/airflow/.local/lib/python3.12/site-packages/airflow/example_dags/example_branch_python_dop_operator_3.py
[2025-04-25T10:52:02.893+0000] {processor.py:914} INFO - Processing file /home/airflow/.local/lib/python3.12/site-packages/airflow/example_dags/example_branch_python_dop_operator_3.py for tasks to queue
[2025-04-25T10:52:02.894+0000] {logging_mixin.py:190} INFO - [2025-04-25T10:52:02.894+0000] {dagbag.py:588} INFO - Filling up the DagBag from /home/airflow/.local/lib/python3.12/site-packages/airflow/example_dags/example_branch_python_dop_operator_3.py
[2025-04-25T10:52:02.904+0000] {processor.py:925} INFO - DAG(s) 'example_branch_dop_operator_v3' retrieved from /home/airflow/.local/lib/python3.12/site-packages/airflow/example_dags/example_branch_python_dop_operator_3.py
[2025-04-25T10:52:02.916+0000] {logging_mixin.py:190} INFO - [2025-04-25T10:52:02.916+0000] {dag.py:3239} INFO - Sync 1 DAGs
[2025-04-25T10:52:02.927+0000] {logging_mixin.py:190} INFO - [2025-04-25T10:52:02.927+0000] {dag.py:4180} INFO - Setting next_dagrun for example_branch_dop_operator_v3 to 2025-04-25 10:51:00+00:00, run_after=2025-04-25 10:52:00+00:00
[2025-04-25T10:52:02.935+0000] {processor.py:208} INFO - Processing /home/airflow/.local/lib/python3.12/site-packages/airflow/example_dags/example_branch_python_dop_operator_3.py took 0.047 seconds
[2025-04-25T10:52:34.542+0000] {processor.py:186} INFO - Started process (PID=1427) to work on /home/airflow/.local/lib/python3.12/site-packages/airflow/example_dags/example_branch_python_dop_operator_3.py
[2025-04-25T10:52:34.543+0000] {processor.py:914} INFO - Processing file /home/airflow/.local/lib/python3.12/site-packages/airflow/example_dags/example_branch_python_dop_operator_3.py for tasks to queue
[2025-04-25T10:52:34.545+0000] {logging_mixin.py:190} INFO - [2025-04-25T10:52:34.544+0000] {dagbag.py:588} INFO - Filling up the DagBag from /home/airflow/.local/lib/python3.12/site-packages/airflow/example_dags/example_branch_python_dop_operator_3.py
[2025-04-25T10:52:34.553+0000] {processor.py:925} INFO - DAG(s) 'example_branch_dop_operator_v3' retrieved from /home/airflow/.local/lib/python3.12/site-packages/airflow/example_dags/example_branch_python_dop_operator_3.py
[2025-04-25T10:52:34.594+0000] {logging_mixin.py:190} INFO - [2025-04-25T10:52:34.594+0000] {dag.py:3239} INFO - Sync 1 DAGs
[2025-04-25T10:52:34.609+0000] {logging_mixin.py:190} INFO - [2025-04-25T10:52:34.609+0000] {dag.py:4180} INFO - Setting next_dagrun for example_branch_dop_operator_v3 to 2025-04-25 10:51:00+00:00, run_after=2025-04-25 10:52:00+00:00
[2025-04-25T10:52:34.622+0000] {processor.py:208} INFO - Processing /home/airflow/.local/lib/python3.12/site-packages/airflow/example_dags/example_branch_python_dop_operator_3.py took 0.084 seconds
[2025-04-25T10:53:05.142+0000] {processor.py:186} INFO - Started process (PID=1490) to work on /home/airflow/.local/lib/python3.12/site-packages/airflow/example_dags/example_branch_python_dop_operator_3.py
[2025-04-25T10:53:05.144+0000] {processor.py:914} INFO - Processing file /home/airflow/.local/lib/python3.12/site-packages/airflow/example_dags/example_branch_python_dop_operator_3.py for tasks to queue
[2025-04-25T10:53:05.147+0000] {logging_mixin.py:190} INFO - [2025-04-25T10:53:05.147+0000] {dagbag.py:588} INFO - Filling up the DagBag from /home/airflow/.local/lib/python3.12/site-packages/airflow/example_dags/example_branch_python_dop_operator_3.py
[2025-04-25T10:53:05.159+0000] {processor.py:925} INFO - DAG(s) 'example_branch_dop_operator_v3' retrieved from /home/airflow/.local/lib/python3.12/site-packages/airflow/example_dags/example_branch_python_dop_operator_3.py
[2025-04-25T10:53:05.174+0000] {logging_mixin.py:190} INFO - [2025-04-25T10:53:05.174+0000] {dag.py:3239} INFO - Sync 1 DAGs
[2025-04-25T10:53:05.193+0000] {logging_mixin.py:190} INFO - [2025-04-25T10:53:05.192+0000] {dag.py:4180} INFO - Setting next_dagrun for example_branch_dop_operator_v3 to 2025-04-25 10:52:00+00:00, run_after=2025-04-25 10:53:00+00:00
[2025-04-25T10:53:05.208+0000] {processor.py:208} INFO - Processing /home/airflow/.local/lib/python3.12/site-packages/airflow/example_dags/example_branch_python_dop_operator_3.py took 0.070 seconds
[2025-04-25T10:53:37.588+0000] {processor.py:186} INFO - Started process (PID=1553) to work on /home/airflow/.local/lib/python3.12/site-packages/airflow/example_dags/example_branch_python_dop_operator_3.py
[2025-04-25T10:53:37.589+0000] {processor.py:914} INFO - Processing file /home/airflow/.local/lib/python3.12/site-packages/airflow/example_dags/example_branch_python_dop_operator_3.py for tasks to queue
[2025-04-25T10:53:37.590+0000] {logging_mixin.py:190} INFO - [2025-04-25T10:53:37.590+0000] {dagbag.py:588} INFO - Filling up the DagBag from /home/airflow/.local/lib/python3.12/site-packages/airflow/example_dags/example_branch_python_dop_operator_3.py
[2025-04-25T10:53:37.596+0000] {processor.py:925} INFO - DAG(s) 'example_branch_dop_operator_v3' retrieved from /home/airflow/.local/lib/python3.12/site-packages/airflow/example_dags/example_branch_python_dop_operator_3.py
[2025-04-25T10:53:37.613+0000] {logging_mixin.py:190} INFO - [2025-04-25T10:53:37.613+0000] {dag.py:3239} INFO - Sync 1 DAGs
[2025-04-25T10:53:37.631+0000] {logging_mixin.py:190} INFO - [2025-04-25T10:53:37.631+0000] {dag.py:4180} INFO - Setting next_dagrun for example_branch_dop_operator_v3 to 2025-04-25 10:52:00+00:00, run_after=2025-04-25 10:53:00+00:00
[2025-04-25T10:53:37.645+0000] {processor.py:208} INFO - Processing /home/airflow/.local/lib/python3.12/site-packages/airflow/example_dags/example_branch_python_dop_operator_3.py took 0.060 seconds
[2025-04-25T10:54:09.079+0000] {processor.py:186} INFO - Started process (PID=1616) to work on /home/airflow/.local/lib/python3.12/site-packages/airflow/example_dags/example_branch_python_dop_operator_3.py
[2025-04-25T10:54:09.082+0000] {processor.py:914} INFO - Processing file /home/airflow/.local/lib/python3.12/site-packages/airflow/example_dags/example_branch_python_dop_operator_3.py for tasks to queue
[2025-04-25T10:54:09.083+0000] {logging_mixin.py:190} INFO - [2025-04-25T10:54:09.083+0000] {dagbag.py:588} INFO - Filling up the DagBag from /home/airflow/.local/lib/python3.12/site-packages/airflow/example_dags/example_branch_python_dop_operator_3.py
[2025-04-25T10:54:09.093+0000] {processor.py:925} INFO - DAG(s) 'example_branch_dop_operator_v3' retrieved from /home/airflow/.local/lib/python3.12/site-packages/airflow/example_dags/example_branch_python_dop_operator_3.py
[2025-04-25T10:54:09.119+0000] {logging_mixin.py:190} INFO - [2025-04-25T10:54:09.118+0000] {dag.py:3239} INFO - Sync 1 DAGs
[2025-04-25T10:54:09.163+0000] {logging_mixin.py:190} INFO - [2025-04-25T10:54:09.163+0000] {dag.py:4180} INFO - Setting next_dagrun for example_branch_dop_operator_v3 to 2025-04-25 10:53:00+00:00, run_after=2025-04-25 10:54:00+00:00
[2025-04-25T10:54:09.176+0000] {processor.py:208} INFO - Processing /home/airflow/.local/lib/python3.12/site-packages/airflow/example_dags/example_branch_python_dop_operator_3.py took 0.099 seconds
[2025-04-25T10:54:40.112+0000] {processor.py:186} INFO - Started process (PID=1679) to work on /home/airflow/.local/lib/python3.12/site-packages/airflow/example_dags/example_branch_python_dop_operator_3.py
[2025-04-25T10:54:40.113+0000] {processor.py:914} INFO - Processing file /home/airflow/.local/lib/python3.12/site-packages/airflow/example_dags/example_branch_python_dop_operator_3.py for tasks to queue
[2025-04-25T10:54:40.115+0000] {logging_mixin.py:190} INFO - [2025-04-25T10:54:40.115+0000] {dagbag.py:588} INFO - Filling up the DagBag from /home/airflow/.local/lib/python3.12/site-packages/airflow/example_dags/example_branch_python_dop_operator_3.py
[2025-04-25T10:54:40.121+0000] {processor.py:925} INFO - DAG(s) 'example_branch_dop_operator_v3' retrieved from /home/airflow/.local/lib/python3.12/site-packages/airflow/example_dags/example_branch_python_dop_operator_3.py
[2025-04-25T10:54:40.137+0000] {logging_mixin.py:190} INFO - [2025-04-25T10:54:40.137+0000] {dag.py:3239} INFO - Sync 1 DAGs
[2025-04-25T10:54:40.150+0000] {logging_mixin.py:190} INFO - [2025-04-25T10:54:40.150+0000] {dag.py:4180} INFO - Setting next_dagrun for example_branch_dop_operator_v3 to 2025-04-25 10:53:00+00:00, run_after=2025-04-25 10:54:00+00:00
[2025-04-25T10:54:40.158+0000] {processor.py:208} INFO - Processing /home/airflow/.local/lib/python3.12/site-packages/airflow/example_dags/example_branch_python_dop_operator_3.py took 0.049 seconds
[2025-04-25T10:55:11.267+0000] {processor.py:186} INFO - Started process (PID=1742) to work on /home/airflow/.local/lib/python3.12/site-packages/airflow/example_dags/example_branch_python_dop_operator_3.py
[2025-04-25T10:55:11.267+0000] {processor.py:914} INFO - Processing file /home/airflow/.local/lib/python3.12/site-packages/airflow/example_dags/example_branch_python_dop_operator_3.py for tasks to queue
[2025-04-25T10:55:11.270+0000] {logging_mixin.py:190} INFO - [2025-04-25T10:55:11.270+0000] {dagbag.py:588} INFO - Filling up the DagBag from /home/airflow/.local/lib/python3.12/site-packages/airflow/example_dags/example_branch_python_dop_operator_3.py
[2025-04-25T10:55:11.276+0000] {processor.py:925} INFO - DAG(s) 'example_branch_dop_operator_v3' retrieved from /home/airflow/.local/lib/python3.12/site-packages/airflow/example_dags/example_branch_python_dop_operator_3.py
[2025-04-25T10:55:11.286+0000] {logging_mixin.py:190} INFO - [2025-04-25T10:55:11.286+0000] {dag.py:3239} INFO - Sync 1 DAGs
[2025-04-25T10:55:11.302+0000] {logging_mixin.py:190} INFO - [2025-04-25T10:55:11.302+0000] {dag.py:4180} INFO - Setting next_dagrun for example_branch_dop_operator_v3 to 2025-04-25 10:54:00+00:00, run_after=2025-04-25 10:55:00+00:00
[2025-04-25T10:55:11.309+0000] {processor.py:208} INFO - Processing /home/airflow/.local/lib/python3.12/site-packages/airflow/example_dags/example_branch_python_dop_operator_3.py took 0.045 seconds
[2025-04-25T10:55:42.138+0000] {processor.py:186} INFO - Started process (PID=1805) to work on /home/airflow/.local/lib/python3.12/site-packages/airflow/example_dags/example_branch_python_dop_operator_3.py
[2025-04-25T10:55:42.139+0000] {processor.py:914} INFO - Processing file /home/airflow/.local/lib/python3.12/site-packages/airflow/example_dags/example_branch_python_dop_operator_3.py for tasks to queue
[2025-04-25T10:55:42.140+0000] {logging_mixin.py:190} INFO - [2025-04-25T10:55:42.140+0000] {dagbag.py:588} INFO - Filling up the DagBag from /home/airflow/.local/lib/python3.12/site-packages/airflow/example_dags/example_branch_python_dop_operator_3.py
[2025-04-25T10:55:42.145+0000] {processor.py:925} INFO - DAG(s) 'example_branch_dop_operator_v3' retrieved from /home/airflow/.local/lib/python3.12/site-packages/airflow/example_dags/example_branch_python_dop_operator_3.py
[2025-04-25T10:55:42.156+0000] {logging_mixin.py:190} INFO - [2025-04-25T10:55:42.156+0000] {dag.py:3239} INFO - Sync 1 DAGs
[2025-04-25T10:55:42.170+0000] {logging_mixin.py:190} INFO - [2025-04-25T10:55:42.170+0000] {dag.py:4180} INFO - Setting next_dagrun for example_branch_dop_operator_v3 to 2025-04-25 10:54:00+00:00, run_after=2025-04-25 10:55:00+00:00
[2025-04-25T10:55:42.184+0000] {processor.py:208} INFO - Processing /home/airflow/.local/lib/python3.12/site-packages/airflow/example_dags/example_branch_python_dop_operator_3.py took 0.049 seconds
[2025-04-25T10:56:13.718+0000] {processor.py:186} INFO - Started process (PID=1868) to work on /home/airflow/.local/lib/python3.12/site-packages/airflow/example_dags/example_branch_python_dop_operator_3.py
[2025-04-25T10:56:13.718+0000] {processor.py:914} INFO - Processing file /home/airflow/.local/lib/python3.12/site-packages/airflow/example_dags/example_branch_python_dop_operator_3.py for tasks to queue
[2025-04-25T10:56:13.719+0000] {logging_mixin.py:190} INFO - [2025-04-25T10:56:13.719+0000] {dagbag.py:588} INFO - Filling up the DagBag from /home/airflow/.local/lib/python3.12/site-packages/airflow/example_dags/example_branch_python_dop_operator_3.py
[2025-04-25T10:56:13.725+0000] {processor.py:925} INFO - DAG(s) 'example_branch_dop_operator_v3' retrieved from /home/airflow/.local/lib/python3.12/site-packages/airflow/example_dags/example_branch_python_dop_operator_3.py
[2025-04-25T10:56:13.738+0000] {logging_mixin.py:190} INFO - [2025-04-25T10:56:13.738+0000] {dag.py:3239} INFO - Sync 1 DAGs
[2025-04-25T10:56:13.751+0000] {logging_mixin.py:190} INFO - [2025-04-25T10:56:13.751+0000] {dag.py:4180} INFO - Setting next_dagrun for example_branch_dop_operator_v3 to 2025-04-25 10:55:00+00:00, run_after=2025-04-25 10:56:00+00:00
[2025-04-25T10:56:13.763+0000] {processor.py:208} INFO - Processing /home/airflow/.local/lib/python3.12/site-packages/airflow/example_dags/example_branch_python_dop_operator_3.py took 0.048 seconds
[2025-04-25T10:56:44.910+0000] {processor.py:186} INFO - Started process (PID=1931) to work on /home/airflow/.local/lib/python3.12/site-packages/airflow/example_dags/example_branch_python_dop_operator_3.py
[2025-04-25T10:56:44.911+0000] {processor.py:914} INFO - Processing file /home/airflow/.local/lib/python3.12/site-packages/airflow/example_dags/example_branch_python_dop_operator_3.py for tasks to queue
[2025-04-25T10:56:44.912+0000] {logging_mixin.py:190} INFO - [2025-04-25T10:56:44.912+0000] {dagbag.py:588} INFO - Filling up the DagBag from /home/airflow/.local/lib/python3.12/site-packages/airflow/example_dags/example_branch_python_dop_operator_3.py
[2025-04-25T10:56:44.917+0000] {processor.py:925} INFO - DAG(s) 'example_branch_dop_operator_v3' retrieved from /home/airflow/.local/lib/python3.12/site-packages/airflow/example_dags/example_branch_python_dop_operator_3.py
[2025-04-25T10:56:44.925+0000] {logging_mixin.py:190} INFO - [2025-04-25T10:56:44.925+0000] {dag.py:3239} INFO - Sync 1 DAGs
[2025-04-25T10:56:44.939+0000] {logging_mixin.py:190} INFO - [2025-04-25T10:56:44.939+0000] {dag.py:4180} INFO - Setting next_dagrun for example_branch_dop_operator_v3 to 2025-04-25 10:55:00+00:00, run_after=2025-04-25 10:56:00+00:00
[2025-04-25T10:56:44.955+0000] {processor.py:208} INFO - Processing /home/airflow/.local/lib/python3.12/site-packages/airflow/example_dags/example_branch_python_dop_operator_3.py took 0.047 seconds
[2025-04-25T10:57:17.248+0000] {processor.py:186} INFO - Started process (PID=1994) to work on /home/airflow/.local/lib/python3.12/site-packages/airflow/example_dags/example_branch_python_dop_operator_3.py
[2025-04-25T10:57:17.248+0000] {processor.py:914} INFO - Processing file /home/airflow/.local/lib/python3.12/site-packages/airflow/example_dags/example_branch_python_dop_operator_3.py for tasks to queue
[2025-04-25T10:57:17.249+0000] {logging_mixin.py:190} INFO - [2025-04-25T10:57:17.249+0000] {dagbag.py:588} INFO - Filling up the DagBag from /home/airflow/.local/lib/python3.12/site-packages/airflow/example_dags/example_branch_python_dop_operator_3.py
[2025-04-25T10:57:17.260+0000] {processor.py:925} INFO - DAG(s) 'example_branch_dop_operator_v3' retrieved from /home/airflow/.local/lib/python3.12/site-packages/airflow/example_dags/example_branch_python_dop_operator_3.py
[2025-04-25T10:57:17.273+0000] {logging_mixin.py:190} INFO - [2025-04-25T10:57:17.273+0000] {dag.py:3239} INFO - Sync 1 DAGs
[2025-04-25T10:57:17.289+0000] {logging_mixin.py:190} INFO - [2025-04-25T10:57:17.289+0000] {dag.py:4180} INFO - Setting next_dagrun for example_branch_dop_operator_v3 to 2025-04-25 10:56:00+00:00, run_after=2025-04-25 10:57:00+00:00
[2025-04-25T10:57:17.337+0000] {processor.py:208} INFO - Processing /home/airflow/.local/lib/python3.12/site-packages/airflow/example_dags/example_branch_python_dop_operator_3.py took 0.093 seconds
[2025-04-25T10:57:49.178+0000] {processor.py:186} INFO - Started process (PID=2057) to work on /home/airflow/.local/lib/python3.12/site-packages/airflow/example_dags/example_branch_python_dop_operator_3.py
[2025-04-25T10:57:49.187+0000] {processor.py:914} INFO - Processing file /home/airflow/.local/lib/python3.12/site-packages/airflow/example_dags/example_branch_python_dop_operator_3.py for tasks to queue
[2025-04-25T10:57:49.201+0000] {logging_mixin.py:190} INFO - [2025-04-25T10:57:49.200+0000] {dagbag.py:588} INFO - Filling up the DagBag from /home/airflow/.local/lib/python3.12/site-packages/airflow/example_dags/example_branch_python_dop_operator_3.py
[2025-04-25T10:57:49.221+0000] {processor.py:925} INFO - DAG(s) 'example_branch_dop_operator_v3' retrieved from /home/airflow/.local/lib/python3.12/site-packages/airflow/example_dags/example_branch_python_dop_operator_3.py
[2025-04-25T10:57:49.289+0000] {logging_mixin.py:190} INFO - [2025-04-25T10:57:49.288+0000] {dag.py:3239} INFO - Sync 1 DAGs
[2025-04-25T10:57:49.373+0000] {logging_mixin.py:190} INFO - [2025-04-25T10:57:49.373+0000] {dag.py:4180} INFO - Setting next_dagrun for example_branch_dop_operator_v3 to 2025-04-25 10:56:00+00:00, run_after=2025-04-25 10:57:00+00:00
[2025-04-25T10:57:49.408+0000] {processor.py:208} INFO - Processing /home/airflow/.local/lib/python3.12/site-packages/airflow/example_dags/example_branch_python_dop_operator_3.py took 0.295 seconds
[2025-04-25T10:58:19.771+0000] {processor.py:186} INFO - Started process (PID=2120) to work on /home/airflow/.local/lib/python3.12/site-packages/airflow/example_dags/example_branch_python_dop_operator_3.py
[2025-04-25T10:58:19.772+0000] {processor.py:914} INFO - Processing file /home/airflow/.local/lib/python3.12/site-packages/airflow/example_dags/example_branch_python_dop_operator_3.py for tasks to queue
[2025-04-25T10:58:19.775+0000] {logging_mixin.py:190} INFO - [2025-04-25T10:58:19.774+0000] {dagbag.py:588} INFO - Filling up the DagBag from /home/airflow/.local/lib/python3.12/site-packages/airflow/example_dags/example_branch_python_dop_operator_3.py
[2025-04-25T10:58:19.791+0000] {processor.py:925} INFO - DAG(s) 'example_branch_dop_operator_v3' retrieved from /home/airflow/.local/lib/python3.12/site-packages/airflow/example_dags/example_branch_python_dop_operator_3.py
[2025-04-25T10:58:19.824+0000] {logging_mixin.py:190} INFO - [2025-04-25T10:58:19.824+0000] {dag.py:3239} INFO - Sync 1 DAGs
[2025-04-25T10:58:19.857+0000] {logging_mixin.py:190} INFO - [2025-04-25T10:58:19.856+0000] {dag.py:4180} INFO - Setting next_dagrun for example_branch_dop_operator_v3 to 2025-04-25 10:57:00+00:00, run_after=2025-04-25 10:58:00+00:00
[2025-04-25T10:58:19.889+0000] {processor.py:208} INFO - Processing /home/airflow/.local/lib/python3.12/site-packages/airflow/example_dags/example_branch_python_dop_operator_3.py took 0.123 seconds
[2025-04-25T10:58:50.083+0000] {processor.py:186} INFO - Started process (PID=2182) to work on /home/airflow/.local/lib/python3.12/site-packages/airflow/example_dags/example_branch_python_dop_operator_3.py
[2025-04-25T10:58:50.084+0000] {processor.py:914} INFO - Processing file /home/airflow/.local/lib/python3.12/site-packages/airflow/example_dags/example_branch_python_dop_operator_3.py for tasks to queue
[2025-04-25T10:58:50.086+0000] {logging_mixin.py:190} INFO - [2025-04-25T10:58:50.086+0000] {dagbag.py:588} INFO - Filling up the DagBag from /home/airflow/.local/lib/python3.12/site-packages/airflow/example_dags/example_branch_python_dop_operator_3.py
[2025-04-25T10:58:50.093+0000] {processor.py:925} INFO - DAG(s) 'example_branch_dop_operator_v3' retrieved from /home/airflow/.local/lib/python3.12/site-packages/airflow/example_dags/example_branch_python_dop_operator_3.py
[2025-04-25T10:58:50.111+0000] {logging_mixin.py:190} INFO - [2025-04-25T10:58:50.110+0000] {dag.py:3239} INFO - Sync 1 DAGs
[2025-04-25T10:58:50.124+0000] {logging_mixin.py:190} INFO - [2025-04-25T10:58:50.124+0000] {dag.py:4180} INFO - Setting next_dagrun for example_branch_dop_operator_v3 to 2025-04-25 10:57:00+00:00, run_after=2025-04-25 10:58:00+00:00
[2025-04-25T10:58:50.133+0000] {processor.py:208} INFO - Processing /home/airflow/.local/lib/python3.12/site-packages/airflow/example_dags/example_branch_python_dop_operator_3.py took 0.055 seconds
[2025-04-25T10:59:20.925+0000] {processor.py:186} INFO - Started process (PID=2245) to work on /home/airflow/.local/lib/python3.12/site-packages/airflow/example_dags/example_branch_python_dop_operator_3.py
[2025-04-25T10:59:20.926+0000] {processor.py:914} INFO - Processing file /home/airflow/.local/lib/python3.12/site-packages/airflow/example_dags/example_branch_python_dop_operator_3.py for tasks to queue
[2025-04-25T10:59:20.927+0000] {logging_mixin.py:190} INFO - [2025-04-25T10:59:20.927+0000] {dagbag.py:588} INFO - Filling up the DagBag from /home/airflow/.local/lib/python3.12/site-packages/airflow/example_dags/example_branch_python_dop_operator_3.py
[2025-04-25T10:59:20.934+0000] {processor.py:925} INFO - DAG(s) 'example_branch_dop_operator_v3' retrieved from /home/airflow/.local/lib/python3.12/site-packages/airflow/example_dags/example_branch_python_dop_operator_3.py
[2025-04-25T10:59:20.945+0000] {logging_mixin.py:190} INFO - [2025-04-25T10:59:20.945+0000] {dag.py:3239} INFO - Sync 1 DAGs
[2025-04-25T10:59:20.972+0000] {logging_mixin.py:190} INFO - [2025-04-25T10:59:20.972+0000] {dag.py:4180} INFO - Setting next_dagrun for example_branch_dop_operator_v3 to 2025-04-25 10:58:00+00:00, run_after=2025-04-25 10:59:00+00:00
[2025-04-25T10:59:20.989+0000] {processor.py:208} INFO - Processing /home/airflow/.local/lib/python3.12/site-packages/airflow/example_dags/example_branch_python_dop_operator_3.py took 0.068 seconds
[2025-04-25T10:59:51.482+0000] {processor.py:186} INFO - Started process (PID=2307) to work on /home/airflow/.local/lib/python3.12/site-packages/airflow/example_dags/example_branch_python_dop_operator_3.py
[2025-04-25T10:59:51.498+0000] {processor.py:914} INFO - Processing file /home/airflow/.local/lib/python3.12/site-packages/airflow/example_dags/example_branch_python_dop_operator_3.py for tasks to queue
[2025-04-25T10:59:51.501+0000] {logging_mixin.py:190} INFO - [2025-04-25T10:59:51.500+0000] {dagbag.py:588} INFO - Filling up the DagBag from /home/airflow/.local/lib/python3.12/site-packages/airflow/example_dags/example_branch_python_dop_operator_3.py
[2025-04-25T10:59:51.521+0000] {processor.py:925} INFO - DAG(s) 'example_branch_dop_operator_v3' retrieved from /home/airflow/.local/lib/python3.12/site-packages/airflow/example_dags/example_branch_python_dop_operator_3.py
[2025-04-25T10:59:51.538+0000] {logging_mixin.py:190} INFO - [2025-04-25T10:59:51.538+0000] {dag.py:3239} INFO - Sync 1 DAGs
[2025-04-25T10:59:51.565+0000] {logging_mixin.py:190} INFO - [2025-04-25T10:59:51.565+0000] {dag.py:4180} INFO - Setting next_dagrun for example_branch_dop_operator_v3 to 2025-04-25 10:58:00+00:00, run_after=2025-04-25 10:59:00+00:00
[2025-04-25T10:59:51.589+0000] {processor.py:208} INFO - Processing /home/airflow/.local/lib/python3.12/site-packages/airflow/example_dags/example_branch_python_dop_operator_3.py took 0.111 seconds
[2025-04-25T11:00:21.885+0000] {processor.py:186} INFO - Started process (PID=2370) to work on /home/airflow/.local/lib/python3.12/site-packages/airflow/example_dags/example_branch_python_dop_operator_3.py
[2025-04-25T11:00:21.888+0000] {processor.py:914} INFO - Processing file /home/airflow/.local/lib/python3.12/site-packages/airflow/example_dags/example_branch_python_dop_operator_3.py for tasks to queue
[2025-04-25T11:00:21.890+0000] {logging_mixin.py:190} INFO - [2025-04-25T11:00:21.890+0000] {dagbag.py:588} INFO - Filling up the DagBag from /home/airflow/.local/lib/python3.12/site-packages/airflow/example_dags/example_branch_python_dop_operator_3.py
[2025-04-25T11:00:21.897+0000] {processor.py:925} INFO - DAG(s) 'example_branch_dop_operator_v3' retrieved from /home/airflow/.local/lib/python3.12/site-packages/airflow/example_dags/example_branch_python_dop_operator_3.py
[2025-04-25T11:00:21.907+0000] {logging_mixin.py:190} INFO - [2025-04-25T11:00:21.906+0000] {dag.py:3239} INFO - Sync 1 DAGs
[2025-04-25T11:00:21.917+0000] {logging_mixin.py:190} INFO - [2025-04-25T11:00:21.917+0000] {dag.py:4180} INFO - Setting next_dagrun for example_branch_dop_operator_v3 to 2025-04-25 10:59:00+00:00, run_after=2025-04-25 11:00:00+00:00
[2025-04-25T11:00:21.924+0000] {processor.py:208} INFO - Processing /home/airflow/.local/lib/python3.12/site-packages/airflow/example_dags/example_branch_python_dop_operator_3.py took 0.044 seconds
[2025-04-25T11:00:52.121+0000] {processor.py:186} INFO - Started process (PID=2433) to work on /home/airflow/.local/lib/python3.12/site-packages/airflow/example_dags/example_branch_python_dop_operator_3.py
[2025-04-25T11:00:52.123+0000] {processor.py:914} INFO - Processing file /home/airflow/.local/lib/python3.12/site-packages/airflow/example_dags/example_branch_python_dop_operator_3.py for tasks to queue
[2025-04-25T11:00:52.126+0000] {logging_mixin.py:190} INFO - [2025-04-25T11:00:52.126+0000] {dagbag.py:588} INFO - Filling up the DagBag from /home/airflow/.local/lib/python3.12/site-packages/airflow/example_dags/example_branch_python_dop_operator_3.py
[2025-04-25T11:00:52.134+0000] {processor.py:925} INFO - DAG(s) 'example_branch_dop_operator_v3' retrieved from /home/airflow/.local/lib/python3.12/site-packages/airflow/example_dags/example_branch_python_dop_operator_3.py
[2025-04-25T11:00:52.145+0000] {logging_mixin.py:190} INFO - [2025-04-25T11:00:52.145+0000] {dag.py:3239} INFO - Sync 1 DAGs
[2025-04-25T11:00:52.156+0000] {logging_mixin.py:190} INFO - [2025-04-25T11:00:52.156+0000] {dag.py:4180} INFO - Setting next_dagrun for example_branch_dop_operator_v3 to 2025-04-25 10:59:00+00:00, run_after=2025-04-25 11:00:00+00:00
[2025-04-25T11:00:52.163+0000] {processor.py:208} INFO - Processing /home/airflow/.local/lib/python3.12/site-packages/airflow/example_dags/example_branch_python_dop_operator_3.py took 0.046 seconds
[2025-04-25T11:01:22.530+0000] {processor.py:186} INFO - Started process (PID=2496) to work on /home/airflow/.local/lib/python3.12/site-packages/airflow/example_dags/example_branch_python_dop_operator_3.py
[2025-04-25T11:01:22.533+0000] {processor.py:914} INFO - Processing file /home/airflow/.local/lib/python3.12/site-packages/airflow/example_dags/example_branch_python_dop_operator_3.py for tasks to queue
[2025-04-25T11:01:22.534+0000] {logging_mixin.py:190} INFO - [2025-04-25T11:01:22.534+0000] {dagbag.py:588} INFO - Filling up the DagBag from /home/airflow/.local/lib/python3.12/site-packages/airflow/example_dags/example_branch_python_dop_operator_3.py
[2025-04-25T11:01:22.541+0000] {processor.py:925} INFO - DAG(s) 'example_branch_dop_operator_v3' retrieved from /home/airflow/.local/lib/python3.12/site-packages/airflow/example_dags/example_branch_python_dop_operator_3.py
[2025-04-25T11:01:22.554+0000] {logging_mixin.py:190} INFO - [2025-04-25T11:01:22.553+0000] {dag.py:3239} INFO - Sync 1 DAGs
[2025-04-25T11:01:22.571+0000] {logging_mixin.py:190} INFO - [2025-04-25T11:01:22.570+0000] {dag.py:4180} INFO - Setting next_dagrun for example_branch_dop_operator_v3 to 2025-04-25 11:00:00+00:00, run_after=2025-04-25 11:01:00+00:00
[2025-04-25T11:01:22.584+0000] {processor.py:208} INFO - Processing /home/airflow/.local/lib/python3.12/site-packages/airflow/example_dags/example_branch_python_dop_operator_3.py took 0.058 seconds
[2025-04-25T11:01:52.697+0000] {processor.py:186} INFO - Started process (PID=2558) to work on /home/airflow/.local/lib/python3.12/site-packages/airflow/example_dags/example_branch_python_dop_operator_3.py
[2025-04-25T11:01:52.698+0000] {processor.py:914} INFO - Processing file /home/airflow/.local/lib/python3.12/site-packages/airflow/example_dags/example_branch_python_dop_operator_3.py for tasks to queue
[2025-04-25T11:01:52.699+0000] {logging_mixin.py:190} INFO - [2025-04-25T11:01:52.699+0000] {dagbag.py:588} INFO - Filling up the DagBag from /home/airflow/.local/lib/python3.12/site-packages/airflow/example_dags/example_branch_python_dop_operator_3.py
[2025-04-25T11:01:52.704+0000] {processor.py:925} INFO - DAG(s) 'example_branch_dop_operator_v3' retrieved from /home/airflow/.local/lib/python3.12/site-packages/airflow/example_dags/example_branch_python_dop_operator_3.py
[2025-04-25T11:01:52.717+0000] {logging_mixin.py:190} INFO - [2025-04-25T11:01:52.717+0000] {dag.py:3239} INFO - Sync 1 DAGs
[2025-04-25T11:01:52.730+0000] {logging_mixin.py:190} INFO - [2025-04-25T11:01:52.730+0000] {dag.py:4180} INFO - Setting next_dagrun for example_branch_dop_operator_v3 to 2025-04-25 11:00:00+00:00, run_after=2025-04-25 11:01:00+00:00
[2025-04-25T11:01:52.738+0000] {processor.py:208} INFO - Processing /home/airflow/.local/lib/python3.12/site-packages/airflow/example_dags/example_branch_python_dop_operator_3.py took 0.044 seconds
[2025-04-25T11:02:23.425+0000] {processor.py:186} INFO - Started process (PID=2621) to work on /home/airflow/.local/lib/python3.12/site-packages/airflow/example_dags/example_branch_python_dop_operator_3.py
[2025-04-25T11:02:23.427+0000] {processor.py:914} INFO - Processing file /home/airflow/.local/lib/python3.12/site-packages/airflow/example_dags/example_branch_python_dop_operator_3.py for tasks to queue
[2025-04-25T11:02:23.428+0000] {logging_mixin.py:190} INFO - [2025-04-25T11:02:23.428+0000] {dagbag.py:588} INFO - Filling up the DagBag from /home/airflow/.local/lib/python3.12/site-packages/airflow/example_dags/example_branch_python_dop_operator_3.py
[2025-04-25T11:02:23.438+0000] {processor.py:925} INFO - DAG(s) 'example_branch_dop_operator_v3' retrieved from /home/airflow/.local/lib/python3.12/site-packages/airflow/example_dags/example_branch_python_dop_operator_3.py
[2025-04-25T11:02:23.449+0000] {logging_mixin.py:190} INFO - [2025-04-25T11:02:23.449+0000] {dag.py:3239} INFO - Sync 1 DAGs
[2025-04-25T11:02:23.461+0000] {logging_mixin.py:190} INFO - [2025-04-25T11:02:23.461+0000] {dag.py:4180} INFO - Setting next_dagrun for example_branch_dop_operator_v3 to 2025-04-25 11:01:00+00:00, run_after=2025-04-25 11:02:00+00:00
[2025-04-25T11:02:23.467+0000] {processor.py:208} INFO - Processing /home/airflow/.local/lib/python3.12/site-packages/airflow/example_dags/example_branch_python_dop_operator_3.py took 0.045 seconds
[2025-04-25T11:03:05.190+0000] {processor.py:186} INFO - Started process (PID=2688) to work on /home/airflow/.local/lib/python3.12/site-packages/airflow/example_dags/example_branch_python_dop_operator_3.py
[2025-04-25T11:03:05.222+0000] {processor.py:914} INFO - Processing file /home/airflow/.local/lib/python3.12/site-packages/airflow/example_dags/example_branch_python_dop_operator_3.py for tasks to queue
[2025-04-25T11:03:05.275+0000] {logging_mixin.py:190} INFO - [2025-04-25T11:03:05.273+0000] {dagbag.py:588} INFO - Filling up the DagBag from /home/airflow/.local/lib/python3.12/site-packages/airflow/example_dags/example_branch_python_dop_operator_3.py
[2025-04-25T11:03:05.486+0000] {processor.py:925} INFO - DAG(s) 'example_branch_dop_operator_v3' retrieved from /home/airflow/.local/lib/python3.12/site-packages/airflow/example_dags/example_branch_python_dop_operator_3.py
[2025-04-25T11:03:05.780+0000] {logging_mixin.py:190} INFO - [2025-04-25T11:03:05.777+0000] {dag.py:3239} INFO - Sync 1 DAGs
[2025-04-25T11:03:05.923+0000] {logging_mixin.py:190} INFO - [2025-04-25T11:03:05.921+0000] {dag.py:4180} INFO - Setting next_dagrun for example_branch_dop_operator_v3 to 2025-04-25 11:02:00+00:00, run_after=2025-04-25 11:03:00+00:00
[2025-04-25T11:03:06.096+0000] {processor.py:208} INFO - Processing /home/airflow/.local/lib/python3.12/site-packages/airflow/example_dags/example_branch_python_dop_operator_3.py took 0.971 seconds
[2025-04-25T11:10:14.436+0000] {processor.py:186} INFO - Started process (PID=2792) to work on /home/airflow/.local/lib/python3.12/site-packages/airflow/example_dags/example_branch_python_dop_operator_3.py
[2025-04-25T11:10:14.603+0000] {processor.py:914} INFO - Processing file /home/airflow/.local/lib/python3.12/site-packages/airflow/example_dags/example_branch_python_dop_operator_3.py for tasks to queue
[2025-04-25T11:10:14.751+0000] {logging_mixin.py:190} INFO - [2025-04-25T11:10:14.725+0000] {dagbag.py:588} INFO - Filling up the DagBag from /home/airflow/.local/lib/python3.12/site-packages/airflow/example_dags/example_branch_python_dop_operator_3.py
[2025-04-25T11:10:16.062+0000] {processor.py:925} INFO - DAG(s) 'example_branch_dop_operator_v3' retrieved from /home/airflow/.local/lib/python3.12/site-packages/airflow/example_dags/example_branch_python_dop_operator_3.py
[2025-04-25T11:10:18.765+0000] {logging_mixin.py:190} INFO - [2025-04-25T11:10:18.709+0000] {dag.py:3239} INFO - Sync 1 DAGs
[2025-04-25T11:10:20.265+0000] {logging_mixin.py:190} INFO - [2025-04-25T11:10:20.192+0000] {dag.py:4180} INFO - Setting next_dagrun for example_branch_dop_operator_v3 to 2025-04-25 11:09:00+00:00, run_after=2025-04-25 11:10:00+00:00
[2025-04-25T11:10:21.858+0000] {processor.py:208} INFO - Processing /home/airflow/.local/lib/python3.12/site-packages/airflow/example_dags/example_branch_python_dop_operator_3.py took 8.989 seconds
[2025-04-25T11:14:24.120+0000] {processor.py:186} INFO - Started process (PID=2869) to work on /home/airflow/.local/lib/python3.12/site-packages/airflow/example_dags/example_branch_python_dop_operator_3.py
[2025-04-25T11:14:24.141+0000] {processor.py:914} INFO - Processing file /home/airflow/.local/lib/python3.12/site-packages/airflow/example_dags/example_branch_python_dop_operator_3.py for tasks to queue
[2025-04-25T11:14:24.168+0000] {logging_mixin.py:190} INFO - [2025-04-25T11:14:24.149+0000] {dagbag.py:588} INFO - Filling up the DagBag from /home/airflow/.local/lib/python3.12/site-packages/airflow/example_dags/example_branch_python_dop_operator_3.py
[2025-04-25T11:14:24.470+0000] {processor.py:925} INFO - DAG(s) 'example_branch_dop_operator_v3' retrieved from /home/airflow/.local/lib/python3.12/site-packages/airflow/example_dags/example_branch_python_dop_operator_3.py
[2025-04-25T11:14:25.372+0000] {logging_mixin.py:190} INFO - [2025-04-25T11:14:25.367+0000] {dag.py:3239} INFO - Sync 1 DAGs
[2025-04-25T11:14:26.140+0000] {logging_mixin.py:190} INFO - [2025-04-25T11:14:26.133+0000] {dag.py:4180} INFO - Setting next_dagrun for example_branch_dop_operator_v3 to 2025-04-25 11:13:00+00:00, run_after=2025-04-25 11:14:00+00:00
[2025-04-25T11:14:26.533+0000] {processor.py:208} INFO - Processing /home/airflow/.local/lib/python3.12/site-packages/airflow/example_dags/example_branch_python_dop_operator_3.py took 2.466 seconds
[2025-04-25T11:19:04.727+0000] {processor.py:186} INFO - Started process (PID=2959) to work on /home/airflow/.local/lib/python3.12/site-packages/airflow/example_dags/example_branch_python_dop_operator_3.py
[2025-04-25T11:19:04.826+0000] {processor.py:914} INFO - Processing file /home/airflow/.local/lib/python3.12/site-packages/airflow/example_dags/example_branch_python_dop_operator_3.py for tasks to queue
[2025-04-25T11:19:04.945+0000] {logging_mixin.py:190} INFO - [2025-04-25T11:19:04.893+0000] {dagbag.py:588} INFO - Filling up the DagBag from /home/airflow/.local/lib/python3.12/site-packages/airflow/example_dags/example_branch_python_dop_operator_3.py
[2025-04-25T11:19:05.584+0000] {processor.py:925} INFO - DAG(s) 'example_branch_dop_operator_v3' retrieved from /home/airflow/.local/lib/python3.12/site-packages/airflow/example_dags/example_branch_python_dop_operator_3.py
[2025-04-25T11:19:07.754+0000] {logging_mixin.py:190} INFO - [2025-04-25T11:19:07.677+0000] {dag.py:3239} INFO - Sync 1 DAGs
[2025-04-25T11:19:09.855+0000] {logging_mixin.py:190} INFO - [2025-04-25T11:19:09.849+0000] {dag.py:4180} INFO - Setting next_dagrun for example_branch_dop_operator_v3 to 2025-04-25 11:18:00+00:00, run_after=2025-04-25 11:19:00+00:00
[2025-04-25T11:19:10.056+0000] {processor.py:208} INFO - Processing /home/airflow/.local/lib/python3.12/site-packages/airflow/example_dags/example_branch_python_dop_operator_3.py took 6.058 seconds
[2025-04-25T11:21:00.407+0000] {processor.py:186} INFO - Started process (PID=3031) to work on /home/airflow/.local/lib/python3.12/site-packages/airflow/example_dags/example_branch_python_dop_operator_3.py
[2025-04-25T11:21:00.415+0000] {processor.py:914} INFO - Processing file /home/airflow/.local/lib/python3.12/site-packages/airflow/example_dags/example_branch_python_dop_operator_3.py for tasks to queue
[2025-04-25T11:21:00.423+0000] {logging_mixin.py:190} INFO - [2025-04-25T11:21:00.422+0000] {dagbag.py:588} INFO - Filling up the DagBag from /home/airflow/.local/lib/python3.12/site-packages/airflow/example_dags/example_branch_python_dop_operator_3.py
[2025-04-25T11:21:00.450+0000] {processor.py:925} INFO - DAG(s) 'example_branch_dop_operator_v3' retrieved from /home/airflow/.local/lib/python3.12/site-packages/airflow/example_dags/example_branch_python_dop_operator_3.py
[2025-04-25T11:21:00.583+0000] {logging_mixin.py:190} INFO - [2025-04-25T11:21:00.582+0000] {dag.py:3239} INFO - Sync 1 DAGs
[2025-04-25T11:21:00.692+0000] {logging_mixin.py:190} INFO - [2025-04-25T11:21:00.692+0000] {dag.py:4180} INFO - Setting next_dagrun for example_branch_dop_operator_v3 to 2025-04-25 11:20:00+00:00, run_after=2025-04-25 11:21:00+00:00
[2025-04-25T11:21:00.772+0000] {processor.py:208} INFO - Processing /home/airflow/.local/lib/python3.12/site-packages/airflow/example_dags/example_branch_python_dop_operator_3.py took 0.371 seconds
[2025-04-25T11:21:31.667+0000] {processor.py:186} INFO - Started process (PID=3094) to work on /home/airflow/.local/lib/python3.12/site-packages/airflow/example_dags/example_branch_python_dop_operator_3.py
[2025-04-25T11:21:31.674+0000] {processor.py:914} INFO - Processing file /home/airflow/.local/lib/python3.12/site-packages/airflow/example_dags/example_branch_python_dop_operator_3.py for tasks to queue
[2025-04-25T11:21:31.689+0000] {logging_mixin.py:190} INFO - [2025-04-25T11:21:31.688+0000] {dagbag.py:588} INFO - Filling up the DagBag from /home/airflow/.local/lib/python3.12/site-packages/airflow/example_dags/example_branch_python_dop_operator_3.py
[2025-04-25T11:21:31.764+0000] {processor.py:925} INFO - DAG(s) 'example_branch_dop_operator_v3' retrieved from /home/airflow/.local/lib/python3.12/site-packages/airflow/example_dags/example_branch_python_dop_operator_3.py
[2025-04-25T11:21:31.852+0000] {logging_mixin.py:190} INFO - [2025-04-25T11:21:31.851+0000] {dag.py:3239} INFO - Sync 1 DAGs
[2025-04-25T11:21:31.928+0000] {logging_mixin.py:190} INFO - [2025-04-25T11:21:31.928+0000] {dag.py:4180} INFO - Setting next_dagrun for example_branch_dop_operator_v3 to 2025-04-25 11:20:00+00:00, run_after=2025-04-25 11:21:00+00:00
[2025-04-25T11:21:31.970+0000] {processor.py:208} INFO - Processing /home/airflow/.local/lib/python3.12/site-packages/airflow/example_dags/example_branch_python_dop_operator_3.py took 0.328 seconds
[2025-04-25T11:22:02.288+0000] {processor.py:186} INFO - Started process (PID=3157) to work on /home/airflow/.local/lib/python3.12/site-packages/airflow/example_dags/example_branch_python_dop_operator_3.py
[2025-04-25T11:22:02.294+0000] {processor.py:914} INFO - Processing file /home/airflow/.local/lib/python3.12/site-packages/airflow/example_dags/example_branch_python_dop_operator_3.py for tasks to queue
[2025-04-25T11:22:02.302+0000] {logging_mixin.py:190} INFO - [2025-04-25T11:22:02.299+0000] {dagbag.py:588} INFO - Filling up the DagBag from /home/airflow/.local/lib/python3.12/site-packages/airflow/example_dags/example_branch_python_dop_operator_3.py
[2025-04-25T11:22:02.378+0000] {processor.py:925} INFO - DAG(s) 'example_branch_dop_operator_v3' retrieved from /home/airflow/.local/lib/python3.12/site-packages/airflow/example_dags/example_branch_python_dop_operator_3.py
[2025-04-25T11:22:02.438+0000] {logging_mixin.py:190} INFO - [2025-04-25T11:22:02.438+0000] {dag.py:3239} INFO - Sync 1 DAGs
[2025-04-25T11:22:02.567+0000] {logging_mixin.py:190} INFO - [2025-04-25T11:22:02.567+0000] {dag.py:4180} INFO - Setting next_dagrun for example_branch_dop_operator_v3 to 2025-04-25 11:21:00+00:00, run_after=2025-04-25 11:22:00+00:00
[2025-04-25T11:22:02.627+0000] {processor.py:208} INFO - Processing /home/airflow/.local/lib/python3.12/site-packages/airflow/example_dags/example_branch_python_dop_operator_3.py took 0.348 seconds
[2025-04-25T11:23:09.793+0000] {processor.py:186} INFO - Started process (PID=3234) to work on /home/airflow/.local/lib/python3.12/site-packages/airflow/example_dags/example_branch_python_dop_operator_3.py
[2025-04-25T11:23:09.818+0000] {processor.py:914} INFO - Processing file /home/airflow/.local/lib/python3.12/site-packages/airflow/example_dags/example_branch_python_dop_operator_3.py for tasks to queue
[2025-04-25T11:23:09.834+0000] {logging_mixin.py:190} INFO - [2025-04-25T11:23:09.833+0000] {dagbag.py:588} INFO - Filling up the DagBag from /home/airflow/.local/lib/python3.12/site-packages/airflow/example_dags/example_branch_python_dop_operator_3.py
[2025-04-25T11:23:09.971+0000] {processor.py:925} INFO - DAG(s) 'example_branch_dop_operator_v3' retrieved from /home/airflow/.local/lib/python3.12/site-packages/airflow/example_dags/example_branch_python_dop_operator_3.py
[2025-04-25T11:23:10.370+0000] {logging_mixin.py:190} INFO - [2025-04-25T11:23:10.346+0000] {dag.py:3239} INFO - Sync 1 DAGs
[2025-04-25T11:23:10.615+0000] {logging_mixin.py:190} INFO - [2025-04-25T11:23:10.615+0000] {dag.py:4180} INFO - Setting next_dagrun for example_branch_dop_operator_v3 to 2025-04-25 11:22:00+00:00, run_after=2025-04-25 11:23:00+00:00
[2025-04-25T11:23:10.805+0000] {processor.py:208} INFO - Processing /home/airflow/.local/lib/python3.12/site-packages/airflow/example_dags/example_branch_python_dop_operator_3.py took 1.047 seconds
[2025-04-25T11:23:41.318+0000] {processor.py:186} INFO - Started process (PID=3297) to work on /home/airflow/.local/lib/python3.12/site-packages/airflow/example_dags/example_branch_python_dop_operator_3.py
[2025-04-25T11:23:41.327+0000] {processor.py:914} INFO - Processing file /home/airflow/.local/lib/python3.12/site-packages/airflow/example_dags/example_branch_python_dop_operator_3.py for tasks to queue
[2025-04-25T11:23:41.333+0000] {logging_mixin.py:190} INFO - [2025-04-25T11:23:41.332+0000] {dagbag.py:588} INFO - Filling up the DagBag from /home/airflow/.local/lib/python3.12/site-packages/airflow/example_dags/example_branch_python_dop_operator_3.py
[2025-04-25T11:23:41.379+0000] {processor.py:925} INFO - DAG(s) 'example_branch_dop_operator_v3' retrieved from /home/airflow/.local/lib/python3.12/site-packages/airflow/example_dags/example_branch_python_dop_operator_3.py
[2025-04-25T11:23:41.481+0000] {logging_mixin.py:190} INFO - [2025-04-25T11:23:41.480+0000] {dag.py:3239} INFO - Sync 1 DAGs
[2025-04-25T11:23:41.552+0000] {logging_mixin.py:190} INFO - [2025-04-25T11:23:41.552+0000] {dag.py:4180} INFO - Setting next_dagrun for example_branch_dop_operator_v3 to 2025-04-25 11:22:00+00:00, run_after=2025-04-25 11:23:00+00:00
[2025-04-25T11:23:41.605+0000] {processor.py:208} INFO - Processing /home/airflow/.local/lib/python3.12/site-packages/airflow/example_dags/example_branch_python_dop_operator_3.py took 0.301 seconds
