[2025-04-25T10:41:13.104+0000] {processor.py:186} INFO - Started process (PID=66) to work on /home/airflow/.local/lib/python3.12/site-packages/airflow/example_dags/example_latest_only.py
[2025-04-25T10:41:13.105+0000] {processor.py:914} INFO - Processing file /home/airflow/.local/lib/python3.12/site-packages/airflow/example_dags/example_latest_only.py for tasks to queue
[2025-04-25T10:41:13.108+0000] {logging_mixin.py:190} INFO - [2025-04-25T10:41:13.107+0000] {dagbag.py:588} INFO - Filling up the DagBag from /home/airflow/.local/lib/python3.12/site-packages/airflow/example_dags/example_latest_only.py
[2025-04-25T10:41:13.122+0000] {processor.py:925} INFO - DAG(s) 'latest_only' retrieved from /home/airflow/.local/lib/python3.12/site-packages/airflow/example_dags/example_latest_only.py
[2025-04-25T10:41:13.242+0000] {logging_mixin.py:190} INFO - [2025-04-25T10:41:13.240+0000] {dag.py:3239} INFO - Sync 1 DAGs
[2025-04-25T10:41:13.279+0000] {logging_mixin.py:190} INFO - [2025-04-25T10:41:13.278+0000] {dag.py:4180} INFO - Setting next_dagrun for latest_only to 2025-04-25 04:00:00+00:00, run_after=2025-04-25 08:00:00+00:00
[2025-04-25T10:41:13.311+0000] {processor.py:208} INFO - Processing /home/airflow/.local/lib/python3.12/site-packages/airflow/example_dags/example_latest_only.py took 0.218 seconds
[2025-04-25T10:41:43.749+0000] {processor.py:186} INFO - Started process (PID=129) to work on /home/airflow/.local/lib/python3.12/site-packages/airflow/example_dags/example_latest_only.py
[2025-04-25T10:41:43.750+0000] {processor.py:914} INFO - Processing file /home/airflow/.local/lib/python3.12/site-packages/airflow/example_dags/example_latest_only.py for tasks to queue
[2025-04-25T10:41:43.752+0000] {logging_mixin.py:190} INFO - [2025-04-25T10:41:43.752+0000] {dagbag.py:588} INFO - Filling up the DagBag from /home/airflow/.local/lib/python3.12/site-packages/airflow/example_dags/example_latest_only.py
[2025-04-25T10:41:43.757+0000] {processor.py:925} INFO - DAG(s) 'latest_only' retrieved from /home/airflow/.local/lib/python3.12/site-packages/airflow/example_dags/example_latest_only.py
[2025-04-25T10:41:43.765+0000] {logging_mixin.py:190} INFO - [2025-04-25T10:41:43.765+0000] {dag.py:3239} INFO - Sync 1 DAGs
[2025-04-25T10:41:43.777+0000] {logging_mixin.py:190} INFO - [2025-04-25T10:41:43.777+0000] {dag.py:4180} INFO - Setting next_dagrun for latest_only to 2025-04-25 04:00:00+00:00, run_after=2025-04-25 08:00:00+00:00
[2025-04-25T10:41:43.784+0000] {processor.py:208} INFO - Processing /home/airflow/.local/lib/python3.12/site-packages/airflow/example_dags/example_latest_only.py took 0.038 seconds
[2025-04-25T10:42:13.986+0000] {processor.py:186} INFO - Started process (PID=192) to work on /home/airflow/.local/lib/python3.12/site-packages/airflow/example_dags/example_latest_only.py
[2025-04-25T10:42:13.987+0000] {processor.py:914} INFO - Processing file /home/airflow/.local/lib/python3.12/site-packages/airflow/example_dags/example_latest_only.py for tasks to queue
[2025-04-25T10:42:13.989+0000] {logging_mixin.py:190} INFO - [2025-04-25T10:42:13.989+0000] {dagbag.py:588} INFO - Filling up the DagBag from /home/airflow/.local/lib/python3.12/site-packages/airflow/example_dags/example_latest_only.py
[2025-04-25T10:42:13.994+0000] {processor.py:925} INFO - DAG(s) 'latest_only' retrieved from /home/airflow/.local/lib/python3.12/site-packages/airflow/example_dags/example_latest_only.py
[2025-04-25T10:42:14.006+0000] {logging_mixin.py:190} INFO - [2025-04-25T10:42:14.005+0000] {dag.py:3239} INFO - Sync 1 DAGs
[2025-04-25T10:42:14.016+0000] {logging_mixin.py:190} INFO - [2025-04-25T10:42:14.016+0000] {dag.py:4180} INFO - Setting next_dagrun for latest_only to 2025-04-25 04:00:00+00:00, run_after=2025-04-25 08:00:00+00:00
[2025-04-25T10:42:14.024+0000] {processor.py:208} INFO - Processing /home/airflow/.local/lib/python3.12/site-packages/airflow/example_dags/example_latest_only.py took 0.040 seconds
[2025-04-25T10:42:44.615+0000] {processor.py:186} INFO - Started process (PID=255) to work on /home/airflow/.local/lib/python3.12/site-packages/airflow/example_dags/example_latest_only.py
[2025-04-25T10:42:44.617+0000] {processor.py:914} INFO - Processing file /home/airflow/.local/lib/python3.12/site-packages/airflow/example_dags/example_latest_only.py for tasks to queue
[2025-04-25T10:42:44.619+0000] {logging_mixin.py:190} INFO - [2025-04-25T10:42:44.619+0000] {dagbag.py:588} INFO - Filling up the DagBag from /home/airflow/.local/lib/python3.12/site-packages/airflow/example_dags/example_latest_only.py
[2025-04-25T10:42:44.623+0000] {processor.py:925} INFO - DAG(s) 'latest_only' retrieved from /home/airflow/.local/lib/python3.12/site-packages/airflow/example_dags/example_latest_only.py
[2025-04-25T10:42:44.650+0000] {logging_mixin.py:190} INFO - [2025-04-25T10:42:44.649+0000] {dag.py:3239} INFO - Sync 1 DAGs
[2025-04-25T10:42:44.692+0000] {logging_mixin.py:190} INFO - [2025-04-25T10:42:44.692+0000] {dag.py:4180} INFO - Setting next_dagrun for latest_only to 2025-04-25 04:00:00+00:00, run_after=2025-04-25 08:00:00+00:00
[2025-04-25T10:42:44.745+0000] {processor.py:208} INFO - Processing /home/airflow/.local/lib/python3.12/site-packages/airflow/example_dags/example_latest_only.py took 0.134 seconds
[2025-04-25T10:43:14.974+0000] {processor.py:186} INFO - Started process (PID=319) to work on /home/airflow/.local/lib/python3.12/site-packages/airflow/example_dags/example_latest_only.py
[2025-04-25T10:43:14.977+0000] {processor.py:914} INFO - Processing file /home/airflow/.local/lib/python3.12/site-packages/airflow/example_dags/example_latest_only.py for tasks to queue
[2025-04-25T10:43:14.979+0000] {logging_mixin.py:190} INFO - [2025-04-25T10:43:14.978+0000] {dagbag.py:588} INFO - Filling up the DagBag from /home/airflow/.local/lib/python3.12/site-packages/airflow/example_dags/example_latest_only.py
[2025-04-25T10:43:14.983+0000] {processor.py:925} INFO - DAG(s) 'latest_only' retrieved from /home/airflow/.local/lib/python3.12/site-packages/airflow/example_dags/example_latest_only.py
[2025-04-25T10:43:14.993+0000] {logging_mixin.py:190} INFO - [2025-04-25T10:43:14.993+0000] {dag.py:3239} INFO - Sync 1 DAGs
[2025-04-25T10:43:15.003+0000] {logging_mixin.py:190} INFO - [2025-04-25T10:43:15.003+0000] {dag.py:4180} INFO - Setting next_dagrun for latest_only to 2025-04-25 04:00:00+00:00, run_after=2025-04-25 08:00:00+00:00
[2025-04-25T10:43:15.012+0000] {processor.py:208} INFO - Processing /home/airflow/.local/lib/python3.12/site-packages/airflow/example_dags/example_latest_only.py took 0.041 seconds
[2025-04-25T10:43:45.611+0000] {processor.py:186} INFO - Started process (PID=388) to work on /home/airflow/.local/lib/python3.12/site-packages/airflow/example_dags/example_latest_only.py
[2025-04-25T10:43:45.613+0000] {processor.py:914} INFO - Processing file /home/airflow/.local/lib/python3.12/site-packages/airflow/example_dags/example_latest_only.py for tasks to queue
[2025-04-25T10:43:45.615+0000] {logging_mixin.py:190} INFO - [2025-04-25T10:43:45.615+0000] {dagbag.py:588} INFO - Filling up the DagBag from /home/airflow/.local/lib/python3.12/site-packages/airflow/example_dags/example_latest_only.py
[2025-04-25T10:43:45.620+0000] {processor.py:925} INFO - DAG(s) 'latest_only' retrieved from /home/airflow/.local/lib/python3.12/site-packages/airflow/example_dags/example_latest_only.py
[2025-04-25T10:43:45.633+0000] {logging_mixin.py:190} INFO - [2025-04-25T10:43:45.633+0000] {dag.py:3239} INFO - Sync 1 DAGs
[2025-04-25T10:43:45.652+0000] {logging_mixin.py:190} INFO - [2025-04-25T10:43:45.652+0000] {dag.py:4180} INFO - Setting next_dagrun for latest_only to 2025-04-25 04:00:00+00:00, run_after=2025-04-25 08:00:00+00:00
[2025-04-25T10:43:45.660+0000] {processor.py:208} INFO - Processing /home/airflow/.local/lib/python3.12/site-packages/airflow/example_dags/example_latest_only.py took 0.057 seconds
[2025-04-25T10:44:16.839+0000] {processor.py:186} INFO - Started process (PID=451) to work on /home/airflow/.local/lib/python3.12/site-packages/airflow/example_dags/example_latest_only.py
[2025-04-25T10:44:16.841+0000] {processor.py:914} INFO - Processing file /home/airflow/.local/lib/python3.12/site-packages/airflow/example_dags/example_latest_only.py for tasks to queue
[2025-04-25T10:44:16.842+0000] {logging_mixin.py:190} INFO - [2025-04-25T10:44:16.842+0000] {dagbag.py:588} INFO - Filling up the DagBag from /home/airflow/.local/lib/python3.12/site-packages/airflow/example_dags/example_latest_only.py
[2025-04-25T10:44:16.847+0000] {processor.py:925} INFO - DAG(s) 'latest_only' retrieved from /home/airflow/.local/lib/python3.12/site-packages/airflow/example_dags/example_latest_only.py
[2025-04-25T10:44:16.864+0000] {logging_mixin.py:190} INFO - [2025-04-25T10:44:16.863+0000] {dag.py:3239} INFO - Sync 1 DAGs
[2025-04-25T10:44:16.882+0000] {logging_mixin.py:190} INFO - [2025-04-25T10:44:16.882+0000] {dag.py:4180} INFO - Setting next_dagrun for latest_only to 2025-04-25 04:00:00+00:00, run_after=2025-04-25 08:00:00+00:00
[2025-04-25T10:44:16.899+0000] {processor.py:208} INFO - Processing /home/airflow/.local/lib/python3.12/site-packages/airflow/example_dags/example_latest_only.py took 0.064 seconds
[2025-04-25T10:44:47.028+0000] {processor.py:186} INFO - Started process (PID=514) to work on /home/airflow/.local/lib/python3.12/site-packages/airflow/example_dags/example_latest_only.py
[2025-04-25T10:44:47.029+0000] {processor.py:914} INFO - Processing file /home/airflow/.local/lib/python3.12/site-packages/airflow/example_dags/example_latest_only.py for tasks to queue
[2025-04-25T10:44:47.031+0000] {logging_mixin.py:190} INFO - [2025-04-25T10:44:47.031+0000] {dagbag.py:588} INFO - Filling up the DagBag from /home/airflow/.local/lib/python3.12/site-packages/airflow/example_dags/example_latest_only.py
[2025-04-25T10:44:47.036+0000] {processor.py:925} INFO - DAG(s) 'latest_only' retrieved from /home/airflow/.local/lib/python3.12/site-packages/airflow/example_dags/example_latest_only.py
[2025-04-25T10:44:47.058+0000] {logging_mixin.py:190} INFO - [2025-04-25T10:44:47.058+0000] {dag.py:3239} INFO - Sync 1 DAGs
[2025-04-25T10:44:47.076+0000] {logging_mixin.py:190} INFO - [2025-04-25T10:44:47.075+0000] {dag.py:4180} INFO - Setting next_dagrun for latest_only to 2025-04-25 04:00:00+00:00, run_after=2025-04-25 08:00:00+00:00
[2025-04-25T10:44:47.085+0000] {processor.py:208} INFO - Processing /home/airflow/.local/lib/python3.12/site-packages/airflow/example_dags/example_latest_only.py took 0.063 seconds
[2025-04-25T10:45:17.382+0000] {processor.py:186} INFO - Started process (PID=576) to work on /home/airflow/.local/lib/python3.12/site-packages/airflow/example_dags/example_latest_only.py
[2025-04-25T10:45:17.384+0000] {processor.py:914} INFO - Processing file /home/airflow/.local/lib/python3.12/site-packages/airflow/example_dags/example_latest_only.py for tasks to queue
[2025-04-25T10:45:17.385+0000] {logging_mixin.py:190} INFO - [2025-04-25T10:45:17.385+0000] {dagbag.py:588} INFO - Filling up the DagBag from /home/airflow/.local/lib/python3.12/site-packages/airflow/example_dags/example_latest_only.py
[2025-04-25T10:45:17.390+0000] {processor.py:925} INFO - DAG(s) 'latest_only' retrieved from /home/airflow/.local/lib/python3.12/site-packages/airflow/example_dags/example_latest_only.py
[2025-04-25T10:45:17.404+0000] {logging_mixin.py:190} INFO - [2025-04-25T10:45:17.404+0000] {dag.py:3239} INFO - Sync 1 DAGs
[2025-04-25T10:45:17.436+0000] {logging_mixin.py:190} INFO - [2025-04-25T10:45:17.435+0000] {dag.py:4180} INFO - Setting next_dagrun for latest_only to 2025-04-25 04:00:00+00:00, run_after=2025-04-25 08:00:00+00:00
[2025-04-25T10:45:17.454+0000] {processor.py:208} INFO - Processing /home/airflow/.local/lib/python3.12/site-packages/airflow/example_dags/example_latest_only.py took 0.086 seconds
[2025-04-25T10:45:47.976+0000] {processor.py:186} INFO - Started process (PID=639) to work on /home/airflow/.local/lib/python3.12/site-packages/airflow/example_dags/example_latest_only.py
[2025-04-25T10:45:47.980+0000] {processor.py:914} INFO - Processing file /home/airflow/.local/lib/python3.12/site-packages/airflow/example_dags/example_latest_only.py for tasks to queue
[2025-04-25T10:45:47.986+0000] {logging_mixin.py:190} INFO - [2025-04-25T10:45:47.985+0000] {dagbag.py:588} INFO - Filling up the DagBag from /home/airflow/.local/lib/python3.12/site-packages/airflow/example_dags/example_latest_only.py
[2025-04-25T10:45:48.002+0000] {processor.py:925} INFO - DAG(s) 'latest_only' retrieved from /home/airflow/.local/lib/python3.12/site-packages/airflow/example_dags/example_latest_only.py
[2025-04-25T10:45:48.076+0000] {logging_mixin.py:190} INFO - [2025-04-25T10:45:48.075+0000] {dag.py:3239} INFO - Sync 1 DAGs
[2025-04-25T10:45:48.137+0000] {logging_mixin.py:190} INFO - [2025-04-25T10:45:48.136+0000] {dag.py:4180} INFO - Setting next_dagrun for latest_only to 2025-04-25 04:00:00+00:00, run_after=2025-04-25 08:00:00+00:00
[2025-04-25T10:45:48.194+0000] {processor.py:208} INFO - Processing /home/airflow/.local/lib/python3.12/site-packages/airflow/example_dags/example_latest_only.py took 0.235 seconds
[2025-04-25T10:46:18.406+0000] {processor.py:186} INFO - Started process (PID=701) to work on /home/airflow/.local/lib/python3.12/site-packages/airflow/example_dags/example_latest_only.py
[2025-04-25T10:46:18.407+0000] {processor.py:914} INFO - Processing file /home/airflow/.local/lib/python3.12/site-packages/airflow/example_dags/example_latest_only.py for tasks to queue
[2025-04-25T10:46:18.408+0000] {logging_mixin.py:190} INFO - [2025-04-25T10:46:18.408+0000] {dagbag.py:588} INFO - Filling up the DagBag from /home/airflow/.local/lib/python3.12/site-packages/airflow/example_dags/example_latest_only.py
[2025-04-25T10:46:18.411+0000] {processor.py:925} INFO - DAG(s) 'latest_only' retrieved from /home/airflow/.local/lib/python3.12/site-packages/airflow/example_dags/example_latest_only.py
[2025-04-25T10:46:18.420+0000] {logging_mixin.py:190} INFO - [2025-04-25T10:46:18.420+0000] {dag.py:3239} INFO - Sync 1 DAGs
[2025-04-25T10:46:18.432+0000] {logging_mixin.py:190} INFO - [2025-04-25T10:46:18.432+0000] {dag.py:4180} INFO - Setting next_dagrun for latest_only to 2025-04-25 04:00:00+00:00, run_after=2025-04-25 08:00:00+00:00
[2025-04-25T10:46:18.442+0000] {processor.py:208} INFO - Processing /home/airflow/.local/lib/python3.12/site-packages/airflow/example_dags/example_latest_only.py took 0.040 seconds
[2025-04-25T10:46:49.105+0000] {processor.py:186} INFO - Started process (PID=764) to work on /home/airflow/.local/lib/python3.12/site-packages/airflow/example_dags/example_latest_only.py
[2025-04-25T10:46:49.106+0000] {processor.py:914} INFO - Processing file /home/airflow/.local/lib/python3.12/site-packages/airflow/example_dags/example_latest_only.py for tasks to queue
[2025-04-25T10:46:49.107+0000] {logging_mixin.py:190} INFO - [2025-04-25T10:46:49.107+0000] {dagbag.py:588} INFO - Filling up the DagBag from /home/airflow/.local/lib/python3.12/site-packages/airflow/example_dags/example_latest_only.py
[2025-04-25T10:46:49.111+0000] {processor.py:925} INFO - DAG(s) 'latest_only' retrieved from /home/airflow/.local/lib/python3.12/site-packages/airflow/example_dags/example_latest_only.py
[2025-04-25T10:46:49.127+0000] {logging_mixin.py:190} INFO - [2025-04-25T10:46:49.126+0000] {dag.py:3239} INFO - Sync 1 DAGs
[2025-04-25T10:46:49.148+0000] {logging_mixin.py:190} INFO - [2025-04-25T10:46:49.148+0000] {dag.py:4180} INFO - Setting next_dagrun for latest_only to 2025-04-25 04:00:00+00:00, run_after=2025-04-25 08:00:00+00:00
[2025-04-25T10:46:49.157+0000] {processor.py:208} INFO - Processing /home/airflow/.local/lib/python3.12/site-packages/airflow/example_dags/example_latest_only.py took 0.057 seconds
[2025-04-25T10:47:19.959+0000] {processor.py:186} INFO - Started process (PID=826) to work on /home/airflow/.local/lib/python3.12/site-packages/airflow/example_dags/example_latest_only.py
[2025-04-25T10:47:19.961+0000] {processor.py:914} INFO - Processing file /home/airflow/.local/lib/python3.12/site-packages/airflow/example_dags/example_latest_only.py for tasks to queue
[2025-04-25T10:47:19.964+0000] {logging_mixin.py:190} INFO - [2025-04-25T10:47:19.963+0000] {dagbag.py:588} INFO - Filling up the DagBag from /home/airflow/.local/lib/python3.12/site-packages/airflow/example_dags/example_latest_only.py
[2025-04-25T10:47:19.969+0000] {processor.py:925} INFO - DAG(s) 'latest_only' retrieved from /home/airflow/.local/lib/python3.12/site-packages/airflow/example_dags/example_latest_only.py
[2025-04-25T10:47:19.987+0000] {logging_mixin.py:190} INFO - [2025-04-25T10:47:19.987+0000] {dag.py:3239} INFO - Sync 1 DAGs
[2025-04-25T10:47:20.017+0000] {logging_mixin.py:190} INFO - [2025-04-25T10:47:20.017+0000] {dag.py:4180} INFO - Setting next_dagrun for latest_only to 2025-04-25 04:00:00+00:00, run_after=2025-04-25 08:00:00+00:00
[2025-04-25T10:47:20.045+0000] {processor.py:208} INFO - Processing /home/airflow/.local/lib/python3.12/site-packages/airflow/example_dags/example_latest_only.py took 0.089 seconds
[2025-04-25T10:47:50.115+0000] {processor.py:186} INFO - Started process (PID=889) to work on /home/airflow/.local/lib/python3.12/site-packages/airflow/example_dags/example_latest_only.py
[2025-04-25T10:47:50.116+0000] {processor.py:914} INFO - Processing file /home/airflow/.local/lib/python3.12/site-packages/airflow/example_dags/example_latest_only.py for tasks to queue
[2025-04-25T10:47:50.117+0000] {logging_mixin.py:190} INFO - [2025-04-25T10:47:50.117+0000] {dagbag.py:588} INFO - Filling up the DagBag from /home/airflow/.local/lib/python3.12/site-packages/airflow/example_dags/example_latest_only.py
[2025-04-25T10:47:50.120+0000] {processor.py:925} INFO - DAG(s) 'latest_only' retrieved from /home/airflow/.local/lib/python3.12/site-packages/airflow/example_dags/example_latest_only.py
[2025-04-25T10:47:50.132+0000] {logging_mixin.py:190} INFO - [2025-04-25T10:47:50.132+0000] {dag.py:3239} INFO - Sync 1 DAGs
[2025-04-25T10:47:50.147+0000] {logging_mixin.py:190} INFO - [2025-04-25T10:47:50.147+0000] {dag.py:4180} INFO - Setting next_dagrun for latest_only to 2025-04-25 04:00:00+00:00, run_after=2025-04-25 08:00:00+00:00
[2025-04-25T10:47:50.155+0000] {processor.py:208} INFO - Processing /home/airflow/.local/lib/python3.12/site-packages/airflow/example_dags/example_latest_only.py took 0.042 seconds
[2025-04-25T10:48:20.757+0000] {processor.py:186} INFO - Started process (PID=952) to work on /home/airflow/.local/lib/python3.12/site-packages/airflow/example_dags/example_latest_only.py
[2025-04-25T10:48:20.758+0000] {processor.py:914} INFO - Processing file /home/airflow/.local/lib/python3.12/site-packages/airflow/example_dags/example_latest_only.py for tasks to queue
[2025-04-25T10:48:20.759+0000] {logging_mixin.py:190} INFO - [2025-04-25T10:48:20.759+0000] {dagbag.py:588} INFO - Filling up the DagBag from /home/airflow/.local/lib/python3.12/site-packages/airflow/example_dags/example_latest_only.py
[2025-04-25T10:48:20.765+0000] {processor.py:925} INFO - DAG(s) 'latest_only' retrieved from /home/airflow/.local/lib/python3.12/site-packages/airflow/example_dags/example_latest_only.py
[2025-04-25T10:48:20.775+0000] {logging_mixin.py:190} INFO - [2025-04-25T10:48:20.775+0000] {dag.py:3239} INFO - Sync 1 DAGs
[2025-04-25T10:48:20.788+0000] {logging_mixin.py:190} INFO - [2025-04-25T10:48:20.788+0000] {dag.py:4180} INFO - Setting next_dagrun for latest_only to 2025-04-25 04:00:00+00:00, run_after=2025-04-25 08:00:00+00:00
[2025-04-25T10:48:20.800+0000] {processor.py:208} INFO - Processing /home/airflow/.local/lib/python3.12/site-packages/airflow/example_dags/example_latest_only.py took 0.046 seconds
[2025-04-25T10:48:51.562+0000] {processor.py:186} INFO - Started process (PID=1015) to work on /home/airflow/.local/lib/python3.12/site-packages/airflow/example_dags/example_latest_only.py
[2025-04-25T10:48:51.563+0000] {processor.py:914} INFO - Processing file /home/airflow/.local/lib/python3.12/site-packages/airflow/example_dags/example_latest_only.py for tasks to queue
[2025-04-25T10:48:51.564+0000] {logging_mixin.py:190} INFO - [2025-04-25T10:48:51.564+0000] {dagbag.py:588} INFO - Filling up the DagBag from /home/airflow/.local/lib/python3.12/site-packages/airflow/example_dags/example_latest_only.py
[2025-04-25T10:48:51.567+0000] {processor.py:925} INFO - DAG(s) 'latest_only' retrieved from /home/airflow/.local/lib/python3.12/site-packages/airflow/example_dags/example_latest_only.py
[2025-04-25T10:48:51.578+0000] {logging_mixin.py:190} INFO - [2025-04-25T10:48:51.577+0000] {dag.py:3239} INFO - Sync 1 DAGs
[2025-04-25T10:48:51.588+0000] {logging_mixin.py:190} INFO - [2025-04-25T10:48:51.588+0000] {dag.py:4180} INFO - Setting next_dagrun for latest_only to 2025-04-25 04:00:00+00:00, run_after=2025-04-25 08:00:00+00:00
[2025-04-25T10:48:51.599+0000] {processor.py:208} INFO - Processing /home/airflow/.local/lib/python3.12/site-packages/airflow/example_dags/example_latest_only.py took 0.041 seconds
[2025-04-25T10:49:22.542+0000] {processor.py:186} INFO - Started process (PID=1078) to work on /home/airflow/.local/lib/python3.12/site-packages/airflow/example_dags/example_latest_only.py
[2025-04-25T10:49:22.543+0000] {processor.py:914} INFO - Processing file /home/airflow/.local/lib/python3.12/site-packages/airflow/example_dags/example_latest_only.py for tasks to queue
[2025-04-25T10:49:22.547+0000] {logging_mixin.py:190} INFO - [2025-04-25T10:49:22.547+0000] {dagbag.py:588} INFO - Filling up the DagBag from /home/airflow/.local/lib/python3.12/site-packages/airflow/example_dags/example_latest_only.py
[2025-04-25T10:49:22.555+0000] {processor.py:925} INFO - DAG(s) 'latest_only' retrieved from /home/airflow/.local/lib/python3.12/site-packages/airflow/example_dags/example_latest_only.py
[2025-04-25T10:49:22.570+0000] {logging_mixin.py:190} INFO - [2025-04-25T10:49:22.569+0000] {dag.py:3239} INFO - Sync 1 DAGs
[2025-04-25T10:49:22.592+0000] {logging_mixin.py:190} INFO - [2025-04-25T10:49:22.592+0000] {dag.py:4180} INFO - Setting next_dagrun for latest_only to 2025-04-25 04:00:00+00:00, run_after=2025-04-25 08:00:00+00:00
[2025-04-25T10:49:22.605+0000] {processor.py:208} INFO - Processing /home/airflow/.local/lib/python3.12/site-packages/airflow/example_dags/example_latest_only.py took 0.068 seconds
[2025-04-25T10:49:54.020+0000] {processor.py:186} INFO - Started process (PID=1141) to work on /home/airflow/.local/lib/python3.12/site-packages/airflow/example_dags/example_latest_only.py
[2025-04-25T10:49:54.037+0000] {processor.py:914} INFO - Processing file /home/airflow/.local/lib/python3.12/site-packages/airflow/example_dags/example_latest_only.py for tasks to queue
[2025-04-25T10:49:54.057+0000] {logging_mixin.py:190} INFO - [2025-04-25T10:49:54.056+0000] {dagbag.py:588} INFO - Filling up the DagBag from /home/airflow/.local/lib/python3.12/site-packages/airflow/example_dags/example_latest_only.py
[2025-04-25T10:49:54.111+0000] {processor.py:925} INFO - DAG(s) 'latest_only' retrieved from /home/airflow/.local/lib/python3.12/site-packages/airflow/example_dags/example_latest_only.py
[2025-04-25T10:49:54.301+0000] {logging_mixin.py:190} INFO - [2025-04-25T10:49:54.299+0000] {dag.py:3239} INFO - Sync 1 DAGs
[2025-04-25T10:49:54.584+0000] {logging_mixin.py:190} INFO - [2025-04-25T10:49:54.580+0000] {dag.py:4180} INFO - Setting next_dagrun for latest_only to 2025-04-25 04:00:00+00:00, run_after=2025-04-25 08:00:00+00:00
[2025-04-25T10:49:54.667+0000] {processor.py:208} INFO - Processing /home/airflow/.local/lib/python3.12/site-packages/airflow/example_dags/example_latest_only.py took 0.682 seconds
[2025-04-25T10:50:41.891+0000] {processor.py:186} INFO - Started process (PID=1205) to work on /home/airflow/.local/lib/python3.12/site-packages/airflow/example_dags/example_latest_only.py
[2025-04-25T10:50:41.892+0000] {processor.py:914} INFO - Processing file /home/airflow/.local/lib/python3.12/site-packages/airflow/example_dags/example_latest_only.py for tasks to queue
[2025-04-25T10:50:41.893+0000] {logging_mixin.py:190} INFO - [2025-04-25T10:50:41.893+0000] {dagbag.py:588} INFO - Filling up the DagBag from /home/airflow/.local/lib/python3.12/site-packages/airflow/example_dags/example_latest_only.py
[2025-04-25T10:50:41.898+0000] {processor.py:925} INFO - DAG(s) 'latest_only' retrieved from /home/airflow/.local/lib/python3.12/site-packages/airflow/example_dags/example_latest_only.py
[2025-04-25T10:50:41.910+0000] {logging_mixin.py:190} INFO - [2025-04-25T10:50:41.910+0000] {dag.py:3239} INFO - Sync 1 DAGs
[2025-04-25T10:50:41.938+0000] {logging_mixin.py:190} INFO - [2025-04-25T10:50:41.938+0000] {dag.py:4180} INFO - Setting next_dagrun for latest_only to 2025-04-25 04:00:00+00:00, run_after=2025-04-25 08:00:00+00:00
[2025-04-25T10:50:41.951+0000] {processor.py:208} INFO - Processing /home/airflow/.local/lib/python3.12/site-packages/airflow/example_dags/example_latest_only.py took 0.063 seconds
[2025-04-25T10:51:14.288+0000] {processor.py:186} INFO - Started process (PID=1257) to work on /home/airflow/.local/lib/python3.12/site-packages/airflow/example_dags/example_latest_only.py
[2025-04-25T10:51:14.289+0000] {processor.py:914} INFO - Processing file /home/airflow/.local/lib/python3.12/site-packages/airflow/example_dags/example_latest_only.py for tasks to queue
[2025-04-25T10:51:14.290+0000] {logging_mixin.py:190} INFO - [2025-04-25T10:51:14.290+0000] {dagbag.py:588} INFO - Filling up the DagBag from /home/airflow/.local/lib/python3.12/site-packages/airflow/example_dags/example_latest_only.py
[2025-04-25T10:51:14.294+0000] {processor.py:925} INFO - DAG(s) 'latest_only' retrieved from /home/airflow/.local/lib/python3.12/site-packages/airflow/example_dags/example_latest_only.py
[2025-04-25T10:51:14.305+0000] {logging_mixin.py:190} INFO - [2025-04-25T10:51:14.304+0000] {dag.py:3239} INFO - Sync 1 DAGs
[2025-04-25T10:51:14.317+0000] {logging_mixin.py:190} INFO - [2025-04-25T10:51:14.317+0000] {dag.py:4180} INFO - Setting next_dagrun for latest_only to 2025-04-25 04:00:00+00:00, run_after=2025-04-25 08:00:00+00:00
[2025-04-25T10:51:14.329+0000] {processor.py:208} INFO - Processing /home/airflow/.local/lib/python3.12/site-packages/airflow/example_dags/example_latest_only.py took 0.044 seconds
[2025-04-25T10:51:44.717+0000] {processor.py:186} INFO - Started process (PID=1313) to work on /home/airflow/.local/lib/python3.12/site-packages/airflow/example_dags/example_latest_only.py
[2025-04-25T10:51:44.719+0000] {processor.py:914} INFO - Processing file /home/airflow/.local/lib/python3.12/site-packages/airflow/example_dags/example_latest_only.py for tasks to queue
[2025-04-25T10:51:44.721+0000] {logging_mixin.py:190} INFO - [2025-04-25T10:51:44.721+0000] {dagbag.py:588} INFO - Filling up the DagBag from /home/airflow/.local/lib/python3.12/site-packages/airflow/example_dags/example_latest_only.py
[2025-04-25T10:51:44.726+0000] {processor.py:925} INFO - DAG(s) 'latest_only' retrieved from /home/airflow/.local/lib/python3.12/site-packages/airflow/example_dags/example_latest_only.py
[2025-04-25T10:51:44.736+0000] {logging_mixin.py:190} INFO - [2025-04-25T10:51:44.736+0000] {dag.py:3239} INFO - Sync 1 DAGs
[2025-04-25T10:51:44.748+0000] {logging_mixin.py:190} INFO - [2025-04-25T10:51:44.748+0000] {dag.py:4180} INFO - Setting next_dagrun for latest_only to 2025-04-25 04:00:00+00:00, run_after=2025-04-25 08:00:00+00:00
[2025-04-25T10:51:44.761+0000] {processor.py:208} INFO - Processing /home/airflow/.local/lib/python3.12/site-packages/airflow/example_dags/example_latest_only.py took 0.047 seconds
[2025-04-25T10:52:15.653+0000] {processor.py:186} INFO - Started process (PID=1376) to work on /home/airflow/.local/lib/python3.12/site-packages/airflow/example_dags/example_latest_only.py
[2025-04-25T10:52:15.654+0000] {processor.py:914} INFO - Processing file /home/airflow/.local/lib/python3.12/site-packages/airflow/example_dags/example_latest_only.py for tasks to queue
[2025-04-25T10:52:15.655+0000] {logging_mixin.py:190} INFO - [2025-04-25T10:52:15.655+0000] {dagbag.py:588} INFO - Filling up the DagBag from /home/airflow/.local/lib/python3.12/site-packages/airflow/example_dags/example_latest_only.py
[2025-04-25T10:52:15.659+0000] {processor.py:925} INFO - DAG(s) 'latest_only' retrieved from /home/airflow/.local/lib/python3.12/site-packages/airflow/example_dags/example_latest_only.py
[2025-04-25T10:52:15.669+0000] {logging_mixin.py:190} INFO - [2025-04-25T10:52:15.669+0000] {dag.py:3239} INFO - Sync 1 DAGs
[2025-04-25T10:52:15.697+0000] {logging_mixin.py:190} INFO - [2025-04-25T10:52:15.697+0000] {dag.py:4180} INFO - Setting next_dagrun for latest_only to 2025-04-25 04:00:00+00:00, run_after=2025-04-25 08:00:00+00:00
[2025-04-25T10:52:15.716+0000] {processor.py:208} INFO - Processing /home/airflow/.local/lib/python3.12/site-packages/airflow/example_dags/example_latest_only.py took 0.066 seconds
[2025-04-25T10:52:46.467+0000] {processor.py:186} INFO - Started process (PID=1439) to work on /home/airflow/.local/lib/python3.12/site-packages/airflow/example_dags/example_latest_only.py
[2025-04-25T10:52:46.469+0000] {processor.py:914} INFO - Processing file /home/airflow/.local/lib/python3.12/site-packages/airflow/example_dags/example_latest_only.py for tasks to queue
[2025-04-25T10:52:46.473+0000] {logging_mixin.py:190} INFO - [2025-04-25T10:52:46.473+0000] {dagbag.py:588} INFO - Filling up the DagBag from /home/airflow/.local/lib/python3.12/site-packages/airflow/example_dags/example_latest_only.py
[2025-04-25T10:52:46.479+0000] {processor.py:925} INFO - DAG(s) 'latest_only' retrieved from /home/airflow/.local/lib/python3.12/site-packages/airflow/example_dags/example_latest_only.py
[2025-04-25T10:52:46.503+0000] {logging_mixin.py:190} INFO - [2025-04-25T10:52:46.503+0000] {dag.py:3239} INFO - Sync 1 DAGs
[2025-04-25T10:52:46.534+0000] {logging_mixin.py:190} INFO - [2025-04-25T10:52:46.534+0000] {dag.py:4180} INFO - Setting next_dagrun for latest_only to 2025-04-25 04:00:00+00:00, run_after=2025-04-25 08:00:00+00:00
[2025-04-25T10:52:46.575+0000] {processor.py:208} INFO - Processing /home/airflow/.local/lib/python3.12/site-packages/airflow/example_dags/example_latest_only.py took 0.120 seconds
[2025-04-25T10:53:17.020+0000] {processor.py:186} INFO - Started process (PID=1502) to work on /home/airflow/.local/lib/python3.12/site-packages/airflow/example_dags/example_latest_only.py
[2025-04-25T10:53:17.023+0000] {processor.py:914} INFO - Processing file /home/airflow/.local/lib/python3.12/site-packages/airflow/example_dags/example_latest_only.py for tasks to queue
[2025-04-25T10:53:17.024+0000] {logging_mixin.py:190} INFO - [2025-04-25T10:53:17.024+0000] {dagbag.py:588} INFO - Filling up the DagBag from /home/airflow/.local/lib/python3.12/site-packages/airflow/example_dags/example_latest_only.py
[2025-04-25T10:53:17.035+0000] {processor.py:925} INFO - DAG(s) 'latest_only' retrieved from /home/airflow/.local/lib/python3.12/site-packages/airflow/example_dags/example_latest_only.py
[2025-04-25T10:53:17.055+0000] {logging_mixin.py:190} INFO - [2025-04-25T10:53:17.055+0000] {dag.py:3239} INFO - Sync 1 DAGs
[2025-04-25T10:53:17.068+0000] {logging_mixin.py:190} INFO - [2025-04-25T10:53:17.068+0000] {dag.py:4180} INFO - Setting next_dagrun for latest_only to 2025-04-25 04:00:00+00:00, run_after=2025-04-25 08:00:00+00:00
[2025-04-25T10:53:17.075+0000] {processor.py:208} INFO - Processing /home/airflow/.local/lib/python3.12/site-packages/airflow/example_dags/example_latest_only.py took 0.061 seconds
[2025-04-25T10:53:47.410+0000] {processor.py:186} INFO - Started process (PID=1565) to work on /home/airflow/.local/lib/python3.12/site-packages/airflow/example_dags/example_latest_only.py
[2025-04-25T10:53:47.412+0000] {processor.py:914} INFO - Processing file /home/airflow/.local/lib/python3.12/site-packages/airflow/example_dags/example_latest_only.py for tasks to queue
[2025-04-25T10:53:47.413+0000] {logging_mixin.py:190} INFO - [2025-04-25T10:53:47.413+0000] {dagbag.py:588} INFO - Filling up the DagBag from /home/airflow/.local/lib/python3.12/site-packages/airflow/example_dags/example_latest_only.py
[2025-04-25T10:53:47.417+0000] {processor.py:925} INFO - DAG(s) 'latest_only' retrieved from /home/airflow/.local/lib/python3.12/site-packages/airflow/example_dags/example_latest_only.py
[2025-04-25T10:53:47.426+0000] {logging_mixin.py:190} INFO - [2025-04-25T10:53:47.426+0000] {dag.py:3239} INFO - Sync 1 DAGs
[2025-04-25T10:53:47.443+0000] {logging_mixin.py:190} INFO - [2025-04-25T10:53:47.443+0000] {dag.py:4180} INFO - Setting next_dagrun for latest_only to 2025-04-25 04:00:00+00:00, run_after=2025-04-25 08:00:00+00:00
[2025-04-25T10:53:47.457+0000] {processor.py:208} INFO - Processing /home/airflow/.local/lib/python3.12/site-packages/airflow/example_dags/example_latest_only.py took 0.051 seconds
[2025-04-25T10:54:18.268+0000] {processor.py:186} INFO - Started process (PID=1628) to work on /home/airflow/.local/lib/python3.12/site-packages/airflow/example_dags/example_latest_only.py
[2025-04-25T10:54:18.272+0000] {processor.py:914} INFO - Processing file /home/airflow/.local/lib/python3.12/site-packages/airflow/example_dags/example_latest_only.py for tasks to queue
[2025-04-25T10:54:18.274+0000] {logging_mixin.py:190} INFO - [2025-04-25T10:54:18.274+0000] {dagbag.py:588} INFO - Filling up the DagBag from /home/airflow/.local/lib/python3.12/site-packages/airflow/example_dags/example_latest_only.py
[2025-04-25T10:54:18.281+0000] {processor.py:925} INFO - DAG(s) 'latest_only' retrieved from /home/airflow/.local/lib/python3.12/site-packages/airflow/example_dags/example_latest_only.py
[2025-04-25T10:54:18.294+0000] {logging_mixin.py:190} INFO - [2025-04-25T10:54:18.294+0000] {dag.py:3239} INFO - Sync 1 DAGs
[2025-04-25T10:54:18.306+0000] {logging_mixin.py:190} INFO - [2025-04-25T10:54:18.306+0000] {dag.py:4180} INFO - Setting next_dagrun for latest_only to 2025-04-25 04:00:00+00:00, run_after=2025-04-25 08:00:00+00:00
[2025-04-25T10:54:18.315+0000] {processor.py:208} INFO - Processing /home/airflow/.local/lib/python3.12/site-packages/airflow/example_dags/example_latest_only.py took 0.053 seconds
[2025-04-25T10:54:48.887+0000] {processor.py:186} INFO - Started process (PID=1691) to work on /home/airflow/.local/lib/python3.12/site-packages/airflow/example_dags/example_latest_only.py
[2025-04-25T10:54:48.888+0000] {processor.py:914} INFO - Processing file /home/airflow/.local/lib/python3.12/site-packages/airflow/example_dags/example_latest_only.py for tasks to queue
[2025-04-25T10:54:48.889+0000] {logging_mixin.py:190} INFO - [2025-04-25T10:54:48.889+0000] {dagbag.py:588} INFO - Filling up the DagBag from /home/airflow/.local/lib/python3.12/site-packages/airflow/example_dags/example_latest_only.py
[2025-04-25T10:54:48.895+0000] {processor.py:925} INFO - DAG(s) 'latest_only' retrieved from /home/airflow/.local/lib/python3.12/site-packages/airflow/example_dags/example_latest_only.py
[2025-04-25T10:54:48.909+0000] {logging_mixin.py:190} INFO - [2025-04-25T10:54:48.909+0000] {dag.py:3239} INFO - Sync 1 DAGs
[2025-04-25T10:54:48.937+0000] {logging_mixin.py:190} INFO - [2025-04-25T10:54:48.937+0000] {dag.py:4180} INFO - Setting next_dagrun for latest_only to 2025-04-25 04:00:00+00:00, run_after=2025-04-25 08:00:00+00:00
[2025-04-25T10:54:48.949+0000] {processor.py:208} INFO - Processing /home/airflow/.local/lib/python3.12/site-packages/airflow/example_dags/example_latest_only.py took 0.067 seconds
[2025-04-25T10:55:20.065+0000] {processor.py:186} INFO - Started process (PID=1754) to work on /home/airflow/.local/lib/python3.12/site-packages/airflow/example_dags/example_latest_only.py
[2025-04-25T10:55:20.068+0000] {processor.py:914} INFO - Processing file /home/airflow/.local/lib/python3.12/site-packages/airflow/example_dags/example_latest_only.py for tasks to queue
[2025-04-25T10:55:20.072+0000] {logging_mixin.py:190} INFO - [2025-04-25T10:55:20.071+0000] {dagbag.py:588} INFO - Filling up the DagBag from /home/airflow/.local/lib/python3.12/site-packages/airflow/example_dags/example_latest_only.py
[2025-04-25T10:55:20.079+0000] {processor.py:925} INFO - DAG(s) 'latest_only' retrieved from /home/airflow/.local/lib/python3.12/site-packages/airflow/example_dags/example_latest_only.py
[2025-04-25T10:55:20.095+0000] {logging_mixin.py:190} INFO - [2025-04-25T10:55:20.094+0000] {dag.py:3239} INFO - Sync 1 DAGs
[2025-04-25T10:55:20.108+0000] {logging_mixin.py:190} INFO - [2025-04-25T10:55:20.108+0000] {dag.py:4180} INFO - Setting next_dagrun for latest_only to 2025-04-25 04:00:00+00:00, run_after=2025-04-25 08:00:00+00:00
[2025-04-25T10:55:20.121+0000] {processor.py:208} INFO - Processing /home/airflow/.local/lib/python3.12/site-packages/airflow/example_dags/example_latest_only.py took 0.064 seconds
[2025-04-25T10:55:51.092+0000] {processor.py:186} INFO - Started process (PID=1817) to work on /home/airflow/.local/lib/python3.12/site-packages/airflow/example_dags/example_latest_only.py
[2025-04-25T10:55:51.094+0000] {processor.py:914} INFO - Processing file /home/airflow/.local/lib/python3.12/site-packages/airflow/example_dags/example_latest_only.py for tasks to queue
[2025-04-25T10:55:51.098+0000] {logging_mixin.py:190} INFO - [2025-04-25T10:55:51.098+0000] {dagbag.py:588} INFO - Filling up the DagBag from /home/airflow/.local/lib/python3.12/site-packages/airflow/example_dags/example_latest_only.py
[2025-04-25T10:55:51.105+0000] {processor.py:925} INFO - DAG(s) 'latest_only' retrieved from /home/airflow/.local/lib/python3.12/site-packages/airflow/example_dags/example_latest_only.py
[2025-04-25T10:55:51.134+0000] {logging_mixin.py:190} INFO - [2025-04-25T10:55:51.134+0000] {dag.py:3239} INFO - Sync 1 DAGs
[2025-04-25T10:55:51.175+0000] {logging_mixin.py:190} INFO - [2025-04-25T10:55:51.174+0000] {dag.py:4180} INFO - Setting next_dagrun for latest_only to 2025-04-25 04:00:00+00:00, run_after=2025-04-25 08:00:00+00:00
[2025-04-25T10:55:51.193+0000] {processor.py:208} INFO - Processing /home/airflow/.local/lib/python3.12/site-packages/airflow/example_dags/example_latest_only.py took 0.106 seconds
[2025-04-25T10:56:21.830+0000] {processor.py:186} INFO - Started process (PID=1886) to work on /home/airflow/.local/lib/python3.12/site-packages/airflow/example_dags/example_latest_only.py
[2025-04-25T10:56:21.832+0000] {processor.py:914} INFO - Processing file /home/airflow/.local/lib/python3.12/site-packages/airflow/example_dags/example_latest_only.py for tasks to queue
[2025-04-25T10:56:21.834+0000] {logging_mixin.py:190} INFO - [2025-04-25T10:56:21.834+0000] {dagbag.py:588} INFO - Filling up the DagBag from /home/airflow/.local/lib/python3.12/site-packages/airflow/example_dags/example_latest_only.py
[2025-04-25T10:56:21.841+0000] {processor.py:925} INFO - DAG(s) 'latest_only' retrieved from /home/airflow/.local/lib/python3.12/site-packages/airflow/example_dags/example_latest_only.py
[2025-04-25T10:56:21.867+0000] {logging_mixin.py:190} INFO - [2025-04-25T10:56:21.867+0000] {dag.py:3239} INFO - Sync 1 DAGs
[2025-04-25T10:56:21.881+0000] {logging_mixin.py:190} INFO - [2025-04-25T10:56:21.881+0000] {dag.py:4180} INFO - Setting next_dagrun for latest_only to 2025-04-25 04:00:00+00:00, run_after=2025-04-25 08:00:00+00:00
[2025-04-25T10:56:21.896+0000] {processor.py:208} INFO - Processing /home/airflow/.local/lib/python3.12/site-packages/airflow/example_dags/example_latest_only.py took 0.073 seconds
[2025-04-25T10:56:52.875+0000] {processor.py:186} INFO - Started process (PID=1949) to work on /home/airflow/.local/lib/python3.12/site-packages/airflow/example_dags/example_latest_only.py
[2025-04-25T10:56:52.877+0000] {processor.py:914} INFO - Processing file /home/airflow/.local/lib/python3.12/site-packages/airflow/example_dags/example_latest_only.py for tasks to queue
[2025-04-25T10:56:52.880+0000] {logging_mixin.py:190} INFO - [2025-04-25T10:56:52.880+0000] {dagbag.py:588} INFO - Filling up the DagBag from /home/airflow/.local/lib/python3.12/site-packages/airflow/example_dags/example_latest_only.py
[2025-04-25T10:56:52.899+0000] {processor.py:925} INFO - DAG(s) 'latest_only' retrieved from /home/airflow/.local/lib/python3.12/site-packages/airflow/example_dags/example_latest_only.py
[2025-04-25T10:56:52.918+0000] {logging_mixin.py:190} INFO - [2025-04-25T10:56:52.918+0000] {dag.py:3239} INFO - Sync 1 DAGs
[2025-04-25T10:56:52.961+0000] {logging_mixin.py:190} INFO - [2025-04-25T10:56:52.961+0000] {dag.py:4180} INFO - Setting next_dagrun for latest_only to 2025-04-25 04:00:00+00:00, run_after=2025-04-25 08:00:00+00:00
[2025-04-25T10:56:52.983+0000] {processor.py:208} INFO - Processing /home/airflow/.local/lib/python3.12/site-packages/airflow/example_dags/example_latest_only.py took 0.113 seconds
[2025-04-25T10:57:23.157+0000] {processor.py:186} INFO - Started process (PID=2011) to work on /home/airflow/.local/lib/python3.12/site-packages/airflow/example_dags/example_latest_only.py
[2025-04-25T10:57:23.169+0000] {processor.py:914} INFO - Processing file /home/airflow/.local/lib/python3.12/site-packages/airflow/example_dags/example_latest_only.py for tasks to queue
[2025-04-25T10:57:23.170+0000] {logging_mixin.py:190} INFO - [2025-04-25T10:57:23.170+0000] {dagbag.py:588} INFO - Filling up the DagBag from /home/airflow/.local/lib/python3.12/site-packages/airflow/example_dags/example_latest_only.py
[2025-04-25T10:57:23.184+0000] {processor.py:925} INFO - DAG(s) 'latest_only' retrieved from /home/airflow/.local/lib/python3.12/site-packages/airflow/example_dags/example_latest_only.py
[2025-04-25T10:57:23.203+0000] {logging_mixin.py:190} INFO - [2025-04-25T10:57:23.203+0000] {dag.py:3239} INFO - Sync 1 DAGs
[2025-04-25T10:57:23.218+0000] {logging_mixin.py:190} INFO - [2025-04-25T10:57:23.218+0000] {dag.py:4180} INFO - Setting next_dagrun for latest_only to 2025-04-25 04:00:00+00:00, run_after=2025-04-25 08:00:00+00:00
[2025-04-25T10:57:23.226+0000] {processor.py:208} INFO - Processing /home/airflow/.local/lib/python3.12/site-packages/airflow/example_dags/example_latest_only.py took 0.080 seconds
[2025-04-25T10:57:53.533+0000] {processor.py:186} INFO - Started process (PID=2074) to work on /home/airflow/.local/lib/python3.12/site-packages/airflow/example_dags/example_latest_only.py
[2025-04-25T10:57:53.546+0000] {processor.py:914} INFO - Processing file /home/airflow/.local/lib/python3.12/site-packages/airflow/example_dags/example_latest_only.py for tasks to queue
[2025-04-25T10:57:53.547+0000] {logging_mixin.py:190} INFO - [2025-04-25T10:57:53.547+0000] {dagbag.py:588} INFO - Filling up the DagBag from /home/airflow/.local/lib/python3.12/site-packages/airflow/example_dags/example_latest_only.py
[2025-04-25T10:57:53.551+0000] {processor.py:925} INFO - DAG(s) 'latest_only' retrieved from /home/airflow/.local/lib/python3.12/site-packages/airflow/example_dags/example_latest_only.py
[2025-04-25T10:57:53.564+0000] {logging_mixin.py:190} INFO - [2025-04-25T10:57:53.564+0000] {dag.py:3239} INFO - Sync 1 DAGs
[2025-04-25T10:57:53.576+0000] {logging_mixin.py:190} INFO - [2025-04-25T10:57:53.575+0000] {dag.py:4180} INFO - Setting next_dagrun for latest_only to 2025-04-25 04:00:00+00:00, run_after=2025-04-25 08:00:00+00:00
[2025-04-25T10:57:53.582+0000] {processor.py:208} INFO - Processing /home/airflow/.local/lib/python3.12/site-packages/airflow/example_dags/example_latest_only.py took 0.053 seconds
[2025-04-25T10:58:23.873+0000] {processor.py:186} INFO - Started process (PID=2137) to work on /home/airflow/.local/lib/python3.12/site-packages/airflow/example_dags/example_latest_only.py
[2025-04-25T10:58:23.874+0000] {processor.py:914} INFO - Processing file /home/airflow/.local/lib/python3.12/site-packages/airflow/example_dags/example_latest_only.py for tasks to queue
[2025-04-25T10:58:23.876+0000] {logging_mixin.py:190} INFO - [2025-04-25T10:58:23.875+0000] {dagbag.py:588} INFO - Filling up the DagBag from /home/airflow/.local/lib/python3.12/site-packages/airflow/example_dags/example_latest_only.py
[2025-04-25T10:58:23.879+0000] {processor.py:925} INFO - DAG(s) 'latest_only' retrieved from /home/airflow/.local/lib/python3.12/site-packages/airflow/example_dags/example_latest_only.py
[2025-04-25T10:58:23.891+0000] {logging_mixin.py:190} INFO - [2025-04-25T10:58:23.891+0000] {dag.py:3239} INFO - Sync 1 DAGs
[2025-04-25T10:58:23.910+0000] {logging_mixin.py:190} INFO - [2025-04-25T10:58:23.910+0000] {dag.py:4180} INFO - Setting next_dagrun for latest_only to 2025-04-25 04:00:00+00:00, run_after=2025-04-25 08:00:00+00:00
[2025-04-25T10:58:23.923+0000] {processor.py:208} INFO - Processing /home/airflow/.local/lib/python3.12/site-packages/airflow/example_dags/example_latest_only.py took 0.053 seconds
[2025-04-25T10:58:54.632+0000] {processor.py:186} INFO - Started process (PID=2200) to work on /home/airflow/.local/lib/python3.12/site-packages/airflow/example_dags/example_latest_only.py
[2025-04-25T10:58:54.633+0000] {processor.py:914} INFO - Processing file /home/airflow/.local/lib/python3.12/site-packages/airflow/example_dags/example_latest_only.py for tasks to queue
[2025-04-25T10:58:54.633+0000] {logging_mixin.py:190} INFO - [2025-04-25T10:58:54.633+0000] {dagbag.py:588} INFO - Filling up the DagBag from /home/airflow/.local/lib/python3.12/site-packages/airflow/example_dags/example_latest_only.py
[2025-04-25T10:58:54.639+0000] {processor.py:925} INFO - DAG(s) 'latest_only' retrieved from /home/airflow/.local/lib/python3.12/site-packages/airflow/example_dags/example_latest_only.py
[2025-04-25T10:58:54.653+0000] {logging_mixin.py:190} INFO - [2025-04-25T10:58:54.652+0000] {dag.py:3239} INFO - Sync 1 DAGs
[2025-04-25T10:58:54.665+0000] {logging_mixin.py:190} INFO - [2025-04-25T10:58:54.665+0000] {dag.py:4180} INFO - Setting next_dagrun for latest_only to 2025-04-25 04:00:00+00:00, run_after=2025-04-25 08:00:00+00:00
[2025-04-25T10:58:54.673+0000] {processor.py:208} INFO - Processing /home/airflow/.local/lib/python3.12/site-packages/airflow/example_dags/example_latest_only.py took 0.044 seconds
[2025-04-25T10:59:24.849+0000] {processor.py:186} INFO - Started process (PID=2263) to work on /home/airflow/.local/lib/python3.12/site-packages/airflow/example_dags/example_latest_only.py
[2025-04-25T10:59:24.850+0000] {processor.py:914} INFO - Processing file /home/airflow/.local/lib/python3.12/site-packages/airflow/example_dags/example_latest_only.py for tasks to queue
[2025-04-25T10:59:24.851+0000] {logging_mixin.py:190} INFO - [2025-04-25T10:59:24.851+0000] {dagbag.py:588} INFO - Filling up the DagBag from /home/airflow/.local/lib/python3.12/site-packages/airflow/example_dags/example_latest_only.py
[2025-04-25T10:59:24.855+0000] {processor.py:925} INFO - DAG(s) 'latest_only' retrieved from /home/airflow/.local/lib/python3.12/site-packages/airflow/example_dags/example_latest_only.py
[2025-04-25T10:59:24.869+0000] {logging_mixin.py:190} INFO - [2025-04-25T10:59:24.869+0000] {dag.py:3239} INFO - Sync 1 DAGs
[2025-04-25T10:59:24.881+0000] {logging_mixin.py:190} INFO - [2025-04-25T10:59:24.881+0000] {dag.py:4180} INFO - Setting next_dagrun for latest_only to 2025-04-25 04:00:00+00:00, run_after=2025-04-25 08:00:00+00:00
[2025-04-25T10:59:24.889+0000] {processor.py:208} INFO - Processing /home/airflow/.local/lib/python3.12/site-packages/airflow/example_dags/example_latest_only.py took 0.045 seconds
[2025-04-25T10:59:57.490+0000] {processor.py:186} INFO - Started process (PID=2326) to work on /home/airflow/.local/lib/python3.12/site-packages/airflow/example_dags/example_latest_only.py
[2025-04-25T10:59:57.492+0000] {processor.py:914} INFO - Processing file /home/airflow/.local/lib/python3.12/site-packages/airflow/example_dags/example_latest_only.py for tasks to queue
[2025-04-25T10:59:57.508+0000] {logging_mixin.py:190} INFO - [2025-04-25T10:59:57.506+0000] {dagbag.py:588} INFO - Filling up the DagBag from /home/airflow/.local/lib/python3.12/site-packages/airflow/example_dags/example_latest_only.py
[2025-04-25T10:59:57.524+0000] {processor.py:925} INFO - DAG(s) 'latest_only' retrieved from /home/airflow/.local/lib/python3.12/site-packages/airflow/example_dags/example_latest_only.py
[2025-04-25T10:59:57.676+0000] {logging_mixin.py:190} INFO - [2025-04-25T10:59:57.675+0000] {dag.py:3239} INFO - Sync 1 DAGs
[2025-04-25T10:59:57.839+0000] {logging_mixin.py:190} INFO - [2025-04-25T10:59:57.838+0000] {dag.py:4180} INFO - Setting next_dagrun for latest_only to 2025-04-25 04:00:00+00:00, run_after=2025-04-25 08:00:00+00:00
[2025-04-25T10:59:57.898+0000] {processor.py:208} INFO - Processing /home/airflow/.local/lib/python3.12/site-packages/airflow/example_dags/example_latest_only.py took 0.433 seconds
[2025-04-25T11:00:28.006+0000] {processor.py:186} INFO - Started process (PID=2388) to work on /home/airflow/.local/lib/python3.12/site-packages/airflow/example_dags/example_latest_only.py
[2025-04-25T11:00:28.007+0000] {processor.py:914} INFO - Processing file /home/airflow/.local/lib/python3.12/site-packages/airflow/example_dags/example_latest_only.py for tasks to queue
[2025-04-25T11:00:28.009+0000] {logging_mixin.py:190} INFO - [2025-04-25T11:00:28.009+0000] {dagbag.py:588} INFO - Filling up the DagBag from /home/airflow/.local/lib/python3.12/site-packages/airflow/example_dags/example_latest_only.py
[2025-04-25T11:00:28.015+0000] {processor.py:925} INFO - DAG(s) 'latest_only' retrieved from /home/airflow/.local/lib/python3.12/site-packages/airflow/example_dags/example_latest_only.py
[2025-04-25T11:00:28.029+0000] {logging_mixin.py:190} INFO - [2025-04-25T11:00:28.029+0000] {dag.py:3239} INFO - Sync 1 DAGs
[2025-04-25T11:00:28.043+0000] {logging_mixin.py:190} INFO - [2025-04-25T11:00:28.043+0000] {dag.py:4180} INFO - Setting next_dagrun for latest_only to 2025-04-25 04:00:00+00:00, run_after=2025-04-25 08:00:00+00:00
[2025-04-25T11:00:28.052+0000] {processor.py:208} INFO - Processing /home/airflow/.local/lib/python3.12/site-packages/airflow/example_dags/example_latest_only.py took 0.050 seconds
[2025-04-25T11:00:59.267+0000] {processor.py:186} INFO - Started process (PID=2451) to work on /home/airflow/.local/lib/python3.12/site-packages/airflow/example_dags/example_latest_only.py
[2025-04-25T11:00:59.275+0000] {processor.py:914} INFO - Processing file /home/airflow/.local/lib/python3.12/site-packages/airflow/example_dags/example_latest_only.py for tasks to queue
[2025-04-25T11:00:59.290+0000] {logging_mixin.py:190} INFO - [2025-04-25T11:00:59.289+0000] {dagbag.py:588} INFO - Filling up the DagBag from /home/airflow/.local/lib/python3.12/site-packages/airflow/example_dags/example_latest_only.py
[2025-04-25T11:00:59.304+0000] {processor.py:925} INFO - DAG(s) 'latest_only' retrieved from /home/airflow/.local/lib/python3.12/site-packages/airflow/example_dags/example_latest_only.py
[2025-04-25T11:00:59.335+0000] {logging_mixin.py:190} INFO - [2025-04-25T11:00:59.335+0000] {dag.py:3239} INFO - Sync 1 DAGs
[2025-04-25T11:00:59.500+0000] {logging_mixin.py:190} INFO - [2025-04-25T11:00:59.499+0000] {dag.py:4180} INFO - Setting next_dagrun for latest_only to 2025-04-25 04:00:00+00:00, run_after=2025-04-25 08:00:00+00:00
[2025-04-25T11:00:59.540+0000] {processor.py:208} INFO - Processing /home/airflow/.local/lib/python3.12/site-packages/airflow/example_dags/example_latest_only.py took 0.291 seconds
[2025-04-25T11:01:30.435+0000] {processor.py:186} INFO - Started process (PID=2513) to work on /home/airflow/.local/lib/python3.12/site-packages/airflow/example_dags/example_latest_only.py
[2025-04-25T11:01:30.436+0000] {processor.py:914} INFO - Processing file /home/airflow/.local/lib/python3.12/site-packages/airflow/example_dags/example_latest_only.py for tasks to queue
[2025-04-25T11:01:30.440+0000] {logging_mixin.py:190} INFO - [2025-04-25T11:01:30.439+0000] {dagbag.py:588} INFO - Filling up the DagBag from /home/airflow/.local/lib/python3.12/site-packages/airflow/example_dags/example_latest_only.py
[2025-04-25T11:01:30.465+0000] {processor.py:925} INFO - DAG(s) 'latest_only' retrieved from /home/airflow/.local/lib/python3.12/site-packages/airflow/example_dags/example_latest_only.py
[2025-04-25T11:01:30.517+0000] {logging_mixin.py:190} INFO - [2025-04-25T11:01:30.517+0000] {dag.py:3239} INFO - Sync 1 DAGs
[2025-04-25T11:01:30.547+0000] {logging_mixin.py:190} INFO - [2025-04-25T11:01:30.546+0000] {dag.py:4180} INFO - Setting next_dagrun for latest_only to 2025-04-25 04:00:00+00:00, run_after=2025-04-25 08:00:00+00:00
[2025-04-25T11:01:30.576+0000] {processor.py:208} INFO - Processing /home/airflow/.local/lib/python3.12/site-packages/airflow/example_dags/example_latest_only.py took 0.149 seconds
[2025-04-25T11:02:01.643+0000] {processor.py:186} INFO - Started process (PID=2575) to work on /home/airflow/.local/lib/python3.12/site-packages/airflow/example_dags/example_latest_only.py
[2025-04-25T11:02:01.646+0000] {processor.py:914} INFO - Processing file /home/airflow/.local/lib/python3.12/site-packages/airflow/example_dags/example_latest_only.py for tasks to queue
[2025-04-25T11:02:01.650+0000] {logging_mixin.py:190} INFO - [2025-04-25T11:02:01.650+0000] {dagbag.py:588} INFO - Filling up the DagBag from /home/airflow/.local/lib/python3.12/site-packages/airflow/example_dags/example_latest_only.py
[2025-04-25T11:02:01.678+0000] {processor.py:925} INFO - DAG(s) 'latest_only' retrieved from /home/airflow/.local/lib/python3.12/site-packages/airflow/example_dags/example_latest_only.py
[2025-04-25T11:02:01.702+0000] {logging_mixin.py:190} INFO - [2025-04-25T11:02:01.702+0000] {dag.py:3239} INFO - Sync 1 DAGs
[2025-04-25T11:02:01.727+0000] {logging_mixin.py:190} INFO - [2025-04-25T11:02:01.727+0000] {dag.py:4180} INFO - Setting next_dagrun for latest_only to 2025-04-25 04:00:00+00:00, run_after=2025-04-25 08:00:00+00:00
[2025-04-25T11:02:01.735+0000] {processor.py:208} INFO - Processing /home/airflow/.local/lib/python3.12/site-packages/airflow/example_dags/example_latest_only.py took 0.103 seconds
[2025-04-25T11:02:32.350+0000] {processor.py:186} INFO - Started process (PID=2638) to work on /home/airflow/.local/lib/python3.12/site-packages/airflow/example_dags/example_latest_only.py
[2025-04-25T11:02:32.354+0000] {processor.py:914} INFO - Processing file /home/airflow/.local/lib/python3.12/site-packages/airflow/example_dags/example_latest_only.py for tasks to queue
[2025-04-25T11:02:32.369+0000] {logging_mixin.py:190} INFO - [2025-04-25T11:02:32.364+0000] {dagbag.py:588} INFO - Filling up the DagBag from /home/airflow/.local/lib/python3.12/site-packages/airflow/example_dags/example_latest_only.py
[2025-04-25T11:02:32.387+0000] {processor.py:925} INFO - DAG(s) 'latest_only' retrieved from /home/airflow/.local/lib/python3.12/site-packages/airflow/example_dags/example_latest_only.py
[2025-04-25T11:02:32.430+0000] {logging_mixin.py:190} INFO - [2025-04-25T11:02:32.430+0000] {dag.py:3239} INFO - Sync 1 DAGs
[2025-04-25T11:02:32.463+0000] {logging_mixin.py:190} INFO - [2025-04-25T11:02:32.462+0000] {dag.py:4180} INFO - Setting next_dagrun for latest_only to 2025-04-25 04:00:00+00:00, run_after=2025-04-25 08:00:00+00:00
[2025-04-25T11:02:32.481+0000] {processor.py:208} INFO - Processing /home/airflow/.local/lib/python3.12/site-packages/airflow/example_dags/example_latest_only.py took 0.155 seconds
[2025-04-25T11:05:30.305+0000] {processor.py:186} INFO - Started process (PID=2735) to work on /home/airflow/.local/lib/python3.12/site-packages/airflow/example_dags/example_latest_only.py
[2025-04-25T11:05:30.341+0000] {processor.py:914} INFO - Processing file /home/airflow/.local/lib/python3.12/site-packages/airflow/example_dags/example_latest_only.py for tasks to queue
[2025-04-25T11:05:30.376+0000] {logging_mixin.py:190} INFO - [2025-04-25T11:05:30.366+0000] {dagbag.py:588} INFO - Filling up the DagBag from /home/airflow/.local/lib/python3.12/site-packages/airflow/example_dags/example_latest_only.py
[2025-04-25T11:05:31.272+0000] {processor.py:925} INFO - DAG(s) 'latest_only' retrieved from /home/airflow/.local/lib/python3.12/site-packages/airflow/example_dags/example_latest_only.py
[2025-04-25T11:05:36.053+0000] {logging_mixin.py:190} INFO - [2025-04-25T11:05:35.782+0000] {dag.py:3239} INFO - Sync 1 DAGs
[2025-04-25T11:05:41.578+0000] {logging_mixin.py:190} INFO - [2025-04-25T11:05:41.552+0000] {dag.py:4180} INFO - Setting next_dagrun for latest_only to 2025-04-25 04:00:00+00:00, run_after=2025-04-25 08:00:00+00:00
[2025-04-25T11:05:42.907+0000] {processor.py:208} INFO - Processing /home/airflow/.local/lib/python3.12/site-packages/airflow/example_dags/example_latest_only.py took 12.705 seconds
[2025-04-25T11:12:27.501+0000] {processor.py:186} INFO - Started process (PID=2843) to work on /home/airflow/.local/lib/python3.12/site-packages/airflow/example_dags/example_latest_only.py
[2025-04-25T11:12:27.505+0000] {processor.py:914} INFO - Processing file /home/airflow/.local/lib/python3.12/site-packages/airflow/example_dags/example_latest_only.py for tasks to queue
[2025-04-25T11:12:27.512+0000] {logging_mixin.py:190} INFO - [2025-04-25T11:12:27.511+0000] {dagbag.py:588} INFO - Filling up the DagBag from /home/airflow/.local/lib/python3.12/site-packages/airflow/example_dags/example_latest_only.py
[2025-04-25T11:12:27.637+0000] {processor.py:925} INFO - DAG(s) 'latest_only' retrieved from /home/airflow/.local/lib/python3.12/site-packages/airflow/example_dags/example_latest_only.py
[2025-04-25T11:12:27.804+0000] {logging_mixin.py:190} INFO - [2025-04-25T11:12:27.803+0000] {dag.py:3239} INFO - Sync 1 DAGs
[2025-04-25T11:12:27.986+0000] {logging_mixin.py:190} INFO - [2025-04-25T11:12:27.984+0000] {dag.py:4180} INFO - Setting next_dagrun for latest_only to 2025-04-25 04:00:00+00:00, run_after=2025-04-25 08:00:00+00:00
[2025-04-25T11:12:28.098+0000] {processor.py:208} INFO - Processing /home/airflow/.local/lib/python3.12/site-packages/airflow/example_dags/example_latest_only.py took 0.627 seconds
[2025-04-25T11:17:18.781+0000] {processor.py:186} INFO - Started process (PID=2915) to work on /home/airflow/.local/lib/python3.12/site-packages/airflow/example_dags/example_latest_only.py
[2025-04-25T11:17:18.883+0000] {processor.py:914} INFO - Processing file /home/airflow/.local/lib/python3.12/site-packages/airflow/example_dags/example_latest_only.py for tasks to queue
[2025-04-25T11:17:19.001+0000] {logging_mixin.py:190} INFO - [2025-04-25T11:17:18.950+0000] {dagbag.py:588} INFO - Filling up the DagBag from /home/airflow/.local/lib/python3.12/site-packages/airflow/example_dags/example_latest_only.py
[2025-04-25T11:17:19.711+0000] {processor.py:925} INFO - DAG(s) 'latest_only' retrieved from /home/airflow/.local/lib/python3.12/site-packages/airflow/example_dags/example_latest_only.py
[2025-04-25T11:17:21.213+0000] {logging_mixin.py:190} INFO - [2025-04-25T11:17:21.194+0000] {dag.py:3239} INFO - Sync 1 DAGs
[2025-04-25T11:17:21.728+0000] {logging_mixin.py:190} INFO - [2025-04-25T11:17:21.726+0000] {dag.py:4180} INFO - Setting next_dagrun for latest_only to 2025-04-25 04:00:00+00:00, run_after=2025-04-25 08:00:00+00:00
[2025-04-25T11:17:22.621+0000] {processor.py:208} INFO - Processing /home/airflow/.local/lib/python3.12/site-packages/airflow/example_dags/example_latest_only.py took 4.738 seconds
[2025-04-25T11:20:40.300+0000] {processor.py:186} INFO - Started process (PID=3011) to work on /home/airflow/.local/lib/python3.12/site-packages/airflow/example_dags/example_latest_only.py
[2025-04-25T11:20:40.417+0000] {processor.py:914} INFO - Processing file /home/airflow/.local/lib/python3.12/site-packages/airflow/example_dags/example_latest_only.py for tasks to queue
[2025-04-25T11:20:40.499+0000] {logging_mixin.py:190} INFO - [2025-04-25T11:20:40.485+0000] {dagbag.py:588} INFO - Filling up the DagBag from /home/airflow/.local/lib/python3.12/site-packages/airflow/example_dags/example_latest_only.py
[2025-04-25T11:20:40.717+0000] {processor.py:925} INFO - DAG(s) 'latest_only' retrieved from /home/airflow/.local/lib/python3.12/site-packages/airflow/example_dags/example_latest_only.py
[2025-04-25T11:20:41.248+0000] {logging_mixin.py:190} INFO - [2025-04-25T11:20:41.231+0000] {dag.py:3239} INFO - Sync 1 DAGs
[2025-04-25T11:20:42.035+0000] {logging_mixin.py:190} INFO - [2025-04-25T11:20:41.995+0000] {dag.py:4180} INFO - Setting next_dagrun for latest_only to 2025-04-25 04:00:00+00:00, run_after=2025-04-25 08:00:00+00:00
[2025-04-25T11:20:42.809+0000] {processor.py:208} INFO - Processing /home/airflow/.local/lib/python3.12/site-packages/airflow/example_dags/example_latest_only.py took 2.625 seconds
[2025-04-25T11:21:16.327+0000] {processor.py:186} INFO - Started process (PID=3074) to work on /home/airflow/.local/lib/python3.12/site-packages/airflow/example_dags/example_latest_only.py
[2025-04-25T11:21:16.331+0000] {processor.py:914} INFO - Processing file /home/airflow/.local/lib/python3.12/site-packages/airflow/example_dags/example_latest_only.py for tasks to queue
[2025-04-25T11:21:16.337+0000] {logging_mixin.py:190} INFO - [2025-04-25T11:21:16.335+0000] {dagbag.py:588} INFO - Filling up the DagBag from /home/airflow/.local/lib/python3.12/site-packages/airflow/example_dags/example_latest_only.py
[2025-04-25T11:21:16.424+0000] {processor.py:925} INFO - DAG(s) 'latest_only' retrieved from /home/airflow/.local/lib/python3.12/site-packages/airflow/example_dags/example_latest_only.py
[2025-04-25T11:21:16.575+0000] {logging_mixin.py:190} INFO - [2025-04-25T11:21:16.575+0000] {dag.py:3239} INFO - Sync 1 DAGs
[2025-04-25T11:21:16.680+0000] {logging_mixin.py:190} INFO - [2025-04-25T11:21:16.679+0000] {dag.py:4180} INFO - Setting next_dagrun for latest_only to 2025-04-25 04:00:00+00:00, run_after=2025-04-25 08:00:00+00:00
[2025-04-25T11:21:16.761+0000] {processor.py:208} INFO - Processing /home/airflow/.local/lib/python3.12/site-packages/airflow/example_dags/example_latest_only.py took 0.475 seconds
[2025-04-25T11:21:47.116+0000] {processor.py:186} INFO - Started process (PID=3137) to work on /home/airflow/.local/lib/python3.12/site-packages/airflow/example_dags/example_latest_only.py
[2025-04-25T11:21:47.118+0000] {processor.py:914} INFO - Processing file /home/airflow/.local/lib/python3.12/site-packages/airflow/example_dags/example_latest_only.py for tasks to queue
[2025-04-25T11:21:47.120+0000] {logging_mixin.py:190} INFO - [2025-04-25T11:21:47.119+0000] {dagbag.py:588} INFO - Filling up the DagBag from /home/airflow/.local/lib/python3.12/site-packages/airflow/example_dags/example_latest_only.py
[2025-04-25T11:21:47.137+0000] {processor.py:925} INFO - DAG(s) 'latest_only' retrieved from /home/airflow/.local/lib/python3.12/site-packages/airflow/example_dags/example_latest_only.py
[2025-04-25T11:21:47.160+0000] {logging_mixin.py:190} INFO - [2025-04-25T11:21:47.160+0000] {dag.py:3239} INFO - Sync 1 DAGs
[2025-04-25T11:21:47.182+0000] {logging_mixin.py:190} INFO - [2025-04-25T11:21:47.182+0000] {dag.py:4180} INFO - Setting next_dagrun for latest_only to 2025-04-25 04:00:00+00:00, run_after=2025-04-25 08:00:00+00:00
[2025-04-25T11:21:47.224+0000] {processor.py:208} INFO - Processing /home/airflow/.local/lib/python3.12/site-packages/airflow/example_dags/example_latest_only.py took 0.116 seconds
[2025-04-25T11:22:19.042+0000] {processor.py:186} INFO - Started process (PID=3199) to work on /home/airflow/.local/lib/python3.12/site-packages/airflow/example_dags/example_latest_only.py
[2025-04-25T11:22:19.057+0000] {processor.py:914} INFO - Processing file /home/airflow/.local/lib/python3.12/site-packages/airflow/example_dags/example_latest_only.py for tasks to queue
[2025-04-25T11:22:19.067+0000] {logging_mixin.py:190} INFO - [2025-04-25T11:22:19.064+0000] {dagbag.py:588} INFO - Filling up the DagBag from /home/airflow/.local/lib/python3.12/site-packages/airflow/example_dags/example_latest_only.py
[2025-04-25T11:22:19.119+0000] {processor.py:925} INFO - DAG(s) 'latest_only' retrieved from /home/airflow/.local/lib/python3.12/site-packages/airflow/example_dags/example_latest_only.py
[2025-04-25T11:22:19.287+0000] {logging_mixin.py:190} INFO - [2025-04-25T11:22:19.275+0000] {dag.py:3239} INFO - Sync 1 DAGs
[2025-04-25T11:22:19.432+0000] {logging_mixin.py:190} INFO - [2025-04-25T11:22:19.431+0000] {dag.py:4180} INFO - Setting next_dagrun for latest_only to 2025-04-25 04:00:00+00:00, run_after=2025-04-25 08:00:00+00:00
[2025-04-25T11:22:19.494+0000] {processor.py:208} INFO - Processing /home/airflow/.local/lib/python3.12/site-packages/airflow/example_dags/example_latest_only.py took 0.467 seconds
[2025-04-25T11:23:20.809+0000] {processor.py:186} INFO - Started process (PID=3251) to work on /home/airflow/.local/lib/python3.12/site-packages/airflow/example_dags/example_latest_only.py
[2025-04-25T11:23:20.813+0000] {processor.py:914} INFO - Processing file /home/airflow/.local/lib/python3.12/site-packages/airflow/example_dags/example_latest_only.py for tasks to queue
[2025-04-25T11:23:20.814+0000] {logging_mixin.py:190} INFO - [2025-04-25T11:23:20.814+0000] {dagbag.py:588} INFO - Filling up the DagBag from /home/airflow/.local/lib/python3.12/site-packages/airflow/example_dags/example_latest_only.py
[2025-04-25T11:23:20.833+0000] {processor.py:925} INFO - DAG(s) 'latest_only' retrieved from /home/airflow/.local/lib/python3.12/site-packages/airflow/example_dags/example_latest_only.py
[2025-04-25T11:23:20.865+0000] {logging_mixin.py:190} INFO - [2025-04-25T11:23:20.865+0000] {dag.py:3239} INFO - Sync 1 DAGs
[2025-04-25T11:23:20.965+0000] {logging_mixin.py:190} INFO - [2025-04-25T11:23:20.965+0000] {dag.py:4180} INFO - Setting next_dagrun for latest_only to 2025-04-25 04:00:00+00:00, run_after=2025-04-25 08:00:00+00:00
[2025-04-25T11:23:21.054+0000] {processor.py:208} INFO - Processing /home/airflow/.local/lib/python3.12/site-packages/airflow/example_dags/example_latest_only.py took 0.249 seconds
[2025-04-25T11:23:52.961+0000] {processor.py:186} INFO - Started process (PID=3314) to work on /home/airflow/.local/lib/python3.12/site-packages/airflow/example_dags/example_latest_only.py
[2025-04-25T11:23:52.963+0000] {processor.py:914} INFO - Processing file /home/airflow/.local/lib/python3.12/site-packages/airflow/example_dags/example_latest_only.py for tasks to queue
[2025-04-25T11:23:52.966+0000] {logging_mixin.py:190} INFO - [2025-04-25T11:23:52.965+0000] {dagbag.py:588} INFO - Filling up the DagBag from /home/airflow/.local/lib/python3.12/site-packages/airflow/example_dags/example_latest_only.py
[2025-04-25T11:23:52.979+0000] {processor.py:925} INFO - DAG(s) 'latest_only' retrieved from /home/airflow/.local/lib/python3.12/site-packages/airflow/example_dags/example_latest_only.py
[2025-04-25T11:23:53.026+0000] {logging_mixin.py:190} INFO - [2025-04-25T11:23:53.013+0000] {dag.py:3239} INFO - Sync 1 DAGs
[2025-04-25T11:23:53.074+0000] {logging_mixin.py:190} INFO - [2025-04-25T11:23:53.073+0000] {dag.py:4180} INFO - Setting next_dagrun for latest_only to 2025-04-25 04:00:00+00:00, run_after=2025-04-25 08:00:00+00:00
[2025-04-25T11:23:53.133+0000] {processor.py:208} INFO - Processing /home/airflow/.local/lib/python3.12/site-packages/airflow/example_dags/example_latest_only.py took 0.178 seconds
