[2025-04-25T10:41:10.818+0000] {processor.py:186} INFO - Started process (PID=58) to work on /home/airflow/.local/lib/python3.12/site-packages/airflow/example_dags/example_short_circuit_operator.py
[2025-04-25T10:41:10.818+0000] {processor.py:914} INFO - Processing file /home/airflow/.local/lib/python3.12/site-packages/airflow/example_dags/example_short_circuit_operator.py for tasks to queue
[2025-04-25T10:41:10.820+0000] {logging_mixin.py:190} INFO - [2025-04-25T10:41:10.820+0000] {dagbag.py:588} INFO - Filling up the DagBag from /home/airflow/.local/lib/python3.12/site-packages/airflow/example_dags/example_short_circuit_operator.py
[2025-04-25T10:41:10.830+0000] {processor.py:925} INFO - DAG(s) 'example_short_circuit_operator' retrieved from /home/airflow/.local/lib/python3.12/site-packages/airflow/example_dags/example_short_circuit_operator.py
[2025-04-25T10:41:10.870+0000] {logging_mixin.py:190} INFO - [2025-04-25T10:41:10.870+0000] {dag.py:3239} INFO - Sync 1 DAGs
[2025-04-25T10:41:10.882+0000] {logging_mixin.py:190} INFO - [2025-04-25T10:41:10.882+0000] {dag.py:4180} INFO - Setting next_dagrun for example_short_circuit_operator to None, run_after=None
[2025-04-25T10:41:10.930+0000] {processor.py:208} INFO - Processing /home/airflow/.local/lib/python3.12/site-packages/airflow/example_dags/example_short_circuit_operator.py took 0.123 seconds
[2025-04-25T10:41:41.203+0000] {processor.py:186} INFO - Started process (PID=121) to work on /home/airflow/.local/lib/python3.12/site-packages/airflow/example_dags/example_short_circuit_operator.py
[2025-04-25T10:41:41.204+0000] {processor.py:914} INFO - Processing file /home/airflow/.local/lib/python3.12/site-packages/airflow/example_dags/example_short_circuit_operator.py for tasks to queue
[2025-04-25T10:41:41.205+0000] {logging_mixin.py:190} INFO - [2025-04-25T10:41:41.205+0000] {dagbag.py:588} INFO - Filling up the DagBag from /home/airflow/.local/lib/python3.12/site-packages/airflow/example_dags/example_short_circuit_operator.py
[2025-04-25T10:41:41.209+0000] {processor.py:925} INFO - DAG(s) 'example_short_circuit_operator' retrieved from /home/airflow/.local/lib/python3.12/site-packages/airflow/example_dags/example_short_circuit_operator.py
[2025-04-25T10:41:41.223+0000] {logging_mixin.py:190} INFO - [2025-04-25T10:41:41.223+0000] {dag.py:3239} INFO - Sync 1 DAGs
[2025-04-25T10:41:41.229+0000] {logging_mixin.py:190} INFO - [2025-04-25T10:41:41.229+0000] {dag.py:4180} INFO - Setting next_dagrun for example_short_circuit_operator to None, run_after=None
[2025-04-25T10:41:41.237+0000] {processor.py:208} INFO - Processing /home/airflow/.local/lib/python3.12/site-packages/airflow/example_dags/example_short_circuit_operator.py took 0.038 seconds
[2025-04-25T10:42:11.484+0000] {processor.py:186} INFO - Started process (PID=184) to work on /home/airflow/.local/lib/python3.12/site-packages/airflow/example_dags/example_short_circuit_operator.py
[2025-04-25T10:42:11.485+0000] {processor.py:914} INFO - Processing file /home/airflow/.local/lib/python3.12/site-packages/airflow/example_dags/example_short_circuit_operator.py for tasks to queue
[2025-04-25T10:42:11.487+0000] {logging_mixin.py:190} INFO - [2025-04-25T10:42:11.487+0000] {dagbag.py:588} INFO - Filling up the DagBag from /home/airflow/.local/lib/python3.12/site-packages/airflow/example_dags/example_short_circuit_operator.py
[2025-04-25T10:42:11.493+0000] {processor.py:925} INFO - DAG(s) 'example_short_circuit_operator' retrieved from /home/airflow/.local/lib/python3.12/site-packages/airflow/example_dags/example_short_circuit_operator.py
[2025-04-25T10:42:11.519+0000] {logging_mixin.py:190} INFO - [2025-04-25T10:42:11.519+0000] {dag.py:3239} INFO - Sync 1 DAGs
[2025-04-25T10:42:11.526+0000] {logging_mixin.py:190} INFO - [2025-04-25T10:42:11.526+0000] {dag.py:4180} INFO - Setting next_dagrun for example_short_circuit_operator to None, run_after=None
[2025-04-25T10:42:11.534+0000] {processor.py:208} INFO - Processing /home/airflow/.local/lib/python3.12/site-packages/airflow/example_dags/example_short_circuit_operator.py took 0.057 seconds
[2025-04-25T10:42:41.852+0000] {processor.py:186} INFO - Started process (PID=247) to work on /home/airflow/.local/lib/python3.12/site-packages/airflow/example_dags/example_short_circuit_operator.py
[2025-04-25T10:42:41.855+0000] {processor.py:914} INFO - Processing file /home/airflow/.local/lib/python3.12/site-packages/airflow/example_dags/example_short_circuit_operator.py for tasks to queue
[2025-04-25T10:42:41.861+0000] {logging_mixin.py:190} INFO - [2025-04-25T10:42:41.860+0000] {dagbag.py:588} INFO - Filling up the DagBag from /home/airflow/.local/lib/python3.12/site-packages/airflow/example_dags/example_short_circuit_operator.py
[2025-04-25T10:42:41.885+0000] {processor.py:925} INFO - DAG(s) 'example_short_circuit_operator' retrieved from /home/airflow/.local/lib/python3.12/site-packages/airflow/example_dags/example_short_circuit_operator.py
[2025-04-25T10:42:41.928+0000] {logging_mixin.py:190} INFO - [2025-04-25T10:42:41.927+0000] {dag.py:3239} INFO - Sync 1 DAGs
[2025-04-25T10:42:41.946+0000] {logging_mixin.py:190} INFO - [2025-04-25T10:42:41.946+0000] {dag.py:4180} INFO - Setting next_dagrun for example_short_circuit_operator to None, run_after=None
[2025-04-25T10:42:41.980+0000] {processor.py:208} INFO - Processing /home/airflow/.local/lib/python3.12/site-packages/airflow/example_dags/example_short_circuit_operator.py took 0.161 seconds
[2025-04-25T10:43:12.511+0000] {processor.py:186} INFO - Started process (PID=311) to work on /home/airflow/.local/lib/python3.12/site-packages/airflow/example_dags/example_short_circuit_operator.py
[2025-04-25T10:43:12.511+0000] {processor.py:914} INFO - Processing file /home/airflow/.local/lib/python3.12/site-packages/airflow/example_dags/example_short_circuit_operator.py for tasks to queue
[2025-04-25T10:43:12.512+0000] {logging_mixin.py:190} INFO - [2025-04-25T10:43:12.512+0000] {dagbag.py:588} INFO - Filling up the DagBag from /home/airflow/.local/lib/python3.12/site-packages/airflow/example_dags/example_short_circuit_operator.py
[2025-04-25T10:43:12.517+0000] {processor.py:925} INFO - DAG(s) 'example_short_circuit_operator' retrieved from /home/airflow/.local/lib/python3.12/site-packages/airflow/example_dags/example_short_circuit_operator.py
[2025-04-25T10:43:12.526+0000] {logging_mixin.py:190} INFO - [2025-04-25T10:43:12.526+0000] {dag.py:3239} INFO - Sync 1 DAGs
[2025-04-25T10:43:12.532+0000] {logging_mixin.py:190} INFO - [2025-04-25T10:43:12.532+0000] {dag.py:4180} INFO - Setting next_dagrun for example_short_circuit_operator to None, run_after=None
[2025-04-25T10:43:12.539+0000] {processor.py:208} INFO - Processing /home/airflow/.local/lib/python3.12/site-packages/airflow/example_dags/example_short_circuit_operator.py took 0.032 seconds
[2025-04-25T10:43:42.963+0000] {processor.py:186} INFO - Started process (PID=374) to work on /home/airflow/.local/lib/python3.12/site-packages/airflow/example_dags/example_short_circuit_operator.py
[2025-04-25T10:43:42.964+0000] {processor.py:914} INFO - Processing file /home/airflow/.local/lib/python3.12/site-packages/airflow/example_dags/example_short_circuit_operator.py for tasks to queue
[2025-04-25T10:43:42.966+0000] {logging_mixin.py:190} INFO - [2025-04-25T10:43:42.966+0000] {dagbag.py:588} INFO - Filling up the DagBag from /home/airflow/.local/lib/python3.12/site-packages/airflow/example_dags/example_short_circuit_operator.py
[2025-04-25T10:43:42.973+0000] {processor.py:925} INFO - DAG(s) 'example_short_circuit_operator' retrieved from /home/airflow/.local/lib/python3.12/site-packages/airflow/example_dags/example_short_circuit_operator.py
[2025-04-25T10:43:42.988+0000] {logging_mixin.py:190} INFO - [2025-04-25T10:43:42.987+0000] {dag.py:3239} INFO - Sync 1 DAGs
[2025-04-25T10:43:42.995+0000] {logging_mixin.py:190} INFO - [2025-04-25T10:43:42.995+0000] {dag.py:4180} INFO - Setting next_dagrun for example_short_circuit_operator to None, run_after=None
[2025-04-25T10:43:43.003+0000] {processor.py:208} INFO - Processing /home/airflow/.local/lib/python3.12/site-packages/airflow/example_dags/example_short_circuit_operator.py took 0.046 seconds
[2025-04-25T10:44:13.765+0000] {processor.py:186} INFO - Started process (PID=437) to work on /home/airflow/.local/lib/python3.12/site-packages/airflow/example_dags/example_short_circuit_operator.py
[2025-04-25T10:44:13.766+0000] {processor.py:914} INFO - Processing file /home/airflow/.local/lib/python3.12/site-packages/airflow/example_dags/example_short_circuit_operator.py for tasks to queue
[2025-04-25T10:44:13.768+0000] {logging_mixin.py:190} INFO - [2025-04-25T10:44:13.767+0000] {dagbag.py:588} INFO - Filling up the DagBag from /home/airflow/.local/lib/python3.12/site-packages/airflow/example_dags/example_short_circuit_operator.py
[2025-04-25T10:44:13.773+0000] {processor.py:925} INFO - DAG(s) 'example_short_circuit_operator' retrieved from /home/airflow/.local/lib/python3.12/site-packages/airflow/example_dags/example_short_circuit_operator.py
[2025-04-25T10:44:13.786+0000] {logging_mixin.py:190} INFO - [2025-04-25T10:44:13.786+0000] {dag.py:3239} INFO - Sync 1 DAGs
[2025-04-25T10:44:13.792+0000] {logging_mixin.py:190} INFO - [2025-04-25T10:44:13.792+0000] {dag.py:4180} INFO - Setting next_dagrun for example_short_circuit_operator to None, run_after=None
[2025-04-25T10:44:13.799+0000] {processor.py:208} INFO - Processing /home/airflow/.local/lib/python3.12/site-packages/airflow/example_dags/example_short_circuit_operator.py took 0.037 seconds
[2025-04-25T10:44:44.255+0000] {processor.py:186} INFO - Started process (PID=500) to work on /home/airflow/.local/lib/python3.12/site-packages/airflow/example_dags/example_short_circuit_operator.py
[2025-04-25T10:44:44.276+0000] {processor.py:914} INFO - Processing file /home/airflow/.local/lib/python3.12/site-packages/airflow/example_dags/example_short_circuit_operator.py for tasks to queue
[2025-04-25T10:44:44.277+0000] {logging_mixin.py:190} INFO - [2025-04-25T10:44:44.277+0000] {dagbag.py:588} INFO - Filling up the DagBag from /home/airflow/.local/lib/python3.12/site-packages/airflow/example_dags/example_short_circuit_operator.py
[2025-04-25T10:44:44.285+0000] {processor.py:925} INFO - DAG(s) 'example_short_circuit_operator' retrieved from /home/airflow/.local/lib/python3.12/site-packages/airflow/example_dags/example_short_circuit_operator.py
[2025-04-25T10:44:44.328+0000] {logging_mixin.py:190} INFO - [2025-04-25T10:44:44.327+0000] {dag.py:3239} INFO - Sync 1 DAGs
[2025-04-25T10:44:44.356+0000] {logging_mixin.py:190} INFO - [2025-04-25T10:44:44.355+0000] {dag.py:4180} INFO - Setting next_dagrun for example_short_circuit_operator to None, run_after=None
[2025-04-25T10:44:44.373+0000] {processor.py:208} INFO - Processing /home/airflow/.local/lib/python3.12/site-packages/airflow/example_dags/example_short_circuit_operator.py took 0.123 seconds
[2025-04-25T10:45:14.562+0000] {processor.py:186} INFO - Started process (PID=563) to work on /home/airflow/.local/lib/python3.12/site-packages/airflow/example_dags/example_short_circuit_operator.py
[2025-04-25T10:45:14.563+0000] {processor.py:914} INFO - Processing file /home/airflow/.local/lib/python3.12/site-packages/airflow/example_dags/example_short_circuit_operator.py for tasks to queue
[2025-04-25T10:45:14.564+0000] {logging_mixin.py:190} INFO - [2025-04-25T10:45:14.564+0000] {dagbag.py:588} INFO - Filling up the DagBag from /home/airflow/.local/lib/python3.12/site-packages/airflow/example_dags/example_short_circuit_operator.py
[2025-04-25T10:45:14.569+0000] {processor.py:925} INFO - DAG(s) 'example_short_circuit_operator' retrieved from /home/airflow/.local/lib/python3.12/site-packages/airflow/example_dags/example_short_circuit_operator.py
[2025-04-25T10:45:14.581+0000] {logging_mixin.py:190} INFO - [2025-04-25T10:45:14.581+0000] {dag.py:3239} INFO - Sync 1 DAGs
[2025-04-25T10:45:14.588+0000] {logging_mixin.py:190} INFO - [2025-04-25T10:45:14.588+0000] {dag.py:4180} INFO - Setting next_dagrun for example_short_circuit_operator to None, run_after=None
[2025-04-25T10:45:14.595+0000] {processor.py:208} INFO - Processing /home/airflow/.local/lib/python3.12/site-packages/airflow/example_dags/example_short_circuit_operator.py took 0.040 seconds
[2025-04-25T10:45:45.048+0000] {processor.py:186} INFO - Started process (PID=625) to work on /home/airflow/.local/lib/python3.12/site-packages/airflow/example_dags/example_short_circuit_operator.py
[2025-04-25T10:45:45.050+0000] {processor.py:914} INFO - Processing file /home/airflow/.local/lib/python3.12/site-packages/airflow/example_dags/example_short_circuit_operator.py for tasks to queue
[2025-04-25T10:45:45.051+0000] {logging_mixin.py:190} INFO - [2025-04-25T10:45:45.051+0000] {dagbag.py:588} INFO - Filling up the DagBag from /home/airflow/.local/lib/python3.12/site-packages/airflow/example_dags/example_short_circuit_operator.py
[2025-04-25T10:45:45.056+0000] {processor.py:925} INFO - DAG(s) 'example_short_circuit_operator' retrieved from /home/airflow/.local/lib/python3.12/site-packages/airflow/example_dags/example_short_circuit_operator.py
[2025-04-25T10:45:45.069+0000] {logging_mixin.py:190} INFO - [2025-04-25T10:45:45.069+0000] {dag.py:3239} INFO - Sync 1 DAGs
[2025-04-25T10:45:45.079+0000] {logging_mixin.py:190} INFO - [2025-04-25T10:45:45.079+0000] {dag.py:4180} INFO - Setting next_dagrun for example_short_circuit_operator to None, run_after=None
[2025-04-25T10:45:45.092+0000] {processor.py:208} INFO - Processing /home/airflow/.local/lib/python3.12/site-packages/airflow/example_dags/example_short_circuit_operator.py took 0.057 seconds
[2025-04-25T10:46:15.803+0000] {processor.py:186} INFO - Started process (PID=688) to work on /home/airflow/.local/lib/python3.12/site-packages/airflow/example_dags/example_short_circuit_operator.py
[2025-04-25T10:46:15.805+0000] {processor.py:914} INFO - Processing file /home/airflow/.local/lib/python3.12/site-packages/airflow/example_dags/example_short_circuit_operator.py for tasks to queue
[2025-04-25T10:46:15.806+0000] {logging_mixin.py:190} INFO - [2025-04-25T10:46:15.806+0000] {dagbag.py:588} INFO - Filling up the DagBag from /home/airflow/.local/lib/python3.12/site-packages/airflow/example_dags/example_short_circuit_operator.py
[2025-04-25T10:46:15.810+0000] {processor.py:925} INFO - DAG(s) 'example_short_circuit_operator' retrieved from /home/airflow/.local/lib/python3.12/site-packages/airflow/example_dags/example_short_circuit_operator.py
[2025-04-25T10:46:15.820+0000] {logging_mixin.py:190} INFO - [2025-04-25T10:46:15.820+0000] {dag.py:3239} INFO - Sync 1 DAGs
[2025-04-25T10:46:15.826+0000] {logging_mixin.py:190} INFO - [2025-04-25T10:46:15.826+0000] {dag.py:4180} INFO - Setting next_dagrun for example_short_circuit_operator to None, run_after=None
[2025-04-25T10:46:15.832+0000] {processor.py:208} INFO - Processing /home/airflow/.local/lib/python3.12/site-packages/airflow/example_dags/example_short_circuit_operator.py took 0.035 seconds
[2025-04-25T10:46:46.630+0000] {processor.py:186} INFO - Started process (PID=751) to work on /home/airflow/.local/lib/python3.12/site-packages/airflow/example_dags/example_short_circuit_operator.py
[2025-04-25T10:46:46.632+0000] {processor.py:914} INFO - Processing file /home/airflow/.local/lib/python3.12/site-packages/airflow/example_dags/example_short_circuit_operator.py for tasks to queue
[2025-04-25T10:46:46.633+0000] {logging_mixin.py:190} INFO - [2025-04-25T10:46:46.633+0000] {dagbag.py:588} INFO - Filling up the DagBag from /home/airflow/.local/lib/python3.12/site-packages/airflow/example_dags/example_short_circuit_operator.py
[2025-04-25T10:46:46.637+0000] {processor.py:925} INFO - DAG(s) 'example_short_circuit_operator' retrieved from /home/airflow/.local/lib/python3.12/site-packages/airflow/example_dags/example_short_circuit_operator.py
[2025-04-25T10:46:46.652+0000] {logging_mixin.py:190} INFO - [2025-04-25T10:46:46.652+0000] {dag.py:3239} INFO - Sync 1 DAGs
[2025-04-25T10:46:46.659+0000] {logging_mixin.py:190} INFO - [2025-04-25T10:46:46.659+0000] {dag.py:4180} INFO - Setting next_dagrun for example_short_circuit_operator to None, run_after=None
[2025-04-25T10:46:46.667+0000] {processor.py:208} INFO - Processing /home/airflow/.local/lib/python3.12/site-packages/airflow/example_dags/example_short_circuit_operator.py took 0.040 seconds
[2025-04-25T10:47:17.463+0000] {processor.py:186} INFO - Started process (PID=819) to work on /home/airflow/.local/lib/python3.12/site-packages/airflow/example_dags/example_short_circuit_operator.py
[2025-04-25T10:47:17.464+0000] {processor.py:914} INFO - Processing file /home/airflow/.local/lib/python3.12/site-packages/airflow/example_dags/example_short_circuit_operator.py for tasks to queue
[2025-04-25T10:47:17.465+0000] {logging_mixin.py:190} INFO - [2025-04-25T10:47:17.465+0000] {dagbag.py:588} INFO - Filling up the DagBag from /home/airflow/.local/lib/python3.12/site-packages/airflow/example_dags/example_short_circuit_operator.py
[2025-04-25T10:47:17.471+0000] {processor.py:925} INFO - DAG(s) 'example_short_circuit_operator' retrieved from /home/airflow/.local/lib/python3.12/site-packages/airflow/example_dags/example_short_circuit_operator.py
[2025-04-25T10:47:17.484+0000] {logging_mixin.py:190} INFO - [2025-04-25T10:47:17.484+0000] {dag.py:3239} INFO - Sync 1 DAGs
[2025-04-25T10:47:17.490+0000] {logging_mixin.py:190} INFO - [2025-04-25T10:47:17.490+0000] {dag.py:4180} INFO - Setting next_dagrun for example_short_circuit_operator to None, run_after=None
[2025-04-25T10:47:17.497+0000] {processor.py:208} INFO - Processing /home/airflow/.local/lib/python3.12/site-packages/airflow/example_dags/example_short_circuit_operator.py took 0.039 seconds
[2025-04-25T10:47:47.804+0000] {processor.py:186} INFO - Started process (PID=882) to work on /home/airflow/.local/lib/python3.12/site-packages/airflow/example_dags/example_short_circuit_operator.py
[2025-04-25T10:47:47.804+0000] {processor.py:914} INFO - Processing file /home/airflow/.local/lib/python3.12/site-packages/airflow/example_dags/example_short_circuit_operator.py for tasks to queue
[2025-04-25T10:47:47.806+0000] {logging_mixin.py:190} INFO - [2025-04-25T10:47:47.805+0000] {dagbag.py:588} INFO - Filling up the DagBag from /home/airflow/.local/lib/python3.12/site-packages/airflow/example_dags/example_short_circuit_operator.py
[2025-04-25T10:47:47.812+0000] {processor.py:925} INFO - DAG(s) 'example_short_circuit_operator' retrieved from /home/airflow/.local/lib/python3.12/site-packages/airflow/example_dags/example_short_circuit_operator.py
[2025-04-25T10:47:47.825+0000] {logging_mixin.py:190} INFO - [2025-04-25T10:47:47.825+0000] {dag.py:3239} INFO - Sync 1 DAGs
[2025-04-25T10:47:47.832+0000] {logging_mixin.py:190} INFO - [2025-04-25T10:47:47.832+0000] {dag.py:4180} INFO - Setting next_dagrun for example_short_circuit_operator to None, run_after=None
[2025-04-25T10:47:47.839+0000] {processor.py:208} INFO - Processing /home/airflow/.local/lib/python3.12/site-packages/airflow/example_dags/example_short_circuit_operator.py took 0.037 seconds
[2025-04-25T10:48:18.472+0000] {processor.py:186} INFO - Started process (PID=945) to work on /home/airflow/.local/lib/python3.12/site-packages/airflow/example_dags/example_short_circuit_operator.py
[2025-04-25T10:48:18.473+0000] {processor.py:914} INFO - Processing file /home/airflow/.local/lib/python3.12/site-packages/airflow/example_dags/example_short_circuit_operator.py for tasks to queue
[2025-04-25T10:48:18.475+0000] {logging_mixin.py:190} INFO - [2025-04-25T10:48:18.475+0000] {dagbag.py:588} INFO - Filling up the DagBag from /home/airflow/.local/lib/python3.12/site-packages/airflow/example_dags/example_short_circuit_operator.py
[2025-04-25T10:48:18.480+0000] {processor.py:925} INFO - DAG(s) 'example_short_circuit_operator' retrieved from /home/airflow/.local/lib/python3.12/site-packages/airflow/example_dags/example_short_circuit_operator.py
[2025-04-25T10:48:18.497+0000] {logging_mixin.py:190} INFO - [2025-04-25T10:48:18.497+0000] {dag.py:3239} INFO - Sync 1 DAGs
[2025-04-25T10:48:18.505+0000] {logging_mixin.py:190} INFO - [2025-04-25T10:48:18.505+0000] {dag.py:4180} INFO - Setting next_dagrun for example_short_circuit_operator to None, run_after=None
[2025-04-25T10:48:18.513+0000] {processor.py:208} INFO - Processing /home/airflow/.local/lib/python3.12/site-packages/airflow/example_dags/example_short_circuit_operator.py took 0.044 seconds
[2025-04-25T10:48:49.142+0000] {processor.py:186} INFO - Started process (PID=1008) to work on /home/airflow/.local/lib/python3.12/site-packages/airflow/example_dags/example_short_circuit_operator.py
[2025-04-25T10:48:49.144+0000] {processor.py:914} INFO - Processing file /home/airflow/.local/lib/python3.12/site-packages/airflow/example_dags/example_short_circuit_operator.py for tasks to queue
[2025-04-25T10:48:49.145+0000] {logging_mixin.py:190} INFO - [2025-04-25T10:48:49.145+0000] {dagbag.py:588} INFO - Filling up the DagBag from /home/airflow/.local/lib/python3.12/site-packages/airflow/example_dags/example_short_circuit_operator.py
[2025-04-25T10:48:49.151+0000] {processor.py:925} INFO - DAG(s) 'example_short_circuit_operator' retrieved from /home/airflow/.local/lib/python3.12/site-packages/airflow/example_dags/example_short_circuit_operator.py
[2025-04-25T10:48:49.164+0000] {logging_mixin.py:190} INFO - [2025-04-25T10:48:49.164+0000] {dag.py:3239} INFO - Sync 1 DAGs
[2025-04-25T10:48:49.171+0000] {logging_mixin.py:190} INFO - [2025-04-25T10:48:49.171+0000] {dag.py:4180} INFO - Setting next_dagrun for example_short_circuit_operator to None, run_after=None
[2025-04-25T10:48:49.185+0000] {processor.py:208} INFO - Processing /home/airflow/.local/lib/python3.12/site-packages/airflow/example_dags/example_short_circuit_operator.py took 0.049 seconds
[2025-04-25T10:49:20.002+0000] {processor.py:186} INFO - Started process (PID=1071) to work on /home/airflow/.local/lib/python3.12/site-packages/airflow/example_dags/example_short_circuit_operator.py
[2025-04-25T10:49:20.002+0000] {processor.py:914} INFO - Processing file /home/airflow/.local/lib/python3.12/site-packages/airflow/example_dags/example_short_circuit_operator.py for tasks to queue
[2025-04-25T10:49:20.003+0000] {logging_mixin.py:190} INFO - [2025-04-25T10:49:20.003+0000] {dagbag.py:588} INFO - Filling up the DagBag from /home/airflow/.local/lib/python3.12/site-packages/airflow/example_dags/example_short_circuit_operator.py
[2025-04-25T10:49:20.008+0000] {processor.py:925} INFO - DAG(s) 'example_short_circuit_operator' retrieved from /home/airflow/.local/lib/python3.12/site-packages/airflow/example_dags/example_short_circuit_operator.py
[2025-04-25T10:49:20.017+0000] {logging_mixin.py:190} INFO - [2025-04-25T10:49:20.017+0000] {dag.py:3239} INFO - Sync 1 DAGs
[2025-04-25T10:49:20.022+0000] {logging_mixin.py:190} INFO - [2025-04-25T10:49:20.022+0000] {dag.py:4180} INFO - Setting next_dagrun for example_short_circuit_operator to None, run_after=None
[2025-04-25T10:49:20.028+0000] {processor.py:208} INFO - Processing /home/airflow/.local/lib/python3.12/site-packages/airflow/example_dags/example_short_circuit_operator.py took 0.029 seconds
[2025-04-25T10:49:50.272+0000] {processor.py:186} INFO - Started process (PID=1134) to work on /home/airflow/.local/lib/python3.12/site-packages/airflow/example_dags/example_short_circuit_operator.py
[2025-04-25T10:49:50.275+0000] {processor.py:914} INFO - Processing file /home/airflow/.local/lib/python3.12/site-packages/airflow/example_dags/example_short_circuit_operator.py for tasks to queue
[2025-04-25T10:49:50.281+0000] {logging_mixin.py:190} INFO - [2025-04-25T10:49:50.280+0000] {dagbag.py:588} INFO - Filling up the DagBag from /home/airflow/.local/lib/python3.12/site-packages/airflow/example_dags/example_short_circuit_operator.py
[2025-04-25T10:49:50.300+0000] {processor.py:925} INFO - DAG(s) 'example_short_circuit_operator' retrieved from /home/airflow/.local/lib/python3.12/site-packages/airflow/example_dags/example_short_circuit_operator.py
[2025-04-25T10:49:50.322+0000] {logging_mixin.py:190} INFO - [2025-04-25T10:49:50.322+0000] {dag.py:3239} INFO - Sync 1 DAGs
[2025-04-25T10:49:50.331+0000] {logging_mixin.py:190} INFO - [2025-04-25T10:49:50.330+0000] {dag.py:4180} INFO - Setting next_dagrun for example_short_circuit_operator to None, run_after=None
[2025-04-25T10:49:50.339+0000] {processor.py:208} INFO - Processing /home/airflow/.local/lib/python3.12/site-packages/airflow/example_dags/example_short_circuit_operator.py took 0.075 seconds
[2025-04-25T10:50:23.921+0000] {processor.py:186} INFO - Started process (PID=1165) to work on /home/airflow/.local/lib/python3.12/site-packages/airflow/example_dags/example_short_circuit_operator.py
[2025-04-25T10:50:23.924+0000] {processor.py:914} INFO - Processing file /home/airflow/.local/lib/python3.12/site-packages/airflow/example_dags/example_short_circuit_operator.py for tasks to queue
[2025-04-25T10:50:23.929+0000] {logging_mixin.py:190} INFO - [2025-04-25T10:50:23.928+0000] {dagbag.py:588} INFO - Filling up the DagBag from /home/airflow/.local/lib/python3.12/site-packages/airflow/example_dags/example_short_circuit_operator.py
[2025-04-25T10:50:23.989+0000] {processor.py:925} INFO - DAG(s) 'example_short_circuit_operator' retrieved from /home/airflow/.local/lib/python3.12/site-packages/airflow/example_dags/example_short_circuit_operator.py
[2025-04-25T10:50:24.031+0000] {logging_mixin.py:190} INFO - [2025-04-25T10:50:24.031+0000] {dag.py:3239} INFO - Sync 1 DAGs
[2025-04-25T10:50:24.056+0000] {logging_mixin.py:190} INFO - [2025-04-25T10:50:24.056+0000] {dag.py:4180} INFO - Setting next_dagrun for example_short_circuit_operator to None, run_after=None
[2025-04-25T10:50:24.155+0000] {processor.py:208} INFO - Processing /home/airflow/.local/lib/python3.12/site-packages/airflow/example_dags/example_short_circuit_operator.py took 0.246 seconds
[2025-04-25T10:50:56.910+0000] {processor.py:186} INFO - Started process (PID=1228) to work on /home/airflow/.local/lib/python3.12/site-packages/airflow/example_dags/example_short_circuit_operator.py
[2025-04-25T10:50:56.911+0000] {processor.py:914} INFO - Processing file /home/airflow/.local/lib/python3.12/site-packages/airflow/example_dags/example_short_circuit_operator.py for tasks to queue
[2025-04-25T10:50:56.914+0000] {logging_mixin.py:190} INFO - [2025-04-25T10:50:56.914+0000] {dagbag.py:588} INFO - Filling up the DagBag from /home/airflow/.local/lib/python3.12/site-packages/airflow/example_dags/example_short_circuit_operator.py
[2025-04-25T10:50:56.924+0000] {processor.py:925} INFO - DAG(s) 'example_short_circuit_operator' retrieved from /home/airflow/.local/lib/python3.12/site-packages/airflow/example_dags/example_short_circuit_operator.py
[2025-04-25T10:50:56.951+0000] {logging_mixin.py:190} INFO - [2025-04-25T10:50:56.950+0000] {dag.py:3239} INFO - Sync 1 DAGs
[2025-04-25T10:50:56.963+0000] {logging_mixin.py:190} INFO - [2025-04-25T10:50:56.963+0000] {dag.py:4180} INFO - Setting next_dagrun for example_short_circuit_operator to None, run_after=None
[2025-04-25T10:50:56.974+0000] {processor.py:208} INFO - Processing /home/airflow/.local/lib/python3.12/site-packages/airflow/example_dags/example_short_circuit_operator.py took 0.067 seconds
[2025-04-25T10:51:31.130+0000] {processor.py:186} INFO - Started process (PID=1290) to work on /home/airflow/.local/lib/python3.12/site-packages/airflow/example_dags/example_short_circuit_operator.py
[2025-04-25T10:51:31.131+0000] {processor.py:914} INFO - Processing file /home/airflow/.local/lib/python3.12/site-packages/airflow/example_dags/example_short_circuit_operator.py for tasks to queue
[2025-04-25T10:51:31.133+0000] {logging_mixin.py:190} INFO - [2025-04-25T10:51:31.133+0000] {dagbag.py:588} INFO - Filling up the DagBag from /home/airflow/.local/lib/python3.12/site-packages/airflow/example_dags/example_short_circuit_operator.py
[2025-04-25T10:51:31.141+0000] {processor.py:925} INFO - DAG(s) 'example_short_circuit_operator' retrieved from /home/airflow/.local/lib/python3.12/site-packages/airflow/example_dags/example_short_circuit_operator.py
[2025-04-25T10:51:31.170+0000] {logging_mixin.py:190} INFO - [2025-04-25T10:51:31.170+0000] {dag.py:3239} INFO - Sync 1 DAGs
[2025-04-25T10:51:31.188+0000] {logging_mixin.py:190} INFO - [2025-04-25T10:51:31.187+0000] {dag.py:4180} INFO - Setting next_dagrun for example_short_circuit_operator to None, run_after=None
[2025-04-25T10:51:31.203+0000] {processor.py:208} INFO - Processing /home/airflow/.local/lib/python3.12/site-packages/airflow/example_dags/example_short_circuit_operator.py took 0.088 seconds
[2025-04-25T10:52:01.675+0000] {processor.py:186} INFO - Started process (PID=1350) to work on /home/airflow/.local/lib/python3.12/site-packages/airflow/example_dags/example_short_circuit_operator.py
[2025-04-25T10:52:01.677+0000] {processor.py:914} INFO - Processing file /home/airflow/.local/lib/python3.12/site-packages/airflow/example_dags/example_short_circuit_operator.py for tasks to queue
[2025-04-25T10:52:01.678+0000] {logging_mixin.py:190} INFO - [2025-04-25T10:52:01.678+0000] {dagbag.py:588} INFO - Filling up the DagBag from /home/airflow/.local/lib/python3.12/site-packages/airflow/example_dags/example_short_circuit_operator.py
[2025-04-25T10:52:01.683+0000] {processor.py:925} INFO - DAG(s) 'example_short_circuit_operator' retrieved from /home/airflow/.local/lib/python3.12/site-packages/airflow/example_dags/example_short_circuit_operator.py
[2025-04-25T10:52:01.694+0000] {logging_mixin.py:190} INFO - [2025-04-25T10:52:01.694+0000] {dag.py:3239} INFO - Sync 1 DAGs
[2025-04-25T10:52:01.700+0000] {logging_mixin.py:190} INFO - [2025-04-25T10:52:01.700+0000] {dag.py:4180} INFO - Setting next_dagrun for example_short_circuit_operator to None, run_after=None
[2025-04-25T10:52:01.711+0000] {processor.py:208} INFO - Processing /home/airflow/.local/lib/python3.12/site-packages/airflow/example_dags/example_short_circuit_operator.py took 0.038 seconds
[2025-04-25T10:52:31.891+0000] {processor.py:186} INFO - Started process (PID=1413) to work on /home/airflow/.local/lib/python3.12/site-packages/airflow/example_dags/example_short_circuit_operator.py
[2025-04-25T10:52:31.892+0000] {processor.py:914} INFO - Processing file /home/airflow/.local/lib/python3.12/site-packages/airflow/example_dags/example_short_circuit_operator.py for tasks to queue
[2025-04-25T10:52:31.893+0000] {logging_mixin.py:190} INFO - [2025-04-25T10:52:31.893+0000] {dagbag.py:588} INFO - Filling up the DagBag from /home/airflow/.local/lib/python3.12/site-packages/airflow/example_dags/example_short_circuit_operator.py
[2025-04-25T10:52:31.898+0000] {processor.py:925} INFO - DAG(s) 'example_short_circuit_operator' retrieved from /home/airflow/.local/lib/python3.12/site-packages/airflow/example_dags/example_short_circuit_operator.py
[2025-04-25T10:52:31.908+0000] {logging_mixin.py:190} INFO - [2025-04-25T10:52:31.908+0000] {dag.py:3239} INFO - Sync 1 DAGs
[2025-04-25T10:52:31.913+0000] {logging_mixin.py:190} INFO - [2025-04-25T10:52:31.913+0000] {dag.py:4180} INFO - Setting next_dagrun for example_short_circuit_operator to None, run_after=None
[2025-04-25T10:52:31.920+0000] {processor.py:208} INFO - Processing /home/airflow/.local/lib/python3.12/site-packages/airflow/example_dags/example_short_circuit_operator.py took 0.032 seconds
[2025-04-25T10:53:02.618+0000] {processor.py:186} INFO - Started process (PID=1476) to work on /home/airflow/.local/lib/python3.12/site-packages/airflow/example_dags/example_short_circuit_operator.py
[2025-04-25T10:53:02.619+0000] {processor.py:914} INFO - Processing file /home/airflow/.local/lib/python3.12/site-packages/airflow/example_dags/example_short_circuit_operator.py for tasks to queue
[2025-04-25T10:53:02.620+0000] {logging_mixin.py:190} INFO - [2025-04-25T10:53:02.620+0000] {dagbag.py:588} INFO - Filling up the DagBag from /home/airflow/.local/lib/python3.12/site-packages/airflow/example_dags/example_short_circuit_operator.py
[2025-04-25T10:53:02.625+0000] {processor.py:925} INFO - DAG(s) 'example_short_circuit_operator' retrieved from /home/airflow/.local/lib/python3.12/site-packages/airflow/example_dags/example_short_circuit_operator.py
[2025-04-25T10:53:02.638+0000] {logging_mixin.py:190} INFO - [2025-04-25T10:53:02.638+0000] {dag.py:3239} INFO - Sync 1 DAGs
[2025-04-25T10:53:02.644+0000] {logging_mixin.py:190} INFO - [2025-04-25T10:53:02.644+0000] {dag.py:4180} INFO - Setting next_dagrun for example_short_circuit_operator to None, run_after=None
[2025-04-25T10:53:02.651+0000] {processor.py:208} INFO - Processing /home/airflow/.local/lib/python3.12/site-packages/airflow/example_dags/example_short_circuit_operator.py took 0.047 seconds
[2025-04-25T10:53:33.080+0000] {processor.py:186} INFO - Started process (PID=1539) to work on /home/airflow/.local/lib/python3.12/site-packages/airflow/example_dags/example_short_circuit_operator.py
[2025-04-25T10:53:33.081+0000] {processor.py:914} INFO - Processing file /home/airflow/.local/lib/python3.12/site-packages/airflow/example_dags/example_short_circuit_operator.py for tasks to queue
[2025-04-25T10:53:33.083+0000] {logging_mixin.py:190} INFO - [2025-04-25T10:53:33.082+0000] {dagbag.py:588} INFO - Filling up the DagBag from /home/airflow/.local/lib/python3.12/site-packages/airflow/example_dags/example_short_circuit_operator.py
[2025-04-25T10:53:33.089+0000] {processor.py:925} INFO - DAG(s) 'example_short_circuit_operator' retrieved from /home/airflow/.local/lib/python3.12/site-packages/airflow/example_dags/example_short_circuit_operator.py
[2025-04-25T10:53:33.101+0000] {logging_mixin.py:190} INFO - [2025-04-25T10:53:33.101+0000] {dag.py:3239} INFO - Sync 1 DAGs
[2025-04-25T10:53:33.106+0000] {logging_mixin.py:190} INFO - [2025-04-25T10:53:33.106+0000] {dag.py:4180} INFO - Setting next_dagrun for example_short_circuit_operator to None, run_after=None
[2025-04-25T10:53:33.113+0000] {processor.py:208} INFO - Processing /home/airflow/.local/lib/python3.12/site-packages/airflow/example_dags/example_short_circuit_operator.py took 0.039 seconds
[2025-04-25T10:54:03.568+0000] {processor.py:186} INFO - Started process (PID=1602) to work on /home/airflow/.local/lib/python3.12/site-packages/airflow/example_dags/example_short_circuit_operator.py
[2025-04-25T10:54:03.569+0000] {processor.py:914} INFO - Processing file /home/airflow/.local/lib/python3.12/site-packages/airflow/example_dags/example_short_circuit_operator.py for tasks to queue
[2025-04-25T10:54:03.570+0000] {logging_mixin.py:190} INFO - [2025-04-25T10:54:03.570+0000] {dagbag.py:588} INFO - Filling up the DagBag from /home/airflow/.local/lib/python3.12/site-packages/airflow/example_dags/example_short_circuit_operator.py
[2025-04-25T10:54:03.575+0000] {processor.py:925} INFO - DAG(s) 'example_short_circuit_operator' retrieved from /home/airflow/.local/lib/python3.12/site-packages/airflow/example_dags/example_short_circuit_operator.py
[2025-04-25T10:54:03.588+0000] {logging_mixin.py:190} INFO - [2025-04-25T10:54:03.587+0000] {dag.py:3239} INFO - Sync 1 DAGs
[2025-04-25T10:54:03.594+0000] {logging_mixin.py:190} INFO - [2025-04-25T10:54:03.594+0000] {dag.py:4180} INFO - Setting next_dagrun for example_short_circuit_operator to None, run_after=None
[2025-04-25T10:54:03.601+0000] {processor.py:208} INFO - Processing /home/airflow/.local/lib/python3.12/site-packages/airflow/example_dags/example_short_circuit_operator.py took 0.037 seconds
[2025-04-25T10:54:33.869+0000] {processor.py:186} INFO - Started process (PID=1665) to work on /home/airflow/.local/lib/python3.12/site-packages/airflow/example_dags/example_short_circuit_operator.py
[2025-04-25T10:54:33.870+0000] {processor.py:914} INFO - Processing file /home/airflow/.local/lib/python3.12/site-packages/airflow/example_dags/example_short_circuit_operator.py for tasks to queue
[2025-04-25T10:54:33.871+0000] {logging_mixin.py:190} INFO - [2025-04-25T10:54:33.871+0000] {dagbag.py:588} INFO - Filling up the DagBag from /home/airflow/.local/lib/python3.12/site-packages/airflow/example_dags/example_short_circuit_operator.py
[2025-04-25T10:54:33.876+0000] {processor.py:925} INFO - DAG(s) 'example_short_circuit_operator' retrieved from /home/airflow/.local/lib/python3.12/site-packages/airflow/example_dags/example_short_circuit_operator.py
[2025-04-25T10:54:33.890+0000] {logging_mixin.py:190} INFO - [2025-04-25T10:54:33.890+0000] {dag.py:3239} INFO - Sync 1 DAGs
[2025-04-25T10:54:33.896+0000] {logging_mixin.py:190} INFO - [2025-04-25T10:54:33.896+0000] {dag.py:4180} INFO - Setting next_dagrun for example_short_circuit_operator to None, run_after=None
[2025-04-25T10:54:33.904+0000] {processor.py:208} INFO - Processing /home/airflow/.local/lib/python3.12/site-packages/airflow/example_dags/example_short_circuit_operator.py took 0.039 seconds
[2025-04-25T10:55:04.749+0000] {processor.py:186} INFO - Started process (PID=1728) to work on /home/airflow/.local/lib/python3.12/site-packages/airflow/example_dags/example_short_circuit_operator.py
[2025-04-25T10:55:04.750+0000] {processor.py:914} INFO - Processing file /home/airflow/.local/lib/python3.12/site-packages/airflow/example_dags/example_short_circuit_operator.py for tasks to queue
[2025-04-25T10:55:04.753+0000] {logging_mixin.py:190} INFO - [2025-04-25T10:55:04.753+0000] {dagbag.py:588} INFO - Filling up the DagBag from /home/airflow/.local/lib/python3.12/site-packages/airflow/example_dags/example_short_circuit_operator.py
[2025-04-25T10:55:04.760+0000] {processor.py:925} INFO - DAG(s) 'example_short_circuit_operator' retrieved from /home/airflow/.local/lib/python3.12/site-packages/airflow/example_dags/example_short_circuit_operator.py
[2025-04-25T10:55:04.772+0000] {logging_mixin.py:190} INFO - [2025-04-25T10:55:04.772+0000] {dag.py:3239} INFO - Sync 1 DAGs
[2025-04-25T10:55:04.780+0000] {logging_mixin.py:190} INFO - [2025-04-25T10:55:04.780+0000] {dag.py:4180} INFO - Setting next_dagrun for example_short_circuit_operator to None, run_after=None
[2025-04-25T10:55:04.789+0000] {processor.py:208} INFO - Processing /home/airflow/.local/lib/python3.12/site-packages/airflow/example_dags/example_short_circuit_operator.py took 0.054 seconds
[2025-04-25T10:55:35.464+0000] {processor.py:186} INFO - Started process (PID=1791) to work on /home/airflow/.local/lib/python3.12/site-packages/airflow/example_dags/example_short_circuit_operator.py
[2025-04-25T10:55:35.466+0000] {processor.py:914} INFO - Processing file /home/airflow/.local/lib/python3.12/site-packages/airflow/example_dags/example_short_circuit_operator.py for tasks to queue
[2025-04-25T10:55:35.469+0000] {logging_mixin.py:190} INFO - [2025-04-25T10:55:35.468+0000] {dagbag.py:588} INFO - Filling up the DagBag from /home/airflow/.local/lib/python3.12/site-packages/airflow/example_dags/example_short_circuit_operator.py
[2025-04-25T10:55:35.475+0000] {processor.py:925} INFO - DAG(s) 'example_short_circuit_operator' retrieved from /home/airflow/.local/lib/python3.12/site-packages/airflow/example_dags/example_short_circuit_operator.py
[2025-04-25T10:55:35.495+0000] {logging_mixin.py:190} INFO - [2025-04-25T10:55:35.495+0000] {dag.py:3239} INFO - Sync 1 DAGs
[2025-04-25T10:55:35.509+0000] {logging_mixin.py:190} INFO - [2025-04-25T10:55:35.509+0000] {dag.py:4180} INFO - Setting next_dagrun for example_short_circuit_operator to None, run_after=None
[2025-04-25T10:55:35.643+0000] {processor.py:208} INFO - Processing /home/airflow/.local/lib/python3.12/site-packages/airflow/example_dags/example_short_circuit_operator.py took 0.186 seconds
[2025-04-25T10:56:06.207+0000] {processor.py:186} INFO - Started process (PID=1854) to work on /home/airflow/.local/lib/python3.12/site-packages/airflow/example_dags/example_short_circuit_operator.py
[2025-04-25T10:56:06.209+0000] {processor.py:914} INFO - Processing file /home/airflow/.local/lib/python3.12/site-packages/airflow/example_dags/example_short_circuit_operator.py for tasks to queue
[2025-04-25T10:56:06.212+0000] {logging_mixin.py:190} INFO - [2025-04-25T10:56:06.212+0000] {dagbag.py:588} INFO - Filling up the DagBag from /home/airflow/.local/lib/python3.12/site-packages/airflow/example_dags/example_short_circuit_operator.py
[2025-04-25T10:56:06.229+0000] {processor.py:925} INFO - DAG(s) 'example_short_circuit_operator' retrieved from /home/airflow/.local/lib/python3.12/site-packages/airflow/example_dags/example_short_circuit_operator.py
[2025-04-25T10:56:06.246+0000] {logging_mixin.py:190} INFO - [2025-04-25T10:56:06.245+0000] {dag.py:3239} INFO - Sync 1 DAGs
[2025-04-25T10:56:06.253+0000] {logging_mixin.py:190} INFO - [2025-04-25T10:56:06.253+0000] {dag.py:4180} INFO - Setting next_dagrun for example_short_circuit_operator to None, run_after=None
[2025-04-25T10:56:06.268+0000] {processor.py:208} INFO - Processing /home/airflow/.local/lib/python3.12/site-packages/airflow/example_dags/example_short_circuit_operator.py took 0.067 seconds
[2025-04-25T10:56:36.546+0000] {processor.py:186} INFO - Started process (PID=1916) to work on /home/airflow/.local/lib/python3.12/site-packages/airflow/example_dags/example_short_circuit_operator.py
[2025-04-25T10:56:36.547+0000] {processor.py:914} INFO - Processing file /home/airflow/.local/lib/python3.12/site-packages/airflow/example_dags/example_short_circuit_operator.py for tasks to queue
[2025-04-25T10:56:36.548+0000] {logging_mixin.py:190} INFO - [2025-04-25T10:56:36.548+0000] {dagbag.py:588} INFO - Filling up the DagBag from /home/airflow/.local/lib/python3.12/site-packages/airflow/example_dags/example_short_circuit_operator.py
[2025-04-25T10:56:36.553+0000] {processor.py:925} INFO - DAG(s) 'example_short_circuit_operator' retrieved from /home/airflow/.local/lib/python3.12/site-packages/airflow/example_dags/example_short_circuit_operator.py
[2025-04-25T10:56:36.563+0000] {logging_mixin.py:190} INFO - [2025-04-25T10:56:36.563+0000] {dag.py:3239} INFO - Sync 1 DAGs
[2025-04-25T10:56:36.569+0000] {logging_mixin.py:190} INFO - [2025-04-25T10:56:36.569+0000] {dag.py:4180} INFO - Setting next_dagrun for example_short_circuit_operator to None, run_after=None
[2025-04-25T10:56:36.580+0000] {processor.py:208} INFO - Processing /home/airflow/.local/lib/python3.12/site-packages/airflow/example_dags/example_short_circuit_operator.py took 0.037 seconds
[2025-04-25T10:57:07.071+0000] {processor.py:186} INFO - Started process (PID=1979) to work on /home/airflow/.local/lib/python3.12/site-packages/airflow/example_dags/example_short_circuit_operator.py
[2025-04-25T10:57:07.079+0000] {processor.py:914} INFO - Processing file /home/airflow/.local/lib/python3.12/site-packages/airflow/example_dags/example_short_circuit_operator.py for tasks to queue
[2025-04-25T10:57:07.088+0000] {logging_mixin.py:190} INFO - [2025-04-25T10:57:07.087+0000] {dagbag.py:588} INFO - Filling up the DagBag from /home/airflow/.local/lib/python3.12/site-packages/airflow/example_dags/example_short_circuit_operator.py
[2025-04-25T10:57:07.136+0000] {processor.py:925} INFO - DAG(s) 'example_short_circuit_operator' retrieved from /home/airflow/.local/lib/python3.12/site-packages/airflow/example_dags/example_short_circuit_operator.py
[2025-04-25T10:57:07.299+0000] {logging_mixin.py:190} INFO - [2025-04-25T10:57:07.298+0000] {dag.py:3239} INFO - Sync 1 DAGs
[2025-04-25T10:57:07.347+0000] {logging_mixin.py:190} INFO - [2025-04-25T10:57:07.347+0000] {dag.py:4180} INFO - Setting next_dagrun for example_short_circuit_operator to None, run_after=None
[2025-04-25T10:57:07.384+0000] {processor.py:208} INFO - Processing /home/airflow/.local/lib/python3.12/site-packages/airflow/example_dags/example_short_circuit_operator.py took 0.342 seconds
[2025-04-25T10:57:37.458+0000] {processor.py:186} INFO - Started process (PID=2042) to work on /home/airflow/.local/lib/python3.12/site-packages/airflow/example_dags/example_short_circuit_operator.py
[2025-04-25T10:57:37.460+0000] {processor.py:914} INFO - Processing file /home/airflow/.local/lib/python3.12/site-packages/airflow/example_dags/example_short_circuit_operator.py for tasks to queue
[2025-04-25T10:57:37.461+0000] {logging_mixin.py:190} INFO - [2025-04-25T10:57:37.461+0000] {dagbag.py:588} INFO - Filling up the DagBag from /home/airflow/.local/lib/python3.12/site-packages/airflow/example_dags/example_short_circuit_operator.py
[2025-04-25T10:57:37.466+0000] {processor.py:925} INFO - DAG(s) 'example_short_circuit_operator' retrieved from /home/airflow/.local/lib/python3.12/site-packages/airflow/example_dags/example_short_circuit_operator.py
[2025-04-25T10:57:37.477+0000] {logging_mixin.py:190} INFO - [2025-04-25T10:57:37.477+0000] {dag.py:3239} INFO - Sync 1 DAGs
[2025-04-25T10:57:37.487+0000] {logging_mixin.py:190} INFO - [2025-04-25T10:57:37.487+0000] {dag.py:4180} INFO - Setting next_dagrun for example_short_circuit_operator to None, run_after=None
[2025-04-25T10:57:37.494+0000] {processor.py:208} INFO - Processing /home/airflow/.local/lib/python3.12/site-packages/airflow/example_dags/example_short_circuit_operator.py took 0.040 seconds
[2025-04-25T10:58:08.428+0000] {processor.py:186} INFO - Started process (PID=2103) to work on /home/airflow/.local/lib/python3.12/site-packages/airflow/example_dags/example_short_circuit_operator.py
[2025-04-25T10:58:08.429+0000] {processor.py:914} INFO - Processing file /home/airflow/.local/lib/python3.12/site-packages/airflow/example_dags/example_short_circuit_operator.py for tasks to queue
[2025-04-25T10:58:08.430+0000] {logging_mixin.py:190} INFO - [2025-04-25T10:58:08.430+0000] {dagbag.py:588} INFO - Filling up the DagBag from /home/airflow/.local/lib/python3.12/site-packages/airflow/example_dags/example_short_circuit_operator.py
[2025-04-25T10:58:08.434+0000] {processor.py:925} INFO - DAG(s) 'example_short_circuit_operator' retrieved from /home/airflow/.local/lib/python3.12/site-packages/airflow/example_dags/example_short_circuit_operator.py
[2025-04-25T10:58:08.445+0000] {logging_mixin.py:190} INFO - [2025-04-25T10:58:08.445+0000] {dag.py:3239} INFO - Sync 1 DAGs
[2025-04-25T10:58:08.450+0000] {logging_mixin.py:190} INFO - [2025-04-25T10:58:08.450+0000] {dag.py:4180} INFO - Setting next_dagrun for example_short_circuit_operator to None, run_after=None
[2025-04-25T10:58:08.457+0000] {processor.py:208} INFO - Processing /home/airflow/.local/lib/python3.12/site-packages/airflow/example_dags/example_short_circuit_operator.py took 0.033 seconds
[2025-04-25T10:58:38.711+0000] {processor.py:186} INFO - Started process (PID=2166) to work on /home/airflow/.local/lib/python3.12/site-packages/airflow/example_dags/example_short_circuit_operator.py
[2025-04-25T10:58:38.712+0000] {processor.py:914} INFO - Processing file /home/airflow/.local/lib/python3.12/site-packages/airflow/example_dags/example_short_circuit_operator.py for tasks to queue
[2025-04-25T10:58:38.713+0000] {logging_mixin.py:190} INFO - [2025-04-25T10:58:38.713+0000] {dagbag.py:588} INFO - Filling up the DagBag from /home/airflow/.local/lib/python3.12/site-packages/airflow/example_dags/example_short_circuit_operator.py
[2025-04-25T10:58:38.718+0000] {processor.py:925} INFO - DAG(s) 'example_short_circuit_operator' retrieved from /home/airflow/.local/lib/python3.12/site-packages/airflow/example_dags/example_short_circuit_operator.py
[2025-04-25T10:58:38.727+0000] {logging_mixin.py:190} INFO - [2025-04-25T10:58:38.727+0000] {dag.py:3239} INFO - Sync 1 DAGs
[2025-04-25T10:58:38.732+0000] {logging_mixin.py:190} INFO - [2025-04-25T10:58:38.732+0000] {dag.py:4180} INFO - Setting next_dagrun for example_short_circuit_operator to None, run_after=None
[2025-04-25T10:58:38.739+0000] {processor.py:208} INFO - Processing /home/airflow/.local/lib/python3.12/site-packages/airflow/example_dags/example_short_circuit_operator.py took 0.030 seconds
[2025-04-25T10:59:09.031+0000] {processor.py:186} INFO - Started process (PID=2229) to work on /home/airflow/.local/lib/python3.12/site-packages/airflow/example_dags/example_short_circuit_operator.py
[2025-04-25T10:59:09.032+0000] {processor.py:914} INFO - Processing file /home/airflow/.local/lib/python3.12/site-packages/airflow/example_dags/example_short_circuit_operator.py for tasks to queue
[2025-04-25T10:59:09.034+0000] {logging_mixin.py:190} INFO - [2025-04-25T10:59:09.034+0000] {dagbag.py:588} INFO - Filling up the DagBag from /home/airflow/.local/lib/python3.12/site-packages/airflow/example_dags/example_short_circuit_operator.py
[2025-04-25T10:59:09.038+0000] {processor.py:925} INFO - DAG(s) 'example_short_circuit_operator' retrieved from /home/airflow/.local/lib/python3.12/site-packages/airflow/example_dags/example_short_circuit_operator.py
[2025-04-25T10:59:09.048+0000] {logging_mixin.py:190} INFO - [2025-04-25T10:59:09.048+0000] {dag.py:3239} INFO - Sync 1 DAGs
[2025-04-25T10:59:09.053+0000] {logging_mixin.py:190} INFO - [2025-04-25T10:59:09.053+0000] {dag.py:4180} INFO - Setting next_dagrun for example_short_circuit_operator to None, run_after=None
[2025-04-25T10:59:09.060+0000] {processor.py:208} INFO - Processing /home/airflow/.local/lib/python3.12/site-packages/airflow/example_dags/example_short_circuit_operator.py took 0.031 seconds
[2025-04-25T10:59:39.547+0000] {processor.py:186} INFO - Started process (PID=2292) to work on /home/airflow/.local/lib/python3.12/site-packages/airflow/example_dags/example_short_circuit_operator.py
[2025-04-25T10:59:39.549+0000] {processor.py:914} INFO - Processing file /home/airflow/.local/lib/python3.12/site-packages/airflow/example_dags/example_short_circuit_operator.py for tasks to queue
[2025-04-25T10:59:39.550+0000] {logging_mixin.py:190} INFO - [2025-04-25T10:59:39.550+0000] {dagbag.py:588} INFO - Filling up the DagBag from /home/airflow/.local/lib/python3.12/site-packages/airflow/example_dags/example_short_circuit_operator.py
[2025-04-25T10:59:39.555+0000] {processor.py:925} INFO - DAG(s) 'example_short_circuit_operator' retrieved from /home/airflow/.local/lib/python3.12/site-packages/airflow/example_dags/example_short_circuit_operator.py
[2025-04-25T10:59:39.567+0000] {logging_mixin.py:190} INFO - [2025-04-25T10:59:39.567+0000] {dag.py:3239} INFO - Sync 1 DAGs
[2025-04-25T10:59:39.573+0000] {logging_mixin.py:190} INFO - [2025-04-25T10:59:39.573+0000] {dag.py:4180} INFO - Setting next_dagrun for example_short_circuit_operator to None, run_after=None
[2025-04-25T10:59:39.579+0000] {processor.py:208} INFO - Processing /home/airflow/.local/lib/python3.12/site-packages/airflow/example_dags/example_short_circuit_operator.py took 0.044 seconds
[2025-04-25T11:00:10.643+0000] {processor.py:186} INFO - Started process (PID=2355) to work on /home/airflow/.local/lib/python3.12/site-packages/airflow/example_dags/example_short_circuit_operator.py
[2025-04-25T11:00:10.644+0000] {processor.py:914} INFO - Processing file /home/airflow/.local/lib/python3.12/site-packages/airflow/example_dags/example_short_circuit_operator.py for tasks to queue
[2025-04-25T11:00:10.646+0000] {logging_mixin.py:190} INFO - [2025-04-25T11:00:10.645+0000] {dagbag.py:588} INFO - Filling up the DagBag from /home/airflow/.local/lib/python3.12/site-packages/airflow/example_dags/example_short_circuit_operator.py
[2025-04-25T11:00:10.650+0000] {processor.py:925} INFO - DAG(s) 'example_short_circuit_operator' retrieved from /home/airflow/.local/lib/python3.12/site-packages/airflow/example_dags/example_short_circuit_operator.py
[2025-04-25T11:00:10.663+0000] {logging_mixin.py:190} INFO - [2025-04-25T11:00:10.663+0000] {dag.py:3239} INFO - Sync 1 DAGs
[2025-04-25T11:00:10.670+0000] {logging_mixin.py:190} INFO - [2025-04-25T11:00:10.670+0000] {dag.py:4180} INFO - Setting next_dagrun for example_short_circuit_operator to None, run_after=None
[2025-04-25T11:00:10.677+0000] {processor.py:208} INFO - Processing /home/airflow/.local/lib/python3.12/site-packages/airflow/example_dags/example_short_circuit_operator.py took 0.045 seconds
[2025-04-25T11:00:41.512+0000] {processor.py:186} INFO - Started process (PID=2418) to work on /home/airflow/.local/lib/python3.12/site-packages/airflow/example_dags/example_short_circuit_operator.py
[2025-04-25T11:00:41.512+0000] {processor.py:914} INFO - Processing file /home/airflow/.local/lib/python3.12/site-packages/airflow/example_dags/example_short_circuit_operator.py for tasks to queue
[2025-04-25T11:00:41.514+0000] {logging_mixin.py:190} INFO - [2025-04-25T11:00:41.513+0000] {dagbag.py:588} INFO - Filling up the DagBag from /home/airflow/.local/lib/python3.12/site-packages/airflow/example_dags/example_short_circuit_operator.py
[2025-04-25T11:00:41.519+0000] {processor.py:925} INFO - DAG(s) 'example_short_circuit_operator' retrieved from /home/airflow/.local/lib/python3.12/site-packages/airflow/example_dags/example_short_circuit_operator.py
[2025-04-25T11:00:41.540+0000] {logging_mixin.py:190} INFO - [2025-04-25T11:00:41.540+0000] {dag.py:3239} INFO - Sync 1 DAGs
[2025-04-25T11:00:41.553+0000] {logging_mixin.py:190} INFO - [2025-04-25T11:00:41.553+0000] {dag.py:4180} INFO - Setting next_dagrun for example_short_circuit_operator to None, run_after=None
[2025-04-25T11:00:41.564+0000] {processor.py:208} INFO - Processing /home/airflow/.local/lib/python3.12/site-packages/airflow/example_dags/example_short_circuit_operator.py took 0.056 seconds
[2025-04-25T11:01:12.151+0000] {processor.py:186} INFO - Started process (PID=2481) to work on /home/airflow/.local/lib/python3.12/site-packages/airflow/example_dags/example_short_circuit_operator.py
[2025-04-25T11:01:12.153+0000] {processor.py:914} INFO - Processing file /home/airflow/.local/lib/python3.12/site-packages/airflow/example_dags/example_short_circuit_operator.py for tasks to queue
[2025-04-25T11:01:12.154+0000] {logging_mixin.py:190} INFO - [2025-04-25T11:01:12.154+0000] {dagbag.py:588} INFO - Filling up the DagBag from /home/airflow/.local/lib/python3.12/site-packages/airflow/example_dags/example_short_circuit_operator.py
[2025-04-25T11:01:12.159+0000] {processor.py:925} INFO - DAG(s) 'example_short_circuit_operator' retrieved from /home/airflow/.local/lib/python3.12/site-packages/airflow/example_dags/example_short_circuit_operator.py
[2025-04-25T11:01:12.173+0000] {logging_mixin.py:190} INFO - [2025-04-25T11:01:12.173+0000] {dag.py:3239} INFO - Sync 1 DAGs
[2025-04-25T11:01:12.191+0000] {logging_mixin.py:190} INFO - [2025-04-25T11:01:12.191+0000] {dag.py:4180} INFO - Setting next_dagrun for example_short_circuit_operator to None, run_after=None
[2025-04-25T11:01:12.205+0000] {processor.py:208} INFO - Processing /home/airflow/.local/lib/python3.12/site-packages/airflow/example_dags/example_short_circuit_operator.py took 0.058 seconds
[2025-04-25T11:01:42.490+0000] {processor.py:186} INFO - Started process (PID=2543) to work on /home/airflow/.local/lib/python3.12/site-packages/airflow/example_dags/example_short_circuit_operator.py
[2025-04-25T11:01:42.492+0000] {processor.py:914} INFO - Processing file /home/airflow/.local/lib/python3.12/site-packages/airflow/example_dags/example_short_circuit_operator.py for tasks to queue
[2025-04-25T11:01:42.495+0000] {logging_mixin.py:190} INFO - [2025-04-25T11:01:42.494+0000] {dagbag.py:588} INFO - Filling up the DagBag from /home/airflow/.local/lib/python3.12/site-packages/airflow/example_dags/example_short_circuit_operator.py
[2025-04-25T11:01:42.508+0000] {processor.py:925} INFO - DAG(s) 'example_short_circuit_operator' retrieved from /home/airflow/.local/lib/python3.12/site-packages/airflow/example_dags/example_short_circuit_operator.py
[2025-04-25T11:01:42.522+0000] {logging_mixin.py:190} INFO - [2025-04-25T11:01:42.522+0000] {dag.py:3239} INFO - Sync 1 DAGs
[2025-04-25T11:01:42.539+0000] {logging_mixin.py:190} INFO - [2025-04-25T11:01:42.539+0000] {dag.py:4180} INFO - Setting next_dagrun for example_short_circuit_operator to None, run_after=None
[2025-04-25T11:01:42.551+0000] {processor.py:208} INFO - Processing /home/airflow/.local/lib/python3.12/site-packages/airflow/example_dags/example_short_circuit_operator.py took 0.067 seconds
[2025-04-25T11:02:13.331+0000] {processor.py:186} INFO - Started process (PID=2606) to work on /home/airflow/.local/lib/python3.12/site-packages/airflow/example_dags/example_short_circuit_operator.py
[2025-04-25T11:02:13.332+0000] {processor.py:914} INFO - Processing file /home/airflow/.local/lib/python3.12/site-packages/airflow/example_dags/example_short_circuit_operator.py for tasks to queue
[2025-04-25T11:02:13.333+0000] {logging_mixin.py:190} INFO - [2025-04-25T11:02:13.333+0000] {dagbag.py:588} INFO - Filling up the DagBag from /home/airflow/.local/lib/python3.12/site-packages/airflow/example_dags/example_short_circuit_operator.py
[2025-04-25T11:02:13.343+0000] {processor.py:925} INFO - DAG(s) 'example_short_circuit_operator' retrieved from /home/airflow/.local/lib/python3.12/site-packages/airflow/example_dags/example_short_circuit_operator.py
[2025-04-25T11:02:13.356+0000] {logging_mixin.py:190} INFO - [2025-04-25T11:02:13.356+0000] {dag.py:3239} INFO - Sync 1 DAGs
[2025-04-25T11:02:13.363+0000] {logging_mixin.py:190} INFO - [2025-04-25T11:02:13.363+0000] {dag.py:4180} INFO - Setting next_dagrun for example_short_circuit_operator to None, run_after=None
[2025-04-25T11:02:13.370+0000] {processor.py:208} INFO - Processing /home/airflow/.local/lib/python3.12/site-packages/airflow/example_dags/example_short_circuit_operator.py took 0.043 seconds
[2025-04-25T11:02:53.574+0000] {processor.py:186} INFO - Started process (PID=2668) to work on /home/airflow/.local/lib/python3.12/site-packages/airflow/example_dags/example_short_circuit_operator.py
[2025-04-25T11:02:53.609+0000] {processor.py:914} INFO - Processing file /home/airflow/.local/lib/python3.12/site-packages/airflow/example_dags/example_short_circuit_operator.py for tasks to queue
[2025-04-25T11:02:53.669+0000] {logging_mixin.py:190} INFO - [2025-04-25T11:02:53.636+0000] {dagbag.py:588} INFO - Filling up the DagBag from /home/airflow/.local/lib/python3.12/site-packages/airflow/example_dags/example_short_circuit_operator.py
[2025-04-25T11:02:53.915+0000] {processor.py:925} INFO - DAG(s) 'example_short_circuit_operator' retrieved from /home/airflow/.local/lib/python3.12/site-packages/airflow/example_dags/example_short_circuit_operator.py
[2025-04-25T11:02:54.456+0000] {logging_mixin.py:190} INFO - [2025-04-25T11:02:54.448+0000] {dag.py:3239} INFO - Sync 1 DAGs
[2025-04-25T11:02:54.534+0000] {logging_mixin.py:190} INFO - [2025-04-25T11:02:54.533+0000] {dag.py:4180} INFO - Setting next_dagrun for example_short_circuit_operator to None, run_after=None
[2025-04-25T11:02:54.662+0000] {processor.py:208} INFO - Processing /home/airflow/.local/lib/python3.12/site-packages/airflow/example_dags/example_short_circuit_operator.py took 1.149 seconds
[2025-04-25T11:03:59.613+0000] {processor.py:186} INFO - Started process (PID=2715) to work on /home/airflow/.local/lib/python3.12/site-packages/airflow/example_dags/example_short_circuit_operator.py
[2025-04-25T11:03:59.663+0000] {processor.py:914} INFO - Processing file /home/airflow/.local/lib/python3.12/site-packages/airflow/example_dags/example_short_circuit_operator.py for tasks to queue
[2025-04-25T11:03:59.710+0000] {logging_mixin.py:190} INFO - [2025-04-25T11:03:59.710+0000] {dagbag.py:588} INFO - Filling up the DagBag from /home/airflow/.local/lib/python3.12/site-packages/airflow/example_dags/example_short_circuit_operator.py
[2025-04-25T11:03:59.808+0000] {processor.py:925} INFO - DAG(s) 'example_short_circuit_operator' retrieved from /home/airflow/.local/lib/python3.12/site-packages/airflow/example_dags/example_short_circuit_operator.py
[2025-04-25T11:03:59.936+0000] {logging_mixin.py:190} INFO - [2025-04-25T11:03:59.935+0000] {dag.py:3239} INFO - Sync 1 DAGs
[2025-04-25T11:04:14.054+0000] {logging_mixin.py:190} INFO - [2025-04-25T11:04:13.698+0000] {dag.py:4180} INFO - Setting next_dagrun for example_short_circuit_operator to None, run_after=None
[2025-04-25T11:04:17.360+0000] {processor.py:208} INFO - Processing /home/airflow/.local/lib/python3.12/site-packages/airflow/example_dags/example_short_circuit_operator.py took 17.768 seconds
[2025-04-25T11:11:14.934+0000] {processor.py:186} INFO - Started process (PID=2829) to work on /home/airflow/.local/lib/python3.12/site-packages/airflow/example_dags/example_short_circuit_operator.py
[2025-04-25T11:11:15.368+0000] {processor.py:914} INFO - Processing file /home/airflow/.local/lib/python3.12/site-packages/airflow/example_dags/example_short_circuit_operator.py for tasks to queue
[2025-04-25T11:11:15.639+0000] {logging_mixin.py:190} INFO - [2025-04-25T11:11:15.615+0000] {dagbag.py:588} INFO - Filling up the DagBag from /home/airflow/.local/lib/python3.12/site-packages/airflow/example_dags/example_short_circuit_operator.py
[2025-04-25T11:11:16.010+0000] {processor.py:925} INFO - DAG(s) 'example_short_circuit_operator' retrieved from /home/airflow/.local/lib/python3.12/site-packages/airflow/example_dags/example_short_circuit_operator.py
[2025-04-25T11:11:17.783+0000] {logging_mixin.py:190} INFO - [2025-04-25T11:11:17.753+0000] {dag.py:3239} INFO - Sync 1 DAGs
[2025-04-25T11:11:18.765+0000] {logging_mixin.py:190} INFO - [2025-04-25T11:11:18.698+0000] {dag.py:4180} INFO - Setting next_dagrun for example_short_circuit_operator to None, run_after=None
[2025-04-25T11:11:24.403+0000] {processor.py:208} INFO - Processing /home/airflow/.local/lib/python3.12/site-packages/airflow/example_dags/example_short_circuit_operator.py took 9.847 seconds
[2025-04-25T11:15:31.796+0000] {processor.py:186} INFO - Started process (PID=2889) to work on /home/airflow/.local/lib/python3.12/site-packages/airflow/example_dags/example_short_circuit_operator.py
[2025-04-25T11:15:32.027+0000] {processor.py:914} INFO - Processing file /home/airflow/.local/lib/python3.12/site-packages/airflow/example_dags/example_short_circuit_operator.py for tasks to queue
[2025-04-25T11:15:32.916+0000] {logging_mixin.py:190} INFO - [2025-04-25T11:15:32.770+0000] {dagbag.py:588} INFO - Filling up the DagBag from /home/airflow/.local/lib/python3.12/site-packages/airflow/example_dags/example_short_circuit_operator.py
[2025-04-25T11:15:34.806+0000] {processor.py:925} INFO - DAG(s) 'example_short_circuit_operator' retrieved from /home/airflow/.local/lib/python3.12/site-packages/airflow/example_dags/example_short_circuit_operator.py
[2025-04-25T11:15:40.268+0000] {logging_mixin.py:190} INFO - [2025-04-25T11:15:40.221+0000] {dag.py:3239} INFO - Sync 1 DAGs
[2025-04-25T11:15:44.098+0000] {logging_mixin.py:190} INFO - [2025-04-25T11:15:44.054+0000] {dag.py:4180} INFO - Setting next_dagrun for example_short_circuit_operator to None, run_after=None
[2025-04-25T11:15:46.401+0000] {processor.py:208} INFO - Processing /home/airflow/.local/lib/python3.12/site-packages/airflow/example_dags/example_short_circuit_operator.py took 15.856 seconds
[2025-04-25T11:20:14.094+0000] {processor.py:186} INFO - Started process (PID=2997) to work on /home/airflow/.local/lib/python3.12/site-packages/airflow/example_dags/example_short_circuit_operator.py
[2025-04-25T11:20:14.139+0000] {processor.py:914} INFO - Processing file /home/airflow/.local/lib/python3.12/site-packages/airflow/example_dags/example_short_circuit_operator.py for tasks to queue
[2025-04-25T11:20:14.175+0000] {logging_mixin.py:190} INFO - [2025-04-25T11:20:14.170+0000] {dagbag.py:588} INFO - Filling up the DagBag from /home/airflow/.local/lib/python3.12/site-packages/airflow/example_dags/example_short_circuit_operator.py
[2025-04-25T11:20:14.338+0000] {processor.py:925} INFO - DAG(s) 'example_short_circuit_operator' retrieved from /home/airflow/.local/lib/python3.12/site-packages/airflow/example_dags/example_short_circuit_operator.py
[2025-04-25T11:20:14.997+0000] {logging_mixin.py:190} INFO - [2025-04-25T11:20:14.992+0000] {dag.py:3239} INFO - Sync 1 DAGs
[2025-04-25T11:20:15.827+0000] {logging_mixin.py:190} INFO - [2025-04-25T11:20:15.823+0000] {dag.py:4180} INFO - Setting next_dagrun for example_short_circuit_operator to None, run_after=None
[2025-04-25T11:20:16.214+0000] {processor.py:208} INFO - Processing /home/airflow/.local/lib/python3.12/site-packages/airflow/example_dags/example_short_circuit_operator.py took 2.281 seconds
[2025-04-25T11:21:07.821+0000] {processor.py:186} INFO - Started process (PID=3051) to work on /home/airflow/.local/lib/python3.12/site-packages/airflow/example_dags/example_short_circuit_operator.py
[2025-04-25T11:21:07.824+0000] {processor.py:914} INFO - Processing file /home/airflow/.local/lib/python3.12/site-packages/airflow/example_dags/example_short_circuit_operator.py for tasks to queue
[2025-04-25T11:21:07.827+0000] {logging_mixin.py:190} INFO - [2025-04-25T11:21:07.826+0000] {dagbag.py:588} INFO - Filling up the DagBag from /home/airflow/.local/lib/python3.12/site-packages/airflow/example_dags/example_short_circuit_operator.py
[2025-04-25T11:21:07.849+0000] {processor.py:925} INFO - DAG(s) 'example_short_circuit_operator' retrieved from /home/airflow/.local/lib/python3.12/site-packages/airflow/example_dags/example_short_circuit_operator.py
[2025-04-25T11:21:08.011+0000] {logging_mixin.py:190} INFO - [2025-04-25T11:21:08.010+0000] {dag.py:3239} INFO - Sync 1 DAGs
[2025-04-25T11:21:08.072+0000] {logging_mixin.py:190} INFO - [2025-04-25T11:21:08.071+0000] {dag.py:4180} INFO - Setting next_dagrun for example_short_circuit_operator to None, run_after=None
[2025-04-25T11:21:08.171+0000] {processor.py:208} INFO - Processing /home/airflow/.local/lib/python3.12/site-packages/airflow/example_dags/example_short_circuit_operator.py took 0.357 seconds
[2025-04-25T11:21:38.599+0000] {processor.py:186} INFO - Started process (PID=3113) to work on /home/airflow/.local/lib/python3.12/site-packages/airflow/example_dags/example_short_circuit_operator.py
[2025-04-25T11:21:38.603+0000] {processor.py:914} INFO - Processing file /home/airflow/.local/lib/python3.12/site-packages/airflow/example_dags/example_short_circuit_operator.py for tasks to queue
[2025-04-25T11:21:38.607+0000] {logging_mixin.py:190} INFO - [2025-04-25T11:21:38.606+0000] {dagbag.py:588} INFO - Filling up the DagBag from /home/airflow/.local/lib/python3.12/site-packages/airflow/example_dags/example_short_circuit_operator.py
[2025-04-25T11:21:38.616+0000] {processor.py:925} INFO - DAG(s) 'example_short_circuit_operator' retrieved from /home/airflow/.local/lib/python3.12/site-packages/airflow/example_dags/example_short_circuit_operator.py
[2025-04-25T11:21:38.664+0000] {logging_mixin.py:190} INFO - [2025-04-25T11:21:38.664+0000] {dag.py:3239} INFO - Sync 1 DAGs
[2025-04-25T11:21:38.684+0000] {logging_mixin.py:190} INFO - [2025-04-25T11:21:38.683+0000] {dag.py:4180} INFO - Setting next_dagrun for example_short_circuit_operator to None, run_after=None
[2025-04-25T11:21:38.715+0000] {processor.py:208} INFO - Processing /home/airflow/.local/lib/python3.12/site-packages/airflow/example_dags/example_short_circuit_operator.py took 0.124 seconds
[2025-04-25T11:22:09.376+0000] {processor.py:186} INFO - Started process (PID=3174) to work on /home/airflow/.local/lib/python3.12/site-packages/airflow/example_dags/example_short_circuit_operator.py
[2025-04-25T11:22:09.387+0000] {processor.py:914} INFO - Processing file /home/airflow/.local/lib/python3.12/site-packages/airflow/example_dags/example_short_circuit_operator.py for tasks to queue
[2025-04-25T11:22:09.399+0000] {logging_mixin.py:190} INFO - [2025-04-25T11:22:09.392+0000] {dagbag.py:588} INFO - Filling up the DagBag from /home/airflow/.local/lib/python3.12/site-packages/airflow/example_dags/example_short_circuit_operator.py
[2025-04-25T11:22:09.445+0000] {processor.py:925} INFO - DAG(s) 'example_short_circuit_operator' retrieved from /home/airflow/.local/lib/python3.12/site-packages/airflow/example_dags/example_short_circuit_operator.py
[2025-04-25T11:22:09.676+0000] {logging_mixin.py:190} INFO - [2025-04-25T11:22:09.672+0000] {dag.py:3239} INFO - Sync 1 DAGs
[2025-04-25T11:22:09.762+0000] {logging_mixin.py:190} INFO - [2025-04-25T11:22:09.761+0000] {dag.py:4180} INFO - Setting next_dagrun for example_short_circuit_operator to None, run_after=None
[2025-04-25T11:22:09.814+0000] {processor.py:208} INFO - Processing /home/airflow/.local/lib/python3.12/site-packages/airflow/example_dags/example_short_circuit_operator.py took 0.454 seconds
[2025-04-25T11:22:52.756+0000] {processor.py:186} INFO - Started process (PID=3217) to work on /home/airflow/.local/lib/python3.12/site-packages/airflow/example_dags/example_short_circuit_operator.py
[2025-04-25T11:22:52.771+0000] {processor.py:914} INFO - Processing file /home/airflow/.local/lib/python3.12/site-packages/airflow/example_dags/example_short_circuit_operator.py for tasks to queue
[2025-04-25T11:22:52.792+0000] {logging_mixin.py:190} INFO - [2025-04-25T11:22:52.791+0000] {dagbag.py:588} INFO - Filling up the DagBag from /home/airflow/.local/lib/python3.12/site-packages/airflow/example_dags/example_short_circuit_operator.py
[2025-04-25T11:22:52.834+0000] {processor.py:925} INFO - DAG(s) 'example_short_circuit_operator' retrieved from /home/airflow/.local/lib/python3.12/site-packages/airflow/example_dags/example_short_circuit_operator.py
[2025-04-25T11:22:52.924+0000] {logging_mixin.py:190} INFO - [2025-04-25T11:22:52.924+0000] {dag.py:3239} INFO - Sync 1 DAGs
[2025-04-25T11:22:52.941+0000] {logging_mixin.py:190} INFO - [2025-04-25T11:22:52.941+0000] {dag.py:4180} INFO - Setting next_dagrun for example_short_circuit_operator to None, run_after=None
[2025-04-25T11:22:53.017+0000] {processor.py:208} INFO - Processing /home/airflow/.local/lib/python3.12/site-packages/airflow/example_dags/example_short_circuit_operator.py took 0.286 seconds
[2025-04-25T11:23:28.144+0000] {processor.py:186} INFO - Started process (PID=3279) to work on /home/airflow/.local/lib/python3.12/site-packages/airflow/example_dags/example_short_circuit_operator.py
[2025-04-25T11:23:28.147+0000] {processor.py:914} INFO - Processing file /home/airflow/.local/lib/python3.12/site-packages/airflow/example_dags/example_short_circuit_operator.py for tasks to queue
[2025-04-25T11:23:28.150+0000] {logging_mixin.py:190} INFO - [2025-04-25T11:23:28.149+0000] {dagbag.py:588} INFO - Filling up the DagBag from /home/airflow/.local/lib/python3.12/site-packages/airflow/example_dags/example_short_circuit_operator.py
[2025-04-25T11:23:28.185+0000] {processor.py:925} INFO - DAG(s) 'example_short_circuit_operator' retrieved from /home/airflow/.local/lib/python3.12/site-packages/airflow/example_dags/example_short_circuit_operator.py
[2025-04-25T11:23:28.266+0000] {logging_mixin.py:190} INFO - [2025-04-25T11:23:28.266+0000] {dag.py:3239} INFO - Sync 1 DAGs
[2025-04-25T11:23:28.988+0000] {logging_mixin.py:190} INFO - [2025-04-25T11:23:28.987+0000] {dag.py:4180} INFO - Setting next_dagrun for example_short_circuit_operator to None, run_after=None
[2025-04-25T11:23:29.241+0000] {processor.py:208} INFO - Processing /home/airflow/.local/lib/python3.12/site-packages/airflow/example_dags/example_short_circuit_operator.py took 1.104 seconds
