[2025-04-25T10:41:23.993+0000] {processor.py:186} INFO - Started process (PID=108) to work on /home/airflow/.local/lib/python3.12/site-packages/airflow/example_dags/example_setup_teardown_taskflow.py
[2025-04-25T10:41:23.994+0000] {processor.py:914} INFO - Processing file /home/airflow/.local/lib/python3.12/site-packages/airflow/example_dags/example_setup_teardown_taskflow.py for tasks to queue
[2025-04-25T10:41:23.997+0000] {logging_mixin.py:190} INFO - [2025-04-25T10:41:23.997+0000] {dagbag.py:588} INFO - Filling up the DagBag from /home/airflow/.local/lib/python3.12/site-packages/airflow/example_dags/example_setup_teardown_taskflow.py
[2025-04-25T10:41:24.008+0000] {processor.py:925} INFO - DAG(s) 'example_setup_teardown_taskflow' retrieved from /home/airflow/.local/lib/python3.12/site-packages/airflow/example_dags/example_setup_teardown_taskflow.py
[2025-04-25T10:41:24.033+0000] {logging_mixin.py:190} INFO - [2025-04-25T10:41:24.032+0000] {dag.py:3239} INFO - Sync 1 DAGs
[2025-04-25T10:41:24.060+0000] {logging_mixin.py:190} INFO - [2025-04-25T10:41:24.059+0000] {dag.py:4180} INFO - Setting next_dagrun for example_setup_teardown_taskflow to None, run_after=None
[2025-04-25T10:41:24.083+0000] {processor.py:208} INFO - Processing /home/airflow/.local/lib/python3.12/site-packages/airflow/example_dags/example_setup_teardown_taskflow.py took 0.096 seconds
[2025-04-25T10:41:54.913+0000] {processor.py:186} INFO - Started process (PID=171) to work on /home/airflow/.local/lib/python3.12/site-packages/airflow/example_dags/example_setup_teardown_taskflow.py
[2025-04-25T10:41:54.914+0000] {processor.py:914} INFO - Processing file /home/airflow/.local/lib/python3.12/site-packages/airflow/example_dags/example_setup_teardown_taskflow.py for tasks to queue
[2025-04-25T10:41:54.915+0000] {logging_mixin.py:190} INFO - [2025-04-25T10:41:54.915+0000] {dagbag.py:588} INFO - Filling up the DagBag from /home/airflow/.local/lib/python3.12/site-packages/airflow/example_dags/example_setup_teardown_taskflow.py
[2025-04-25T10:41:54.920+0000] {processor.py:925} INFO - DAG(s) 'example_setup_teardown_taskflow' retrieved from /home/airflow/.local/lib/python3.12/site-packages/airflow/example_dags/example_setup_teardown_taskflow.py
[2025-04-25T10:41:54.929+0000] {logging_mixin.py:190} INFO - [2025-04-25T10:41:54.929+0000] {dag.py:3239} INFO - Sync 1 DAGs
[2025-04-25T10:41:54.934+0000] {logging_mixin.py:190} INFO - [2025-04-25T10:41:54.934+0000] {dag.py:4180} INFO - Setting next_dagrun for example_setup_teardown_taskflow to None, run_after=None
[2025-04-25T10:41:54.941+0000] {processor.py:208} INFO - Processing /home/airflow/.local/lib/python3.12/site-packages/airflow/example_dags/example_setup_teardown_taskflow.py took 0.031 seconds
[2025-04-25T10:42:25.853+0000] {processor.py:186} INFO - Started process (PID=234) to work on /home/airflow/.local/lib/python3.12/site-packages/airflow/example_dags/example_setup_teardown_taskflow.py
[2025-04-25T10:42:25.854+0000] {processor.py:914} INFO - Processing file /home/airflow/.local/lib/python3.12/site-packages/airflow/example_dags/example_setup_teardown_taskflow.py for tasks to queue
[2025-04-25T10:42:25.855+0000] {logging_mixin.py:190} INFO - [2025-04-25T10:42:25.855+0000] {dagbag.py:588} INFO - Filling up the DagBag from /home/airflow/.local/lib/python3.12/site-packages/airflow/example_dags/example_setup_teardown_taskflow.py
[2025-04-25T10:42:25.862+0000] {processor.py:925} INFO - DAG(s) 'example_setup_teardown_taskflow' retrieved from /home/airflow/.local/lib/python3.12/site-packages/airflow/example_dags/example_setup_teardown_taskflow.py
[2025-04-25T10:42:25.875+0000] {logging_mixin.py:190} INFO - [2025-04-25T10:42:25.875+0000] {dag.py:3239} INFO - Sync 1 DAGs
[2025-04-25T10:42:25.883+0000] {logging_mixin.py:190} INFO - [2025-04-25T10:42:25.882+0000] {dag.py:4180} INFO - Setting next_dagrun for example_setup_teardown_taskflow to None, run_after=None
[2025-04-25T10:42:25.899+0000] {processor.py:208} INFO - Processing /home/airflow/.local/lib/python3.12/site-packages/airflow/example_dags/example_setup_teardown_taskflow.py took 0.050 seconds
[2025-04-25T10:42:57.247+0000] {processor.py:186} INFO - Started process (PID=298) to work on /home/airflow/.local/lib/python3.12/site-packages/airflow/example_dags/example_setup_teardown_taskflow.py
[2025-04-25T10:42:57.248+0000] {processor.py:914} INFO - Processing file /home/airflow/.local/lib/python3.12/site-packages/airflow/example_dags/example_setup_teardown_taskflow.py for tasks to queue
[2025-04-25T10:42:57.249+0000] {logging_mixin.py:190} INFO - [2025-04-25T10:42:57.249+0000] {dagbag.py:588} INFO - Filling up the DagBag from /home/airflow/.local/lib/python3.12/site-packages/airflow/example_dags/example_setup_teardown_taskflow.py
[2025-04-25T10:42:57.255+0000] {processor.py:925} INFO - DAG(s) 'example_setup_teardown_taskflow' retrieved from /home/airflow/.local/lib/python3.12/site-packages/airflow/example_dags/example_setup_teardown_taskflow.py
[2025-04-25T10:42:57.264+0000] {logging_mixin.py:190} INFO - [2025-04-25T10:42:57.264+0000] {dag.py:3239} INFO - Sync 1 DAGs
[2025-04-25T10:42:57.270+0000] {logging_mixin.py:190} INFO - [2025-04-25T10:42:57.270+0000] {dag.py:4180} INFO - Setting next_dagrun for example_setup_teardown_taskflow to None, run_after=None
[2025-04-25T10:42:57.277+0000] {processor.py:208} INFO - Processing /home/airflow/.local/lib/python3.12/site-packages/airflow/example_dags/example_setup_teardown_taskflow.py took 0.034 seconds
[2025-04-25T10:43:29.077+0000] {processor.py:186} INFO - Started process (PID=361) to work on /home/airflow/.local/lib/python3.12/site-packages/airflow/example_dags/example_setup_teardown_taskflow.py
[2025-04-25T10:43:29.081+0000] {processor.py:914} INFO - Processing file /home/airflow/.local/lib/python3.12/site-packages/airflow/example_dags/example_setup_teardown_taskflow.py for tasks to queue
[2025-04-25T10:43:29.082+0000] {logging_mixin.py:190} INFO - [2025-04-25T10:43:29.082+0000] {dagbag.py:588} INFO - Filling up the DagBag from /home/airflow/.local/lib/python3.12/site-packages/airflow/example_dags/example_setup_teardown_taskflow.py
[2025-04-25T10:43:29.091+0000] {processor.py:925} INFO - DAG(s) 'example_setup_teardown_taskflow' retrieved from /home/airflow/.local/lib/python3.12/site-packages/airflow/example_dags/example_setup_teardown_taskflow.py
[2025-04-25T10:43:29.103+0000] {logging_mixin.py:190} INFO - [2025-04-25T10:43:29.102+0000] {dag.py:3239} INFO - Sync 1 DAGs
[2025-04-25T10:43:29.123+0000] {logging_mixin.py:190} INFO - [2025-04-25T10:43:29.123+0000] {dag.py:4180} INFO - Setting next_dagrun for example_setup_teardown_taskflow to None, run_after=None
[2025-04-25T10:43:29.132+0000] {processor.py:208} INFO - Processing /home/airflow/.local/lib/python3.12/site-packages/airflow/example_dags/example_setup_teardown_taskflow.py took 0.058 seconds
[2025-04-25T10:44:00.396+0000] {processor.py:186} INFO - Started process (PID=424) to work on /home/airflow/.local/lib/python3.12/site-packages/airflow/example_dags/example_setup_teardown_taskflow.py
[2025-04-25T10:44:00.397+0000] {processor.py:914} INFO - Processing file /home/airflow/.local/lib/python3.12/site-packages/airflow/example_dags/example_setup_teardown_taskflow.py for tasks to queue
[2025-04-25T10:44:00.399+0000] {logging_mixin.py:190} INFO - [2025-04-25T10:44:00.399+0000] {dagbag.py:588} INFO - Filling up the DagBag from /home/airflow/.local/lib/python3.12/site-packages/airflow/example_dags/example_setup_teardown_taskflow.py
[2025-04-25T10:44:00.408+0000] {processor.py:925} INFO - DAG(s) 'example_setup_teardown_taskflow' retrieved from /home/airflow/.local/lib/python3.12/site-packages/airflow/example_dags/example_setup_teardown_taskflow.py
[2025-04-25T10:44:00.419+0000] {logging_mixin.py:190} INFO - [2025-04-25T10:44:00.419+0000] {dag.py:3239} INFO - Sync 1 DAGs
[2025-04-25T10:44:00.429+0000] {logging_mixin.py:190} INFO - [2025-04-25T10:44:00.429+0000] {dag.py:4180} INFO - Setting next_dagrun for example_setup_teardown_taskflow to None, run_after=None
[2025-04-25T10:44:00.450+0000] {processor.py:208} INFO - Processing /home/airflow/.local/lib/python3.12/site-packages/airflow/example_dags/example_setup_teardown_taskflow.py took 0.063 seconds
[2025-04-25T10:44:31.623+0000] {processor.py:186} INFO - Started process (PID=487) to work on /home/airflow/.local/lib/python3.12/site-packages/airflow/example_dags/example_setup_teardown_taskflow.py
[2025-04-25T10:44:31.624+0000] {processor.py:914} INFO - Processing file /home/airflow/.local/lib/python3.12/site-packages/airflow/example_dags/example_setup_teardown_taskflow.py for tasks to queue
[2025-04-25T10:44:31.625+0000] {logging_mixin.py:190} INFO - [2025-04-25T10:44:31.625+0000] {dagbag.py:588} INFO - Filling up the DagBag from /home/airflow/.local/lib/python3.12/site-packages/airflow/example_dags/example_setup_teardown_taskflow.py
[2025-04-25T10:44:31.635+0000] {processor.py:925} INFO - DAG(s) 'example_setup_teardown_taskflow' retrieved from /home/airflow/.local/lib/python3.12/site-packages/airflow/example_dags/example_setup_teardown_taskflow.py
[2025-04-25T10:44:31.672+0000] {logging_mixin.py:190} INFO - [2025-04-25T10:44:31.671+0000] {dag.py:3239} INFO - Sync 1 DAGs
[2025-04-25T10:44:31.700+0000] {logging_mixin.py:190} INFO - [2025-04-25T10:44:31.699+0000] {dag.py:4180} INFO - Setting next_dagrun for example_setup_teardown_taskflow to None, run_after=None
[2025-04-25T10:44:31.716+0000] {processor.py:208} INFO - Processing /home/airflow/.local/lib/python3.12/site-packages/airflow/example_dags/example_setup_teardown_taskflow.py took 0.101 seconds
[2025-04-25T10:45:02.464+0000] {processor.py:186} INFO - Started process (PID=550) to work on /home/airflow/.local/lib/python3.12/site-packages/airflow/example_dags/example_setup_teardown_taskflow.py
[2025-04-25T10:45:02.465+0000] {processor.py:914} INFO - Processing file /home/airflow/.local/lib/python3.12/site-packages/airflow/example_dags/example_setup_teardown_taskflow.py for tasks to queue
[2025-04-25T10:45:02.466+0000] {logging_mixin.py:190} INFO - [2025-04-25T10:45:02.466+0000] {dagbag.py:588} INFO - Filling up the DagBag from /home/airflow/.local/lib/python3.12/site-packages/airflow/example_dags/example_setup_teardown_taskflow.py
[2025-04-25T10:45:02.474+0000] {processor.py:925} INFO - DAG(s) 'example_setup_teardown_taskflow' retrieved from /home/airflow/.local/lib/python3.12/site-packages/airflow/example_dags/example_setup_teardown_taskflow.py
[2025-04-25T10:45:02.485+0000] {logging_mixin.py:190} INFO - [2025-04-25T10:45:02.485+0000] {dag.py:3239} INFO - Sync 1 DAGs
[2025-04-25T10:45:02.492+0000] {logging_mixin.py:190} INFO - [2025-04-25T10:45:02.492+0000] {dag.py:4180} INFO - Setting next_dagrun for example_setup_teardown_taskflow to None, run_after=None
[2025-04-25T10:45:02.500+0000] {processor.py:208} INFO - Processing /home/airflow/.local/lib/python3.12/site-packages/airflow/example_dags/example_setup_teardown_taskflow.py took 0.040 seconds
[2025-04-25T10:45:34.533+0000] {processor.py:186} INFO - Started process (PID=612) to work on /home/airflow/.local/lib/python3.12/site-packages/airflow/example_dags/example_setup_teardown_taskflow.py
[2025-04-25T10:45:34.534+0000] {processor.py:914} INFO - Processing file /home/airflow/.local/lib/python3.12/site-packages/airflow/example_dags/example_setup_teardown_taskflow.py for tasks to queue
[2025-04-25T10:45:34.542+0000] {logging_mixin.py:190} INFO - [2025-04-25T10:45:34.540+0000] {dagbag.py:588} INFO - Filling up the DagBag from /home/airflow/.local/lib/python3.12/site-packages/airflow/example_dags/example_setup_teardown_taskflow.py
[2025-04-25T10:45:34.569+0000] {processor.py:925} INFO - DAG(s) 'example_setup_teardown_taskflow' retrieved from /home/airflow/.local/lib/python3.12/site-packages/airflow/example_dags/example_setup_teardown_taskflow.py
[2025-04-25T10:45:34.583+0000] {logging_mixin.py:190} INFO - [2025-04-25T10:45:34.583+0000] {dag.py:3239} INFO - Sync 1 DAGs
[2025-04-25T10:45:34.599+0000] {logging_mixin.py:190} INFO - [2025-04-25T10:45:34.599+0000] {dag.py:4180} INFO - Setting next_dagrun for example_setup_teardown_taskflow to None, run_after=None
[2025-04-25T10:45:34.608+0000] {processor.py:208} INFO - Processing /home/airflow/.local/lib/python3.12/site-packages/airflow/example_dags/example_setup_teardown_taskflow.py took 0.079 seconds
[2025-04-25T10:46:05.080+0000] {processor.py:186} INFO - Started process (PID=675) to work on /home/airflow/.local/lib/python3.12/site-packages/airflow/example_dags/example_setup_teardown_taskflow.py
[2025-04-25T10:46:05.081+0000] {processor.py:914} INFO - Processing file /home/airflow/.local/lib/python3.12/site-packages/airflow/example_dags/example_setup_teardown_taskflow.py for tasks to queue
[2025-04-25T10:46:05.082+0000] {logging_mixin.py:190} INFO - [2025-04-25T10:46:05.082+0000] {dagbag.py:588} INFO - Filling up the DagBag from /home/airflow/.local/lib/python3.12/site-packages/airflow/example_dags/example_setup_teardown_taskflow.py
[2025-04-25T10:46:05.088+0000] {processor.py:925} INFO - DAG(s) 'example_setup_teardown_taskflow' retrieved from /home/airflow/.local/lib/python3.12/site-packages/airflow/example_dags/example_setup_teardown_taskflow.py
[2025-04-25T10:46:05.099+0000] {logging_mixin.py:190} INFO - [2025-04-25T10:46:05.099+0000] {dag.py:3239} INFO - Sync 1 DAGs
[2025-04-25T10:46:05.108+0000] {logging_mixin.py:190} INFO - [2025-04-25T10:46:05.108+0000] {dag.py:4180} INFO - Setting next_dagrun for example_setup_teardown_taskflow to None, run_after=None
[2025-04-25T10:46:05.122+0000] {processor.py:208} INFO - Processing /home/airflow/.local/lib/python3.12/site-packages/airflow/example_dags/example_setup_teardown_taskflow.py took 0.046 seconds
[2025-04-25T10:46:37.879+0000] {processor.py:186} INFO - Started process (PID=738) to work on /home/airflow/.local/lib/python3.12/site-packages/airflow/example_dags/example_setup_teardown_taskflow.py
[2025-04-25T10:46:37.880+0000] {processor.py:914} INFO - Processing file /home/airflow/.local/lib/python3.12/site-packages/airflow/example_dags/example_setup_teardown_taskflow.py for tasks to queue
[2025-04-25T10:46:37.882+0000] {logging_mixin.py:190} INFO - [2025-04-25T10:46:37.882+0000] {dagbag.py:588} INFO - Filling up the DagBag from /home/airflow/.local/lib/python3.12/site-packages/airflow/example_dags/example_setup_teardown_taskflow.py
[2025-04-25T10:46:37.893+0000] {processor.py:925} INFO - DAG(s) 'example_setup_teardown_taskflow' retrieved from /home/airflow/.local/lib/python3.12/site-packages/airflow/example_dags/example_setup_teardown_taskflow.py
[2025-04-25T10:46:37.904+0000] {logging_mixin.py:190} INFO - [2025-04-25T10:46:37.904+0000] {dag.py:3239} INFO - Sync 1 DAGs
[2025-04-25T10:46:37.911+0000] {logging_mixin.py:190} INFO - [2025-04-25T10:46:37.911+0000] {dag.py:4180} INFO - Setting next_dagrun for example_setup_teardown_taskflow to None, run_after=None
[2025-04-25T10:46:37.922+0000] {processor.py:208} INFO - Processing /home/airflow/.local/lib/python3.12/site-packages/airflow/example_dags/example_setup_teardown_taskflow.py took 0.047 seconds
[2025-04-25T10:47:09.251+0000] {processor.py:186} INFO - Started process (PID=801) to work on /home/airflow/.local/lib/python3.12/site-packages/airflow/example_dags/example_setup_teardown_taskflow.py
[2025-04-25T10:47:09.251+0000] {processor.py:914} INFO - Processing file /home/airflow/.local/lib/python3.12/site-packages/airflow/example_dags/example_setup_teardown_taskflow.py for tasks to queue
[2025-04-25T10:47:09.253+0000] {logging_mixin.py:190} INFO - [2025-04-25T10:47:09.252+0000] {dagbag.py:588} INFO - Filling up the DagBag from /home/airflow/.local/lib/python3.12/site-packages/airflow/example_dags/example_setup_teardown_taskflow.py
[2025-04-25T10:47:09.263+0000] {processor.py:925} INFO - DAG(s) 'example_setup_teardown_taskflow' retrieved from /home/airflow/.local/lib/python3.12/site-packages/airflow/example_dags/example_setup_teardown_taskflow.py
[2025-04-25T10:47:09.290+0000] {logging_mixin.py:190} INFO - [2025-04-25T10:47:09.290+0000] {dag.py:3239} INFO - Sync 1 DAGs
[2025-04-25T10:47:09.303+0000] {logging_mixin.py:190} INFO - [2025-04-25T10:47:09.303+0000] {dag.py:4180} INFO - Setting next_dagrun for example_setup_teardown_taskflow to None, run_after=None
[2025-04-25T10:47:09.322+0000] {processor.py:208} INFO - Processing /home/airflow/.local/lib/python3.12/site-packages/airflow/example_dags/example_setup_teardown_taskflow.py took 0.075 seconds
[2025-04-25T10:47:40.961+0000] {processor.py:186} INFO - Started process (PID=863) to work on /home/airflow/.local/lib/python3.12/site-packages/airflow/example_dags/example_setup_teardown_taskflow.py
[2025-04-25T10:47:40.963+0000] {processor.py:914} INFO - Processing file /home/airflow/.local/lib/python3.12/site-packages/airflow/example_dags/example_setup_teardown_taskflow.py for tasks to queue
[2025-04-25T10:47:40.964+0000] {logging_mixin.py:190} INFO - [2025-04-25T10:47:40.964+0000] {dagbag.py:588} INFO - Filling up the DagBag from /home/airflow/.local/lib/python3.12/site-packages/airflow/example_dags/example_setup_teardown_taskflow.py
[2025-04-25T10:47:40.971+0000] {processor.py:925} INFO - DAG(s) 'example_setup_teardown_taskflow' retrieved from /home/airflow/.local/lib/python3.12/site-packages/airflow/example_dags/example_setup_teardown_taskflow.py
[2025-04-25T10:47:40.988+0000] {logging_mixin.py:190} INFO - [2025-04-25T10:47:40.988+0000] {dag.py:3239} INFO - Sync 1 DAGs
[2025-04-25T10:47:40.998+0000] {logging_mixin.py:190} INFO - [2025-04-25T10:47:40.998+0000] {dag.py:4180} INFO - Setting next_dagrun for example_setup_teardown_taskflow to None, run_after=None
[2025-04-25T10:47:41.009+0000] {processor.py:208} INFO - Processing /home/airflow/.local/lib/python3.12/site-packages/airflow/example_dags/example_setup_teardown_taskflow.py took 0.052 seconds
[2025-04-25T10:48:12.039+0000] {processor.py:186} INFO - Started process (PID=926) to work on /home/airflow/.local/lib/python3.12/site-packages/airflow/example_dags/example_setup_teardown_taskflow.py
[2025-04-25T10:48:12.039+0000] {processor.py:914} INFO - Processing file /home/airflow/.local/lib/python3.12/site-packages/airflow/example_dags/example_setup_teardown_taskflow.py for tasks to queue
[2025-04-25T10:48:12.040+0000] {logging_mixin.py:190} INFO - [2025-04-25T10:48:12.040+0000] {dagbag.py:588} INFO - Filling up the DagBag from /home/airflow/.local/lib/python3.12/site-packages/airflow/example_dags/example_setup_teardown_taskflow.py
[2025-04-25T10:48:12.046+0000] {processor.py:925} INFO - DAG(s) 'example_setup_teardown_taskflow' retrieved from /home/airflow/.local/lib/python3.12/site-packages/airflow/example_dags/example_setup_teardown_taskflow.py
[2025-04-25T10:48:12.057+0000] {logging_mixin.py:190} INFO - [2025-04-25T10:48:12.057+0000] {dag.py:3239} INFO - Sync 1 DAGs
[2025-04-25T10:48:12.065+0000] {logging_mixin.py:190} INFO - [2025-04-25T10:48:12.065+0000] {dag.py:4180} INFO - Setting next_dagrun for example_setup_teardown_taskflow to None, run_after=None
[2025-04-25T10:48:12.075+0000] {processor.py:208} INFO - Processing /home/airflow/.local/lib/python3.12/site-packages/airflow/example_dags/example_setup_teardown_taskflow.py took 0.039 seconds
[2025-04-25T10:48:43.764+0000] {processor.py:186} INFO - Started process (PID=989) to work on /home/airflow/.local/lib/python3.12/site-packages/airflow/example_dags/example_setup_teardown_taskflow.py
[2025-04-25T10:48:43.765+0000] {processor.py:914} INFO - Processing file /home/airflow/.local/lib/python3.12/site-packages/airflow/example_dags/example_setup_teardown_taskflow.py for tasks to queue
[2025-04-25T10:48:43.766+0000] {logging_mixin.py:190} INFO - [2025-04-25T10:48:43.766+0000] {dagbag.py:588} INFO - Filling up the DagBag from /home/airflow/.local/lib/python3.12/site-packages/airflow/example_dags/example_setup_teardown_taskflow.py
[2025-04-25T10:48:43.775+0000] {processor.py:925} INFO - DAG(s) 'example_setup_teardown_taskflow' retrieved from /home/airflow/.local/lib/python3.12/site-packages/airflow/example_dags/example_setup_teardown_taskflow.py
[2025-04-25T10:48:43.791+0000] {logging_mixin.py:190} INFO - [2025-04-25T10:48:43.791+0000] {dag.py:3239} INFO - Sync 1 DAGs
[2025-04-25T10:48:43.800+0000] {logging_mixin.py:190} INFO - [2025-04-25T10:48:43.800+0000] {dag.py:4180} INFO - Setting next_dagrun for example_setup_teardown_taskflow to None, run_after=None
[2025-04-25T10:48:43.812+0000] {processor.py:208} INFO - Processing /home/airflow/.local/lib/python3.12/site-packages/airflow/example_dags/example_setup_teardown_taskflow.py took 0.052 seconds
[2025-04-25T10:49:15.454+0000] {processor.py:186} INFO - Started process (PID=1052) to work on /home/airflow/.local/lib/python3.12/site-packages/airflow/example_dags/example_setup_teardown_taskflow.py
[2025-04-25T10:49:15.458+0000] {processor.py:914} INFO - Processing file /home/airflow/.local/lib/python3.12/site-packages/airflow/example_dags/example_setup_teardown_taskflow.py for tasks to queue
[2025-04-25T10:49:15.459+0000] {logging_mixin.py:190} INFO - [2025-04-25T10:49:15.459+0000] {dagbag.py:588} INFO - Filling up the DagBag from /home/airflow/.local/lib/python3.12/site-packages/airflow/example_dags/example_setup_teardown_taskflow.py
[2025-04-25T10:49:15.464+0000] {processor.py:925} INFO - DAG(s) 'example_setup_teardown_taskflow' retrieved from /home/airflow/.local/lib/python3.12/site-packages/airflow/example_dags/example_setup_teardown_taskflow.py
[2025-04-25T10:49:15.476+0000] {logging_mixin.py:190} INFO - [2025-04-25T10:49:15.476+0000] {dag.py:3239} INFO - Sync 1 DAGs
[2025-04-25T10:49:15.482+0000] {logging_mixin.py:190} INFO - [2025-04-25T10:49:15.482+0000] {dag.py:4180} INFO - Setting next_dagrun for example_setup_teardown_taskflow to None, run_after=None
[2025-04-25T10:49:15.500+0000] {processor.py:208} INFO - Processing /home/airflow/.local/lib/python3.12/site-packages/airflow/example_dags/example_setup_teardown_taskflow.py took 0.048 seconds
[2025-04-25T10:49:48.283+0000] {processor.py:186} INFO - Started process (PID=1121) to work on /home/airflow/.local/lib/python3.12/site-packages/airflow/example_dags/example_setup_teardown_taskflow.py
[2025-04-25T10:49:48.284+0000] {processor.py:914} INFO - Processing file /home/airflow/.local/lib/python3.12/site-packages/airflow/example_dags/example_setup_teardown_taskflow.py for tasks to queue
[2025-04-25T10:49:48.285+0000] {logging_mixin.py:190} INFO - [2025-04-25T10:49:48.285+0000] {dagbag.py:588} INFO - Filling up the DagBag from /home/airflow/.local/lib/python3.12/site-packages/airflow/example_dags/example_setup_teardown_taskflow.py
[2025-04-25T10:49:48.294+0000] {processor.py:925} INFO - DAG(s) 'example_setup_teardown_taskflow' retrieved from /home/airflow/.local/lib/python3.12/site-packages/airflow/example_dags/example_setup_teardown_taskflow.py
[2025-04-25T10:49:48.319+0000] {logging_mixin.py:190} INFO - [2025-04-25T10:49:48.319+0000] {dag.py:3239} INFO - Sync 1 DAGs
[2025-04-25T10:49:48.328+0000] {logging_mixin.py:190} INFO - [2025-04-25T10:49:48.328+0000] {dag.py:4180} INFO - Setting next_dagrun for example_setup_teardown_taskflow to None, run_after=None
[2025-04-25T10:49:48.336+0000] {processor.py:208} INFO - Processing /home/airflow/.local/lib/python3.12/site-packages/airflow/example_dags/example_setup_teardown_taskflow.py took 0.059 seconds
[2025-04-25T10:50:40.219+0000] {processor.py:186} INFO - Started process (PID=1191) to work on /home/airflow/.local/lib/python3.12/site-packages/airflow/example_dags/example_setup_teardown_taskflow.py
[2025-04-25T10:50:40.222+0000] {processor.py:914} INFO - Processing file /home/airflow/.local/lib/python3.12/site-packages/airflow/example_dags/example_setup_teardown_taskflow.py for tasks to queue
[2025-04-25T10:50:40.224+0000] {logging_mixin.py:190} INFO - [2025-04-25T10:50:40.224+0000] {dagbag.py:588} INFO - Filling up the DagBag from /home/airflow/.local/lib/python3.12/site-packages/airflow/example_dags/example_setup_teardown_taskflow.py
[2025-04-25T10:50:40.238+0000] {processor.py:925} INFO - DAG(s) 'example_setup_teardown_taskflow' retrieved from /home/airflow/.local/lib/python3.12/site-packages/airflow/example_dags/example_setup_teardown_taskflow.py
[2025-04-25T10:50:40.283+0000] {logging_mixin.py:190} INFO - [2025-04-25T10:50:40.283+0000] {dag.py:3239} INFO - Sync 1 DAGs
[2025-04-25T10:50:40.296+0000] {logging_mixin.py:190} INFO - [2025-04-25T10:50:40.296+0000] {dag.py:4180} INFO - Setting next_dagrun for example_setup_teardown_taskflow to None, run_after=None
[2025-04-25T10:50:40.312+0000] {processor.py:208} INFO - Processing /home/airflow/.local/lib/python3.12/site-packages/airflow/example_dags/example_setup_teardown_taskflow.py took 0.112 seconds
[2025-04-25T10:51:14.789+0000] {processor.py:186} INFO - Started process (PID=1268) to work on /home/airflow/.local/lib/python3.12/site-packages/airflow/example_dags/example_setup_teardown_taskflow.py
[2025-04-25T10:51:14.790+0000] {processor.py:914} INFO - Processing file /home/airflow/.local/lib/python3.12/site-packages/airflow/example_dags/example_setup_teardown_taskflow.py for tasks to queue
[2025-04-25T10:51:14.792+0000] {logging_mixin.py:190} INFO - [2025-04-25T10:51:14.792+0000] {dagbag.py:588} INFO - Filling up the DagBag from /home/airflow/.local/lib/python3.12/site-packages/airflow/example_dags/example_setup_teardown_taskflow.py
[2025-04-25T10:51:14.800+0000] {processor.py:925} INFO - DAG(s) 'example_setup_teardown_taskflow' retrieved from /home/airflow/.local/lib/python3.12/site-packages/airflow/example_dags/example_setup_teardown_taskflow.py
[2025-04-25T10:51:14.813+0000] {logging_mixin.py:190} INFO - [2025-04-25T10:51:14.813+0000] {dag.py:3239} INFO - Sync 1 DAGs
[2025-04-25T10:51:14.837+0000] {logging_mixin.py:190} INFO - [2025-04-25T10:51:14.837+0000] {dag.py:4180} INFO - Setting next_dagrun for example_setup_teardown_taskflow to None, run_after=None
[2025-04-25T10:51:14.875+0000] {processor.py:208} INFO - Processing /home/airflow/.local/lib/python3.12/site-packages/airflow/example_dags/example_setup_teardown_taskflow.py took 0.092 seconds
[2025-04-25T10:51:47.023+0000] {processor.py:186} INFO - Started process (PID=1331) to work on /home/airflow/.local/lib/python3.12/site-packages/airflow/example_dags/example_setup_teardown_taskflow.py
[2025-04-25T10:51:47.024+0000] {processor.py:914} INFO - Processing file /home/airflow/.local/lib/python3.12/site-packages/airflow/example_dags/example_setup_teardown_taskflow.py for tasks to queue
[2025-04-25T10:51:47.025+0000] {logging_mixin.py:190} INFO - [2025-04-25T10:51:47.025+0000] {dagbag.py:588} INFO - Filling up the DagBag from /home/airflow/.local/lib/python3.12/site-packages/airflow/example_dags/example_setup_teardown_taskflow.py
[2025-04-25T10:51:47.033+0000] {processor.py:925} INFO - DAG(s) 'example_setup_teardown_taskflow' retrieved from /home/airflow/.local/lib/python3.12/site-packages/airflow/example_dags/example_setup_teardown_taskflow.py
[2025-04-25T10:51:47.063+0000] {logging_mixin.py:190} INFO - [2025-04-25T10:51:47.063+0000] {dag.py:3239} INFO - Sync 1 DAGs
[2025-04-25T10:51:47.074+0000] {logging_mixin.py:190} INFO - [2025-04-25T10:51:47.074+0000] {dag.py:4180} INFO - Setting next_dagrun for example_setup_teardown_taskflow to None, run_after=None
[2025-04-25T10:51:47.088+0000] {processor.py:208} INFO - Processing /home/airflow/.local/lib/python3.12/site-packages/airflow/example_dags/example_setup_teardown_taskflow.py took 0.073 seconds
[2025-04-25T10:52:18.835+0000] {processor.py:186} INFO - Started process (PID=1394) to work on /home/airflow/.local/lib/python3.12/site-packages/airflow/example_dags/example_setup_teardown_taskflow.py
[2025-04-25T10:52:18.837+0000] {processor.py:914} INFO - Processing file /home/airflow/.local/lib/python3.12/site-packages/airflow/example_dags/example_setup_teardown_taskflow.py for tasks to queue
[2025-04-25T10:52:18.842+0000] {logging_mixin.py:190} INFO - [2025-04-25T10:52:18.841+0000] {dagbag.py:588} INFO - Filling up the DagBag from /home/airflow/.local/lib/python3.12/site-packages/airflow/example_dags/example_setup_teardown_taskflow.py
[2025-04-25T10:52:18.856+0000] {processor.py:925} INFO - DAG(s) 'example_setup_teardown_taskflow' retrieved from /home/airflow/.local/lib/python3.12/site-packages/airflow/example_dags/example_setup_teardown_taskflow.py
[2025-04-25T10:52:18.871+0000] {logging_mixin.py:190} INFO - [2025-04-25T10:52:18.871+0000] {dag.py:3239} INFO - Sync 1 DAGs
[2025-04-25T10:52:18.879+0000] {logging_mixin.py:190} INFO - [2025-04-25T10:52:18.879+0000] {dag.py:4180} INFO - Setting next_dagrun for example_setup_teardown_taskflow to None, run_after=None
[2025-04-25T10:52:18.889+0000] {processor.py:208} INFO - Processing /home/airflow/.local/lib/python3.12/site-packages/airflow/example_dags/example_setup_teardown_taskflow.py took 0.058 seconds
[2025-04-25T10:52:53.755+0000] {processor.py:186} INFO - Started process (PID=1463) to work on /home/airflow/.local/lib/python3.12/site-packages/airflow/example_dags/example_setup_teardown_taskflow.py
[2025-04-25T10:52:53.757+0000] {processor.py:914} INFO - Processing file /home/airflow/.local/lib/python3.12/site-packages/airflow/example_dags/example_setup_teardown_taskflow.py for tasks to queue
[2025-04-25T10:52:53.760+0000] {logging_mixin.py:190} INFO - [2025-04-25T10:52:53.759+0000] {dagbag.py:588} INFO - Filling up the DagBag from /home/airflow/.local/lib/python3.12/site-packages/airflow/example_dags/example_setup_teardown_taskflow.py
[2025-04-25T10:52:53.769+0000] {processor.py:925} INFO - DAG(s) 'example_setup_teardown_taskflow' retrieved from /home/airflow/.local/lib/python3.12/site-packages/airflow/example_dags/example_setup_teardown_taskflow.py
[2025-04-25T10:52:53.804+0000] {logging_mixin.py:190} INFO - [2025-04-25T10:52:53.804+0000] {dag.py:3239} INFO - Sync 1 DAGs
[2025-04-25T10:52:53.824+0000] {logging_mixin.py:190} INFO - [2025-04-25T10:52:53.824+0000] {dag.py:4180} INFO - Setting next_dagrun for example_setup_teardown_taskflow to None, run_after=None
[2025-04-25T10:52:53.857+0000] {processor.py:208} INFO - Processing /home/airflow/.local/lib/python3.12/site-packages/airflow/example_dags/example_setup_teardown_taskflow.py took 0.111 seconds
[2025-04-25T10:53:24.616+0000] {processor.py:186} INFO - Started process (PID=1526) to work on /home/airflow/.local/lib/python3.12/site-packages/airflow/example_dags/example_setup_teardown_taskflow.py
[2025-04-25T10:53:24.617+0000] {processor.py:914} INFO - Processing file /home/airflow/.local/lib/python3.12/site-packages/airflow/example_dags/example_setup_teardown_taskflow.py for tasks to queue
[2025-04-25T10:53:24.620+0000] {logging_mixin.py:190} INFO - [2025-04-25T10:53:24.619+0000] {dagbag.py:588} INFO - Filling up the DagBag from /home/airflow/.local/lib/python3.12/site-packages/airflow/example_dags/example_setup_teardown_taskflow.py
[2025-04-25T10:53:24.643+0000] {processor.py:925} INFO - DAG(s) 'example_setup_teardown_taskflow' retrieved from /home/airflow/.local/lib/python3.12/site-packages/airflow/example_dags/example_setup_teardown_taskflow.py
[2025-04-25T10:53:24.682+0000] {logging_mixin.py:190} INFO - [2025-04-25T10:53:24.681+0000] {dag.py:3239} INFO - Sync 1 DAGs
[2025-04-25T10:53:24.695+0000] {logging_mixin.py:190} INFO - [2025-04-25T10:53:24.695+0000] {dag.py:4180} INFO - Setting next_dagrun for example_setup_teardown_taskflow to None, run_after=None
[2025-04-25T10:53:24.710+0000] {processor.py:208} INFO - Processing /home/airflow/.local/lib/python3.12/site-packages/airflow/example_dags/example_setup_teardown_taskflow.py took 0.100 seconds
[2025-04-25T10:53:54.869+0000] {processor.py:186} INFO - Started process (PID=1588) to work on /home/airflow/.local/lib/python3.12/site-packages/airflow/example_dags/example_setup_teardown_taskflow.py
[2025-04-25T10:53:54.870+0000] {processor.py:914} INFO - Processing file /home/airflow/.local/lib/python3.12/site-packages/airflow/example_dags/example_setup_teardown_taskflow.py for tasks to queue
[2025-04-25T10:53:54.872+0000] {logging_mixin.py:190} INFO - [2025-04-25T10:53:54.871+0000] {dagbag.py:588} INFO - Filling up the DagBag from /home/airflow/.local/lib/python3.12/site-packages/airflow/example_dags/example_setup_teardown_taskflow.py
[2025-04-25T10:53:54.878+0000] {processor.py:925} INFO - DAG(s) 'example_setup_teardown_taskflow' retrieved from /home/airflow/.local/lib/python3.12/site-packages/airflow/example_dags/example_setup_teardown_taskflow.py
[2025-04-25T10:53:54.893+0000] {logging_mixin.py:190} INFO - [2025-04-25T10:53:54.893+0000] {dag.py:3239} INFO - Sync 1 DAGs
[2025-04-25T10:53:54.906+0000] {logging_mixin.py:190} INFO - [2025-04-25T10:53:54.906+0000] {dag.py:4180} INFO - Setting next_dagrun for example_setup_teardown_taskflow to None, run_after=None
[2025-04-25T10:53:54.917+0000] {processor.py:208} INFO - Processing /home/airflow/.local/lib/python3.12/site-packages/airflow/example_dags/example_setup_teardown_taskflow.py took 0.052 seconds
[2025-04-25T10:54:25.190+0000] {processor.py:186} INFO - Started process (PID=1651) to work on /home/airflow/.local/lib/python3.12/site-packages/airflow/example_dags/example_setup_teardown_taskflow.py
[2025-04-25T10:54:25.193+0000] {processor.py:914} INFO - Processing file /home/airflow/.local/lib/python3.12/site-packages/airflow/example_dags/example_setup_teardown_taskflow.py for tasks to queue
[2025-04-25T10:54:25.197+0000] {logging_mixin.py:190} INFO - [2025-04-25T10:54:25.197+0000] {dagbag.py:588} INFO - Filling up the DagBag from /home/airflow/.local/lib/python3.12/site-packages/airflow/example_dags/example_setup_teardown_taskflow.py
[2025-04-25T10:54:25.203+0000] {processor.py:925} INFO - DAG(s) 'example_setup_teardown_taskflow' retrieved from /home/airflow/.local/lib/python3.12/site-packages/airflow/example_dags/example_setup_teardown_taskflow.py
[2025-04-25T10:54:25.215+0000] {logging_mixin.py:190} INFO - [2025-04-25T10:54:25.215+0000] {dag.py:3239} INFO - Sync 1 DAGs
[2025-04-25T10:54:25.221+0000] {logging_mixin.py:190} INFO - [2025-04-25T10:54:25.221+0000] {dag.py:4180} INFO - Setting next_dagrun for example_setup_teardown_taskflow to None, run_after=None
[2025-04-25T10:54:25.229+0000] {processor.py:208} INFO - Processing /home/airflow/.local/lib/python3.12/site-packages/airflow/example_dags/example_setup_teardown_taskflow.py took 0.043 seconds
[2025-04-25T10:54:55.906+0000] {processor.py:186} INFO - Started process (PID=1713) to work on /home/airflow/.local/lib/python3.12/site-packages/airflow/example_dags/example_setup_teardown_taskflow.py
[2025-04-25T10:54:55.907+0000] {processor.py:914} INFO - Processing file /home/airflow/.local/lib/python3.12/site-packages/airflow/example_dags/example_setup_teardown_taskflow.py for tasks to queue
[2025-04-25T10:54:55.908+0000] {logging_mixin.py:190} INFO - [2025-04-25T10:54:55.908+0000] {dagbag.py:588} INFO - Filling up the DagBag from /home/airflow/.local/lib/python3.12/site-packages/airflow/example_dags/example_setup_teardown_taskflow.py
[2025-04-25T10:54:55.916+0000] {processor.py:925} INFO - DAG(s) 'example_setup_teardown_taskflow' retrieved from /home/airflow/.local/lib/python3.12/site-packages/airflow/example_dags/example_setup_teardown_taskflow.py
[2025-04-25T10:54:55.929+0000] {logging_mixin.py:190} INFO - [2025-04-25T10:54:55.929+0000] {dag.py:3239} INFO - Sync 1 DAGs
[2025-04-25T10:54:55.935+0000] {logging_mixin.py:190} INFO - [2025-04-25T10:54:55.934+0000] {dag.py:4180} INFO - Setting next_dagrun for example_setup_teardown_taskflow to None, run_after=None
[2025-04-25T10:54:55.946+0000] {processor.py:208} INFO - Processing /home/airflow/.local/lib/python3.12/site-packages/airflow/example_dags/example_setup_teardown_taskflow.py took 0.043 seconds
[2025-04-25T10:55:26.957+0000] {processor.py:186} INFO - Started process (PID=1776) to work on /home/airflow/.local/lib/python3.12/site-packages/airflow/example_dags/example_setup_teardown_taskflow.py
[2025-04-25T10:55:26.958+0000] {processor.py:914} INFO - Processing file /home/airflow/.local/lib/python3.12/site-packages/airflow/example_dags/example_setup_teardown_taskflow.py for tasks to queue
[2025-04-25T10:55:26.960+0000] {logging_mixin.py:190} INFO - [2025-04-25T10:55:26.960+0000] {dagbag.py:588} INFO - Filling up the DagBag from /home/airflow/.local/lib/python3.12/site-packages/airflow/example_dags/example_setup_teardown_taskflow.py
[2025-04-25T10:55:26.967+0000] {processor.py:925} INFO - DAG(s) 'example_setup_teardown_taskflow' retrieved from /home/airflow/.local/lib/python3.12/site-packages/airflow/example_dags/example_setup_teardown_taskflow.py
[2025-04-25T10:55:26.977+0000] {logging_mixin.py:190} INFO - [2025-04-25T10:55:26.977+0000] {dag.py:3239} INFO - Sync 1 DAGs
[2025-04-25T10:55:26.986+0000] {logging_mixin.py:190} INFO - [2025-04-25T10:55:26.986+0000] {dag.py:4180} INFO - Setting next_dagrun for example_setup_teardown_taskflow to None, run_after=None
[2025-04-25T10:55:26.996+0000] {processor.py:208} INFO - Processing /home/airflow/.local/lib/python3.12/site-packages/airflow/example_dags/example_setup_teardown_taskflow.py took 0.044 seconds
[2025-04-25T10:55:57.423+0000] {processor.py:186} INFO - Started process (PID=1839) to work on /home/airflow/.local/lib/python3.12/site-packages/airflow/example_dags/example_setup_teardown_taskflow.py
[2025-04-25T10:55:57.424+0000] {processor.py:914} INFO - Processing file /home/airflow/.local/lib/python3.12/site-packages/airflow/example_dags/example_setup_teardown_taskflow.py for tasks to queue
[2025-04-25T10:55:57.428+0000] {logging_mixin.py:190} INFO - [2025-04-25T10:55:57.428+0000] {dagbag.py:588} INFO - Filling up the DagBag from /home/airflow/.local/lib/python3.12/site-packages/airflow/example_dags/example_setup_teardown_taskflow.py
[2025-04-25T10:55:57.444+0000] {processor.py:925} INFO - DAG(s) 'example_setup_teardown_taskflow' retrieved from /home/airflow/.local/lib/python3.12/site-packages/airflow/example_dags/example_setup_teardown_taskflow.py
[2025-04-25T10:55:57.476+0000] {logging_mixin.py:190} INFO - [2025-04-25T10:55:57.476+0000] {dag.py:3239} INFO - Sync 1 DAGs
[2025-04-25T10:55:57.492+0000] {logging_mixin.py:190} INFO - [2025-04-25T10:55:57.491+0000] {dag.py:4180} INFO - Setting next_dagrun for example_setup_teardown_taskflow to None, run_after=None
[2025-04-25T10:55:57.516+0000] {processor.py:208} INFO - Processing /home/airflow/.local/lib/python3.12/site-packages/airflow/example_dags/example_setup_teardown_taskflow.py took 0.100 seconds
[2025-04-25T10:56:27.924+0000] {processor.py:186} INFO - Started process (PID=1902) to work on /home/airflow/.local/lib/python3.12/site-packages/airflow/example_dags/example_setup_teardown_taskflow.py
[2025-04-25T10:56:27.927+0000] {processor.py:914} INFO - Processing file /home/airflow/.local/lib/python3.12/site-packages/airflow/example_dags/example_setup_teardown_taskflow.py for tasks to queue
[2025-04-25T10:56:27.928+0000] {logging_mixin.py:190} INFO - [2025-04-25T10:56:27.928+0000] {dagbag.py:588} INFO - Filling up the DagBag from /home/airflow/.local/lib/python3.12/site-packages/airflow/example_dags/example_setup_teardown_taskflow.py
[2025-04-25T10:56:27.933+0000] {processor.py:925} INFO - DAG(s) 'example_setup_teardown_taskflow' retrieved from /home/airflow/.local/lib/python3.12/site-packages/airflow/example_dags/example_setup_teardown_taskflow.py
[2025-04-25T10:56:27.945+0000] {logging_mixin.py:190} INFO - [2025-04-25T10:56:27.945+0000] {dag.py:3239} INFO - Sync 1 DAGs
[2025-04-25T10:56:27.952+0000] {logging_mixin.py:190} INFO - [2025-04-25T10:56:27.952+0000] {dag.py:4180} INFO - Setting next_dagrun for example_setup_teardown_taskflow to None, run_after=None
[2025-04-25T10:56:27.960+0000] {processor.py:208} INFO - Processing /home/airflow/.local/lib/python3.12/site-packages/airflow/example_dags/example_setup_teardown_taskflow.py took 0.038 seconds
[2025-04-25T10:56:59.457+0000] {processor.py:186} INFO - Started process (PID=1965) to work on /home/airflow/.local/lib/python3.12/site-packages/airflow/example_dags/example_setup_teardown_taskflow.py
[2025-04-25T10:56:59.468+0000] {processor.py:914} INFO - Processing file /home/airflow/.local/lib/python3.12/site-packages/airflow/example_dags/example_setup_teardown_taskflow.py for tasks to queue
[2025-04-25T10:56:59.478+0000] {logging_mixin.py:190} INFO - [2025-04-25T10:56:59.476+0000] {dagbag.py:588} INFO - Filling up the DagBag from /home/airflow/.local/lib/python3.12/site-packages/airflow/example_dags/example_setup_teardown_taskflow.py
[2025-04-25T10:56:59.531+0000] {processor.py:925} INFO - DAG(s) 'example_setup_teardown_taskflow' retrieved from /home/airflow/.local/lib/python3.12/site-packages/airflow/example_dags/example_setup_teardown_taskflow.py
[2025-04-25T10:56:59.602+0000] {logging_mixin.py:190} INFO - [2025-04-25T10:56:59.601+0000] {dag.py:3239} INFO - Sync 1 DAGs
[2025-04-25T10:56:59.647+0000] {logging_mixin.py:190} INFO - [2025-04-25T10:56:59.646+0000] {dag.py:4180} INFO - Setting next_dagrun for example_setup_teardown_taskflow to None, run_after=None
[2025-04-25T10:56:59.676+0000] {processor.py:208} INFO - Processing /home/airflow/.local/lib/python3.12/site-packages/airflow/example_dags/example_setup_teardown_taskflow.py took 0.252 seconds
[2025-04-25T10:57:30.375+0000] {processor.py:186} INFO - Started process (PID=2028) to work on /home/airflow/.local/lib/python3.12/site-packages/airflow/example_dags/example_setup_teardown_taskflow.py
[2025-04-25T10:57:30.377+0000] {processor.py:914} INFO - Processing file /home/airflow/.local/lib/python3.12/site-packages/airflow/example_dags/example_setup_teardown_taskflow.py for tasks to queue
[2025-04-25T10:57:30.383+0000] {logging_mixin.py:190} INFO - [2025-04-25T10:57:30.382+0000] {dagbag.py:588} INFO - Filling up the DagBag from /home/airflow/.local/lib/python3.12/site-packages/airflow/example_dags/example_setup_teardown_taskflow.py
[2025-04-25T10:57:30.416+0000] {processor.py:925} INFO - DAG(s) 'example_setup_teardown_taskflow' retrieved from /home/airflow/.local/lib/python3.12/site-packages/airflow/example_dags/example_setup_teardown_taskflow.py
[2025-04-25T10:57:30.457+0000] {logging_mixin.py:190} INFO - [2025-04-25T10:57:30.457+0000] {dag.py:3239} INFO - Sync 1 DAGs
[2025-04-25T10:57:30.505+0000] {logging_mixin.py:190} INFO - [2025-04-25T10:57:30.505+0000] {dag.py:4180} INFO - Setting next_dagrun for example_setup_teardown_taskflow to None, run_after=None
[2025-04-25T10:57:30.524+0000] {processor.py:208} INFO - Processing /home/airflow/.local/lib/python3.12/site-packages/airflow/example_dags/example_setup_teardown_taskflow.py took 0.174 seconds
[2025-04-25T10:58:00.781+0000] {processor.py:186} INFO - Started process (PID=2091) to work on /home/airflow/.local/lib/python3.12/site-packages/airflow/example_dags/example_setup_teardown_taskflow.py
[2025-04-25T10:58:00.785+0000] {processor.py:914} INFO - Processing file /home/airflow/.local/lib/python3.12/site-packages/airflow/example_dags/example_setup_teardown_taskflow.py for tasks to queue
[2025-04-25T10:58:00.796+0000] {logging_mixin.py:190} INFO - [2025-04-25T10:58:00.795+0000] {dagbag.py:588} INFO - Filling up the DagBag from /home/airflow/.local/lib/python3.12/site-packages/airflow/example_dags/example_setup_teardown_taskflow.py
[2025-04-25T10:58:00.812+0000] {processor.py:925} INFO - DAG(s) 'example_setup_teardown_taskflow' retrieved from /home/airflow/.local/lib/python3.12/site-packages/airflow/example_dags/example_setup_teardown_taskflow.py
[2025-04-25T10:58:00.843+0000] {logging_mixin.py:190} INFO - [2025-04-25T10:58:00.843+0000] {dag.py:3239} INFO - Sync 1 DAGs
[2025-04-25T10:58:00.853+0000] {logging_mixin.py:190} INFO - [2025-04-25T10:58:00.853+0000] {dag.py:4180} INFO - Setting next_dagrun for example_setup_teardown_taskflow to None, run_after=None
[2025-04-25T10:58:00.874+0000] {processor.py:208} INFO - Processing /home/airflow/.local/lib/python3.12/site-packages/airflow/example_dags/example_setup_teardown_taskflow.py took 0.110 seconds
[2025-04-25T10:58:31.176+0000] {processor.py:186} INFO - Started process (PID=2154) to work on /home/airflow/.local/lib/python3.12/site-packages/airflow/example_dags/example_setup_teardown_taskflow.py
[2025-04-25T10:58:31.178+0000] {processor.py:914} INFO - Processing file /home/airflow/.local/lib/python3.12/site-packages/airflow/example_dags/example_setup_teardown_taskflow.py for tasks to queue
[2025-04-25T10:58:31.184+0000] {logging_mixin.py:190} INFO - [2025-04-25T10:58:31.184+0000] {dagbag.py:588} INFO - Filling up the DagBag from /home/airflow/.local/lib/python3.12/site-packages/airflow/example_dags/example_setup_teardown_taskflow.py
[2025-04-25T10:58:31.201+0000] {processor.py:925} INFO - DAG(s) 'example_setup_teardown_taskflow' retrieved from /home/airflow/.local/lib/python3.12/site-packages/airflow/example_dags/example_setup_teardown_taskflow.py
[2025-04-25T10:58:31.222+0000] {logging_mixin.py:190} INFO - [2025-04-25T10:58:31.222+0000] {dag.py:3239} INFO - Sync 1 DAGs
[2025-04-25T10:58:31.230+0000] {logging_mixin.py:190} INFO - [2025-04-25T10:58:31.229+0000] {dag.py:4180} INFO - Setting next_dagrun for example_setup_teardown_taskflow to None, run_after=None
[2025-04-25T10:58:31.242+0000] {processor.py:208} INFO - Processing /home/airflow/.local/lib/python3.12/site-packages/airflow/example_dags/example_setup_teardown_taskflow.py took 0.075 seconds
[2025-04-25T10:59:01.499+0000] {processor.py:186} INFO - Started process (PID=2217) to work on /home/airflow/.local/lib/python3.12/site-packages/airflow/example_dags/example_setup_teardown_taskflow.py
[2025-04-25T10:59:01.504+0000] {processor.py:914} INFO - Processing file /home/airflow/.local/lib/python3.12/site-packages/airflow/example_dags/example_setup_teardown_taskflow.py for tasks to queue
[2025-04-25T10:59:01.506+0000] {logging_mixin.py:190} INFO - [2025-04-25T10:59:01.506+0000] {dagbag.py:588} INFO - Filling up the DagBag from /home/airflow/.local/lib/python3.12/site-packages/airflow/example_dags/example_setup_teardown_taskflow.py
[2025-04-25T10:59:01.515+0000] {processor.py:925} INFO - DAG(s) 'example_setup_teardown_taskflow' retrieved from /home/airflow/.local/lib/python3.12/site-packages/airflow/example_dags/example_setup_teardown_taskflow.py
[2025-04-25T10:59:01.531+0000] {logging_mixin.py:190} INFO - [2025-04-25T10:59:01.531+0000] {dag.py:3239} INFO - Sync 1 DAGs
[2025-04-25T10:59:01.539+0000] {logging_mixin.py:190} INFO - [2025-04-25T10:59:01.539+0000] {dag.py:4180} INFO - Setting next_dagrun for example_setup_teardown_taskflow to None, run_after=None
[2025-04-25T10:59:01.551+0000] {processor.py:208} INFO - Processing /home/airflow/.local/lib/python3.12/site-packages/airflow/example_dags/example_setup_teardown_taskflow.py took 0.059 seconds
[2025-04-25T10:59:31.887+0000] {processor.py:186} INFO - Started process (PID=2280) to work on /home/airflow/.local/lib/python3.12/site-packages/airflow/example_dags/example_setup_teardown_taskflow.py
[2025-04-25T10:59:31.890+0000] {processor.py:914} INFO - Processing file /home/airflow/.local/lib/python3.12/site-packages/airflow/example_dags/example_setup_teardown_taskflow.py for tasks to queue
[2025-04-25T10:59:31.897+0000] {logging_mixin.py:190} INFO - [2025-04-25T10:59:31.895+0000] {dagbag.py:588} INFO - Filling up the DagBag from /home/airflow/.local/lib/python3.12/site-packages/airflow/example_dags/example_setup_teardown_taskflow.py
[2025-04-25T10:59:31.914+0000] {processor.py:925} INFO - DAG(s) 'example_setup_teardown_taskflow' retrieved from /home/airflow/.local/lib/python3.12/site-packages/airflow/example_dags/example_setup_teardown_taskflow.py
[2025-04-25T10:59:31.936+0000] {logging_mixin.py:190} INFO - [2025-04-25T10:59:31.936+0000] {dag.py:3239} INFO - Sync 1 DAGs
[2025-04-25T10:59:31.948+0000] {logging_mixin.py:190} INFO - [2025-04-25T10:59:31.948+0000] {dag.py:4180} INFO - Setting next_dagrun for example_setup_teardown_taskflow to None, run_after=None
[2025-04-25T10:59:31.963+0000] {processor.py:208} INFO - Processing /home/airflow/.local/lib/python3.12/site-packages/airflow/example_dags/example_setup_teardown_taskflow.py took 0.086 seconds
[2025-04-25T11:00:02.504+0000] {processor.py:186} INFO - Started process (PID=2343) to work on /home/airflow/.local/lib/python3.12/site-packages/airflow/example_dags/example_setup_teardown_taskflow.py
[2025-04-25T11:00:02.509+0000] {processor.py:914} INFO - Processing file /home/airflow/.local/lib/python3.12/site-packages/airflow/example_dags/example_setup_teardown_taskflow.py for tasks to queue
[2025-04-25T11:00:02.517+0000] {logging_mixin.py:190} INFO - [2025-04-25T11:00:02.516+0000] {dagbag.py:588} INFO - Filling up the DagBag from /home/airflow/.local/lib/python3.12/site-packages/airflow/example_dags/example_setup_teardown_taskflow.py
[2025-04-25T11:00:02.571+0000] {processor.py:925} INFO - DAG(s) 'example_setup_teardown_taskflow' retrieved from /home/airflow/.local/lib/python3.12/site-packages/airflow/example_dags/example_setup_teardown_taskflow.py
[2025-04-25T11:00:02.665+0000] {logging_mixin.py:190} INFO - [2025-04-25T11:00:02.664+0000] {dag.py:3239} INFO - Sync 1 DAGs
[2025-04-25T11:00:02.727+0000] {logging_mixin.py:190} INFO - [2025-04-25T11:00:02.727+0000] {dag.py:4180} INFO - Setting next_dagrun for example_setup_teardown_taskflow to None, run_after=None
[2025-04-25T11:00:02.850+0000] {processor.py:208} INFO - Processing /home/airflow/.local/lib/python3.12/site-packages/airflow/example_dags/example_setup_teardown_taskflow.py took 0.356 seconds
[2025-04-25T11:00:33.757+0000] {processor.py:186} INFO - Started process (PID=2406) to work on /home/airflow/.local/lib/python3.12/site-packages/airflow/example_dags/example_setup_teardown_taskflow.py
[2025-04-25T11:00:33.760+0000] {processor.py:914} INFO - Processing file /home/airflow/.local/lib/python3.12/site-packages/airflow/example_dags/example_setup_teardown_taskflow.py for tasks to queue
[2025-04-25T11:00:33.776+0000] {logging_mixin.py:190} INFO - [2025-04-25T11:00:33.775+0000] {dagbag.py:588} INFO - Filling up the DagBag from /home/airflow/.local/lib/python3.12/site-packages/airflow/example_dags/example_setup_teardown_taskflow.py
[2025-04-25T11:00:33.795+0000] {processor.py:925} INFO - DAG(s) 'example_setup_teardown_taskflow' retrieved from /home/airflow/.local/lib/python3.12/site-packages/airflow/example_dags/example_setup_teardown_taskflow.py
[2025-04-25T11:00:33.838+0000] {logging_mixin.py:190} INFO - [2025-04-25T11:00:33.838+0000] {dag.py:3239} INFO - Sync 1 DAGs
[2025-04-25T11:00:33.860+0000] {logging_mixin.py:190} INFO - [2025-04-25T11:00:33.860+0000] {dag.py:4180} INFO - Setting next_dagrun for example_setup_teardown_taskflow to None, run_after=None
[2025-04-25T11:00:33.877+0000] {processor.py:208} INFO - Processing /home/airflow/.local/lib/python3.12/site-packages/airflow/example_dags/example_setup_teardown_taskflow.py took 0.133 seconds
[2025-04-25T11:01:07.455+0000] {processor.py:186} INFO - Started process (PID=2469) to work on /home/airflow/.local/lib/python3.12/site-packages/airflow/example_dags/example_setup_teardown_taskflow.py
[2025-04-25T11:01:07.458+0000] {processor.py:914} INFO - Processing file /home/airflow/.local/lib/python3.12/site-packages/airflow/example_dags/example_setup_teardown_taskflow.py for tasks to queue
[2025-04-25T11:01:07.475+0000] {logging_mixin.py:190} INFO - [2025-04-25T11:01:07.470+0000] {dagbag.py:588} INFO - Filling up the DagBag from /home/airflow/.local/lib/python3.12/site-packages/airflow/example_dags/example_setup_teardown_taskflow.py
[2025-04-25T11:01:07.542+0000] {processor.py:925} INFO - DAG(s) 'example_setup_teardown_taskflow' retrieved from /home/airflow/.local/lib/python3.12/site-packages/airflow/example_dags/example_setup_teardown_taskflow.py
[2025-04-25T11:01:07.601+0000] {logging_mixin.py:190} INFO - [2025-04-25T11:01:07.600+0000] {dag.py:3239} INFO - Sync 1 DAGs
[2025-04-25T11:01:07.659+0000] {logging_mixin.py:190} INFO - [2025-04-25T11:01:07.658+0000] {dag.py:4180} INFO - Setting next_dagrun for example_setup_teardown_taskflow to None, run_after=None
[2025-04-25T11:01:07.757+0000] {processor.py:208} INFO - Processing /home/airflow/.local/lib/python3.12/site-packages/airflow/example_dags/example_setup_teardown_taskflow.py took 0.309 seconds
[2025-04-25T11:01:40.696+0000] {processor.py:186} INFO - Started process (PID=2531) to work on /home/airflow/.local/lib/python3.12/site-packages/airflow/example_dags/example_setup_teardown_taskflow.py
[2025-04-25T11:01:40.747+0000] {processor.py:914} INFO - Processing file /home/airflow/.local/lib/python3.12/site-packages/airflow/example_dags/example_setup_teardown_taskflow.py for tasks to queue
[2025-04-25T11:01:40.750+0000] {logging_mixin.py:190} INFO - [2025-04-25T11:01:40.750+0000] {dagbag.py:588} INFO - Filling up the DagBag from /home/airflow/.local/lib/python3.12/site-packages/airflow/example_dags/example_setup_teardown_taskflow.py
[2025-04-25T11:01:40.770+0000] {processor.py:925} INFO - DAG(s) 'example_setup_teardown_taskflow' retrieved from /home/airflow/.local/lib/python3.12/site-packages/airflow/example_dags/example_setup_teardown_taskflow.py
[2025-04-25T11:01:40.820+0000] {logging_mixin.py:190} INFO - [2025-04-25T11:01:40.820+0000] {dag.py:3239} INFO - Sync 1 DAGs
[2025-04-25T11:01:40.831+0000] {logging_mixin.py:190} INFO - [2025-04-25T11:01:40.831+0000] {dag.py:4180} INFO - Setting next_dagrun for example_setup_teardown_taskflow to None, run_after=None
[2025-04-25T11:01:40.844+0000] {processor.py:208} INFO - Processing /home/airflow/.local/lib/python3.12/site-packages/airflow/example_dags/example_setup_teardown_taskflow.py took 0.155 seconds
[2025-04-25T11:02:11.428+0000] {processor.py:186} INFO - Started process (PID=2594) to work on /home/airflow/.local/lib/python3.12/site-packages/airflow/example_dags/example_setup_teardown_taskflow.py
[2025-04-25T11:02:11.429+0000] {processor.py:914} INFO - Processing file /home/airflow/.local/lib/python3.12/site-packages/airflow/example_dags/example_setup_teardown_taskflow.py for tasks to queue
[2025-04-25T11:02:11.432+0000] {logging_mixin.py:190} INFO - [2025-04-25T11:02:11.432+0000] {dagbag.py:588} INFO - Filling up the DagBag from /home/airflow/.local/lib/python3.12/site-packages/airflow/example_dags/example_setup_teardown_taskflow.py
[2025-04-25T11:02:11.440+0000] {processor.py:925} INFO - DAG(s) 'example_setup_teardown_taskflow' retrieved from /home/airflow/.local/lib/python3.12/site-packages/airflow/example_dags/example_setup_teardown_taskflow.py
[2025-04-25T11:02:11.460+0000] {logging_mixin.py:190} INFO - [2025-04-25T11:02:11.459+0000] {dag.py:3239} INFO - Sync 1 DAGs
[2025-04-25T11:02:11.469+0000] {logging_mixin.py:190} INFO - [2025-04-25T11:02:11.469+0000] {dag.py:4180} INFO - Setting next_dagrun for example_setup_teardown_taskflow to None, run_after=None
[2025-04-25T11:02:11.478+0000] {processor.py:208} INFO - Processing /home/airflow/.local/lib/python3.12/site-packages/airflow/example_dags/example_setup_teardown_taskflow.py took 0.056 seconds
[2025-04-25T11:02:41.736+0000] {processor.py:186} INFO - Started process (PID=2656) to work on /home/airflow/.local/lib/python3.12/site-packages/airflow/example_dags/example_setup_teardown_taskflow.py
[2025-04-25T11:02:41.739+0000] {processor.py:914} INFO - Processing file /home/airflow/.local/lib/python3.12/site-packages/airflow/example_dags/example_setup_teardown_taskflow.py for tasks to queue
[2025-04-25T11:02:41.762+0000] {logging_mixin.py:190} INFO - [2025-04-25T11:02:41.762+0000] {dagbag.py:588} INFO - Filling up the DagBag from /home/airflow/.local/lib/python3.12/site-packages/airflow/example_dags/example_setup_teardown_taskflow.py
[2025-04-25T11:02:41.773+0000] {processor.py:925} INFO - DAG(s) 'example_setup_teardown_taskflow' retrieved from /home/airflow/.local/lib/python3.12/site-packages/airflow/example_dags/example_setup_teardown_taskflow.py
[2025-04-25T11:02:41.799+0000] {logging_mixin.py:190} INFO - [2025-04-25T11:02:41.799+0000] {dag.py:3239} INFO - Sync 1 DAGs
[2025-04-25T11:02:41.820+0000] {logging_mixin.py:190} INFO - [2025-04-25T11:02:41.820+0000] {dag.py:4180} INFO - Setting next_dagrun for example_setup_teardown_taskflow to None, run_after=None
[2025-04-25T11:02:41.839+0000] {processor.py:208} INFO - Processing /home/airflow/.local/lib/python3.12/site-packages/airflow/example_dags/example_setup_teardown_taskflow.py took 0.133 seconds
[2025-04-25T11:10:50.691+0000] {processor.py:186} INFO - Started process (PID=2811) to work on /home/airflow/.local/lib/python3.12/site-packages/airflow/example_dags/example_setup_teardown_taskflow.py
[2025-04-25T11:10:50.702+0000] {processor.py:914} INFO - Processing file /home/airflow/.local/lib/python3.12/site-packages/airflow/example_dags/example_setup_teardown_taskflow.py for tasks to queue
[2025-04-25T11:10:50.713+0000] {logging_mixin.py:190} INFO - [2025-04-25T11:10:50.710+0000] {dagbag.py:588} INFO - Filling up the DagBag from /home/airflow/.local/lib/python3.12/site-packages/airflow/example_dags/example_setup_teardown_taskflow.py
[2025-04-25T11:10:50.902+0000] {processor.py:925} INFO - DAG(s) 'example_setup_teardown_taskflow' retrieved from /home/airflow/.local/lib/python3.12/site-packages/airflow/example_dags/example_setup_teardown_taskflow.py
[2025-04-25T11:10:51.370+0000] {logging_mixin.py:190} INFO - [2025-04-25T11:10:51.364+0000] {dag.py:3239} INFO - Sync 1 DAGs
[2025-04-25T11:10:51.540+0000] {logging_mixin.py:190} INFO - [2025-04-25T11:10:51.531+0000] {dag.py:4180} INFO - Setting next_dagrun for example_setup_teardown_taskflow to None, run_after=None
[2025-04-25T11:10:51.964+0000] {processor.py:208} INFO - Processing /home/airflow/.local/lib/python3.12/site-packages/airflow/example_dags/example_setup_teardown_taskflow.py took 1.273 seconds
[2025-04-25T11:19:53.167+0000] {processor.py:186} INFO - Started process (PID=2979) to work on /home/airflow/.local/lib/python3.12/site-packages/airflow/example_dags/example_setup_teardown_taskflow.py
[2025-04-25T11:19:53.245+0000] {processor.py:914} INFO - Processing file /home/airflow/.local/lib/python3.12/site-packages/airflow/example_dags/example_setup_teardown_taskflow.py for tasks to queue
[2025-04-25T11:19:53.326+0000] {logging_mixin.py:190} INFO - [2025-04-25T11:19:53.266+0000] {dagbag.py:588} INFO - Filling up the DagBag from /home/airflow/.local/lib/python3.12/site-packages/airflow/example_dags/example_setup_teardown_taskflow.py
[2025-04-25T11:19:54.313+0000] {processor.py:925} INFO - DAG(s) 'example_setup_teardown_taskflow' retrieved from /home/airflow/.local/lib/python3.12/site-packages/airflow/example_dags/example_setup_teardown_taskflow.py
[2025-04-25T11:19:55.926+0000] {logging_mixin.py:190} INFO - [2025-04-25T11:19:55.901+0000] {dag.py:3239} INFO - Sync 1 DAGs
[2025-04-25T11:19:56.453+0000] {logging_mixin.py:190} INFO - [2025-04-25T11:19:56.429+0000] {dag.py:4180} INFO - Setting next_dagrun for example_setup_teardown_taskflow to None, run_after=None
[2025-04-25T11:19:57.061+0000] {processor.py:208} INFO - Processing /home/airflow/.local/lib/python3.12/site-packages/airflow/example_dags/example_setup_teardown_taskflow.py took 4.293 seconds
[2025-04-25T11:21:12.232+0000] {processor.py:186} INFO - Started process (PID=3061) to work on /home/airflow/.local/lib/python3.12/site-packages/airflow/example_dags/example_setup_teardown_taskflow.py
[2025-04-25T11:21:12.252+0000] {processor.py:914} INFO - Processing file /home/airflow/.local/lib/python3.12/site-packages/airflow/example_dags/example_setup_teardown_taskflow.py for tasks to queue
[2025-04-25T11:21:12.268+0000] {logging_mixin.py:190} INFO - [2025-04-25T11:21:12.257+0000] {dagbag.py:588} INFO - Filling up the DagBag from /home/airflow/.local/lib/python3.12/site-packages/airflow/example_dags/example_setup_teardown_taskflow.py
[2025-04-25T11:21:12.301+0000] {processor.py:925} INFO - DAG(s) 'example_setup_teardown_taskflow' retrieved from /home/airflow/.local/lib/python3.12/site-packages/airflow/example_dags/example_setup_teardown_taskflow.py
[2025-04-25T11:21:12.436+0000] {logging_mixin.py:190} INFO - [2025-04-25T11:21:12.434+0000] {dag.py:3239} INFO - Sync 1 DAGs
[2025-04-25T11:21:12.489+0000] {logging_mixin.py:190} INFO - [2025-04-25T11:21:12.488+0000] {dag.py:4180} INFO - Setting next_dagrun for example_setup_teardown_taskflow to None, run_after=None
[2025-04-25T11:21:12.565+0000] {processor.py:208} INFO - Processing /home/airflow/.local/lib/python3.12/site-packages/airflow/example_dags/example_setup_teardown_taskflow.py took 0.349 seconds
[2025-04-25T11:21:42.777+0000] {processor.py:186} INFO - Started process (PID=3124) to work on /home/airflow/.local/lib/python3.12/site-packages/airflow/example_dags/example_setup_teardown_taskflow.py
[2025-04-25T11:21:42.779+0000] {processor.py:914} INFO - Processing file /home/airflow/.local/lib/python3.12/site-packages/airflow/example_dags/example_setup_teardown_taskflow.py for tasks to queue
[2025-04-25T11:21:42.780+0000] {logging_mixin.py:190} INFO - [2025-04-25T11:21:42.779+0000] {dagbag.py:588} INFO - Filling up the DagBag from /home/airflow/.local/lib/python3.12/site-packages/airflow/example_dags/example_setup_teardown_taskflow.py
[2025-04-25T11:21:42.807+0000] {processor.py:925} INFO - DAG(s) 'example_setup_teardown_taskflow' retrieved from /home/airflow/.local/lib/python3.12/site-packages/airflow/example_dags/example_setup_teardown_taskflow.py
[2025-04-25T11:21:42.864+0000] {logging_mixin.py:190} INFO - [2025-04-25T11:21:42.863+0000] {dag.py:3239} INFO - Sync 1 DAGs
[2025-04-25T11:21:42.887+0000] {logging_mixin.py:190} INFO - [2025-04-25T11:21:42.887+0000] {dag.py:4180} INFO - Setting next_dagrun for example_setup_teardown_taskflow to None, run_after=None
[2025-04-25T11:21:42.937+0000] {processor.py:208} INFO - Processing /home/airflow/.local/lib/python3.12/site-packages/airflow/example_dags/example_setup_teardown_taskflow.py took 0.167 seconds
[2025-04-25T11:22:13.741+0000] {processor.py:186} INFO - Started process (PID=3186) to work on /home/airflow/.local/lib/python3.12/site-packages/airflow/example_dags/example_setup_teardown_taskflow.py
[2025-04-25T11:22:13.744+0000] {processor.py:914} INFO - Processing file /home/airflow/.local/lib/python3.12/site-packages/airflow/example_dags/example_setup_teardown_taskflow.py for tasks to queue
[2025-04-25T11:22:13.753+0000] {logging_mixin.py:190} INFO - [2025-04-25T11:22:13.752+0000] {dagbag.py:588} INFO - Filling up the DagBag from /home/airflow/.local/lib/python3.12/site-packages/airflow/example_dags/example_setup_teardown_taskflow.py
[2025-04-25T11:22:13.774+0000] {processor.py:925} INFO - DAG(s) 'example_setup_teardown_taskflow' retrieved from /home/airflow/.local/lib/python3.12/site-packages/airflow/example_dags/example_setup_teardown_taskflow.py
[2025-04-25T11:22:13.810+0000] {logging_mixin.py:190} INFO - [2025-04-25T11:22:13.810+0000] {dag.py:3239} INFO - Sync 1 DAGs
[2025-04-25T11:22:13.841+0000] {logging_mixin.py:190} INFO - [2025-04-25T11:22:13.840+0000] {dag.py:4180} INFO - Setting next_dagrun for example_setup_teardown_taskflow to None, run_after=None
[2025-04-25T11:22:13.894+0000] {processor.py:208} INFO - Processing /home/airflow/.local/lib/python3.12/site-packages/airflow/example_dags/example_setup_teardown_taskflow.py took 0.165 seconds
[2025-04-25T11:23:23.672+0000] {processor.py:186} INFO - Started process (PID=3266) to work on /home/airflow/.local/lib/python3.12/site-packages/airflow/example_dags/example_setup_teardown_taskflow.py
[2025-04-25T11:23:23.678+0000] {processor.py:914} INFO - Processing file /home/airflow/.local/lib/python3.12/site-packages/airflow/example_dags/example_setup_teardown_taskflow.py for tasks to queue
[2025-04-25T11:23:23.687+0000] {logging_mixin.py:190} INFO - [2025-04-25T11:23:23.684+0000] {dagbag.py:588} INFO - Filling up the DagBag from /home/airflow/.local/lib/python3.12/site-packages/airflow/example_dags/example_setup_teardown_taskflow.py
[2025-04-25T11:23:23.719+0000] {processor.py:925} INFO - DAG(s) 'example_setup_teardown_taskflow' retrieved from /home/airflow/.local/lib/python3.12/site-packages/airflow/example_dags/example_setup_teardown_taskflow.py
[2025-04-25T11:23:23.825+0000] {logging_mixin.py:190} INFO - [2025-04-25T11:23:23.823+0000] {dag.py:3239} INFO - Sync 1 DAGs
[2025-04-25T11:23:23.859+0000] {logging_mixin.py:190} INFO - [2025-04-25T11:23:23.858+0000] {dag.py:4180} INFO - Setting next_dagrun for example_setup_teardown_taskflow to None, run_after=None
[2025-04-25T11:23:23.950+0000] {processor.py:208} INFO - Processing /home/airflow/.local/lib/python3.12/site-packages/airflow/example_dags/example_setup_teardown_taskflow.py took 0.297 seconds
