[2025-04-25T10:41:19.420+0000] {processor.py:186} INFO - Started process (PID=88) to work on /home/airflow/.local/lib/python3.12/site-packages/airflow/example_dags/example_task_group.py
[2025-04-25T10:41:19.421+0000] {processor.py:914} INFO - Processing file /home/airflow/.local/lib/python3.12/site-packages/airflow/example_dags/example_task_group.py for tasks to queue
[2025-04-25T10:41:19.425+0000] {logging_mixin.py:190} INFO - [2025-04-25T10:41:19.424+0000] {dagbag.py:588} INFO - Filling up the DagBag from /home/airflow/.local/lib/python3.12/site-packages/airflow/example_dags/example_task_group.py
[2025-04-25T10:41:19.437+0000] {processor.py:925} INFO - DAG(s) 'example_task_group' retrieved from /home/airflow/.local/lib/python3.12/site-packages/airflow/example_dags/example_task_group.py
[2025-04-25T10:41:19.546+0000] {logging_mixin.py:190} INFO - [2025-04-25T10:41:19.546+0000] {dag.py:3239} INFO - Sync 1 DAGs
[2025-04-25T10:41:19.570+0000] {logging_mixin.py:190} INFO - [2025-04-25T10:41:19.570+0000] {dag.py:4180} INFO - Setting next_dagrun for example_task_group to None, run_after=None
[2025-04-25T10:41:19.603+0000] {processor.py:208} INFO - Processing /home/airflow/.local/lib/python3.12/site-packages/airflow/example_dags/example_task_group.py took 0.189 seconds
[2025-04-25T10:41:51.316+0000] {processor.py:186} INFO - Started process (PID=151) to work on /home/airflow/.local/lib/python3.12/site-packages/airflow/example_dags/example_task_group.py
[2025-04-25T10:41:51.317+0000] {processor.py:914} INFO - Processing file /home/airflow/.local/lib/python3.12/site-packages/airflow/example_dags/example_task_group.py for tasks to queue
[2025-04-25T10:41:51.320+0000] {logging_mixin.py:190} INFO - [2025-04-25T10:41:51.320+0000] {dagbag.py:588} INFO - Filling up the DagBag from /home/airflow/.local/lib/python3.12/site-packages/airflow/example_dags/example_task_group.py
[2025-04-25T10:41:51.331+0000] {processor.py:925} INFO - DAG(s) 'example_task_group' retrieved from /home/airflow/.local/lib/python3.12/site-packages/airflow/example_dags/example_task_group.py
[2025-04-25T10:41:51.348+0000] {logging_mixin.py:190} INFO - [2025-04-25T10:41:51.348+0000] {dag.py:3239} INFO - Sync 1 DAGs
[2025-04-25T10:41:51.358+0000] {logging_mixin.py:190} INFO - [2025-04-25T10:41:51.357+0000] {dag.py:4180} INFO - Setting next_dagrun for example_task_group to None, run_after=None
[2025-04-25T10:41:51.374+0000] {processor.py:208} INFO - Processing /home/airflow/.local/lib/python3.12/site-packages/airflow/example_dags/example_task_group.py took 0.063 seconds
[2025-04-25T10:42:22.363+0000] {processor.py:186} INFO - Started process (PID=214) to work on /home/airflow/.local/lib/python3.12/site-packages/airflow/example_dags/example_task_group.py
[2025-04-25T10:42:22.364+0000] {processor.py:914} INFO - Processing file /home/airflow/.local/lib/python3.12/site-packages/airflow/example_dags/example_task_group.py for tasks to queue
[2025-04-25T10:42:22.366+0000] {logging_mixin.py:190} INFO - [2025-04-25T10:42:22.366+0000] {dagbag.py:588} INFO - Filling up the DagBag from /home/airflow/.local/lib/python3.12/site-packages/airflow/example_dags/example_task_group.py
[2025-04-25T10:42:22.374+0000] {processor.py:925} INFO - DAG(s) 'example_task_group' retrieved from /home/airflow/.local/lib/python3.12/site-packages/airflow/example_dags/example_task_group.py
[2025-04-25T10:42:22.386+0000] {logging_mixin.py:190} INFO - [2025-04-25T10:42:22.386+0000] {dag.py:3239} INFO - Sync 1 DAGs
[2025-04-25T10:42:22.393+0000] {logging_mixin.py:190} INFO - [2025-04-25T10:42:22.393+0000] {dag.py:4180} INFO - Setting next_dagrun for example_task_group to None, run_after=None
[2025-04-25T10:42:22.402+0000] {processor.py:208} INFO - Processing /home/airflow/.local/lib/python3.12/site-packages/airflow/example_dags/example_task_group.py took 0.043 seconds
[2025-04-25T10:42:53.859+0000] {processor.py:186} INFO - Started process (PID=278) to work on /home/airflow/.local/lib/python3.12/site-packages/airflow/example_dags/example_task_group.py
[2025-04-25T10:42:53.860+0000] {processor.py:914} INFO - Processing file /home/airflow/.local/lib/python3.12/site-packages/airflow/example_dags/example_task_group.py for tasks to queue
[2025-04-25T10:42:53.861+0000] {logging_mixin.py:190} INFO - [2025-04-25T10:42:53.861+0000] {dagbag.py:588} INFO - Filling up the DagBag from /home/airflow/.local/lib/python3.12/site-packages/airflow/example_dags/example_task_group.py
[2025-04-25T10:42:53.870+0000] {processor.py:925} INFO - DAG(s) 'example_task_group' retrieved from /home/airflow/.local/lib/python3.12/site-packages/airflow/example_dags/example_task_group.py
[2025-04-25T10:42:53.881+0000] {logging_mixin.py:190} INFO - [2025-04-25T10:42:53.881+0000] {dag.py:3239} INFO - Sync 1 DAGs
[2025-04-25T10:42:53.889+0000] {logging_mixin.py:190} INFO - [2025-04-25T10:42:53.889+0000] {dag.py:4180} INFO - Setting next_dagrun for example_task_group to None, run_after=None
[2025-04-25T10:42:53.899+0000] {processor.py:208} INFO - Processing /home/airflow/.local/lib/python3.12/site-packages/airflow/example_dags/example_task_group.py took 0.044 seconds
[2025-04-25T10:43:25.528+0000] {processor.py:186} INFO - Started process (PID=341) to work on /home/airflow/.local/lib/python3.12/site-packages/airflow/example_dags/example_task_group.py
[2025-04-25T10:43:25.528+0000] {processor.py:914} INFO - Processing file /home/airflow/.local/lib/python3.12/site-packages/airflow/example_dags/example_task_group.py for tasks to queue
[2025-04-25T10:43:25.530+0000] {logging_mixin.py:190} INFO - [2025-04-25T10:43:25.530+0000] {dagbag.py:588} INFO - Filling up the DagBag from /home/airflow/.local/lib/python3.12/site-packages/airflow/example_dags/example_task_group.py
[2025-04-25T10:43:25.536+0000] {processor.py:925} INFO - DAG(s) 'example_task_group' retrieved from /home/airflow/.local/lib/python3.12/site-packages/airflow/example_dags/example_task_group.py
[2025-04-25T10:43:25.555+0000] {logging_mixin.py:190} INFO - [2025-04-25T10:43:25.554+0000] {dag.py:3239} INFO - Sync 1 DAGs
[2025-04-25T10:43:25.564+0000] {logging_mixin.py:190} INFO - [2025-04-25T10:43:25.564+0000] {dag.py:4180} INFO - Setting next_dagrun for example_task_group to None, run_after=None
[2025-04-25T10:43:25.573+0000] {processor.py:208} INFO - Processing /home/airflow/.local/lib/python3.12/site-packages/airflow/example_dags/example_task_group.py took 0.050 seconds
[2025-04-25T10:43:56.331+0000] {processor.py:186} INFO - Started process (PID=404) to work on /home/airflow/.local/lib/python3.12/site-packages/airflow/example_dags/example_task_group.py
[2025-04-25T10:43:56.332+0000] {processor.py:914} INFO - Processing file /home/airflow/.local/lib/python3.12/site-packages/airflow/example_dags/example_task_group.py for tasks to queue
[2025-04-25T10:43:56.333+0000] {logging_mixin.py:190} INFO - [2025-04-25T10:43:56.333+0000] {dagbag.py:588} INFO - Filling up the DagBag from /home/airflow/.local/lib/python3.12/site-packages/airflow/example_dags/example_task_group.py
[2025-04-25T10:43:56.338+0000] {processor.py:925} INFO - DAG(s) 'example_task_group' retrieved from /home/airflow/.local/lib/python3.12/site-packages/airflow/example_dags/example_task_group.py
[2025-04-25T10:43:56.351+0000] {logging_mixin.py:190} INFO - [2025-04-25T10:43:56.351+0000] {dag.py:3239} INFO - Sync 1 DAGs
[2025-04-25T10:43:56.358+0000] {logging_mixin.py:190} INFO - [2025-04-25T10:43:56.357+0000] {dag.py:4180} INFO - Setting next_dagrun for example_task_group to None, run_after=None
[2025-04-25T10:43:56.365+0000] {processor.py:208} INFO - Processing /home/airflow/.local/lib/python3.12/site-packages/airflow/example_dags/example_task_group.py took 0.037 seconds
[2025-04-25T10:44:28.237+0000] {processor.py:186} INFO - Started process (PID=467) to work on /home/airflow/.local/lib/python3.12/site-packages/airflow/example_dags/example_task_group.py
[2025-04-25T10:44:28.239+0000] {processor.py:914} INFO - Processing file /home/airflow/.local/lib/python3.12/site-packages/airflow/example_dags/example_task_group.py for tasks to queue
[2025-04-25T10:44:28.241+0000] {logging_mixin.py:190} INFO - [2025-04-25T10:44:28.241+0000] {dagbag.py:588} INFO - Filling up the DagBag from /home/airflow/.local/lib/python3.12/site-packages/airflow/example_dags/example_task_group.py
[2025-04-25T10:44:28.249+0000] {processor.py:925} INFO - DAG(s) 'example_task_group' retrieved from /home/airflow/.local/lib/python3.12/site-packages/airflow/example_dags/example_task_group.py
[2025-04-25T10:44:28.266+0000] {logging_mixin.py:190} INFO - [2025-04-25T10:44:28.266+0000] {dag.py:3239} INFO - Sync 1 DAGs
[2025-04-25T10:44:28.277+0000] {logging_mixin.py:190} INFO - [2025-04-25T10:44:28.277+0000] {dag.py:4180} INFO - Setting next_dagrun for example_task_group to None, run_after=None
[2025-04-25T10:44:28.286+0000] {processor.py:208} INFO - Processing /home/airflow/.local/lib/python3.12/site-packages/airflow/example_dags/example_task_group.py took 0.054 seconds
[2025-04-25T10:45:00.068+0000] {processor.py:186} INFO - Started process (PID=530) to work on /home/airflow/.local/lib/python3.12/site-packages/airflow/example_dags/example_task_group.py
[2025-04-25T10:45:00.069+0000] {processor.py:914} INFO - Processing file /home/airflow/.local/lib/python3.12/site-packages/airflow/example_dags/example_task_group.py for tasks to queue
[2025-04-25T10:45:00.070+0000] {logging_mixin.py:190} INFO - [2025-04-25T10:45:00.070+0000] {dagbag.py:588} INFO - Filling up the DagBag from /home/airflow/.local/lib/python3.12/site-packages/airflow/example_dags/example_task_group.py
[2025-04-25T10:45:00.075+0000] {processor.py:925} INFO - DAG(s) 'example_task_group' retrieved from /home/airflow/.local/lib/python3.12/site-packages/airflow/example_dags/example_task_group.py
[2025-04-25T10:45:00.096+0000] {logging_mixin.py:190} INFO - [2025-04-25T10:45:00.096+0000] {dag.py:3239} INFO - Sync 1 DAGs
[2025-04-25T10:45:00.106+0000] {logging_mixin.py:190} INFO - [2025-04-25T10:45:00.105+0000] {dag.py:4180} INFO - Setting next_dagrun for example_task_group to None, run_after=None
[2025-04-25T10:45:00.115+0000] {processor.py:208} INFO - Processing /home/airflow/.local/lib/python3.12/site-packages/airflow/example_dags/example_task_group.py took 0.050 seconds
[2025-04-25T10:45:32.576+0000] {processor.py:186} INFO - Started process (PID=592) to work on /home/airflow/.local/lib/python3.12/site-packages/airflow/example_dags/example_task_group.py
[2025-04-25T10:45:32.577+0000] {processor.py:914} INFO - Processing file /home/airflow/.local/lib/python3.12/site-packages/airflow/example_dags/example_task_group.py for tasks to queue
[2025-04-25T10:45:32.579+0000] {logging_mixin.py:190} INFO - [2025-04-25T10:45:32.579+0000] {dagbag.py:588} INFO - Filling up the DagBag from /home/airflow/.local/lib/python3.12/site-packages/airflow/example_dags/example_task_group.py
[2025-04-25T10:45:32.586+0000] {processor.py:925} INFO - DAG(s) 'example_task_group' retrieved from /home/airflow/.local/lib/python3.12/site-packages/airflow/example_dags/example_task_group.py
[2025-04-25T10:45:32.601+0000] {logging_mixin.py:190} INFO - [2025-04-25T10:45:32.600+0000] {dag.py:3239} INFO - Sync 1 DAGs
[2025-04-25T10:45:32.615+0000] {logging_mixin.py:190} INFO - [2025-04-25T10:45:32.615+0000] {dag.py:4180} INFO - Setting next_dagrun for example_task_group to None, run_after=None
[2025-04-25T10:45:32.626+0000] {processor.py:208} INFO - Processing /home/airflow/.local/lib/python3.12/site-packages/airflow/example_dags/example_task_group.py took 0.058 seconds
[2025-04-25T10:46:03.915+0000] {processor.py:186} INFO - Started process (PID=655) to work on /home/airflow/.local/lib/python3.12/site-packages/airflow/example_dags/example_task_group.py
[2025-04-25T10:46:03.916+0000] {processor.py:914} INFO - Processing file /home/airflow/.local/lib/python3.12/site-packages/airflow/example_dags/example_task_group.py for tasks to queue
[2025-04-25T10:46:03.918+0000] {logging_mixin.py:190} INFO - [2025-04-25T10:46:03.918+0000] {dagbag.py:588} INFO - Filling up the DagBag from /home/airflow/.local/lib/python3.12/site-packages/airflow/example_dags/example_task_group.py
[2025-04-25T10:46:03.923+0000] {processor.py:925} INFO - DAG(s) 'example_task_group' retrieved from /home/airflow/.local/lib/python3.12/site-packages/airflow/example_dags/example_task_group.py
[2025-04-25T10:46:03.933+0000] {logging_mixin.py:190} INFO - [2025-04-25T10:46:03.933+0000] {dag.py:3239} INFO - Sync 1 DAGs
[2025-04-25T10:46:03.940+0000] {logging_mixin.py:190} INFO - [2025-04-25T10:46:03.940+0000] {dag.py:4180} INFO - Setting next_dagrun for example_task_group to None, run_after=None
[2025-04-25T10:46:03.948+0000] {processor.py:208} INFO - Processing /home/airflow/.local/lib/python3.12/site-packages/airflow/example_dags/example_task_group.py took 0.040 seconds
[2025-04-25T10:46:36.311+0000] {processor.py:186} INFO - Started process (PID=718) to work on /home/airflow/.local/lib/python3.12/site-packages/airflow/example_dags/example_task_group.py
[2025-04-25T10:46:36.312+0000] {processor.py:914} INFO - Processing file /home/airflow/.local/lib/python3.12/site-packages/airflow/example_dags/example_task_group.py for tasks to queue
[2025-04-25T10:46:36.314+0000] {logging_mixin.py:190} INFO - [2025-04-25T10:46:36.313+0000] {dagbag.py:588} INFO - Filling up the DagBag from /home/airflow/.local/lib/python3.12/site-packages/airflow/example_dags/example_task_group.py
[2025-04-25T10:46:36.318+0000] {processor.py:925} INFO - DAG(s) 'example_task_group' retrieved from /home/airflow/.local/lib/python3.12/site-packages/airflow/example_dags/example_task_group.py
[2025-04-25T10:46:36.344+0000] {logging_mixin.py:190} INFO - [2025-04-25T10:46:36.343+0000] {dag.py:3239} INFO - Sync 1 DAGs
[2025-04-25T10:46:36.353+0000] {logging_mixin.py:190} INFO - [2025-04-25T10:46:36.353+0000] {dag.py:4180} INFO - Setting next_dagrun for example_task_group to None, run_after=None
[2025-04-25T10:46:36.361+0000] {processor.py:208} INFO - Processing /home/airflow/.local/lib/python3.12/site-packages/airflow/example_dags/example_task_group.py took 0.053 seconds
[2025-04-25T10:47:07.137+0000] {processor.py:186} INFO - Started process (PID=781) to work on /home/airflow/.local/lib/python3.12/site-packages/airflow/example_dags/example_task_group.py
[2025-04-25T10:47:07.137+0000] {processor.py:914} INFO - Processing file /home/airflow/.local/lib/python3.12/site-packages/airflow/example_dags/example_task_group.py for tasks to queue
[2025-04-25T10:47:07.138+0000] {logging_mixin.py:190} INFO - [2025-04-25T10:47:07.138+0000] {dagbag.py:588} INFO - Filling up the DagBag from /home/airflow/.local/lib/python3.12/site-packages/airflow/example_dags/example_task_group.py
[2025-04-25T10:47:07.142+0000] {processor.py:925} INFO - DAG(s) 'example_task_group' retrieved from /home/airflow/.local/lib/python3.12/site-packages/airflow/example_dags/example_task_group.py
[2025-04-25T10:47:07.152+0000] {logging_mixin.py:190} INFO - [2025-04-25T10:47:07.152+0000] {dag.py:3239} INFO - Sync 1 DAGs
[2025-04-25T10:47:07.157+0000] {logging_mixin.py:190} INFO - [2025-04-25T10:47:07.157+0000] {dag.py:4180} INFO - Setting next_dagrun for example_task_group to None, run_after=None
[2025-04-25T10:47:07.164+0000] {processor.py:208} INFO - Processing /home/airflow/.local/lib/python3.12/site-packages/airflow/example_dags/example_task_group.py took 0.030 seconds
[2025-04-25T10:47:37.994+0000] {processor.py:186} INFO - Started process (PID=843) to work on /home/airflow/.local/lib/python3.12/site-packages/airflow/example_dags/example_task_group.py
[2025-04-25T10:47:37.995+0000] {processor.py:914} INFO - Processing file /home/airflow/.local/lib/python3.12/site-packages/airflow/example_dags/example_task_group.py for tasks to queue
[2025-04-25T10:47:37.996+0000] {logging_mixin.py:190} INFO - [2025-04-25T10:47:37.996+0000] {dagbag.py:588} INFO - Filling up the DagBag from /home/airflow/.local/lib/python3.12/site-packages/airflow/example_dags/example_task_group.py
[2025-04-25T10:47:38.000+0000] {processor.py:925} INFO - DAG(s) 'example_task_group' retrieved from /home/airflow/.local/lib/python3.12/site-packages/airflow/example_dags/example_task_group.py
[2025-04-25T10:47:38.009+0000] {logging_mixin.py:190} INFO - [2025-04-25T10:47:38.009+0000] {dag.py:3239} INFO - Sync 1 DAGs
[2025-04-25T10:47:38.015+0000] {logging_mixin.py:190} INFO - [2025-04-25T10:47:38.015+0000] {dag.py:4180} INFO - Setting next_dagrun for example_task_group to None, run_after=None
[2025-04-25T10:47:38.021+0000] {processor.py:208} INFO - Processing /home/airflow/.local/lib/python3.12/site-packages/airflow/example_dags/example_task_group.py took 0.030 seconds
[2025-04-25T10:48:09.127+0000] {processor.py:186} INFO - Started process (PID=906) to work on /home/airflow/.local/lib/python3.12/site-packages/airflow/example_dags/example_task_group.py
[2025-04-25T10:48:09.128+0000] {processor.py:914} INFO - Processing file /home/airflow/.local/lib/python3.12/site-packages/airflow/example_dags/example_task_group.py for tasks to queue
[2025-04-25T10:48:09.130+0000] {logging_mixin.py:190} INFO - [2025-04-25T10:48:09.129+0000] {dagbag.py:588} INFO - Filling up the DagBag from /home/airflow/.local/lib/python3.12/site-packages/airflow/example_dags/example_task_group.py
[2025-04-25T10:48:09.140+0000] {processor.py:925} INFO - DAG(s) 'example_task_group' retrieved from /home/airflow/.local/lib/python3.12/site-packages/airflow/example_dags/example_task_group.py
[2025-04-25T10:48:09.173+0000] {logging_mixin.py:190} INFO - [2025-04-25T10:48:09.172+0000] {dag.py:3239} INFO - Sync 1 DAGs
[2025-04-25T10:48:09.183+0000] {logging_mixin.py:190} INFO - [2025-04-25T10:48:09.183+0000] {dag.py:4180} INFO - Setting next_dagrun for example_task_group to None, run_after=None
[2025-04-25T10:48:09.193+0000] {processor.py:208} INFO - Processing /home/airflow/.local/lib/python3.12/site-packages/airflow/example_dags/example_task_group.py took 0.070 seconds
[2025-04-25T10:48:40.120+0000] {processor.py:186} INFO - Started process (PID=969) to work on /home/airflow/.local/lib/python3.12/site-packages/airflow/example_dags/example_task_group.py
[2025-04-25T10:48:40.123+0000] {processor.py:914} INFO - Processing file /home/airflow/.local/lib/python3.12/site-packages/airflow/example_dags/example_task_group.py for tasks to queue
[2025-04-25T10:48:40.124+0000] {logging_mixin.py:190} INFO - [2025-04-25T10:48:40.124+0000] {dagbag.py:588} INFO - Filling up the DagBag from /home/airflow/.local/lib/python3.12/site-packages/airflow/example_dags/example_task_group.py
[2025-04-25T10:48:40.133+0000] {processor.py:925} INFO - DAG(s) 'example_task_group' retrieved from /home/airflow/.local/lib/python3.12/site-packages/airflow/example_dags/example_task_group.py
[2025-04-25T10:48:40.161+0000] {logging_mixin.py:190} INFO - [2025-04-25T10:48:40.160+0000] {dag.py:3239} INFO - Sync 1 DAGs
[2025-04-25T10:48:40.169+0000] {logging_mixin.py:190} INFO - [2025-04-25T10:48:40.169+0000] {dag.py:4180} INFO - Setting next_dagrun for example_task_group to None, run_after=None
[2025-04-25T10:48:40.180+0000] {processor.py:208} INFO - Processing /home/airflow/.local/lib/python3.12/site-packages/airflow/example_dags/example_task_group.py took 0.065 seconds
[2025-04-25T10:49:11.715+0000] {processor.py:186} INFO - Started process (PID=1032) to work on /home/airflow/.local/lib/python3.12/site-packages/airflow/example_dags/example_task_group.py
[2025-04-25T10:49:11.717+0000] {processor.py:914} INFO - Processing file /home/airflow/.local/lib/python3.12/site-packages/airflow/example_dags/example_task_group.py for tasks to queue
[2025-04-25T10:49:11.718+0000] {logging_mixin.py:190} INFO - [2025-04-25T10:49:11.718+0000] {dagbag.py:588} INFO - Filling up the DagBag from /home/airflow/.local/lib/python3.12/site-packages/airflow/example_dags/example_task_group.py
[2025-04-25T10:49:11.725+0000] {processor.py:925} INFO - DAG(s) 'example_task_group' retrieved from /home/airflow/.local/lib/python3.12/site-packages/airflow/example_dags/example_task_group.py
[2025-04-25T10:49:11.736+0000] {logging_mixin.py:190} INFO - [2025-04-25T10:49:11.736+0000] {dag.py:3239} INFO - Sync 1 DAGs
[2025-04-25T10:49:11.744+0000] {logging_mixin.py:190} INFO - [2025-04-25T10:49:11.744+0000] {dag.py:4180} INFO - Setting next_dagrun for example_task_group to None, run_after=None
[2025-04-25T10:49:11.757+0000] {processor.py:208} INFO - Processing /home/airflow/.local/lib/python3.12/site-packages/airflow/example_dags/example_task_group.py took 0.045 seconds
[2025-04-25T10:49:43.401+0000] {processor.py:186} INFO - Started process (PID=1095) to work on /home/airflow/.local/lib/python3.12/site-packages/airflow/example_dags/example_task_group.py
[2025-04-25T10:49:43.404+0000] {processor.py:914} INFO - Processing file /home/airflow/.local/lib/python3.12/site-packages/airflow/example_dags/example_task_group.py for tasks to queue
[2025-04-25T10:49:43.405+0000] {logging_mixin.py:190} INFO - [2025-04-25T10:49:43.405+0000] {dagbag.py:588} INFO - Filling up the DagBag from /home/airflow/.local/lib/python3.12/site-packages/airflow/example_dags/example_task_group.py
[2025-04-25T10:49:43.412+0000] {processor.py:925} INFO - DAG(s) 'example_task_group' retrieved from /home/airflow/.local/lib/python3.12/site-packages/airflow/example_dags/example_task_group.py
[2025-04-25T10:49:43.436+0000] {logging_mixin.py:190} INFO - [2025-04-25T10:49:43.436+0000] {dag.py:3239} INFO - Sync 1 DAGs
[2025-04-25T10:49:43.447+0000] {logging_mixin.py:190} INFO - [2025-04-25T10:49:43.447+0000] {dag.py:4180} INFO - Setting next_dagrun for example_task_group to None, run_after=None
[2025-04-25T10:49:43.464+0000] {processor.py:208} INFO - Processing /home/airflow/.local/lib/python3.12/site-packages/airflow/example_dags/example_task_group.py took 0.066 seconds
[2025-04-25T10:50:27.968+0000] {processor.py:186} INFO - Started process (PID=1171) to work on /home/airflow/.local/lib/python3.12/site-packages/airflow/example_dags/example_task_group.py
[2025-04-25T10:50:28.012+0000] {processor.py:914} INFO - Processing file /home/airflow/.local/lib/python3.12/site-packages/airflow/example_dags/example_task_group.py for tasks to queue
[2025-04-25T10:50:28.022+0000] {logging_mixin.py:190} INFO - [2025-04-25T10:50:28.022+0000] {dagbag.py:588} INFO - Filling up the DagBag from /home/airflow/.local/lib/python3.12/site-packages/airflow/example_dags/example_task_group.py
[2025-04-25T10:50:28.174+0000] {processor.py:925} INFO - DAG(s) 'example_task_group' retrieved from /home/airflow/.local/lib/python3.12/site-packages/airflow/example_dags/example_task_group.py
[2025-04-25T10:50:28.422+0000] {logging_mixin.py:190} INFO - [2025-04-25T10:50:28.418+0000] {dag.py:3239} INFO - Sync 1 DAGs
[2025-04-25T10:50:28.580+0000] {logging_mixin.py:190} INFO - [2025-04-25T10:50:28.570+0000] {dag.py:4180} INFO - Setting next_dagrun for example_task_group to None, run_after=None
[2025-04-25T10:50:28.712+0000] {processor.py:208} INFO - Processing /home/airflow/.local/lib/python3.12/site-packages/airflow/example_dags/example_task_group.py took 0.767 seconds
[2025-04-25T10:50:59.313+0000] {processor.py:186} INFO - Started process (PID=1234) to work on /home/airflow/.local/lib/python3.12/site-packages/airflow/example_dags/example_task_group.py
[2025-04-25T10:50:59.314+0000] {processor.py:914} INFO - Processing file /home/airflow/.local/lib/python3.12/site-packages/airflow/example_dags/example_task_group.py for tasks to queue
[2025-04-25T10:50:59.323+0000] {logging_mixin.py:190} INFO - [2025-04-25T10:50:59.323+0000] {dagbag.py:588} INFO - Filling up the DagBag from /home/airflow/.local/lib/python3.12/site-packages/airflow/example_dags/example_task_group.py
[2025-04-25T10:50:59.341+0000] {processor.py:925} INFO - DAG(s) 'example_task_group' retrieved from /home/airflow/.local/lib/python3.12/site-packages/airflow/example_dags/example_task_group.py
[2025-04-25T10:50:59.374+0000] {logging_mixin.py:190} INFO - [2025-04-25T10:50:59.373+0000] {dag.py:3239} INFO - Sync 1 DAGs
[2025-04-25T10:50:59.385+0000] {logging_mixin.py:190} INFO - [2025-04-25T10:50:59.385+0000] {dag.py:4180} INFO - Setting next_dagrun for example_task_group to None, run_after=None
[2025-04-25T10:50:59.401+0000] {processor.py:208} INFO - Processing /home/airflow/.local/lib/python3.12/site-packages/airflow/example_dags/example_task_group.py took 0.113 seconds
[2025-04-25T10:51:31.575+0000] {processor.py:186} INFO - Started process (PID=1297) to work on /home/airflow/.local/lib/python3.12/site-packages/airflow/example_dags/example_task_group.py
[2025-04-25T10:51:31.595+0000] {processor.py:914} INFO - Processing file /home/airflow/.local/lib/python3.12/site-packages/airflow/example_dags/example_task_group.py for tasks to queue
[2025-04-25T10:51:31.597+0000] {logging_mixin.py:190} INFO - [2025-04-25T10:51:31.597+0000] {dagbag.py:588} INFO - Filling up the DagBag from /home/airflow/.local/lib/python3.12/site-packages/airflow/example_dags/example_task_group.py
[2025-04-25T10:51:31.609+0000] {processor.py:925} INFO - DAG(s) 'example_task_group' retrieved from /home/airflow/.local/lib/python3.12/site-packages/airflow/example_dags/example_task_group.py
[2025-04-25T10:51:31.623+0000] {logging_mixin.py:190} INFO - [2025-04-25T10:51:31.623+0000] {dag.py:3239} INFO - Sync 1 DAGs
[2025-04-25T10:51:31.643+0000] {logging_mixin.py:190} INFO - [2025-04-25T10:51:31.643+0000] {dag.py:4180} INFO - Setting next_dagrun for example_task_group to None, run_after=None
[2025-04-25T10:51:31.659+0000] {processor.py:208} INFO - Processing /home/airflow/.local/lib/python3.12/site-packages/airflow/example_dags/example_task_group.py took 0.091 seconds
[2025-04-25T10:52:02.780+0000] {processor.py:186} INFO - Started process (PID=1360) to work on /home/airflow/.local/lib/python3.12/site-packages/airflow/example_dags/example_task_group.py
[2025-04-25T10:52:02.781+0000] {processor.py:914} INFO - Processing file /home/airflow/.local/lib/python3.12/site-packages/airflow/example_dags/example_task_group.py for tasks to queue
[2025-04-25T10:52:02.783+0000] {logging_mixin.py:190} INFO - [2025-04-25T10:52:02.783+0000] {dagbag.py:588} INFO - Filling up the DagBag from /home/airflow/.local/lib/python3.12/site-packages/airflow/example_dags/example_task_group.py
[2025-04-25T10:52:02.788+0000] {processor.py:925} INFO - DAG(s) 'example_task_group' retrieved from /home/airflow/.local/lib/python3.12/site-packages/airflow/example_dags/example_task_group.py
[2025-04-25T10:52:02.797+0000] {logging_mixin.py:190} INFO - [2025-04-25T10:52:02.797+0000] {dag.py:3239} INFO - Sync 1 DAGs
[2025-04-25T10:52:02.805+0000] {logging_mixin.py:190} INFO - [2025-04-25T10:52:02.804+0000] {dag.py:4180} INFO - Setting next_dagrun for example_task_group to None, run_after=None
[2025-04-25T10:52:02.819+0000] {processor.py:208} INFO - Processing /home/airflow/.local/lib/python3.12/site-packages/airflow/example_dags/example_task_group.py took 0.046 seconds
[2025-04-25T10:52:34.278+0000] {processor.py:186} INFO - Started process (PID=1423) to work on /home/airflow/.local/lib/python3.12/site-packages/airflow/example_dags/example_task_group.py
[2025-04-25T10:52:34.279+0000] {processor.py:914} INFO - Processing file /home/airflow/.local/lib/python3.12/site-packages/airflow/example_dags/example_task_group.py for tasks to queue
[2025-04-25T10:52:34.281+0000] {logging_mixin.py:190} INFO - [2025-04-25T10:52:34.280+0000] {dagbag.py:588} INFO - Filling up the DagBag from /home/airflow/.local/lib/python3.12/site-packages/airflow/example_dags/example_task_group.py
[2025-04-25T10:52:34.288+0000] {processor.py:925} INFO - DAG(s) 'example_task_group' retrieved from /home/airflow/.local/lib/python3.12/site-packages/airflow/example_dags/example_task_group.py
[2025-04-25T10:52:34.304+0000] {logging_mixin.py:190} INFO - [2025-04-25T10:52:34.304+0000] {dag.py:3239} INFO - Sync 1 DAGs
[2025-04-25T10:52:34.314+0000] {logging_mixin.py:190} INFO - [2025-04-25T10:52:34.314+0000] {dag.py:4180} INFO - Setting next_dagrun for example_task_group to None, run_after=None
[2025-04-25T10:52:34.323+0000] {processor.py:208} INFO - Processing /home/airflow/.local/lib/python3.12/site-packages/airflow/example_dags/example_task_group.py took 0.048 seconds
[2025-04-25T10:53:04.843+0000] {processor.py:186} INFO - Started process (PID=1486) to work on /home/airflow/.local/lib/python3.12/site-packages/airflow/example_dags/example_task_group.py
[2025-04-25T10:53:04.844+0000] {processor.py:914} INFO - Processing file /home/airflow/.local/lib/python3.12/site-packages/airflow/example_dags/example_task_group.py for tasks to queue
[2025-04-25T10:53:04.846+0000] {logging_mixin.py:190} INFO - [2025-04-25T10:53:04.845+0000] {dagbag.py:588} INFO - Filling up the DagBag from /home/airflow/.local/lib/python3.12/site-packages/airflow/example_dags/example_task_group.py
[2025-04-25T10:53:04.853+0000] {processor.py:925} INFO - DAG(s) 'example_task_group' retrieved from /home/airflow/.local/lib/python3.12/site-packages/airflow/example_dags/example_task_group.py
[2025-04-25T10:53:04.866+0000] {logging_mixin.py:190} INFO - [2025-04-25T10:53:04.865+0000] {dag.py:3239} INFO - Sync 1 DAGs
[2025-04-25T10:53:04.875+0000] {logging_mixin.py:190} INFO - [2025-04-25T10:53:04.875+0000] {dag.py:4180} INFO - Setting next_dagrun for example_task_group to None, run_after=None
[2025-04-25T10:53:04.887+0000] {processor.py:208} INFO - Processing /home/airflow/.local/lib/python3.12/site-packages/airflow/example_dags/example_task_group.py took 0.048 seconds
[2025-04-25T10:53:37.321+0000] {processor.py:186} INFO - Started process (PID=1549) to work on /home/airflow/.local/lib/python3.12/site-packages/airflow/example_dags/example_task_group.py
[2025-04-25T10:53:37.323+0000] {processor.py:914} INFO - Processing file /home/airflow/.local/lib/python3.12/site-packages/airflow/example_dags/example_task_group.py for tasks to queue
[2025-04-25T10:53:37.327+0000] {logging_mixin.py:190} INFO - [2025-04-25T10:53:37.327+0000] {dagbag.py:588} INFO - Filling up the DagBag from /home/airflow/.local/lib/python3.12/site-packages/airflow/example_dags/example_task_group.py
[2025-04-25T10:53:37.344+0000] {processor.py:925} INFO - DAG(s) 'example_task_group' retrieved from /home/airflow/.local/lib/python3.12/site-packages/airflow/example_dags/example_task_group.py
[2025-04-25T10:53:37.374+0000] {logging_mixin.py:190} INFO - [2025-04-25T10:53:37.374+0000] {dag.py:3239} INFO - Sync 1 DAGs
[2025-04-25T10:53:37.383+0000] {logging_mixin.py:190} INFO - [2025-04-25T10:53:37.383+0000] {dag.py:4180} INFO - Setting next_dagrun for example_task_group to None, run_after=None
[2025-04-25T10:53:37.392+0000] {processor.py:208} INFO - Processing /home/airflow/.local/lib/python3.12/site-packages/airflow/example_dags/example_task_group.py took 0.076 seconds
[2025-04-25T10:54:08.941+0000] {processor.py:186} INFO - Started process (PID=1612) to work on /home/airflow/.local/lib/python3.12/site-packages/airflow/example_dags/example_task_group.py
[2025-04-25T10:54:08.942+0000] {processor.py:914} INFO - Processing file /home/airflow/.local/lib/python3.12/site-packages/airflow/example_dags/example_task_group.py for tasks to queue
[2025-04-25T10:54:08.943+0000] {logging_mixin.py:190} INFO - [2025-04-25T10:54:08.943+0000] {dagbag.py:588} INFO - Filling up the DagBag from /home/airflow/.local/lib/python3.12/site-packages/airflow/example_dags/example_task_group.py
[2025-04-25T10:54:08.947+0000] {processor.py:925} INFO - DAG(s) 'example_task_group' retrieved from /home/airflow/.local/lib/python3.12/site-packages/airflow/example_dags/example_task_group.py
[2025-04-25T10:54:08.956+0000] {logging_mixin.py:190} INFO - [2025-04-25T10:54:08.956+0000] {dag.py:3239} INFO - Sync 1 DAGs
[2025-04-25T10:54:08.962+0000] {logging_mixin.py:190} INFO - [2025-04-25T10:54:08.962+0000] {dag.py:4180} INFO - Setting next_dagrun for example_task_group to None, run_after=None
[2025-04-25T10:54:08.970+0000] {processor.py:208} INFO - Processing /home/airflow/.local/lib/python3.12/site-packages/airflow/example_dags/example_task_group.py took 0.032 seconds
[2025-04-25T10:54:39.980+0000] {processor.py:186} INFO - Started process (PID=1675) to work on /home/airflow/.local/lib/python3.12/site-packages/airflow/example_dags/example_task_group.py
[2025-04-25T10:54:39.982+0000] {processor.py:914} INFO - Processing file /home/airflow/.local/lib/python3.12/site-packages/airflow/example_dags/example_task_group.py for tasks to queue
[2025-04-25T10:54:39.984+0000] {logging_mixin.py:190} INFO - [2025-04-25T10:54:39.983+0000] {dagbag.py:588} INFO - Filling up the DagBag from /home/airflow/.local/lib/python3.12/site-packages/airflow/example_dags/example_task_group.py
[2025-04-25T10:54:39.993+0000] {processor.py:925} INFO - DAG(s) 'example_task_group' retrieved from /home/airflow/.local/lib/python3.12/site-packages/airflow/example_dags/example_task_group.py
[2025-04-25T10:54:40.011+0000] {logging_mixin.py:190} INFO - [2025-04-25T10:54:40.010+0000] {dag.py:3239} INFO - Sync 1 DAGs
[2025-04-25T10:54:40.018+0000] {logging_mixin.py:190} INFO - [2025-04-25T10:54:40.018+0000] {dag.py:4180} INFO - Setting next_dagrun for example_task_group to None, run_after=None
[2025-04-25T10:54:40.034+0000] {processor.py:208} INFO - Processing /home/airflow/.local/lib/python3.12/site-packages/airflow/example_dags/example_task_group.py took 0.058 seconds
[2025-04-25T10:55:11.073+0000] {processor.py:186} INFO - Started process (PID=1738) to work on /home/airflow/.local/lib/python3.12/site-packages/airflow/example_dags/example_task_group.py
[2025-04-25T10:55:11.074+0000] {processor.py:914} INFO - Processing file /home/airflow/.local/lib/python3.12/site-packages/airflow/example_dags/example_task_group.py for tasks to queue
[2025-04-25T10:55:11.076+0000] {logging_mixin.py:190} INFO - [2025-04-25T10:55:11.075+0000] {dagbag.py:588} INFO - Filling up the DagBag from /home/airflow/.local/lib/python3.12/site-packages/airflow/example_dags/example_task_group.py
[2025-04-25T10:55:11.080+0000] {processor.py:925} INFO - DAG(s) 'example_task_group' retrieved from /home/airflow/.local/lib/python3.12/site-packages/airflow/example_dags/example_task_group.py
[2025-04-25T10:55:11.090+0000] {logging_mixin.py:190} INFO - [2025-04-25T10:55:11.090+0000] {dag.py:3239} INFO - Sync 1 DAGs
[2025-04-25T10:55:11.096+0000] {logging_mixin.py:190} INFO - [2025-04-25T10:55:11.096+0000] {dag.py:4180} INFO - Setting next_dagrun for example_task_group to None, run_after=None
[2025-04-25T10:55:11.118+0000] {processor.py:208} INFO - Processing /home/airflow/.local/lib/python3.12/site-packages/airflow/example_dags/example_task_group.py took 0.049 seconds
[2025-04-25T10:55:41.973+0000] {processor.py:186} INFO - Started process (PID=1801) to work on /home/airflow/.local/lib/python3.12/site-packages/airflow/example_dags/example_task_group.py
[2025-04-25T10:55:41.973+0000] {processor.py:914} INFO - Processing file /home/airflow/.local/lib/python3.12/site-packages/airflow/example_dags/example_task_group.py for tasks to queue
[2025-04-25T10:55:41.975+0000] {logging_mixin.py:190} INFO - [2025-04-25T10:55:41.974+0000] {dagbag.py:588} INFO - Filling up the DagBag from /home/airflow/.local/lib/python3.12/site-packages/airflow/example_dags/example_task_group.py
[2025-04-25T10:55:41.978+0000] {processor.py:925} INFO - DAG(s) 'example_task_group' retrieved from /home/airflow/.local/lib/python3.12/site-packages/airflow/example_dags/example_task_group.py
[2025-04-25T10:55:41.989+0000] {logging_mixin.py:190} INFO - [2025-04-25T10:55:41.989+0000] {dag.py:3239} INFO - Sync 1 DAGs
[2025-04-25T10:55:41.997+0000] {logging_mixin.py:190} INFO - [2025-04-25T10:55:41.997+0000] {dag.py:4180} INFO - Setting next_dagrun for example_task_group to None, run_after=None
[2025-04-25T10:55:42.005+0000] {processor.py:208} INFO - Processing /home/airflow/.local/lib/python3.12/site-packages/airflow/example_dags/example_task_group.py took 0.035 seconds
[2025-04-25T10:56:13.572+0000] {processor.py:186} INFO - Started process (PID=1864) to work on /home/airflow/.local/lib/python3.12/site-packages/airflow/example_dags/example_task_group.py
[2025-04-25T10:56:13.573+0000] {processor.py:914} INFO - Processing file /home/airflow/.local/lib/python3.12/site-packages/airflow/example_dags/example_task_group.py for tasks to queue
[2025-04-25T10:56:13.574+0000] {logging_mixin.py:190} INFO - [2025-04-25T10:56:13.574+0000] {dagbag.py:588} INFO - Filling up the DagBag from /home/airflow/.local/lib/python3.12/site-packages/airflow/example_dags/example_task_group.py
[2025-04-25T10:56:13.579+0000] {processor.py:925} INFO - DAG(s) 'example_task_group' retrieved from /home/airflow/.local/lib/python3.12/site-packages/airflow/example_dags/example_task_group.py
[2025-04-25T10:56:13.589+0000] {logging_mixin.py:190} INFO - [2025-04-25T10:56:13.589+0000] {dag.py:3239} INFO - Sync 1 DAGs
[2025-04-25T10:56:13.595+0000] {logging_mixin.py:190} INFO - [2025-04-25T10:56:13.595+0000] {dag.py:4180} INFO - Setting next_dagrun for example_task_group to None, run_after=None
[2025-04-25T10:56:13.602+0000] {processor.py:208} INFO - Processing /home/airflow/.local/lib/python3.12/site-packages/airflow/example_dags/example_task_group.py took 0.033 seconds
[2025-04-25T10:56:44.793+0000] {processor.py:186} INFO - Started process (PID=1927) to work on /home/airflow/.local/lib/python3.12/site-packages/airflow/example_dags/example_task_group.py
[2025-04-25T10:56:44.794+0000] {processor.py:914} INFO - Processing file /home/airflow/.local/lib/python3.12/site-packages/airflow/example_dags/example_task_group.py for tasks to queue
[2025-04-25T10:56:44.796+0000] {logging_mixin.py:190} INFO - [2025-04-25T10:56:44.796+0000] {dagbag.py:588} INFO - Filling up the DagBag from /home/airflow/.local/lib/python3.12/site-packages/airflow/example_dags/example_task_group.py
[2025-04-25T10:56:44.803+0000] {processor.py:925} INFO - DAG(s) 'example_task_group' retrieved from /home/airflow/.local/lib/python3.12/site-packages/airflow/example_dags/example_task_group.py
[2025-04-25T10:56:44.814+0000] {logging_mixin.py:190} INFO - [2025-04-25T10:56:44.814+0000] {dag.py:3239} INFO - Sync 1 DAGs
[2025-04-25T10:56:44.822+0000] {logging_mixin.py:190} INFO - [2025-04-25T10:56:44.822+0000] {dag.py:4180} INFO - Setting next_dagrun for example_task_group to None, run_after=None
[2025-04-25T10:56:44.833+0000] {processor.py:208} INFO - Processing /home/airflow/.local/lib/python3.12/site-packages/airflow/example_dags/example_task_group.py took 0.044 seconds
[2025-04-25T10:57:17.084+0000] {processor.py:186} INFO - Started process (PID=1990) to work on /home/airflow/.local/lib/python3.12/site-packages/airflow/example_dags/example_task_group.py
[2025-04-25T10:57:17.086+0000] {processor.py:914} INFO - Processing file /home/airflow/.local/lib/python3.12/site-packages/airflow/example_dags/example_task_group.py for tasks to queue
[2025-04-25T10:57:17.087+0000] {logging_mixin.py:190} INFO - [2025-04-25T10:57:17.087+0000] {dagbag.py:588} INFO - Filling up the DagBag from /home/airflow/.local/lib/python3.12/site-packages/airflow/example_dags/example_task_group.py
[2025-04-25T10:57:17.091+0000] {processor.py:925} INFO - DAG(s) 'example_task_group' retrieved from /home/airflow/.local/lib/python3.12/site-packages/airflow/example_dags/example_task_group.py
[2025-04-25T10:57:17.102+0000] {logging_mixin.py:190} INFO - [2025-04-25T10:57:17.101+0000] {dag.py:3239} INFO - Sync 1 DAGs
[2025-04-25T10:57:17.110+0000] {logging_mixin.py:190} INFO - [2025-04-25T10:57:17.110+0000] {dag.py:4180} INFO - Setting next_dagrun for example_task_group to None, run_after=None
[2025-04-25T10:57:17.118+0000] {processor.py:208} INFO - Processing /home/airflow/.local/lib/python3.12/site-packages/airflow/example_dags/example_task_group.py took 0.037 seconds
[2025-04-25T10:57:48.006+0000] {processor.py:186} INFO - Started process (PID=2053) to work on /home/airflow/.local/lib/python3.12/site-packages/airflow/example_dags/example_task_group.py
[2025-04-25T10:57:48.008+0000] {processor.py:914} INFO - Processing file /home/airflow/.local/lib/python3.12/site-packages/airflow/example_dags/example_task_group.py for tasks to queue
[2025-04-25T10:57:48.011+0000] {logging_mixin.py:190} INFO - [2025-04-25T10:57:48.010+0000] {dagbag.py:588} INFO - Filling up the DagBag from /home/airflow/.local/lib/python3.12/site-packages/airflow/example_dags/example_task_group.py
[2025-04-25T10:57:48.022+0000] {processor.py:925} INFO - DAG(s) 'example_task_group' retrieved from /home/airflow/.local/lib/python3.12/site-packages/airflow/example_dags/example_task_group.py
[2025-04-25T10:57:48.058+0000] {logging_mixin.py:190} INFO - [2025-04-25T10:57:48.057+0000] {dag.py:3239} INFO - Sync 1 DAGs
[2025-04-25T10:57:48.087+0000] {logging_mixin.py:190} INFO - [2025-04-25T10:57:48.087+0000] {dag.py:4180} INFO - Setting next_dagrun for example_task_group to None, run_after=None
[2025-04-25T10:57:48.104+0000] {processor.py:208} INFO - Processing /home/airflow/.local/lib/python3.12/site-packages/airflow/example_dags/example_task_group.py took 0.110 seconds
[2025-04-25T10:58:18.141+0000] {processor.py:186} INFO - Started process (PID=2115) to work on /home/airflow/.local/lib/python3.12/site-packages/airflow/example_dags/example_task_group.py
[2025-04-25T10:58:18.142+0000] {processor.py:914} INFO - Processing file /home/airflow/.local/lib/python3.12/site-packages/airflow/example_dags/example_task_group.py for tasks to queue
[2025-04-25T10:58:18.144+0000] {logging_mixin.py:190} INFO - [2025-04-25T10:58:18.144+0000] {dagbag.py:588} INFO - Filling up the DagBag from /home/airflow/.local/lib/python3.12/site-packages/airflow/example_dags/example_task_group.py
[2025-04-25T10:58:18.152+0000] {processor.py:925} INFO - DAG(s) 'example_task_group' retrieved from /home/airflow/.local/lib/python3.12/site-packages/airflow/example_dags/example_task_group.py
[2025-04-25T10:58:18.181+0000] {logging_mixin.py:190} INFO - [2025-04-25T10:58:18.181+0000] {dag.py:3239} INFO - Sync 1 DAGs
[2025-04-25T10:58:18.193+0000] {logging_mixin.py:190} INFO - [2025-04-25T10:58:18.192+0000] {dag.py:4180} INFO - Setting next_dagrun for example_task_group to None, run_after=None
[2025-04-25T10:58:18.207+0000] {processor.py:208} INFO - Processing /home/airflow/.local/lib/python3.12/site-packages/airflow/example_dags/example_task_group.py took 0.069 seconds
[2025-04-25T10:58:48.360+0000] {processor.py:186} INFO - Started process (PID=2177) to work on /home/airflow/.local/lib/python3.12/site-packages/airflow/example_dags/example_task_group.py
[2025-04-25T10:58:48.361+0000] {processor.py:914} INFO - Processing file /home/airflow/.local/lib/python3.12/site-packages/airflow/example_dags/example_task_group.py for tasks to queue
[2025-04-25T10:58:48.362+0000] {logging_mixin.py:190} INFO - [2025-04-25T10:58:48.362+0000] {dagbag.py:588} INFO - Filling up the DagBag from /home/airflow/.local/lib/python3.12/site-packages/airflow/example_dags/example_task_group.py
[2025-04-25T10:58:48.366+0000] {processor.py:925} INFO - DAG(s) 'example_task_group' retrieved from /home/airflow/.local/lib/python3.12/site-packages/airflow/example_dags/example_task_group.py
[2025-04-25T10:58:48.374+0000] {logging_mixin.py:190} INFO - [2025-04-25T10:58:48.374+0000] {dag.py:3239} INFO - Sync 1 DAGs
[2025-04-25T10:58:48.379+0000] {logging_mixin.py:190} INFO - [2025-04-25T10:58:48.379+0000] {dag.py:4180} INFO - Setting next_dagrun for example_task_group to None, run_after=None
[2025-04-25T10:58:48.385+0000] {processor.py:208} INFO - Processing /home/airflow/.local/lib/python3.12/site-packages/airflow/example_dags/example_task_group.py took 0.028 seconds
[2025-04-25T10:59:18.710+0000] {processor.py:186} INFO - Started process (PID=2240) to work on /home/airflow/.local/lib/python3.12/site-packages/airflow/example_dags/example_task_group.py
[2025-04-25T10:59:18.711+0000] {processor.py:914} INFO - Processing file /home/airflow/.local/lib/python3.12/site-packages/airflow/example_dags/example_task_group.py for tasks to queue
[2025-04-25T10:59:18.713+0000] {logging_mixin.py:190} INFO - [2025-04-25T10:59:18.713+0000] {dagbag.py:588} INFO - Filling up the DagBag from /home/airflow/.local/lib/python3.12/site-packages/airflow/example_dags/example_task_group.py
[2025-04-25T10:59:18.717+0000] {processor.py:925} INFO - DAG(s) 'example_task_group' retrieved from /home/airflow/.local/lib/python3.12/site-packages/airflow/example_dags/example_task_group.py
[2025-04-25T10:59:18.726+0000] {logging_mixin.py:190} INFO - [2025-04-25T10:59:18.726+0000] {dag.py:3239} INFO - Sync 1 DAGs
[2025-04-25T10:59:18.732+0000] {logging_mixin.py:190} INFO - [2025-04-25T10:59:18.732+0000] {dag.py:4180} INFO - Setting next_dagrun for example_task_group to None, run_after=None
[2025-04-25T10:59:18.739+0000] {processor.py:208} INFO - Processing /home/airflow/.local/lib/python3.12/site-packages/airflow/example_dags/example_task_group.py took 0.042 seconds
[2025-04-25T10:59:49.135+0000] {processor.py:186} INFO - Started process (PID=2303) to work on /home/airflow/.local/lib/python3.12/site-packages/airflow/example_dags/example_task_group.py
[2025-04-25T10:59:49.136+0000] {processor.py:914} INFO - Processing file /home/airflow/.local/lib/python3.12/site-packages/airflow/example_dags/example_task_group.py for tasks to queue
[2025-04-25T10:59:49.138+0000] {logging_mixin.py:190} INFO - [2025-04-25T10:59:49.137+0000] {dagbag.py:588} INFO - Filling up the DagBag from /home/airflow/.local/lib/python3.12/site-packages/airflow/example_dags/example_task_group.py
[2025-04-25T10:59:49.145+0000] {processor.py:925} INFO - DAG(s) 'example_task_group' retrieved from /home/airflow/.local/lib/python3.12/site-packages/airflow/example_dags/example_task_group.py
[2025-04-25T10:59:49.156+0000] {logging_mixin.py:190} INFO - [2025-04-25T10:59:49.156+0000] {dag.py:3239} INFO - Sync 1 DAGs
[2025-04-25T10:59:49.163+0000] {logging_mixin.py:190} INFO - [2025-04-25T10:59:49.163+0000] {dag.py:4180} INFO - Setting next_dagrun for example_task_group to None, run_after=None
[2025-04-25T10:59:49.170+0000] {processor.py:208} INFO - Processing /home/airflow/.local/lib/python3.12/site-packages/airflow/example_dags/example_task_group.py took 0.038 seconds
[2025-04-25T11:00:19.643+0000] {processor.py:186} INFO - Started process (PID=2366) to work on /home/airflow/.local/lib/python3.12/site-packages/airflow/example_dags/example_task_group.py
[2025-04-25T11:00:19.645+0000] {processor.py:914} INFO - Processing file /home/airflow/.local/lib/python3.12/site-packages/airflow/example_dags/example_task_group.py for tasks to queue
[2025-04-25T11:00:19.647+0000] {logging_mixin.py:190} INFO - [2025-04-25T11:00:19.647+0000] {dagbag.py:588} INFO - Filling up the DagBag from /home/airflow/.local/lib/python3.12/site-packages/airflow/example_dags/example_task_group.py
[2025-04-25T11:00:19.652+0000] {processor.py:925} INFO - DAG(s) 'example_task_group' retrieved from /home/airflow/.local/lib/python3.12/site-packages/airflow/example_dags/example_task_group.py
[2025-04-25T11:00:19.663+0000] {logging_mixin.py:190} INFO - [2025-04-25T11:00:19.663+0000] {dag.py:3239} INFO - Sync 1 DAGs
[2025-04-25T11:00:19.670+0000] {logging_mixin.py:190} INFO - [2025-04-25T11:00:19.669+0000] {dag.py:4180} INFO - Setting next_dagrun for example_task_group to None, run_after=None
[2025-04-25T11:00:19.677+0000] {processor.py:208} INFO - Processing /home/airflow/.local/lib/python3.12/site-packages/airflow/example_dags/example_task_group.py took 0.041 seconds
[2025-04-25T11:00:49.737+0000] {processor.py:186} INFO - Started process (PID=2429) to work on /home/airflow/.local/lib/python3.12/site-packages/airflow/example_dags/example_task_group.py
[2025-04-25T11:00:49.738+0000] {processor.py:914} INFO - Processing file /home/airflow/.local/lib/python3.12/site-packages/airflow/example_dags/example_task_group.py for tasks to queue
[2025-04-25T11:00:49.739+0000] {logging_mixin.py:190} INFO - [2025-04-25T11:00:49.739+0000] {dagbag.py:588} INFO - Filling up the DagBag from /home/airflow/.local/lib/python3.12/site-packages/airflow/example_dags/example_task_group.py
[2025-04-25T11:00:49.743+0000] {processor.py:925} INFO - DAG(s) 'example_task_group' retrieved from /home/airflow/.local/lib/python3.12/site-packages/airflow/example_dags/example_task_group.py
[2025-04-25T11:00:49.755+0000] {logging_mixin.py:190} INFO - [2025-04-25T11:00:49.755+0000] {dag.py:3239} INFO - Sync 1 DAGs
[2025-04-25T11:00:49.761+0000] {logging_mixin.py:190} INFO - [2025-04-25T11:00:49.761+0000] {dag.py:4180} INFO - Setting next_dagrun for example_task_group to None, run_after=None
[2025-04-25T11:00:49.767+0000] {processor.py:208} INFO - Processing /home/airflow/.local/lib/python3.12/site-packages/airflow/example_dags/example_task_group.py took 0.033 seconds
[2025-04-25T11:01:20.579+0000] {processor.py:186} INFO - Started process (PID=2491) to work on /home/airflow/.local/lib/python3.12/site-packages/airflow/example_dags/example_task_group.py
[2025-04-25T11:01:20.580+0000] {processor.py:914} INFO - Processing file /home/airflow/.local/lib/python3.12/site-packages/airflow/example_dags/example_task_group.py for tasks to queue
[2025-04-25T11:01:20.586+0000] {logging_mixin.py:190} INFO - [2025-04-25T11:01:20.585+0000] {dagbag.py:588} INFO - Filling up the DagBag from /home/airflow/.local/lib/python3.12/site-packages/airflow/example_dags/example_task_group.py
[2025-04-25T11:01:20.600+0000] {processor.py:925} INFO - DAG(s) 'example_task_group' retrieved from /home/airflow/.local/lib/python3.12/site-packages/airflow/example_dags/example_task_group.py
[2025-04-25T11:01:20.618+0000] {logging_mixin.py:190} INFO - [2025-04-25T11:01:20.618+0000] {dag.py:3239} INFO - Sync 1 DAGs
[2025-04-25T11:01:20.625+0000] {logging_mixin.py:190} INFO - [2025-04-25T11:01:20.625+0000] {dag.py:4180} INFO - Setting next_dagrun for example_task_group to None, run_after=None
[2025-04-25T11:01:20.640+0000] {processor.py:208} INFO - Processing /home/airflow/.local/lib/python3.12/site-packages/airflow/example_dags/example_task_group.py took 0.067 seconds
[2025-04-25T11:01:51.728+0000] {processor.py:186} INFO - Started process (PID=2553) to work on /home/airflow/.local/lib/python3.12/site-packages/airflow/example_dags/example_task_group.py
[2025-04-25T11:01:51.730+0000] {processor.py:914} INFO - Processing file /home/airflow/.local/lib/python3.12/site-packages/airflow/example_dags/example_task_group.py for tasks to queue
[2025-04-25T11:01:51.731+0000] {logging_mixin.py:190} INFO - [2025-04-25T11:01:51.731+0000] {dagbag.py:588} INFO - Filling up the DagBag from /home/airflow/.local/lib/python3.12/site-packages/airflow/example_dags/example_task_group.py
[2025-04-25T11:01:51.736+0000] {processor.py:925} INFO - DAG(s) 'example_task_group' retrieved from /home/airflow/.local/lib/python3.12/site-packages/airflow/example_dags/example_task_group.py
[2025-04-25T11:01:51.756+0000] {logging_mixin.py:190} INFO - [2025-04-25T11:01:51.756+0000] {dag.py:3239} INFO - Sync 1 DAGs
[2025-04-25T11:01:51.763+0000] {logging_mixin.py:190} INFO - [2025-04-25T11:01:51.763+0000] {dag.py:4180} INFO - Setting next_dagrun for example_task_group to None, run_after=None
[2025-04-25T11:01:51.776+0000] {processor.py:208} INFO - Processing /home/airflow/.local/lib/python3.12/site-packages/airflow/example_dags/example_task_group.py took 0.055 seconds
[2025-04-25T11:02:21.919+0000] {processor.py:186} INFO - Started process (PID=2614) to work on /home/airflow/.local/lib/python3.12/site-packages/airflow/example_dags/example_task_group.py
[2025-04-25T11:02:21.920+0000] {processor.py:914} INFO - Processing file /home/airflow/.local/lib/python3.12/site-packages/airflow/example_dags/example_task_group.py for tasks to queue
[2025-04-25T11:02:21.921+0000] {logging_mixin.py:190} INFO - [2025-04-25T11:02:21.921+0000] {dagbag.py:588} INFO - Filling up the DagBag from /home/airflow/.local/lib/python3.12/site-packages/airflow/example_dags/example_task_group.py
[2025-04-25T11:02:21.926+0000] {processor.py:925} INFO - DAG(s) 'example_task_group' retrieved from /home/airflow/.local/lib/python3.12/site-packages/airflow/example_dags/example_task_group.py
[2025-04-25T11:02:21.940+0000] {logging_mixin.py:190} INFO - [2025-04-25T11:02:21.940+0000] {dag.py:3239} INFO - Sync 1 DAGs
[2025-04-25T11:02:21.946+0000] {logging_mixin.py:190} INFO - [2025-04-25T11:02:21.946+0000] {dag.py:4180} INFO - Setting next_dagrun for example_task_group to None, run_after=None
[2025-04-25T11:02:21.953+0000] {processor.py:208} INFO - Processing /home/airflow/.local/lib/python3.12/site-packages/airflow/example_dags/example_task_group.py took 0.037 seconds
[2025-04-25T11:03:01.285+0000] {processor.py:186} INFO - Started process (PID=2681) to work on /home/airflow/.local/lib/python3.12/site-packages/airflow/example_dags/example_task_group.py
[2025-04-25T11:03:01.309+0000] {processor.py:914} INFO - Processing file /home/airflow/.local/lib/python3.12/site-packages/airflow/example_dags/example_task_group.py for tasks to queue
[2025-04-25T11:03:01.355+0000] {logging_mixin.py:190} INFO - [2025-04-25T11:03:01.348+0000] {dagbag.py:588} INFO - Filling up the DagBag from /home/airflow/.local/lib/python3.12/site-packages/airflow/example_dags/example_task_group.py
[2025-04-25T11:03:01.489+0000] {processor.py:925} INFO - DAG(s) 'example_task_group' retrieved from /home/airflow/.local/lib/python3.12/site-packages/airflow/example_dags/example_task_group.py
[2025-04-25T11:03:01.669+0000] {logging_mixin.py:190} INFO - [2025-04-25T11:03:01.667+0000] {dag.py:3239} INFO - Sync 1 DAGs
[2025-04-25T11:03:02.285+0000] {logging_mixin.py:190} INFO - [2025-04-25T11:03:02.285+0000] {dag.py:4180} INFO - Setting next_dagrun for example_task_group to None, run_after=None
[2025-04-25T11:03:02.501+0000] {processor.py:208} INFO - Processing /home/airflow/.local/lib/python3.12/site-packages/airflow/example_dags/example_task_group.py took 1.321 seconds
[2025-04-25T11:08:22.415+0000] {processor.py:186} INFO - Started process (PID=2782) to work on /home/airflow/.local/lib/python3.12/site-packages/airflow/example_dags/example_task_group.py
[2025-04-25T11:08:23.651+0000] {processor.py:914} INFO - Processing file /home/airflow/.local/lib/python3.12/site-packages/airflow/example_dags/example_task_group.py for tasks to queue
[2025-04-25T11:08:24.518+0000] {logging_mixin.py:190} INFO - [2025-04-25T11:08:24.369+0000] {dagbag.py:588} INFO - Filling up the DagBag from /home/airflow/.local/lib/python3.12/site-packages/airflow/example_dags/example_task_group.py
[2025-04-25T11:08:29.011+0000] {processor.py:925} INFO - DAG(s) 'example_task_group' retrieved from /home/airflow/.local/lib/python3.12/site-packages/airflow/example_dags/example_task_group.py
[2025-04-25T11:08:49.936+0000] {logging_mixin.py:190} INFO - [2025-04-25T11:08:49.051+0000] {dag.py:3239} INFO - Sync 1 DAGs
[2025-04-25T11:14:08.827+0000] {processor.py:186} INFO - Started process (PID=2865) to work on /home/airflow/.local/lib/python3.12/site-packages/airflow/example_dags/example_task_group.py
[2025-04-25T11:14:08.943+0000] {processor.py:914} INFO - Processing file /home/airflow/.local/lib/python3.12/site-packages/airflow/example_dags/example_task_group.py for tasks to queue
[2025-04-25T11:14:09.004+0000] {logging_mixin.py:190} INFO - [2025-04-25T11:14:08.992+0000] {dagbag.py:588} INFO - Filling up the DagBag from /home/airflow/.local/lib/python3.12/site-packages/airflow/example_dags/example_task_group.py
[2025-04-25T11:14:09.485+0000] {processor.py:925} INFO - DAG(s) 'example_task_group' retrieved from /home/airflow/.local/lib/python3.12/site-packages/airflow/example_dags/example_task_group.py
[2025-04-25T11:14:15.759+0000] {logging_mixin.py:190} INFO - [2025-04-25T11:14:15.692+0000] {dag.py:3239} INFO - Sync 1 DAGs
[2025-04-25T11:14:16.192+0000] {logging_mixin.py:190} INFO - [2025-04-25T11:14:16.168+0000] {dag.py:4180} INFO - Setting next_dagrun for example_task_group to None, run_after=None
[2025-04-25T11:14:16.717+0000] {processor.py:208} INFO - Processing /home/airflow/.local/lib/python3.12/site-packages/airflow/example_dags/example_task_group.py took 7.764 seconds
[2025-04-25T11:18:48.654+0000] {processor.py:186} INFO - Started process (PID=2949) to work on /home/airflow/.local/lib/python3.12/site-packages/airflow/example_dags/example_task_group.py
[2025-04-25T11:18:48.685+0000] {processor.py:914} INFO - Processing file /home/airflow/.local/lib/python3.12/site-packages/airflow/example_dags/example_task_group.py for tasks to queue
[2025-04-25T11:18:48.739+0000] {logging_mixin.py:190} INFO - [2025-04-25T11:18:48.718+0000] {dagbag.py:588} INFO - Filling up the DagBag from /home/airflow/.local/lib/python3.12/site-packages/airflow/example_dags/example_task_group.py
[2025-04-25T11:18:48.971+0000] {processor.py:925} INFO - DAG(s) 'example_task_group' retrieved from /home/airflow/.local/lib/python3.12/site-packages/airflow/example_dags/example_task_group.py
[2025-04-25T11:18:50.616+0000] {logging_mixin.py:190} INFO - [2025-04-25T11:18:50.602+0000] {dag.py:3239} INFO - Sync 1 DAGs
[2025-04-25T11:18:51.789+0000] {logging_mixin.py:190} INFO - [2025-04-25T11:18:51.613+0000] {dag.py:4180} INFO - Setting next_dagrun for example_task_group to None, run_after=None
[2025-04-25T11:18:53.304+0000] {processor.py:208} INFO - Processing /home/airflow/.local/lib/python3.12/site-packages/airflow/example_dags/example_task_group.py took 4.835 seconds
[2025-04-25T11:20:59.638+0000] {processor.py:186} INFO - Started process (PID=3027) to work on /home/airflow/.local/lib/python3.12/site-packages/airflow/example_dags/example_task_group.py
[2025-04-25T11:20:59.648+0000] {processor.py:914} INFO - Processing file /home/airflow/.local/lib/python3.12/site-packages/airflow/example_dags/example_task_group.py for tasks to queue
[2025-04-25T11:20:59.659+0000] {logging_mixin.py:190} INFO - [2025-04-25T11:20:59.655+0000] {dagbag.py:588} INFO - Filling up the DagBag from /home/airflow/.local/lib/python3.12/site-packages/airflow/example_dags/example_task_group.py
[2025-04-25T11:20:59.772+0000] {processor.py:925} INFO - DAG(s) 'example_task_group' retrieved from /home/airflow/.local/lib/python3.12/site-packages/airflow/example_dags/example_task_group.py
[2025-04-25T11:20:59.865+0000] {logging_mixin.py:190} INFO - [2025-04-25T11:20:59.865+0000] {dag.py:3239} INFO - Sync 1 DAGs
[2025-04-25T11:20:59.907+0000] {logging_mixin.py:190} INFO - [2025-04-25T11:20:59.906+0000] {dag.py:4180} INFO - Setting next_dagrun for example_task_group to None, run_after=None
[2025-04-25T11:20:59.962+0000] {processor.py:208} INFO - Processing /home/airflow/.local/lib/python3.12/site-packages/airflow/example_dags/example_task_group.py took 0.355 seconds
[2025-04-25T11:21:30.241+0000] {processor.py:186} INFO - Started process (PID=3090) to work on /home/airflow/.local/lib/python3.12/site-packages/airflow/example_dags/example_task_group.py
[2025-04-25T11:21:30.243+0000] {processor.py:914} INFO - Processing file /home/airflow/.local/lib/python3.12/site-packages/airflow/example_dags/example_task_group.py for tasks to queue
[2025-04-25T11:21:30.245+0000] {logging_mixin.py:190} INFO - [2025-04-25T11:21:30.244+0000] {dagbag.py:588} INFO - Filling up the DagBag from /home/airflow/.local/lib/python3.12/site-packages/airflow/example_dags/example_task_group.py
[2025-04-25T11:21:30.264+0000] {processor.py:925} INFO - DAG(s) 'example_task_group' retrieved from /home/airflow/.local/lib/python3.12/site-packages/airflow/example_dags/example_task_group.py
[2025-04-25T11:21:30.308+0000] {logging_mixin.py:190} INFO - [2025-04-25T11:21:30.308+0000] {dag.py:3239} INFO - Sync 1 DAGs
[2025-04-25T11:21:30.338+0000] {logging_mixin.py:190} INFO - [2025-04-25T11:21:30.337+0000] {dag.py:4180} INFO - Setting next_dagrun for example_task_group to None, run_after=None
[2025-04-25T11:21:30.384+0000] {processor.py:208} INFO - Processing /home/airflow/.local/lib/python3.12/site-packages/airflow/example_dags/example_task_group.py took 0.148 seconds
[2025-04-25T11:22:01.743+0000] {processor.py:186} INFO - Started process (PID=3153) to work on /home/airflow/.local/lib/python3.12/site-packages/airflow/example_dags/example_task_group.py
[2025-04-25T11:22:01.745+0000] {processor.py:914} INFO - Processing file /home/airflow/.local/lib/python3.12/site-packages/airflow/example_dags/example_task_group.py for tasks to queue
[2025-04-25T11:22:01.750+0000] {logging_mixin.py:190} INFO - [2025-04-25T11:22:01.749+0000] {dagbag.py:588} INFO - Filling up the DagBag from /home/airflow/.local/lib/python3.12/site-packages/airflow/example_dags/example_task_group.py
[2025-04-25T11:22:01.760+0000] {processor.py:925} INFO - DAG(s) 'example_task_group' retrieved from /home/airflow/.local/lib/python3.12/site-packages/airflow/example_dags/example_task_group.py
[2025-04-25T11:22:01.801+0000] {logging_mixin.py:190} INFO - [2025-04-25T11:22:01.800+0000] {dag.py:3239} INFO - Sync 1 DAGs
[2025-04-25T11:22:01.824+0000] {logging_mixin.py:190} INFO - [2025-04-25T11:22:01.824+0000] {dag.py:4180} INFO - Setting next_dagrun for example_task_group to None, run_after=None
[2025-04-25T11:22:01.839+0000] {processor.py:208} INFO - Processing /home/airflow/.local/lib/python3.12/site-packages/airflow/example_dags/example_task_group.py took 0.101 seconds
[2025-04-25T11:23:05.672+0000] {processor.py:186} INFO - Started process (PID=3230) to work on /home/airflow/.local/lib/python3.12/site-packages/airflow/example_dags/example_task_group.py
[2025-04-25T11:23:05.685+0000] {processor.py:914} INFO - Processing file /home/airflow/.local/lib/python3.12/site-packages/airflow/example_dags/example_task_group.py for tasks to queue
[2025-04-25T11:23:05.708+0000] {logging_mixin.py:190} INFO - [2025-04-25T11:23:05.697+0000] {dagbag.py:588} INFO - Filling up the DagBag from /home/airflow/.local/lib/python3.12/site-packages/airflow/example_dags/example_task_group.py
[2025-04-25T11:23:05.759+0000] {processor.py:925} INFO - DAG(s) 'example_task_group' retrieved from /home/airflow/.local/lib/python3.12/site-packages/airflow/example_dags/example_task_group.py
[2025-04-25T11:23:06.209+0000] {logging_mixin.py:190} INFO - [2025-04-25T11:23:06.192+0000] {dag.py:3239} INFO - Sync 1 DAGs
[2025-04-25T11:23:06.358+0000] {logging_mixin.py:190} INFO - [2025-04-25T11:23:06.357+0000] {dag.py:4180} INFO - Setting next_dagrun for example_task_group to None, run_after=None
[2025-04-25T11:23:06.497+0000] {processor.py:208} INFO - Processing /home/airflow/.local/lib/python3.12/site-packages/airflow/example_dags/example_task_group.py took 0.853 seconds
[2025-04-25T11:23:38.680+0000] {processor.py:186} INFO - Started process (PID=3293) to work on /home/airflow/.local/lib/python3.12/site-packages/airflow/example_dags/example_task_group.py
[2025-04-25T11:23:38.682+0000] {processor.py:914} INFO - Processing file /home/airflow/.local/lib/python3.12/site-packages/airflow/example_dags/example_task_group.py for tasks to queue
[2025-04-25T11:23:38.684+0000] {logging_mixin.py:190} INFO - [2025-04-25T11:23:38.683+0000] {dagbag.py:588} INFO - Filling up the DagBag from /home/airflow/.local/lib/python3.12/site-packages/airflow/example_dags/example_task_group.py
[2025-04-25T11:23:38.714+0000] {processor.py:925} INFO - DAG(s) 'example_task_group' retrieved from /home/airflow/.local/lib/python3.12/site-packages/airflow/example_dags/example_task_group.py
[2025-04-25T11:23:38.804+0000] {logging_mixin.py:190} INFO - [2025-04-25T11:23:38.803+0000] {dag.py:3239} INFO - Sync 1 DAGs
[2025-04-25T11:23:39.789+0000] {logging_mixin.py:190} INFO - [2025-04-25T11:23:39.788+0000] {dag.py:4180} INFO - Setting next_dagrun for example_task_group to None, run_after=None
[2025-04-25T11:23:39.905+0000] {processor.py:208} INFO - Processing /home/airflow/.local/lib/python3.12/site-packages/airflow/example_dags/example_task_group.py took 1.245 seconds
