[2025-04-25T10:41:14.162+0000] {processor.py:186} INFO - Started process (PID=74) to work on /home/airflow/.local/lib/python3.12/site-packages/airflow/example_dags/example_complex.py
[2025-04-25T10:41:14.164+0000] {processor.py:914} INFO - Processing file /home/airflow/.local/lib/python3.12/site-packages/airflow/example_dags/example_complex.py for tasks to queue
[2025-04-25T10:41:14.168+0000] {logging_mixin.py:190} INFO - [2025-04-25T10:41:14.167+0000] {dagbag.py:588} INFO - Filling up the DagBag from /home/airflow/.local/lib/python3.12/site-packages/airflow/example_dags/example_complex.py
[2025-04-25T10:41:14.203+0000] {processor.py:925} INFO - DAG(s) 'example_complex' retrieved from /home/airflow/.local/lib/python3.12/site-packages/airflow/example_dags/example_complex.py
[2025-04-25T10:41:14.306+0000] {logging_mixin.py:190} INFO - [2025-04-25T10:41:14.305+0000] {dag.py:3239} INFO - Sync 1 DAGs
[2025-04-25T10:41:14.354+0000] {logging_mixin.py:190} INFO - [2025-04-25T10:41:14.353+0000] {dag.py:4180} INFO - Setting next_dagrun for example_complex to None, run_after=None
[2025-04-25T10:41:14.393+0000] {processor.py:208} INFO - Processing /home/airflow/.local/lib/python3.12/site-packages/airflow/example_dags/example_complex.py took 0.260 seconds
[2025-04-25T10:41:45.074+0000] {processor.py:186} INFO - Started process (PID=143) to work on /home/airflow/.local/lib/python3.12/site-packages/airflow/example_dags/example_complex.py
[2025-04-25T10:41:45.075+0000] {processor.py:914} INFO - Processing file /home/airflow/.local/lib/python3.12/site-packages/airflow/example_dags/example_complex.py for tasks to queue
[2025-04-25T10:41:45.076+0000] {logging_mixin.py:190} INFO - [2025-04-25T10:41:45.076+0000] {dagbag.py:588} INFO - Filling up the DagBag from /home/airflow/.local/lib/python3.12/site-packages/airflow/example_dags/example_complex.py
[2025-04-25T10:41:45.082+0000] {processor.py:925} INFO - DAG(s) 'example_complex' retrieved from /home/airflow/.local/lib/python3.12/site-packages/airflow/example_dags/example_complex.py
[2025-04-25T10:41:45.097+0000] {logging_mixin.py:190} INFO - [2025-04-25T10:41:45.097+0000] {dag.py:3239} INFO - Sync 1 DAGs
[2025-04-25T10:41:45.104+0000] {logging_mixin.py:190} INFO - [2025-04-25T10:41:45.104+0000] {dag.py:4180} INFO - Setting next_dagrun for example_complex to None, run_after=None
[2025-04-25T10:41:45.115+0000] {processor.py:208} INFO - Processing /home/airflow/.local/lib/python3.12/site-packages/airflow/example_dags/example_complex.py took 0.044 seconds
[2025-04-25T10:42:15.298+0000] {processor.py:186} INFO - Started process (PID=206) to work on /home/airflow/.local/lib/python3.12/site-packages/airflow/example_dags/example_complex.py
[2025-04-25T10:42:15.299+0000] {processor.py:914} INFO - Processing file /home/airflow/.local/lib/python3.12/site-packages/airflow/example_dags/example_complex.py for tasks to queue
[2025-04-25T10:42:15.300+0000] {logging_mixin.py:190} INFO - [2025-04-25T10:42:15.300+0000] {dagbag.py:588} INFO - Filling up the DagBag from /home/airflow/.local/lib/python3.12/site-packages/airflow/example_dags/example_complex.py
[2025-04-25T10:42:15.306+0000] {processor.py:925} INFO - DAG(s) 'example_complex' retrieved from /home/airflow/.local/lib/python3.12/site-packages/airflow/example_dags/example_complex.py
[2025-04-25T10:42:15.318+0000] {logging_mixin.py:190} INFO - [2025-04-25T10:42:15.317+0000] {dag.py:3239} INFO - Sync 1 DAGs
[2025-04-25T10:42:15.323+0000] {logging_mixin.py:190} INFO - [2025-04-25T10:42:15.323+0000] {dag.py:4180} INFO - Setting next_dagrun for example_complex to None, run_after=None
[2025-04-25T10:42:15.329+0000] {processor.py:208} INFO - Processing /home/airflow/.local/lib/python3.12/site-packages/airflow/example_dags/example_complex.py took 0.034 seconds
[2025-04-25T10:42:46.270+0000] {processor.py:186} INFO - Started process (PID=270) to work on /home/airflow/.local/lib/python3.12/site-packages/airflow/example_dags/example_complex.py
[2025-04-25T10:42:46.272+0000] {processor.py:914} INFO - Processing file /home/airflow/.local/lib/python3.12/site-packages/airflow/example_dags/example_complex.py for tasks to queue
[2025-04-25T10:42:46.274+0000] {logging_mixin.py:190} INFO - [2025-04-25T10:42:46.273+0000] {dagbag.py:588} INFO - Filling up the DagBag from /home/airflow/.local/lib/python3.12/site-packages/airflow/example_dags/example_complex.py
[2025-04-25T10:42:46.281+0000] {processor.py:925} INFO - DAG(s) 'example_complex' retrieved from /home/airflow/.local/lib/python3.12/site-packages/airflow/example_dags/example_complex.py
[2025-04-25T10:42:46.295+0000] {logging_mixin.py:190} INFO - [2025-04-25T10:42:46.295+0000] {dag.py:3239} INFO - Sync 1 DAGs
[2025-04-25T10:42:46.303+0000] {logging_mixin.py:190} INFO - [2025-04-25T10:42:46.303+0000] {dag.py:4180} INFO - Setting next_dagrun for example_complex to None, run_after=None
[2025-04-25T10:42:46.311+0000] {processor.py:208} INFO - Processing /home/airflow/.local/lib/python3.12/site-packages/airflow/example_dags/example_complex.py took 0.044 seconds
[2025-04-25T10:43:16.638+0000] {processor.py:186} INFO - Started process (PID=333) to work on /home/airflow/.local/lib/python3.12/site-packages/airflow/example_dags/example_complex.py
[2025-04-25T10:43:16.640+0000] {processor.py:914} INFO - Processing file /home/airflow/.local/lib/python3.12/site-packages/airflow/example_dags/example_complex.py for tasks to queue
[2025-04-25T10:43:16.651+0000] {logging_mixin.py:190} INFO - [2025-04-25T10:43:16.650+0000] {dagbag.py:588} INFO - Filling up the DagBag from /home/airflow/.local/lib/python3.12/site-packages/airflow/example_dags/example_complex.py
[2025-04-25T10:43:16.725+0000] {processor.py:925} INFO - DAG(s) 'example_complex' retrieved from /home/airflow/.local/lib/python3.12/site-packages/airflow/example_dags/example_complex.py
[2025-04-25T10:43:16.785+0000] {logging_mixin.py:190} INFO - [2025-04-25T10:43:16.784+0000] {dag.py:3239} INFO - Sync 1 DAGs
[2025-04-25T10:43:16.827+0000] {logging_mixin.py:190} INFO - [2025-04-25T10:43:16.827+0000] {dag.py:4180} INFO - Setting next_dagrun for example_complex to None, run_after=None
[2025-04-25T10:43:16.843+0000] {processor.py:208} INFO - Processing /home/airflow/.local/lib/python3.12/site-packages/airflow/example_dags/example_complex.py took 0.230 seconds
[2025-04-25T10:43:47.005+0000] {processor.py:186} INFO - Started process (PID=396) to work on /home/airflow/.local/lib/python3.12/site-packages/airflow/example_dags/example_complex.py
[2025-04-25T10:43:47.006+0000] {processor.py:914} INFO - Processing file /home/airflow/.local/lib/python3.12/site-packages/airflow/example_dags/example_complex.py for tasks to queue
[2025-04-25T10:43:47.007+0000] {logging_mixin.py:190} INFO - [2025-04-25T10:43:47.007+0000] {dagbag.py:588} INFO - Filling up the DagBag from /home/airflow/.local/lib/python3.12/site-packages/airflow/example_dags/example_complex.py
[2025-04-25T10:43:47.014+0000] {processor.py:925} INFO - DAG(s) 'example_complex' retrieved from /home/airflow/.local/lib/python3.12/site-packages/airflow/example_dags/example_complex.py
[2025-04-25T10:43:47.028+0000] {logging_mixin.py:190} INFO - [2025-04-25T10:43:47.028+0000] {dag.py:3239} INFO - Sync 1 DAGs
[2025-04-25T10:43:47.037+0000] {logging_mixin.py:190} INFO - [2025-04-25T10:43:47.036+0000] {dag.py:4180} INFO - Setting next_dagrun for example_complex to None, run_after=None
[2025-04-25T10:43:47.046+0000] {processor.py:208} INFO - Processing /home/airflow/.local/lib/python3.12/site-packages/airflow/example_dags/example_complex.py took 0.056 seconds
[2025-04-25T10:44:17.674+0000] {processor.py:186} INFO - Started process (PID=459) to work on /home/airflow/.local/lib/python3.12/site-packages/airflow/example_dags/example_complex.py
[2025-04-25T10:44:17.676+0000] {processor.py:914} INFO - Processing file /home/airflow/.local/lib/python3.12/site-packages/airflow/example_dags/example_complex.py for tasks to queue
[2025-04-25T10:44:17.679+0000] {logging_mixin.py:190} INFO - [2025-04-25T10:44:17.678+0000] {dagbag.py:588} INFO - Filling up the DagBag from /home/airflow/.local/lib/python3.12/site-packages/airflow/example_dags/example_complex.py
[2025-04-25T10:44:17.707+0000] {processor.py:925} INFO - DAG(s) 'example_complex' retrieved from /home/airflow/.local/lib/python3.12/site-packages/airflow/example_dags/example_complex.py
[2025-04-25T10:44:17.757+0000] {logging_mixin.py:190} INFO - [2025-04-25T10:44:17.757+0000] {dag.py:3239} INFO - Sync 1 DAGs
[2025-04-25T10:44:17.772+0000] {logging_mixin.py:190} INFO - [2025-04-25T10:44:17.772+0000] {dag.py:4180} INFO - Setting next_dagrun for example_complex to None, run_after=None
[2025-04-25T10:44:17.806+0000] {processor.py:208} INFO - Processing /home/airflow/.local/lib/python3.12/site-packages/airflow/example_dags/example_complex.py took 0.145 seconds
[2025-04-25T10:44:48.496+0000] {processor.py:186} INFO - Started process (PID=522) to work on /home/airflow/.local/lib/python3.12/site-packages/airflow/example_dags/example_complex.py
[2025-04-25T10:44:48.498+0000] {processor.py:914} INFO - Processing file /home/airflow/.local/lib/python3.12/site-packages/airflow/example_dags/example_complex.py for tasks to queue
[2025-04-25T10:44:48.502+0000] {logging_mixin.py:190} INFO - [2025-04-25T10:44:48.501+0000] {dagbag.py:588} INFO - Filling up the DagBag from /home/airflow/.local/lib/python3.12/site-packages/airflow/example_dags/example_complex.py
[2025-04-25T10:44:48.509+0000] {processor.py:925} INFO - DAG(s) 'example_complex' retrieved from /home/airflow/.local/lib/python3.12/site-packages/airflow/example_dags/example_complex.py
[2025-04-25T10:44:48.525+0000] {logging_mixin.py:190} INFO - [2025-04-25T10:44:48.525+0000] {dag.py:3239} INFO - Sync 1 DAGs
[2025-04-25T10:44:48.536+0000] {logging_mixin.py:190} INFO - [2025-04-25T10:44:48.535+0000] {dag.py:4180} INFO - Setting next_dagrun for example_complex to None, run_after=None
[2025-04-25T10:44:48.545+0000] {processor.py:208} INFO - Processing /home/airflow/.local/lib/python3.12/site-packages/airflow/example_dags/example_complex.py took 0.056 seconds
[2025-04-25T10:45:18.980+0000] {processor.py:186} INFO - Started process (PID=584) to work on /home/airflow/.local/lib/python3.12/site-packages/airflow/example_dags/example_complex.py
[2025-04-25T10:45:18.981+0000] {processor.py:914} INFO - Processing file /home/airflow/.local/lib/python3.12/site-packages/airflow/example_dags/example_complex.py for tasks to queue
[2025-04-25T10:45:18.985+0000] {logging_mixin.py:190} INFO - [2025-04-25T10:45:18.984+0000] {dagbag.py:588} INFO - Filling up the DagBag from /home/airflow/.local/lib/python3.12/site-packages/airflow/example_dags/example_complex.py
[2025-04-25T10:45:18.997+0000] {processor.py:925} INFO - DAG(s) 'example_complex' retrieved from /home/airflow/.local/lib/python3.12/site-packages/airflow/example_dags/example_complex.py
[2025-04-25T10:45:19.088+0000] {logging_mixin.py:190} INFO - [2025-04-25T10:45:19.088+0000] {dag.py:3239} INFO - Sync 1 DAGs
[2025-04-25T10:45:19.132+0000] {logging_mixin.py:190} INFO - [2025-04-25T10:45:19.131+0000] {dag.py:4180} INFO - Setting next_dagrun for example_complex to None, run_after=None
[2025-04-25T10:45:19.151+0000] {processor.py:208} INFO - Processing /home/airflow/.local/lib/python3.12/site-packages/airflow/example_dags/example_complex.py took 0.176 seconds
[2025-04-25T10:45:49.803+0000] {processor.py:186} INFO - Started process (PID=647) to work on /home/airflow/.local/lib/python3.12/site-packages/airflow/example_dags/example_complex.py
[2025-04-25T10:45:49.804+0000] {processor.py:914} INFO - Processing file /home/airflow/.local/lib/python3.12/site-packages/airflow/example_dags/example_complex.py for tasks to queue
[2025-04-25T10:45:49.806+0000] {logging_mixin.py:190} INFO - [2025-04-25T10:45:49.806+0000] {dagbag.py:588} INFO - Filling up the DagBag from /home/airflow/.local/lib/python3.12/site-packages/airflow/example_dags/example_complex.py
[2025-04-25T10:45:49.827+0000] {processor.py:925} INFO - DAG(s) 'example_complex' retrieved from /home/airflow/.local/lib/python3.12/site-packages/airflow/example_dags/example_complex.py
[2025-04-25T10:45:49.853+0000] {logging_mixin.py:190} INFO - [2025-04-25T10:45:49.853+0000] {dag.py:3239} INFO - Sync 1 DAGs
[2025-04-25T10:45:49.861+0000] {logging_mixin.py:190} INFO - [2025-04-25T10:45:49.861+0000] {dag.py:4180} INFO - Setting next_dagrun for example_complex to None, run_after=None
[2025-04-25T10:45:49.873+0000] {processor.py:208} INFO - Processing /home/airflow/.local/lib/python3.12/site-packages/airflow/example_dags/example_complex.py took 0.075 seconds
[2025-04-25T10:46:20.545+0000] {processor.py:186} INFO - Started process (PID=710) to work on /home/airflow/.local/lib/python3.12/site-packages/airflow/example_dags/example_complex.py
[2025-04-25T10:46:20.547+0000] {processor.py:914} INFO - Processing file /home/airflow/.local/lib/python3.12/site-packages/airflow/example_dags/example_complex.py for tasks to queue
[2025-04-25T10:46:20.550+0000] {logging_mixin.py:190} INFO - [2025-04-25T10:46:20.549+0000] {dagbag.py:588} INFO - Filling up the DagBag from /home/airflow/.local/lib/python3.12/site-packages/airflow/example_dags/example_complex.py
[2025-04-25T10:46:20.563+0000] {processor.py:925} INFO - DAG(s) 'example_complex' retrieved from /home/airflow/.local/lib/python3.12/site-packages/airflow/example_dags/example_complex.py
[2025-04-25T10:46:20.597+0000] {logging_mixin.py:190} INFO - [2025-04-25T10:46:20.596+0000] {dag.py:3239} INFO - Sync 1 DAGs
[2025-04-25T10:46:20.606+0000] {logging_mixin.py:190} INFO - [2025-04-25T10:46:20.605+0000] {dag.py:4180} INFO - Setting next_dagrun for example_complex to None, run_after=None
[2025-04-25T10:46:20.614+0000] {processor.py:208} INFO - Processing /home/airflow/.local/lib/python3.12/site-packages/airflow/example_dags/example_complex.py took 0.078 seconds
[2025-04-25T10:46:51.668+0000] {processor.py:186} INFO - Started process (PID=773) to work on /home/airflow/.local/lib/python3.12/site-packages/airflow/example_dags/example_complex.py
[2025-04-25T10:46:51.669+0000] {processor.py:914} INFO - Processing file /home/airflow/.local/lib/python3.12/site-packages/airflow/example_dags/example_complex.py for tasks to queue
[2025-04-25T10:46:51.671+0000] {logging_mixin.py:190} INFO - [2025-04-25T10:46:51.671+0000] {dagbag.py:588} INFO - Filling up the DagBag from /home/airflow/.local/lib/python3.12/site-packages/airflow/example_dags/example_complex.py
[2025-04-25T10:46:51.696+0000] {processor.py:925} INFO - DAG(s) 'example_complex' retrieved from /home/airflow/.local/lib/python3.12/site-packages/airflow/example_dags/example_complex.py
[2025-04-25T10:46:51.735+0000] {logging_mixin.py:190} INFO - [2025-04-25T10:46:51.735+0000] {dag.py:3239} INFO - Sync 1 DAGs
[2025-04-25T10:46:51.749+0000] {logging_mixin.py:190} INFO - [2025-04-25T10:46:51.749+0000] {dag.py:4180} INFO - Setting next_dagrun for example_complex to None, run_after=None
[2025-04-25T10:46:51.762+0000] {processor.py:208} INFO - Processing /home/airflow/.local/lib/python3.12/site-packages/airflow/example_dags/example_complex.py took 0.100 seconds
[2025-04-25T10:47:22.548+0000] {processor.py:186} INFO - Started process (PID=835) to work on /home/airflow/.local/lib/python3.12/site-packages/airflow/example_dags/example_complex.py
[2025-04-25T10:47:22.551+0000] {processor.py:914} INFO - Processing file /home/airflow/.local/lib/python3.12/site-packages/airflow/example_dags/example_complex.py for tasks to queue
[2025-04-25T10:47:22.553+0000] {logging_mixin.py:190} INFO - [2025-04-25T10:47:22.553+0000] {dagbag.py:588} INFO - Filling up the DagBag from /home/airflow/.local/lib/python3.12/site-packages/airflow/example_dags/example_complex.py
[2025-04-25T10:47:22.577+0000] {processor.py:925} INFO - DAG(s) 'example_complex' retrieved from /home/airflow/.local/lib/python3.12/site-packages/airflow/example_dags/example_complex.py
[2025-04-25T10:47:22.636+0000] {logging_mixin.py:190} INFO - [2025-04-25T10:47:22.636+0000] {dag.py:3239} INFO - Sync 1 DAGs
[2025-04-25T10:47:22.664+0000] {logging_mixin.py:190} INFO - [2025-04-25T10:47:22.663+0000] {dag.py:4180} INFO - Setting next_dagrun for example_complex to None, run_after=None
[2025-04-25T10:47:22.687+0000] {processor.py:208} INFO - Processing /home/airflow/.local/lib/python3.12/site-packages/airflow/example_dags/example_complex.py took 0.144 seconds
[2025-04-25T10:47:53.641+0000] {processor.py:186} INFO - Started process (PID=898) to work on /home/airflow/.local/lib/python3.12/site-packages/airflow/example_dags/example_complex.py
[2025-04-25T10:47:53.643+0000] {processor.py:914} INFO - Processing file /home/airflow/.local/lib/python3.12/site-packages/airflow/example_dags/example_complex.py for tasks to queue
[2025-04-25T10:47:53.646+0000] {logging_mixin.py:190} INFO - [2025-04-25T10:47:53.646+0000] {dagbag.py:588} INFO - Filling up the DagBag from /home/airflow/.local/lib/python3.12/site-packages/airflow/example_dags/example_complex.py
[2025-04-25T10:47:53.660+0000] {processor.py:925} INFO - DAG(s) 'example_complex' retrieved from /home/airflow/.local/lib/python3.12/site-packages/airflow/example_dags/example_complex.py
[2025-04-25T10:47:53.694+0000] {logging_mixin.py:190} INFO - [2025-04-25T10:47:53.694+0000] {dag.py:3239} INFO - Sync 1 DAGs
[2025-04-25T10:47:53.705+0000] {logging_mixin.py:190} INFO - [2025-04-25T10:47:53.705+0000] {dag.py:4180} INFO - Setting next_dagrun for example_complex to None, run_after=None
[2025-04-25T10:47:53.717+0000] {processor.py:208} INFO - Processing /home/airflow/.local/lib/python3.12/site-packages/airflow/example_dags/example_complex.py took 0.089 seconds
[2025-04-25T10:48:24.583+0000] {processor.py:186} INFO - Started process (PID=961) to work on /home/airflow/.local/lib/python3.12/site-packages/airflow/example_dags/example_complex.py
[2025-04-25T10:48:24.587+0000] {processor.py:914} INFO - Processing file /home/airflow/.local/lib/python3.12/site-packages/airflow/example_dags/example_complex.py for tasks to queue
[2025-04-25T10:48:24.596+0000] {logging_mixin.py:190} INFO - [2025-04-25T10:48:24.595+0000] {dagbag.py:588} INFO - Filling up the DagBag from /home/airflow/.local/lib/python3.12/site-packages/airflow/example_dags/example_complex.py
[2025-04-25T10:48:24.610+0000] {processor.py:925} INFO - DAG(s) 'example_complex' retrieved from /home/airflow/.local/lib/python3.12/site-packages/airflow/example_dags/example_complex.py
[2025-04-25T10:48:24.656+0000] {logging_mixin.py:190} INFO - [2025-04-25T10:48:24.656+0000] {dag.py:3239} INFO - Sync 1 DAGs
[2025-04-25T10:48:24.668+0000] {logging_mixin.py:190} INFO - [2025-04-25T10:48:24.668+0000] {dag.py:4180} INFO - Setting next_dagrun for example_complex to None, run_after=None
[2025-04-25T10:48:24.680+0000] {processor.py:208} INFO - Processing /home/airflow/.local/lib/python3.12/site-packages/airflow/example_dags/example_complex.py took 0.102 seconds
[2025-04-25T10:48:55.041+0000] {processor.py:186} INFO - Started process (PID=1024) to work on /home/airflow/.local/lib/python3.12/site-packages/airflow/example_dags/example_complex.py
[2025-04-25T10:48:55.041+0000] {processor.py:914} INFO - Processing file /home/airflow/.local/lib/python3.12/site-packages/airflow/example_dags/example_complex.py for tasks to queue
[2025-04-25T10:48:55.042+0000] {logging_mixin.py:190} INFO - [2025-04-25T10:48:55.042+0000] {dagbag.py:588} INFO - Filling up the DagBag from /home/airflow/.local/lib/python3.12/site-packages/airflow/example_dags/example_complex.py
[2025-04-25T10:48:55.049+0000] {processor.py:925} INFO - DAG(s) 'example_complex' retrieved from /home/airflow/.local/lib/python3.12/site-packages/airflow/example_dags/example_complex.py
[2025-04-25T10:48:55.069+0000] {logging_mixin.py:190} INFO - [2025-04-25T10:48:55.069+0000] {dag.py:3239} INFO - Sync 1 DAGs
[2025-04-25T10:48:55.086+0000] {logging_mixin.py:190} INFO - [2025-04-25T10:48:55.085+0000] {dag.py:4180} INFO - Setting next_dagrun for example_complex to None, run_after=None
[2025-04-25T10:48:55.095+0000] {processor.py:208} INFO - Processing /home/airflow/.local/lib/python3.12/site-packages/airflow/example_dags/example_complex.py took 0.058 seconds
[2025-04-25T10:49:25.185+0000] {processor.py:186} INFO - Started process (PID=1087) to work on /home/airflow/.local/lib/python3.12/site-packages/airflow/example_dags/example_complex.py
[2025-04-25T10:49:25.186+0000] {processor.py:914} INFO - Processing file /home/airflow/.local/lib/python3.12/site-packages/airflow/example_dags/example_complex.py for tasks to queue
[2025-04-25T10:49:25.187+0000] {logging_mixin.py:190} INFO - [2025-04-25T10:49:25.187+0000] {dagbag.py:588} INFO - Filling up the DagBag from /home/airflow/.local/lib/python3.12/site-packages/airflow/example_dags/example_complex.py
[2025-04-25T10:49:25.193+0000] {processor.py:925} INFO - DAG(s) 'example_complex' retrieved from /home/airflow/.local/lib/python3.12/site-packages/airflow/example_dags/example_complex.py
[2025-04-25T10:49:25.210+0000] {logging_mixin.py:190} INFO - [2025-04-25T10:49:25.210+0000] {dag.py:3239} INFO - Sync 1 DAGs
[2025-04-25T10:49:25.218+0000] {logging_mixin.py:190} INFO - [2025-04-25T10:49:25.218+0000] {dag.py:4180} INFO - Setting next_dagrun for example_complex to None, run_after=None
[2025-04-25T10:49:25.227+0000] {processor.py:208} INFO - Processing /home/airflow/.local/lib/python3.12/site-packages/airflow/example_dags/example_complex.py took 0.045 seconds
[2025-04-25T10:49:59.422+0000] {processor.py:186} INFO - Started process (PID=1150) to work on /home/airflow/.local/lib/python3.12/site-packages/airflow/example_dags/example_complex.py
[2025-04-25T10:49:59.424+0000] {processor.py:914} INFO - Processing file /home/airflow/.local/lib/python3.12/site-packages/airflow/example_dags/example_complex.py for tasks to queue
[2025-04-25T10:49:59.431+0000] {logging_mixin.py:190} INFO - [2025-04-25T10:49:59.428+0000] {dagbag.py:588} INFO - Filling up the DagBag from /home/airflow/.local/lib/python3.12/site-packages/airflow/example_dags/example_complex.py
[2025-04-25T10:49:59.469+0000] {processor.py:925} INFO - DAG(s) 'example_complex' retrieved from /home/airflow/.local/lib/python3.12/site-packages/airflow/example_dags/example_complex.py
[2025-04-25T10:49:59.516+0000] {logging_mixin.py:190} INFO - [2025-04-25T10:49:59.515+0000] {dag.py:3239} INFO - Sync 1 DAGs
[2025-04-25T10:49:59.547+0000] {logging_mixin.py:190} INFO - [2025-04-25T10:49:59.547+0000] {dag.py:4180} INFO - Setting next_dagrun for example_complex to None, run_after=None
[2025-04-25T10:49:59.570+0000] {processor.py:208} INFO - Processing /home/airflow/.local/lib/python3.12/site-packages/airflow/example_dags/example_complex.py took 0.154 seconds
[2025-04-25T10:50:42.459+0000] {processor.py:186} INFO - Started process (PID=1213) to work on /home/airflow/.local/lib/python3.12/site-packages/airflow/example_dags/example_complex.py
[2025-04-25T10:50:42.464+0000] {processor.py:914} INFO - Processing file /home/airflow/.local/lib/python3.12/site-packages/airflow/example_dags/example_complex.py for tasks to queue
[2025-04-25T10:50:42.465+0000] {logging_mixin.py:190} INFO - [2025-04-25T10:50:42.465+0000] {dagbag.py:588} INFO - Filling up the DagBag from /home/airflow/.local/lib/python3.12/site-packages/airflow/example_dags/example_complex.py
[2025-04-25T10:50:42.473+0000] {processor.py:925} INFO - DAG(s) 'example_complex' retrieved from /home/airflow/.local/lib/python3.12/site-packages/airflow/example_dags/example_complex.py
[2025-04-25T10:50:42.496+0000] {logging_mixin.py:190} INFO - [2025-04-25T10:50:42.496+0000] {dag.py:3239} INFO - Sync 1 DAGs
[2025-04-25T10:50:42.503+0000] {logging_mixin.py:190} INFO - [2025-04-25T10:50:42.503+0000] {dag.py:4180} INFO - Setting next_dagrun for example_complex to None, run_after=None
[2025-04-25T10:50:42.519+0000] {processor.py:208} INFO - Processing /home/airflow/.local/lib/python3.12/site-packages/airflow/example_dags/example_complex.py took 0.064 seconds
[2025-04-25T10:51:14.683+0000] {processor.py:186} INFO - Started process (PID=1265) to work on /home/airflow/.local/lib/python3.12/site-packages/airflow/example_dags/example_complex.py
[2025-04-25T10:51:14.684+0000] {processor.py:914} INFO - Processing file /home/airflow/.local/lib/python3.12/site-packages/airflow/example_dags/example_complex.py for tasks to queue
[2025-04-25T10:51:14.685+0000] {logging_mixin.py:190} INFO - [2025-04-25T10:51:14.685+0000] {dagbag.py:588} INFO - Filling up the DagBag from /home/airflow/.local/lib/python3.12/site-packages/airflow/example_dags/example_complex.py
[2025-04-25T10:51:14.693+0000] {processor.py:925} INFO - DAG(s) 'example_complex' retrieved from /home/airflow/.local/lib/python3.12/site-packages/airflow/example_dags/example_complex.py
[2025-04-25T10:51:14.716+0000] {logging_mixin.py:190} INFO - [2025-04-25T10:51:14.716+0000] {dag.py:3239} INFO - Sync 1 DAGs
[2025-04-25T10:51:14.732+0000] {logging_mixin.py:190} INFO - [2025-04-25T10:51:14.732+0000] {dag.py:4180} INFO - Setting next_dagrun for example_complex to None, run_after=None
[2025-04-25T10:51:14.745+0000] {processor.py:208} INFO - Processing /home/airflow/.local/lib/python3.12/site-packages/airflow/example_dags/example_complex.py took 0.066 seconds
[2025-04-25T10:51:46.803+0000] {processor.py:186} INFO - Started process (PID=1328) to work on /home/airflow/.local/lib/python3.12/site-packages/airflow/example_dags/example_complex.py
[2025-04-25T10:51:46.809+0000] {processor.py:914} INFO - Processing file /home/airflow/.local/lib/python3.12/site-packages/airflow/example_dags/example_complex.py for tasks to queue
[2025-04-25T10:51:46.810+0000] {logging_mixin.py:190} INFO - [2025-04-25T10:51:46.810+0000] {dagbag.py:588} INFO - Filling up the DagBag from /home/airflow/.local/lib/python3.12/site-packages/airflow/example_dags/example_complex.py
[2025-04-25T10:51:46.820+0000] {processor.py:925} INFO - DAG(s) 'example_complex' retrieved from /home/airflow/.local/lib/python3.12/site-packages/airflow/example_dags/example_complex.py
[2025-04-25T10:51:46.857+0000] {logging_mixin.py:190} INFO - [2025-04-25T10:51:46.857+0000] {dag.py:3239} INFO - Sync 1 DAGs
[2025-04-25T10:51:46.876+0000] {logging_mixin.py:190} INFO - [2025-04-25T10:51:46.876+0000] {dag.py:4180} INFO - Setting next_dagrun for example_complex to None, run_after=None
[2025-04-25T10:51:46.888+0000] {processor.py:208} INFO - Processing /home/airflow/.local/lib/python3.12/site-packages/airflow/example_dags/example_complex.py took 0.091 seconds
[2025-04-25T10:52:18.587+0000] {processor.py:186} INFO - Started process (PID=1391) to work on /home/airflow/.local/lib/python3.12/site-packages/airflow/example_dags/example_complex.py
[2025-04-25T10:52:18.588+0000] {processor.py:914} INFO - Processing file /home/airflow/.local/lib/python3.12/site-packages/airflow/example_dags/example_complex.py for tasks to queue
[2025-04-25T10:52:18.592+0000] {logging_mixin.py:190} INFO - [2025-04-25T10:52:18.592+0000] {dagbag.py:588} INFO - Filling up the DagBag from /home/airflow/.local/lib/python3.12/site-packages/airflow/example_dags/example_complex.py
[2025-04-25T10:52:18.605+0000] {processor.py:925} INFO - DAG(s) 'example_complex' retrieved from /home/airflow/.local/lib/python3.12/site-packages/airflow/example_dags/example_complex.py
[2025-04-25T10:52:18.652+0000] {logging_mixin.py:190} INFO - [2025-04-25T10:52:18.651+0000] {dag.py:3239} INFO - Sync 1 DAGs
[2025-04-25T10:52:18.669+0000] {logging_mixin.py:190} INFO - [2025-04-25T10:52:18.668+0000] {dag.py:4180} INFO - Setting next_dagrun for example_complex to None, run_after=None
[2025-04-25T10:52:18.680+0000] {processor.py:208} INFO - Processing /home/airflow/.local/lib/python3.12/site-packages/airflow/example_dags/example_complex.py took 0.100 seconds
[2025-04-25T10:52:49.128+0000] {processor.py:186} INFO - Started process (PID=1447) to work on /home/airflow/.local/lib/python3.12/site-packages/airflow/example_dags/example_complex.py
[2025-04-25T10:52:49.193+0000] {processor.py:914} INFO - Processing file /home/airflow/.local/lib/python3.12/site-packages/airflow/example_dags/example_complex.py for tasks to queue
[2025-04-25T10:52:49.262+0000] {logging_mixin.py:190} INFO - [2025-04-25T10:52:49.252+0000] {dagbag.py:588} INFO - Filling up the DagBag from /home/airflow/.local/lib/python3.12/site-packages/airflow/example_dags/example_complex.py
[2025-04-25T10:52:49.490+0000] {processor.py:925} INFO - DAG(s) 'example_complex' retrieved from /home/airflow/.local/lib/python3.12/site-packages/airflow/example_dags/example_complex.py
[2025-04-25T10:52:49.703+0000] {logging_mixin.py:190} INFO - [2025-04-25T10:52:49.701+0000] {dag.py:3239} INFO - Sync 1 DAGs
[2025-04-25T10:52:49.796+0000] {logging_mixin.py:190} INFO - [2025-04-25T10:52:49.794+0000] {dag.py:4180} INFO - Setting next_dagrun for example_complex to None, run_after=None
[2025-04-25T10:52:49.860+0000] {processor.py:208} INFO - Processing /home/airflow/.local/lib/python3.12/site-packages/airflow/example_dags/example_complex.py took 0.772 seconds
[2025-04-25T10:53:20.557+0000] {processor.py:186} INFO - Started process (PID=1510) to work on /home/airflow/.local/lib/python3.12/site-packages/airflow/example_dags/example_complex.py
[2025-04-25T10:53:20.560+0000] {processor.py:914} INFO - Processing file /home/airflow/.local/lib/python3.12/site-packages/airflow/example_dags/example_complex.py for tasks to queue
[2025-04-25T10:53:20.562+0000] {logging_mixin.py:190} INFO - [2025-04-25T10:53:20.562+0000] {dagbag.py:588} INFO - Filling up the DagBag from /home/airflow/.local/lib/python3.12/site-packages/airflow/example_dags/example_complex.py
[2025-04-25T10:53:20.577+0000] {processor.py:925} INFO - DAG(s) 'example_complex' retrieved from /home/airflow/.local/lib/python3.12/site-packages/airflow/example_dags/example_complex.py
[2025-04-25T10:53:20.621+0000] {logging_mixin.py:190} INFO - [2025-04-25T10:53:20.621+0000] {dag.py:3239} INFO - Sync 1 DAGs
[2025-04-25T10:53:20.637+0000] {logging_mixin.py:190} INFO - [2025-04-25T10:53:20.637+0000] {dag.py:4180} INFO - Setting next_dagrun for example_complex to None, run_after=None
[2025-04-25T10:53:20.650+0000] {processor.py:208} INFO - Processing /home/airflow/.local/lib/python3.12/site-packages/airflow/example_dags/example_complex.py took 0.106 seconds
[2025-04-25T10:53:51.165+0000] {processor.py:186} INFO - Started process (PID=1579) to work on /home/airflow/.local/lib/python3.12/site-packages/airflow/example_dags/example_complex.py
[2025-04-25T10:53:51.167+0000] {processor.py:914} INFO - Processing file /home/airflow/.local/lib/python3.12/site-packages/airflow/example_dags/example_complex.py for tasks to queue
[2025-04-25T10:53:51.171+0000] {logging_mixin.py:190} INFO - [2025-04-25T10:53:51.171+0000] {dagbag.py:588} INFO - Filling up the DagBag from /home/airflow/.local/lib/python3.12/site-packages/airflow/example_dags/example_complex.py
[2025-04-25T10:53:51.195+0000] {processor.py:925} INFO - DAG(s) 'example_complex' retrieved from /home/airflow/.local/lib/python3.12/site-packages/airflow/example_dags/example_complex.py
[2025-04-25T10:53:51.231+0000] {logging_mixin.py:190} INFO - [2025-04-25T10:53:51.230+0000] {dag.py:3239} INFO - Sync 1 DAGs
[2025-04-25T10:53:51.245+0000] {logging_mixin.py:190} INFO - [2025-04-25T10:53:51.245+0000] {dag.py:4180} INFO - Setting next_dagrun for example_complex to None, run_after=None
[2025-04-25T10:53:51.264+0000] {processor.py:208} INFO - Processing /home/airflow/.local/lib/python3.12/site-packages/airflow/example_dags/example_complex.py took 0.115 seconds
[2025-04-25T10:54:21.686+0000] {processor.py:186} INFO - Started process (PID=1642) to work on /home/airflow/.local/lib/python3.12/site-packages/airflow/example_dags/example_complex.py
[2025-04-25T10:54:21.690+0000] {processor.py:914} INFO - Processing file /home/airflow/.local/lib/python3.12/site-packages/airflow/example_dags/example_complex.py for tasks to queue
[2025-04-25T10:54:21.693+0000] {logging_mixin.py:190} INFO - [2025-04-25T10:54:21.693+0000] {dagbag.py:588} INFO - Filling up the DagBag from /home/airflow/.local/lib/python3.12/site-packages/airflow/example_dags/example_complex.py
[2025-04-25T10:54:21.715+0000] {processor.py:925} INFO - DAG(s) 'example_complex' retrieved from /home/airflow/.local/lib/python3.12/site-packages/airflow/example_dags/example_complex.py
[2025-04-25T10:54:21.747+0000] {logging_mixin.py:190} INFO - [2025-04-25T10:54:21.747+0000] {dag.py:3239} INFO - Sync 1 DAGs
[2025-04-25T10:54:21.767+0000] {logging_mixin.py:190} INFO - [2025-04-25T10:54:21.767+0000] {dag.py:4180} INFO - Setting next_dagrun for example_complex to None, run_after=None
[2025-04-25T10:54:21.781+0000] {processor.py:208} INFO - Processing /home/airflow/.local/lib/python3.12/site-packages/airflow/example_dags/example_complex.py took 0.105 seconds
[2025-04-25T10:54:52.338+0000] {processor.py:186} INFO - Started process (PID=1705) to work on /home/airflow/.local/lib/python3.12/site-packages/airflow/example_dags/example_complex.py
[2025-04-25T10:54:52.339+0000] {processor.py:914} INFO - Processing file /home/airflow/.local/lib/python3.12/site-packages/airflow/example_dags/example_complex.py for tasks to queue
[2025-04-25T10:54:52.342+0000] {logging_mixin.py:190} INFO - [2025-04-25T10:54:52.341+0000] {dagbag.py:588} INFO - Filling up the DagBag from /home/airflow/.local/lib/python3.12/site-packages/airflow/example_dags/example_complex.py
[2025-04-25T10:54:52.360+0000] {processor.py:925} INFO - DAG(s) 'example_complex' retrieved from /home/airflow/.local/lib/python3.12/site-packages/airflow/example_dags/example_complex.py
[2025-04-25T10:54:52.396+0000] {logging_mixin.py:190} INFO - [2025-04-25T10:54:52.396+0000] {dag.py:3239} INFO - Sync 1 DAGs
[2025-04-25T10:54:52.417+0000] {logging_mixin.py:190} INFO - [2025-04-25T10:54:52.417+0000] {dag.py:4180} INFO - Setting next_dagrun for example_complex to None, run_after=None
[2025-04-25T10:54:52.430+0000] {processor.py:208} INFO - Processing /home/airflow/.local/lib/python3.12/site-packages/airflow/example_dags/example_complex.py took 0.105 seconds
[2025-04-25T10:55:23.447+0000] {processor.py:186} INFO - Started process (PID=1768) to work on /home/airflow/.local/lib/python3.12/site-packages/airflow/example_dags/example_complex.py
[2025-04-25T10:55:23.449+0000] {processor.py:914} INFO - Processing file /home/airflow/.local/lib/python3.12/site-packages/airflow/example_dags/example_complex.py for tasks to queue
[2025-04-25T10:55:23.454+0000] {logging_mixin.py:190} INFO - [2025-04-25T10:55:23.454+0000] {dagbag.py:588} INFO - Filling up the DagBag from /home/airflow/.local/lib/python3.12/site-packages/airflow/example_dags/example_complex.py
[2025-04-25T10:55:23.468+0000] {processor.py:925} INFO - DAG(s) 'example_complex' retrieved from /home/airflow/.local/lib/python3.12/site-packages/airflow/example_dags/example_complex.py
[2025-04-25T10:55:23.499+0000] {logging_mixin.py:190} INFO - [2025-04-25T10:55:23.499+0000] {dag.py:3239} INFO - Sync 1 DAGs
[2025-04-25T10:55:23.513+0000] {logging_mixin.py:190} INFO - [2025-04-25T10:55:23.512+0000] {dag.py:4180} INFO - Setting next_dagrun for example_complex to None, run_after=None
[2025-04-25T10:55:23.527+0000] {processor.py:208} INFO - Processing /home/airflow/.local/lib/python3.12/site-packages/airflow/example_dags/example_complex.py took 0.087 seconds
[2025-04-25T10:55:53.917+0000] {processor.py:186} INFO - Started process (PID=1831) to work on /home/airflow/.local/lib/python3.12/site-packages/airflow/example_dags/example_complex.py
[2025-04-25T10:55:53.918+0000] {processor.py:914} INFO - Processing file /home/airflow/.local/lib/python3.12/site-packages/airflow/example_dags/example_complex.py for tasks to queue
[2025-04-25T10:55:53.922+0000] {logging_mixin.py:190} INFO - [2025-04-25T10:55:53.922+0000] {dagbag.py:588} INFO - Filling up the DagBag from /home/airflow/.local/lib/python3.12/site-packages/airflow/example_dags/example_complex.py
[2025-04-25T10:55:53.937+0000] {processor.py:925} INFO - DAG(s) 'example_complex' retrieved from /home/airflow/.local/lib/python3.12/site-packages/airflow/example_dags/example_complex.py
[2025-04-25T10:55:53.980+0000] {logging_mixin.py:190} INFO - [2025-04-25T10:55:53.980+0000] {dag.py:3239} INFO - Sync 1 DAGs
[2025-04-25T10:55:53.992+0000] {logging_mixin.py:190} INFO - [2025-04-25T10:55:53.991+0000] {dag.py:4180} INFO - Setting next_dagrun for example_complex to None, run_after=None
[2025-04-25T10:55:54.013+0000] {processor.py:208} INFO - Processing /home/airflow/.local/lib/python3.12/site-packages/airflow/example_dags/example_complex.py took 0.104 seconds
[2025-04-25T10:56:24.330+0000] {processor.py:186} INFO - Started process (PID=1894) to work on /home/airflow/.local/lib/python3.12/site-packages/airflow/example_dags/example_complex.py
[2025-04-25T10:56:24.331+0000] {processor.py:914} INFO - Processing file /home/airflow/.local/lib/python3.12/site-packages/airflow/example_dags/example_complex.py for tasks to queue
[2025-04-25T10:56:24.335+0000] {logging_mixin.py:190} INFO - [2025-04-25T10:56:24.335+0000] {dagbag.py:588} INFO - Filling up the DagBag from /home/airflow/.local/lib/python3.12/site-packages/airflow/example_dags/example_complex.py
[2025-04-25T10:56:24.361+0000] {processor.py:925} INFO - DAG(s) 'example_complex' retrieved from /home/airflow/.local/lib/python3.12/site-packages/airflow/example_dags/example_complex.py
[2025-04-25T10:56:24.409+0000] {logging_mixin.py:190} INFO - [2025-04-25T10:56:24.409+0000] {dag.py:3239} INFO - Sync 1 DAGs
[2025-04-25T10:56:24.452+0000] {logging_mixin.py:190} INFO - [2025-04-25T10:56:24.451+0000] {dag.py:4180} INFO - Setting next_dagrun for example_complex to None, run_after=None
[2025-04-25T10:56:24.470+0000] {processor.py:208} INFO - Processing /home/airflow/.local/lib/python3.12/site-packages/airflow/example_dags/example_complex.py took 0.158 seconds
[2025-04-25T10:56:54.805+0000] {processor.py:186} INFO - Started process (PID=1957) to work on /home/airflow/.local/lib/python3.12/site-packages/airflow/example_dags/example_complex.py
[2025-04-25T10:56:54.807+0000] {processor.py:914} INFO - Processing file /home/airflow/.local/lib/python3.12/site-packages/airflow/example_dags/example_complex.py for tasks to queue
[2025-04-25T10:56:54.810+0000] {logging_mixin.py:190} INFO - [2025-04-25T10:56:54.808+0000] {dagbag.py:588} INFO - Filling up the DagBag from /home/airflow/.local/lib/python3.12/site-packages/airflow/example_dags/example_complex.py
[2025-04-25T10:56:54.855+0000] {processor.py:925} INFO - DAG(s) 'example_complex' retrieved from /home/airflow/.local/lib/python3.12/site-packages/airflow/example_dags/example_complex.py
[2025-04-25T10:56:54.970+0000] {logging_mixin.py:190} INFO - [2025-04-25T10:56:54.970+0000] {dag.py:3239} INFO - Sync 1 DAGs
[2025-04-25T10:56:55.011+0000] {logging_mixin.py:190} INFO - [2025-04-25T10:56:55.010+0000] {dag.py:4180} INFO - Setting next_dagrun for example_complex to None, run_after=None
[2025-04-25T10:56:55.046+0000] {processor.py:208} INFO - Processing /home/airflow/.local/lib/python3.12/site-packages/airflow/example_dags/example_complex.py took 0.257 seconds
[2025-04-25T10:57:25.719+0000] {processor.py:186} INFO - Started process (PID=2020) to work on /home/airflow/.local/lib/python3.12/site-packages/airflow/example_dags/example_complex.py
[2025-04-25T10:57:25.720+0000] {processor.py:914} INFO - Processing file /home/airflow/.local/lib/python3.12/site-packages/airflow/example_dags/example_complex.py for tasks to queue
[2025-04-25T10:57:25.721+0000] {logging_mixin.py:190} INFO - [2025-04-25T10:57:25.721+0000] {dagbag.py:588} INFO - Filling up the DagBag from /home/airflow/.local/lib/python3.12/site-packages/airflow/example_dags/example_complex.py
[2025-04-25T10:57:25.728+0000] {processor.py:925} INFO - DAG(s) 'example_complex' retrieved from /home/airflow/.local/lib/python3.12/site-packages/airflow/example_dags/example_complex.py
[2025-04-25T10:57:25.756+0000] {logging_mixin.py:190} INFO - [2025-04-25T10:57:25.756+0000] {dag.py:3239} INFO - Sync 1 DAGs
[2025-04-25T10:57:25.764+0000] {logging_mixin.py:190} INFO - [2025-04-25T10:57:25.764+0000] {dag.py:4180} INFO - Setting next_dagrun for example_complex to None, run_after=None
[2025-04-25T10:57:25.781+0000] {processor.py:208} INFO - Processing /home/airflow/.local/lib/python3.12/site-packages/airflow/example_dags/example_complex.py took 0.066 seconds
[2025-04-25T10:57:56.111+0000] {processor.py:186} INFO - Started process (PID=2082) to work on /home/airflow/.local/lib/python3.12/site-packages/airflow/example_dags/example_complex.py
[2025-04-25T10:57:56.114+0000] {processor.py:914} INFO - Processing file /home/airflow/.local/lib/python3.12/site-packages/airflow/example_dags/example_complex.py for tasks to queue
[2025-04-25T10:57:56.117+0000] {logging_mixin.py:190} INFO - [2025-04-25T10:57:56.117+0000] {dagbag.py:588} INFO - Filling up the DagBag from /home/airflow/.local/lib/python3.12/site-packages/airflow/example_dags/example_complex.py
[2025-04-25T10:57:56.138+0000] {processor.py:925} INFO - DAG(s) 'example_complex' retrieved from /home/airflow/.local/lib/python3.12/site-packages/airflow/example_dags/example_complex.py
[2025-04-25T10:57:56.191+0000] {logging_mixin.py:190} INFO - [2025-04-25T10:57:56.191+0000] {dag.py:3239} INFO - Sync 1 DAGs
[2025-04-25T10:57:56.210+0000] {logging_mixin.py:190} INFO - [2025-04-25T10:57:56.210+0000] {dag.py:4180} INFO - Setting next_dagrun for example_complex to None, run_after=None
[2025-04-25T10:57:56.225+0000] {processor.py:208} INFO - Processing /home/airflow/.local/lib/python3.12/site-packages/airflow/example_dags/example_complex.py took 0.123 seconds
[2025-04-25T10:58:26.272+0000] {processor.py:186} INFO - Started process (PID=2145) to work on /home/airflow/.local/lib/python3.12/site-packages/airflow/example_dags/example_complex.py
[2025-04-25T10:58:26.274+0000] {processor.py:914} INFO - Processing file /home/airflow/.local/lib/python3.12/site-packages/airflow/example_dags/example_complex.py for tasks to queue
[2025-04-25T10:58:26.276+0000] {logging_mixin.py:190} INFO - [2025-04-25T10:58:26.276+0000] {dagbag.py:588} INFO - Filling up the DagBag from /home/airflow/.local/lib/python3.12/site-packages/airflow/example_dags/example_complex.py
[2025-04-25T10:58:26.285+0000] {processor.py:925} INFO - DAG(s) 'example_complex' retrieved from /home/airflow/.local/lib/python3.12/site-packages/airflow/example_dags/example_complex.py
[2025-04-25T10:58:26.304+0000] {logging_mixin.py:190} INFO - [2025-04-25T10:58:26.304+0000] {dag.py:3239} INFO - Sync 1 DAGs
[2025-04-25T10:58:26.312+0000] {logging_mixin.py:190} INFO - [2025-04-25T10:58:26.312+0000] {dag.py:4180} INFO - Setting next_dagrun for example_complex to None, run_after=None
[2025-04-25T10:58:26.328+0000] {processor.py:208} INFO - Processing /home/airflow/.local/lib/python3.12/site-packages/airflow/example_dags/example_complex.py took 0.060 seconds
[2025-04-25T10:58:57.035+0000] {processor.py:186} INFO - Started process (PID=2208) to work on /home/airflow/.local/lib/python3.12/site-packages/airflow/example_dags/example_complex.py
[2025-04-25T10:58:57.039+0000] {processor.py:914} INFO - Processing file /home/airflow/.local/lib/python3.12/site-packages/airflow/example_dags/example_complex.py for tasks to queue
[2025-04-25T10:58:57.043+0000] {logging_mixin.py:190} INFO - [2025-04-25T10:58:57.043+0000] {dagbag.py:588} INFO - Filling up the DagBag from /home/airflow/.local/lib/python3.12/site-packages/airflow/example_dags/example_complex.py
[2025-04-25T10:58:57.056+0000] {processor.py:925} INFO - DAG(s) 'example_complex' retrieved from /home/airflow/.local/lib/python3.12/site-packages/airflow/example_dags/example_complex.py
[2025-04-25T10:58:57.079+0000] {logging_mixin.py:190} INFO - [2025-04-25T10:58:57.079+0000] {dag.py:3239} INFO - Sync 1 DAGs
[2025-04-25T10:58:57.088+0000] {logging_mixin.py:190} INFO - [2025-04-25T10:58:57.088+0000] {dag.py:4180} INFO - Setting next_dagrun for example_complex to None, run_after=None
[2025-04-25T10:58:57.098+0000] {processor.py:208} INFO - Processing /home/airflow/.local/lib/python3.12/site-packages/airflow/example_dags/example_complex.py took 0.069 seconds
[2025-04-25T10:59:27.237+0000] {processor.py:186} INFO - Started process (PID=2271) to work on /home/airflow/.local/lib/python3.12/site-packages/airflow/example_dags/example_complex.py
[2025-04-25T10:59:27.240+0000] {processor.py:914} INFO - Processing file /home/airflow/.local/lib/python3.12/site-packages/airflow/example_dags/example_complex.py for tasks to queue
[2025-04-25T10:59:27.244+0000] {logging_mixin.py:190} INFO - [2025-04-25T10:59:27.244+0000] {dagbag.py:588} INFO - Filling up the DagBag from /home/airflow/.local/lib/python3.12/site-packages/airflow/example_dags/example_complex.py
[2025-04-25T10:59:27.258+0000] {processor.py:925} INFO - DAG(s) 'example_complex' retrieved from /home/airflow/.local/lib/python3.12/site-packages/airflow/example_dags/example_complex.py
[2025-04-25T10:59:27.286+0000] {logging_mixin.py:190} INFO - [2025-04-25T10:59:27.286+0000] {dag.py:3239} INFO - Sync 1 DAGs
[2025-04-25T10:59:27.295+0000] {logging_mixin.py:190} INFO - [2025-04-25T10:59:27.295+0000] {dag.py:4180} INFO - Setting next_dagrun for example_complex to None, run_after=None
[2025-04-25T10:59:27.305+0000] {processor.py:208} INFO - Processing /home/airflow/.local/lib/python3.12/site-packages/airflow/example_dags/example_complex.py took 0.077 seconds
[2025-04-25T10:59:59.879+0000] {processor.py:186} INFO - Started process (PID=2334) to work on /home/airflow/.local/lib/python3.12/site-packages/airflow/example_dags/example_complex.py
[2025-04-25T10:59:59.881+0000] {processor.py:914} INFO - Processing file /home/airflow/.local/lib/python3.12/site-packages/airflow/example_dags/example_complex.py for tasks to queue
[2025-04-25T10:59:59.884+0000] {logging_mixin.py:190} INFO - [2025-04-25T10:59:59.883+0000] {dagbag.py:588} INFO - Filling up the DagBag from /home/airflow/.local/lib/python3.12/site-packages/airflow/example_dags/example_complex.py
[2025-04-25T10:59:59.892+0000] {processor.py:925} INFO - DAG(s) 'example_complex' retrieved from /home/airflow/.local/lib/python3.12/site-packages/airflow/example_dags/example_complex.py
[2025-04-25T10:59:59.937+0000] {logging_mixin.py:190} INFO - [2025-04-25T10:59:59.937+0000] {dag.py:3239} INFO - Sync 1 DAGs
[2025-04-25T10:59:59.964+0000] {logging_mixin.py:190} INFO - [2025-04-25T10:59:59.964+0000] {dag.py:4180} INFO - Setting next_dagrun for example_complex to None, run_after=None
[2025-04-25T11:00:00.011+0000] {processor.py:208} INFO - Processing /home/airflow/.local/lib/python3.12/site-packages/airflow/example_dags/example_complex.py took 0.145 seconds
[2025-04-25T11:00:31.101+0000] {processor.py:186} INFO - Started process (PID=2398) to work on /home/airflow/.local/lib/python3.12/site-packages/airflow/example_dags/example_complex.py
[2025-04-25T11:00:31.102+0000] {processor.py:914} INFO - Processing file /home/airflow/.local/lib/python3.12/site-packages/airflow/example_dags/example_complex.py for tasks to queue
[2025-04-25T11:00:31.105+0000] {logging_mixin.py:190} INFO - [2025-04-25T11:00:31.105+0000] {dagbag.py:588} INFO - Filling up the DagBag from /home/airflow/.local/lib/python3.12/site-packages/airflow/example_dags/example_complex.py
[2025-04-25T11:00:31.150+0000] {processor.py:925} INFO - DAG(s) 'example_complex' retrieved from /home/airflow/.local/lib/python3.12/site-packages/airflow/example_dags/example_complex.py
[2025-04-25T11:00:31.194+0000] {logging_mixin.py:190} INFO - [2025-04-25T11:00:31.194+0000] {dag.py:3239} INFO - Sync 1 DAGs
[2025-04-25T11:00:31.220+0000] {logging_mixin.py:190} INFO - [2025-04-25T11:00:31.219+0000] {dag.py:4180} INFO - Setting next_dagrun for example_complex to None, run_after=None
[2025-04-25T11:00:31.241+0000] {processor.py:208} INFO - Processing /home/airflow/.local/lib/python3.12/site-packages/airflow/example_dags/example_complex.py took 0.147 seconds
[2025-04-25T11:01:06.573+0000] {processor.py:186} INFO - Started process (PID=2461) to work on /home/airflow/.local/lib/python3.12/site-packages/airflow/example_dags/example_complex.py
[2025-04-25T11:01:06.592+0000] {processor.py:914} INFO - Processing file /home/airflow/.local/lib/python3.12/site-packages/airflow/example_dags/example_complex.py for tasks to queue
[2025-04-25T11:01:06.606+0000] {logging_mixin.py:190} INFO - [2025-04-25T11:01:06.604+0000] {dagbag.py:588} INFO - Filling up the DagBag from /home/airflow/.local/lib/python3.12/site-packages/airflow/example_dags/example_complex.py
[2025-04-25T11:01:06.673+0000] {processor.py:925} INFO - DAG(s) 'example_complex' retrieved from /home/airflow/.local/lib/python3.12/site-packages/airflow/example_dags/example_complex.py
[2025-04-25T11:01:06.748+0000] {logging_mixin.py:190} INFO - [2025-04-25T11:01:06.747+0000] {dag.py:3239} INFO - Sync 1 DAGs
[2025-04-25T11:01:06.774+0000] {logging_mixin.py:190} INFO - [2025-04-25T11:01:06.773+0000] {dag.py:4180} INFO - Setting next_dagrun for example_complex to None, run_after=None
[2025-04-25T11:01:06.805+0000] {processor.py:208} INFO - Processing /home/airflow/.local/lib/python3.12/site-packages/airflow/example_dags/example_complex.py took 0.276 seconds
[2025-04-25T11:01:37.820+0000] {processor.py:186} INFO - Started process (PID=2522) to work on /home/airflow/.local/lib/python3.12/site-packages/airflow/example_dags/example_complex.py
[2025-04-25T11:01:37.830+0000] {processor.py:914} INFO - Processing file /home/airflow/.local/lib/python3.12/site-packages/airflow/example_dags/example_complex.py for tasks to queue
[2025-04-25T11:01:37.839+0000] {logging_mixin.py:190} INFO - [2025-04-25T11:01:37.838+0000] {dagbag.py:588} INFO - Filling up the DagBag from /home/airflow/.local/lib/python3.12/site-packages/airflow/example_dags/example_complex.py
[2025-04-25T11:01:37.952+0000] {processor.py:925} INFO - DAG(s) 'example_complex' retrieved from /home/airflow/.local/lib/python3.12/site-packages/airflow/example_dags/example_complex.py
[2025-04-25T11:01:38.254+0000] {logging_mixin.py:190} INFO - [2025-04-25T11:01:38.252+0000] {dag.py:3239} INFO - Sync 1 DAGs
[2025-04-25T11:01:38.343+0000] {logging_mixin.py:190} INFO - [2025-04-25T11:01:38.342+0000] {dag.py:4180} INFO - Setting next_dagrun for example_complex to None, run_after=None
[2025-04-25T11:01:38.437+0000] {processor.py:208} INFO - Processing /home/airflow/.local/lib/python3.12/site-packages/airflow/example_dags/example_complex.py took 0.652 seconds
[2025-04-25T11:02:08.560+0000] {processor.py:186} INFO - Started process (PID=2584) to work on /home/airflow/.local/lib/python3.12/site-packages/airflow/example_dags/example_complex.py
[2025-04-25T11:02:08.563+0000] {processor.py:914} INFO - Processing file /home/airflow/.local/lib/python3.12/site-packages/airflow/example_dags/example_complex.py for tasks to queue
[2025-04-25T11:02:08.567+0000] {logging_mixin.py:190} INFO - [2025-04-25T11:02:08.567+0000] {dagbag.py:588} INFO - Filling up the DagBag from /home/airflow/.local/lib/python3.12/site-packages/airflow/example_dags/example_complex.py
[2025-04-25T11:02:08.583+0000] {processor.py:925} INFO - DAG(s) 'example_complex' retrieved from /home/airflow/.local/lib/python3.12/site-packages/airflow/example_dags/example_complex.py
[2025-04-25T11:02:08.621+0000] {logging_mixin.py:190} INFO - [2025-04-25T11:02:08.621+0000] {dag.py:3239} INFO - Sync 1 DAGs
[2025-04-25T11:02:08.632+0000] {logging_mixin.py:190} INFO - [2025-04-25T11:02:08.632+0000] {dag.py:4180} INFO - Setting next_dagrun for example_complex to None, run_after=None
[2025-04-25T11:02:08.642+0000] {processor.py:208} INFO - Processing /home/airflow/.local/lib/python3.12/site-packages/airflow/example_dags/example_complex.py took 0.103 seconds
[2025-04-25T11:02:39.068+0000] {processor.py:186} INFO - Started process (PID=2647) to work on /home/airflow/.local/lib/python3.12/site-packages/airflow/example_dags/example_complex.py
[2025-04-25T11:02:39.072+0000] {processor.py:914} INFO - Processing file /home/airflow/.local/lib/python3.12/site-packages/airflow/example_dags/example_complex.py for tasks to queue
[2025-04-25T11:02:39.089+0000] {logging_mixin.py:190} INFO - [2025-04-25T11:02:39.085+0000] {dagbag.py:588} INFO - Filling up the DagBag from /home/airflow/.local/lib/python3.12/site-packages/airflow/example_dags/example_complex.py
[2025-04-25T11:02:39.165+0000] {processor.py:925} INFO - DAG(s) 'example_complex' retrieved from /home/airflow/.local/lib/python3.12/site-packages/airflow/example_dags/example_complex.py
[2025-04-25T11:02:39.310+0000] {logging_mixin.py:190} INFO - [2025-04-25T11:02:39.310+0000] {dag.py:3239} INFO - Sync 1 DAGs
[2025-04-25T11:02:39.350+0000] {logging_mixin.py:190} INFO - [2025-04-25T11:02:39.350+0000] {dag.py:4180} INFO - Setting next_dagrun for example_complex to None, run_after=None
[2025-04-25T11:02:39.383+0000] {processor.py:208} INFO - Processing /home/airflow/.local/lib/python3.12/site-packages/airflow/example_dags/example_complex.py took 0.355 seconds
[2025-04-25T11:06:21.508+0000] {processor.py:186} INFO - Started process (PID=2749) to work on /home/airflow/.local/lib/python3.12/site-packages/airflow/example_dags/example_complex.py
[2025-04-25T11:06:21.752+0000] {processor.py:914} INFO - Processing file /home/airflow/.local/lib/python3.12/site-packages/airflow/example_dags/example_complex.py for tasks to queue
[2025-04-25T11:06:21.801+0000] {logging_mixin.py:190} INFO - [2025-04-25T11:06:21.768+0000] {dagbag.py:588} INFO - Filling up the DagBag from /home/airflow/.local/lib/python3.12/site-packages/airflow/example_dags/example_complex.py
[2025-04-25T11:06:22.444+0000] {processor.py:925} INFO - DAG(s) 'example_complex' retrieved from /home/airflow/.local/lib/python3.12/site-packages/airflow/example_dags/example_complex.py
[2025-04-25T11:06:25.449+0000] {logging_mixin.py:190} INFO - [2025-04-25T11:06:25.410+0000] {dag.py:3239} INFO - Sync 1 DAGs
[2025-04-25T11:06:27.589+0000] {logging_mixin.py:190} INFO - [2025-04-25T11:06:27.544+0000] {dag.py:4180} INFO - Setting next_dagrun for example_complex to None, run_after=None
[2025-04-25T11:06:29.440+0000] {processor.py:208} INFO - Processing /home/airflow/.local/lib/python3.12/site-packages/airflow/example_dags/example_complex.py took 8.370 seconds
[2025-04-25T11:13:26.084+0000] {processor.py:186} INFO - Started process (PID=2851) to work on /home/airflow/.local/lib/python3.12/site-packages/airflow/example_dags/example_complex.py
[2025-04-25T11:13:26.111+0000] {processor.py:914} INFO - Processing file /home/airflow/.local/lib/python3.12/site-packages/airflow/example_dags/example_complex.py for tasks to queue
[2025-04-25T11:13:26.151+0000] {logging_mixin.py:190} INFO - [2025-04-25T11:13:26.137+0000] {dagbag.py:588} INFO - Filling up the DagBag from /home/airflow/.local/lib/python3.12/site-packages/airflow/example_dags/example_complex.py
[2025-04-25T11:13:26.435+0000] {processor.py:925} INFO - DAG(s) 'example_complex' retrieved from /home/airflow/.local/lib/python3.12/site-packages/airflow/example_dags/example_complex.py
[2025-04-25T11:13:27.626+0000] {logging_mixin.py:190} INFO - [2025-04-25T11:13:27.594+0000] {dag.py:3239} INFO - Sync 1 DAGs
[2025-04-25T11:13:27.758+0000] {logging_mixin.py:190} INFO - [2025-04-25T11:13:27.755+0000] {dag.py:4180} INFO - Setting next_dagrun for example_complex to None, run_after=None
[2025-04-25T11:13:28.435+0000] {processor.py:208} INFO - Processing /home/airflow/.local/lib/python3.12/site-packages/airflow/example_dags/example_complex.py took 2.650 seconds
[2025-04-25T11:17:47.936+0000] {processor.py:186} INFO - Started process (PID=2929) to work on /home/airflow/.local/lib/python3.12/site-packages/airflow/example_dags/example_complex.py
[2025-04-25T11:17:47.976+0000] {processor.py:914} INFO - Processing file /home/airflow/.local/lib/python3.12/site-packages/airflow/example_dags/example_complex.py for tasks to queue
[2025-04-25T11:17:48.006+0000] {logging_mixin.py:190} INFO - [2025-04-25T11:17:47.983+0000] {dagbag.py:588} INFO - Filling up the DagBag from /home/airflow/.local/lib/python3.12/site-packages/airflow/example_dags/example_complex.py
[2025-04-25T11:17:48.497+0000] {processor.py:925} INFO - DAG(s) 'example_complex' retrieved from /home/airflow/.local/lib/python3.12/site-packages/airflow/example_dags/example_complex.py
[2025-04-25T11:17:50.546+0000] {logging_mixin.py:190} INFO - [2025-04-25T11:17:50.524+0000] {dag.py:3239} INFO - Sync 1 DAGs
[2025-04-25T11:17:50.830+0000] {logging_mixin.py:190} INFO - [2025-04-25T11:17:50.829+0000] {dag.py:4180} INFO - Setting next_dagrun for example_complex to None, run_after=None
[2025-04-25T11:17:51.209+0000] {processor.py:208} INFO - Processing /home/airflow/.local/lib/python3.12/site-packages/airflow/example_dags/example_complex.py took 3.872 seconds
[2025-04-25T11:20:50.059+0000] {processor.py:186} INFO - Started process (PID=3019) to work on /home/airflow/.local/lib/python3.12/site-packages/airflow/example_dags/example_complex.py
[2025-04-25T11:20:50.132+0000] {processor.py:914} INFO - Processing file /home/airflow/.local/lib/python3.12/site-packages/airflow/example_dags/example_complex.py for tasks to queue
[2025-04-25T11:20:50.171+0000] {logging_mixin.py:190} INFO - [2025-04-25T11:20:50.150+0000] {dagbag.py:588} INFO - Filling up the DagBag from /home/airflow/.local/lib/python3.12/site-packages/airflow/example_dags/example_complex.py
[2025-04-25T11:20:50.354+0000] {processor.py:925} INFO - DAG(s) 'example_complex' retrieved from /home/airflow/.local/lib/python3.12/site-packages/airflow/example_dags/example_complex.py
[2025-04-25T11:20:50.773+0000] {logging_mixin.py:190} INFO - [2025-04-25T11:20:50.768+0000] {dag.py:3239} INFO - Sync 1 DAGs
[2025-04-25T11:20:50.883+0000] {logging_mixin.py:190} INFO - [2025-04-25T11:20:50.883+0000] {dag.py:4180} INFO - Setting next_dagrun for example_complex to None, run_after=None
[2025-04-25T11:20:51.053+0000] {processor.py:208} INFO - Processing /home/airflow/.local/lib/python3.12/site-packages/airflow/example_dags/example_complex.py took 1.033 seconds
[2025-04-25T11:21:21.712+0000] {processor.py:186} INFO - Started process (PID=3082) to work on /home/airflow/.local/lib/python3.12/site-packages/airflow/example_dags/example_complex.py
[2025-04-25T11:21:21.731+0000] {processor.py:914} INFO - Processing file /home/airflow/.local/lib/python3.12/site-packages/airflow/example_dags/example_complex.py for tasks to queue
[2025-04-25T11:21:21.737+0000] {logging_mixin.py:190} INFO - [2025-04-25T11:21:21.736+0000] {dagbag.py:588} INFO - Filling up the DagBag from /home/airflow/.local/lib/python3.12/site-packages/airflow/example_dags/example_complex.py
[2025-04-25T11:21:21.799+0000] {processor.py:925} INFO - DAG(s) 'example_complex' retrieved from /home/airflow/.local/lib/python3.12/site-packages/airflow/example_dags/example_complex.py
[2025-04-25T11:21:21.870+0000] {logging_mixin.py:190} INFO - [2025-04-25T11:21:21.869+0000] {dag.py:3239} INFO - Sync 1 DAGs
[2025-04-25T11:21:21.901+0000] {logging_mixin.py:190} INFO - [2025-04-25T11:21:21.901+0000] {dag.py:4180} INFO - Setting next_dagrun for example_complex to None, run_after=None
[2025-04-25T11:21:21.937+0000] {processor.py:208} INFO - Processing /home/airflow/.local/lib/python3.12/site-packages/airflow/example_dags/example_complex.py took 0.263 seconds
[2025-04-25T11:21:52.149+0000] {processor.py:186} INFO - Started process (PID=3145) to work on /home/airflow/.local/lib/python3.12/site-packages/airflow/example_dags/example_complex.py
[2025-04-25T11:21:52.152+0000] {processor.py:914} INFO - Processing file /home/airflow/.local/lib/python3.12/site-packages/airflow/example_dags/example_complex.py for tasks to queue
[2025-04-25T11:21:52.154+0000] {logging_mixin.py:190} INFO - [2025-04-25T11:21:52.153+0000] {dagbag.py:588} INFO - Filling up the DagBag from /home/airflow/.local/lib/python3.12/site-packages/airflow/example_dags/example_complex.py
[2025-04-25T11:21:52.192+0000] {processor.py:925} INFO - DAG(s) 'example_complex' retrieved from /home/airflow/.local/lib/python3.12/site-packages/airflow/example_dags/example_complex.py
[2025-04-25T11:21:52.252+0000] {logging_mixin.py:190} INFO - [2025-04-25T11:21:52.252+0000] {dag.py:3239} INFO - Sync 1 DAGs
[2025-04-25T11:21:52.315+0000] {logging_mixin.py:190} INFO - [2025-04-25T11:21:52.314+0000] {dag.py:4180} INFO - Setting next_dagrun for example_complex to None, run_after=None
[2025-04-25T11:21:52.355+0000] {processor.py:208} INFO - Processing /home/airflow/.local/lib/python3.12/site-packages/airflow/example_dags/example_complex.py took 0.215 seconds
[2025-04-25T11:22:26.302+0000] {processor.py:186} INFO - Started process (PID=3207) to work on /home/airflow/.local/lib/python3.12/site-packages/airflow/example_dags/example_complex.py
[2025-04-25T11:22:26.331+0000] {processor.py:914} INFO - Processing file /home/airflow/.local/lib/python3.12/site-packages/airflow/example_dags/example_complex.py for tasks to queue
[2025-04-25T11:22:26.374+0000] {logging_mixin.py:190} INFO - [2025-04-25T11:22:26.349+0000] {dagbag.py:588} INFO - Filling up the DagBag from /home/airflow/.local/lib/python3.12/site-packages/airflow/example_dags/example_complex.py
[2025-04-25T11:22:26.715+0000] {processor.py:925} INFO - DAG(s) 'example_complex' retrieved from /home/airflow/.local/lib/python3.12/site-packages/airflow/example_dags/example_complex.py
[2025-04-25T11:22:27.219+0000] {logging_mixin.py:190} INFO - [2025-04-25T11:22:27.196+0000] {dag.py:3239} INFO - Sync 1 DAGs
[2025-04-25T11:22:39.722+0000] {logging_mixin.py:190} INFO - [2025-04-25T11:22:39.679+0000] {dag.py:4180} INFO - Setting next_dagrun for example_complex to None, run_after=None
[2025-04-25T11:22:40.416+0000] {processor.py:208} INFO - Processing /home/airflow/.local/lib/python3.12/site-packages/airflow/example_dags/example_complex.py took 14.257 seconds
[2025-04-25T11:23:22.038+0000] {processor.py:186} INFO - Started process (PID=3259) to work on /home/airflow/.local/lib/python3.12/site-packages/airflow/example_dags/example_complex.py
[2025-04-25T11:23:22.041+0000] {processor.py:914} INFO - Processing file /home/airflow/.local/lib/python3.12/site-packages/airflow/example_dags/example_complex.py for tasks to queue
[2025-04-25T11:23:22.043+0000] {logging_mixin.py:190} INFO - [2025-04-25T11:23:22.042+0000] {dagbag.py:588} INFO - Filling up the DagBag from /home/airflow/.local/lib/python3.12/site-packages/airflow/example_dags/example_complex.py
[2025-04-25T11:23:22.055+0000] {processor.py:925} INFO - DAG(s) 'example_complex' retrieved from /home/airflow/.local/lib/python3.12/site-packages/airflow/example_dags/example_complex.py
[2025-04-25T11:23:22.095+0000] {logging_mixin.py:190} INFO - [2025-04-25T11:23:22.094+0000] {dag.py:3239} INFO - Sync 1 DAGs
[2025-04-25T11:23:22.130+0000] {logging_mixin.py:190} INFO - [2025-04-25T11:23:22.129+0000] {dag.py:4180} INFO - Setting next_dagrun for example_complex to None, run_after=None
[2025-04-25T11:23:22.157+0000] {processor.py:208} INFO - Processing /home/airflow/.local/lib/python3.12/site-packages/airflow/example_dags/example_complex.py took 0.123 seconds
