[2025-04-25T10:41:10.481+0000] {processor.py:186} INFO - Started process (PID=56) to work on /home/airflow/.local/lib/python3.12/site-packages/airflow/example_dags/tutorial_dag.py
[2025-04-25T10:41:10.489+0000] {processor.py:914} INFO - Processing file /home/airflow/.local/lib/python3.12/site-packages/airflow/example_dags/tutorial_dag.py for tasks to queue
[2025-04-25T10:41:10.506+0000] {logging_mixin.py:190} INFO - [2025-04-25T10:41:10.505+0000] {dagbag.py:588} INFO - Filling up the DagBag from /home/airflow/.local/lib/python3.12/site-packages/airflow/example_dags/tutorial_dag.py
[2025-04-25T10:41:10.577+0000] {processor.py:925} INFO - DAG(s) 'tutorial_dag' retrieved from /home/airflow/.local/lib/python3.12/site-packages/airflow/example_dags/tutorial_dag.py
[2025-04-25T10:41:10.688+0000] {logging_mixin.py:190} INFO - [2025-04-25T10:41:10.687+0000] {dag.py:3239} INFO - Sync 1 DAGs
[2025-04-25T10:41:10.746+0000] {logging_mixin.py:190} INFO - [2025-04-25T10:41:10.746+0000] {dag.py:4180} INFO - Setting next_dagrun for tutorial_dag to None, run_after=None
[2025-04-25T10:41:10.779+0000] {processor.py:208} INFO - Processing /home/airflow/.local/lib/python3.12/site-packages/airflow/example_dags/tutorial_dag.py took 0.347 seconds
[2025-04-25T10:41:41.018+0000] {processor.py:186} INFO - Started process (PID=119) to work on /home/airflow/.local/lib/python3.12/site-packages/airflow/example_dags/tutorial_dag.py
[2025-04-25T10:41:41.021+0000] {processor.py:914} INFO - Processing file /home/airflow/.local/lib/python3.12/site-packages/airflow/example_dags/tutorial_dag.py for tasks to queue
[2025-04-25T10:41:41.031+0000] {logging_mixin.py:190} INFO - [2025-04-25T10:41:41.030+0000] {dagbag.py:588} INFO - Filling up the DagBag from /home/airflow/.local/lib/python3.12/site-packages/airflow/example_dags/tutorial_dag.py
[2025-04-25T10:41:41.092+0000] {processor.py:925} INFO - DAG(s) 'tutorial_dag' retrieved from /home/airflow/.local/lib/python3.12/site-packages/airflow/example_dags/tutorial_dag.py
[2025-04-25T10:41:41.127+0000] {logging_mixin.py:190} INFO - [2025-04-25T10:41:41.127+0000] {dag.py:3239} INFO - Sync 1 DAGs
[2025-04-25T10:41:41.163+0000] {logging_mixin.py:190} INFO - [2025-04-25T10:41:41.163+0000] {dag.py:4180} INFO - Setting next_dagrun for tutorial_dag to None, run_after=None
[2025-04-25T10:41:41.183+0000] {processor.py:208} INFO - Processing /home/airflow/.local/lib/python3.12/site-packages/airflow/example_dags/tutorial_dag.py took 0.179 seconds
[2025-04-25T10:42:11.369+0000] {processor.py:186} INFO - Started process (PID=182) to work on /home/airflow/.local/lib/python3.12/site-packages/airflow/example_dags/tutorial_dag.py
[2025-04-25T10:42:11.374+0000] {processor.py:914} INFO - Processing file /home/airflow/.local/lib/python3.12/site-packages/airflow/example_dags/tutorial_dag.py for tasks to queue
[2025-04-25T10:42:11.393+0000] {logging_mixin.py:190} INFO - [2025-04-25T10:42:11.392+0000] {dagbag.py:588} INFO - Filling up the DagBag from /home/airflow/.local/lib/python3.12/site-packages/airflow/example_dags/tutorial_dag.py
[2025-04-25T10:42:11.405+0000] {processor.py:925} INFO - DAG(s) 'tutorial_dag' retrieved from /home/airflow/.local/lib/python3.12/site-packages/airflow/example_dags/tutorial_dag.py
[2025-04-25T10:42:11.425+0000] {logging_mixin.py:190} INFO - [2025-04-25T10:42:11.425+0000] {dag.py:3239} INFO - Sync 1 DAGs
[2025-04-25T10:42:11.440+0000] {logging_mixin.py:190} INFO - [2025-04-25T10:42:11.440+0000] {dag.py:4180} INFO - Setting next_dagrun for tutorial_dag to None, run_after=None
[2025-04-25T10:42:11.462+0000] {processor.py:208} INFO - Processing /home/airflow/.local/lib/python3.12/site-packages/airflow/example_dags/tutorial_dag.py took 0.102 seconds
[2025-04-25T10:42:41.640+0000] {processor.py:186} INFO - Started process (PID=245) to work on /home/airflow/.local/lib/python3.12/site-packages/airflow/example_dags/tutorial_dag.py
[2025-04-25T10:42:41.643+0000] {processor.py:914} INFO - Processing file /home/airflow/.local/lib/python3.12/site-packages/airflow/example_dags/tutorial_dag.py for tasks to queue
[2025-04-25T10:42:41.649+0000] {logging_mixin.py:190} INFO - [2025-04-25T10:42:41.648+0000] {dagbag.py:588} INFO - Filling up the DagBag from /home/airflow/.local/lib/python3.12/site-packages/airflow/example_dags/tutorial_dag.py
[2025-04-25T10:42:41.675+0000] {processor.py:925} INFO - DAG(s) 'tutorial_dag' retrieved from /home/airflow/.local/lib/python3.12/site-packages/airflow/example_dags/tutorial_dag.py
[2025-04-25T10:42:41.708+0000] {logging_mixin.py:190} INFO - [2025-04-25T10:42:41.707+0000] {dag.py:3239} INFO - Sync 1 DAGs
[2025-04-25T10:42:41.736+0000] {logging_mixin.py:190} INFO - [2025-04-25T10:42:41.736+0000] {dag.py:4180} INFO - Setting next_dagrun for tutorial_dag to None, run_after=None
[2025-04-25T10:42:41.767+0000] {processor.py:208} INFO - Processing /home/airflow/.local/lib/python3.12/site-packages/airflow/example_dags/tutorial_dag.py took 0.153 seconds
[2025-04-25T10:43:12.412+0000] {processor.py:186} INFO - Started process (PID=309) to work on /home/airflow/.local/lib/python3.12/site-packages/airflow/example_dags/tutorial_dag.py
[2025-04-25T10:43:12.414+0000] {processor.py:914} INFO - Processing file /home/airflow/.local/lib/python3.12/site-packages/airflow/example_dags/tutorial_dag.py for tasks to queue
[2025-04-25T10:43:12.418+0000] {logging_mixin.py:190} INFO - [2025-04-25T10:43:12.418+0000] {dagbag.py:588} INFO - Filling up the DagBag from /home/airflow/.local/lib/python3.12/site-packages/airflow/example_dags/tutorial_dag.py
[2025-04-25T10:43:12.431+0000] {processor.py:925} INFO - DAG(s) 'tutorial_dag' retrieved from /home/airflow/.local/lib/python3.12/site-packages/airflow/example_dags/tutorial_dag.py
[2025-04-25T10:43:12.467+0000] {logging_mixin.py:190} INFO - [2025-04-25T10:43:12.466+0000] {dag.py:3239} INFO - Sync 1 DAGs
[2025-04-25T10:43:12.477+0000] {logging_mixin.py:190} INFO - [2025-04-25T10:43:12.477+0000] {dag.py:4180} INFO - Setting next_dagrun for tutorial_dag to None, run_after=None
[2025-04-25T10:43:12.487+0000] {processor.py:208} INFO - Processing /home/airflow/.local/lib/python3.12/site-packages/airflow/example_dags/tutorial_dag.py took 0.092 seconds
[2025-04-25T10:43:42.800+0000] {processor.py:186} INFO - Started process (PID=372) to work on /home/airflow/.local/lib/python3.12/site-packages/airflow/example_dags/tutorial_dag.py
[2025-04-25T10:43:42.803+0000] {processor.py:914} INFO - Processing file /home/airflow/.local/lib/python3.12/site-packages/airflow/example_dags/tutorial_dag.py for tasks to queue
[2025-04-25T10:43:42.810+0000] {logging_mixin.py:190} INFO - [2025-04-25T10:43:42.809+0000] {dagbag.py:588} INFO - Filling up the DagBag from /home/airflow/.local/lib/python3.12/site-packages/airflow/example_dags/tutorial_dag.py
[2025-04-25T10:43:42.834+0000] {processor.py:925} INFO - DAG(s) 'tutorial_dag' retrieved from /home/airflow/.local/lib/python3.12/site-packages/airflow/example_dags/tutorial_dag.py
[2025-04-25T10:43:42.869+0000] {logging_mixin.py:190} INFO - [2025-04-25T10:43:42.869+0000] {dag.py:3239} INFO - Sync 1 DAGs
[2025-04-25T10:43:42.903+0000] {logging_mixin.py:190} INFO - [2025-04-25T10:43:42.903+0000] {dag.py:4180} INFO - Setting next_dagrun for tutorial_dag to None, run_after=None
[2025-04-25T10:43:42.933+0000] {processor.py:208} INFO - Processing /home/airflow/.local/lib/python3.12/site-packages/airflow/example_dags/tutorial_dag.py took 0.155 seconds
[2025-04-25T10:44:13.664+0000] {processor.py:186} INFO - Started process (PID=435) to work on /home/airflow/.local/lib/python3.12/site-packages/airflow/example_dags/tutorial_dag.py
[2025-04-25T10:44:13.666+0000] {processor.py:914} INFO - Processing file /home/airflow/.local/lib/python3.12/site-packages/airflow/example_dags/tutorial_dag.py for tasks to queue
[2025-04-25T10:44:13.670+0000] {logging_mixin.py:190} INFO - [2025-04-25T10:44:13.670+0000] {dagbag.py:588} INFO - Filling up the DagBag from /home/airflow/.local/lib/python3.12/site-packages/airflow/example_dags/tutorial_dag.py
[2025-04-25T10:44:13.683+0000] {processor.py:925} INFO - DAG(s) 'tutorial_dag' retrieved from /home/airflow/.local/lib/python3.12/site-packages/airflow/example_dags/tutorial_dag.py
[2025-04-25T10:44:13.722+0000] {logging_mixin.py:190} INFO - [2025-04-25T10:44:13.722+0000] {dag.py:3239} INFO - Sync 1 DAGs
[2025-04-25T10:44:13.734+0000] {logging_mixin.py:190} INFO - [2025-04-25T10:44:13.734+0000] {dag.py:4180} INFO - Setting next_dagrun for tutorial_dag to None, run_after=None
[2025-04-25T10:44:13.745+0000] {processor.py:208} INFO - Processing /home/airflow/.local/lib/python3.12/site-packages/airflow/example_dags/tutorial_dag.py took 0.100 seconds
[2025-04-25T10:44:43.962+0000] {processor.py:186} INFO - Started process (PID=498) to work on /home/airflow/.local/lib/python3.12/site-packages/airflow/example_dags/tutorial_dag.py
[2025-04-25T10:44:43.967+0000] {processor.py:914} INFO - Processing file /home/airflow/.local/lib/python3.12/site-packages/airflow/example_dags/tutorial_dag.py for tasks to queue
[2025-04-25T10:44:43.985+0000] {logging_mixin.py:190} INFO - [2025-04-25T10:44:43.984+0000] {dagbag.py:588} INFO - Filling up the DagBag from /home/airflow/.local/lib/python3.12/site-packages/airflow/example_dags/tutorial_dag.py
[2025-04-25T10:44:44.032+0000] {processor.py:925} INFO - DAG(s) 'tutorial_dag' retrieved from /home/airflow/.local/lib/python3.12/site-packages/airflow/example_dags/tutorial_dag.py
[2025-04-25T10:44:44.142+0000] {logging_mixin.py:190} INFO - [2025-04-25T10:44:44.141+0000] {dag.py:3239} INFO - Sync 1 DAGs
[2025-04-25T10:44:44.179+0000] {logging_mixin.py:190} INFO - [2025-04-25T10:44:44.178+0000] {dag.py:4180} INFO - Setting next_dagrun for tutorial_dag to None, run_after=None
[2025-04-25T10:44:44.223+0000] {processor.py:208} INFO - Processing /home/airflow/.local/lib/python3.12/site-packages/airflow/example_dags/tutorial_dag.py took 0.312 seconds
[2025-04-25T10:45:14.429+0000] {processor.py:186} INFO - Started process (PID=561) to work on /home/airflow/.local/lib/python3.12/site-packages/airflow/example_dags/tutorial_dag.py
[2025-04-25T10:45:14.431+0000] {processor.py:914} INFO - Processing file /home/airflow/.local/lib/python3.12/site-packages/airflow/example_dags/tutorial_dag.py for tasks to queue
[2025-04-25T10:45:14.440+0000] {logging_mixin.py:190} INFO - [2025-04-25T10:45:14.439+0000] {dagbag.py:588} INFO - Filling up the DagBag from /home/airflow/.local/lib/python3.12/site-packages/airflow/example_dags/tutorial_dag.py
[2025-04-25T10:45:14.458+0000] {processor.py:925} INFO - DAG(s) 'tutorial_dag' retrieved from /home/airflow/.local/lib/python3.12/site-packages/airflow/example_dags/tutorial_dag.py
[2025-04-25T10:45:14.502+0000] {logging_mixin.py:190} INFO - [2025-04-25T10:45:14.502+0000] {dag.py:3239} INFO - Sync 1 DAGs
[2025-04-25T10:45:14.517+0000] {logging_mixin.py:190} INFO - [2025-04-25T10:45:14.517+0000] {dag.py:4180} INFO - Setting next_dagrun for tutorial_dag to None, run_after=None
[2025-04-25T10:45:14.537+0000] {processor.py:208} INFO - Processing /home/airflow/.local/lib/python3.12/site-packages/airflow/example_dags/tutorial_dag.py took 0.127 seconds
[2025-04-25T10:45:44.889+0000] {processor.py:186} INFO - Started process (PID=623) to work on /home/airflow/.local/lib/python3.12/site-packages/airflow/example_dags/tutorial_dag.py
[2025-04-25T10:45:44.895+0000] {processor.py:914} INFO - Processing file /home/airflow/.local/lib/python3.12/site-packages/airflow/example_dags/tutorial_dag.py for tasks to queue
[2025-04-25T10:45:44.906+0000] {logging_mixin.py:190} INFO - [2025-04-25T10:45:44.905+0000] {dagbag.py:588} INFO - Filling up the DagBag from /home/airflow/.local/lib/python3.12/site-packages/airflow/example_dags/tutorial_dag.py
[2025-04-25T10:45:44.924+0000] {processor.py:925} INFO - DAG(s) 'tutorial_dag' retrieved from /home/airflow/.local/lib/python3.12/site-packages/airflow/example_dags/tutorial_dag.py
[2025-04-25T10:45:44.971+0000] {logging_mixin.py:190} INFO - [2025-04-25T10:45:44.971+0000] {dag.py:3239} INFO - Sync 1 DAGs
[2025-04-25T10:45:44.993+0000] {logging_mixin.py:190} INFO - [2025-04-25T10:45:44.993+0000] {dag.py:4180} INFO - Setting next_dagrun for tutorial_dag to None, run_after=None
[2025-04-25T10:45:45.015+0000] {processor.py:208} INFO - Processing /home/airflow/.local/lib/python3.12/site-packages/airflow/example_dags/tutorial_dag.py took 0.152 seconds
[2025-04-25T10:46:15.672+0000] {processor.py:186} INFO - Started process (PID=686) to work on /home/airflow/.local/lib/python3.12/site-packages/airflow/example_dags/tutorial_dag.py
[2025-04-25T10:46:15.674+0000] {processor.py:914} INFO - Processing file /home/airflow/.local/lib/python3.12/site-packages/airflow/example_dags/tutorial_dag.py for tasks to queue
[2025-04-25T10:46:15.680+0000] {logging_mixin.py:190} INFO - [2025-04-25T10:46:15.679+0000] {dagbag.py:588} INFO - Filling up the DagBag from /home/airflow/.local/lib/python3.12/site-packages/airflow/example_dags/tutorial_dag.py
[2025-04-25T10:46:15.712+0000] {processor.py:925} INFO - DAG(s) 'tutorial_dag' retrieved from /home/airflow/.local/lib/python3.12/site-packages/airflow/example_dags/tutorial_dag.py
[2025-04-25T10:46:15.752+0000] {logging_mixin.py:190} INFO - [2025-04-25T10:46:15.752+0000] {dag.py:3239} INFO - Sync 1 DAGs
[2025-04-25T10:46:15.765+0000] {logging_mixin.py:190} INFO - [2025-04-25T10:46:15.765+0000] {dag.py:4180} INFO - Setting next_dagrun for tutorial_dag to None, run_after=None
[2025-04-25T10:46:15.780+0000] {processor.py:208} INFO - Processing /home/airflow/.local/lib/python3.12/site-packages/airflow/example_dags/tutorial_dag.py took 0.130 seconds
[2025-04-25T10:46:46.460+0000] {processor.py:186} INFO - Started process (PID=749) to work on /home/airflow/.local/lib/python3.12/site-packages/airflow/example_dags/tutorial_dag.py
[2025-04-25T10:46:46.464+0000] {processor.py:914} INFO - Processing file /home/airflow/.local/lib/python3.12/site-packages/airflow/example_dags/tutorial_dag.py for tasks to queue
[2025-04-25T10:46:46.472+0000] {logging_mixin.py:190} INFO - [2025-04-25T10:46:46.471+0000] {dagbag.py:588} INFO - Filling up the DagBag from /home/airflow/.local/lib/python3.12/site-packages/airflow/example_dags/tutorial_dag.py
[2025-04-25T10:46:46.492+0000] {processor.py:925} INFO - DAG(s) 'tutorial_dag' retrieved from /home/airflow/.local/lib/python3.12/site-packages/airflow/example_dags/tutorial_dag.py
[2025-04-25T10:46:46.526+0000] {logging_mixin.py:190} INFO - [2025-04-25T10:46:46.526+0000] {dag.py:3239} INFO - Sync 1 DAGs
[2025-04-25T10:46:46.587+0000] {logging_mixin.py:190} INFO - [2025-04-25T10:46:46.586+0000] {dag.py:4180} INFO - Setting next_dagrun for tutorial_dag to None, run_after=None
[2025-04-25T10:46:46.610+0000] {processor.py:208} INFO - Processing /home/airflow/.local/lib/python3.12/site-packages/airflow/example_dags/tutorial_dag.py took 0.160 seconds
[2025-04-25T10:47:17.350+0000] {processor.py:186} INFO - Started process (PID=817) to work on /home/airflow/.local/lib/python3.12/site-packages/airflow/example_dags/tutorial_dag.py
[2025-04-25T10:47:17.358+0000] {processor.py:914} INFO - Processing file /home/airflow/.local/lib/python3.12/site-packages/airflow/example_dags/tutorial_dag.py for tasks to queue
[2025-04-25T10:47:17.367+0000] {logging_mixin.py:190} INFO - [2025-04-25T10:47:17.365+0000] {dagbag.py:588} INFO - Filling up the DagBag from /home/airflow/.local/lib/python3.12/site-packages/airflow/example_dags/tutorial_dag.py
[2025-04-25T10:47:17.383+0000] {processor.py:925} INFO - DAG(s) 'tutorial_dag' retrieved from /home/airflow/.local/lib/python3.12/site-packages/airflow/example_dags/tutorial_dag.py
[2025-04-25T10:47:17.415+0000] {logging_mixin.py:190} INFO - [2025-04-25T10:47:17.414+0000] {dag.py:3239} INFO - Sync 1 DAGs
[2025-04-25T10:47:17.432+0000] {logging_mixin.py:190} INFO - [2025-04-25T10:47:17.432+0000] {dag.py:4180} INFO - Setting next_dagrun for tutorial_dag to None, run_after=None
[2025-04-25T10:47:17.445+0000] {processor.py:208} INFO - Processing /home/airflow/.local/lib/python3.12/site-packages/airflow/example_dags/tutorial_dag.py took 0.113 seconds
[2025-04-25T10:47:47.704+0000] {processor.py:186} INFO - Started process (PID=880) to work on /home/airflow/.local/lib/python3.12/site-packages/airflow/example_dags/tutorial_dag.py
[2025-04-25T10:47:47.708+0000] {processor.py:914} INFO - Processing file /home/airflow/.local/lib/python3.12/site-packages/airflow/example_dags/tutorial_dag.py for tasks to queue
[2025-04-25T10:47:47.717+0000] {logging_mixin.py:190} INFO - [2025-04-25T10:47:47.716+0000] {dagbag.py:588} INFO - Filling up the DagBag from /home/airflow/.local/lib/python3.12/site-packages/airflow/example_dags/tutorial_dag.py
[2025-04-25T10:47:47.732+0000] {processor.py:925} INFO - DAG(s) 'tutorial_dag' retrieved from /home/airflow/.local/lib/python3.12/site-packages/airflow/example_dags/tutorial_dag.py
[2025-04-25T10:47:47.764+0000] {logging_mixin.py:190} INFO - [2025-04-25T10:47:47.764+0000] {dag.py:3239} INFO - Sync 1 DAGs
[2025-04-25T10:47:47.777+0000] {logging_mixin.py:190} INFO - [2025-04-25T10:47:47.776+0000] {dag.py:4180} INFO - Setting next_dagrun for tutorial_dag to None, run_after=None
[2025-04-25T10:47:47.790+0000] {processor.py:208} INFO - Processing /home/airflow/.local/lib/python3.12/site-packages/airflow/example_dags/tutorial_dag.py took 0.111 seconds
[2025-04-25T10:48:18.345+0000] {processor.py:186} INFO - Started process (PID=943) to work on /home/airflow/.local/lib/python3.12/site-packages/airflow/example_dags/tutorial_dag.py
[2025-04-25T10:48:18.347+0000] {processor.py:914} INFO - Processing file /home/airflow/.local/lib/python3.12/site-packages/airflow/example_dags/tutorial_dag.py for tasks to queue
[2025-04-25T10:48:18.351+0000] {logging_mixin.py:190} INFO - [2025-04-25T10:48:18.350+0000] {dagbag.py:588} INFO - Filling up the DagBag from /home/airflow/.local/lib/python3.12/site-packages/airflow/example_dags/tutorial_dag.py
[2025-04-25T10:48:18.383+0000] {processor.py:925} INFO - DAG(s) 'tutorial_dag' retrieved from /home/airflow/.local/lib/python3.12/site-packages/airflow/example_dags/tutorial_dag.py
[2025-04-25T10:48:18.407+0000] {logging_mixin.py:190} INFO - [2025-04-25T10:48:18.406+0000] {dag.py:3239} INFO - Sync 1 DAGs
[2025-04-25T10:48:18.438+0000] {logging_mixin.py:190} INFO - [2025-04-25T10:48:18.437+0000] {dag.py:4180} INFO - Setting next_dagrun for tutorial_dag to None, run_after=None
[2025-04-25T10:48:18.457+0000] {processor.py:208} INFO - Processing /home/airflow/.local/lib/python3.12/site-packages/airflow/example_dags/tutorial_dag.py took 0.119 seconds
[2025-04-25T10:48:48.919+0000] {processor.py:186} INFO - Started process (PID=1006) to work on /home/airflow/.local/lib/python3.12/site-packages/airflow/example_dags/tutorial_dag.py
[2025-04-25T10:48:48.922+0000] {processor.py:914} INFO - Processing file /home/airflow/.local/lib/python3.12/site-packages/airflow/example_dags/tutorial_dag.py for tasks to queue
[2025-04-25T10:48:48.928+0000] {logging_mixin.py:190} INFO - [2025-04-25T10:48:48.927+0000] {dagbag.py:588} INFO - Filling up the DagBag from /home/airflow/.local/lib/python3.12/site-packages/airflow/example_dags/tutorial_dag.py
[2025-04-25T10:48:49.005+0000] {processor.py:925} INFO - DAG(s) 'tutorial_dag' retrieved from /home/airflow/.local/lib/python3.12/site-packages/airflow/example_dags/tutorial_dag.py
[2025-04-25T10:48:49.079+0000] {logging_mixin.py:190} INFO - [2025-04-25T10:48:49.079+0000] {dag.py:3239} INFO - Sync 1 DAGs
[2025-04-25T10:48:49.101+0000] {logging_mixin.py:190} INFO - [2025-04-25T10:48:49.101+0000] {dag.py:4180} INFO - Setting next_dagrun for tutorial_dag to None, run_after=None
[2025-04-25T10:48:49.118+0000] {processor.py:208} INFO - Processing /home/airflow/.local/lib/python3.12/site-packages/airflow/example_dags/tutorial_dag.py took 0.222 seconds
[2025-04-25T10:49:19.900+0000] {processor.py:186} INFO - Started process (PID=1069) to work on /home/airflow/.local/lib/python3.12/site-packages/airflow/example_dags/tutorial_dag.py
[2025-04-25T10:49:19.903+0000] {processor.py:914} INFO - Processing file /home/airflow/.local/lib/python3.12/site-packages/airflow/example_dags/tutorial_dag.py for tasks to queue
[2025-04-25T10:49:19.907+0000] {logging_mixin.py:190} INFO - [2025-04-25T10:49:19.907+0000] {dagbag.py:588} INFO - Filling up the DagBag from /home/airflow/.local/lib/python3.12/site-packages/airflow/example_dags/tutorial_dag.py
[2025-04-25T10:49:19.925+0000] {processor.py:925} INFO - DAG(s) 'tutorial_dag' retrieved from /home/airflow/.local/lib/python3.12/site-packages/airflow/example_dags/tutorial_dag.py
[2025-04-25T10:49:19.949+0000] {logging_mixin.py:190} INFO - [2025-04-25T10:49:19.948+0000] {dag.py:3239} INFO - Sync 1 DAGs
[2025-04-25T10:49:19.976+0000] {logging_mixin.py:190} INFO - [2025-04-25T10:49:19.976+0000] {dag.py:4180} INFO - Setting next_dagrun for tutorial_dag to None, run_after=None
[2025-04-25T10:49:19.989+0000] {processor.py:208} INFO - Processing /home/airflow/.local/lib/python3.12/site-packages/airflow/example_dags/tutorial_dag.py took 0.109 seconds
[2025-04-25T10:49:50.116+0000] {processor.py:186} INFO - Started process (PID=1132) to work on /home/airflow/.local/lib/python3.12/site-packages/airflow/example_dags/tutorial_dag.py
[2025-04-25T10:49:50.118+0000] {processor.py:914} INFO - Processing file /home/airflow/.local/lib/python3.12/site-packages/airflow/example_dags/tutorial_dag.py for tasks to queue
[2025-04-25T10:49:50.126+0000] {logging_mixin.py:190} INFO - [2025-04-25T10:49:50.125+0000] {dagbag.py:588} INFO - Filling up the DagBag from /home/airflow/.local/lib/python3.12/site-packages/airflow/example_dags/tutorial_dag.py
[2025-04-25T10:49:50.141+0000] {processor.py:925} INFO - DAG(s) 'tutorial_dag' retrieved from /home/airflow/.local/lib/python3.12/site-packages/airflow/example_dags/tutorial_dag.py
[2025-04-25T10:49:50.176+0000] {logging_mixin.py:190} INFO - [2025-04-25T10:49:50.176+0000] {dag.py:3239} INFO - Sync 1 DAGs
[2025-04-25T10:49:50.197+0000] {logging_mixin.py:190} INFO - [2025-04-25T10:49:50.197+0000] {dag.py:4180} INFO - Setting next_dagrun for tutorial_dag to None, run_after=None
[2025-04-25T10:49:50.216+0000] {processor.py:208} INFO - Processing /home/airflow/.local/lib/python3.12/site-packages/airflow/example_dags/tutorial_dag.py took 0.109 seconds
[2025-04-25T10:50:23.690+0000] {processor.py:186} INFO - Started process (PID=1163) to work on /home/airflow/.local/lib/python3.12/site-packages/airflow/example_dags/tutorial_dag.py
[2025-04-25T10:50:23.717+0000] {processor.py:914} INFO - Processing file /home/airflow/.local/lib/python3.12/site-packages/airflow/example_dags/tutorial_dag.py for tasks to queue
[2025-04-25T10:50:23.723+0000] {logging_mixin.py:190} INFO - [2025-04-25T10:50:23.723+0000] {dagbag.py:588} INFO - Filling up the DagBag from /home/airflow/.local/lib/python3.12/site-packages/airflow/example_dags/tutorial_dag.py
[2025-04-25T10:50:23.749+0000] {processor.py:925} INFO - DAG(s) 'tutorial_dag' retrieved from /home/airflow/.local/lib/python3.12/site-packages/airflow/example_dags/tutorial_dag.py
[2025-04-25T10:50:23.792+0000] {logging_mixin.py:190} INFO - [2025-04-25T10:50:23.791+0000] {dag.py:3239} INFO - Sync 1 DAGs
[2025-04-25T10:50:23.826+0000] {logging_mixin.py:190} INFO - [2025-04-25T10:50:23.826+0000] {dag.py:4180} INFO - Setting next_dagrun for tutorial_dag to None, run_after=None
[2025-04-25T10:50:23.837+0000] {processor.py:208} INFO - Processing /home/airflow/.local/lib/python3.12/site-packages/airflow/example_dags/tutorial_dag.py took 0.184 seconds
[2025-04-25T10:50:56.516+0000] {processor.py:186} INFO - Started process (PID=1224) to work on /home/airflow/.local/lib/python3.12/site-packages/airflow/example_dags/tutorial_dag.py
[2025-04-25T10:50:56.520+0000] {processor.py:914} INFO - Processing file /home/airflow/.local/lib/python3.12/site-packages/airflow/example_dags/tutorial_dag.py for tasks to queue
[2025-04-25T10:50:56.544+0000] {logging_mixin.py:190} INFO - [2025-04-25T10:50:56.544+0000] {dagbag.py:588} INFO - Filling up the DagBag from /home/airflow/.local/lib/python3.12/site-packages/airflow/example_dags/tutorial_dag.py
[2025-04-25T10:50:56.585+0000] {processor.py:925} INFO - DAG(s) 'tutorial_dag' retrieved from /home/airflow/.local/lib/python3.12/site-packages/airflow/example_dags/tutorial_dag.py
[2025-04-25T10:50:56.617+0000] {logging_mixin.py:190} INFO - [2025-04-25T10:50:56.617+0000] {dag.py:3239} INFO - Sync 1 DAGs
[2025-04-25T10:50:56.631+0000] {logging_mixin.py:190} INFO - [2025-04-25T10:50:56.631+0000] {dag.py:4180} INFO - Setting next_dagrun for tutorial_dag to None, run_after=None
[2025-04-25T10:50:56.644+0000] {processor.py:208} INFO - Processing /home/airflow/.local/lib/python3.12/site-packages/airflow/example_dags/tutorial_dag.py took 0.141 seconds
[2025-04-25T10:51:30.903+0000] {processor.py:186} INFO - Started process (PID=1287) to work on /home/airflow/.local/lib/python3.12/site-packages/airflow/example_dags/tutorial_dag.py
[2025-04-25T10:51:30.905+0000] {processor.py:914} INFO - Processing file /home/airflow/.local/lib/python3.12/site-packages/airflow/example_dags/tutorial_dag.py for tasks to queue
[2025-04-25T10:51:30.910+0000] {logging_mixin.py:190} INFO - [2025-04-25T10:51:30.909+0000] {dagbag.py:588} INFO - Filling up the DagBag from /home/airflow/.local/lib/python3.12/site-packages/airflow/example_dags/tutorial_dag.py
[2025-04-25T10:51:30.941+0000] {processor.py:925} INFO - DAG(s) 'tutorial_dag' retrieved from /home/airflow/.local/lib/python3.12/site-packages/airflow/example_dags/tutorial_dag.py
[2025-04-25T10:51:30.972+0000] {logging_mixin.py:190} INFO - [2025-04-25T10:51:30.972+0000] {dag.py:3239} INFO - Sync 1 DAGs
[2025-04-25T10:51:31.000+0000] {logging_mixin.py:190} INFO - [2025-04-25T10:51:31.000+0000] {dag.py:4180} INFO - Setting next_dagrun for tutorial_dag to None, run_after=None
[2025-04-25T10:51:31.016+0000] {processor.py:208} INFO - Processing /home/airflow/.local/lib/python3.12/site-packages/airflow/example_dags/tutorial_dag.py took 0.124 seconds
[2025-04-25T10:52:01.503+0000] {processor.py:186} INFO - Started process (PID=1348) to work on /home/airflow/.local/lib/python3.12/site-packages/airflow/example_dags/tutorial_dag.py
[2025-04-25T10:52:01.508+0000] {processor.py:914} INFO - Processing file /home/airflow/.local/lib/python3.12/site-packages/airflow/example_dags/tutorial_dag.py for tasks to queue
[2025-04-25T10:52:01.522+0000] {logging_mixin.py:190} INFO - [2025-04-25T10:52:01.522+0000] {dagbag.py:588} INFO - Filling up the DagBag from /home/airflow/.local/lib/python3.12/site-packages/airflow/example_dags/tutorial_dag.py
[2025-04-25T10:52:01.571+0000] {processor.py:925} INFO - DAG(s) 'tutorial_dag' retrieved from /home/airflow/.local/lib/python3.12/site-packages/airflow/example_dags/tutorial_dag.py
[2025-04-25T10:52:01.623+0000] {logging_mixin.py:190} INFO - [2025-04-25T10:52:01.623+0000] {dag.py:3239} INFO - Sync 1 DAGs
[2025-04-25T10:52:01.644+0000] {logging_mixin.py:190} INFO - [2025-04-25T10:52:01.644+0000] {dag.py:4180} INFO - Setting next_dagrun for tutorial_dag to None, run_after=None
[2025-04-25T10:52:01.661+0000] {processor.py:208} INFO - Processing /home/airflow/.local/lib/python3.12/site-packages/airflow/example_dags/tutorial_dag.py took 0.177 seconds
[2025-04-25T10:52:31.786+0000] {processor.py:186} INFO - Started process (PID=1411) to work on /home/airflow/.local/lib/python3.12/site-packages/airflow/example_dags/tutorial_dag.py
[2025-04-25T10:52:31.789+0000] {processor.py:914} INFO - Processing file /home/airflow/.local/lib/python3.12/site-packages/airflow/example_dags/tutorial_dag.py for tasks to queue
[2025-04-25T10:52:31.793+0000] {logging_mixin.py:190} INFO - [2025-04-25T10:52:31.792+0000] {dagbag.py:588} INFO - Filling up the DagBag from /home/airflow/.local/lib/python3.12/site-packages/airflow/example_dags/tutorial_dag.py
[2025-04-25T10:52:31.809+0000] {processor.py:925} INFO - DAG(s) 'tutorial_dag' retrieved from /home/airflow/.local/lib/python3.12/site-packages/airflow/example_dags/tutorial_dag.py
[2025-04-25T10:52:31.840+0000] {logging_mixin.py:190} INFO - [2025-04-25T10:52:31.840+0000] {dag.py:3239} INFO - Sync 1 DAGs
[2025-04-25T10:52:31.861+0000] {logging_mixin.py:190} INFO - [2025-04-25T10:52:31.861+0000] {dag.py:4180} INFO - Setting next_dagrun for tutorial_dag to None, run_after=None
[2025-04-25T10:52:31.877+0000] {processor.py:208} INFO - Processing /home/airflow/.local/lib/python3.12/site-packages/airflow/example_dags/tutorial_dag.py took 0.104 seconds
[2025-04-25T10:53:02.463+0000] {processor.py:186} INFO - Started process (PID=1474) to work on /home/airflow/.local/lib/python3.12/site-packages/airflow/example_dags/tutorial_dag.py
[2025-04-25T10:53:02.471+0000] {processor.py:914} INFO - Processing file /home/airflow/.local/lib/python3.12/site-packages/airflow/example_dags/tutorial_dag.py for tasks to queue
[2025-04-25T10:53:02.481+0000] {logging_mixin.py:190} INFO - [2025-04-25T10:53:02.479+0000] {dagbag.py:588} INFO - Filling up the DagBag from /home/airflow/.local/lib/python3.12/site-packages/airflow/example_dags/tutorial_dag.py
[2025-04-25T10:53:02.499+0000] {processor.py:925} INFO - DAG(s) 'tutorial_dag' retrieved from /home/airflow/.local/lib/python3.12/site-packages/airflow/example_dags/tutorial_dag.py
[2025-04-25T10:53:02.546+0000] {logging_mixin.py:190} INFO - [2025-04-25T10:53:02.546+0000] {dag.py:3239} INFO - Sync 1 DAGs
[2025-04-25T10:53:02.563+0000] {logging_mixin.py:190} INFO - [2025-04-25T10:53:02.563+0000] {dag.py:4180} INFO - Setting next_dagrun for tutorial_dag to None, run_after=None
[2025-04-25T10:53:02.584+0000] {processor.py:208} INFO - Processing /home/airflow/.local/lib/python3.12/site-packages/airflow/example_dags/tutorial_dag.py took 0.136 seconds
[2025-04-25T10:53:32.962+0000] {processor.py:186} INFO - Started process (PID=1537) to work on /home/airflow/.local/lib/python3.12/site-packages/airflow/example_dags/tutorial_dag.py
[2025-04-25T10:53:32.965+0000] {processor.py:914} INFO - Processing file /home/airflow/.local/lib/python3.12/site-packages/airflow/example_dags/tutorial_dag.py for tasks to queue
[2025-04-25T10:53:32.970+0000] {logging_mixin.py:190} INFO - [2025-04-25T10:53:32.970+0000] {dagbag.py:588} INFO - Filling up the DagBag from /home/airflow/.local/lib/python3.12/site-packages/airflow/example_dags/tutorial_dag.py
[2025-04-25T10:53:32.984+0000] {processor.py:925} INFO - DAG(s) 'tutorial_dag' retrieved from /home/airflow/.local/lib/python3.12/site-packages/airflow/example_dags/tutorial_dag.py
[2025-04-25T10:53:33.021+0000] {logging_mixin.py:190} INFO - [2025-04-25T10:53:33.021+0000] {dag.py:3239} INFO - Sync 1 DAGs
[2025-04-25T10:53:33.043+0000] {logging_mixin.py:190} INFO - [2025-04-25T10:53:33.043+0000] {dag.py:4180} INFO - Setting next_dagrun for tutorial_dag to None, run_after=None
[2025-04-25T10:53:33.062+0000] {processor.py:208} INFO - Processing /home/airflow/.local/lib/python3.12/site-packages/airflow/example_dags/tutorial_dag.py took 0.117 seconds
[2025-04-25T10:54:03.418+0000] {processor.py:186} INFO - Started process (PID=1600) to work on /home/airflow/.local/lib/python3.12/site-packages/airflow/example_dags/tutorial_dag.py
[2025-04-25T10:54:03.422+0000] {processor.py:914} INFO - Processing file /home/airflow/.local/lib/python3.12/site-packages/airflow/example_dags/tutorial_dag.py for tasks to queue
[2025-04-25T10:54:03.426+0000] {logging_mixin.py:190} INFO - [2025-04-25T10:54:03.425+0000] {dagbag.py:588} INFO - Filling up the DagBag from /home/airflow/.local/lib/python3.12/site-packages/airflow/example_dags/tutorial_dag.py
[2025-04-25T10:54:03.460+0000] {processor.py:925} INFO - DAG(s) 'tutorial_dag' retrieved from /home/airflow/.local/lib/python3.12/site-packages/airflow/example_dags/tutorial_dag.py
[2025-04-25T10:54:03.516+0000] {logging_mixin.py:190} INFO - [2025-04-25T10:54:03.516+0000] {dag.py:3239} INFO - Sync 1 DAGs
[2025-04-25T10:54:03.529+0000] {logging_mixin.py:190} INFO - [2025-04-25T10:54:03.529+0000] {dag.py:4180} INFO - Setting next_dagrun for tutorial_dag to None, run_after=None
[2025-04-25T10:54:03.547+0000] {processor.py:208} INFO - Processing /home/airflow/.local/lib/python3.12/site-packages/airflow/example_dags/tutorial_dag.py took 0.140 seconds
[2025-04-25T10:54:33.706+0000] {processor.py:186} INFO - Started process (PID=1663) to work on /home/airflow/.local/lib/python3.12/site-packages/airflow/example_dags/tutorial_dag.py
[2025-04-25T10:54:33.712+0000] {processor.py:914} INFO - Processing file /home/airflow/.local/lib/python3.12/site-packages/airflow/example_dags/tutorial_dag.py for tasks to queue
[2025-04-25T10:54:33.719+0000] {logging_mixin.py:190} INFO - [2025-04-25T10:54:33.718+0000] {dagbag.py:588} INFO - Filling up the DagBag from /home/airflow/.local/lib/python3.12/site-packages/airflow/example_dags/tutorial_dag.py
[2025-04-25T10:54:33.754+0000] {processor.py:925} INFO - DAG(s) 'tutorial_dag' retrieved from /home/airflow/.local/lib/python3.12/site-packages/airflow/example_dags/tutorial_dag.py
[2025-04-25T10:54:33.803+0000] {logging_mixin.py:190} INFO - [2025-04-25T10:54:33.803+0000] {dag.py:3239} INFO - Sync 1 DAGs
[2025-04-25T10:54:33.819+0000] {logging_mixin.py:190} INFO - [2025-04-25T10:54:33.819+0000] {dag.py:4180} INFO - Setting next_dagrun for tutorial_dag to None, run_after=None
[2025-04-25T10:54:33.845+0000] {processor.py:208} INFO - Processing /home/airflow/.local/lib/python3.12/site-packages/airflow/example_dags/tutorial_dag.py took 0.173 seconds
[2025-04-25T10:55:04.628+0000] {processor.py:186} INFO - Started process (PID=1726) to work on /home/airflow/.local/lib/python3.12/site-packages/airflow/example_dags/tutorial_dag.py
[2025-04-25T10:55:04.630+0000] {processor.py:914} INFO - Processing file /home/airflow/.local/lib/python3.12/site-packages/airflow/example_dags/tutorial_dag.py for tasks to queue
[2025-04-25T10:55:04.634+0000] {logging_mixin.py:190} INFO - [2025-04-25T10:55:04.634+0000] {dagbag.py:588} INFO - Filling up the DagBag from /home/airflow/.local/lib/python3.12/site-packages/airflow/example_dags/tutorial_dag.py
[2025-04-25T10:55:04.649+0000] {processor.py:925} INFO - DAG(s) 'tutorial_dag' retrieved from /home/airflow/.local/lib/python3.12/site-packages/airflow/example_dags/tutorial_dag.py
[2025-04-25T10:55:04.685+0000] {logging_mixin.py:190} INFO - [2025-04-25T10:55:04.684+0000] {dag.py:3239} INFO - Sync 1 DAGs
[2025-04-25T10:55:04.696+0000] {logging_mixin.py:190} INFO - [2025-04-25T10:55:04.696+0000] {dag.py:4180} INFO - Setting next_dagrun for tutorial_dag to None, run_after=None
[2025-04-25T10:55:04.710+0000] {processor.py:208} INFO - Processing /home/airflow/.local/lib/python3.12/site-packages/airflow/example_dags/tutorial_dag.py took 0.091 seconds
[2025-04-25T10:55:35.325+0000] {processor.py:186} INFO - Started process (PID=1789) to work on /home/airflow/.local/lib/python3.12/site-packages/airflow/example_dags/tutorial_dag.py
[2025-04-25T10:55:35.332+0000] {processor.py:914} INFO - Processing file /home/airflow/.local/lib/python3.12/site-packages/airflow/example_dags/tutorial_dag.py for tasks to queue
[2025-04-25T10:55:35.339+0000] {logging_mixin.py:190} INFO - [2025-04-25T10:55:35.339+0000] {dagbag.py:588} INFO - Filling up the DagBag from /home/airflow/.local/lib/python3.12/site-packages/airflow/example_dags/tutorial_dag.py
[2025-04-25T10:55:35.352+0000] {processor.py:925} INFO - DAG(s) 'tutorial_dag' retrieved from /home/airflow/.local/lib/python3.12/site-packages/airflow/example_dags/tutorial_dag.py
[2025-04-25T10:55:35.407+0000] {logging_mixin.py:190} INFO - [2025-04-25T10:55:35.407+0000] {dag.py:3239} INFO - Sync 1 DAGs
[2025-04-25T10:55:35.427+0000] {logging_mixin.py:190} INFO - [2025-04-25T10:55:35.427+0000] {dag.py:4180} INFO - Setting next_dagrun for tutorial_dag to None, run_after=None
[2025-04-25T10:55:35.443+0000] {processor.py:208} INFO - Processing /home/airflow/.local/lib/python3.12/site-packages/airflow/example_dags/tutorial_dag.py took 0.125 seconds
[2025-04-25T10:56:06.015+0000] {processor.py:186} INFO - Started process (PID=1852) to work on /home/airflow/.local/lib/python3.12/site-packages/airflow/example_dags/tutorial_dag.py
[2025-04-25T10:56:06.019+0000] {processor.py:914} INFO - Processing file /home/airflow/.local/lib/python3.12/site-packages/airflow/example_dags/tutorial_dag.py for tasks to queue
[2025-04-25T10:56:06.027+0000] {logging_mixin.py:190} INFO - [2025-04-25T10:56:06.027+0000] {dagbag.py:588} INFO - Filling up the DagBag from /home/airflow/.local/lib/python3.12/site-packages/airflow/example_dags/tutorial_dag.py
[2025-04-25T10:56:06.056+0000] {processor.py:925} INFO - DAG(s) 'tutorial_dag' retrieved from /home/airflow/.local/lib/python3.12/site-packages/airflow/example_dags/tutorial_dag.py
[2025-04-25T10:56:06.118+0000] {logging_mixin.py:190} INFO - [2025-04-25T10:56:06.117+0000] {dag.py:3239} INFO - Sync 1 DAGs
[2025-04-25T10:56:06.142+0000] {logging_mixin.py:190} INFO - [2025-04-25T10:56:06.141+0000] {dag.py:4180} INFO - Setting next_dagrun for tutorial_dag to None, run_after=None
[2025-04-25T10:56:06.172+0000] {processor.py:208} INFO - Processing /home/airflow/.local/lib/python3.12/site-packages/airflow/example_dags/tutorial_dag.py took 0.199 seconds
[2025-04-25T10:56:36.448+0000] {processor.py:186} INFO - Started process (PID=1914) to work on /home/airflow/.local/lib/python3.12/site-packages/airflow/example_dags/tutorial_dag.py
[2025-04-25T10:56:36.451+0000] {processor.py:914} INFO - Processing file /home/airflow/.local/lib/python3.12/site-packages/airflow/example_dags/tutorial_dag.py for tasks to queue
[2025-04-25T10:56:36.455+0000] {logging_mixin.py:190} INFO - [2025-04-25T10:56:36.454+0000] {dagbag.py:588} INFO - Filling up the DagBag from /home/airflow/.local/lib/python3.12/site-packages/airflow/example_dags/tutorial_dag.py
[2025-04-25T10:56:36.468+0000] {processor.py:925} INFO - DAG(s) 'tutorial_dag' retrieved from /home/airflow/.local/lib/python3.12/site-packages/airflow/example_dags/tutorial_dag.py
[2025-04-25T10:56:36.499+0000] {logging_mixin.py:190} INFO - [2025-04-25T10:56:36.499+0000] {dag.py:3239} INFO - Sync 1 DAGs
[2025-04-25T10:56:36.518+0000] {logging_mixin.py:190} INFO - [2025-04-25T10:56:36.518+0000] {dag.py:4180} INFO - Setting next_dagrun for tutorial_dag to None, run_after=None
[2025-04-25T10:56:36.534+0000] {processor.py:208} INFO - Processing /home/airflow/.local/lib/python3.12/site-packages/airflow/example_dags/tutorial_dag.py took 0.109 seconds
[2025-04-25T10:57:06.711+0000] {processor.py:186} INFO - Started process (PID=1977) to work on /home/airflow/.local/lib/python3.12/site-packages/airflow/example_dags/tutorial_dag.py
[2025-04-25T10:57:06.722+0000] {processor.py:914} INFO - Processing file /home/airflow/.local/lib/python3.12/site-packages/airflow/example_dags/tutorial_dag.py for tasks to queue
[2025-04-25T10:57:06.739+0000] {logging_mixin.py:190} INFO - [2025-04-25T10:57:06.737+0000] {dagbag.py:588} INFO - Filling up the DagBag from /home/airflow/.local/lib/python3.12/site-packages/airflow/example_dags/tutorial_dag.py
[2025-04-25T10:57:06.796+0000] {processor.py:925} INFO - DAG(s) 'tutorial_dag' retrieved from /home/airflow/.local/lib/python3.12/site-packages/airflow/example_dags/tutorial_dag.py
[2025-04-25T10:57:06.883+0000] {logging_mixin.py:190} INFO - [2025-04-25T10:57:06.883+0000] {dag.py:3239} INFO - Sync 1 DAGs
[2025-04-25T10:57:06.904+0000] {logging_mixin.py:190} INFO - [2025-04-25T10:57:06.904+0000] {dag.py:4180} INFO - Setting next_dagrun for tutorial_dag to None, run_after=None
[2025-04-25T10:57:06.947+0000] {processor.py:208} INFO - Processing /home/airflow/.local/lib/python3.12/site-packages/airflow/example_dags/tutorial_dag.py took 0.260 seconds
[2025-04-25T10:57:37.334+0000] {processor.py:186} INFO - Started process (PID=2040) to work on /home/airflow/.local/lib/python3.12/site-packages/airflow/example_dags/tutorial_dag.py
[2025-04-25T10:57:37.338+0000] {processor.py:914} INFO - Processing file /home/airflow/.local/lib/python3.12/site-packages/airflow/example_dags/tutorial_dag.py for tasks to queue
[2025-04-25T10:57:37.350+0000] {logging_mixin.py:190} INFO - [2025-04-25T10:57:37.349+0000] {dagbag.py:588} INFO - Filling up the DagBag from /home/airflow/.local/lib/python3.12/site-packages/airflow/example_dags/tutorial_dag.py
[2025-04-25T10:57:37.368+0000] {processor.py:925} INFO - DAG(s) 'tutorial_dag' retrieved from /home/airflow/.local/lib/python3.12/site-packages/airflow/example_dags/tutorial_dag.py
[2025-04-25T10:57:37.400+0000] {logging_mixin.py:190} INFO - [2025-04-25T10:57:37.400+0000] {dag.py:3239} INFO - Sync 1 DAGs
[2025-04-25T10:57:37.416+0000] {logging_mixin.py:190} INFO - [2025-04-25T10:57:37.416+0000] {dag.py:4180} INFO - Setting next_dagrun for tutorial_dag to None, run_after=None
[2025-04-25T10:57:37.440+0000] {processor.py:208} INFO - Processing /home/airflow/.local/lib/python3.12/site-packages/airflow/example_dags/tutorial_dag.py took 0.118 seconds
[2025-04-25T10:58:08.327+0000] {processor.py:186} INFO - Started process (PID=2101) to work on /home/airflow/.local/lib/python3.12/site-packages/airflow/example_dags/tutorial_dag.py
[2025-04-25T10:58:08.332+0000] {processor.py:914} INFO - Processing file /home/airflow/.local/lib/python3.12/site-packages/airflow/example_dags/tutorial_dag.py for tasks to queue
[2025-04-25T10:58:08.336+0000] {logging_mixin.py:190} INFO - [2025-04-25T10:58:08.336+0000] {dagbag.py:588} INFO - Filling up the DagBag from /home/airflow/.local/lib/python3.12/site-packages/airflow/example_dags/tutorial_dag.py
[2025-04-25T10:58:08.355+0000] {processor.py:925} INFO - DAG(s) 'tutorial_dag' retrieved from /home/airflow/.local/lib/python3.12/site-packages/airflow/example_dags/tutorial_dag.py
[2025-04-25T10:58:08.380+0000] {logging_mixin.py:190} INFO - [2025-04-25T10:58:08.380+0000] {dag.py:3239} INFO - Sync 1 DAGs
[2025-04-25T10:58:08.397+0000] {logging_mixin.py:190} INFO - [2025-04-25T10:58:08.397+0000] {dag.py:4180} INFO - Setting next_dagrun for tutorial_dag to None, run_after=None
[2025-04-25T10:58:08.412+0000] {processor.py:208} INFO - Processing /home/airflow/.local/lib/python3.12/site-packages/airflow/example_dags/tutorial_dag.py took 0.106 seconds
[2025-04-25T10:58:38.614+0000] {processor.py:186} INFO - Started process (PID=2164) to work on /home/airflow/.local/lib/python3.12/site-packages/airflow/example_dags/tutorial_dag.py
[2025-04-25T10:58:38.618+0000] {processor.py:914} INFO - Processing file /home/airflow/.local/lib/python3.12/site-packages/airflow/example_dags/tutorial_dag.py for tasks to queue
[2025-04-25T10:58:38.623+0000] {logging_mixin.py:190} INFO - [2025-04-25T10:58:38.622+0000] {dagbag.py:588} INFO - Filling up the DagBag from /home/airflow/.local/lib/python3.12/site-packages/airflow/example_dags/tutorial_dag.py
[2025-04-25T10:58:38.635+0000] {processor.py:925} INFO - DAG(s) 'tutorial_dag' retrieved from /home/airflow/.local/lib/python3.12/site-packages/airflow/example_dags/tutorial_dag.py
[2025-04-25T10:58:38.672+0000] {logging_mixin.py:190} INFO - [2025-04-25T10:58:38.672+0000] {dag.py:3239} INFO - Sync 1 DAGs
[2025-04-25T10:58:38.682+0000] {logging_mixin.py:190} INFO - [2025-04-25T10:58:38.682+0000] {dag.py:4180} INFO - Setting next_dagrun for tutorial_dag to None, run_after=None
[2025-04-25T10:58:38.698+0000] {processor.py:208} INFO - Processing /home/airflow/.local/lib/python3.12/site-packages/airflow/example_dags/tutorial_dag.py took 0.109 seconds
[2025-04-25T10:59:08.929+0000] {processor.py:186} INFO - Started process (PID=2227) to work on /home/airflow/.local/lib/python3.12/site-packages/airflow/example_dags/tutorial_dag.py
[2025-04-25T10:59:08.932+0000] {processor.py:914} INFO - Processing file /home/airflow/.local/lib/python3.12/site-packages/airflow/example_dags/tutorial_dag.py for tasks to queue
[2025-04-25T10:59:08.937+0000] {logging_mixin.py:190} INFO - [2025-04-25T10:59:08.936+0000] {dagbag.py:588} INFO - Filling up the DagBag from /home/airflow/.local/lib/python3.12/site-packages/airflow/example_dags/tutorial_dag.py
[2025-04-25T10:59:08.954+0000] {processor.py:925} INFO - DAG(s) 'tutorial_dag' retrieved from /home/airflow/.local/lib/python3.12/site-packages/airflow/example_dags/tutorial_dag.py
[2025-04-25T10:59:08.986+0000] {logging_mixin.py:190} INFO - [2025-04-25T10:59:08.986+0000] {dag.py:3239} INFO - Sync 1 DAGs
[2025-04-25T10:59:08.998+0000] {logging_mixin.py:190} INFO - [2025-04-25T10:59:08.998+0000] {dag.py:4180} INFO - Setting next_dagrun for tutorial_dag to None, run_after=None
[2025-04-25T10:59:09.018+0000] {processor.py:208} INFO - Processing /home/airflow/.local/lib/python3.12/site-packages/airflow/example_dags/tutorial_dag.py took 0.101 seconds
[2025-04-25T10:59:39.415+0000] {processor.py:186} INFO - Started process (PID=2290) to work on /home/airflow/.local/lib/python3.12/site-packages/airflow/example_dags/tutorial_dag.py
[2025-04-25T10:59:39.420+0000] {processor.py:914} INFO - Processing file /home/airflow/.local/lib/python3.12/site-packages/airflow/example_dags/tutorial_dag.py for tasks to queue
[2025-04-25T10:59:39.437+0000] {logging_mixin.py:190} INFO - [2025-04-25T10:59:39.436+0000] {dagbag.py:588} INFO - Filling up the DagBag from /home/airflow/.local/lib/python3.12/site-packages/airflow/example_dags/tutorial_dag.py
[2025-04-25T10:59:39.449+0000] {processor.py:925} INFO - DAG(s) 'tutorial_dag' retrieved from /home/airflow/.local/lib/python3.12/site-packages/airflow/example_dags/tutorial_dag.py
[2025-04-25T10:59:39.489+0000] {logging_mixin.py:190} INFO - [2025-04-25T10:59:39.489+0000] {dag.py:3239} INFO - Sync 1 DAGs
[2025-04-25T10:59:39.503+0000] {logging_mixin.py:190} INFO - [2025-04-25T10:59:39.503+0000] {dag.py:4180} INFO - Setting next_dagrun for tutorial_dag to None, run_after=None
[2025-04-25T10:59:39.523+0000] {processor.py:208} INFO - Processing /home/airflow/.local/lib/python3.12/site-packages/airflow/example_dags/tutorial_dag.py took 0.132 seconds
[2025-04-25T11:00:10.467+0000] {processor.py:186} INFO - Started process (PID=2353) to work on /home/airflow/.local/lib/python3.12/site-packages/airflow/example_dags/tutorial_dag.py
[2025-04-25T11:00:10.471+0000] {processor.py:914} INFO - Processing file /home/airflow/.local/lib/python3.12/site-packages/airflow/example_dags/tutorial_dag.py for tasks to queue
[2025-04-25T11:00:10.484+0000] {logging_mixin.py:190} INFO - [2025-04-25T11:00:10.483+0000] {dagbag.py:588} INFO - Filling up the DagBag from /home/airflow/.local/lib/python3.12/site-packages/airflow/example_dags/tutorial_dag.py
[2025-04-25T11:00:10.505+0000] {processor.py:925} INFO - DAG(s) 'tutorial_dag' retrieved from /home/airflow/.local/lib/python3.12/site-packages/airflow/example_dags/tutorial_dag.py
[2025-04-25T11:00:10.556+0000] {logging_mixin.py:190} INFO - [2025-04-25T11:00:10.556+0000] {dag.py:3239} INFO - Sync 1 DAGs
[2025-04-25T11:00:10.573+0000] {logging_mixin.py:190} INFO - [2025-04-25T11:00:10.573+0000] {dag.py:4180} INFO - Setting next_dagrun for tutorial_dag to None, run_after=None
[2025-04-25T11:00:10.598+0000] {processor.py:208} INFO - Processing /home/airflow/.local/lib/python3.12/site-packages/airflow/example_dags/tutorial_dag.py took 0.152 seconds
[2025-04-25T11:00:41.399+0000] {processor.py:186} INFO - Started process (PID=2416) to work on /home/airflow/.local/lib/python3.12/site-packages/airflow/example_dags/tutorial_dag.py
[2025-04-25T11:00:41.402+0000] {processor.py:914} INFO - Processing file /home/airflow/.local/lib/python3.12/site-packages/airflow/example_dags/tutorial_dag.py for tasks to queue
[2025-04-25T11:00:41.406+0000] {logging_mixin.py:190} INFO - [2025-04-25T11:00:41.406+0000] {dagbag.py:588} INFO - Filling up the DagBag from /home/airflow/.local/lib/python3.12/site-packages/airflow/example_dags/tutorial_dag.py
[2025-04-25T11:00:41.426+0000] {processor.py:925} INFO - DAG(s) 'tutorial_dag' retrieved from /home/airflow/.local/lib/python3.12/site-packages/airflow/example_dags/tutorial_dag.py
[2025-04-25T11:00:41.459+0000] {logging_mixin.py:190} INFO - [2025-04-25T11:00:41.458+0000] {dag.py:3239} INFO - Sync 1 DAGs
[2025-04-25T11:00:41.477+0000] {logging_mixin.py:190} INFO - [2025-04-25T11:00:41.477+0000] {dag.py:4180} INFO - Setting next_dagrun for tutorial_dag to None, run_after=None
[2025-04-25T11:00:41.489+0000] {processor.py:208} INFO - Processing /home/airflow/.local/lib/python3.12/site-packages/airflow/example_dags/tutorial_dag.py took 0.110 seconds
[2025-04-25T11:01:12.021+0000] {processor.py:186} INFO - Started process (PID=2479) to work on /home/airflow/.local/lib/python3.12/site-packages/airflow/example_dags/tutorial_dag.py
[2025-04-25T11:01:12.024+0000] {processor.py:914} INFO - Processing file /home/airflow/.local/lib/python3.12/site-packages/airflow/example_dags/tutorial_dag.py for tasks to queue
[2025-04-25T11:01:12.028+0000] {logging_mixin.py:190} INFO - [2025-04-25T11:01:12.027+0000] {dagbag.py:588} INFO - Filling up the DagBag from /home/airflow/.local/lib/python3.12/site-packages/airflow/example_dags/tutorial_dag.py
[2025-04-25T11:01:12.055+0000] {processor.py:925} INFO - DAG(s) 'tutorial_dag' retrieved from /home/airflow/.local/lib/python3.12/site-packages/airflow/example_dags/tutorial_dag.py
[2025-04-25T11:01:12.090+0000] {logging_mixin.py:190} INFO - [2025-04-25T11:01:12.090+0000] {dag.py:3239} INFO - Sync 1 DAGs
[2025-04-25T11:01:12.116+0000] {logging_mixin.py:190} INFO - [2025-04-25T11:01:12.116+0000] {dag.py:4180} INFO - Setting next_dagrun for tutorial_dag to None, run_after=None
[2025-04-25T11:01:12.131+0000] {processor.py:208} INFO - Processing /home/airflow/.local/lib/python3.12/site-packages/airflow/example_dags/tutorial_dag.py took 0.126 seconds
[2025-04-25T11:01:42.282+0000] {processor.py:186} INFO - Started process (PID=2541) to work on /home/airflow/.local/lib/python3.12/site-packages/airflow/example_dags/tutorial_dag.py
[2025-04-25T11:01:42.288+0000] {processor.py:914} INFO - Processing file /home/airflow/.local/lib/python3.12/site-packages/airflow/example_dags/tutorial_dag.py for tasks to queue
[2025-04-25T11:01:42.294+0000] {logging_mixin.py:190} INFO - [2025-04-25T11:01:42.294+0000] {dagbag.py:588} INFO - Filling up the DagBag from /home/airflow/.local/lib/python3.12/site-packages/airflow/example_dags/tutorial_dag.py
[2025-04-25T11:01:42.339+0000] {processor.py:925} INFO - DAG(s) 'tutorial_dag' retrieved from /home/airflow/.local/lib/python3.12/site-packages/airflow/example_dags/tutorial_dag.py
[2025-04-25T11:01:42.392+0000] {logging_mixin.py:190} INFO - [2025-04-25T11:01:42.391+0000] {dag.py:3239} INFO - Sync 1 DAGs
[2025-04-25T11:01:42.430+0000] {logging_mixin.py:190} INFO - [2025-04-25T11:01:42.429+0000] {dag.py:4180} INFO - Setting next_dagrun for tutorial_dag to None, run_after=None
[2025-04-25T11:01:42.468+0000] {processor.py:208} INFO - Processing /home/airflow/.local/lib/python3.12/site-packages/airflow/example_dags/tutorial_dag.py took 0.205 seconds
[2025-04-25T11:02:13.168+0000] {processor.py:186} INFO - Started process (PID=2604) to work on /home/airflow/.local/lib/python3.12/site-packages/airflow/example_dags/tutorial_dag.py
[2025-04-25T11:02:13.170+0000] {processor.py:914} INFO - Processing file /home/airflow/.local/lib/python3.12/site-packages/airflow/example_dags/tutorial_dag.py for tasks to queue
[2025-04-25T11:02:13.176+0000] {logging_mixin.py:190} INFO - [2025-04-25T11:02:13.175+0000] {dagbag.py:588} INFO - Filling up the DagBag from /home/airflow/.local/lib/python3.12/site-packages/airflow/example_dags/tutorial_dag.py
[2025-04-25T11:02:13.199+0000] {processor.py:925} INFO - DAG(s) 'tutorial_dag' retrieved from /home/airflow/.local/lib/python3.12/site-packages/airflow/example_dags/tutorial_dag.py
[2025-04-25T11:02:13.273+0000] {logging_mixin.py:190} INFO - [2025-04-25T11:02:13.272+0000] {dag.py:3239} INFO - Sync 1 DAGs
[2025-04-25T11:02:13.285+0000] {logging_mixin.py:190} INFO - [2025-04-25T11:02:13.285+0000] {dag.py:4180} INFO - Setting next_dagrun for tutorial_dag to None, run_after=None
[2025-04-25T11:02:13.310+0000] {processor.py:208} INFO - Processing /home/airflow/.local/lib/python3.12/site-packages/airflow/example_dags/tutorial_dag.py took 0.170 seconds
[2025-04-25T11:02:52.626+0000] {processor.py:186} INFO - Started process (PID=2666) to work on /home/airflow/.local/lib/python3.12/site-packages/airflow/example_dags/tutorial_dag.py
[2025-04-25T11:02:52.658+0000] {processor.py:914} INFO - Processing file /home/airflow/.local/lib/python3.12/site-packages/airflow/example_dags/tutorial_dag.py for tasks to queue
[2025-04-25T11:02:52.677+0000] {logging_mixin.py:190} INFO - [2025-04-25T11:02:52.674+0000] {dagbag.py:588} INFO - Filling up the DagBag from /home/airflow/.local/lib/python3.12/site-packages/airflow/example_dags/tutorial_dag.py
[2025-04-25T11:02:52.751+0000] {processor.py:925} INFO - DAG(s) 'tutorial_dag' retrieved from /home/airflow/.local/lib/python3.12/site-packages/airflow/example_dags/tutorial_dag.py
[2025-04-25T11:02:53.018+0000] {logging_mixin.py:190} INFO - [2025-04-25T11:02:53.016+0000] {dag.py:3239} INFO - Sync 1 DAGs
[2025-04-25T11:02:53.108+0000] {logging_mixin.py:190} INFO - [2025-04-25T11:02:53.108+0000] {dag.py:4180} INFO - Setting next_dagrun for tutorial_dag to None, run_after=None
[2025-04-25T11:02:53.261+0000] {processor.py:208} INFO - Processing /home/airflow/.local/lib/python3.12/site-packages/airflow/example_dags/tutorial_dag.py took 0.718 seconds
[2025-04-25T11:03:44.686+0000] {processor.py:186} INFO - Started process (PID=2706) to work on /home/airflow/.local/lib/python3.12/site-packages/airflow/example_dags/tutorial_dag.py
[2025-04-25T11:03:44.780+0000] {processor.py:914} INFO - Processing file /home/airflow/.local/lib/python3.12/site-packages/airflow/example_dags/tutorial_dag.py for tasks to queue
[2025-04-25T11:03:44.937+0000] {logging_mixin.py:190} INFO - [2025-04-25T11:03:44.911+0000] {dagbag.py:588} INFO - Filling up the DagBag from /home/airflow/.local/lib/python3.12/site-packages/airflow/example_dags/tutorial_dag.py
[2025-04-25T11:03:45.430+0000] {processor.py:925} INFO - DAG(s) 'tutorial_dag' retrieved from /home/airflow/.local/lib/python3.12/site-packages/airflow/example_dags/tutorial_dag.py
[2025-04-25T11:03:46.468+0000] {logging_mixin.py:190} INFO - [2025-04-25T11:03:46.466+0000] {dag.py:3239} INFO - Sync 1 DAGs
[2025-04-25T11:03:47.130+0000] {logging_mixin.py:190} INFO - [2025-04-25T11:03:47.124+0000] {dag.py:4180} INFO - Setting next_dagrun for tutorial_dag to None, run_after=None
[2025-04-25T11:03:48.078+0000] {processor.py:208} INFO - Processing /home/airflow/.local/lib/python3.12/site-packages/airflow/example_dags/tutorial_dag.py took 3.561 seconds
[2025-04-25T11:11:10.246+0000] {processor.py:186} INFO - Started process (PID=2827) to work on /home/airflow/.local/lib/python3.12/site-packages/airflow/example_dags/tutorial_dag.py
[2025-04-25T11:11:10.254+0000] {processor.py:914} INFO - Processing file /home/airflow/.local/lib/python3.12/site-packages/airflow/example_dags/tutorial_dag.py for tasks to queue
[2025-04-25T11:11:10.256+0000] {logging_mixin.py:190} INFO - [2025-04-25T11:11:10.255+0000] {dagbag.py:588} INFO - Filling up the DagBag from /home/airflow/.local/lib/python3.12/site-packages/airflow/example_dags/tutorial_dag.py
[2025-04-25T11:11:10.560+0000] {processor.py:925} INFO - DAG(s) 'tutorial_dag' retrieved from /home/airflow/.local/lib/python3.12/site-packages/airflow/example_dags/tutorial_dag.py
[2025-04-25T11:11:11.346+0000] {logging_mixin.py:190} INFO - [2025-04-25T11:11:11.327+0000] {dag.py:3239} INFO - Sync 1 DAGs
[2025-04-25T11:11:11.775+0000] {logging_mixin.py:190} INFO - [2025-04-25T11:11:11.762+0000] {dag.py:4180} INFO - Setting next_dagrun for tutorial_dag to None, run_after=None
[2025-04-25T11:11:12.473+0000] {processor.py:208} INFO - Processing /home/airflow/.local/lib/python3.12/site-packages/airflow/example_dags/tutorial_dag.py took 2.273 seconds
[2025-04-25T11:15:15.521+0000] {processor.py:186} INFO - Started process (PID=2887) to work on /home/airflow/.local/lib/python3.12/site-packages/airflow/example_dags/tutorial_dag.py
[2025-04-25T11:15:15.646+0000] {processor.py:914} INFO - Processing file /home/airflow/.local/lib/python3.12/site-packages/airflow/example_dags/tutorial_dag.py for tasks to queue
[2025-04-25T11:15:15.790+0000] {logging_mixin.py:190} INFO - [2025-04-25T11:15:15.735+0000] {dagbag.py:588} INFO - Filling up the DagBag from /home/airflow/.local/lib/python3.12/site-packages/airflow/example_dags/tutorial_dag.py
[2025-04-25T11:15:17.030+0000] {processor.py:925} INFO - DAG(s) 'tutorial_dag' retrieved from /home/airflow/.local/lib/python3.12/site-packages/airflow/example_dags/tutorial_dag.py
[2025-04-25T11:15:19.217+0000] {logging_mixin.py:190} INFO - [2025-04-25T11:15:19.186+0000] {dag.py:3239} INFO - Sync 1 DAGs
[2025-04-25T11:15:19.668+0000] {logging_mixin.py:190} INFO - [2025-04-25T11:15:19.665+0000] {dag.py:4180} INFO - Setting next_dagrun for tutorial_dag to None, run_after=None
[2025-04-25T11:15:21.779+0000] {processor.py:208} INFO - Processing /home/airflow/.local/lib/python3.12/site-packages/airflow/example_dags/tutorial_dag.py took 6.727 seconds
[2025-04-25T11:20:11.321+0000] {processor.py:186} INFO - Started process (PID=2995) to work on /home/airflow/.local/lib/python3.12/site-packages/airflow/example_dags/tutorial_dag.py
[2025-04-25T11:20:11.340+0000] {processor.py:914} INFO - Processing file /home/airflow/.local/lib/python3.12/site-packages/airflow/example_dags/tutorial_dag.py for tasks to queue
[2025-04-25T11:20:11.353+0000] {logging_mixin.py:190} INFO - [2025-04-25T11:20:11.350+0000] {dagbag.py:588} INFO - Filling up the DagBag from /home/airflow/.local/lib/python3.12/site-packages/airflow/example_dags/tutorial_dag.py
[2025-04-25T11:20:11.629+0000] {processor.py:925} INFO - DAG(s) 'tutorial_dag' retrieved from /home/airflow/.local/lib/python3.12/site-packages/airflow/example_dags/tutorial_dag.py
[2025-04-25T11:20:12.562+0000] {logging_mixin.py:190} INFO - [2025-04-25T11:20:12.531+0000] {dag.py:3239} INFO - Sync 1 DAGs
[2025-04-25T11:20:12.763+0000] {logging_mixin.py:190} INFO - [2025-04-25T11:20:12.758+0000] {dag.py:4180} INFO - Setting next_dagrun for tutorial_dag to None, run_after=None
[2025-04-25T11:20:13.654+0000] {processor.py:208} INFO - Processing /home/airflow/.local/lib/python3.12/site-packages/airflow/example_dags/tutorial_dag.py took 2.418 seconds
[2025-04-25T11:21:07.313+0000] {processor.py:186} INFO - Started process (PID=3049) to work on /home/airflow/.local/lib/python3.12/site-packages/airflow/example_dags/tutorial_dag.py
[2025-04-25T11:21:07.317+0000] {processor.py:914} INFO - Processing file /home/airflow/.local/lib/python3.12/site-packages/airflow/example_dags/tutorial_dag.py for tasks to queue
[2025-04-25T11:21:07.347+0000] {logging_mixin.py:190} INFO - [2025-04-25T11:21:07.346+0000] {dagbag.py:588} INFO - Filling up the DagBag from /home/airflow/.local/lib/python3.12/site-packages/airflow/example_dags/tutorial_dag.py
[2025-04-25T11:21:07.395+0000] {processor.py:925} INFO - DAG(s) 'tutorial_dag' retrieved from /home/airflow/.local/lib/python3.12/site-packages/airflow/example_dags/tutorial_dag.py
[2025-04-25T11:21:07.509+0000] {logging_mixin.py:190} INFO - [2025-04-25T11:21:07.508+0000] {dag.py:3239} INFO - Sync 1 DAGs
[2025-04-25T11:21:07.557+0000] {logging_mixin.py:190} INFO - [2025-04-25T11:21:07.556+0000] {dag.py:4180} INFO - Setting next_dagrun for tutorial_dag to None, run_after=None
[2025-04-25T11:21:07.594+0000] {processor.py:208} INFO - Processing /home/airflow/.local/lib/python3.12/site-packages/airflow/example_dags/tutorial_dag.py took 0.288 seconds
[2025-04-25T11:21:38.204+0000] {processor.py:186} INFO - Started process (PID=3110) to work on /home/airflow/.local/lib/python3.12/site-packages/airflow/example_dags/tutorial_dag.py
[2025-04-25T11:21:38.207+0000] {processor.py:914} INFO - Processing file /home/airflow/.local/lib/python3.12/site-packages/airflow/example_dags/tutorial_dag.py for tasks to queue
[2025-04-25T11:21:38.212+0000] {logging_mixin.py:190} INFO - [2025-04-25T11:21:38.210+0000] {dagbag.py:588} INFO - Filling up the DagBag from /home/airflow/.local/lib/python3.12/site-packages/airflow/example_dags/tutorial_dag.py
[2025-04-25T11:21:38.246+0000] {processor.py:925} INFO - DAG(s) 'tutorial_dag' retrieved from /home/airflow/.local/lib/python3.12/site-packages/airflow/example_dags/tutorial_dag.py
[2025-04-25T11:21:38.328+0000] {logging_mixin.py:190} INFO - [2025-04-25T11:21:38.328+0000] {dag.py:3239} INFO - Sync 1 DAGs
[2025-04-25T11:21:38.347+0000] {logging_mixin.py:190} INFO - [2025-04-25T11:21:38.346+0000] {dag.py:4180} INFO - Setting next_dagrun for tutorial_dag to None, run_after=None
[2025-04-25T11:21:38.443+0000] {processor.py:208} INFO - Processing /home/airflow/.local/lib/python3.12/site-packages/airflow/example_dags/tutorial_dag.py took 0.245 seconds
[2025-04-25T11:22:08.618+0000] {processor.py:186} INFO - Started process (PID=3171) to work on /home/airflow/.local/lib/python3.12/site-packages/airflow/example_dags/tutorial_dag.py
[2025-04-25T11:22:08.621+0000] {processor.py:914} INFO - Processing file /home/airflow/.local/lib/python3.12/site-packages/airflow/example_dags/tutorial_dag.py for tasks to queue
[2025-04-25T11:22:08.624+0000] {logging_mixin.py:190} INFO - [2025-04-25T11:22:08.623+0000] {dagbag.py:588} INFO - Filling up the DagBag from /home/airflow/.local/lib/python3.12/site-packages/airflow/example_dags/tutorial_dag.py
[2025-04-25T11:22:08.672+0000] {processor.py:925} INFO - DAG(s) 'tutorial_dag' retrieved from /home/airflow/.local/lib/python3.12/site-packages/airflow/example_dags/tutorial_dag.py
[2025-04-25T11:22:08.736+0000] {logging_mixin.py:190} INFO - [2025-04-25T11:22:08.736+0000] {dag.py:3239} INFO - Sync 1 DAGs
[2025-04-25T11:22:08.767+0000] {logging_mixin.py:190} INFO - [2025-04-25T11:22:08.767+0000] {dag.py:4180} INFO - Setting next_dagrun for tutorial_dag to None, run_after=None
[2025-04-25T11:22:08.798+0000] {processor.py:208} INFO - Processing /home/airflow/.local/lib/python3.12/site-packages/airflow/example_dags/tutorial_dag.py took 0.192 seconds
[2025-04-25T11:22:47.275+0000] {processor.py:186} INFO - Started process (PID=3215) to work on /home/airflow/.local/lib/python3.12/site-packages/airflow/example_dags/tutorial_dag.py
[2025-04-25T11:22:47.283+0000] {processor.py:914} INFO - Processing file /home/airflow/.local/lib/python3.12/site-packages/airflow/example_dags/tutorial_dag.py for tasks to queue
[2025-04-25T11:22:47.323+0000] {logging_mixin.py:190} INFO - [2025-04-25T11:22:47.291+0000] {dagbag.py:588} INFO - Filling up the DagBag from /home/airflow/.local/lib/python3.12/site-packages/airflow/example_dags/tutorial_dag.py
[2025-04-25T11:22:47.496+0000] {processor.py:925} INFO - DAG(s) 'tutorial_dag' retrieved from /home/airflow/.local/lib/python3.12/site-packages/airflow/example_dags/tutorial_dag.py
[2025-04-25T11:22:47.864+0000] {logging_mixin.py:190} INFO - [2025-04-25T11:22:47.832+0000] {dag.py:3239} INFO - Sync 1 DAGs
[2025-04-25T11:22:52.498+0000] {logging_mixin.py:190} INFO - [2025-04-25T11:22:52.496+0000] {dag.py:4180} INFO - Setting next_dagrun for tutorial_dag to None, run_after=None
[2025-04-25T11:22:52.595+0000] {processor.py:208} INFO - Processing /home/airflow/.local/lib/python3.12/site-packages/airflow/example_dags/tutorial_dag.py took 5.411 seconds
[2025-04-25T11:23:27.161+0000] {processor.py:186} INFO - Started process (PID=3277) to work on /home/airflow/.local/lib/python3.12/site-packages/airflow/example_dags/tutorial_dag.py
[2025-04-25T11:23:27.185+0000] {processor.py:914} INFO - Processing file /home/airflow/.local/lib/python3.12/site-packages/airflow/example_dags/tutorial_dag.py for tasks to queue
[2025-04-25T11:23:27.189+0000] {logging_mixin.py:190} INFO - [2025-04-25T11:23:27.189+0000] {dagbag.py:588} INFO - Filling up the DagBag from /home/airflow/.local/lib/python3.12/site-packages/airflow/example_dags/tutorial_dag.py
[2025-04-25T11:23:27.218+0000] {processor.py:925} INFO - DAG(s) 'tutorial_dag' retrieved from /home/airflow/.local/lib/python3.12/site-packages/airflow/example_dags/tutorial_dag.py
[2025-04-25T11:23:27.276+0000] {logging_mixin.py:190} INFO - [2025-04-25T11:23:27.275+0000] {dag.py:3239} INFO - Sync 1 DAGs
[2025-04-25T11:23:27.937+0000] {logging_mixin.py:190} INFO - [2025-04-25T11:23:27.935+0000] {dag.py:4180} INFO - Setting next_dagrun for tutorial_dag to None, run_after=None
[2025-04-25T11:23:28.030+0000] {processor.py:208} INFO - Processing /home/airflow/.local/lib/python3.12/site-packages/airflow/example_dags/tutorial_dag.py took 0.873 seconds
