[2025-04-26T11:28:14.890+0000] {local_task_job_runner.py:123} INFO - ::group::Pre task execution logs
[2025-04-26T11:28:14.898+0000] {taskinstance.py:2614} INFO - Dependencies all met for dep_context=non-requeueable deps ti=<TaskInstance: fetch_and_store_amazon_books.create_table manual__2025-04-26T11:28:10.158364+00:00 [queued]>
[2025-04-26T11:28:14.901+0000] {taskinstance.py:2614} INFO - Dependencies all met for dep_context=requeueable deps ti=<TaskInstance: fetch_and_store_amazon_books.create_table manual__2025-04-26T11:28:10.158364+00:00 [queued]>
[2025-04-26T11:28:14.901+0000] {taskinstance.py:2867} INFO - Starting attempt 1 of 2
[2025-04-26T11:28:14.910+0000] {taskinstance.py:2890} INFO - Executing <Task(SQLExecuteQueryOperator): create_table> on 2025-04-26 11:28:10.158364+00:00
[2025-04-26T11:28:14.919+0000] {warnings.py:112} WARNING - /home/***/.local/lib/python3.12/site-packages/***/task/task_runner/standard_task_runner.py:70: DeprecationWarning: This process (pid=443) is multi-threaded, use of fork() may lead to deadlocks in the child.
  pid = os.fork()

[2025-04-26T11:28:14.920+0000] {standard_task_runner.py:72} INFO - Started process 444 to run task
[2025-04-26T11:28:14.921+0000] {standard_task_runner.py:104} INFO - Running: ['***', 'tasks', 'run', 'fetch_and_store_amazon_books', 'create_table', 'manual__2025-04-26T11:28:10.158364+00:00', '--job-id', '26', '--raw', '--subdir', 'DAGS_FOLDER/dag.py', '--cfg-path', '/tmp/tmptmzksti7']
[2025-04-26T11:28:14.921+0000] {standard_task_runner.py:105} INFO - Job 26: Subtask create_table
[2025-04-26T11:28:14.947+0000] {task_command.py:467} INFO - Running <TaskInstance: fetch_and_store_amazon_books.create_table manual__2025-04-26T11:28:10.158364+00:00 [running]> on host 8126dadb0889
[2025-04-26T11:28:14.982+0000] {taskinstance.py:3134} INFO - Exporting env vars: AIRFLOW_CTX_DAG_OWNER='***' AIRFLOW_CTX_DAG_ID='fetch_and_store_amazon_books' AIRFLOW_CTX_TASK_ID='create_table' AIRFLOW_CTX_EXECUTION_DATE='2025-04-26T11:28:10.158364+00:00' AIRFLOW_CTX_TRY_NUMBER='1' AIRFLOW_CTX_DAG_RUN_ID='manual__2025-04-26T11:28:10.158364+00:00'
[2025-04-26T11:28:14.983+0000] {logging_mixin.py:190} INFO - Task instance is in running state
[2025-04-26T11:28:14.983+0000] {logging_mixin.py:190} INFO -  Previous state of the Task instance: queued
[2025-04-26T11:28:14.983+0000] {logging_mixin.py:190} INFO - Current task name:create_table state:running start_date:2025-04-26 11:28:14.898259+00:00
[2025-04-26T11:28:14.983+0000] {logging_mixin.py:190} INFO - Dag name:fetch_and_store_amazon_books and current dag run status:running
[2025-04-26T11:28:14.983+0000] {taskinstance.py:732} INFO - ::endgroup::
[2025-04-26T11:28:14.983+0000] {sql.py:295} INFO - Executing: 
    CREATE TABLE IF NOT EXISTS books (
        id SERIAL PRIMARY KEY,
        title TEXT NOT NULL,
        authors TEXT,
        price TEXT,
        rating TEXT
    );
    
[2025-04-26T11:28:14.986+0000] {base.py:84} INFO - Retrieving connection 'books_connection'
[2025-04-26T11:28:14.990+0000] {base.py:84} INFO - Retrieving connection 'books_connection'
[2025-04-26T11:28:14.992+0000] {sql.py:511} INFO - Running statement: 
    CREATE TABLE IF NOT EXISTS books (
        id SERIAL PRIMARY KEY,
        title TEXT NOT NULL,
        authors TEXT,
        price TEXT,
        rating TEXT
    );
    , parameters: None
[2025-04-26T11:28:15.011+0000] {warnings.py:112} WARNING - /home/***/.local/lib/python3.12/site-packages/***/providers/common/sql/hooks/sql.py:470: DeprecationWarning: Import of fetch_all_handler from the '***.providers.common.sql.hooks' module is deprecated and will
be removed in the future. Please import it from '***.providers.common.sql.hooks.handlers'.
  result = self._make_common_data_structure(handler(cur))

[2025-04-26T11:28:15.012+0000] {warnings.py:112} WARNING - /home/***/.local/lib/python3.12/site-packages/***/providers/common/sql/hooks/sql.py:471: DeprecationWarning: Import of return_single_query_results from the '***.providers.common.sql.hooks' module is deprecated and will
be removed in the future. Please import it from '***.providers.common.sql.hooks.handlers'.
  if return_single_query_results(sql, return_last, split_statements):

[2025-04-26T11:28:15.013+0000] {warnings.py:112} WARNING - /home/***/.local/lib/python3.12/site-packages/***/providers/common/sql/hooks/sql.py:486: DeprecationWarning: Import of return_single_query_results from the '***.providers.common.sql.hooks' module is deprecated and will
be removed in the future. Please import it from '***.providers.common.sql.hooks.handlers'.
  if return_single_query_results(sql, return_last, split_statements):

[2025-04-26T11:28:15.013+0000] {warnings.py:112} WARNING - /home/***/.local/lib/python3.12/site-packages/***/providers/common/sql/operators/sql.py:311: DeprecationWarning: Import of return_single_query_results from the '***.providers.common.sql.hooks' module is deprecated and will
be removed in the future. Please import it from '***.providers.common.sql.hooks.handlers'.
  if return_single_query_results(self.sql, self.return_last, self.split_statements):

[2025-04-26T11:28:15.017+0000] {taskinstance.py:341} INFO - ::group::Post task execution logs
[2025-04-26T11:28:15.017+0000] {taskinstance.py:353} INFO - Marking task as SUCCESS. dag_id=fetch_and_store_amazon_books, task_id=create_table, run_id=manual__2025-04-26T11:28:10.158364+00:00, execution_date=20250426T112810, start_date=20250426T112814, end_date=20250426T112815
[2025-04-26T11:28:15.024+0000] {logging_mixin.py:190} INFO - Task instance in success state
[2025-04-26T11:28:15.024+0000] {logging_mixin.py:190} INFO -  Previous state of the Task instance: running
[2025-04-26T11:28:15.024+0000] {logging_mixin.py:190} INFO - Dag name:fetch_and_store_amazon_books queued_at:2025-04-26 11:28:10.190364+00:00
[2025-04-26T11:28:15.024+0000] {logging_mixin.py:190} INFO - Task hostname:8126dadb0889 operator:SQLExecuteQueryOperator
[2025-04-26T11:28:15.061+0000] {local_task_job_runner.py:266} INFO - Task exited with return code 0
[2025-04-26T11:28:15.073+0000] {taskinstance.py:3901} INFO - 1 downstream tasks scheduled from follow-on schedule check
[2025-04-26T11:28:15.074+0000] {local_task_job_runner.py:245} INFO - ::endgroup::
